<testsuites id="" name="" tests="12" failures="12" skipped="0" errors="0" time="37.402591">
<testsuite name="visual-regression.spec.ts" timestamp="2026-01-04T23:43:20.993Z" hostname="chromium" tests="12" failures="12" skipped="0" time="203.192" errors="0">
<testcase name="Visual Regression Tests › dashboard overview visual consistency" classname="visual-regression.spec.ts" time="17.495">
<failure message="visual-regression.spec.ts:23:3 dashboard overview visual consistency" type="FAILURE">
<![CDATA[  [chromium] › visual-regression.spec.ts:23:3 › Visual Regression Tests › dashboard overview visual consistency 

    TimeoutError: page.fill: Timeout 15000ms exceeded.
    Call log:
      - waiting for locator('[data-testid="email"]')


      14 |         // Login as admin user for consistent visual state
      15 |         await page.goto('/login');
    > 16 |         await page.fill('[data-testid="email"]', 'admin@testenterprise.com');
         |                    ^
      17 |         await page.fill('[data-testid="password"]', 'AdminPass123!');
      18 |         await page.click('[data-testid="login-button"]');
      19 |         await expect(page.locator('[data-testid="dashboard-overview"]')).toBeVisible();
        at /Users/piotrwisniewski/Documents/Antygracity/DRD/consultify/tests/e2e/visual-regression.spec.ts:16:20

    attachment #1: screenshot (image/png) ──────────────────────────────────────────────────────────
    ../../test-results/visual-regression-Visual-R-de11a-overview-visual-consistency-chromium/test-failed-1.png
    ────────────────────────────────────────────────────────────────────────────────────────────────

    Error Context: ../../test-results/visual-regression-Visual-R-de11a-overview-visual-consistency-chromium/error-context.md

    attachment #3: trace (application/zip) ─────────────────────────────────────────────────────────
    ../../test-results/visual-regression-Visual-R-de11a-overview-visual-consistency-chromium/trace.zip
    Usage:

        npx playwright show-trace ../../test-results/visual-regression-Visual-R-de11a-overview-visual-consistency-chromium/trace.zip

    ────────────────────────────────────────────────────────────────────────────────────────────────
]]>
</failure>
<system-out>
<![CDATA[
[[ATTACHMENT|test-results/visual-regression-Visual-R-de11a-overview-visual-consistency-chromium/test-failed-1.png]]

[[ATTACHMENT|test-results/visual-regression-Visual-R-de11a-overview-visual-consistency-chromium/error-context.md]]

[[ATTACHMENT|test-results/visual-regression-Visual-R-de11a-overview-visual-consistency-chromium/trace.zip]]
]]>
</system-out>
</testcase>
<testcase name="Visual Regression Tests › task inbox visual regression" classname="visual-regression.spec.ts" time="16.852">
<failure message="visual-regression.spec.ts:48:3 task inbox visual regression" type="FAILURE">
<![CDATA[  [chromium] › visual-regression.spec.ts:48:3 › Visual Regression Tests › task inbox visual regression 

    TimeoutError: page.fill: Timeout 15000ms exceeded.
    Call log:
      - waiting for locator('[data-testid="email"]')


      14 |         // Login as admin user for consistent visual state
      15 |         await page.goto('/login');
    > 16 |         await page.fill('[data-testid="email"]', 'admin@testenterprise.com');
         |                    ^
      17 |         await page.fill('[data-testid="password"]', 'AdminPass123!');
      18 |         await page.click('[data-testid="login-button"]');
      19 |         await expect(page.locator('[data-testid="dashboard-overview"]')).toBeVisible();
        at /Users/piotrwisniewski/Documents/Antygracity/DRD/consultify/tests/e2e/visual-regression.spec.ts:16:20

    attachment #1: screenshot (image/png) ──────────────────────────────────────────────────────────
    ../../test-results/visual-regression-Visual-R-2db2a-ask-inbox-visual-regression-chromium/test-failed-1.png
    ────────────────────────────────────────────────────────────────────────────────────────────────

    Error Context: ../../test-results/visual-regression-Visual-R-2db2a-ask-inbox-visual-regression-chromium/error-context.md

    attachment #3: trace (application/zip) ─────────────────────────────────────────────────────────
    ../../test-results/visual-regression-Visual-R-2db2a-ask-inbox-visual-regression-chromium/trace.zip
    Usage:

        npx playwright show-trace ../../test-results/visual-regression-Visual-R-2db2a-ask-inbox-visual-regression-chromium/trace.zip

    ────────────────────────────────────────────────────────────────────────────────────────────────
]]>
</failure>
<system-out>
<![CDATA[
[[ATTACHMENT|test-results/visual-regression-Visual-R-2db2a-ask-inbox-visual-regression-chromium/test-failed-1.png]]

[[ATTACHMENT|test-results/visual-regression-Visual-R-2db2a-ask-inbox-visual-regression-chromium/error-context.md]]

[[ATTACHMENT|test-results/visual-regression-Visual-R-2db2a-ask-inbox-visual-regression-chromium/trace.zip]]
]]>
</system-out>
</testcase>
<testcase name="Visual Regression Tests › assessment workflow visual regression" classname="visual-regression.spec.ts" time="16.681">
<failure message="visual-regression.spec.ts:87:3 assessment workflow visual regression" type="FAILURE">
<![CDATA[  [chromium] › visual-regression.spec.ts:87:3 › Visual Regression Tests › assessment workflow visual regression 

    TimeoutError: page.fill: Timeout 15000ms exceeded.
    Call log:
      - waiting for locator('[data-testid="email"]')


      14 |         // Login as admin user for consistent visual state
      15 |         await page.goto('/login');
    > 16 |         await page.fill('[data-testid="email"]', 'admin@testenterprise.com');
         |                    ^
      17 |         await page.fill('[data-testid="password"]', 'AdminPass123!');
      18 |         await page.click('[data-testid="login-button"]');
      19 |         await expect(page.locator('[data-testid="dashboard-overview"]')).toBeVisible();
        at /Users/piotrwisniewski/Documents/Antygracity/DRD/consultify/tests/e2e/visual-regression.spec.ts:16:20

    attachment #1: screenshot (image/png) ──────────────────────────────────────────────────────────
    ../../test-results/visual-regression-Visual-R-1090a--workflow-visual-regression-chromium/test-failed-1.png
    ────────────────────────────────────────────────────────────────────────────────────────────────

    Error Context: ../../test-results/visual-regression-Visual-R-1090a--workflow-visual-regression-chromium/error-context.md

    attachment #3: trace (application/zip) ─────────────────────────────────────────────────────────
    ../../test-results/visual-regression-Visual-R-1090a--workflow-visual-regression-chromium/trace.zip
    Usage:

        npx playwright show-trace ../../test-results/visual-regression-Visual-R-1090a--workflow-visual-regression-chromium/trace.zip

    ────────────────────────────────────────────────────────────────────────────────────────────────
]]>
</failure>
<system-out>
<![CDATA[
[[ATTACHMENT|test-results/visual-regression-Visual-R-1090a--workflow-visual-regression-chromium/test-failed-1.png]]

[[ATTACHMENT|test-results/visual-regression-Visual-R-1090a--workflow-visual-regression-chromium/error-context.md]]

[[ATTACHMENT|test-results/visual-regression-Visual-R-1090a--workflow-visual-regression-chromium/trace.zip]]
]]>
</system-out>
</testcase>
<testcase name="Visual Regression Tests › admin panel visual consistency" classname="visual-regression.spec.ts" time="18.137">
<failure message="visual-regression.spec.ts:116:3 admin panel visual consistency" type="FAILURE">
<![CDATA[  [chromium] › visual-regression.spec.ts:116:3 › Visual Regression Tests › admin panel visual consistency 

    TimeoutError: page.fill: Timeout 15000ms exceeded.
    Call log:
      - waiting for locator('[data-testid="email"]')


      14 |         // Login as admin user for consistent visual state
      15 |         await page.goto('/login');
    > 16 |         await page.fill('[data-testid="email"]', 'admin@testenterprise.com');
         |                    ^
      17 |         await page.fill('[data-testid="password"]', 'AdminPass123!');
      18 |         await page.click('[data-testid="login-button"]');
      19 |         await expect(page.locator('[data-testid="dashboard-overview"]')).toBeVisible();
        at /Users/piotrwisniewski/Documents/Antygracity/DRD/consultify/tests/e2e/visual-regression.spec.ts:16:20

    attachment #1: screenshot (image/png) ──────────────────────────────────────────────────────────
    ../../test-results/visual-regression-Visual-R-381ea-in-panel-visual-consistency-chromium/test-failed-1.png
    ────────────────────────────────────────────────────────────────────────────────────────────────

    Error Context: ../../test-results/visual-regression-Visual-R-381ea-in-panel-visual-consistency-chromium/error-context.md

    attachment #3: trace (application/zip) ─────────────────────────────────────────────────────────
    ../../test-results/visual-regression-Visual-R-381ea-in-panel-visual-consistency-chromium/trace.zip
    Usage:

        npx playwright show-trace ../../test-results/visual-regression-Visual-R-381ea-in-panel-visual-consistency-chromium/trace.zip

    ────────────────────────────────────────────────────────────────────────────────────────────────
]]>
</failure>
<system-out>
<![CDATA[
[[ATTACHMENT|test-results/visual-regression-Visual-R-381ea-in-panel-visual-consistency-chromium/test-failed-1.png]]

[[ATTACHMENT|test-results/visual-regression-Visual-R-381ea-in-panel-visual-consistency-chromium/error-context.md]]

[[ATTACHMENT|test-results/visual-regression-Visual-R-381ea-in-panel-visual-consistency-chromium/trace.zip]]
]]>
</system-out>
</testcase>
<testcase name="Visual Regression Tests › settings panel visual regression" classname="visual-regression.spec.ts" time="17.259">
<failure message="visual-regression.spec.ts:149:3 settings panel visual regression" type="FAILURE">
<![CDATA[  [chromium] › visual-regression.spec.ts:149:3 › Visual Regression Tests › settings panel visual regression 

    TimeoutError: page.fill: Timeout 15000ms exceeded.
    Call log:
      - waiting for locator('[data-testid="email"]')


      14 |         // Login as admin user for consistent visual state
      15 |         await page.goto('/login');
    > 16 |         await page.fill('[data-testid="email"]', 'admin@testenterprise.com');
         |                    ^
      17 |         await page.fill('[data-testid="password"]', 'AdminPass123!');
      18 |         await page.click('[data-testid="login-button"]');
      19 |         await expect(page.locator('[data-testid="dashboard-overview"]')).toBeVisible();
        at /Users/piotrwisniewski/Documents/Antygracity/DRD/consultify/tests/e2e/visual-regression.spec.ts:16:20

    attachment #1: screenshot (image/png) ──────────────────────────────────────────────────────────
    ../../test-results/visual-regression-Visual-R-2b328-ngs-panel-visual-regression-chromium/test-failed-1.png
    ────────────────────────────────────────────────────────────────────────────────────────────────

    Error Context: ../../test-results/visual-regression-Visual-R-2b328-ngs-panel-visual-regression-chromium/error-context.md

    attachment #3: trace (application/zip) ─────────────────────────────────────────────────────────
    ../../test-results/visual-regression-Visual-R-2b328-ngs-panel-visual-regression-chromium/trace.zip
    Usage:

        npx playwright show-trace ../../test-results/visual-regression-Visual-R-2b328-ngs-panel-visual-regression-chromium/trace.zip

    ────────────────────────────────────────────────────────────────────────────────────────────────
]]>
</failure>
<system-out>
<![CDATA[
[[ATTACHMENT|test-results/visual-regression-Visual-R-2b328-ngs-panel-visual-regression-chromium/test-failed-1.png]]

[[ATTACHMENT|test-results/visual-regression-Visual-R-2b328-ngs-panel-visual-regression-chromium/error-context.md]]

[[ATTACHMENT|test-results/visual-regression-Visual-R-2b328-ngs-panel-visual-regression-chromium/trace.zip]]
]]>
</system-out>
</testcase>
<testcase name="Visual Regression Tests › error states visual regression" classname="visual-regression.spec.ts" time="18.57">
<failure message="visual-regression.spec.ts:182:3 error states visual regression" type="FAILURE">
<![CDATA[  [chromium] › visual-regression.spec.ts:182:3 › Visual Regression Tests › error states visual regression 

    TimeoutError: page.fill: Timeout 15000ms exceeded.
    Call log:
      - waiting for locator('[data-testid="email"]')


      14 |         // Login as admin user for consistent visual state
      15 |         await page.goto('/login');
    > 16 |         await page.fill('[data-testid="email"]', 'admin@testenterprise.com');
         |                    ^
      17 |         await page.fill('[data-testid="password"]', 'AdminPass123!');
      18 |         await page.click('[data-testid="login-button"]');
      19 |         await expect(page.locator('[data-testid="dashboard-overview"]')).toBeVisible();
        at /Users/piotrwisniewski/Documents/Antygracity/DRD/consultify/tests/e2e/visual-regression.spec.ts:16:20

    attachment #1: screenshot (image/png) ──────────────────────────────────────────────────────────
    ../../test-results/visual-regression-Visual-R-51a72-or-states-visual-regression-chromium/test-failed-1.png
    ────────────────────────────────────────────────────────────────────────────────────────────────

    Error Context: ../../test-results/visual-regression-Visual-R-51a72-or-states-visual-regression-chromium/error-context.md

    attachment #3: trace (application/zip) ─────────────────────────────────────────────────────────
    ../../test-results/visual-regression-Visual-R-51a72-or-states-visual-regression-chromium/trace.zip
    Usage:

        npx playwright show-trace ../../test-results/visual-regression-Visual-R-51a72-or-states-visual-regression-chromium/trace.zip

    ────────────────────────────────────────────────────────────────────────────────────────────────
]]>
</failure>
<system-out>
<![CDATA[
[[ATTACHMENT|test-results/visual-regression-Visual-R-51a72-or-states-visual-regression-chromium/test-failed-1.png]]

[[ATTACHMENT|test-results/visual-regression-Visual-R-51a72-or-states-visual-regression-chromium/error-context.md]]

[[ATTACHMENT|test-results/visual-regression-Visual-R-51a72-or-states-visual-regression-chromium/trace.zip]]
]]>
</system-out>
</testcase>
<testcase name="Visual Regression Tests › responsive design visual regression" classname="visual-regression.spec.ts" time="16.818">
<failure message="visual-regression.spec.ts:209:3 responsive design visual regression" type="FAILURE">
<![CDATA[  [chromium] › visual-regression.spec.ts:209:3 › Visual Regression Tests › responsive design visual regression 

    TimeoutError: page.fill: Timeout 15000ms exceeded.
    Call log:
      - waiting for locator('[data-testid="email"]')


      14 |         // Login as admin user for consistent visual state
      15 |         await page.goto('/login');
    > 16 |         await page.fill('[data-testid="email"]', 'admin@testenterprise.com');
         |                    ^
      17 |         await page.fill('[data-testid="password"]', 'AdminPass123!');
      18 |         await page.click('[data-testid="login-button"]');
      19 |         await expect(page.locator('[data-testid="dashboard-overview"]')).toBeVisible();
        at /Users/piotrwisniewski/Documents/Antygracity/DRD/consultify/tests/e2e/visual-regression.spec.ts:16:20

    attachment #1: screenshot (image/png) ──────────────────────────────────────────────────────────
    ../../test-results/visual-regression-Visual-R-b90b6-ve-design-visual-regression-chromium/test-failed-1.png
    ────────────────────────────────────────────────────────────────────────────────────────────────

    Error Context: ../../test-results/visual-regression-Visual-R-b90b6-ve-design-visual-regression-chromium/error-context.md

    attachment #3: trace (application/zip) ─────────────────────────────────────────────────────────
    ../../test-results/visual-regression-Visual-R-b90b6-ve-design-visual-regression-chromium/trace.zip
    Usage:

        npx playwright show-trace ../../test-results/visual-regression-Visual-R-b90b6-ve-design-visual-regression-chromium/trace.zip

    ────────────────────────────────────────────────────────────────────────────────────────────────
]]>
</failure>
<system-out>
<![CDATA[
[[ATTACHMENT|test-results/visual-regression-Visual-R-b90b6-ve-design-visual-regression-chromium/test-failed-1.png]]

[[ATTACHMENT|test-results/visual-regression-Visual-R-b90b6-ve-design-visual-regression-chromium/error-context.md]]

[[ATTACHMENT|test-results/visual-regression-Visual-R-b90b6-ve-design-visual-regression-chromium/trace.zip]]
]]>
</system-out>
</testcase>
<testcase name="Visual Regression Tests › loading states visual regression" classname="visual-regression.spec.ts" time="17.467">
<failure message="visual-regression.spec.ts:247:3 loading states visual regression" type="FAILURE">
<![CDATA[  [chromium] › visual-regression.spec.ts:247:3 › Visual Regression Tests › loading states visual regression 

    TimeoutError: page.fill: Timeout 15000ms exceeded.
    Call log:
      - waiting for locator('[data-testid="email"]')
        - waiting for" http://localhost:3000/login" navigation to finish...
        - navigated to "http://localhost:3000/login"


      14 |         // Login as admin user for consistent visual state
      15 |         await page.goto('/login');
    > 16 |         await page.fill('[data-testid="email"]', 'admin@testenterprise.com');
         |                    ^
      17 |         await page.fill('[data-testid="password"]', 'AdminPass123!');
      18 |         await page.click('[data-testid="login-button"]');
      19 |         await expect(page.locator('[data-testid="dashboard-overview"]')).toBeVisible();
        at /Users/piotrwisniewski/Documents/Antygracity/DRD/consultify/tests/e2e/visual-regression.spec.ts:16:20

    attachment #1: screenshot (image/png) ──────────────────────────────────────────────────────────
    ../../test-results/visual-regression-Visual-R-78664-ng-states-visual-regression-chromium/test-failed-1.png
    ────────────────────────────────────────────────────────────────────────────────────────────────

    Error Context: ../../test-results/visual-regression-Visual-R-78664-ng-states-visual-regression-chromium/error-context.md

    attachment #3: trace (application/zip) ─────────────────────────────────────────────────────────
    ../../test-results/visual-regression-Visual-R-78664-ng-states-visual-regression-chromium/trace.zip
    Usage:

        npx playwright show-trace ../../test-results/visual-regression-Visual-R-78664-ng-states-visual-regression-chromium/trace.zip

    ────────────────────────────────────────────────────────────────────────────────────────────────
]]>
</failure>
<system-out>
<![CDATA[
[[ATTACHMENT|test-results/visual-regression-Visual-R-78664-ng-states-visual-regression-chromium/test-failed-1.png]]

[[ATTACHMENT|test-results/visual-regression-Visual-R-78664-ng-states-visual-regression-chromium/error-context.md]]

[[ATTACHMENT|test-results/visual-regression-Visual-R-78664-ng-states-visual-regression-chromium/trace.zip]]
]]>
</system-out>
</testcase>
<testcase name="Visual Regression Tests › form validation visual regression" classname="visual-regression.spec.ts" time="15.836">
<failure message="visual-regression.spec.ts:274:3 form validation visual regression" type="FAILURE">
<![CDATA[  [chromium] › visual-regression.spec.ts:274:3 › Visual Regression Tests › form validation visual regression 

    TimeoutError: page.fill: Timeout 15000ms exceeded.
    Call log:
      - waiting for locator('[data-testid="email"]')


      14 |         // Login as admin user for consistent visual state
      15 |         await page.goto('/login');
    > 16 |         await page.fill('[data-testid="email"]', 'admin@testenterprise.com');
         |                    ^
      17 |         await page.fill('[data-testid="password"]', 'AdminPass123!');
      18 |         await page.click('[data-testid="login-button"]');
      19 |         await expect(page.locator('[data-testid="dashboard-overview"]')).toBeVisible();
        at /Users/piotrwisniewski/Documents/Antygracity/DRD/consultify/tests/e2e/visual-regression.spec.ts:16:20

    attachment #1: screenshot (image/png) ──────────────────────────────────────────────────────────
    ../../test-results/visual-regression-Visual-R-87274-alidation-visual-regression-chromium/test-failed-1.png
    ────────────────────────────────────────────────────────────────────────────────────────────────

    Error Context: ../../test-results/visual-regression-Visual-R-87274-alidation-visual-regression-chromium/error-context.md

    attachment #3: trace (application/zip) ─────────────────────────────────────────────────────────
    ../../test-results/visual-regression-Visual-R-87274-alidation-visual-regression-chromium/trace.zip
    Usage:

        npx playwright show-trace ../../test-results/visual-regression-Visual-R-87274-alidation-visual-regression-chromium/trace.zip

    ────────────────────────────────────────────────────────────────────────────────────────────────
]]>
</failure>
<system-out>
<![CDATA[
[[ATTACHMENT|test-results/visual-regression-Visual-R-87274-alidation-visual-regression-chromium/test-failed-1.png]]

[[ATTACHMENT|test-results/visual-regression-Visual-R-87274-alidation-visual-regression-chromium/error-context.md]]

[[ATTACHMENT|test-results/visual-regression-Visual-R-87274-alidation-visual-regression-chromium/trace.zip]]
]]>
</system-out>
</testcase>
<testcase name="Visual Regression Tests › navigation and sidebar visual regression" classname="visual-regression.spec.ts" time="16.321">
<failure message="visual-regression.spec.ts:308:3 navigation and sidebar visual regression" type="FAILURE">
<![CDATA[  [chromium] › visual-regression.spec.ts:308:3 › Visual Regression Tests › navigation and sidebar visual regression 

    TimeoutError: page.fill: Timeout 15000ms exceeded.
    Call log:
      - waiting for locator('[data-testid="email"]')


      14 |         // Login as admin user for consistent visual state
      15 |         await page.goto('/login');
    > 16 |         await page.fill('[data-testid="email"]', 'admin@testenterprise.com');
         |                    ^
      17 |         await page.fill('[data-testid="password"]', 'AdminPass123!');
      18 |         await page.click('[data-testid="login-button"]');
      19 |         await expect(page.locator('[data-testid="dashboard-overview"]')).toBeVisible();
        at /Users/piotrwisniewski/Documents/Antygracity/DRD/consultify/tests/e2e/visual-regression.spec.ts:16:20

    attachment #1: screenshot (image/png) ──────────────────────────────────────────────────────────
    ../../test-results/visual-regression-Visual-R-9c18f-d-sidebar-visual-regression-chromium/test-failed-1.png
    ────────────────────────────────────────────────────────────────────────────────────────────────

    Error Context: ../../test-results/visual-regression-Visual-R-9c18f-d-sidebar-visual-regression-chromium/error-context.md

    attachment #3: trace (application/zip) ─────────────────────────────────────────────────────────
    ../../test-results/visual-regression-Visual-R-9c18f-d-sidebar-visual-regression-chromium/trace.zip
    Usage:

        npx playwright show-trace ../../test-results/visual-regression-Visual-R-9c18f-d-sidebar-visual-regression-chromium/trace.zip

    ────────────────────────────────────────────────────────────────────────────────────────────────
]]>
</failure>
<system-out>
<![CDATA[
[[ATTACHMENT|test-results/visual-regression-Visual-R-9c18f-d-sidebar-visual-regression-chromium/test-failed-1.png]]

[[ATTACHMENT|test-results/visual-regression-Visual-R-9c18f-d-sidebar-visual-regression-chromium/error-context.md]]

[[ATTACHMENT|test-results/visual-regression-Visual-R-9c18f-d-sidebar-visual-regression-chromium/trace.zip]]
]]>
</system-out>
</testcase>
<testcase name="Visual Regression Tests › modal and overlay visual regression" classname="visual-regression.spec.ts" time="16.067">
<failure message="visual-regression.spec.ts:340:3 modal and overlay visual regression" type="FAILURE">
<![CDATA[  [chromium] › visual-regression.spec.ts:340:3 › Visual Regression Tests › modal and overlay visual regression 

    TimeoutError: page.fill: Timeout 15000ms exceeded.
    Call log:
      - waiting for locator('[data-testid="email"]')


      14 |         // Login as admin user for consistent visual state
      15 |         await page.goto('/login');
    > 16 |         await page.fill('[data-testid="email"]', 'admin@testenterprise.com');
         |                    ^
      17 |         await page.fill('[data-testid="password"]', 'AdminPass123!');
      18 |         await page.click('[data-testid="login-button"]');
      19 |         await expect(page.locator('[data-testid="dashboard-overview"]')).toBeVisible();
        at /Users/piotrwisniewski/Documents/Antygracity/DRD/consultify/tests/e2e/visual-regression.spec.ts:16:20

    attachment #1: screenshot (image/png) ──────────────────────────────────────────────────────────
    ../../test-results/visual-regression-Visual-R-98741-d-overlay-visual-regression-chromium/test-failed-1.png
    ────────────────────────────────────────────────────────────────────────────────────────────────

    Error Context: ../../test-results/visual-regression-Visual-R-98741-d-overlay-visual-regression-chromium/error-context.md

    attachment #3: trace (application/zip) ─────────────────────────────────────────────────────────
    ../../test-results/visual-regression-Visual-R-98741-d-overlay-visual-regression-chromium/trace.zip
    Usage:

        npx playwright show-trace ../../test-results/visual-regression-Visual-R-98741-d-overlay-visual-regression-chromium/trace.zip

    ────────────────────────────────────────────────────────────────────────────────────────────────
]]>
</failure>
<system-out>
<![CDATA[
[[ATTACHMENT|test-results/visual-regression-Visual-R-98741-d-overlay-visual-regression-chromium/test-failed-1.png]]

[[ATTACHMENT|test-results/visual-regression-Visual-R-98741-d-overlay-visual-regression-chromium/error-context.md]]

[[ATTACHMENT|test-results/visual-regression-Visual-R-98741-d-overlay-visual-regression-chromium/trace.zip]]
]]>
</system-out>
</testcase>
<testcase name="Visual Regression Tests › data table visual regression" classname="visual-regression.spec.ts" time="15.689">
<failure message="visual-regression.spec.ts:366:3 data table visual regression" type="FAILURE">
<![CDATA[  [chromium] › visual-regression.spec.ts:366:3 › Visual Regression Tests › data table visual regression 

    TimeoutError: page.fill: Timeout 15000ms exceeded.
    Call log:
      - waiting for locator('[data-testid="email"]')


      14 |         // Login as admin user for consistent visual state
      15 |         await page.goto('/login');
    > 16 |         await page.fill('[data-testid="email"]', 'admin@testenterprise.com');
         |                    ^
      17 |         await page.fill('[data-testid="password"]', 'AdminPass123!');
      18 |         await page.click('[data-testid="login-button"]');
      19 |         await expect(page.locator('[data-testid="dashboard-overview"]')).toBeVisible();
        at /Users/piotrwisniewski/Documents/Antygracity/DRD/consultify/tests/e2e/visual-regression.spec.ts:16:20

    attachment #1: screenshot (image/png) ──────────────────────────────────────────────────────────
    ../../test-results/visual-regression-Visual-R-dd6a2-ata-table-visual-regression-chromium/test-failed-1.png
    ────────────────────────────────────────────────────────────────────────────────────────────────

    Error Context: ../../test-results/visual-regression-Visual-R-dd6a2-ata-table-visual-regression-chromium/error-context.md

    attachment #3: trace (application/zip) ─────────────────────────────────────────────────────────
    ../../test-results/visual-regression-Visual-R-dd6a2-ata-table-visual-regression-chromium/trace.zip
    Usage:

        npx playwright show-trace ../../test-results/visual-regression-Visual-R-dd6a2-ata-table-visual-regression-chromium/trace.zip

    ────────────────────────────────────────────────────────────────────────────────────────────────
]]>
</failure>
<system-out>
<![CDATA[
[[ATTACHMENT|test-results/visual-regression-Visual-R-dd6a2-ata-table-visual-regression-chromium/test-failed-1.png]]

[[ATTACHMENT|test-results/visual-regression-Visual-R-dd6a2-ata-table-visual-regression-chromium/error-context.md]]

[[ATTACHMENT|test-results/visual-regression-Visual-R-dd6a2-ata-table-visual-regression-chromium/trace.zip]]
]]>
</system-out>
</testcase>
</testsuite>
</testsuites>