<testsuites id="" name="" tests="2" failures="1" skipped="0" errors="0" time="4.370239">
<testsuite name="mobile-responsive.spec.ts" timestamp="2026-01-04T11:16:04.442Z" hostname="chromium" tests="2" failures="1" skipped="0" time="4.313" errors="0">
<testcase name="Mobile Responsiveness › should adapt layout for mobile devices (iPhone 12 Pro)" classname="mobile-responsive.spec.ts" time="2.448">
<failure message="mobile-responsive.spec.ts:13:3 should adapt layout for mobile devices (iPhone 12 Pro)" type="FAILURE">
<![CDATA[  [chromium] › mobile-responsive.spec.ts:13:3 › Mobile Responsiveness › should adapt layout for mobile devices (iPhone 12 Pro) 

    Error: expect(locator).toBeVisible() failed

    Locator: locator('text=Log In')
    Expected: visible
    Error: strict mode violation: locator('text=Log In') resolved to 4 elements:
        1) <button class="px-5 py-2 text-sm font-semibold text-slate-700 dark:text-slate-300 hover:bg-slate-100 dark:hover:bg-white/5 rounded-lg transition-all border border-slate-200 dark:border-white/10 cursor-pointer">Log in</button> aka locator('header').getByText('Log in')
        2) <h3 class="text-xl lg:text-2xl font-bold text-white tracking-tight">Log In</h3> aka getByRole('heading', { name: 'Log In' })
        3) <div class="pt-4 flex items-center gap-2 text-white font-bold text-xs opacity-0 group-hover:opacity-100 transition-opacity translate-y-4 group-hover:translate-y-0 duration-300">…</div> aka getByText('Log In→')
        4) <a href="/login" class="text-sm text-slate-500 dark:text-slate-400 hover:text-purple-600 dark:hover:text-purple-400 transition-colors">Log in</a> aka getByRole('link', { name: 'Log in' })

    Call log:
      - Expect "toBeVisible" with timeout 10000ms
      - waiting for locator('text=Log In')


      34 |         } else {
      35 |             // Fallback if neither works (should fail)
    > 36 |             await expect(loginBtn).toBeVisible();
         |                                    ^
      37 |         }
      38 |         await page.fill('input[type="email"]', 'admin@dbr77.com');
      39 |         await page.fill('input[type="password"]', '123456');
        at /Users/piotrwisniewski/Documents/Antygracity/DRD/consultify/tests/e2e/mobile-responsive.spec.ts:36:36

    attachment #1: screenshot (image/png) ──────────────────────────────────────────────────────────
    ../../test-results/mobile-responsive-Mobile-R-fb62f-bile-devices-iPhone-12-Pro--chromium/test-failed-1.png
    ────────────────────────────────────────────────────────────────────────────────────────────────

    Error Context: ../../test-results/mobile-responsive-Mobile-R-fb62f-bile-devices-iPhone-12-Pro--chromium/error-context.md

    attachment #3: trace (application/zip) ─────────────────────────────────────────────────────────
    ../../test-results/mobile-responsive-Mobile-R-fb62f-bile-devices-iPhone-12-Pro--chromium/trace.zip
    Usage:

        npx playwright show-trace ../../test-results/mobile-responsive-Mobile-R-fb62f-bile-devices-iPhone-12-Pro--chromium/trace.zip

    ────────────────────────────────────────────────────────────────────────────────────────────────
]]>
</failure>
<system-out>
<![CDATA[
[[ATTACHMENT|test-results/mobile-responsive-Mobile-R-fb62f-bile-devices-iPhone-12-Pro--chromium/test-failed-1.png]]

[[ATTACHMENT|test-results/mobile-responsive-Mobile-R-fb62f-bile-devices-iPhone-12-Pro--chromium/error-context.md]]

[[ATTACHMENT|test-results/mobile-responsive-Mobile-R-fb62f-bile-devices-iPhone-12-Pro--chromium/trace.zip]]
]]>
</system-out>
</testcase>
<testcase name="Mobile Viewport (Pixel 5) › should prevent horizontal scroll on main views" classname="mobile-responsive.spec.ts" time="1.865">
</testcase>
</testsuite>
</testsuites>