<testsuites id="" name="" tests="86" failures="0" skipped="0" errors="0" time="1.514402">
<testsuite name="ai-system-health.spec.ts" timestamp="2026-02-05T19:30:05.087Z" hostname="chromium" tests="86" failures="0" skipped="0" time="0.241" errors="0">
<testcase name="L6.1: Cloud Integrations › should verify cloud integration design spec" classname="ai-system-health.spec.ts" time="0.007">
<system-out>
<![CDATA[[L6.1] ✓ Cloud Integrations: DEMO MODE (by design)
]]>
</system-out>
</testcase>
<testcase name="L6.1: Cloud Integrations › should document OAuth implementation requirements" classname="ai-system-health.spec.ts" time="0.005">
<system-out>
<![CDATA[[L6.1] ✓ OAuth Requirements: DOCUMENTED
]]>
</system-out>
</testcase>
<testcase name="L6.2: Tools Menu › should verify AI modes specification" classname="ai-system-health.spec.ts" time="0.006">
<system-out>
<![CDATA[[L6.2] ✓ AI Modes: 4 configured
]]>
</system-out>
</testcase>
<testcase name="L6.2: Tools Menu › should verify knowledge sources specification" classname="ai-system-health.spec.ts" time="0.012">
<system-out>
<![CDATA[[L6.2] ✓ Knowledge Sources: 3 configured
]]>
</system-out>
</testcase>
<testcase name="L6.2: Tools Menu › should verify response styles specification" classname="ai-system-health.spec.ts" time="0.005">
<system-out>
<![CDATA[[L6.2] ✓ Response Styles: 5 options
]]>
</system-out>
</testcase>
<testcase name="L6.3: Chat Conversation System › should verify chat database schema specification" classname="ai-system-health.spec.ts" time="0.024">
<system-out>
<![CDATA[[L6.3] ✓ Chat Schema: VERIFIED
]]>
</system-out>
</testcase>
<testcase name="L6.3: Chat Conversation System › should verify message handling specification" classname="ai-system-health.spec.ts" time="0.02">
<system-out>
<![CDATA[[L6.3] ✓ Message Handling: SPECIFIED
]]>
</system-out>
</testcase>
<testcase name="L6.3: Chat Conversation System › should verify conversation lifecycle" classname="ai-system-health.spec.ts" time="0.006">
<system-out>
<![CDATA[[L6.3] ✓ Conversation Lifecycle: DEFINED
]]>
</system-out>
</testcase>
<testcase name="L6.4: Voice System › should verify STT providers specification" classname="ai-system-health.spec.ts" time="0.002">
<system-out>
<![CDATA[[L6.4] ✓ STT Providers: 2 configured
]]>
</system-out>
</testcase>
<testcase name="L6.4: Voice System › should verify TTS providers specification" classname="ai-system-health.spec.ts" time="0.005">
<system-out>
<![CDATA[[L6.4] ✓ TTS Providers: 2 configured
]]>
</system-out>
</testcase>
<testcase name="L6.4: Voice System › should verify voice feature flags" classname="ai-system-health.spec.ts" time="0.003">
<system-out>
<![CDATA[[L6.4] ✓ Voice Features: ENABLED
]]>
</system-out>
</testcase>
<testcase name="L6.5: History Management › should verify history features specification" classname="ai-system-health.spec.ts" time="0.002">
<system-out>
<![CDATA[[L6.5] ✓ History Features: 8 implemented
]]>
</system-out>
</testcase>
<testcase name="L6.5: History Management › should verify auto-title generation specification" classname="ai-system-health.spec.ts" time="0.002">
<system-out>
<![CDATA[[L6.5] ✓ Auto-Title: LLM-GENERATED
]]>
</system-out>
</testcase>
<testcase name="L6.5: History Management › should verify folder organization specification" classname="ai-system-health.spec.ts" time="0.001">
<system-out>
<![CDATA[[L6.5] ✓ Folders: SUPPORTED
]]>
</system-out>
</testcase>
<testcase name="L6.6: LLM Management › should verify tier routing specification" classname="ai-system-health.spec.ts" time="0.001">
<system-out>
<![CDATA[[L6.6] ✓ LLM Tiers: 4 configured
]]>
</system-out>
</testcase>
<testcase name="L6.6: LLM Management › should verify provider configuration specification" classname="ai-system-health.spec.ts" time="0.001">
<system-out>
<![CDATA[[L6.6] ✓ LLM Providers: 3 supported
]]>
</system-out>
</testcase>
<testcase name="L6.6: LLM Management › should verify fallback routing specification" classname="ai-system-health.spec.ts" time="0.002">
<system-out>
<![CDATA[[L6.6] ✓ Fallback Routing: ENABLED
]]>
</system-out>
</testcase>
<testcase name="L6.7: End-to-End Flow › should verify conversation flow specification" classname="ai-system-health.spec.ts" time="0.002">
<system-out>
<![CDATA[[L6.7] ✓ Conversation Flow: 6 steps verified
]]>
</system-out>
</testcase>
<testcase name="L6.7: End-to-End Flow › should verify error handling specification" classname="ai-system-health.spec.ts" time="0.001">
<system-out>
<![CDATA[[L6.7] ✓ Error Handling: 4 scenarios covered
]]>
</system-out>
</testcase>
<testcase name="L6.8: Health Summary › should generate comprehensive health specification" classname="ai-system-health.spec.ts" time="0.005">
<system-out>
<![CDATA[
========================================
   L6 AI SYSTEM HEALTH SPECIFICATION
========================================
✓ Cloud Integrations: demo_mode
✓ Tools Menu: healthy
✓ Chat Conversation: healthy
✓ Voice System: healthy
✓ History Management: healthy
✓ LLM Management: healthy
----------------------------------------
OVERALL: OPERATIONAL
HEALTHY: 7/8 subsystems
========================================

]]>
</system-out>
</testcase>
<testcase name="L6.8: Health Summary › should verify recommendations generation" classname="ai-system-health.spec.ts" time="0.001">
<system-out>
<![CDATA[[L6.8] ✓ Recommendations: 3 generated
]]>
</system-out>
</testcase>
<testcase name="L6.8: Health Summary › should verify health API endpoint specification" classname="ai-system-health.spec.ts" time="0.001">
<system-out>
<![CDATA[[L6.8] ✓ Health Endpoints: 3 available (public)
]]>
</system-out>
</testcase>
<testcase name="L6.9: Vector Database &amp; Embeddings › should verify embedding model specification" classname="ai-system-health.spec.ts" time="0.001">
<system-out>
<![CDATA[[L6.9] ✓ Embedding Model: text-embedding-3-small (1536 dims)
]]>
</system-out>
</testcase>
<testcase name="L6.9: Vector Database &amp; Embeddings › should verify vector storage specification" classname="ai-system-health.spec.ts" time="0.002">
<system-out>
<![CDATA[[L6.9] ✓ Vector Storage: SQLite (dev) + PostgreSQL/pgvector (prod)
]]>
</system-out>
</testcase>
<testcase name="L6.9: Vector Database &amp; Embeddings › should verify semantic search specification" classname="ai-system-health.spec.ts" time="0.002">
<system-out>
<![CDATA[[L6.9] ✓ Semantic Search: Cosine similarity with filtering
]]>
</system-out>
</testcase>
<testcase name="L6.9: Vector Database &amp; Embeddings › should verify embedding API endpoints specification" classname="ai-system-health.spec.ts" time="0.001">
<system-out>
<![CDATA[[L6.9] ✓ Embedding API: 4 endpoints specified
]]>
</system-out>
</testcase>
<testcase name="L6.9: Vector Database &amp; Embeddings › should verify document chunking specification" classname="ai-system-health.spec.ts" time="0.002">
<system-out>
<![CDATA[[L6.9] ✓ Document Chunking: Max 8000 chars with overlap
]]>
</system-out>
</testcase>
<testcase name="L6.10: AI Memory System › should verify user memory specification" classname="ai-system-health.spec.ts" time="0.002">
<system-out>
<![CDATA[[L6.10] ✓ User Memory: 6 fields, auto-learning enabled
]]>
</system-out>
</testcase>
<testcase name="L6.10: AI Memory System › should verify organization memory specification" classname="ai-system-health.spec.ts" time="0.001">
<system-out>
<![CDATA[[L6.10] ✓ Organization Memory: 8 pattern types with weighted scoring
]]>
</system-out>
</testcase>
<testcase name="L6.10: AI Memory System › should verify project memory specification" classname="ai-system-health.spec.ts" time="0.009">
<system-out>
<![CDATA[[L6.10] ✓ Project Memory: 5 context types
]]>
</system-out>
</testcase>
<testcase name="L6.10: AI Memory System › should verify memory API endpoints specification" classname="ai-system-health.spec.ts" time="0.002">
<system-out>
<![CDATA[[L6.10] ✓ Memory API: 8 endpoints (user, org, project)
]]>
</system-out>
</testcase>
<testcase name="L6.10: AI Memory System › should verify memory layers hierarchy" classname="ai-system-health.spec.ts" time="0.001">
<system-out>
<![CDATA[[L6.10] ✓ Memory Layers: 3-tier hierarchy (User → Project → Org)
]]>
</system-out>
</testcase>
<testcase name="L6.11: AI Learning System › should verify feedback collection specification" classname="ai-system-health.spec.ts" time="0.001">
<system-out>
<![CDATA[[L6.11] ✓ Feedback Collection: 4 types with pattern extraction
]]>
</system-out>
</testcase>
<testcase name="L6.11: AI Learning System › should verify pattern learning specification" classname="ai-system-health.spec.ts" time="0.002">
<system-out>
<![CDATA[[L6.11] ✓ Pattern Learning: 4 pattern types with confidence scoring
]]>
</system-out>
</testcase>
<testcase name="L6.11: AI Learning System › should verify quality metrics specification" classname="ai-system-health.spec.ts" time="0.001">
<system-out>
<![CDATA[[L6.11] ✓ Quality Metrics: 5 scores with trend analysis
]]>
</system-out>
</testcase>
<testcase name="L6.11: AI Learning System › should verify instruction suggestions specification" classname="ai-system-health.spec.ts" time="0.003">
<system-out>
<![CDATA[[L6.11] ✓ Instruction Suggestions: Review workflow with 4 statuses
]]>
</system-out>
</testcase>
<testcase name="L6.11: AI Learning System › should verify batch learning specification" classname="ai-system-health.spec.ts" time="0.001">
<system-out>
<![CDATA[[L6.11] ✓ Batch Learning: Daily automatic processing
]]>
</system-out>
</testcase>
<testcase name="L6.11: AI Learning System › should verify learning API endpoints specification" classname="ai-system-health.spec.ts" time="0.001">
<system-out>
<![CDATA[[L6.11] ✓ Learning API: 9 endpoints
]]>
</system-out>
</testcase>
<testcase name="L6.12: User Style Profiles › should verify style profile specification" classname="ai-system-health.spec.ts" time="0.002">
<system-out>
<![CDATA[[L6.12] ✓ Style Profile: 4 preference dimensions with auto-detection
]]>
</system-out>
</testcase>
<testcase name="L6.12: User Style Profiles › should verify style learning patterns specification" classname="ai-system-health.spec.ts" time="0.001">
<system-out>
<![CDATA[[L6.12] ✓ Style Learning: 4 pattern types with confidence threshold
]]>
</system-out>
</testcase>
<testcase name="L6.12: User Style Profiles › should verify adaptive response specification" classname="ai-system-health.spec.ts" time="0.002">
<system-out>
<![CDATA[[L6.12] ✓ Adaptive Response: 5 adaptation features
]]>
</system-out>
</testcase>
<testcase name="L6.12: User Style Profiles › should verify profile API endpoints specification" classname="ai-system-health.spec.ts" time="0.004">
<system-out>
<![CDATA[[L6.12] ✓ Profile API: 7 endpoints
]]>
</system-out>
</testcase>
<testcase name="L6.13: Context Builder › should verify context sources specification" classname="ai-system-health.spec.ts" time="0.001">
<system-out>
<![CDATA[[L6.13] ✓ Context Sources: 5 categories (project, org, memory, docs, conversation)
]]>
</system-out>
</testcase>
<testcase name="L6.13: Context Builder › should verify RAG pipeline specification" classname="ai-system-health.spec.ts" time="0.002">
<system-out>
<![CDATA[[L6.13] ✓ RAG Pipeline: 5 stages with configurable retrieval
]]>
</system-out>
</testcase>
<testcase name="L6.13: Context Builder › should verify context response mapping specification" classname="ai-system-health.spec.ts" time="0.001">
<system-out>
<![CDATA[[L6.13] ✓ Context Mapping: 8 screen contexts with format mapping
]]>
</system-out>
</testcase>
<testcase name="L6.13: Context Builder › should verify context API endpoints specification" classname="ai-system-health.spec.ts" time="0.001">
<system-out>
<![CDATA[[L6.13] ✓ Context API: 7 endpoints (context + RAG)
]]>
</system-out>
</testcase>
<testcase name="L6.14: AI Database Tables › should verify core chat tables specification" classname="ai-system-health.spec.ts" time="0.002">
<system-out>
<![CDATA[[L6.14] ✓ Chat Tables: conversations + conversation_messages
]]>
</system-out>
</testcase>
<testcase name="L6.14: AI Database Tables › should verify embedding tables specification" classname="ai-system-health.spec.ts" time="0.001">
<system-out>
<![CDATA[[L6.14] ✓ Embedding Tables: ai_knowledge_embeddings with pgvector support
]]>
</system-out>
</testcase>
<testcase name="L6.14: AI Database Tables › should verify memory tables specification" classname="ai-system-health.spec.ts" time="0.001">
<system-out>
<![CDATA[[L6.14] ✓ Memory Tables: ai_user_memory + organization_memory
]]>
</system-out>
</testcase>
<testcase name="L6.14: AI Database Tables › should verify learning tables specification" classname="ai-system-health.spec.ts" time="0.001">
<system-out>
<![CDATA[[L6.14] ✓ Learning Tables: ai_feedback + ai_learning_patterns + ai_instruction_suggestions
]]>
</system-out>
</testcase>
<testcase name="L6.14: AI Database Tables › should verify style tables specification" classname="ai-system-health.spec.ts" time="0.001">
<system-out>
<![CDATA[[L6.14] ✓ Style Tables: ai_user_style_profiles + ai_style_learning_patterns
]]>
</system-out>
</testcase>
<testcase name="L6.14: AI Database Tables › should verify LLM tables specification" classname="ai-system-health.spec.ts" time="0.001">
<system-out>
<![CDATA[[L6.14] ✓ LLM Tables: llm_providers + llm_usage_logs
]]>
</system-out>
</testcase>
<testcase name="L6.14: AI Database Tables › should verify all AI tables count" classname="ai-system-health.spec.ts" time="0.001">
<system-out>
<![CDATA[[L6.14] ✓ Total AI Tables: 12 tables specified
]]>
</system-out>
</testcase>
<testcase name="L6.15: AI Pipeline &amp; Streaming › should verify AI pipeline stages specification" classname="ai-system-health.spec.ts" time="0.002">
<system-out>
<![CDATA[[L6.15] ✓ Pipeline Stages: 8 stages from input to persistence
]]>
</system-out>
</testcase>
<testcase name="L6.15: AI Pipeline &amp; Streaming › should verify streaming specification" classname="ai-system-health.spec.ts" time="0.004">
<system-out>
<![CDATA[[L6.15] ✓ Streaming: SSE with 6 event types
]]>
</system-out>
</testcase>
<testcase name="L6.15: AI Pipeline &amp; Streaming › should verify rate limiter specification" classname="ai-system-health.spec.ts" time="0.002">
<system-out>
<![CDATA[[L6.15] ✓ Rate Limiter: Token bucket with per-minute/hour/day limits
]]>
</system-out>
</testcase>
<testcase name="L6.15: AI Pipeline &amp; Streaming › should verify circuit breaker specification" classname="ai-system-health.spec.ts" time="0.003">
<system-out>
<![CDATA[[L6.15] ✓ Circuit Breaker: 3 states with fallback to alternate provider
]]>
</system-out>
</testcase>
<testcase name="L6.15: AI Pipeline &amp; Streaming › should verify model router specification" classname="ai-system-health.spec.ts" time="0.012">
<system-out>
<![CDATA[[L6.15] ✓ Model Router: 4 strategies with tier-based fallback
]]>
</system-out>
</testcase>
<testcase name="L6.15: AI Pipeline &amp; Streaming › should verify quota service specification" classname="ai-system-health.spec.ts" time="0.002">
<system-out>
<![CDATA[[L6.15] ✓ Quota Service: Token/request/cost limits with notifications
]]>
</system-out>
</testcase>
<testcase name="L6.15: AI Pipeline &amp; Streaming › should verify pipeline API endpoints specification" classname="ai-system-health.spec.ts" time="0.001">
<system-out>
<![CDATA[[L6.15] ✓ Pipeline API: 7 endpoints
]]>
</system-out>
</testcase>
<testcase name="L6.16: AI Admin Management › should verify SuperAdmin AI settings specification" classname="ai-system-health.spec.ts" time="0.001">
<system-out>
<![CDATA[[L6.16] ✓ SuperAdmin Settings: 6 sections
]]>
</system-out>
</testcase>
<testcase name="L6.16: AI Admin Management › should verify provider management specification" classname="ai-system-health.spec.ts" time="0.001">
<system-out>
<![CDATA[[L6.16] ✓ Provider Management: 6 operations with validation
]]>
</system-out>
</testcase>
<testcase name="L6.16: AI Admin Management › should verify Admin AI settings specification" classname="ai-system-health.spec.ts" time="0.002">
<system-out>
<![CDATA[[L6.16] ✓ Admin Settings: 5 sections
]]>
</system-out>
</testcase>
<testcase name="L6.16: AI Admin Management › should verify user AI preferences specification" classname="ai-system-health.spec.ts" time="0.001">
<system-out>
<![CDATA[[L6.16] ✓ User Preferences: 4 sections with localStorage
]]>
</system-out>
</testcase>
<testcase name="L6.16: AI Admin Management › should verify usage statistics specification" classname="ai-system-health.spec.ts" time="0.001">
<system-out>
<![CDATA[[L6.16] ✓ Usage Statistics: 5 metrics with 5 breakdown dimensions
]]>
</system-out>
</testcase>
<testcase name="L6.16: AI Admin Management › should verify admin API endpoints specification" classname="ai-system-health.spec.ts" time="0.001">
<system-out>
<![CDATA[[L6.16] ✓ Admin API: 8 endpoints (5 SUPERADMIN, 3 ADMIN)
]]>
</system-out>
</testcase>
<testcase name="L6.17: AI Quality &amp; Observability › should verify metrics collection specification" classname="ai-system-health.spec.ts" time="0.003">
<system-out>
<![CDATA[[L6.17] ✓ Metrics: 4 categories with 16+ individual metrics
]]>
</system-out>
</testcase>
<testcase name="L6.17: AI Quality &amp; Observability › should verify response quality checker specification" classname="ai-system-health.spec.ts" time="0.003">
<system-out>
<![CDATA[[L6.17] ✓ Quality Checker: 5 checks with weighted scoring
]]>
</system-out>
</testcase>
<testcase name="L6.17: AI Quality &amp; Observability › should verify logging specification" classname="ai-system-health.spec.ts" time="0.001">
<system-out>
<![CDATA[[L6.17] ✓ Logging: 5 levels with structured fields and retention
]]>
</system-out>
</testcase>
<testcase name="L6.17: AI Quality &amp; Observability › should verify A/B testing specification" classname="ai-system-health.spec.ts" time="0.001">
<system-out>
<![CDATA[[L6.17] ✓ A/B Testing: 3 features with statistical analysis
]]>
</system-out>
</testcase>
<testcase name="L6.17: AI Quality &amp; Observability › should verify alerting specification" classname="ai-system-health.spec.ts" time="0.001">
<system-out>
<![CDATA[[L6.17] ✓ Alerting: 5 alert types with 4 channels and escalation
]]>
</system-out>
</testcase>
<testcase name="L6.17: AI Quality &amp; Observability › should verify health monitoring specification" classname="ai-system-health.spec.ts" time="0.001">
<system-out>
<![CDATA[[L6.17] ✓ Health Monitoring: 5 checks (2 critical) with real-time dashboard
]]>
</system-out>
</testcase>
<testcase name="L6.17: AI Quality &amp; Observability › should verify observability API endpoints specification" classname="ai-system-health.spec.ts" time="0">
<system-out>
<![CDATA[[L6.17] ✓ Observability API: 11 endpoints
]]>
</system-out>
</testcase>
<testcase name="L6.18: Complete System Summary › should generate complete AI system health specification" classname="ai-system-health.spec.ts" time="0.002">
<system-out>
<![CDATA[
========================================
   L6 COMPLETE AI SYSTEM SPECIFICATION
========================================

--- Basic Subsystems (L6.1-L6.8) ---
⚠ cloudIntegrations: demo_mode (2 tests)
✓ toolsMenu: healthy (3 tests)
✓ chatConversation: healthy (3 tests)
✓ voiceSystem: healthy (3 tests)
✓ historyManagement: healthy (3 tests)
✓ llmManagement: healthy (3 tests)
✓ endToEndFlow: healthy (2 tests)
✓ healthSummary: healthy (3 tests)

--- Advanced Subsystems (L6.9-L6.17) ---
○ vectorDatabase: specified (5 tests)
○ aiMemory: specified (5 tests)
○ aiLearning: specified (6 tests)
○ userStyleProfiles: specified (4 tests)
○ contextBuilder: specified (4 tests)
○ databaseTables: specified (7 tests)
○ aiPipeline: specified (7 tests)
○ adminManagement: specified (6 tests)
○ qualityObservability: specified (7 tests)

----------------------------------------
TOTAL SUBSYSTEMS: 17
TOTAL TESTS: 73
VERSION: 4.0.0
========================================

]]>
</system-out>
</testcase>
<testcase name="L6.18: Complete System Summary › should verify test coverage completeness" classname="ai-system-health.spec.ts" time="0.003">
<system-out>
<![CDATA[[L6.20] ✓ Test Coverage: 19/19 levels (84 tests)
]]>
</system-out>
</testcase>
<testcase name="L6.18: Cost &amp; Budget Monitoring › should verify cost tracking specification" classname="ai-system-health.spec.ts" time="0.001">
<system-out>
<![CDATA[[L6.18] ✓ Cost Tracking: 4 metrics with real-time updates
]]>
</system-out>
</testcase>
<testcase name="L6.18: Cost &amp; Budget Monitoring › should verify budget alerting specification" classname="ai-system-health.spec.ts" time="0.005">
<system-out>
<![CDATA[[L6.18] ✓ Budget Alerting: 3 limits with 3 thresholds
]]>
</system-out>
</testcase>
<testcase name="L6.18: Cost &amp; Budget Monitoring › should verify model pricing specification" classname="ai-system-health.spec.ts" time="0.002">
<system-out>
<![CDATA[[L6.18] ✓ Model Pricing: 3 providers with 11+ models
]]>
</system-out>
</testcase>
<testcase name="L6.18: Cost &amp; Budget Monitoring › should verify user usage tracking specification" classname="ai-system-health.spec.ts" time="0.001">
<system-out>
<![CDATA[[L6.18] ✓ User Usage: Per-user and per-org tracking
]]>
</system-out>
</testcase>
<testcase name="L6.18: Cost &amp; Budget Monitoring › should verify cost API endpoints specification" classname="ai-system-health.spec.ts" time="0.004">
<system-out>
<![CDATA[[L6.18] ✓ Cost API: 5 endpoints (1 public, 4 authenticated)
]]>
</system-out>
</testcase>
<testcase name="L6.18: Cost &amp; Budget Monitoring › should verify cost health check integration" classname="ai-system-health.spec.ts" time="0.001">
<system-out>
<![CDATA[[L6.18] ✓ Cost Health Check: Integrated with L6 monitoring
]]>
</system-out>
</testcase>
<testcase name="L6.19: Security &amp; Compliance › should verify prompt injection protection specification" classname="ai-system-health.spec.ts" time="0.002">
<system-out>
<![CDATA[[L6.19] ✓ Prompt Injection: 4 protection layers
]]>
</system-out>
</testcase>
<testcase name="L6.19: Security &amp; Compliance › should verify PII filtering specification" classname="ai-system-health.spec.ts" time="0.001">
<system-out>
<![CDATA[[L6.19] ✓ PII Filtering: 9 types with audit logging
]]>
</system-out>
</testcase>
<testcase name="L6.19: Security &amp; Compliance › should verify GDPR compliance specification" classname="ai-system-health.spec.ts" time="0.006">
<system-out>
<![CDATA[[L6.19] ✓ GDPR Compliance: 5 rights implemented
]]>
</system-out>
</testcase>
<testcase name="L6.19: Security &amp; Compliance › should verify audit logging specification" classname="ai-system-health.spec.ts" time="0.001">
<system-out>
<![CDATA[[L6.19] ✓ Audit Logging: 6 event types, immutable
]]>
</system-out>
</testcase>
<testcase name="L6.19: Security &amp; Compliance › should verify security API endpoints specification" classname="ai-system-health.spec.ts" time="0.001">
<system-out>
<![CDATA[[L6.19] ✓ Security API: 6 endpoints (admin-only)
]]>
</system-out>
</testcase>
</testsuite>
</testsuites>