<testsuites id="" name="" tests="21" failures="21" skipped="0" errors="0" time="17.123695">
<testsuite name="auth.spec.ts" timestamp="2026-01-03T10:56:33.331Z" hostname="chromium" tests="3" failures="3" skipped="0" time="47.175" errors="0">
<testcase name="Authentication Flow › should login successfully with valid credentials" classname="auth.spec.ts" time="15.75">
<failure message="auth.spec.ts:3:3 should login successfully with valid credentials" type="FAILURE">
<![CDATA[  [chromium] › auth.spec.ts:3:3 › Authentication Flow › should login successfully with valid credentials 

    TimeoutError: page.click: Timeout 15000ms exceeded.
    Call log:
      - waiting for locator('text=Log In')


       6 |
       7 |         // Click "Log In" on Welcome Page
    >  8 |         await page.click('text=Log In');
         |                    ^
       9 |
      10 |         // Fill login form
      11 |         await page.fill('input[type="email"]', 'admin@dbr77.com');
        at /Users/piotrwisniewski/Documents/Antygracity/DRD/consultify/tests/e2e/auth.spec.ts:8:20

    attachment #1: screenshot (image/png) ──────────────────────────────────────────────────────────
    ../../test-results/auth-Authentication-Flow-s-74377-ully-with-valid-credentials-chromium/test-failed-1.png
    ────────────────────────────────────────────────────────────────────────────────────────────────

    attachment #2: trace (application/zip) ─────────────────────────────────────────────────────────
    ../../test-results/auth-Authentication-Flow-s-74377-ully-with-valid-credentials-chromium/trace.zip
    Usage:

        npx playwright show-trace ../../test-results/auth-Authentication-Flow-s-74377-ully-with-valid-credentials-chromium/trace.zip

    ────────────────────────────────────────────────────────────────────────────────────────────────
]]>
</failure>
<system-out>
<![CDATA[
[[ATTACHMENT|test-results/auth-Authentication-Flow-s-74377-ully-with-valid-credentials-chromium/test-failed-1.png]]

[[ATTACHMENT|test-results/auth-Authentication-Flow-s-74377-ully-with-valid-credentials-chromium/trace.zip]]
]]>
</system-out>
</testcase>
<testcase name="Authentication Flow › should show error with invalid credentials" classname="auth.spec.ts" time="15.713">
<failure message="auth.spec.ts:22:3 should show error with invalid credentials" type="FAILURE">
<![CDATA[  [chromium] › auth.spec.ts:22:3 › Authentication Flow › should show error with invalid credentials 

    TimeoutError: page.click: Timeout 15000ms exceeded.
    Call log:
      - waiting for locator('text=Log In')


      24 |
      25 |         // Click "Log In" on Welcome Page
    > 26 |         await page.click('text=Log In');
         |                    ^
      27 |
      28 |         // Fill login form with bad data
      29 |         await page.fill('input[type="email"]', 'wrong@example.com');
        at /Users/piotrwisniewski/Documents/Antygracity/DRD/consultify/tests/e2e/auth.spec.ts:26:20

    attachment #1: screenshot (image/png) ──────────────────────────────────────────────────────────
    ../../test-results/auth-Authentication-Flow-s-22fb7-or-with-invalid-credentials-chromium/test-failed-1.png
    ────────────────────────────────────────────────────────────────────────────────────────────────

    attachment #2: trace (application/zip) ─────────────────────────────────────────────────────────
    ../../test-results/auth-Authentication-Flow-s-22fb7-or-with-invalid-credentials-chromium/trace.zip
    Usage:

        npx playwright show-trace ../../test-results/auth-Authentication-Flow-s-22fb7-or-with-invalid-credentials-chromium/trace.zip

    ────────────────────────────────────────────────────────────────────────────────────────────────
]]>
</failure>
<system-out>
<![CDATA[
[[ATTACHMENT|test-results/auth-Authentication-Flow-s-22fb7-or-with-invalid-credentials-chromium/test-failed-1.png]]

[[ATTACHMENT|test-results/auth-Authentication-Flow-s-22fb7-or-with-invalid-credentials-chromium/trace.zip]]
]]>
</system-out>
</testcase>
<testcase name="Authentication Flow › should logout successfully" classname="auth.spec.ts" time="15.712">
<failure message="auth.spec.ts:41:3 should logout successfully" type="FAILURE">
<![CDATA[  [chromium] › auth.spec.ts:41:3 › Authentication Flow › should logout successfully ────────────────

    TimeoutError: page.click: Timeout 15000ms exceeded.
    Call log:
      - waiting for locator('text=Log In')


      41 |         // Login first
      42 |         await page.goto('/');
    > 43 |         await page.click('text=Log In');
         |                    ^
      44 |         await page.fill('input[type="email"]', 'admin@dbr77.com');
      45 |         await page.fill('input[type="password"]', '123456');
      46 |         await page.click('button[type="submit"]');
        at /Users/piotrwisniewski/Documents/Antygracity/DRD/consultify/tests/e2e/auth.spec.ts:43:20

    attachment #1: screenshot (image/png) ──────────────────────────────────────────────────────────
    ../../test-results/auth-Authentication-Flow-should-logout-successfully-chromium/test-failed-1.png
    ────────────────────────────────────────────────────────────────────────────────────────────────

    attachment #2: trace (application/zip) ─────────────────────────────────────────────────────────
    ../../test-results/auth-Authentication-Flow-should-logout-successfully-chromium/trace.zip
    Usage:

        npx playwright show-trace ../../test-results/auth-Authentication-Flow-should-logout-successfully-chromium/trace.zip

    ────────────────────────────────────────────────────────────────────────────────────────────────
]]>
</failure>
<system-out>
<![CDATA[
[[ATTACHMENT|test-results/auth-Authentication-Flow-should-logout-successfully-chromium/test-failed-1.png]]

[[ATTACHMENT|test-results/auth-Authentication-Flow-should-logout-successfully-chromium/trace.zip]]
]]>
</system-out>
</testcase>
</testsuite>
<testsuite name="navigation.spec.ts" timestamp="2026-01-03T10:56:33.331Z" hostname="chromium" tests="4" failures="4" skipped="0" time="62.835" errors="0">
<testcase name="Navigation Smoke Test › should navigate to Roadmap" classname="navigation.spec.ts" time="15.767">
<failure message="navigation.spec.ts:38:5 should navigate to Roadmap" type="FAILURE">
<![CDATA[  [chromium] › navigation.spec.ts:38:5 › Navigation Smoke Test › should navigate to Roadmap ────────

    TimeoutError: page.click: Timeout 15000ms exceeded.
    Call log:
      - waiting for locator('text=Log In')


       5 |         // Login before each test via UI
       6 |         await page.goto('/');
    >  7 |         await page.click('text=Log In');
         |                    ^
       8 |         await page.fill('input[type="email"]', 'piotr.wisniewski@dbr77.com');
       9 |         await page.fill('input[type="password"]', '123456');
      10 |         await page.click('button[type="submit"]');
        at /Users/piotrwisniewski/Documents/Antygracity/DRD/consultify/tests/e2e/navigation.spec.ts:7:20

    attachment #1: screenshot (image/png) ──────────────────────────────────────────────────────────
    ../../test-results/navigation-Navigation-Smoke-Test-should-navigate-to-Roadmap-chromium/test-failed-1.png
    ────────────────────────────────────────────────────────────────────────────────────────────────

    attachment #2: trace (application/zip) ─────────────────────────────────────────────────────────
    ../../test-results/navigation-Navigation-Smoke-Test-should-navigate-to-Roadmap-chromium/trace.zip
    Usage:

        npx playwright show-trace ../../test-results/navigation-Navigation-Smoke-Test-should-navigate-to-Roadmap-chromium/trace.zip

    ────────────────────────────────────────────────────────────────────────────────────────────────
]]>
</failure>
<system-out>
<![CDATA[
[[ATTACHMENT|test-results/navigation-Navigation-Smoke-Test-should-navigate-to-Roadmap-chromium/test-failed-1.png]]

[[ATTACHMENT|test-results/navigation-Navigation-Smoke-Test-should-navigate-to-Roadmap-chromium/trace.zip]]
]]>
</system-out>
</testcase>
<testcase name="Navigation Smoke Test › should navigate to Initiatives" classname="navigation.spec.ts" time="15.718">
<failure message="navigation.spec.ts:38:5 should navigate to Initiatives" type="FAILURE">
<![CDATA[  [chromium] › navigation.spec.ts:38:5 › Navigation Smoke Test › should navigate to Initiatives ────

    TimeoutError: page.click: Timeout 15000ms exceeded.
    Call log:
      - waiting for locator('text=Log In')


       5 |         // Login before each test via UI
       6 |         await page.goto('/');
    >  7 |         await page.click('text=Log In');
         |                    ^
       8 |         await page.fill('input[type="email"]', 'piotr.wisniewski@dbr77.com');
       9 |         await page.fill('input[type="password"]', '123456');
      10 |         await page.click('button[type="submit"]');
        at /Users/piotrwisniewski/Documents/Antygracity/DRD/consultify/tests/e2e/navigation.spec.ts:7:20

    attachment #1: screenshot (image/png) ──────────────────────────────────────────────────────────
    ../../test-results/navigation-Navigation-Smok-4748e-uld-navigate-to-Initiatives-chromium/test-failed-1.png
    ────────────────────────────────────────────────────────────────────────────────────────────────

    attachment #2: trace (application/zip) ─────────────────────────────────────────────────────────
    ../../test-results/navigation-Navigation-Smok-4748e-uld-navigate-to-Initiatives-chromium/trace.zip
    Usage:

        npx playwright show-trace ../../test-results/navigation-Navigation-Smok-4748e-uld-navigate-to-Initiatives-chromium/trace.zip

    ────────────────────────────────────────────────────────────────────────────────────────────────
]]>
</failure>
<system-out>
<![CDATA[
[[ATTACHMENT|test-results/navigation-Navigation-Smok-4748e-uld-navigate-to-Initiatives-chromium/test-failed-1.png]]

[[ATTACHMENT|test-results/navigation-Navigation-Smok-4748e-uld-navigate-to-Initiatives-chromium/trace.zip]]
]]>
</system-out>
</testcase>
<testcase name="Navigation Smoke Test › should navigate to Projects" classname="navigation.spec.ts" time="15.68">
<failure message="navigation.spec.ts:38:5 should navigate to Projects" type="FAILURE">
<![CDATA[  [chromium] › navigation.spec.ts:38:5 › Navigation Smoke Test › should navigate to Projects ───────

    TimeoutError: page.click: Timeout 15000ms exceeded.
    Call log:
      - waiting for locator('text=Log In')


       5 |         // Login before each test via UI
       6 |         await page.goto('/');
    >  7 |         await page.click('text=Log In');
         |                    ^
       8 |         await page.fill('input[type="email"]', 'piotr.wisniewski@dbr77.com');
       9 |         await page.fill('input[type="password"]', '123456');
      10 |         await page.click('button[type="submit"]');
        at /Users/piotrwisniewski/Documents/Antygracity/DRD/consultify/tests/e2e/navigation.spec.ts:7:20

    attachment #1: screenshot (image/png) ──────────────────────────────────────────────────────────
    ../../test-results/navigation-Navigation-Smoke-Test-should-navigate-to-Projects-chromium/test-failed-1.png
    ────────────────────────────────────────────────────────────────────────────────────────────────

    attachment #2: trace (application/zip) ─────────────────────────────────────────────────────────
    ../../test-results/navigation-Navigation-Smoke-Test-should-navigate-to-Projects-chromium/trace.zip
    Usage:

        npx playwright show-trace ../../test-results/navigation-Navigation-Smoke-Test-should-navigate-to-Projects-chromium/trace.zip

    ────────────────────────────────────────────────────────────────────────────────────────────────
]]>
</failure>
<system-out>
<![CDATA[
[[ATTACHMENT|test-results/navigation-Navigation-Smoke-Test-should-navigate-to-Projects-chromium/test-failed-1.png]]

[[ATTACHMENT|test-results/navigation-Navigation-Smoke-Test-should-navigate-to-Projects-chromium/trace.zip]]
]]>
</system-out>
</testcase>
<testcase name="Navigation Smoke Test › should navigate to Settings" classname="navigation.spec.ts" time="15.67">
<failure message="navigation.spec.ts:38:5 should navigate to Settings" type="FAILURE">
<![CDATA[  [chromium] › navigation.spec.ts:38:5 › Navigation Smoke Test › should navigate to Settings ───────

    TimeoutError: page.click: Timeout 15000ms exceeded.
    Call log:
      - waiting for locator('text=Log In')


       5 |         // Login before each test via UI
       6 |         await page.goto('/');
    >  7 |         await page.click('text=Log In');
         |                    ^
       8 |         await page.fill('input[type="email"]', 'piotr.wisniewski@dbr77.com');
       9 |         await page.fill('input[type="password"]', '123456');
      10 |         await page.click('button[type="submit"]');
        at /Users/piotrwisniewski/Documents/Antygracity/DRD/consultify/tests/e2e/navigation.spec.ts:7:20

    attachment #1: screenshot (image/png) ──────────────────────────────────────────────────────────
    ../../test-results/navigation-Navigation-Smoke-Test-should-navigate-to-Settings-chromium/test-failed-1.png
    ────────────────────────────────────────────────────────────────────────────────────────────────

    attachment #2: trace (application/zip) ─────────────────────────────────────────────────────────
    ../../test-results/navigation-Navigation-Smoke-Test-should-navigate-to-Settings-chromium/trace.zip
    Usage:

        npx playwright show-trace ../../test-results/navigation-Navigation-Smoke-Test-should-navigate-to-Settings-chromium/trace.zip

    ────────────────────────────────────────────────────────────────────────────────────────────────
]]>
</failure>
<system-out>
<![CDATA[
[[ATTACHMENT|test-results/navigation-Navigation-Smoke-Test-should-navigate-to-Settings-chromium/test-failed-1.png]]

[[ATTACHMENT|test-results/navigation-Navigation-Smoke-Test-should-navigate-to-Settings-chromium/trace.zip]]
]]>
</system-out>
</testcase>
</testsuite>
<testsuite name="auth.spec.ts" timestamp="2026-01-03T10:56:33.331Z" hostname="firefox" tests="3" failures="3" skipped="0" time="0.002" errors="0">
<testcase name="Authentication Flow › should login successfully with valid credentials" classname="auth.spec.ts" time="0.001">
<failure message="auth.spec.ts:3:3 should login successfully with valid credentials" type="FAILURE">
<![CDATA[  [firefox] › auth.spec.ts:3:3 › Authentication Flow › should login successfully with valid credentials 

    Error: browserType.launch: Executable doesn't exist at /Users/piotrwisniewski/Library/Caches/ms-playwright/firefox-1497/firefox/Nightly.app/Contents/MacOS/firefox
    ╔═════════════════════════════════════════════════════════════════════════╗
    ║ Looks like Playwright Test or Playwright was just installed or updated. ║
    ║ Please run the following command to download new browsers:              ║
    ║                                                                         ║
    ║     npx playwright install                                              ║
    ║                                                                         ║
    ║ <3 Playwright Team                                                      ║
    ╚═════════════════════════════════════════════════════════════════════════╝

    attachment #1: trace (application/zip) ─────────────────────────────────────────────────────────
    ../../test-results/auth-Authentication-Flow-s-74377-ully-with-valid-credentials-firefox/trace.zip
    Usage:

        npx playwright show-trace ../../test-results/auth-Authentication-Flow-s-74377-ully-with-valid-credentials-firefox/trace.zip

    ────────────────────────────────────────────────────────────────────────────────────────────────
]]>
</failure>
<system-out>
<![CDATA[
[[ATTACHMENT|test-results/auth-Authentication-Flow-s-74377-ully-with-valid-credentials-firefox/trace.zip]]
]]>
</system-out>
</testcase>
<testcase name="Authentication Flow › should show error with invalid credentials" classname="auth.spec.ts" time="0">
<failure message="auth.spec.ts:22:3 should show error with invalid credentials" type="FAILURE">
<![CDATA[  [firefox] › auth.spec.ts:22:3 › Authentication Flow › should show error with invalid credentials ─

    Error: browserType.launch: Executable doesn't exist at /Users/piotrwisniewski/Library/Caches/ms-playwright/firefox-1497/firefox/Nightly.app/Contents/MacOS/firefox
    ╔═════════════════════════════════════════════════════════════════════════╗
    ║ Looks like Playwright Test or Playwright was just installed or updated. ║
    ║ Please run the following command to download new browsers:              ║
    ║                                                                         ║
    ║     npx playwright install                                              ║
    ║                                                                         ║
    ║ <3 Playwright Team                                                      ║
    ╚═════════════════════════════════════════════════════════════════════════╝

    attachment #1: trace (application/zip) ─────────────────────────────────────────────────────────
    ../../test-results/auth-Authentication-Flow-s-22fb7-or-with-invalid-credentials-firefox/trace.zip
    Usage:

        npx playwright show-trace ../../test-results/auth-Authentication-Flow-s-22fb7-or-with-invalid-credentials-firefox/trace.zip

    ────────────────────────────────────────────────────────────────────────────────────────────────
]]>
</failure>
<system-out>
<![CDATA[
[[ATTACHMENT|test-results/auth-Authentication-Flow-s-22fb7-or-with-invalid-credentials-firefox/trace.zip]]
]]>
</system-out>
</testcase>
<testcase name="Authentication Flow › should logout successfully" classname="auth.spec.ts" time="0.001">
<failure message="auth.spec.ts:41:3 should logout successfully" type="FAILURE">
<![CDATA[  [firefox] › auth.spec.ts:41:3 › Authentication Flow › should logout successfully ─────────────────

    Error: browserType.launch: Executable doesn't exist at /Users/piotrwisniewski/Library/Caches/ms-playwright/firefox-1497/firefox/Nightly.app/Contents/MacOS/firefox
    ╔═════════════════════════════════════════════════════════════════════════╗
    ║ Looks like Playwright Test or Playwright was just installed or updated. ║
    ║ Please run the following command to download new browsers:              ║
    ║                                                                         ║
    ║     npx playwright install                                              ║
    ║                                                                         ║
    ║ <3 Playwright Team                                                      ║
    ╚═════════════════════════════════════════════════════════════════════════╝

    attachment #1: trace (application/zip) ─────────────────────────────────────────────────────────
    ../../test-results/auth-Authentication-Flow-should-logout-successfully-firefox/trace.zip
    Usage:

        npx playwright show-trace ../../test-results/auth-Authentication-Flow-should-logout-successfully-firefox/trace.zip

    ────────────────────────────────────────────────────────────────────────────────────────────────
]]>
</failure>
<system-out>
<![CDATA[
[[ATTACHMENT|test-results/auth-Authentication-Flow-should-logout-successfully-firefox/trace.zip]]
]]>
</system-out>
</testcase>
</testsuite>
<testsuite name="navigation.spec.ts" timestamp="2026-01-03T10:56:33.331Z" hostname="firefox" tests="4" failures="4" skipped="0" time="0.001" errors="0">
<testcase name="Navigation Smoke Test › should navigate to Roadmap" classname="navigation.spec.ts" time="0.001">
<failure message="navigation.spec.ts:38:5 should navigate to Roadmap" type="FAILURE">
<![CDATA[  [firefox] › navigation.spec.ts:38:5 › Navigation Smoke Test › should navigate to Roadmap ─────────

    Error: browserType.launch: Executable doesn't exist at /Users/piotrwisniewski/Library/Caches/ms-playwright/firefox-1497/firefox/Nightly.app/Contents/MacOS/firefox
    ╔═════════════════════════════════════════════════════════════════════════╗
    ║ Looks like Playwright Test or Playwright was just installed or updated. ║
    ║ Please run the following command to download new browsers:              ║
    ║                                                                         ║
    ║     npx playwright install                                              ║
    ║                                                                         ║
    ║ <3 Playwright Team                                                      ║
    ╚═════════════════════════════════════════════════════════════════════════╝

    attachment #1: trace (application/zip) ─────────────────────────────────────────────────────────
    ../../test-results/navigation-Navigation-Smoke-Test-should-navigate-to-Roadmap-firefox/trace.zip
    Usage:

        npx playwright show-trace ../../test-results/navigation-Navigation-Smoke-Test-should-navigate-to-Roadmap-firefox/trace.zip

    ────────────────────────────────────────────────────────────────────────────────────────────────
]]>
</failure>
<system-out>
<![CDATA[
[[ATTACHMENT|test-results/navigation-Navigation-Smoke-Test-should-navigate-to-Roadmap-firefox/trace.zip]]
]]>
</system-out>
</testcase>
<testcase name="Navigation Smoke Test › should navigate to Initiatives" classname="navigation.spec.ts" time="0">
<failure message="navigation.spec.ts:38:5 should navigate to Initiatives" type="FAILURE">
<![CDATA[  [firefox] › navigation.spec.ts:38:5 › Navigation Smoke Test › should navigate to Initiatives ─────

    Error: browserType.launch: Executable doesn't exist at /Users/piotrwisniewski/Library/Caches/ms-playwright/firefox-1497/firefox/Nightly.app/Contents/MacOS/firefox
    ╔═════════════════════════════════════════════════════════════════════════╗
    ║ Looks like Playwright Test or Playwright was just installed or updated. ║
    ║ Please run the following command to download new browsers:              ║
    ║                                                                         ║
    ║     npx playwright install                                              ║
    ║                                                                         ║
    ║ <3 Playwright Team                                                      ║
    ╚═════════════════════════════════════════════════════════════════════════╝

    attachment #1: trace (application/zip) ─────────────────────────────────────────────────────────
    ../../test-results/navigation-Navigation-Smok-4748e-uld-navigate-to-Initiatives-firefox/trace.zip
    Usage:

        npx playwright show-trace ../../test-results/navigation-Navigation-Smok-4748e-uld-navigate-to-Initiatives-firefox/trace.zip

    ────────────────────────────────────────────────────────────────────────────────────────────────
]]>
</failure>
<system-out>
<![CDATA[
[[ATTACHMENT|test-results/navigation-Navigation-Smok-4748e-uld-navigate-to-Initiatives-firefox/trace.zip]]
]]>
</system-out>
</testcase>
<testcase name="Navigation Smoke Test › should navigate to Projects" classname="navigation.spec.ts" time="0">
<failure message="navigation.spec.ts:38:5 should navigate to Projects" type="FAILURE">
<![CDATA[  [firefox] › navigation.spec.ts:38:5 › Navigation Smoke Test › should navigate to Projects ────────

    Error: browserType.launch: Executable doesn't exist at /Users/piotrwisniewski/Library/Caches/ms-playwright/firefox-1497/firefox/Nightly.app/Contents/MacOS/firefox
    ╔═════════════════════════════════════════════════════════════════════════╗
    ║ Looks like Playwright Test or Playwright was just installed or updated. ║
    ║ Please run the following command to download new browsers:              ║
    ║                                                                         ║
    ║     npx playwright install                                              ║
    ║                                                                         ║
    ║ <3 Playwright Team                                                      ║
    ╚═════════════════════════════════════════════════════════════════════════╝

    attachment #1: trace (application/zip) ─────────────────────────────────────────────────────────
    ../../test-results/navigation-Navigation-Smoke-Test-should-navigate-to-Projects-firefox/trace.zip
    Usage:

        npx playwright show-trace ../../test-results/navigation-Navigation-Smoke-Test-should-navigate-to-Projects-firefox/trace.zip

    ────────────────────────────────────────────────────────────────────────────────────────────────
]]>
</failure>
<system-out>
<![CDATA[
[[ATTACHMENT|test-results/navigation-Navigation-Smoke-Test-should-navigate-to-Projects-firefox/trace.zip]]
]]>
</system-out>
</testcase>
<testcase name="Navigation Smoke Test › should navigate to Settings" classname="navigation.spec.ts" time="0">
<failure message="navigation.spec.ts:38:5 should navigate to Settings" type="FAILURE">
<![CDATA[  [firefox] › navigation.spec.ts:38:5 › Navigation Smoke Test › should navigate to Settings ────────

    Error: browserType.launch: Executable doesn't exist at /Users/piotrwisniewski/Library/Caches/ms-playwright/firefox-1497/firefox/Nightly.app/Contents/MacOS/firefox
    ╔═════════════════════════════════════════════════════════════════════════╗
    ║ Looks like Playwright Test or Playwright was just installed or updated. ║
    ║ Please run the following command to download new browsers:              ║
    ║                                                                         ║
    ║     npx playwright install                                              ║
    ║                                                                         ║
    ║ <3 Playwright Team                                                      ║
    ╚═════════════════════════════════════════════════════════════════════════╝

    attachment #1: trace (application/zip) ─────────────────────────────────────────────────────────
    ../../test-results/navigation-Navigation-Smoke-Test-should-navigate-to-Settings-firefox/trace.zip
    Usage:

        npx playwright show-trace ../../test-results/navigation-Navigation-Smoke-Test-should-navigate-to-Settings-firefox/trace.zip

    ────────────────────────────────────────────────────────────────────────────────────────────────
]]>
</failure>
<system-out>
<![CDATA[
[[ATTACHMENT|test-results/navigation-Navigation-Smoke-Test-should-navigate-to-Settings-firefox/trace.zip]]
]]>
</system-out>
</testcase>
</testsuite>
<testsuite name="auth.spec.ts" timestamp="2026-01-03T10:56:33.331Z" hostname="webkit" tests="3" failures="3" skipped="0" time="0" errors="0">
<testcase name="Authentication Flow › should login successfully with valid credentials" classname="auth.spec.ts" time="0">
<failure message="auth.spec.ts:3:3 should login successfully with valid credentials" type="FAILURE">
<![CDATA[  [webkit] › auth.spec.ts:3:3 › Authentication Flow › should login successfully with valid credentials 

    Error: browserType.launch: Executable doesn't exist at /Users/piotrwisniewski/Library/Caches/ms-playwright/webkit-2227/pw_run.sh
    ╔═════════════════════════════════════════════════════════════════════════╗
    ║ Looks like Playwright Test or Playwright was just installed or updated. ║
    ║ Please run the following command to download new browsers:              ║
    ║                                                                         ║
    ║     npx playwright install                                              ║
    ║                                                                         ║
    ║ <3 Playwright Team                                                      ║
    ╚═════════════════════════════════════════════════════════════════════════╝

    attachment #1: trace (application/zip) ─────────────────────────────────────────────────────────
    ../../test-results/auth-Authentication-Flow-s-74377-ully-with-valid-credentials-webkit/trace.zip
    Usage:

        npx playwright show-trace ../../test-results/auth-Authentication-Flow-s-74377-ully-with-valid-credentials-webkit/trace.zip

    ────────────────────────────────────────────────────────────────────────────────────────────────
]]>
</failure>
<system-out>
<![CDATA[
[[ATTACHMENT|test-results/auth-Authentication-Flow-s-74377-ully-with-valid-credentials-webkit/trace.zip]]
]]>
</system-out>
</testcase>
<testcase name="Authentication Flow › should show error with invalid credentials" classname="auth.spec.ts" time="0">
<failure message="auth.spec.ts:22:3 should show error with invalid credentials" type="FAILURE">
<![CDATA[  [webkit] › auth.spec.ts:22:3 › Authentication Flow › should show error with invalid credentials ──

    Error: browserType.launch: Executable doesn't exist at /Users/piotrwisniewski/Library/Caches/ms-playwright/webkit-2227/pw_run.sh
    ╔═════════════════════════════════════════════════════════════════════════╗
    ║ Looks like Playwright Test or Playwright was just installed or updated. ║
    ║ Please run the following command to download new browsers:              ║
    ║                                                                         ║
    ║     npx playwright install                                              ║
    ║                                                                         ║
    ║ <3 Playwright Team                                                      ║
    ╚═════════════════════════════════════════════════════════════════════════╝

    attachment #1: trace (application/zip) ─────────────────────────────────────────────────────────
    ../../test-results/auth-Authentication-Flow-s-22fb7-or-with-invalid-credentials-webkit/trace.zip
    Usage:

        npx playwright show-trace ../../test-results/auth-Authentication-Flow-s-22fb7-or-with-invalid-credentials-webkit/trace.zip

    ────────────────────────────────────────────────────────────────────────────────────────────────
]]>
</failure>
<system-out>
<![CDATA[
[[ATTACHMENT|test-results/auth-Authentication-Flow-s-22fb7-or-with-invalid-credentials-webkit/trace.zip]]
]]>
</system-out>
</testcase>
<testcase name="Authentication Flow › should logout successfully" classname="auth.spec.ts" time="0">
<failure message="auth.spec.ts:41:3 should logout successfully" type="FAILURE">
<![CDATA[  [webkit] › auth.spec.ts:41:3 › Authentication Flow › should logout successfully ──────────────────

    Error: browserType.launch: Executable doesn't exist at /Users/piotrwisniewski/Library/Caches/ms-playwright/webkit-2227/pw_run.sh
    ╔═════════════════════════════════════════════════════════════════════════╗
    ║ Looks like Playwright Test or Playwright was just installed or updated. ║
    ║ Please run the following command to download new browsers:              ║
    ║                                                                         ║
    ║     npx playwright install                                              ║
    ║                                                                         ║
    ║ <3 Playwright Team                                                      ║
    ╚═════════════════════════════════════════════════════════════════════════╝

    attachment #1: trace (application/zip) ─────────────────────────────────────────────────────────
    ../../test-results/auth-Authentication-Flow-should-logout-successfully-webkit/trace.zip
    Usage:

        npx playwright show-trace ../../test-results/auth-Authentication-Flow-should-logout-successfully-webkit/trace.zip

    ────────────────────────────────────────────────────────────────────────────────────────────────
]]>
</failure>
<system-out>
<![CDATA[
[[ATTACHMENT|test-results/auth-Authentication-Flow-should-logout-successfully-webkit/trace.zip]]
]]>
</system-out>
</testcase>
</testsuite>
<testsuite name="navigation.spec.ts" timestamp="2026-01-03T10:56:33.331Z" hostname="webkit" tests="4" failures="4" skipped="0" time="0.003" errors="0">
<testcase name="Navigation Smoke Test › should navigate to Roadmap" classname="navigation.spec.ts" time="0.001">
<failure message="navigation.spec.ts:38:5 should navigate to Roadmap" type="FAILURE">
<![CDATA[  [webkit] › navigation.spec.ts:38:5 › Navigation Smoke Test › should navigate to Roadmap ──────────

    Error: browserType.launch: Executable doesn't exist at /Users/piotrwisniewski/Library/Caches/ms-playwright/webkit-2227/pw_run.sh
    ╔═════════════════════════════════════════════════════════════════════════╗
    ║ Looks like Playwright Test or Playwright was just installed or updated. ║
    ║ Please run the following command to download new browsers:              ║
    ║                                                                         ║
    ║     npx playwright install                                              ║
    ║                                                                         ║
    ║ <3 Playwright Team                                                      ║
    ╚═════════════════════════════════════════════════════════════════════════╝

    attachment #1: trace (application/zip) ─────────────────────────────────────────────────────────
    ../../test-results/navigation-Navigation-Smoke-Test-should-navigate-to-Roadmap-webkit/trace.zip
    Usage:

        npx playwright show-trace ../../test-results/navigation-Navigation-Smoke-Test-should-navigate-to-Roadmap-webkit/trace.zip

    ────────────────────────────────────────────────────────────────────────────────────────────────
]]>
</failure>
<system-out>
<![CDATA[
[[ATTACHMENT|test-results/navigation-Navigation-Smoke-Test-should-navigate-to-Roadmap-webkit/trace.zip]]
]]>
</system-out>
</testcase>
<testcase name="Navigation Smoke Test › should navigate to Initiatives" classname="navigation.spec.ts" time="0">
<failure message="navigation.spec.ts:38:5 should navigate to Initiatives" type="FAILURE">
<![CDATA[  [webkit] › navigation.spec.ts:38:5 › Navigation Smoke Test › should navigate to Initiatives ──────

    Error: browserType.launch: Executable doesn't exist at /Users/piotrwisniewski/Library/Caches/ms-playwright/webkit-2227/pw_run.sh
    ╔═════════════════════════════════════════════════════════════════════════╗
    ║ Looks like Playwright Test or Playwright was just installed or updated. ║
    ║ Please run the following command to download new browsers:              ║
    ║                                                                         ║
    ║     npx playwright install                                              ║
    ║                                                                         ║
    ║ <3 Playwright Team                                                      ║
    ╚═════════════════════════════════════════════════════════════════════════╝

    attachment #1: trace (application/zip) ─────────────────────────────────────────────────────────
    ../../test-results/navigation-Navigation-Smok-4748e-uld-navigate-to-Initiatives-webkit/trace.zip
    Usage:

        npx playwright show-trace ../../test-results/navigation-Navigation-Smok-4748e-uld-navigate-to-Initiatives-webkit/trace.zip

    ────────────────────────────────────────────────────────────────────────────────────────────────
]]>
</failure>
<system-out>
<![CDATA[
[[ATTACHMENT|test-results/navigation-Navigation-Smok-4748e-uld-navigate-to-Initiatives-webkit/trace.zip]]
]]>
</system-out>
</testcase>
<testcase name="Navigation Smoke Test › should navigate to Projects" classname="navigation.spec.ts" time="0">
<failure message="navigation.spec.ts:38:5 should navigate to Projects" type="FAILURE">
<![CDATA[  [webkit] › navigation.spec.ts:38:5 › Navigation Smoke Test › should navigate to Projects ─────────

    Error: browserType.launch: Executable doesn't exist at /Users/piotrwisniewski/Library/Caches/ms-playwright/webkit-2227/pw_run.sh
    ╔═════════════════════════════════════════════════════════════════════════╗
    ║ Looks like Playwright Test or Playwright was just installed or updated. ║
    ║ Please run the following command to download new browsers:              ║
    ║                                                                         ║
    ║     npx playwright install                                              ║
    ║                                                                         ║
    ║ <3 Playwright Team                                                      ║
    ╚═════════════════════════════════════════════════════════════════════════╝

    attachment #1: trace (application/zip) ─────────────────────────────────────────────────────────
    ../../test-results/navigation-Navigation-Smoke-Test-should-navigate-to-Projects-webkit/trace.zip
    Usage:

        npx playwright show-trace ../../test-results/navigation-Navigation-Smoke-Test-should-navigate-to-Projects-webkit/trace.zip

    ────────────────────────────────────────────────────────────────────────────────────────────────
]]>
</failure>
<system-out>
<![CDATA[
[[ATTACHMENT|test-results/navigation-Navigation-Smoke-Test-should-navigate-to-Projects-webkit/trace.zip]]
]]>
</system-out>
</testcase>
<testcase name="Navigation Smoke Test › should navigate to Settings" classname="navigation.spec.ts" time="0.002">
<failure message="navigation.spec.ts:38:5 should navigate to Settings" type="FAILURE">
<![CDATA[  [webkit] › navigation.spec.ts:38:5 › Navigation Smoke Test › should navigate to Settings ─────────

    Error: browserType.launch: Executable doesn't exist at /Users/piotrwisniewski/Library/Caches/ms-playwright/webkit-2227/pw_run.sh
    ╔═════════════════════════════════════════════════════════════════════════╗
    ║ Looks like Playwright Test or Playwright was just installed or updated. ║
    ║ Please run the following command to download new browsers:              ║
    ║                                                                         ║
    ║     npx playwright install                                              ║
    ║                                                                         ║
    ║ <3 Playwright Team                                                      ║
    ╚═════════════════════════════════════════════════════════════════════════╝

    attachment #1: trace (application/zip) ─────────────────────────────────────────────────────────
    ../../test-results/navigation-Navigation-Smoke-Test-should-navigate-to-Settings-webkit/trace.zip
    Usage:

        npx playwright show-trace ../../test-results/navigation-Navigation-Smoke-Test-should-navigate-to-Settings-webkit/trace.zip

    ────────────────────────────────────────────────────────────────────────────────────────────────
]]>
</failure>
<system-out>
<![CDATA[
[[ATTACHMENT|test-results/navigation-Navigation-Smoke-Test-should-navigate-to-Settings-webkit/trace.zip]]
]]>
</system-out>
</testcase>
</testsuite>
</testsuites>