<testsuites id="" name="" tests="36" failures="36" skipped="0" errors="0" time="2.082987">
<testsuite name="auth.spec.ts" timestamp="2025-12-20T16:08:21.044Z" hostname="chromium" tests="3" failures="3" skipped="0" time="0.003" errors="0">
<testcase name="Authentication Flow › should login successfully with valid credentials" classname="auth.spec.ts" time="0.001">
<failure message="auth.spec.ts:3:3 should login successfully with valid credentials" type="FAILURE">
<![CDATA[  [chromium] › auth.spec.ts:3:3 › Authentication Flow › should login successfully with valid credentials 

    Error: browserType.launch: Executable doesn't exist at /Users/piotrwisniewski/Library/Caches/ms-playwright/chromium_headless_shell-1200/chrome-headless-shell-mac-arm64/chrome-headless-shell
    ╔═════════════════════════════════════════════════════════════════════════╗
    ║ Looks like Playwright Test or Playwright was just installed or updated. ║
    ║ Please run the following command to download new browsers:              ║
    ║                                                                         ║
    ║     npx playwright install                                              ║
    ║                                                                         ║
    ║ <3 Playwright Team                                                      ║
    ╚═════════════════════════════════════════════════════════════════════════╝

    attachment #1: trace (application/zip) ─────────────────────────────────────────────────────────
    ../../test-results/auth-Authentication-Flow-s-74377-ully-with-valid-credentials-chromium/trace.zip
    Usage:

        npx playwright show-trace ../../test-results/auth-Authentication-Flow-s-74377-ully-with-valid-credentials-chromium/trace.zip

    ────────────────────────────────────────────────────────────────────────────────────────────────
]]>
</failure>
<system-out>
<![CDATA[
[[ATTACHMENT|test-results/auth-Authentication-Flow-s-74377-ully-with-valid-credentials-chromium/trace.zip]]
]]>
</system-out>
</testcase>
<testcase name="Authentication Flow › should show error with invalid credentials" classname="auth.spec.ts" time="0.001">
<failure message="auth.spec.ts:22:3 should show error with invalid credentials" type="FAILURE">
<![CDATA[  [chromium] › auth.spec.ts:22:3 › Authentication Flow › should show error with invalid credentials 

    Error: browserType.launch: Executable doesn't exist at /Users/piotrwisniewski/Library/Caches/ms-playwright/chromium_headless_shell-1200/chrome-headless-shell-mac-arm64/chrome-headless-shell
    ╔═════════════════════════════════════════════════════════════════════════╗
    ║ Looks like Playwright Test or Playwright was just installed or updated. ║
    ║ Please run the following command to download new browsers:              ║
    ║                                                                         ║
    ║     npx playwright install                                              ║
    ║                                                                         ║
    ║ <3 Playwright Team                                                      ║
    ╚═════════════════════════════════════════════════════════════════════════╝

    attachment #1: trace (application/zip) ─────────────────────────────────────────────────────────
    ../../test-results/auth-Authentication-Flow-s-22fb7-or-with-invalid-credentials-chromium/trace.zip
    Usage:

        npx playwright show-trace ../../test-results/auth-Authentication-Flow-s-22fb7-or-with-invalid-credentials-chromium/trace.zip

    ────────────────────────────────────────────────────────────────────────────────────────────────
]]>
</failure>
<system-out>
<![CDATA[
[[ATTACHMENT|test-results/auth-Authentication-Flow-s-22fb7-or-with-invalid-credentials-chromium/trace.zip]]
]]>
</system-out>
</testcase>
<testcase name="Authentication Flow › should logout successfully" classname="auth.spec.ts" time="0.001">
<failure message="auth.spec.ts:41:3 should logout successfully" type="FAILURE">
<![CDATA[  [chromium] › auth.spec.ts:41:3 › Authentication Flow › should logout successfully ────────────────

    Error: browserType.launch: Executable doesn't exist at /Users/piotrwisniewski/Library/Caches/ms-playwright/chromium_headless_shell-1200/chrome-headless-shell-mac-arm64/chrome-headless-shell
    ╔═════════════════════════════════════════════════════════════════════════╗
    ║ Looks like Playwright Test or Playwright was just installed or updated. ║
    ║ Please run the following command to download new browsers:              ║
    ║                                                                         ║
    ║     npx playwright install                                              ║
    ║                                                                         ║
    ║ <3 Playwright Team                                                      ║
    ╚═════════════════════════════════════════════════════════════════════════╝

    attachment #1: trace (application/zip) ─────────────────────────────────────────────────────────
    ../../test-results/auth-Authentication-Flow-should-logout-successfully-chromium/trace.zip
    Usage:

        npx playwright show-trace ../../test-results/auth-Authentication-Flow-should-logout-successfully-chromium/trace.zip

    ────────────────────────────────────────────────────────────────────────────────────────────────
]]>
</failure>
<system-out>
<![CDATA[
[[ATTACHMENT|test-results/auth-Authentication-Flow-should-logout-successfully-chromium/trace.zip]]
]]>
</system-out>
</testcase>
</testsuite>
<testsuite name="basic.spec.ts" timestamp="2025-12-20T16:08:21.044Z" hostname="chromium" tests="1" failures="1" skipped="0" time="0.001" errors="0">
<testcase name="Level 4: E2E - App Loads" classname="basic.spec.ts" time="0.001">
<failure message="basic.spec.ts:2:1 Level 4: E2E - App Loads" type="FAILURE">
<![CDATA[  [chromium] › basic.spec.ts:2:1 › Level 4: E2E - App Loads ────────────────────────────────────────

    Error: browserType.launch: Executable doesn't exist at /Users/piotrwisniewski/Library/Caches/ms-playwright/chromium_headless_shell-1200/chrome-headless-shell-mac-arm64/chrome-headless-shell
    ╔═════════════════════════════════════════════════════════════════════════╗
    ║ Looks like Playwright Test or Playwright was just installed or updated. ║
    ║ Please run the following command to download new browsers:              ║
    ║                                                                         ║
    ║     npx playwright install                                              ║
    ║                                                                         ║
    ║ <3 Playwright Team                                                      ║
    ╚═════════════════════════════════════════════════════════════════════════╝

    attachment #1: trace (application/zip) ─────────────────────────────────────────────────────────
    ../../test-results/basic-Level-4-E2E---App-Loads-chromium/trace.zip
    Usage:

        npx playwright show-trace ../../test-results/basic-Level-4-E2E---App-Loads-chromium/trace.zip

    ────────────────────────────────────────────────────────────────────────────────────────────────
]]>
</failure>
<system-out>
<![CDATA[
[[ATTACHMENT|test-results/basic-Level-4-E2E---App-Loads-chromium/trace.zip]]
]]>
</system-out>
</testcase>
</testsuite>
<testsuite name="fullFlow.spec.ts" timestamp="2025-12-20T16:08:21.044Z" hostname="chromium" tests="3" failures="3" skipped="0" time="0.003" errors="0">
<testcase name="Full User Flow Tests › should complete intro assessment flow" classname="fullFlow.spec.ts" time="0.001">
<failure message="fullFlow.spec.ts:20:3 should complete intro assessment flow" type="FAILURE">
<![CDATA[  [chromium] › fullFlow.spec.ts:20:3 › Full User Flow Tests › should complete intro assessment flow 

    Error: browserType.launch: Executable doesn't exist at /Users/piotrwisniewski/Library/Caches/ms-playwright/chromium_headless_shell-1200/chrome-headless-shell-mac-arm64/chrome-headless-shell
    ╔═════════════════════════════════════════════════════════════════════════╗
    ║ Looks like Playwright Test or Playwright was just installed or updated. ║
    ║ Please run the following command to download new browsers:              ║
    ║                                                                         ║
    ║     npx playwright install                                              ║
    ║                                                                         ║
    ║ <3 Playwright Team                                                      ║
    ╚═════════════════════════════════════════════════════════════════════════╝

    attachment #1: trace (application/zip) ─────────────────────────────────────────────────────────
    ../../test-results/fullFlow-Full-User-Flow-Te-f0d87-plete-intro-assessment-flow-chromium/trace.zip
    Usage:

        npx playwright show-trace ../../test-results/fullFlow-Full-User-Flow-Te-f0d87-plete-intro-assessment-flow-chromium/trace.zip

    ────────────────────────────────────────────────────────────────────────────────────────────────
]]>
</failure>
<system-out>
<![CDATA[
[[ATTACHMENT|test-results/fullFlow-Full-User-Flow-Te-f0d87-plete-intro-assessment-flow-chromium/trace.zip]]
]]>
</system-out>
</testcase>
<testcase name="Full User Flow Tests › should navigate through accessible modules" classname="fullFlow.spec.ts" time="0.001">
<failure message="fullFlow.spec.ts:41:3 should navigate through accessible modules" type="FAILURE">
<![CDATA[  [chromium] › fullFlow.spec.ts:41:3 › Full User Flow Tests › should navigate through accessible modules 

    Error: browserType.launch: Executable doesn't exist at /Users/piotrwisniewski/Library/Caches/ms-playwright/chromium_headless_shell-1200/chrome-headless-shell-mac-arm64/chrome-headless-shell
    ╔═════════════════════════════════════════════════════════════════════════╗
    ║ Looks like Playwright Test or Playwright was just installed or updated. ║
    ║ Please run the following command to download new browsers:              ║
    ║                                                                         ║
    ║     npx playwright install                                              ║
    ║                                                                         ║
    ║ <3 Playwright Team                                                      ║
    ╚═════════════════════════════════════════════════════════════════════════╝

    attachment #1: trace (application/zip) ─────────────────────────────────────────────────────────
    ../../test-results/fullFlow-Full-User-Flow-Te-54dfb--through-accessible-modules-chromium/trace.zip
    Usage:

        npx playwright show-trace ../../test-results/fullFlow-Full-User-Flow-Te-54dfb--through-accessible-modules-chromium/trace.zip

    ────────────────────────────────────────────────────────────────────────────────────────────────
]]>
</failure>
<system-out>
<![CDATA[
[[ATTACHMENT|test-results/fullFlow-Full-User-Flow-Te-54dfb--through-accessible-modules-chromium/trace.zip]]
]]>
</system-out>
</testcase>
<testcase name="Full User Flow Tests › should handle task creation and assignment" classname="fullFlow.spec.ts" time="0.001">
<failure message="fullFlow.spec.ts:82:3 should handle task creation and assignment" type="FAILURE">
<![CDATA[  [chromium] › fullFlow.spec.ts:82:3 › Full User Flow Tests › should handle task creation and assignment 

    Error: browserType.launch: Executable doesn't exist at /Users/piotrwisniewski/Library/Caches/ms-playwright/chromium_headless_shell-1200/chrome-headless-shell-mac-arm64/chrome-headless-shell
    ╔═════════════════════════════════════════════════════════════════════════╗
    ║ Looks like Playwright Test or Playwright was just installed or updated. ║
    ║ Please run the following command to download new browsers:              ║
    ║                                                                         ║
    ║     npx playwright install                                              ║
    ║                                                                         ║
    ║ <3 Playwright Team                                                      ║
    ╚═════════════════════════════════════════════════════════════════════════╝

    attachment #1: trace (application/zip) ─────────────────────────────────────────────────────────
    ../../test-results/fullFlow-Full-User-Flow-Te-f7698-ask-creation-and-assignment-chromium/trace.zip
    Usage:

        npx playwright show-trace ../../test-results/fullFlow-Full-User-Flow-Te-f7698-ask-creation-and-assignment-chromium/trace.zip

    ────────────────────────────────────────────────────────────────────────────────────────────────
]]>
</failure>
<system-out>
<![CDATA[
[[ATTACHMENT|test-results/fullFlow-Full-User-Flow-Te-f7698-ask-creation-and-assignment-chromium/trace.zip]]
]]>
</system-out>
</testcase>
</testsuite>
<testsuite name="navigation.spec.ts" timestamp="2025-12-20T16:08:21.044Z" hostname="chromium" tests="4" failures="4" skipped="0" time="0.003" errors="0">
<testcase name="Navigation Smoke Test › should navigate to Roadmap" classname="navigation.spec.ts" time="0.001">
<failure message="navigation.spec.ts:38:5 should navigate to Roadmap" type="FAILURE">
<![CDATA[  [chromium] › navigation.spec.ts:38:5 › Navigation Smoke Test › should navigate to Roadmap ────────

    Error: browserType.launch: Executable doesn't exist at /Users/piotrwisniewski/Library/Caches/ms-playwright/chromium_headless_shell-1200/chrome-headless-shell-mac-arm64/chrome-headless-shell
    ╔═════════════════════════════════════════════════════════════════════════╗
    ║ Looks like Playwright Test or Playwright was just installed or updated. ║
    ║ Please run the following command to download new browsers:              ║
    ║                                                                         ║
    ║     npx playwright install                                              ║
    ║                                                                         ║
    ║ <3 Playwright Team                                                      ║
    ╚═════════════════════════════════════════════════════════════════════════╝

    attachment #1: trace (application/zip) ─────────────────────────────────────────────────────────
    ../../test-results/navigation-Navigation-Smoke-Test-should-navigate-to-Roadmap-chromium/trace.zip
    Usage:

        npx playwright show-trace ../../test-results/navigation-Navigation-Smoke-Test-should-navigate-to-Roadmap-chromium/trace.zip

    ────────────────────────────────────────────────────────────────────────────────────────────────
]]>
</failure>
<system-out>
<![CDATA[
[[ATTACHMENT|test-results/navigation-Navigation-Smoke-Test-should-navigate-to-Roadmap-chromium/trace.zip]]
]]>
</system-out>
</testcase>
<testcase name="Navigation Smoke Test › should navigate to Initiatives" classname="navigation.spec.ts" time="0.001">
<failure message="navigation.spec.ts:38:5 should navigate to Initiatives" type="FAILURE">
<![CDATA[  [chromium] › navigation.spec.ts:38:5 › Navigation Smoke Test › should navigate to Initiatives ────

    Error: browserType.launch: Executable doesn't exist at /Users/piotrwisniewski/Library/Caches/ms-playwright/chromium_headless_shell-1200/chrome-headless-shell-mac-arm64/chrome-headless-shell
    ╔═════════════════════════════════════════════════════════════════════════╗
    ║ Looks like Playwright Test or Playwright was just installed or updated. ║
    ║ Please run the following command to download new browsers:              ║
    ║                                                                         ║
    ║     npx playwright install                                              ║
    ║                                                                         ║
    ║ <3 Playwright Team                                                      ║
    ╚═════════════════════════════════════════════════════════════════════════╝

    attachment #1: trace (application/zip) ─────────────────────────────────────────────────────────
    ../../test-results/navigation-Navigation-Smok-4748e-uld-navigate-to-Initiatives-chromium/trace.zip
    Usage:

        npx playwright show-trace ../../test-results/navigation-Navigation-Smok-4748e-uld-navigate-to-Initiatives-chromium/trace.zip

    ────────────────────────────────────────────────────────────────────────────────────────────────
]]>
</failure>
<system-out>
<![CDATA[
[[ATTACHMENT|test-results/navigation-Navigation-Smok-4748e-uld-navigate-to-Initiatives-chromium/trace.zip]]
]]>
</system-out>
</testcase>
<testcase name="Navigation Smoke Test › should navigate to Projects" classname="navigation.spec.ts" time="0">
<failure message="navigation.spec.ts:38:5 should navigate to Projects" type="FAILURE">
<![CDATA[  [chromium] › navigation.spec.ts:38:5 › Navigation Smoke Test › should navigate to Projects ───────

    Error: browserType.launch: Executable doesn't exist at /Users/piotrwisniewski/Library/Caches/ms-playwright/chromium_headless_shell-1200/chrome-headless-shell-mac-arm64/chrome-headless-shell
    ╔═════════════════════════════════════════════════════════════════════════╗
    ║ Looks like Playwright Test or Playwright was just installed or updated. ║
    ║ Please run the following command to download new browsers:              ║
    ║                                                                         ║
    ║     npx playwright install                                              ║
    ║                                                                         ║
    ║ <3 Playwright Team                                                      ║
    ╚═════════════════════════════════════════════════════════════════════════╝

    attachment #1: trace (application/zip) ─────────────────────────────────────────────────────────
    ../../test-results/navigation-Navigation-Smoke-Test-should-navigate-to-Projects-chromium/trace.zip
    Usage:

        npx playwright show-trace ../../test-results/navigation-Navigation-Smoke-Test-should-navigate-to-Projects-chromium/trace.zip

    ────────────────────────────────────────────────────────────────────────────────────────────────
]]>
</failure>
<system-out>
<![CDATA[
[[ATTACHMENT|test-results/navigation-Navigation-Smoke-Test-should-navigate-to-Projects-chromium/trace.zip]]
]]>
</system-out>
</testcase>
<testcase name="Navigation Smoke Test › should navigate to Settings" classname="navigation.spec.ts" time="0.001">
<failure message="navigation.spec.ts:38:5 should navigate to Settings" type="FAILURE">
<![CDATA[  [chromium] › navigation.spec.ts:38:5 › Navigation Smoke Test › should navigate to Settings ───────

    Error: browserType.launch: Executable doesn't exist at /Users/piotrwisniewski/Library/Caches/ms-playwright/chromium_headless_shell-1200/chrome-headless-shell-mac-arm64/chrome-headless-shell
    ╔═════════════════════════════════════════════════════════════════════════╗
    ║ Looks like Playwright Test or Playwright was just installed or updated. ║
    ║ Please run the following command to download new browsers:              ║
    ║                                                                         ║
    ║     npx playwright install                                              ║
    ║                                                                         ║
    ║ <3 Playwright Team                                                      ║
    ╚═════════════════════════════════════════════════════════════════════════╝

    attachment #1: trace (application/zip) ─────────────────────────────────────────────────────────
    ../../test-results/navigation-Navigation-Smoke-Test-should-navigate-to-Settings-chromium/trace.zip
    Usage:

        npx playwright show-trace ../../test-results/navigation-Navigation-Smoke-Test-should-navigate-to-Settings-chromium/trace.zip

    ────────────────────────────────────────────────────────────────────────────────────────────────
]]>
</failure>
<system-out>
<![CDATA[
[[ATTACHMENT|test-results/navigation-Navigation-Smoke-Test-should-navigate-to-Settings-chromium/trace.zip]]
]]>
</system-out>
</testcase>
</testsuite>
<testsuite name="projects.spec.ts" timestamp="2025-12-20T16:08:21.044Z" hostname="chromium" tests="1" failures="1" skipped="0" time="0.001" errors="0">
<testcase name="Project Management › should create a new project" classname="projects.spec.ts" time="0.001">
<failure message="projects.spec.ts:14:3 should create a new project" type="FAILURE">
<![CDATA[  [chromium] › projects.spec.ts:14:3 › Project Management › should create a new project ────────────

    Error: browserType.launch: Executable doesn't exist at /Users/piotrwisniewski/Library/Caches/ms-playwright/chromium_headless_shell-1200/chrome-headless-shell-mac-arm64/chrome-headless-shell
    ╔═════════════════════════════════════════════════════════════════════════╗
    ║ Looks like Playwright Test or Playwright was just installed or updated. ║
    ║ Please run the following command to download new browsers:              ║
    ║                                                                         ║
    ║     npx playwright install                                              ║
    ║                                                                         ║
    ║ <3 Playwright Team                                                      ║
    ╚═════════════════════════════════════════════════════════════════════════╝

    attachment #1: trace (application/zip) ─────────────────────────────────────────────────────────
    ../../test-results/projects-Project-Management-should-create-a-new-project-chromium/trace.zip
    Usage:

        npx playwright show-trace ../../test-results/projects-Project-Management-should-create-a-new-project-chromium/trace.zip

    ────────────────────────────────────────────────────────────────────────────────────────────────
]]>
</failure>
<system-out>
<![CDATA[
[[ATTACHMENT|test-results/projects-Project-Management-should-create-a-new-project-chromium/trace.zip]]
]]>
</system-out>
</testcase>
</testsuite>
<testsuite name="auth.spec.ts" timestamp="2025-12-20T16:08:21.044Z" hostname="firefox" tests="3" failures="3" skipped="0" time="0.003" errors="0">
<testcase name="Authentication Flow › should login successfully with valid credentials" classname="auth.spec.ts" time="0.001">
<failure message="auth.spec.ts:3:3 should login successfully with valid credentials" type="FAILURE">
<![CDATA[  [firefox] › auth.spec.ts:3:3 › Authentication Flow › should login successfully with valid credentials 

    Error: browserType.launch: Executable doesn't exist at /Users/piotrwisniewski/Library/Caches/ms-playwright/firefox-1497/firefox/Nightly.app/Contents/MacOS/firefox
    ╔═════════════════════════════════════════════════════════════════════════╗
    ║ Looks like Playwright Test or Playwright was just installed or updated. ║
    ║ Please run the following command to download new browsers:              ║
    ║                                                                         ║
    ║     npx playwright install                                              ║
    ║                                                                         ║
    ║ <3 Playwright Team                                                      ║
    ╚═════════════════════════════════════════════════════════════════════════╝

    attachment #1: trace (application/zip) ─────────────────────────────────────────────────────────
    ../../test-results/auth-Authentication-Flow-s-74377-ully-with-valid-credentials-firefox/trace.zip
    Usage:

        npx playwright show-trace ../../test-results/auth-Authentication-Flow-s-74377-ully-with-valid-credentials-firefox/trace.zip

    ────────────────────────────────────────────────────────────────────────────────────────────────
]]>
</failure>
<system-out>
<![CDATA[
[[ATTACHMENT|test-results/auth-Authentication-Flow-s-74377-ully-with-valid-credentials-firefox/trace.zip]]
]]>
</system-out>
</testcase>
<testcase name="Authentication Flow › should show error with invalid credentials" classname="auth.spec.ts" time="0.001">
<failure message="auth.spec.ts:22:3 should show error with invalid credentials" type="FAILURE">
<![CDATA[  [firefox] › auth.spec.ts:22:3 › Authentication Flow › should show error with invalid credentials ─

    Error: browserType.launch: Executable doesn't exist at /Users/piotrwisniewski/Library/Caches/ms-playwright/firefox-1497/firefox/Nightly.app/Contents/MacOS/firefox
    ╔═════════════════════════════════════════════════════════════════════════╗
    ║ Looks like Playwright Test or Playwright was just installed or updated. ║
    ║ Please run the following command to download new browsers:              ║
    ║                                                                         ║
    ║     npx playwright install                                              ║
    ║                                                                         ║
    ║ <3 Playwright Team                                                      ║
    ╚═════════════════════════════════════════════════════════════════════════╝

    attachment #1: trace (application/zip) ─────────────────────────────────────────────────────────
    ../../test-results/auth-Authentication-Flow-s-22fb7-or-with-invalid-credentials-firefox/trace.zip
    Usage:

        npx playwright show-trace ../../test-results/auth-Authentication-Flow-s-22fb7-or-with-invalid-credentials-firefox/trace.zip

    ────────────────────────────────────────────────────────────────────────────────────────────────
]]>
</failure>
<system-out>
<![CDATA[
[[ATTACHMENT|test-results/auth-Authentication-Flow-s-22fb7-or-with-invalid-credentials-firefox/trace.zip]]
]]>
</system-out>
</testcase>
<testcase name="Authentication Flow › should logout successfully" classname="auth.spec.ts" time="0.001">
<failure message="auth.spec.ts:41:3 should logout successfully" type="FAILURE">
<![CDATA[  [firefox] › auth.spec.ts:41:3 › Authentication Flow › should logout successfully ─────────────────

    Error: browserType.launch: Executable doesn't exist at /Users/piotrwisniewski/Library/Caches/ms-playwright/firefox-1497/firefox/Nightly.app/Contents/MacOS/firefox
    ╔═════════════════════════════════════════════════════════════════════════╗
    ║ Looks like Playwright Test or Playwright was just installed or updated. ║
    ║ Please run the following command to download new browsers:              ║
    ║                                                                         ║
    ║     npx playwright install                                              ║
    ║                                                                         ║
    ║ <3 Playwright Team                                                      ║
    ╚═════════════════════════════════════════════════════════════════════════╝

    attachment #1: trace (application/zip) ─────────────────────────────────────────────────────────
    ../../test-results/auth-Authentication-Flow-should-logout-successfully-firefox/trace.zip
    Usage:

        npx playwright show-trace ../../test-results/auth-Authentication-Flow-should-logout-successfully-firefox/trace.zip

    ────────────────────────────────────────────────────────────────────────────────────────────────
]]>
</failure>
<system-out>
<![CDATA[
[[ATTACHMENT|test-results/auth-Authentication-Flow-should-logout-successfully-firefox/trace.zip]]
]]>
</system-out>
</testcase>
</testsuite>
<testsuite name="basic.spec.ts" timestamp="2025-12-20T16:08:21.044Z" hostname="firefox" tests="1" failures="1" skipped="0" time="0.001" errors="0">
<testcase name="Level 4: E2E - App Loads" classname="basic.spec.ts" time="0.001">
<failure message="basic.spec.ts:2:1 Level 4: E2E - App Loads" type="FAILURE">
<![CDATA[  [firefox] › basic.spec.ts:2:1 › Level 4: E2E - App Loads ─────────────────────────────────────────

    Error: browserType.launch: Executable doesn't exist at /Users/piotrwisniewski/Library/Caches/ms-playwright/firefox-1497/firefox/Nightly.app/Contents/MacOS/firefox
    ╔═════════════════════════════════════════════════════════════════════════╗
    ║ Looks like Playwright Test or Playwright was just installed or updated. ║
    ║ Please run the following command to download new browsers:              ║
    ║                                                                         ║
    ║     npx playwright install                                              ║
    ║                                                                         ║
    ║ <3 Playwright Team                                                      ║
    ╚═════════════════════════════════════════════════════════════════════════╝

    attachment #1: trace (application/zip) ─────────────────────────────────────────────────────────
    ../../test-results/basic-Level-4-E2E---App-Loads-firefox/trace.zip
    Usage:

        npx playwright show-trace ../../test-results/basic-Level-4-E2E---App-Loads-firefox/trace.zip

    ────────────────────────────────────────────────────────────────────────────────────────────────
]]>
</failure>
<system-out>
<![CDATA[
[[ATTACHMENT|test-results/basic-Level-4-E2E---App-Loads-firefox/trace.zip]]
]]>
</system-out>
</testcase>
</testsuite>
<testsuite name="fullFlow.spec.ts" timestamp="2025-12-20T16:08:21.044Z" hostname="firefox" tests="3" failures="3" skipped="0" time="0.003" errors="0">
<testcase name="Full User Flow Tests › should complete intro assessment flow" classname="fullFlow.spec.ts" time="0.001">
<failure message="fullFlow.spec.ts:20:3 should complete intro assessment flow" type="FAILURE">
<![CDATA[  [firefox] › fullFlow.spec.ts:20:3 › Full User Flow Tests › should complete intro assessment flow ─

    Error: browserType.launch: Executable doesn't exist at /Users/piotrwisniewski/Library/Caches/ms-playwright/firefox-1497/firefox/Nightly.app/Contents/MacOS/firefox
    ╔═════════════════════════════════════════════════════════════════════════╗
    ║ Looks like Playwright Test or Playwright was just installed or updated. ║
    ║ Please run the following command to download new browsers:              ║
    ║                                                                         ║
    ║     npx playwright install                                              ║
    ║                                                                         ║
    ║ <3 Playwright Team                                                      ║
    ╚═════════════════════════════════════════════════════════════════════════╝

    attachment #1: trace (application/zip) ─────────────────────────────────────────────────────────
    ../../test-results/fullFlow-Full-User-Flow-Te-f0d87-plete-intro-assessment-flow-firefox/trace.zip
    Usage:

        npx playwright show-trace ../../test-results/fullFlow-Full-User-Flow-Te-f0d87-plete-intro-assessment-flow-firefox/trace.zip

    ────────────────────────────────────────────────────────────────────────────────────────────────
]]>
</failure>
<system-out>
<![CDATA[
[[ATTACHMENT|test-results/fullFlow-Full-User-Flow-Te-f0d87-plete-intro-assessment-flow-firefox/trace.zip]]
]]>
</system-out>
</testcase>
<testcase name="Full User Flow Tests › should navigate through accessible modules" classname="fullFlow.spec.ts" time="0.001">
<failure message="fullFlow.spec.ts:41:3 should navigate through accessible modules" type="FAILURE">
<![CDATA[  [firefox] › fullFlow.spec.ts:41:3 › Full User Flow Tests › should navigate through accessible modules 

    Error: browserType.launch: Executable doesn't exist at /Users/piotrwisniewski/Library/Caches/ms-playwright/firefox-1497/firefox/Nightly.app/Contents/MacOS/firefox
    ╔═════════════════════════════════════════════════════════════════════════╗
    ║ Looks like Playwright Test or Playwright was just installed or updated. ║
    ║ Please run the following command to download new browsers:              ║
    ║                                                                         ║
    ║     npx playwright install                                              ║
    ║                                                                         ║
    ║ <3 Playwright Team                                                      ║
    ╚═════════════════════════════════════════════════════════════════════════╝

    attachment #1: trace (application/zip) ─────────────────────────────────────────────────────────
    ../../test-results/fullFlow-Full-User-Flow-Te-54dfb--through-accessible-modules-firefox/trace.zip
    Usage:

        npx playwright show-trace ../../test-results/fullFlow-Full-User-Flow-Te-54dfb--through-accessible-modules-firefox/trace.zip

    ────────────────────────────────────────────────────────────────────────────────────────────────
]]>
</failure>
<system-out>
<![CDATA[
[[ATTACHMENT|test-results/fullFlow-Full-User-Flow-Te-54dfb--through-accessible-modules-firefox/trace.zip]]
]]>
</system-out>
</testcase>
<testcase name="Full User Flow Tests › should handle task creation and assignment" classname="fullFlow.spec.ts" time="0.001">
<failure message="fullFlow.spec.ts:82:3 should handle task creation and assignment" type="FAILURE">
<![CDATA[  [firefox] › fullFlow.spec.ts:82:3 › Full User Flow Tests › should handle task creation and assignment 

    Error: browserType.launch: Executable doesn't exist at /Users/piotrwisniewski/Library/Caches/ms-playwright/firefox-1497/firefox/Nightly.app/Contents/MacOS/firefox
    ╔═════════════════════════════════════════════════════════════════════════╗
    ║ Looks like Playwright Test or Playwright was just installed or updated. ║
    ║ Please run the following command to download new browsers:              ║
    ║                                                                         ║
    ║     npx playwright install                                              ║
    ║                                                                         ║
    ║ <3 Playwright Team                                                      ║
    ╚═════════════════════════════════════════════════════════════════════════╝

    attachment #1: trace (application/zip) ─────────────────────────────────────────────────────────
    ../../test-results/fullFlow-Full-User-Flow-Te-f7698-ask-creation-and-assignment-firefox/trace.zip
    Usage:

        npx playwright show-trace ../../test-results/fullFlow-Full-User-Flow-Te-f7698-ask-creation-and-assignment-firefox/trace.zip

    ────────────────────────────────────────────────────────────────────────────────────────────────
]]>
</failure>
<system-out>
<![CDATA[
[[ATTACHMENT|test-results/fullFlow-Full-User-Flow-Te-f7698-ask-creation-and-assignment-firefox/trace.zip]]
]]>
</system-out>
</testcase>
</testsuite>
<testsuite name="navigation.spec.ts" timestamp="2025-12-20T16:08:21.044Z" hostname="firefox" tests="4" failures="4" skipped="0" time="0.009" errors="0">
<testcase name="Navigation Smoke Test › should navigate to Roadmap" classname="navigation.spec.ts" time="0.001">
<failure message="navigation.spec.ts:38:5 should navigate to Roadmap" type="FAILURE">
<![CDATA[  [firefox] › navigation.spec.ts:38:5 › Navigation Smoke Test › should navigate to Roadmap ─────────

    Error: browserType.launch: Executable doesn't exist at /Users/piotrwisniewski/Library/Caches/ms-playwright/firefox-1497/firefox/Nightly.app/Contents/MacOS/firefox
    ╔═════════════════════════════════════════════════════════════════════════╗
    ║ Looks like Playwright Test or Playwright was just installed or updated. ║
    ║ Please run the following command to download new browsers:              ║
    ║                                                                         ║
    ║     npx playwright install                                              ║
    ║                                                                         ║
    ║ <3 Playwright Team                                                      ║
    ╚═════════════════════════════════════════════════════════════════════════╝

    attachment #1: trace (application/zip) ─────────────────────────────────────────────────────────
    ../../test-results/navigation-Navigation-Smoke-Test-should-navigate-to-Roadmap-firefox/trace.zip
    Usage:

        npx playwright show-trace ../../test-results/navigation-Navigation-Smoke-Test-should-navigate-to-Roadmap-firefox/trace.zip

    ────────────────────────────────────────────────────────────────────────────────────────────────
]]>
</failure>
<system-out>
<![CDATA[
[[ATTACHMENT|test-results/navigation-Navigation-Smoke-Test-should-navigate-to-Roadmap-firefox/trace.zip]]
]]>
</system-out>
</testcase>
<testcase name="Navigation Smoke Test › should navigate to Initiatives" classname="navigation.spec.ts" time="0.001">
<failure message="navigation.spec.ts:38:5 should navigate to Initiatives" type="FAILURE">
<![CDATA[  [firefox] › navigation.spec.ts:38:5 › Navigation Smoke Test › should navigate to Initiatives ─────

    Error: browserType.launch: Executable doesn't exist at /Users/piotrwisniewski/Library/Caches/ms-playwright/firefox-1497/firefox/Nightly.app/Contents/MacOS/firefox
    ╔═════════════════════════════════════════════════════════════════════════╗
    ║ Looks like Playwright Test or Playwright was just installed or updated. ║
    ║ Please run the following command to download new browsers:              ║
    ║                                                                         ║
    ║     npx playwright install                                              ║
    ║                                                                         ║
    ║ <3 Playwright Team                                                      ║
    ╚═════════════════════════════════════════════════════════════════════════╝

    attachment #1: trace (application/zip) ─────────────────────────────────────────────────────────
    ../../test-results/navigation-Navigation-Smok-4748e-uld-navigate-to-Initiatives-firefox/trace.zip
    Usage:

        npx playwright show-trace ../../test-results/navigation-Navigation-Smok-4748e-uld-navigate-to-Initiatives-firefox/trace.zip

    ────────────────────────────────────────────────────────────────────────────────────────────────
]]>
</failure>
<system-out>
<![CDATA[
[[ATTACHMENT|test-results/navigation-Navigation-Smok-4748e-uld-navigate-to-Initiatives-firefox/trace.zip]]
]]>
</system-out>
</testcase>
<testcase name="Navigation Smoke Test › should navigate to Projects" classname="navigation.spec.ts" time="0.006">
<failure message="navigation.spec.ts:38:5 should navigate to Projects" type="FAILURE">
<![CDATA[  [firefox] › navigation.spec.ts:38:5 › Navigation Smoke Test › should navigate to Projects ────────

    Error: browserType.launch: Executable doesn't exist at /Users/piotrwisniewski/Library/Caches/ms-playwright/firefox-1497/firefox/Nightly.app/Contents/MacOS/firefox
    ╔═════════════════════════════════════════════════════════════════════════╗
    ║ Looks like Playwright Test or Playwright was just installed or updated. ║
    ║ Please run the following command to download new browsers:              ║
    ║                                                                         ║
    ║     npx playwright install                                              ║
    ║                                                                         ║
    ║ <3 Playwright Team                                                      ║
    ╚═════════════════════════════════════════════════════════════════════════╝

    attachment #1: trace (application/zip) ─────────────────────────────────────────────────────────
    ../../test-results/navigation-Navigation-Smoke-Test-should-navigate-to-Projects-firefox/trace.zip
    Usage:

        npx playwright show-trace ../../test-results/navigation-Navigation-Smoke-Test-should-navigate-to-Projects-firefox/trace.zip

    ────────────────────────────────────────────────────────────────────────────────────────────────
]]>
</failure>
<system-out>
<![CDATA[
[[ATTACHMENT|test-results/navigation-Navigation-Smoke-Test-should-navigate-to-Projects-firefox/trace.zip]]
]]>
</system-out>
</testcase>
<testcase name="Navigation Smoke Test › should navigate to Settings" classname="navigation.spec.ts" time="0.001">
<failure message="navigation.spec.ts:38:5 should navigate to Settings" type="FAILURE">
<![CDATA[  [firefox] › navigation.spec.ts:38:5 › Navigation Smoke Test › should navigate to Settings ────────

    Error: browserType.launch: Executable doesn't exist at /Users/piotrwisniewski/Library/Caches/ms-playwright/firefox-1497/firefox/Nightly.app/Contents/MacOS/firefox
    ╔═════════════════════════════════════════════════════════════════════════╗
    ║ Looks like Playwright Test or Playwright was just installed or updated. ║
    ║ Please run the following command to download new browsers:              ║
    ║                                                                         ║
    ║     npx playwright install                                              ║
    ║                                                                         ║
    ║ <3 Playwright Team                                                      ║
    ╚═════════════════════════════════════════════════════════════════════════╝

    attachment #1: trace (application/zip) ─────────────────────────────────────────────────────────
    ../../test-results/navigation-Navigation-Smoke-Test-should-navigate-to-Settings-firefox/trace.zip
    Usage:

        npx playwright show-trace ../../test-results/navigation-Navigation-Smoke-Test-should-navigate-to-Settings-firefox/trace.zip

    ────────────────────────────────────────────────────────────────────────────────────────────────
]]>
</failure>
<system-out>
<![CDATA[
[[ATTACHMENT|test-results/navigation-Navigation-Smoke-Test-should-navigate-to-Settings-firefox/trace.zip]]
]]>
</system-out>
</testcase>
</testsuite>
<testsuite name="projects.spec.ts" timestamp="2025-12-20T16:08:21.044Z" hostname="firefox" tests="1" failures="1" skipped="0" time="0.001" errors="0">
<testcase name="Project Management › should create a new project" classname="projects.spec.ts" time="0.001">
<failure message="projects.spec.ts:14:3 should create a new project" type="FAILURE">
<![CDATA[  [firefox] › projects.spec.ts:14:3 › Project Management › should create a new project ─────────────

    Error: browserType.launch: Executable doesn't exist at /Users/piotrwisniewski/Library/Caches/ms-playwright/firefox-1497/firefox/Nightly.app/Contents/MacOS/firefox
    ╔═════════════════════════════════════════════════════════════════════════╗
    ║ Looks like Playwright Test or Playwright was just installed or updated. ║
    ║ Please run the following command to download new browsers:              ║
    ║                                                                         ║
    ║     npx playwright install                                              ║
    ║                                                                         ║
    ║ <3 Playwright Team                                                      ║
    ╚═════════════════════════════════════════════════════════════════════════╝

    attachment #1: trace (application/zip) ─────────────────────────────────────────────────────────
    ../../test-results/projects-Project-Management-should-create-a-new-project-firefox/trace.zip
    Usage:

        npx playwright show-trace ../../test-results/projects-Project-Management-should-create-a-new-project-firefox/trace.zip

    ────────────────────────────────────────────────────────────────────────────────────────────────
]]>
</failure>
<system-out>
<![CDATA[
[[ATTACHMENT|test-results/projects-Project-Management-should-create-a-new-project-firefox/trace.zip]]
]]>
</system-out>
</testcase>
</testsuite>
<testsuite name="auth.spec.ts" timestamp="2025-12-20T16:08:21.044Z" hostname="webkit" tests="3" failures="3" skipped="0" time="0.003" errors="0">
<testcase name="Authentication Flow › should login successfully with valid credentials" classname="auth.spec.ts" time="0.001">
<failure message="auth.spec.ts:3:3 should login successfully with valid credentials" type="FAILURE">
<![CDATA[  [webkit] › auth.spec.ts:3:3 › Authentication Flow › should login successfully with valid credentials 

    Error: browserType.launch: Executable doesn't exist at /Users/piotrwisniewski/Library/Caches/ms-playwright/webkit-2227/pw_run.sh
    ╔═════════════════════════════════════════════════════════════════════════╗
    ║ Looks like Playwright Test or Playwright was just installed or updated. ║
    ║ Please run the following command to download new browsers:              ║
    ║                                                                         ║
    ║     npx playwright install                                              ║
    ║                                                                         ║
    ║ <3 Playwright Team                                                      ║
    ╚═════════════════════════════════════════════════════════════════════════╝

    attachment #1: trace (application/zip) ─────────────────────────────────────────────────────────
    ../../test-results/auth-Authentication-Flow-s-74377-ully-with-valid-credentials-webkit/trace.zip
    Usage:

        npx playwright show-trace ../../test-results/auth-Authentication-Flow-s-74377-ully-with-valid-credentials-webkit/trace.zip

    ────────────────────────────────────────────────────────────────────────────────────────────────
]]>
</failure>
<system-out>
<![CDATA[
[[ATTACHMENT|test-results/auth-Authentication-Flow-s-74377-ully-with-valid-credentials-webkit/trace.zip]]
]]>
</system-out>
</testcase>
<testcase name="Authentication Flow › should show error with invalid credentials" classname="auth.spec.ts" time="0.001">
<failure message="auth.spec.ts:22:3 should show error with invalid credentials" type="FAILURE">
<![CDATA[  [webkit] › auth.spec.ts:22:3 › Authentication Flow › should show error with invalid credentials ──

    Error: browserType.launch: Executable doesn't exist at /Users/piotrwisniewski/Library/Caches/ms-playwright/webkit-2227/pw_run.sh
    ╔═════════════════════════════════════════════════════════════════════════╗
    ║ Looks like Playwright Test or Playwright was just installed or updated. ║
    ║ Please run the following command to download new browsers:              ║
    ║                                                                         ║
    ║     npx playwright install                                              ║
    ║                                                                         ║
    ║ <3 Playwright Team                                                      ║
    ╚═════════════════════════════════════════════════════════════════════════╝

    attachment #1: trace (application/zip) ─────────────────────────────────────────────────────────
    ../../test-results/auth-Authentication-Flow-s-22fb7-or-with-invalid-credentials-webkit/trace.zip
    Usage:

        npx playwright show-trace ../../test-results/auth-Authentication-Flow-s-22fb7-or-with-invalid-credentials-webkit/trace.zip

    ────────────────────────────────────────────────────────────────────────────────────────────────
]]>
</failure>
<system-out>
<![CDATA[
[[ATTACHMENT|test-results/auth-Authentication-Flow-s-22fb7-or-with-invalid-credentials-webkit/trace.zip]]
]]>
</system-out>
</testcase>
<testcase name="Authentication Flow › should logout successfully" classname="auth.spec.ts" time="0.001">
<failure message="auth.spec.ts:41:3 should logout successfully" type="FAILURE">
<![CDATA[  [webkit] › auth.spec.ts:41:3 › Authentication Flow › should logout successfully ──────────────────

    Error: browserType.launch: Executable doesn't exist at /Users/piotrwisniewski/Library/Caches/ms-playwright/webkit-2227/pw_run.sh
    ╔═════════════════════════════════════════════════════════════════════════╗
    ║ Looks like Playwright Test or Playwright was just installed or updated. ║
    ║ Please run the following command to download new browsers:              ║
    ║                                                                         ║
    ║     npx playwright install                                              ║
    ║                                                                         ║
    ║ <3 Playwright Team                                                      ║
    ╚═════════════════════════════════════════════════════════════════════════╝

    attachment #1: trace (application/zip) ─────────────────────────────────────────────────────────
    ../../test-results/auth-Authentication-Flow-should-logout-successfully-webkit/trace.zip
    Usage:

        npx playwright show-trace ../../test-results/auth-Authentication-Flow-should-logout-successfully-webkit/trace.zip

    ────────────────────────────────────────────────────────────────────────────────────────────────
]]>
</failure>
<system-out>
<![CDATA[
[[ATTACHMENT|test-results/auth-Authentication-Flow-should-logout-successfully-webkit/trace.zip]]
]]>
</system-out>
</testcase>
</testsuite>
<testsuite name="basic.spec.ts" timestamp="2025-12-20T16:08:21.044Z" hostname="webkit" tests="1" failures="1" skipped="0" time="0.001" errors="0">
<testcase name="Level 4: E2E - App Loads" classname="basic.spec.ts" time="0.001">
<failure message="basic.spec.ts:2:1 Level 4: E2E - App Loads" type="FAILURE">
<![CDATA[  [webkit] › basic.spec.ts:2:1 › Level 4: E2E - App Loads ──────────────────────────────────────────

    Error: browserType.launch: Executable doesn't exist at /Users/piotrwisniewski/Library/Caches/ms-playwright/webkit-2227/pw_run.sh
    ╔═════════════════════════════════════════════════════════════════════════╗
    ║ Looks like Playwright Test or Playwright was just installed or updated. ║
    ║ Please run the following command to download new browsers:              ║
    ║                                                                         ║
    ║     npx playwright install                                              ║
    ║                                                                         ║
    ║ <3 Playwright Team                                                      ║
    ╚═════════════════════════════════════════════════════════════════════════╝

    attachment #1: trace (application/zip) ─────────────────────────────────────────────────────────
    ../../test-results/basic-Level-4-E2E---App-Loads-webkit/trace.zip
    Usage:

        npx playwright show-trace ../../test-results/basic-Level-4-E2E---App-Loads-webkit/trace.zip

    ────────────────────────────────────────────────────────────────────────────────────────────────
]]>
</failure>
<system-out>
<![CDATA[
[[ATTACHMENT|test-results/basic-Level-4-E2E---App-Loads-webkit/trace.zip]]
]]>
</system-out>
</testcase>
</testsuite>
<testsuite name="fullFlow.spec.ts" timestamp="2025-12-20T16:08:21.044Z" hostname="webkit" tests="3" failures="3" skipped="0" time="0.003" errors="0">
<testcase name="Full User Flow Tests › should complete intro assessment flow" classname="fullFlow.spec.ts" time="0.001">
<failure message="fullFlow.spec.ts:20:3 should complete intro assessment flow" type="FAILURE">
<![CDATA[  [webkit] › fullFlow.spec.ts:20:3 › Full User Flow Tests › should complete intro assessment flow ──

    Error: browserType.launch: Executable doesn't exist at /Users/piotrwisniewski/Library/Caches/ms-playwright/webkit-2227/pw_run.sh
    ╔═════════════════════════════════════════════════════════════════════════╗
    ║ Looks like Playwright Test or Playwright was just installed or updated. ║
    ║ Please run the following command to download new browsers:              ║
    ║                                                                         ║
    ║     npx playwright install                                              ║
    ║                                                                         ║
    ║ <3 Playwright Team                                                      ║
    ╚═════════════════════════════════════════════════════════════════════════╝

    attachment #1: trace (application/zip) ─────────────────────────────────────────────────────────
    ../../test-results/fullFlow-Full-User-Flow-Te-f0d87-plete-intro-assessment-flow-webkit/trace.zip
    Usage:

        npx playwright show-trace ../../test-results/fullFlow-Full-User-Flow-Te-f0d87-plete-intro-assessment-flow-webkit/trace.zip

    ────────────────────────────────────────────────────────────────────────────────────────────────
]]>
</failure>
<system-out>
<![CDATA[
[[ATTACHMENT|test-results/fullFlow-Full-User-Flow-Te-f0d87-plete-intro-assessment-flow-webkit/trace.zip]]
]]>
</system-out>
</testcase>
<testcase name="Full User Flow Tests › should navigate through accessible modules" classname="fullFlow.spec.ts" time="0.001">
<failure message="fullFlow.spec.ts:41:3 should navigate through accessible modules" type="FAILURE">
<![CDATA[  [webkit] › fullFlow.spec.ts:41:3 › Full User Flow Tests › should navigate through accessible modules 

    Error: browserType.launch: Executable doesn't exist at /Users/piotrwisniewski/Library/Caches/ms-playwright/webkit-2227/pw_run.sh
    ╔═════════════════════════════════════════════════════════════════════════╗
    ║ Looks like Playwright Test or Playwright was just installed or updated. ║
    ║ Please run the following command to download new browsers:              ║
    ║                                                                         ║
    ║     npx playwright install                                              ║
    ║                                                                         ║
    ║ <3 Playwright Team                                                      ║
    ╚═════════════════════════════════════════════════════════════════════════╝

    attachment #1: trace (application/zip) ─────────────────────────────────────────────────────────
    ../../test-results/fullFlow-Full-User-Flow-Te-54dfb--through-accessible-modules-webkit/trace.zip
    Usage:

        npx playwright show-trace ../../test-results/fullFlow-Full-User-Flow-Te-54dfb--through-accessible-modules-webkit/trace.zip

    ────────────────────────────────────────────────────────────────────────────────────────────────
]]>
</failure>
<system-out>
<![CDATA[
[[ATTACHMENT|test-results/fullFlow-Full-User-Flow-Te-54dfb--through-accessible-modules-webkit/trace.zip]]
]]>
</system-out>
</testcase>
<testcase name="Full User Flow Tests › should handle task creation and assignment" classname="fullFlow.spec.ts" time="0.001">
<failure message="fullFlow.spec.ts:82:3 should handle task creation and assignment" type="FAILURE">
<![CDATA[  [webkit] › fullFlow.spec.ts:82:3 › Full User Flow Tests › should handle task creation and assignment 

    Error: browserType.launch: Executable doesn't exist at /Users/piotrwisniewski/Library/Caches/ms-playwright/webkit-2227/pw_run.sh
    ╔═════════════════════════════════════════════════════════════════════════╗
    ║ Looks like Playwright Test or Playwright was just installed or updated. ║
    ║ Please run the following command to download new browsers:              ║
    ║                                                                         ║
    ║     npx playwright install                                              ║
    ║                                                                         ║
    ║ <3 Playwright Team                                                      ║
    ╚═════════════════════════════════════════════════════════════════════════╝

    attachment #1: trace (application/zip) ─────────────────────────────────────────────────────────
    ../../test-results/fullFlow-Full-User-Flow-Te-f7698-ask-creation-and-assignment-webkit/trace.zip
    Usage:

        npx playwright show-trace ../../test-results/fullFlow-Full-User-Flow-Te-f7698-ask-creation-and-assignment-webkit/trace.zip

    ────────────────────────────────────────────────────────────────────────────────────────────────
]]>
</failure>
<system-out>
<![CDATA[
[[ATTACHMENT|test-results/fullFlow-Full-User-Flow-Te-f7698-ask-creation-and-assignment-webkit/trace.zip]]
]]>
</system-out>
</testcase>
</testsuite>
<testsuite name="navigation.spec.ts" timestamp="2025-12-20T16:08:21.044Z" hostname="webkit" tests="4" failures="4" skipped="0" time="0.003" errors="0">
<testcase name="Navigation Smoke Test › should navigate to Roadmap" classname="navigation.spec.ts" time="0.001">
<failure message="navigation.spec.ts:38:5 should navigate to Roadmap" type="FAILURE">
<![CDATA[  [webkit] › navigation.spec.ts:38:5 › Navigation Smoke Test › should navigate to Roadmap ──────────

    Error: browserType.launch: Executable doesn't exist at /Users/piotrwisniewski/Library/Caches/ms-playwright/webkit-2227/pw_run.sh
    ╔═════════════════════════════════════════════════════════════════════════╗
    ║ Looks like Playwright Test or Playwright was just installed or updated. ║
    ║ Please run the following command to download new browsers:              ║
    ║                                                                         ║
    ║     npx playwright install                                              ║
    ║                                                                         ║
    ║ <3 Playwright Team                                                      ║
    ╚═════════════════════════════════════════════════════════════════════════╝

    attachment #1: trace (application/zip) ─────────────────────────────────────────────────────────
    ../../test-results/navigation-Navigation-Smoke-Test-should-navigate-to-Roadmap-webkit/trace.zip
    Usage:

        npx playwright show-trace ../../test-results/navigation-Navigation-Smoke-Test-should-navigate-to-Roadmap-webkit/trace.zip

    ────────────────────────────────────────────────────────────────────────────────────────────────
]]>
</failure>
<system-out>
<![CDATA[
[[ATTACHMENT|test-results/navigation-Navigation-Smoke-Test-should-navigate-to-Roadmap-webkit/trace.zip]]
]]>
</system-out>
</testcase>
<testcase name="Navigation Smoke Test › should navigate to Initiatives" classname="navigation.spec.ts" time="0.001">
<failure message="navigation.spec.ts:38:5 should navigate to Initiatives" type="FAILURE">
<![CDATA[  [webkit] › navigation.spec.ts:38:5 › Navigation Smoke Test › should navigate to Initiatives ──────

    Error: browserType.launch: Executable doesn't exist at /Users/piotrwisniewski/Library/Caches/ms-playwright/webkit-2227/pw_run.sh
    ╔═════════════════════════════════════════════════════════════════════════╗
    ║ Looks like Playwright Test or Playwright was just installed or updated. ║
    ║ Please run the following command to download new browsers:              ║
    ║                                                                         ║
    ║     npx playwright install                                              ║
    ║                                                                         ║
    ║ <3 Playwright Team                                                      ║
    ╚═════════════════════════════════════════════════════════════════════════╝

    attachment #1: trace (application/zip) ─────────────────────────────────────────────────────────
    ../../test-results/navigation-Navigation-Smok-4748e-uld-navigate-to-Initiatives-webkit/trace.zip
    Usage:

        npx playwright show-trace ../../test-results/navigation-Navigation-Smok-4748e-uld-navigate-to-Initiatives-webkit/trace.zip

    ────────────────────────────────────────────────────────────────────────────────────────────────
]]>
</failure>
<system-out>
<![CDATA[
[[ATTACHMENT|test-results/navigation-Navigation-Smok-4748e-uld-navigate-to-Initiatives-webkit/trace.zip]]
]]>
</system-out>
</testcase>
<testcase name="Navigation Smoke Test › should navigate to Projects" classname="navigation.spec.ts" time="0.001">
<failure message="navigation.spec.ts:38:5 should navigate to Projects" type="FAILURE">
<![CDATA[  [webkit] › navigation.spec.ts:38:5 › Navigation Smoke Test › should navigate to Projects ─────────

    Error: browserType.launch: Executable doesn't exist at /Users/piotrwisniewski/Library/Caches/ms-playwright/webkit-2227/pw_run.sh
    ╔═════════════════════════════════════════════════════════════════════════╗
    ║ Looks like Playwright Test or Playwright was just installed or updated. ║
    ║ Please run the following command to download new browsers:              ║
    ║                                                                         ║
    ║     npx playwright install                                              ║
    ║                                                                         ║
    ║ <3 Playwright Team                                                      ║
    ╚═════════════════════════════════════════════════════════════════════════╝

    attachment #1: trace (application/zip) ─────────────────────────────────────────────────────────
    ../../test-results/navigation-Navigation-Smoke-Test-should-navigate-to-Projects-webkit/trace.zip
    Usage:

        npx playwright show-trace ../../test-results/navigation-Navigation-Smoke-Test-should-navigate-to-Projects-webkit/trace.zip

    ────────────────────────────────────────────────────────────────────────────────────────────────
]]>
</failure>
<system-out>
<![CDATA[
[[ATTACHMENT|test-results/navigation-Navigation-Smoke-Test-should-navigate-to-Projects-webkit/trace.zip]]
]]>
</system-out>
</testcase>
<testcase name="Navigation Smoke Test › should navigate to Settings" classname="navigation.spec.ts" time="0">
<failure message="navigation.spec.ts:38:5 should navigate to Settings" type="FAILURE">
<![CDATA[  [webkit] › navigation.spec.ts:38:5 › Navigation Smoke Test › should navigate to Settings ─────────

    Error: browserType.launch: Executable doesn't exist at /Users/piotrwisniewski/Library/Caches/ms-playwright/webkit-2227/pw_run.sh
    ╔═════════════════════════════════════════════════════════════════════════╗
    ║ Looks like Playwright Test or Playwright was just installed or updated. ║
    ║ Please run the following command to download new browsers:              ║
    ║                                                                         ║
    ║     npx playwright install                                              ║
    ║                                                                         ║
    ║ <3 Playwright Team                                                      ║
    ╚═════════════════════════════════════════════════════════════════════════╝

    attachment #1: trace (application/zip) ─────────────────────────────────────────────────────────
    ../../test-results/navigation-Navigation-Smoke-Test-should-navigate-to-Settings-webkit/trace.zip
    Usage:

        npx playwright show-trace ../../test-results/navigation-Navigation-Smoke-Test-should-navigate-to-Settings-webkit/trace.zip

    ────────────────────────────────────────────────────────────────────────────────────────────────
]]>
</failure>
<system-out>
<![CDATA[
[[ATTACHMENT|test-results/navigation-Navigation-Smoke-Test-should-navigate-to-Settings-webkit/trace.zip]]
]]>
</system-out>
</testcase>
</testsuite>
<testsuite name="projects.spec.ts" timestamp="2025-12-20T16:08:21.044Z" hostname="webkit" tests="1" failures="1" skipped="0" time="0" errors="0">
<testcase name="Project Management › should create a new project" classname="projects.spec.ts" time="0">
<failure message="projects.spec.ts:14:3 should create a new project" type="FAILURE">
<![CDATA[  [webkit] › projects.spec.ts:14:3 › Project Management › should create a new project ──────────────

    Error: browserType.launch: Executable doesn't exist at /Users/piotrwisniewski/Library/Caches/ms-playwright/webkit-2227/pw_run.sh
    ╔═════════════════════════════════════════════════════════════════════════╗
    ║ Looks like Playwright Test or Playwright was just installed or updated. ║
    ║ Please run the following command to download new browsers:              ║
    ║                                                                         ║
    ║     npx playwright install                                              ║
    ║                                                                         ║
    ║ <3 Playwright Team                                                      ║
    ╚═════════════════════════════════════════════════════════════════════════╝

    attachment #1: trace (application/zip) ─────────────────────────────────────────────────────────
    ../../test-results/projects-Project-Management-should-create-a-new-project-webkit/trace.zip
    Usage:

        npx playwright show-trace ../../test-results/projects-Project-Management-should-create-a-new-project-webkit/trace.zip

    ────────────────────────────────────────────────────────────────────────────────────────────────
]]>
</failure>
<system-out>
<![CDATA[
[[ATTACHMENT|test-results/projects-Project-Management-should-create-a-new-project-webkit/trace.zip]]
]]>
</system-out>
</testcase>
</testsuite>
</testsuites>