<testsuites id="" name="" tests="9" failures="0" skipped="0" errors="0" time="10.798431">
<testsuite name="interview.spec.ts" timestamp="2026-01-29T19:13:05.725Z" hostname="chromium" tests="9" failures="0" skipped="0" time="28.522" errors="0">
<testcase name="Interview Module - v2.0 › should display interview hub with tabs" classname="interview.spec.ts" time="8.122">
</testcase>
<testcase name="Interview Module - v2.0 › should start a new session and open workspace" classname="interview.spec.ts" time="9.065">
</testcase>
<testcase name="Interview Module - v2.0 › should allow adding and answering a custom question" classname="interview.spec.ts" time="9.332">
</testcase>
<testcase name="Interview API - v2.0 › should create interview session via API" classname="interview.spec.ts" time="0.309">
</testcase>
<testcase name="Interview API - v2.0 › should get organization context via API" classname="interview.spec.ts" time="0.225">
</testcase>
<testcase name="Interview API - v2.0 › should add question via API" classname="interview.spec.ts" time="0.327">
</testcase>
<testcase name="Interview API - v2.0 › should update question with answer and status via API" classname="interview.spec.ts" time="0.381">
</testcase>
<testcase name="Interview API - v2.0 › should create note via API" classname="interview.spec.ts" time="0.328">
</testcase>
<testcase name="Interview API - v2.0 › should execute full assignment workflow (create → start → answer → submit → approve)" classname="interview.spec.ts" time="0.433">
</testcase>
</testsuite>
</testsuites>