<?xml version="1.0" encoding="UTF-8" ?>
<testsuites name="vitest tests" tests="475" failures="12" errors="0" time="3.730728126">
    <testsuite name="tests/unit/aiResponsePostProcessor.test.js" timestamp="2025-12-20T15:34:34.593Z" hostname="MacBook-Pro-Piotr.local" tests="20" failures="0" errors="0" skipped="0" time="0.00280125">
        <testcase classname="tests/unit/aiResponsePostProcessor.test.js" name="aiResponsePostProcessor &gt; Memory Prefix &gt; should add memory prefix when memory count &gt; 0" time="0.000530667">
        </testcase>
        <testcase classname="tests/unit/aiResponsePostProcessor.test.js" name="aiResponsePostProcessor &gt; Memory Prefix &gt; should NOT add memory prefix when memory count is 0" time="0.000143875">
        </testcase>
        <testcase classname="tests/unit/aiResponsePostProcessor.test.js" name="aiResponsePostProcessor &gt; Memory Prefix &gt; should NOT duplicate memory prefix if already present" time="0.00006625">
        </testcase>
        <testcase classname="tests/unit/aiResponsePostProcessor.test.js" name="aiResponsePostProcessor &gt; External Sources Prefix &gt; should add external prefix when external sources are used" time="0.000074833">
        </testcase>
        <testcase classname="tests/unit/aiResponsePostProcessor.test.js" name="aiResponsePostProcessor &gt; External Sources Prefix &gt; should NOT add external prefix when no external sources" time="0.000068792">
        </testcase>
        <testcase classname="tests/unit/aiResponsePostProcessor.test.js" name="aiResponsePostProcessor &gt; External Sources Prefix &gt; should NOT duplicate external prefix if already present" time="0.000054042">
        </testcase>
        <testcase classname="tests/unit/aiResponsePostProcessor.test.js" name="aiResponsePostProcessor &gt; Combined Prefixes &gt; should add both prefixes when both memory and external sources exist" time="0.000072375">
        </testcase>
        <testcase classname="tests/unit/aiResponsePostProcessor.test.js" name="aiResponsePostProcessor &gt; Combined Prefixes &gt; should maintain correct order: memory first, then external" time="0.000077458">
        </testcase>
        <testcase classname="tests/unit/aiResponsePostProcessor.test.js" name="aiResponsePostProcessor &gt; Edge Cases &gt; should handle empty response safely" time="0.000043041">
        </testcase>
        <testcase classname="tests/unit/aiResponsePostProcessor.test.js" name="aiResponsePostProcessor &gt; Edge Cases &gt; should handle null response safely" time="0.000046833">
        </testcase>
        <testcase classname="tests/unit/aiResponsePostProcessor.test.js" name="aiResponsePostProcessor &gt; Edge Cases &gt; should handle undefined context safely" time="0.000029958">
        </testcase>
        <testcase classname="tests/unit/aiResponsePostProcessor.test.js" name="aiResponsePostProcessor &gt; Edge Cases &gt; should handle null context safely" time="0.000025083">
        </testcase>
        <testcase classname="tests/unit/aiResponsePostProcessor.test.js" name="aiResponsePostProcessor &gt; Edge Cases &gt; should trim whitespace from response" time="0.00002325">
        </testcase>
        <testcase classname="tests/unit/aiResponsePostProcessor.test.js" name="aiResponsePostProcessor &gt; Helper Functions &gt; getMemoryCount &gt; should count previous decisions" time="0.000029917">
        </testcase>
        <testcase classname="tests/unit/aiResponsePostProcessor.test.js" name="aiResponsePostProcessor &gt; Helper Functions &gt; getMemoryCount &gt; should return memoryCount from projectMemory" time="0.000039042">
        </testcase>
        <testcase classname="tests/unit/aiResponsePostProcessor.test.js" name="aiResponsePostProcessor &gt; Helper Functions &gt; getMemoryCount &gt; should return 1 when PMO health snapshot exists" time="0.000029542">
        </testcase>
        <testcase classname="tests/unit/aiResponsePostProcessor.test.js" name="aiResponsePostProcessor &gt; Helper Functions &gt; getExternalSources &gt; should return externalSourcesUsed array" time="0.000254666">
        </testcase>
        <testcase classname="tests/unit/aiResponsePostProcessor.test.js" name="aiResponsePostProcessor &gt; Helper Functions &gt; getExternalSources &gt; should derive sources from fetchedData" time="0.000302541">
        </testcase>
        <testcase classname="tests/unit/aiResponsePostProcessor.test.js" name="aiResponsePostProcessor &gt; Helper Functions &gt; stripPrefixes &gt; should remove memory and external prefixes" time="0.000093916">
        </testcase>
        <testcase classname="tests/unit/aiResponsePostProcessor.test.js" name="aiResponsePostProcessor &gt; Helper Functions &gt; stripPrefixes &gt; should handle text without prefixes" time="0.000035917">
        </testcase>
    </testsuite>
    <testsuite name="tests/unit/aiRoleGuard.test.js" timestamp="2025-12-20T15:34:34.594Z" hostname="MacBook-Pro-Piotr.local" tests="16" failures="12" errors="0" skipped="0" time="0.004593334">
        <testcase classname="tests/unit/aiRoleGuard.test.js" name="AI Role Guard &gt; Role Definitions &gt; should define three roles in correct hierarchy" time="0.000646459">
        </testcase>
        <testcase classname="tests/unit/aiRoleGuard.test.js" name="AI Role Guard &gt; Role Definitions &gt; should define capabilities for each role" time="0.00016025">
        </testcase>
        <testcase classname="tests/unit/aiRoleGuard.test.js" name="AI Role Guard &gt; Role Descriptions &gt; should return correct description for each role" time="0.000097167">
        </testcase>
        <testcase classname="tests/unit/aiRoleGuard.test.js" name="AI Role Guard &gt; Role Descriptions &gt; should default to ADVISOR description for unknown role" time="0.000037625">
        </testcase>
        <testcase classname="tests/unit/aiRoleGuard.test.js" name="AI Role Guard &gt; Action Capability Checks &gt; ADVISOR Role &gt; should allow explain actions" time="0.001991">
            <failure message="jest is not defined" type="ReferenceError">
ReferenceError: jest is not defined
 ❯ tests/unit/aiRoleGuard.test.js:56:46
            </failure>
        </testcase>
        <testcase classname="tests/unit/aiRoleGuard.test.js" name="AI Role Guard &gt; Action Capability Checks &gt; ADVISOR Role &gt; should block draft creation" time="0.000146083">
            <failure message="jest is not defined" type="ReferenceError">
ReferenceError: jest is not defined
 ❯ tests/unit/aiRoleGuard.test.js:67:46
            </failure>
        </testcase>
        <testcase classname="tests/unit/aiRoleGuard.test.js" name="AI Role Guard &gt; Action Capability Checks &gt; ADVISOR Role &gt; should block execution actions" time="0.000105709">
            <failure message="jest is not defined" type="ReferenceError">
ReferenceError: jest is not defined
 ❯ tests/unit/aiRoleGuard.test.js:78:46
            </failure>
        </testcase>
        <testcase classname="tests/unit/aiRoleGuard.test.js" name="AI Role Guard &gt; Action Capability Checks &gt; MANAGER Role &gt; should allow draft creation with approval required" time="0.000099459">
            <failure message="jest is not defined" type="ReferenceError">
ReferenceError: jest is not defined
 ❯ tests/unit/aiRoleGuard.test.js:90:46
            </failure>
        </testcase>
        <testcase classname="tests/unit/aiRoleGuard.test.js" name="AI Role Guard &gt; Action Capability Checks &gt; MANAGER Role &gt; should block execution actions" time="0.000109125">
            <failure message="jest is not defined" type="ReferenceError">
ReferenceError: jest is not defined
 ❯ tests/unit/aiRoleGuard.test.js:101:46
            </failure>
        </testcase>
        <testcase classname="tests/unit/aiRoleGuard.test.js" name="AI Role Guard &gt; Action Capability Checks &gt; OPERATOR Role &gt; should allow execution actions" time="0.000100167">
            <failure message="jest is not defined" type="ReferenceError">
ReferenceError: jest is not defined
 ❯ tests/unit/aiRoleGuard.test.js:113:46
            </failure>
        </testcase>
        <testcase classname="tests/unit/aiRoleGuard.test.js" name="AI Role Guard &gt; Action Capability Checks &gt; OPERATOR Role &gt; should allow entity modifications" time="0.000079667">
            <failure message="jest is not defined" type="ReferenceError">
ReferenceError: jest is not defined
 ❯ tests/unit/aiRoleGuard.test.js:124:46
            </failure>
        </testcase>
        <testcase classname="tests/unit/aiRoleGuard.test.js" name="AI Role Guard &gt; Mutation Validation &gt; should block all mutations for ADVISOR" time="0.00008125">
            <failure message="jest is not defined" type="ReferenceError">
ReferenceError: jest is not defined
 ❯ tests/unit/aiRoleGuard.test.js:137:42
            </failure>
        </testcase>
        <testcase classname="tests/unit/aiRoleGuard.test.js" name="AI Role Guard &gt; Mutation Validation &gt; should allow mutations as drafts for MANAGER" time="0.000074833">
            <failure message="jest is not defined" type="ReferenceError">
ReferenceError: jest is not defined
 ❯ tests/unit/aiRoleGuard.test.js:148:42
            </failure>
        </testcase>
        <testcase classname="tests/unit/aiRoleGuard.test.js" name="AI Role Guard &gt; Mutation Validation &gt; should allow direct mutations for OPERATOR" time="0.000075416">
            <failure message="jest is not defined" type="ReferenceError">
ReferenceError: jest is not defined
 ❯ tests/unit/aiRoleGuard.test.js:160:42
            </failure>
        </testcase>
        <testcase classname="tests/unit/aiRoleGuard.test.js" name="AI Role Guard &gt; isActionBlocked &gt; should return blocked with required role for insufficient permissions" time="0.000075417">
            <failure message="jest is not defined" type="ReferenceError">
ReferenceError: jest is not defined
 ❯ tests/unit/aiRoleGuard.test.js:173:42
            </failure>
        </testcase>
        <testcase classname="tests/unit/aiRoleGuard.test.js" name="AI Role Guard &gt; isActionBlocked &gt; should return not blocked for allowed actions" time="0.00006825">
            <failure message="jest is not defined" type="ReferenceError">
ReferenceError: jest is not defined
 ❯ tests/unit/aiRoleGuard.test.js:186:42
            </failure>
        </testcase>
    </testsuite>
    <testsuite name="tests/unit/analytics.service.test.ts" timestamp="2025-12-20T15:34:34.597Z" hostname="MacBook-Pro-Piotr.local" tests="8" failures="0" errors="0" skipped="0" time="0.00192975">
        <testcase classname="tests/unit/analytics.service.test.ts" name="Service Test: Analytics &gt; calculateAnalytics &gt; calculates analytics for empty arrays" time="0.000552958">
        </testcase>
        <testcase classname="tests/unit/analytics.service.test.ts" name="Service Test: Analytics &gt; calculateAnalytics &gt; calculates completion rate correctly" time="0.00013175">
        </testcase>
        <testcase classname="tests/unit/analytics.service.test.ts" name="Service Test: Analytics &gt; calculateAnalytics &gt; calculates initiative statistics" time="0.000109208">
        </testcase>
        <testcase classname="tests/unit/analytics.service.test.ts" name="Service Test: Analytics &gt; calculateAnalytics &gt; calculates total cost and benefit" time="0.000062917">
        </testcase>
        <testcase classname="tests/unit/analytics.service.test.ts" name="Service Test: Analytics &gt; generateBurnDownData &gt; generates burn down data for date range" time="0.000227417">
        </testcase>
        <testcase classname="tests/unit/analytics.service.test.ts" name="Service Test: Analytics &gt; generateBurnDownData &gt; handles empty task list" time="0.000046708">
        </testcase>
        <testcase classname="tests/unit/analytics.service.test.ts" name="Service Test: Analytics &gt; generateVelocityData &gt; generates velocity data for specified weeks" time="0.000108333">
        </testcase>
        <testcase classname="tests/unit/analytics.service.test.ts" name="Service Test: Analytics &gt; generateVelocityData &gt; uses default 8 weeks when not specified" time="0.000057666">
        </testcase>
    </testsuite>
    <testsuite name="tests/unit/api.service.test.ts" timestamp="2025-12-20T15:34:34.597Z" hostname="MacBook-Pro-Piotr.local" tests="6" failures="0" errors="0" skipped="0" time="0.004976417">
        <testcase classname="tests/unit/api.service.test.ts" name="Api Service Unit Tests &gt; login: should store token and return user on success" time="0.002972084">
            <system-out>
Api.login called: { email: [32m&apos;test@test.com&apos;[39m, url: [32m&apos;/api/auth/login&apos;[39m }

Login response status: [90mundefined[39m

Login response data: { token: [32m&apos;abc-123&apos;[39m, user: { id: [32m&apos;1&apos;[39m, email: [32m&apos;test@test.com&apos;[39m } }

            </system-out>
        </testcase>
        <testcase classname="tests/unit/api.service.test.ts" name="Api Service Unit Tests &gt; login: should throw error on failure" time="0.000743125">
            <system-out>
Api.login called: { email: [32m&apos;test@test.com&apos;[39m, url: [32m&apos;/api/auth/login&apos;[39m }

Login response status: [90mundefined[39m

Login response data: { error: [32m&apos;Invalid credentials&apos;[39m }

            </system-out>
        </testcase>
        <testcase classname="tests/unit/api.service.test.ts" name="Api Service Unit Tests &gt; getUsers: should send Authorization header" time="0.000317208">
        </testcase>
        <testcase classname="tests/unit/api.service.test.ts" name="Api Service Unit Tests &gt; getLLMProviders: should return list" time="0.000094959">
        </testcase>
        <testcase classname="tests/unit/api.service.test.ts" name="Api Service Unit Tests &gt; indexKnowledgeFiles: should trigger indexing" time="0.000168542">
        </testcase>
        <testcase classname="tests/unit/api.service.test.ts" name="Api Service Unit Tests &gt; saveSession: should post data" time="0.000143791">
        </testcase>
    </testsuite>
    <testsuite name="tests/unit/drdStructure.test.ts" timestamp="2025-12-20T15:34:34.598Z" hostname="MacBook-Pro-Piotr.local" tests="7" failures="0" errors="0" skipped="0" time="0.006066958">
        <testcase classname="tests/unit/drdStructure.test.ts" name="Service Test: drdStructure &gt; exports DRD_STRUCTURE as array" time="0.000487333">
        </testcase>
        <testcase classname="tests/unit/drdStructure.test.ts" name="Service Test: drdStructure &gt; each axis has required properties" time="0.000627667">
        </testcase>
        <testcase classname="tests/unit/drdStructure.test.ts" name="Service Test: drdStructure &gt; each area has required properties" time="0.000842583">
        </testcase>
        <testcase classname="tests/unit/drdStructure.test.ts" name="Service Test: drdStructure &gt; each level has required properties" time="0.002956708">
        </testcase>
        <testcase classname="tests/unit/drdStructure.test.ts" name="Service Test: drdStructure &gt; getQuestionsForAxis &gt; returns areas for valid axis ID" time="0.000067708">
        </testcase>
        <testcase classname="tests/unit/drdStructure.test.ts" name="Service Test: drdStructure &gt; getQuestionsForAxis &gt; returns empty array for invalid axis ID" time="0.000232417">
        </testcase>
        <testcase classname="tests/unit/drdStructure.test.ts" name="Service Test: drdStructure &gt; getQuestionsForAxis &gt; returns areas for different axis IDs" time="0.000064375">
        </testcase>
    </testsuite>
    <testsuite name="tests/unit/pdfExport.test.ts" timestamp="2025-12-20T15:34:34.598Z" hostname="MacBook-Pro-Piotr.local" tests="5" failures="0" errors="0" skipped="0" time="0.204935042">
        <testcase classname="tests/unit/pdfExport.test.ts" name="Service Test: pdfExport &gt; exportReportToPDF &gt; returns false when element is not found" time="0.001313125">
            <system-err>
Element with id non-existent not found

            </system-err>
        </testcase>
        <testcase classname="tests/unit/pdfExport.test.ts" name="Service Test: pdfExport &gt; exportReportToPDF &gt; exports PDF successfully" time="0.201075">
            <system-err>
[vitest] The vi.fn() mock did not use &apos;function&apos; or &apos;class&apos; in its implementation, see https://vitest.dev/api/vi#vi-spyon for examples.
PDF Export failed: TypeError: () =&gt; new MockJsPDF() is not a constructor
    at new j [90m(file:///Users/piotrwisniewski/Documents/Antygracity/DRD/consultify/[39mnode_modules/[4m@vitest/spy[24m/dist/index.js:262:27[90m)[39m
    at Module.exportReportToPDF [90m(/Users/piotrwisniewski/Documents/Antygracity/DRD/consultify/[39mservices/pdf/pdfExport.ts:30:21[90m)[39m
[90m    at processTicksAndRejections (node:internal/process/task_queues:103:5)[39m

            </system-err>
        </testcase>
        <testcase classname="tests/unit/pdfExport.test.ts" name="Service Test: pdfExport &gt; exportReportToPDF &gt; handles errors gracefully" time="0.000847167">
            <system-err>
PDF Export failed: Error: Canvas error
    at [90m/Users/piotrwisniewski/Documents/Antygracity/DRD/consultify/[39mtests/unit/pdfExport.test.ts:79:52
    at [90mfile:///Users/piotrwisniewski/Documents/Antygracity/DRD/consultify/[39mnode_modules/[4m@vitest/runner[24m/dist/index.js:145:11
    at [90mfile:///Users/piotrwisniewski/Documents/Antygracity/DRD/consultify/[39mnode_modules/[4m@vitest/runner[24m/dist/index.js:915:26
    at [90mfile:///Users/piotrwisniewski/Documents/Antygracity/DRD/consultify/[39mnode_modules/[4m@vitest/runner[24m/dist/index.js:1243:20
    at new Promise (&lt;anonymous&gt;)
    at runWithTimeout [90m(file:///Users/piotrwisniewski/Documents/Antygracity/DRD/consultify/[39mnode_modules/[4m@vitest/runner[24m/dist/index.js:1209:10[90m)[39m
    at [90mfile:///Users/piotrwisniewski/Documents/Antygracity/DRD/consultify/[39mnode_modules/[4m@vitest/runner[24m/dist/index.js:1653:37
    at Traces.$ [90m(file:///Users/piotrwisniewski/Documents/Antygracity/DRD/consultify/[39mnode_modules/[4mvitest[24m/dist/chunks/traces.U4xDYhzZ.js:115:27[90m)[39m
    at trace [90m(file:///Users/piotrwisniewski/Documents/Antygracity/DRD/consultify/[39mnode_modules/[4mvitest[24m/dist/chunks/test.B8ej_ZHS.js:239:21[90m)[39m
    at runTest [90m(file:///Users/piotrwisniewski/Documents/Antygracity/DRD/consultify/[39mnode_modules/[4m@vitest/runner[24m/dist/index.js:1653:12[90m)[39m

            </system-err>
        </testcase>
        <testcase classname="tests/unit/pdfExport.test.ts" name="Service Test: pdfExport &gt; exportDashboardToPDF &gt; creates PDF with metadata" time="0.000457334">
            <system-err>
[vitest] The vi.fn() mock did not use &apos;function&apos; or &apos;class&apos; in its implementation, see https://vitest.dev/api/vi#vi-spyon for examples.
Dashboard PDF Export failed: TypeError: () =&gt; new MockJsPDF() is not a constructor
    at new j [90m(file:///Users/piotrwisniewski/Documents/Antygracity/DRD/consultify/[39mnode_modules/[4m@vitest/spy[24m/dist/index.js:262:27[90m)[39m
    at Module.exportDashboardToPDF [90m(/Users/piotrwisniewski/Documents/Antygracity/DRD/consultify/[39mservices/pdf/pdfExport.ts:70:21[90m)[39m
    at [90m/Users/piotrwisniewski/Documents/Antygracity/DRD/consultify/[39mtests/unit/pdfExport.test.ts:89:19
    at [90mfile:///Users/piotrwisniewski/Documents/Antygracity/DRD/consultify/[39mnode_modules/[4m@vitest/runner[24m/dist/index.js:145:11
    at [90mfile:///Users/piotrwisniewski/Documents/Antygracity/DRD/consultify/[39mnode_modules/[4m@vitest/runner[24m/dist/index.js:915:26
    at [90mfile:///Users/piotrwisniewski/Documents/Antygracity/DRD/consultify/[39mnode_modules/[4m@vitest/runner[24m/dist/index.js:1243:20
    at new Promise (&lt;anonymous&gt;)
    at runWithTimeout [90m(file:///Users/piotrwisniewski/Documents/Antygracity/DRD/consultify/[39mnode_modules/[4m@vitest/runner[24m/dist/index.js:1209:10[90m)[39m
    at [90mfile:///Users/piotrwisniewski/Documents/Antygracity/DRD/consultify/[39mnode_modules/[4m@vitest/runner[24m/dist/index.js:1653:37
    at Traces.$ [90m(file:///Users/piotrwisniewski/Documents/Antygracity/DRD/consultify/[39mnode_modules/[4mvitest[24m/dist/chunks/traces.U4xDYhzZ.js:115:27[90m)[39m

            </system-err>
        </testcase>
        <testcase classname="tests/unit/pdfExport.test.ts" name="Service Test: pdfExport &gt; exportDashboardToPDF &gt; handles optional metadata" time="0.000562708">
            <system-err>
[vitest] The vi.fn() mock did not use &apos;function&apos; or &apos;class&apos; in its implementation, see https://vitest.dev/api/vi#vi-spyon for examples.
Dashboard PDF Export failed: TypeError: () =&gt; new MockJsPDF() is not a constructor
    at new j [90m(file:///Users/piotrwisniewski/Documents/Antygracity/DRD/consultify/[39mnode_modules/[4m@vitest/spy[24m/dist/index.js:262:27[90m)[39m
    at Module.exportDashboardToPDF [90m(/Users/piotrwisniewski/Documents/Antygracity/DRD/consultify/[39mservices/pdf/pdfExport.ts:70:21[90m)[39m
    at [90m/Users/piotrwisniewski/Documents/Antygracity/DRD/consultify/[39mtests/unit/pdfExport.test.ts:100:19
    at [90mfile:///Users/piotrwisniewski/Documents/Antygracity/DRD/consultify/[39mnode_modules/[4m@vitest/runner[24m/dist/index.js:145:11
    at [90mfile:///Users/piotrwisniewski/Documents/Antygracity/DRD/consultify/[39mnode_modules/[4m@vitest/runner[24m/dist/index.js:915:26
    at [90mfile:///Users/piotrwisniewski/Documents/Antygracity/DRD/consultify/[39mnode_modules/[4m@vitest/runner[24m/dist/index.js:1243:20
    at new Promise (&lt;anonymous&gt;)
    at runWithTimeout [90m(file:///Users/piotrwisniewski/Documents/Antygracity/DRD/consultify/[39mnode_modules/[4m@vitest/runner[24m/dist/index.js:1209:10[90m)[39m
    at [90mfile:///Users/piotrwisniewski/Documents/Antygracity/DRD/consultify/[39mnode_modules/[4m@vitest/runner[24m/dist/index.js:1653:37
    at Traces.$ [90m(file:///Users/piotrwisniewski/Documents/Antygracity/DRD/consultify/[39mnode_modules/[4mvitest[24m/dist/chunks/traces.U4xDYhzZ.js:115:27[90m)[39m

            </system-err>
        </testcase>
    </testsuite>
    <testsuite name="tests/unit/regulatoryModeGuard.test.js" timestamp="2025-12-20T15:34:34.599Z" hostname="MacBook-Pro-Piotr.local" tests="31" failures="0" errors="0" skipped="0" time="0.005331208">
        <testcase classname="tests/unit/regulatoryModeGuard.test.js" name="Regulatory Mode Guard &gt; Action Classification &gt; ALLOWED_ACTIONS &gt; should include all advisory-only actions" time="0.000775875">
        </testcase>
        <testcase classname="tests/unit/regulatoryModeGuard.test.js" name="Regulatory Mode Guard &gt; Action Classification &gt; BLOCKED_ACTIONS &gt; should include all mutation actions" time="0.00025925">
        </testcase>
        <testcase classname="tests/unit/regulatoryModeGuard.test.js" name="Regulatory Mode Guard &gt; isActionAllowed &gt; should allow EXPLAIN_CONTEXT in regulatory mode" time="0.00011175">
        </testcase>
        <testcase classname="tests/unit/regulatoryModeGuard.test.js" name="Regulatory Mode Guard &gt; isActionAllowed &gt; should allow ANALYZE_RISKS in regulatory mode" time="0.0000515">
        </testcase>
        <testcase classname="tests/unit/regulatoryModeGuard.test.js" name="Regulatory Mode Guard &gt; isActionAllowed &gt; should allow EDUCATE in regulatory mode" time="0.000048">
        </testcase>
        <testcase classname="tests/unit/regulatoryModeGuard.test.js" name="Regulatory Mode Guard &gt; isActionAllowed &gt; should BLOCK CREATE_DRAFT_TASK in regulatory mode" time="0.000032791">
        </testcase>
        <testcase classname="tests/unit/regulatoryModeGuard.test.js" name="Regulatory Mode Guard &gt; isActionAllowed &gt; should BLOCK CREATE_DRAFT_INITIATIVE in regulatory mode" time="0.000040458">
        </testcase>
        <testcase classname="tests/unit/regulatoryModeGuard.test.js" name="Regulatory Mode Guard &gt; isActionAllowed &gt; should BLOCK UPDATE_STATUS in regulatory mode" time="0.00005375">
        </testcase>
        <testcase classname="tests/unit/regulatoryModeGuard.test.js" name="Regulatory Mode Guard &gt; isActionAllowed &gt; should BLOCK EXECUTE_ACTION in regulatory mode" time="0.000041125">
        </testcase>
        <testcase classname="tests/unit/regulatoryModeGuard.test.js" name="Regulatory Mode Guard &gt; isActionAllowed &gt; should BLOCK MODIFY_ENTITY in regulatory mode" time="0.00005425">
        </testcase>
        <testcase classname="tests/unit/regulatoryModeGuard.test.js" name="Regulatory Mode Guard &gt; isActionAllowed &gt; should BLOCK DELETE_ENTITY in regulatory mode" time="0.000029417">
        </testcase>
        <testcase classname="tests/unit/regulatoryModeGuard.test.js" name="Regulatory Mode Guard &gt; isActionAllowed &gt; should block actions containing mutation keywords" time="0.000071833">
        </testcase>
        <testcase classname="tests/unit/regulatoryModeGuard.test.js" name="Regulatory Mode Guard &gt; isActionAllowed &gt; should allow actions without mutation keywords" time="0.000045791">
        </testcase>
        <testcase classname="tests/unit/regulatoryModeGuard.test.js" name="Regulatory Mode Guard &gt; isActionAllowed &gt; should handle null/undefined action gracefully" time="0.000028375">
        </testcase>
        <testcase classname="tests/unit/regulatoryModeGuard.test.js" name="Regulatory Mode Guard &gt; Regulatory Mode Prompt &gt; should contain prohibition statements" time="0.000052625">
        </testcase>
        <testcase classname="tests/unit/regulatoryModeGuard.test.js" name="Regulatory Mode Guard &gt; Regulatory Mode Prompt &gt; should forbid action verbs" time="0.000038667">
        </testcase>
        <testcase classname="tests/unit/regulatoryModeGuard.test.js" name="Regulatory Mode Guard &gt; Regulatory Mode Prompt &gt; should require advisory language" time="0.000033959">
        </testcase>
        <testcase classname="tests/unit/regulatoryModeGuard.test.js" name="Regulatory Mode Guard &gt; Regulatory Mode Prompt &gt; should include example responses" time="0.000029541">
        </testcase>
        <testcase classname="tests/unit/regulatoryModeGuard.test.js" name="Regulatory Mode Guard &gt; Forbidden Verbs List &gt; should contain all dangerous verbs" time="0.000144042">
        </testcase>
        <testcase classname="tests/unit/regulatoryModeGuard.test.js" name="Regulatory Mode Guard &gt; Advisory Phrases List &gt; should contain recommended advisory language" time="0.000051625">
        </testcase>
        <testcase classname="tests/unit/regulatoryModeGuard.test.js" name="Regulatory Mode Guard &gt; enforceRegulatoryMode (with mocked isEnabled) &gt; should block CREATE_DRAFT_TASK when regulatory mode is enabled" time="0.000269">
        </testcase>
        <testcase classname="tests/unit/regulatoryModeGuard.test.js" name="Regulatory Mode Guard &gt; enforceRegulatoryMode (with mocked isEnabled) &gt; should block UPDATE_STATUS when regulatory mode is enabled" time="0.000066334">
        </testcase>
        <testcase classname="tests/unit/regulatoryModeGuard.test.js" name="Regulatory Mode Guard &gt; enforceRegulatoryMode (with mocked isEnabled) &gt; should allow EXPLAIN_CONTEXT when regulatory mode is enabled" time="0.000052625">
        </testcase>
        <testcase classname="tests/unit/regulatoryModeGuard.test.js" name="Regulatory Mode Guard &gt; enforceRegulatoryMode (with mocked isEnabled) &gt; should allow ANALYZE_RISKS when regulatory mode is enabled" time="0.000051542">
        </testcase>
        <testcase classname="tests/unit/regulatoryModeGuard.test.js" name="Regulatory Mode Guard &gt; enforceRegulatoryMode (with mocked isEnabled) &gt; should NOT block actions when regulatory mode is disabled" time="0.000059667">
        </testcase>
        <testcase classname="tests/unit/regulatoryModeGuard.test.js" name="Regulatory Mode Guard &gt; enforceRegulatoryMode (with mocked isEnabled) &gt; should NOT block when no projectId is provided" time="0.000035334">
        </testcase>
        <testcase classname="tests/unit/regulatoryModeGuard.test.js" name="Regulatory Mode Guard &gt; enforceRegulatoryMode (with mocked isEnabled) &gt; should log blocked attempts to audit trail" time="0.000502958">
        </testcase>
        <testcase classname="tests/unit/regulatoryModeGuard.test.js" name="Regulatory Mode Guard &gt; getStatus &gt; should return full status object when enabled" time="0.000097125">
        </testcase>
        <testcase classname="tests/unit/regulatoryModeGuard.test.js" name="Regulatory Mode Guard &gt; getStatus &gt; should return full status object when disabled" time="0.000040708">
        </testcase>
        <testcase classname="tests/unit/regulatoryModeGuard.test.js" name="Regulatory Mode Guard &gt; Integration with AI Role System &gt; should override ANY role when regulatory mode is active" time="0.000103291">
        </testcase>
        <testcase classname="tests/unit/regulatoryModeGuard.test.js" name="Regulatory Mode Guard &gt; Safety: Fail-Safe Behavior &gt; should default to blocking when database error occurs" time="0.000023333">
        </testcase>
    </testsuite>
    <testsuite name="tests/unit/roi.test.ts" timestamp="2025-12-20T15:34:34.600Z" hostname="MacBook-Pro-Piotr.local" tests="3" failures="0" errors="0" skipped="0" time="0.001085167">
        <testcase classname="tests/unit/roi.test.ts" name="Unit Test: ROI Calculation &gt; should calculate ROI correctly for positive values" time="0.000415541">
        </testcase>
        <testcase classname="tests/unit/roi.test.ts" name="Unit Test: ROI Calculation &gt; should handle zero cost to avoid infinity" time="0.000062">
        </testcase>
        <testcase classname="tests/unit/roi.test.ts" name="Unit Test: ROI Calculation &gt; should return 0 for break-even" time="0.000052375">
        </testcase>
    </testsuite>
    <testsuite name="tests/unit/store.test.ts" timestamp="2025-12-20T15:34:34.600Z" hostname="MacBook-Pro-Piotr.local" tests="19" failures="0" errors="0" skipped="0" time="0.003676042">
        <testcase classname="tests/unit/store.test.ts" name="Store Test: useAppStore &gt; initializes with correct default values" time="0.000821416">
        </testcase>
        <testcase classname="tests/unit/store.test.ts" name="Store Test: useAppStore &gt; sets current view" time="0.000142584">
        </testcase>
        <testcase classname="tests/unit/store.test.ts" name="Store Test: useAppStore &gt; sets session mode" time="0.000108416">
        </testcase>
        <testcase classname="tests/unit/store.test.ts" name="Store Test: useAppStore &gt; sets current user" time="0.000256084">
        </testcase>
        <testcase classname="tests/unit/store.test.ts" name="Store Test: useAppStore &gt; toggles sidebar open state" time="0.000102792">
        </testcase>
        <testcase classname="tests/unit/store.test.ts" name="Store Test: useAppStore &gt; toggles sidebar collapse" time="0.000081792">
        </testcase>
        <testcase classname="tests/unit/store.test.ts" name="Store Test: useAppStore &gt; adds chat message" time="0.000534667">
        </testcase>
        <testcase classname="tests/unit/store.test.ts" name="Store Test: useAppStore &gt; sets chat messages" time="0.000147083">
        </testcase>
        <testcase classname="tests/unit/store.test.ts" name="Store Test: useAppStore &gt; clears chat" time="0.000126875">
        </testcase>
        <testcase classname="tests/unit/store.test.ts" name="Store Test: useAppStore &gt; sets bot typing state" time="0.000089125">
        </testcase>
        <testcase classname="tests/unit/store.test.ts" name="Store Test: useAppStore &gt; sets current stream content" time="0.000068167">
        </testcase>
        <testcase classname="tests/unit/store.test.ts" name="Store Test: useAppStore &gt; updates free session data" time="0.0000675">
        </testcase>
        <testcase classname="tests/unit/store.test.ts" name="Store Test: useAppStore &gt; updates free session data with function" time="0.000069708">
        </testcase>
        <testcase classname="tests/unit/store.test.ts" name="Store Test: useAppStore &gt; updates full session data" time="0.000066208">
        </testcase>
        <testcase classname="tests/unit/store.test.ts" name="Store Test: useAppStore &gt; sets AI config" time="0.000083458">
        </testcase>
        <testcase classname="tests/unit/store.test.ts" name="Store Test: useAppStore &gt; toggles theme" time="0.0000705">
        </testcase>
        <testcase classname="tests/unit/store.test.ts" name="Store Test: useAppStore &gt; updates last chat message" time="0.000079583">
        </testcase>
        <testcase classname="tests/unit/store.test.ts" name="Store Test: useAppStore &gt; logout resets state" time="0.000121667">
        </testcase>
        <testcase classname="tests/unit/store.test.ts" name="Store Test: useAppStore &gt; sets current project ID" time="0.000078583">
        </testcase>
    </testsuite>
    <testsuite name="tests/unit/transformationEngine.test.ts" timestamp="2025-12-20T15:34:34.601Z" hostname="MacBook-Pro-Piotr.local" tests="6" failures="0" errors="0" skipped="0" time="0.003790125">
        <testcase classname="tests/unit/transformationEngine.test.ts" name="Service Test: transformationEngine &gt; generates initiatives from session" time="0.000546042">
        </testcase>
        <testcase classname="tests/unit/transformationEngine.test.ts" name="Service Test: transformationEngine &gt; generates initiatives with required properties" time="0.001551417">
        </testcase>
        <testcase classname="tests/unit/transformationEngine.test.ts" name="Service Test: transformationEngine &gt; generates initiatives only for levels above current" time="0.000329542">
        </testcase>
        <testcase classname="tests/unit/transformationEngine.test.ts" name="Service Test: transformationEngine &gt; handles session with no gaps" time="0.000075375">
        </testcase>
        <testcase classname="tests/unit/transformationEngine.test.ts" name="Service Test: transformationEngine &gt; assigns priority based on current level" time="0.000066584">
        </testcase>
        <testcase classname="tests/unit/transformationEngine.test.ts" name="Service Test: transformationEngine &gt; assigns complexity based on target level" time="0.000682125">
        </testcase>
    </testsuite>
    <testsuite name="tests/unit/transformationScenarios.test.ts" timestamp="2025-12-20T15:34:34.602Z" hostname="MacBook-Pro-Piotr.local" tests="5" failures="0" errors="0" skipped="0" time="0.001379208">
        <testcase classname="tests/unit/transformationScenarios.test.ts" name="Transformation Scenarios Logic &gt; should have 6 unique scenarios" time="0.000485167">
        </testcase>
        <testcase classname="tests/unit/transformationScenarios.test.ts" name="Transformation Scenarios Logic &gt; recommendScenario should return stabilize for high risk &amp; low budget" time="0.000075209">
        </testcase>
        <testcase classname="tests/unit/transformationScenarios.test.ts" name="Transformation Scenarios Logic &gt; recommendScenario should return quickwins for low risk &amp; low budget" time="0.000052125">
        </testcase>
        <testcase classname="tests/unit/transformationScenarios.test.ts" name="Transformation Scenarios Logic &gt; recommendScenario should return foundation for high risk &amp; high budget" time="0.000058375">
        </testcase>
        <testcase classname="tests/unit/transformationScenarios.test.ts" name="Transformation Scenarios Logic &gt; recommendScenario should default to hybrid" time="0.000049084">
        </testcase>
    </testsuite>
    <testsuite name="tests/unit/utils.test.ts" timestamp="2025-12-20T15:34:34.602Z" hostname="MacBook-Pro-Piotr.local" tests="1" failures="0" errors="0" skipped="0" time="0.00095625">
        <testcase classname="tests/unit/utils.test.ts" name="Unit Test: Utilities &gt; should have utility functions available" time="0.000412459">
        </testcase>
    </testsuite>
    <testsuite name="tests/unit/hooks/useAIStream.test.ts" timestamp="2025-12-20T15:34:34.602Z" hostname="MacBook-Pro-Piotr.local" tests="6" failures="0" errors="0" skipped="0" time="0.028916125">
        <testcase classname="tests/unit/hooks/useAIStream.test.ts" name="Hook Test: useAIStream &gt; initializes with correct default values" time="0.006956333">
        </testcase>
        <testcase classname="tests/unit/hooks/useAIStream.test.ts" name="Hook Test: useAIStream &gt; calls API with correct parameters" time="0.007117083">
            <system-out>
[DEBUG-D] startStream entry: {
  msgLength: [33m12[39m,
  historyLength: [33m0[39m,
  hasSystemPrompt: [33mtrue[39m,
  hasContext: [33mfalse[39m
}
[DEBUG-A,C] startStream onDone: { responseLength: [33m11[39m }

            </system-out>
        </testcase>
        <testcase classname="tests/unit/hooks/useAIStream.test.ts" name="Hook Test: useAIStream &gt; updates stream content as chunks arrive" time="0.001519125">
            <system-out>
[DEBUG-D] startStream entry: {
  msgLength: [33m4[39m,
  historyLength: [33m0[39m,
  hasSystemPrompt: [33mfalse[39m,
  hasContext: [33mfalse[39m
}
[DEBUG-A,C] startStream onDone: { responseLength: [33m11[39m }

            </system-out>
        </testcase>
        <testcase classname="tests/unit/hooks/useAIStream.test.ts" name="Hook Test: useAIStream &gt; calls onStreamDone callback when stream completes" time="0.003666625">
            <system-out>
[DEBUG-D] startStream entry: {
  msgLength: [33m4[39m,
  historyLength: [33m0[39m,
  hasSystemPrompt: [33mfalse[39m,
  hasContext: [33mfalse[39m
}
[DEBUG-A,C] startStream onDone: { responseLength: [33m8[39m }

            </system-out>
        </testcase>
        <testcase classname="tests/unit/hooks/useAIStream.test.ts" name="Hook Test: useAIStream &gt; handles stream errors" time="0.006206375">
            <system-out>
[DEBUG-D] startStream entry: {
  msgLength: [33m4[39m,
  historyLength: [33m0[39m,
  hasSystemPrompt: [33mfalse[39m,
  hasContext: [33mfalse[39m
}

[DEBUG-A,C] startStream error: { errorMsg: [32m&apos;Error: Stream failed&apos;[39m }

            </system-out>
            <system-err>
AI Stream Error: Error: Stream failed
    at [90m/Users/piotrwisniewski/Documents/Antygracity/DRD/consultify/[39mtests/unit/hooks/useAIStream.test.ts:87:23
    at [90mfile:///Users/piotrwisniewski/Documents/Antygracity/DRD/consultify/[39mnode_modules/[4m@vitest/runner[24m/dist/index.js:145:11
    at [90mfile:///Users/piotrwisniewski/Documents/Antygracity/DRD/consultify/[39mnode_modules/[4m@vitest/runner[24m/dist/index.js:915:26
    at [90mfile:///Users/piotrwisniewski/Documents/Antygracity/DRD/consultify/[39mnode_modules/[4m@vitest/runner[24m/dist/index.js:1243:20
    at new Promise (&lt;anonymous&gt;)
    at runWithTimeout [90m(file:///Users/piotrwisniewski/Documents/Antygracity/DRD/consultify/[39mnode_modules/[4m@vitest/runner[24m/dist/index.js:1209:10[90m)[39m
    at [90mfile:///Users/piotrwisniewski/Documents/Antygracity/DRD/consultify/[39mnode_modules/[4m@vitest/runner[24m/dist/index.js:1653:37
    at Traces.$ [90m(file:///Users/piotrwisniewski/Documents/Antygracity/DRD/consultify/[39mnode_modules/[4mvitest[24m/dist/chunks/traces.U4xDYhzZ.js:115:27[90m)[39m
    at trace [90m(file:///Users/piotrwisniewski/Documents/Antygracity/DRD/consultify/[39mnode_modules/[4mvitest[24m/dist/chunks/test.B8ej_ZHS.js:239:21[90m)[39m
    at runTest [90m(file:///Users/piotrwisniewski/Documents/Antygracity/DRD/consultify/[39mnode_modules/[4m@vitest/runner[24m/dist/index.js:1653:12[90m)[39m

            </system-err>
        </testcase>
        <testcase classname="tests/unit/hooks/useAIStream.test.ts" name="Hook Test: useAIStream &gt; sets bot typing state correctly" time="0.002616375">
            <system-out>
[DEBUG-D] startStream entry: {
  msgLength: [33m4[39m,
  historyLength: [33m0[39m,
  hasSystemPrompt: [33mfalse[39m,
  hasContext: [33mfalse[39m
}
[DEBUG-A,C] startStream onDone: { responseLength: [33m11[39m }

            </system-out>
        </testcase>
    </testsuite>
    <testsuite name="tests/unit/hooks/useIndependentAI.test.ts" timestamp="2025-12-20T15:34:34.603Z" hostname="MacBook-Pro-Piotr.local" tests="3" failures="0" errors="0" skipped="0" time="0.011648292">
        <testcase classname="tests/unit/hooks/useIndependentAI.test.ts" name="useIndependentAI &gt; initializes with default state" time="0.006929458">
        </testcase>
        <testcase classname="tests/unit/hooks/useIndependentAI.test.ts" name="useIndependentAI &gt; callAI manages loading state and accumulates stream" time="0.001435833">
        </testcase>
        <testcase classname="tests/unit/hooks/useIndependentAI.test.ts" name="useIndependentAI &gt; refineText calls callAI with correct prompt and system instruction" time="0.001862417">
        </testcase>
    </testsuite>
    <testsuite name="tests/unit/hooks/useScreenContext.test.ts" timestamp="2025-12-20T15:34:34.603Z" hostname="MacBook-Pro-Piotr.local" tests="2" failures="0" errors="0" skipped="0" time="0.010555417">
        <testcase classname="tests/unit/hooks/useScreenContext.test.ts" name="Hook Test: useScreenContext &gt; sets screen context on mount after debounce" time="0.00798675">
        </testcase>
        <testcase classname="tests/unit/hooks/useScreenContext.test.ts" name="Hook Test: useScreenContext &gt; updates context when data changes" time="0.00183325">
        </testcase>
    </testsuite>
    <testsuite name="tests/unit/backend/activityService.test.js" timestamp="2025-12-20T15:34:34.603Z" hostname="MacBook-Pro-Piotr.local" tests="6" failures="0" errors="0" skipped="0" time="0.731265458">
        <testcase classname="tests/unit/backend/activityService.test.js" name="Backend Service Test: ActivityService &gt; log &gt; logs activity with all parameters" time="0.103500375">
        </testcase>
        <testcase classname="tests/unit/backend/activityService.test.js" name="Backend Service Test: ActivityService &gt; log &gt; handles optional parameters" time="0.102147416">
        </testcase>
        <testcase classname="tests/unit/backend/activityService.test.js" name="Backend Service Test: ActivityService &gt; getRecent &gt; fetches recent activities with default limit" time="0.112577583">
        </testcase>
        <testcase classname="tests/unit/backend/activityService.test.js" name="Backend Service Test: ActivityService &gt; getRecent &gt; fetches recent activities with custom limit" time="0.103746709">
        </testcase>
        <testcase classname="tests/unit/backend/activityService.test.js" name="Backend Service Test: ActivityService &gt; getRecent &gt; handles database errors gracefully" time="0.004717583">
        </testcase>
        <testcase classname="tests/unit/backend/activityService.test.js" name="Backend Service Test: ActivityService &gt; getByOrganization &gt; fetches activities for organization" time="0.101096375">
        </testcase>
    </testsuite>
    <testsuite name="tests/unit/backend/aiActions.test.js" timestamp="2025-12-20T15:34:34.603Z" hostname="MacBook-Pro-Piotr.local" tests="23" failures="0" errors="0" skipped="0" time="0.055413833">
        <testcase classname="tests/unit/backend/aiActions.test.js" name="AIActionExecutor &gt; ACTION_TYPES &gt; should have 7 action types" time="0.027531458">
            <system-out>
[Database] Selected: SQLite

            </system-out>
        </testcase>
        <testcase classname="tests/unit/backend/aiActions.test.js" name="AIActionExecutor &gt; ACTION_TYPES &gt; should define CREATE_DRAFT_TASK type" time="0.000161916">
        </testcase>
        <testcase classname="tests/unit/backend/aiActions.test.js" name="AIActionExecutor &gt; ACTION_TYPES &gt; should define CREATE_DRAFT_INITIATIVE type" time="0.000070666">
        </testcase>
        <testcase classname="tests/unit/backend/aiActions.test.js" name="AIActionExecutor &gt; ACTION_TYPES &gt; should define SUGGEST_ROADMAP_CHANGE type" time="0.000347167">
        </testcase>
        <testcase classname="tests/unit/backend/aiActions.test.js" name="AIActionExecutor &gt; ACTION_TYPES &gt; should define GENERATE_REPORT type" time="0.000306625">
        </testcase>
        <testcase classname="tests/unit/backend/aiActions.test.js" name="AIActionExecutor &gt; ACTION_TYPES &gt; should define PREPARE_DECISION_SUMMARY type" time="0.000160667">
        </testcase>
        <testcase classname="tests/unit/backend/aiActions.test.js" name="AIActionExecutor &gt; ACTION_TYPES &gt; should define EXPLAIN_CONTEXT type" time="0.000096584">
        </testcase>
        <testcase classname="tests/unit/backend/aiActions.test.js" name="AIActionExecutor &gt; ACTION_TYPES &gt; should define ANALYZE_RISKS type" time="0.000090542">
        </testcase>
        <testcase classname="tests/unit/backend/aiActions.test.js" name="AIActionExecutor &gt; ACTION_STATUS &gt; should define PENDING status" time="0.000118417">
        </testcase>
        <testcase classname="tests/unit/backend/aiActions.test.js" name="AIActionExecutor &gt; ACTION_STATUS &gt; should define APPROVED status" time="0.000076041">
        </testcase>
        <testcase classname="tests/unit/backend/aiActions.test.js" name="AIActionExecutor &gt; ACTION_STATUS &gt; should define REJECTED status" time="0.000048625">
        </testcase>
        <testcase classname="tests/unit/backend/aiActions.test.js" name="AIActionExecutor &gt; ACTION_STATUS &gt; should define EXECUTED status" time="0.000036292">
        </testcase>
        <testcase classname="tests/unit/backend/aiActions.test.js" name="AIActionExecutor &gt; Service Structure &gt; should export requestAction function" time="0.000034">
        </testcase>
        <testcase classname="tests/unit/backend/aiActions.test.js" name="AIActionExecutor &gt; Service Structure &gt; should export createDraft function" time="0.000030416">
        </testcase>
        <testcase classname="tests/unit/backend/aiActions.test.js" name="AIActionExecutor &gt; Service Structure &gt; should export approveAction function" time="0.000027375">
        </testcase>
        <testcase classname="tests/unit/backend/aiActions.test.js" name="AIActionExecutor &gt; Service Structure &gt; should export rejectAction function" time="0.000029">
        </testcase>
        <testcase classname="tests/unit/backend/aiActions.test.js" name="AIActionExecutor &gt; Service Structure &gt; should export getPendingActions function" time="0.000027042">
        </testcase>
        <testcase classname="tests/unit/backend/aiActions.test.js" name="AIActionExecutor &gt; Service Structure &gt; should export executeAction function" time="0.000026">
        </testcase>
        <testcase classname="tests/unit/backend/aiActions.test.js" name="AIAuditLogger &gt; Service Structure &gt; should export logInteraction function" time="0.025044333">
            <system-out>
[DB:c3696n] Initializing database at :memory:
Connected to the SQLite database.
Created billing tables and seeded default subscription plans.
Seeded SuperAdmin and DBR77 Users.

            </system-out>
        </testcase>
        <testcase classname="tests/unit/backend/aiActions.test.js" name="AIAuditLogger &gt; Service Structure &gt; should export logSuggestion function" time="0.000069792">
        </testcase>
        <testcase classname="tests/unit/backend/aiActions.test.js" name="AIAuditLogger &gt; Service Structure &gt; should export recordUserDecision function" time="0.000043958">
        </testcase>
        <testcase classname="tests/unit/backend/aiActions.test.js" name="AIAuditLogger &gt; Service Structure &gt; should export getAuditLogs function" time="0.000031125">
        </testcase>
        <testcase classname="tests/unit/backend/aiActions.test.js" name="AIAuditLogger &gt; Service Structure &gt; should export getAuditStats function" time="0.000035333">
        </testcase>
    </testsuite>
    <testsuite name="tests/unit/backend/aiCoreLayer.test.js" timestamp="2025-12-20T15:34:34.604Z" hostname="MacBook-Pro-Piotr.local" tests="56" failures="0" errors="0" skipped="0" time="0.080698792">
        <testcase classname="tests/unit/backend/aiCoreLayer.test.js" name="AIContextBuilder &gt; Service Structure &gt; should export buildContext function" time="0.032809875">
            <system-out>
[Database] Selected: SQLite

            </system-out>
        </testcase>
        <testcase classname="tests/unit/backend/aiCoreLayer.test.js" name="AIContextBuilder &gt; Service Structure &gt; should export _buildPlatformContext function" time="0.000126583">
        </testcase>
        <testcase classname="tests/unit/backend/aiCoreLayer.test.js" name="AIContextBuilder &gt; Service Structure &gt; should export _buildOrganizationContext function" time="0.000073709">
        </testcase>
        <testcase classname="tests/unit/backend/aiCoreLayer.test.js" name="AIContextBuilder &gt; Service Structure &gt; should export _buildProjectContext function" time="0.000091833">
        </testcase>
        <testcase classname="tests/unit/backend/aiCoreLayer.test.js" name="AIContextBuilder &gt; Service Structure &gt; should export _buildExecutionContext function" time="0.000081542">
        </testcase>
        <testcase classname="tests/unit/backend/aiCoreLayer.test.js" name="AIContextBuilder &gt; Service Structure &gt; should export _buildKnowledgeContext function" time="0.000057292">
        </testcase>
        <testcase classname="tests/unit/backend/aiCoreLayer.test.js" name="AIContextBuilder &gt; Service Structure &gt; should export _buildExternalContext function" time="0.000043875">
        </testcase>
        <testcase classname="tests/unit/backend/aiCoreLayer.test.js" name="AIContextBuilder &gt; Service Structure &gt; should export _generateHash function" time="0.000040917">
        </testcase>
        <testcase classname="tests/unit/backend/aiCoreLayer.test.js" name="AIContextBuilder &gt; _generateHash &gt; should generate consistent hash" time="0.000216125">
        </testcase>
        <testcase classname="tests/unit/backend/aiCoreLayer.test.js" name="AIContextBuilder &gt; _generateHash &gt; should generate different hash for different inputs" time="0.000318541">
        </testcase>
        <testcase classname="tests/unit/backend/aiCoreLayer.test.js" name="AIPolicyEngine &gt; POLICY_LEVELS &gt; should define ADVISORY level" time="0.025647625">
            <system-out>
[DB:qvz395] Initializing database at :memory:
Connected to the SQLite database.
Created billing tables and seeded default subscription plans.
Seeded SuperAdmin and DBR77 Users.

            </system-out>
        </testcase>
        <testcase classname="tests/unit/backend/aiCoreLayer.test.js" name="AIPolicyEngine &gt; POLICY_LEVELS &gt; should define ASSISTED level" time="0.000058042">
        </testcase>
        <testcase classname="tests/unit/backend/aiCoreLayer.test.js" name="AIPolicyEngine &gt; POLICY_LEVELS &gt; should define PROACTIVE level" time="0.000035041">
        </testcase>
        <testcase classname="tests/unit/backend/aiCoreLayer.test.js" name="AIPolicyEngine &gt; POLICY_LEVELS &gt; should define AUTOPILOT level" time="0.000028125">
        </testcase>
        <testcase classname="tests/unit/backend/aiCoreLayer.test.js" name="AIPolicyEngine &gt; AI_ROLES &gt; should define ADVISOR role" time="0.000028584">
        </testcase>
        <testcase classname="tests/unit/backend/aiCoreLayer.test.js" name="AIPolicyEngine &gt; AI_ROLES &gt; should define PMO_MANAGER role" time="0.00003">
        </testcase>
        <testcase classname="tests/unit/backend/aiCoreLayer.test.js" name="AIPolicyEngine &gt; AI_ROLES &gt; should define EXECUTOR role" time="0.000026">
        </testcase>
        <testcase classname="tests/unit/backend/aiCoreLayer.test.js" name="AIPolicyEngine &gt; AI_ROLES &gt; should define EDUCATOR role" time="0.000024916">
        </testcase>
        <testcase classname="tests/unit/backend/aiCoreLayer.test.js" name="AIPolicyEngine &gt; Service Structure &gt; should export getEffectivePolicy function" time="0.000028208">
        </testcase>
        <testcase classname="tests/unit/backend/aiCoreLayer.test.js" name="AIPolicyEngine &gt; Service Structure &gt; should export canPerformAction function" time="0.000027541">
        </testcase>
        <testcase classname="tests/unit/backend/aiCoreLayer.test.js" name="AIPolicyEngine &gt; Service Structure &gt; should export getPolicySummary function" time="0.000031042">
        </testcase>
        <testcase classname="tests/unit/backend/aiCoreLayer.test.js" name="AIPolicyEngine &gt; Service Structure &gt; should export updatePolicy function" time="0.000032708">
        </testcase>
        <testcase classname="tests/unit/backend/aiCoreLayer.test.js" name="AIMemoryManager &gt; MEMORY_TYPES &gt; should define DECISION type" time="0.007819542">
            <system-out>
Projects table created successfully (or already exists).

            </system-out>
        </testcase>
        <testcase classname="tests/unit/backend/aiCoreLayer.test.js" name="AIMemoryManager &gt; MEMORY_TYPES &gt; should define PHASE_TRANSITION type" time="0.000052042">
        </testcase>
        <testcase classname="tests/unit/backend/aiCoreLayer.test.js" name="AIMemoryManager &gt; MEMORY_TYPES &gt; should define RECOMMENDATION type" time="0.0000305">
        </testcase>
        <testcase classname="tests/unit/backend/aiCoreLayer.test.js" name="AIMemoryManager &gt; MEMORY_TYPES &gt; should define PATTERN type" time="0.000025417">
        </testcase>
        <testcase classname="tests/unit/backend/aiCoreLayer.test.js" name="AIMemoryManager &gt; createSession &gt; should create session with unique conversationId" time="0.000187667">
        </testcase>
        <testcase classname="tests/unit/backend/aiCoreLayer.test.js" name="AIMemoryManager &gt; createSession &gt; should create session with empty messages array" time="0.000073958">
        </testcase>
        <testcase classname="tests/unit/backend/aiCoreLayer.test.js" name="AIMemoryManager &gt; createSession &gt; should create session with startedAt timestamp" time="0.000036166">
        </testcase>
        <testcase classname="tests/unit/backend/aiCoreLayer.test.js" name="AIMemoryManager &gt; addMessage &gt; should add message to session" time="0.000332208">
        </testcase>
        <testcase classname="tests/unit/backend/aiCoreLayer.test.js" name="AIMemoryManager &gt; addMessage &gt; should add timestamp to message" time="0.00004">
        </testcase>
        <testcase classname="tests/unit/backend/aiCoreLayer.test.js" name="AIMemoryManager &gt; Service Structure &gt; should export recordProjectMemory function" time="0.000029541">
        </testcase>
        <testcase classname="tests/unit/backend/aiCoreLayer.test.js" name="AIMemoryManager &gt; Service Structure &gt; should export getUserPreferences function" time="0.000025375">
        </testcase>
        <testcase classname="tests/unit/backend/aiCoreLayer.test.js" name="AIMemoryManager &gt; Service Structure &gt; should export updateUserPreferences function" time="0.0000245">
        </testcase>
        <testcase classname="tests/unit/backend/aiCoreLayer.test.js" name="AIOrchestrator &gt; AI_ROLES &gt; should define all 4 roles" time="0.010251167">
        </testcase>
        <testcase classname="tests/unit/backend/aiCoreLayer.test.js" name="AIOrchestrator &gt; CHAT_MODES &gt; should define EXPLAIN mode" time="0.000073125">
        </testcase>
        <testcase classname="tests/unit/backend/aiCoreLayer.test.js" name="AIOrchestrator &gt; CHAT_MODES &gt; should define GUIDE mode" time="0.000037292">
        </testcase>
        <testcase classname="tests/unit/backend/aiCoreLayer.test.js" name="AIOrchestrator &gt; CHAT_MODES &gt; should define ANALYZE mode" time="0.000034167">
        </testcase>
        <testcase classname="tests/unit/backend/aiCoreLayer.test.js" name="AIOrchestrator &gt; CHAT_MODES &gt; should define DO mode" time="0.000026125">
        </testcase>
        <testcase classname="tests/unit/backend/aiCoreLayer.test.js" name="AIOrchestrator &gt; CHAT_MODES &gt; should define TEACH mode" time="0.000027417">
        </testcase>
        <testcase classname="tests/unit/backend/aiCoreLayer.test.js" name="AIOrchestrator &gt; _detectIntent &gt; should detect EXPLAIN intent" time="0.000079292">
        </testcase>
        <testcase classname="tests/unit/backend/aiCoreLayer.test.js" name="AIOrchestrator &gt; _detectIntent &gt; should detect GUIDE intent" time="0.000034375">
        </testcase>
        <testcase classname="tests/unit/backend/aiCoreLayer.test.js" name="AIOrchestrator &gt; _detectIntent &gt; should detect ANALYZE intent" time="0.000033041">
        </testcase>
        <testcase classname="tests/unit/backend/aiCoreLayer.test.js" name="AIOrchestrator &gt; _detectIntent &gt; should detect DO intent" time="0.000036541">
        </testcase>
        <testcase classname="tests/unit/backend/aiCoreLayer.test.js" name="AIOrchestrator &gt; _detectIntent &gt; should detect TEACH intent" time="0.000033333">
        </testcase>
        <testcase classname="tests/unit/backend/aiCoreLayer.test.js" name="AIOrchestrator &gt; _detectIntent &gt; should default to EXPLAIN" time="0.000027583">
        </testcase>
        <testcase classname="tests/unit/backend/aiCoreLayer.test.js" name="AIOrchestrator &gt; _selectRole &gt; should select ADVISOR for EXPLAIN intent" time="0.000048708">
        </testcase>
        <testcase classname="tests/unit/backend/aiCoreLayer.test.js" name="AIOrchestrator &gt; _selectRole &gt; should select PMO_MANAGER for GUIDE intent" time="0.000032709">
        </testcase>
        <testcase classname="tests/unit/backend/aiCoreLayer.test.js" name="AIOrchestrator &gt; _selectRole &gt; should select EXECUTOR for DO intent" time="0.000026042">
        </testcase>
        <testcase classname="tests/unit/backend/aiCoreLayer.test.js" name="AIOrchestrator &gt; _selectRole &gt; should select EDUCATOR for TEACH intent" time="0.000027416">
        </testcase>
        <testcase classname="tests/unit/backend/aiCoreLayer.test.js" name="AIOrchestrator &gt; _selectRole &gt; should fallback to ADVISOR if role not active" time="0.000024916">
        </testcase>
        <testcase classname="tests/unit/backend/aiCoreLayer.test.js" name="AIOrchestrator &gt; getRoleDescription &gt; should return description for ADVISOR" time="0.000076041">
        </testcase>
        <testcase classname="tests/unit/backend/aiCoreLayer.test.js" name="AIOrchestrator &gt; getRoleDescription &gt; should return description for PMO_MANAGER" time="0.000029208">
        </testcase>
        <testcase classname="tests/unit/backend/aiCoreLayer.test.js" name="AIOrchestrator &gt; getRoleDescription &gt; should return description for EXECUTOR" time="0.00002825">
        </testcase>
        <testcase classname="tests/unit/backend/aiCoreLayer.test.js" name="AIOrchestrator &gt; getRoleDescription &gt; should return description for EDUCATOR" time="0.000027875">
        </testcase>
        <testcase classname="tests/unit/backend/aiCoreLayer.test.js" name="AIOrchestrator &gt; Service Structure &gt; should export processMessage function" time="0.000025083">
        </testcase>
    </testsuite>
    <testsuite name="tests/unit/backend/aiExplainabilityService.test.js" timestamp="2025-12-20T15:34:34.607Z" hostname="MacBook-Pro-Piotr.local" tests="35" failures="0" errors="0" skipped="0" time="0.004555541">
        <testcase classname="tests/unit/backend/aiExplainabilityService.test.js" name="AIExplainabilityService &gt; computeConfidenceLevel &gt; returns LOW when context is null" time="0.0004735">
        </testcase>
        <testcase classname="tests/unit/backend/aiExplainabilityService.test.js" name="AIExplainabilityService &gt; computeConfidenceLevel &gt; returns LOW when context is empty" time="0.0000955">
        </testcase>
        <testcase classname="tests/unit/backend/aiExplainabilityService.test.js" name="AIExplainabilityService &gt; computeConfidenceLevel &gt; returns LOW when PMOHealthSnapshot is missing and no project data" time="0.000055">
        </testcase>
        <testcase classname="tests/unit/backend/aiExplainabilityService.test.js" name="AIExplainabilityService &gt; computeConfidenceLevel &gt; returns MEDIUM when PMOHealthSnapshot exists with blockers" time="0.000144375">
        </testcase>
        <testcase classname="tests/unit/backend/aiExplainabilityService.test.js" name="AIExplainabilityService &gt; computeConfidenceLevel &gt; returns HIGH when full context with no blockers" time="0.00012275">
        </testcase>
        <testcase classname="tests/unit/backend/aiExplainabilityService.test.js" name="AIExplainabilityService &gt; computeConfidenceLevel &gt; penalizes conflicting signals (many blockers AND many pending decisions)" time="0.000360583">
        </testcase>
        <testcase classname="tests/unit/backend/aiExplainabilityService.test.js" name="AIExplainabilityService &gt; buildReasoningSummary &gt; returns default message when no health data" time="0.000091125">
        </testcase>
        <testcase classname="tests/unit/backend/aiExplainabilityService.test.js" name="AIExplainabilityService &gt; buildReasoningSummary &gt; includes overdue tasks in reasoning" time="0.000054875">
        </testcase>
        <testcase classname="tests/unit/backend/aiExplainabilityService.test.js" name="AIExplainabilityService &gt; buildReasoningSummary &gt; includes pending decisions in reasoning" time="0.000052292">
        </testcase>
        <testcase classname="tests/unit/backend/aiExplainabilityService.test.js" name="AIExplainabilityService &gt; buildReasoningSummary &gt; includes phase information" time="0.00006075">
        </testcase>
        <testcase classname="tests/unit/backend/aiExplainabilityService.test.js" name="AIExplainabilityService &gt; buildReasoningSummary &gt; includes project memory count when provided" time="0.000039792">
        </testcase>
        <testcase classname="tests/unit/backend/aiExplainabilityService.test.js" name="AIExplainabilityService &gt; extractConstraintsApplied &gt; includes AI role constraint" time="0.000097375">
        </testcase>
        <testcase classname="tests/unit/backend/aiExplainabilityService.test.js" name="AIExplainabilityService &gt; extractConstraintsApplied &gt; includes policy level constraint" time="0.0000425">
        </testcase>
        <testcase classname="tests/unit/backend/aiExplainabilityService.test.js" name="AIExplainabilityService &gt; extractConstraintsApplied &gt; includes phase gate constraint" time="0.000047834">
        </testcase>
        <testcase classname="tests/unit/backend/aiExplainabilityService.test.js" name="AIExplainabilityService &gt; extractConstraintsApplied &gt; includes regulatory mode constraint" time="0.000044292">
        </testcase>
        <testcase classname="tests/unit/backend/aiExplainabilityService.test.js" name="AIExplainabilityService &gt; identifyDataUsed &gt; returns projectData false when no project context" time="0.000049958">
        </testcase>
        <testcase classname="tests/unit/backend/aiExplainabilityService.test.js" name="AIExplainabilityService &gt; identifyDataUsed &gt; returns projectData true when project context exists" time="0.000027416">
        </testcase>
        <testcase classname="tests/unit/backend/aiExplainabilityService.test.js" name="AIExplainabilityService &gt; identifyDataUsed &gt; returns projectMemoryCount from options" time="0.000027542">
        </testcase>
        <testcase classname="tests/unit/backend/aiExplainabilityService.test.js" name="AIExplainabilityService &gt; identifyDataUsed &gt; returns empty externalSources when internet disabled" time="0.000221916">
        </testcase>
        <testcase classname="tests/unit/backend/aiExplainabilityService.test.js" name="AIExplainabilityService &gt; identifyDataUsed &gt; returns external sources when internet enabled" time="0.000098875">
        </testcase>
        <testcase classname="tests/unit/backend/aiExplainabilityService.test.js" name="AIExplainabilityService &gt; buildAIExplanation &gt; generates valid AIExplanation object" time="0.000282708">
        </testcase>
        <testcase classname="tests/unit/backend/aiExplainabilityService.test.js" name="AIExplainabilityService &gt; buildAIExplanation &gt; includes all required fields in correct format" time="0.000122167">
        </testcase>
        <testcase classname="tests/unit/backend/aiExplainabilityService.test.js" name="AIExplainabilityService &gt; buildAIExplanation &gt; timestamp is ISO 8601 format" time="0.000079208">
        </testcase>
        <testcase classname="tests/unit/backend/aiExplainabilityService.test.js" name="AIExplainabilityService &gt; buildAIExplanation &gt; maps orchestrator roles to project roles correctly" time="0.000048">
        </testcase>
        <testcase classname="tests/unit/backend/aiExplainabilityService.test.js" name="AIExplainabilityService &gt; buildExplainabilityFooter &gt; returns empty string when explanation is null" time="0.000051959">
        </testcase>
        <testcase classname="tests/unit/backend/aiExplainabilityService.test.js" name="AIExplainabilityService &gt; buildExplainabilityFooter &gt; formats human-readable footer" time="0.000080917">
        </testcase>
        <testcase classname="tests/unit/backend/aiExplainabilityService.test.js" name="AIExplainabilityService &gt; buildExplainabilityFooter &gt; shows max 3 constraints" time="0.000072166">
        </testcase>
        <testcase classname="tests/unit/backend/aiExplainabilityService.test.js" name="AIExplainabilityService &gt; buildExplainabilityFooter &gt; does not expose raw internals" time="0.000047375">
        </testcase>
        <testcase classname="tests/unit/backend/aiExplainabilityService.test.js" name="AIExplainabilityService &gt; Internal Helpers &gt; _countPopulatedLayers &gt; returns 0 for null context" time="0.000026708">
        </testcase>
        <testcase classname="tests/unit/backend/aiExplainabilityService.test.js" name="AIExplainabilityService &gt; Internal Helpers &gt; _countPopulatedLayers &gt; counts populated layers correctly" time="0.00003875">
        </testcase>
        <testcase classname="tests/unit/backend/aiExplainabilityService.test.js" name="AIExplainabilityService &gt; Internal Helpers &gt; _getBlockerCount &gt; returns 0 when no blockers" time="0.000025208">
        </testcase>
        <testcase classname="tests/unit/backend/aiExplainabilityService.test.js" name="AIExplainabilityService &gt; Internal Helpers &gt; _getBlockerCount &gt; counts blockers from PMO health snapshot" time="0.000025459">
        </testcase>
        <testcase classname="tests/unit/backend/aiExplainabilityService.test.js" name="AIExplainabilityService &gt; Internal Helpers &gt; _getBlockerCount &gt; counts blockers from execution context" time="0.000024917">
        </testcase>
        <testcase classname="tests/unit/backend/aiExplainabilityService.test.js" name="AIExplainabilityService &gt; Internal Helpers &gt; _getBlockerCount &gt; sums blockers from both sources" time="0.000024917">
        </testcase>
        <testcase classname="tests/unit/backend/aiExplainabilityService.test.js" name="Sample Output &gt; generates sample AIExplanation matching the spec" time="0.000547917">
            <system-out>

========== SAMPLE AIExplanation JSON ==========
{
  &quot;aiRole&quot;: &quot;ADVISOR&quot;,
  &quot;regulatoryMode&quot;: false,
  &quot;confidenceLevel&quot;: &quot;HIGH&quot;,
  &quot;reasoningSummary&quot;: &quot;Based on 3 overdue task(s), 1 pending decision(s), current phase: Execution, 5 project memory item(s) consulted&quot;,
  &quot;dataUsed&quot;: {
    &quot;projectData&quot;: true,
    &quot;projectMemoryCount&quot;: 5,
    &quot;externalSources&quot;: []
  },
  &quot;constraintsApplied&quot;: [
    &quot;AI Role: ADVISOR (explain/suggest only, no mutations)&quot;,
    &quot;AI Policy: ADVISORY mode&quot;,
    &quot;Phase Gate: Execution&quot;
  ],
  &quot;timestamp&quot;: &quot;2025-12-20T15:34:32.457Z&quot;
}
================================================


            </system-out>
        </testcase>
    </testsuite>
    <testsuite name="tests/unit/backend/aiExternalData.test.js" timestamp="2025-12-20T15:34:34.609Z" hostname="MacBook-Pro-Piotr.local" tests="5" failures="0" errors="0" skipped="0" time="0.001641958">
        <testcase classname="tests/unit/backend/aiExternalData.test.js" name="AI External Data Control &gt; Internet Toggle &gt; should block external sources when internetEnabled is false" time="0.000439083">
        </testcase>
        <testcase classname="tests/unit/backend/aiExternalData.test.js" name="AI External Data Control &gt; Internet Toggle &gt; should allow external sources when internetEnabled is true" time="0.000090417">
        </testcase>
        <testcase classname="tests/unit/backend/aiExternalData.test.js" name="AI External Data Control &gt; Internet Toggle &gt; should respect project-level internet toggle" time="0.00006125">
        </testcase>
        <testcase classname="tests/unit/backend/aiExternalData.test.js" name="AI External Data Control &gt; RAG Toggle (GAP-03) &gt; should disable RAG when rag_enabled is 0" time="0.000046208">
        </testcase>
        <testcase classname="tests/unit/backend/aiExternalData.test.js" name="AI External Data Control &gt; RAG Toggle (GAP-03) &gt; should enable RAG by default" time="0.000046">
        </testcase>
    </testsuite>
    <testsuite name="tests/unit/backend/aiService.test.js" timestamp="2025-12-20T15:34:34.609Z" hostname="MacBook-Pro-Piotr.local" tests="36" failures="0" errors="0" skipped="4" time="0.153343625">
        <testcase classname="tests/unit/backend/aiService.test.js" name="AIService Unit Tests &gt; callLLM &gt; should use Google Gemini by default if checks pass" time="0">
            <skipped/>
        </testcase>
        <testcase classname="tests/unit/backend/aiService.test.js" name="AIService Unit Tests &gt; callLLM &gt; should block if balance is insufficient" time="0">
            <skipped/>
        </testcase>
        <testcase classname="tests/unit/backend/aiService.test.js" name="AIService Unit Tests &gt; callLLM &gt; should call OpenAI via fetch when provider is openai" time="0.00175325">
        </testcase>
        <testcase classname="tests/unit/backend/aiService.test.js" name="AIService Unit Tests &gt; callLLM &gt; should call Anthropic via fetch when provider is anthropic" time="0.00015875">
        </testcase>
        <testcase classname="tests/unit/backend/aiService.test.js" name="AIService Unit Tests &gt; generateInitiatives &gt; should parse JSON response correctly" time="0">
            <skipped/>
        </testcase>
        <testcase classname="tests/unit/backend/aiService.test.js" name="AIService Unit Tests &gt; generateInitiatives &gt; should return empty array on JSON parse error" time="0.007333959">
            <system-err>
LLM Call Error Error: AI Provider not configured.
    at Object.callLLM [90m(/Users/piotrwisniewski/Documents/Antygracity/DRD/consultify/[39mserver/services/aiService.js:172:41[90m)[39m
    at Object.generateInitiatives [90m(/Users/piotrwisniewski/Documents/Antygracity/DRD/consultify/[39mserver/services/aiService.js:655:29[90m)[39m
    at [90m/Users/piotrwisniewski/Documents/Antygracity/DRD/consultify/[39mtests/unit/backend/aiService.test.js:213:33
    at [90mfile:///Users/piotrwisniewski/Documents/Antygracity/DRD/consultify/[39mnode_modules/[4m@vitest/runner[24m/dist/index.js:915:20

            </system-err>
        </testcase>
        <testcase classname="tests/unit/backend/aiService.test.js" name="AIService Unit Tests &gt; streamLLM &gt; should yield chunks from Gemini stream" time="0">
            <skipped/>
        </testcase>
        <testcase classname="tests/unit/backend/aiService.test.js" name="AIService Unit Tests &gt; streamLLM &gt; should handle errors in stream" time="0.132245125">
            <system-out>
Projects table created successfully (or already exists).

Database initialization complete.

            </system-out>
            <system-err>
Stream LLM Error Error: AI Provider not configured.
    at Object.streamLLM [90m(/Users/piotrwisniewski/Documents/Antygracity/DRD/consultify/[39mserver/services/aiService.js:398:41[90m)[39m
    at [90m/Users/piotrwisniewski/Documents/Antygracity/DRD/consultify/[39mtests/unit/backend/aiService.test.js:241:30
    at [90mfile:///Users/piotrwisniewski/Documents/Antygracity/DRD/consultify/[39mnode_modules/[4m@vitest/runner[24m/dist/index.js:915:20

            </system-err>
        </testcase>
        <testcase classname="tests/unit/backend/aiService.test.js" name="AIService Unit Tests &gt; Generation Methods &gt; buildRoadmap &gt; should return roadmap object on success" time="0.000383584">
        </testcase>
        <testcase classname="tests/unit/backend/aiService.test.js" name="AIService Unit Tests &gt; Generation Methods &gt; buildRoadmap &gt; should return empty object on error" time="0.000138833">
        </testcase>
        <testcase classname="tests/unit/backend/aiService.test.js" name="AIService Unit Tests &gt; Generation Methods &gt; suggestTasks &gt; should return tasks array on success" time="0.000366625">
        </testcase>
        <testcase classname="tests/unit/backend/aiService.test.js" name="AIService Unit Tests &gt; Generation Methods &gt; deepDiagnose &gt; should execute chain of thought and return diagnosis" time="0.000190875">
        </testcase>
        <testcase classname="tests/unit/backend/aiService.test.js" name="AIService Unit Tests &gt; Generation Methods &gt; enrichInitiative &gt; should maintain structure and fallback to LLM" time="0.000313459">
            <system-err>
Web Search failed, using LLM knowledge Error: Web Fail
    at [90m/Users/piotrwisniewski/Documents/Antygracity/DRD/consultify/[39mtests/unit/backend/aiService.test.js:311:59
    at [90mfile:///Users/piotrwisniewski/Documents/Antygracity/DRD/consultify/[39mnode_modules/[4m@vitest/runner[24m/dist/index.js:145:11
    at [90mfile:///Users/piotrwisniewski/Documents/Antygracity/DRD/consultify/[39mnode_modules/[4m@vitest/runner[24m/dist/index.js:915:26
    at [90mfile:///Users/piotrwisniewski/Documents/Antygracity/DRD/consultify/[39mnode_modules/[4m@vitest/runner[24m/dist/index.js:1243:20
    at new Promise (&lt;anonymous&gt;)
    at runWithTimeout [90m(file:///Users/piotrwisniewski/Documents/Antygracity/DRD/consultify/[39mnode_modules/[4m@vitest/runner[24m/dist/index.js:1209:10[90m)[39m
    at [90mfile:///Users/piotrwisniewski/Documents/Antygracity/DRD/consultify/[39mnode_modules/[4m@vitest/runner[24m/dist/index.js:1653:37
    at Traces.$ [90m(file:///Users/piotrwisniewski/Documents/Antygracity/DRD/consultify/[39mnode_modules/[4mvitest[24m/dist/chunks/traces.U4xDYhzZ.js:115:27[90m)[39m
    at trace [90m(file:///Users/piotrwisniewski/Documents/Antygracity/DRD/consultify/[39mnode_modules/[4mvitest[24m/dist/chunks/test.B8ej_ZHS.js:239:21[90m)[39m
    at runTest [90m(file:///Users/piotrwisniewski/Documents/Antygracity/DRD/consultify/[39mnode_modules/[4m@vitest/runner[24m/dist/index.js:1653:12[90m)[39m

            </system-err>
        </testcase>
        <testcase classname="tests/unit/backend/aiService.test.js" name="AIService Unit Tests &gt; Generation Methods &gt; generateObservations &gt; should return observations from feedback" time="0.000236834">
        </testcase>
        <testcase classname="tests/unit/backend/aiService.test.js" name="AIService Unit Tests &gt; Generation Methods &gt; testProviderConnection &gt; should test OpenAI connection" time="0.000237083">
            <system-out>
[AiService] Testing connection for: openai

            </system-out>
        </testcase>
        <testcase classname="tests/unit/backend/aiService.test.js" name="AIService Unit Tests &gt; enhancePrompt &gt; should return base system role when no extras found" time="0.000072458">
        </testcase>
        <testcase classname="tests/unit/backend/aiService.test.js" name="AIService Unit Tests &gt; enhancePrompt &gt; should inject global strategies" time="0.000088125">
        </testcase>
        <testcase classname="tests/unit/backend/aiService.test.js" name="AIService Unit Tests &gt; enhancePrompt &gt; should inject client context when orgId provided" time="0.000166959">
        </testcase>
        <testcase classname="tests/unit/backend/aiService.test.js" name="AIService Unit Tests &gt; Queue Operations &gt; should enqueue task and return jobId" time="0.00021175">
        </testcase>
        <testcase classname="tests/unit/backend/aiService.test.js" name="AIService Unit Tests &gt; Queue Operations &gt; should get job status" time="0.000077542">
        </testcase>
        <testcase classname="tests/unit/backend/aiService.test.js" name="AIService Unit Tests &gt; Queue Operations &gt; should return null for non-existent job" time="0.000041667">
        </testcase>
        <testcase classname="tests/unit/backend/aiService.test.js" name="AIService Unit Tests &gt; Vision Capabilities &gt; should format payload correctly for OpenAI Vision" time="0.000150792">
        </testcase>
        <testcase classname="tests/unit/backend/aiService.test.js" name="AIService Unit Tests &gt; Vision Capabilities &gt; should use Gemini 1.5 Flash for vision fallback" time="0.004718833">
        </testcase>
        <testcase classname="tests/unit/backend/aiService.test.js" name="AIService Unit Tests &gt; Advanced Streaming &gt; should parse OpenAI SSE stream correctly" time="0.000361916">
        </testcase>
        <testcase classname="tests/unit/backend/aiService.test.js" name="AIService Unit Tests &gt; Advanced Streaming &gt; should handle OpenAI stream error" time="0.000343459">
            <system-err>
Stream LLM Error Error: Stream Error
    at [90m/Users/piotrwisniewski/Documents/Antygracity/DRD/consultify/[39mtests/unit/backend/aiService.test.js:237:69
    at [90mfile:///Users/piotrwisniewski/Documents/Antygracity/DRD/consultify/[39mnode_modules/[4m@vitest/runner[24m/dist/index.js:145:11
    at [90mfile:///Users/piotrwisniewski/Documents/Antygracity/DRD/consultify/[39mnode_modules/[4m@vitest/runner[24m/dist/index.js:915:26
    at [90mfile:///Users/piotrwisniewski/Documents/Antygracity/DRD/consultify/[39mnode_modules/[4m@vitest/runner[24m/dist/index.js:1243:20
    at new Promise (&lt;anonymous&gt;)
    at runWithTimeout [90m(file:///Users/piotrwisniewski/Documents/Antygracity/DRD/consultify/[39mnode_modules/[4m@vitest/runner[24m/dist/index.js:1209:10[90m)[39m
    at [90mfile:///Users/piotrwisniewski/Documents/Antygracity/DRD/consultify/[39mnode_modules/[4m@vitest/runner[24m/dist/index.js:1653:37
    at Traces.$ [90m(file:///Users/piotrwisniewski/Documents/Antygracity/DRD/consultify/[39mnode_modules/[4mvitest[24m/dist/chunks/traces.U4xDYhzZ.js:115:27[90m)[39m
    at trace [90m(file:///Users/piotrwisniewski/Documents/Antygracity/DRD/consultify/[39mnode_modules/[4mvitest[24m/dist/chunks/test.B8ej_ZHS.js:239:21[90m)[39m
    at runTest [90m(file:///Users/piotrwisniewski/Documents/Antygracity/DRD/consultify/[39mnode_modules/[4m@vitest/runner[24m/dist/index.js:1653:12[90m)[39m

            </system-err>
        </testcase>
        <testcase classname="tests/unit/backend/aiService.test.js" name="AIService Unit Tests &gt; Provider Integrations &gt; should generate JWT for Zhipu AI provider" time="0.001222667">
        </testcase>
        <testcase classname="tests/unit/backend/aiService.test.js" name="Extended AI Capabilities &gt; generateTaskInsight &gt; should return parsed insights when LLM returns valid JSON" time="0.000251041">
        </testcase>
[...]
        </testcase>
        <testcase classname="tests/unit/backend/scmsServices.test.js" name="StabilizationService &gt; STABILIZATION_STATUSES &gt; should define NOT_APPLICABLE status" time="0.000029917">
        </testcase>
        <testcase classname="tests/unit/backend/scmsServices.test.js" name="StabilizationService &gt; Service Structure &gt; should export checkEntryCriteria function" time="0.00004275">
        </testcase>
        <testcase classname="tests/unit/backend/scmsServices.test.js" name="StabilizationService &gt; Service Structure &gt; should export checkExitCriteria function" time="0.00003">
        </testcase>
        <testcase classname="tests/unit/backend/scmsServices.test.js" name="StabilizationService &gt; Service Structure &gt; should export closeProject function" time="0.000031541">
        </testcase>
        <testcase classname="tests/unit/backend/scmsServices.test.js" name="EconomicsService &gt; VALUE_TYPES &gt; should have 5 value types" time="0.005215625">
        </testcase>
        <testcase classname="tests/unit/backend/scmsServices.test.js" name="EconomicsService &gt; VALUE_TYPES &gt; should define COST_REDUCTION type" time="0.000065708">
        </testcase>
        <testcase classname="tests/unit/backend/scmsServices.test.js" name="EconomicsService &gt; VALUE_TYPES &gt; should define REVENUE_INCREASE type" time="0.000035833">
        </testcase>
        <testcase classname="tests/unit/backend/scmsServices.test.js" name="EconomicsService &gt; VALUE_TYPES &gt; should define RISK_REDUCTION type" time="0.0000275">
        </testcase>
        <testcase classname="tests/unit/backend/scmsServices.test.js" name="EconomicsService &gt; VALUE_TYPES &gt; should define EFFICIENCY type" time="0.000025708">
        </testcase>
        <testcase classname="tests/unit/backend/scmsServices.test.js" name="EconomicsService &gt; VALUE_TYPES &gt; should define STRATEGIC_OPTION type" time="0.000024375">
        </testcase>
        <testcase classname="tests/unit/backend/scmsServices.test.js" name="EconomicsService &gt; Service Structure &gt; should export createValueHypothesis function" time="0.000025125">
        </testcase>
        <testcase classname="tests/unit/backend/scmsServices.test.js" name="EconomicsService &gt; Service Structure &gt; should export getValueSummary function" time="0.000024209">
        </testcase>
        <testcase classname="tests/unit/backend/scmsServices.test.js" name="EconomicsService &gt; Service Structure &gt; should export detectMissingValueHypotheses function" time="0.000024333">
        </testcase>
        <testcase classname="tests/unit/backend/scmsServices.test.js" name="ReportingService &gt; Service Structure &gt; should export generateExecutiveOverview function" time="0.006199958">
        </testcase>
        <testcase classname="tests/unit/backend/scmsServices.test.js" name="ReportingService &gt; Service Structure &gt; should export generateProjectHealthReport function" time="0.00006975">
        </testcase>
        <testcase classname="tests/unit/backend/scmsServices.test.js" name="ReportingService &gt; Service Structure &gt; should export generateGovernanceReport function" time="0.000037042">
        </testcase>
        <testcase classname="tests/unit/backend/scmsServices.test.js" name="NarrativeService &gt; Service Structure &gt; should export generateWeeklySummary function" time="0.006948916">
        </testcase>
        <testcase classname="tests/unit/backend/scmsServices.test.js" name="NarrativeService &gt; Service Structure &gt; should export generateExecutiveMemo function" time="0.000244667">
        </testcase>
        <testcase classname="tests/unit/backend/scmsServices.test.js" name="NarrativeService &gt; Service Structure &gt; should export generateProgressNarrative function" time="0.000065792">
        </testcase>
    </testsuite>
    <testsuite name="tests/unit/backend/tokenBillingService.test.js" timestamp="2025-12-20T15:34:34.617Z" hostname="MacBook-Pro-Piotr.local" tests="16" failures="0" errors="0" skipped="0" time="0.212177834">
        <testcase classname="tests/unit/backend/tokenBillingService.test.js" name="TokenBillingService - Integration &gt; Margins &gt; should get margins without throwing" time="0.000706667">
        </testcase>
        <testcase classname="tests/unit/backend/tokenBillingService.test.js" name="TokenBillingService - Integration &gt; Margins &gt; should get specific margin by source type" time="0.000265333">
        </testcase>
        <testcase classname="tests/unit/backend/tokenBillingService.test.js" name="TokenBillingService - Integration &gt; Packages &gt; should get packages without throwing" time="0.000236834">
        </testcase>
        <testcase classname="tests/unit/backend/tokenBillingService.test.js" name="TokenBillingService - Integration &gt; Packages &gt; should upsert package without throwing" time="0.000658917">
        </testcase>
        <testcase classname="tests/unit/backend/tokenBillingService.test.js" name="TokenBillingService - Integration &gt; Balance &gt; should get balance without throwing" time="0.000190292">
        </testcase>
        <testcase classname="tests/unit/backend/tokenBillingService.test.js" name="TokenBillingService - Integration &gt; Balance &gt; should ensure balance creates record" time="0.0001945">
        </testcase>
        <testcase classname="tests/unit/backend/tokenBillingService.test.js" name="TokenBillingService - Integration &gt; Balance &gt; should credit tokens to user" time="0.000608709">
        </testcase>
        <testcase classname="tests/unit/backend/tokenBillingService.test.js" name="TokenBillingService - Integration &gt; Balance Check &gt; should check sufficient balance" time="0.000174833">
        </testcase>
        <testcase classname="tests/unit/backend/tokenBillingService.test.js" name="TokenBillingService - Integration &gt; Margin Updates &gt; should update margin and persist changes" time="0.000308458">
        </testcase>
        <testcase classname="tests/unit/backend/tokenBillingService.test.js" name="TokenBillingService - Integration &gt; Token Deduction / Usage &gt; should deduct tokens correctly for platform usage" time="0.001077958">
        </testcase>
        <testcase classname="tests/unit/backend/tokenBillingService.test.js" name="TokenBillingService - Integration &gt; Token Deduction / Usage &gt; should handle markup multipliers" time="0.000969417">
        </testcase>
        <testcase classname="tests/unit/backend/tokenBillingService.test.js" name="TokenBillingService - Integration &gt; User API Keys (BYOK) &gt; should add, get and delete user API keys" time="0.046825542">
        </testcase>
        <testcase classname="tests/unit/backend/tokenBillingService.test.js" name="TokenBillingService - Integration &gt; Source Determination &gt; should prefer BYOK if available and requested" time="0.043634667">
        </testcase>
        <testcase classname="tests/unit/backend/tokenBillingService.test.js" name="TokenBillingService - Integration &gt; Source Determination &gt; should fallback to platform if no BYOK key" time="0.00067775">
        </testcase>
        <testcase classname="tests/unit/backend/tokenBillingService.test.js" name="TokenBillingService - Integration &gt; Analytics &gt; should retrieve revenue analytics" time="0.000443958">
        </testcase>
        <testcase classname="tests/unit/backend/tokenBillingService.test.js" name="TokenBillingService - Integration &gt; Analytics &gt; should retrieve transactions for user" time="0.000700417">
        </testcase>
    </testsuite>
    <testsuite name="tests/unit/backend/usageService.test.js" timestamp="2025-12-20T15:34:34.619Z" hostname="MacBook-Pro-Piotr.local" tests="4" failures="0" errors="0" skipped="0" time="0.117134334">
        <testcase classname="tests/unit/backend/usageService.test.js" name="UsageService - Integration &gt; Record Usage &gt; should record token usage without throwing" time="0.001240959">
        </testcase>
        <testcase classname="tests/unit/backend/usageService.test.js" name="UsageService - Integration &gt; Record Usage &gt; should record storage usage without throwing" time="0.000302875">
        </testcase>
        <testcase classname="tests/unit/backend/usageService.test.js" name="UsageService - Integration &gt; Get Usage &gt; should get current usage without throwing" time="0.000596167">
        </testcase>
        <testcase classname="tests/unit/backend/usageService.test.js" name="UsageService - Integration &gt; Check Quota &gt; should check quota without throwing" time="0.000483791">
        </testcase>
    </testsuite>
    <testsuite name="tests/unit/backend/middleware/adminMiddleware.test.js" timestamp="2025-12-20T15:34:34.619Z" hostname="MacBook-Pro-Piotr.local" tests="4" failures="0" errors="0" skipped="0" time="0.006471291">
        <testcase classname="tests/unit/backend/middleware/adminMiddleware.test.js" name="AdminMiddleware &gt; should call next() if user is admin" time="0.003101459">
        </testcase>
        <testcase classname="tests/unit/backend/middleware/adminMiddleware.test.js" name="AdminMiddleware &gt; should call next() if user is superadmin" time="0.000367917">
        </testcase>
        <testcase classname="tests/unit/backend/middleware/adminMiddleware.test.js" name="AdminMiddleware &gt; should return 403 if user is not admin" time="0.001819667">
        </testcase>
        <testcase classname="tests/unit/backend/middleware/adminMiddleware.test.js" name="AdminMiddleware &gt; should return 401 if verify failed (bad signature)" time="0.000317708">
        </testcase>
    </testsuite>
    <testsuite name="tests/unit/backend/middleware/auditLog.test.js" timestamp="2025-12-20T15:34:34.619Z" hostname="MacBook-Pro-Piotr.local" tests="3" failures="0" errors="0" skipped="0" time="0.166948083">
        <testcase classname="tests/unit/backend/middleware/auditLog.test.js" name="AuditLog Middleware &gt; should call next() and override res.end" time="0.111332667">
            <system-out>
[Database] Selected: SQLite

[DB:bpcflo] Initializing database at :memory:
Connected to the SQLite database.
Created billing tables and seeded default subscription plans.
Seeded SuperAdmin and DBR77 Users.

Projects table created successfully (or already exists).

Database initialization complete.

[Database] Selected: SQLite

            </system-out>
        </testcase>
        <testcase classname="tests/unit/backend/middleware/auditLog.test.js" name="AuditLog Middleware &gt; should log activity when res.end is called for 2xx POST" time="0.053935041">
            <system-out>
[Database] Selected: SQLite

            </system-out>
        </testcase>
        <testcase classname="tests/unit/backend/middleware/auditLog.test.js" name="AuditLog Middleware &gt; should NOT log for GET requests" time="0.001069917">
            <system-out>
[Database] Selected: SQLite

            </system-out>
        </testcase>
    </testsuite>
    <testsuite name="tests/unit/backend/middleware/authMiddleware.test.js" timestamp="2025-12-20T15:34:34.619Z" hostname="MacBook-Pro-Piotr.local" tests="6" failures="0" errors="0" skipped="4" time="0.002251041">
        <testcase classname="tests/unit/backend/middleware/authMiddleware.test.js" name="AuthMiddleware &gt; should return 403 if no token provided" time="0.001447833">
        </testcase>
        <testcase classname="tests/unit/backend/middleware/authMiddleware.test.js" name="AuthMiddleware &gt; should return 401 if token expired" time="0">
            <skipped/>
        </testcase>
        <testcase classname="tests/unit/backend/middleware/authMiddleware.test.js" name="AuthMiddleware &gt; should return 401 if token invalid" time="0.000299666">
        </testcase>
        <testcase classname="tests/unit/backend/middleware/authMiddleware.test.js" name="AuthMiddleware &gt; should call next() if token valid and no revocation check needed (no jti)" time="0">
            <skipped/>
        </testcase>
        <testcase classname="tests/unit/backend/middleware/authMiddleware.test.js" name="AuthMiddleware &gt; should check revocation if jti is present" time="0">
            <skipped/>
        </testcase>
        <testcase classname="tests/unit/backend/middleware/authMiddleware.test.js" name="AuthMiddleware &gt; should return 401 if token is revoked" time="0">
            <skipped/>
        </testcase>
    </testsuite>
    <testsuite name="tests/unit/backend/middleware/planLimits.test.js" timestamp="2025-12-20T15:34:34.620Z" hostname="MacBook-Pro-Piotr.local" tests="8" failures="0" errors="0" skipped="0" time="0.134141958">
        <testcase classname="tests/unit/backend/middleware/planLimits.test.js" name="PlanLimits Middleware &gt; should return 403 if no organization found in user" time="0.125692375">
            <system-out>
[Database] Selected: SQLite

[DB:pxsts] Initializing database at :memory:
Connected to the SQLite database.
Created billing tables and seeded default subscription plans.
Seeded SuperAdmin and DBR77 Users.

Projects table created successfully (or already exists).

Database initialization complete.

[Database] Selected: SQLite

            </system-out>
        </testcase>
        <testcase classname="tests/unit/backend/middleware/planLimits.test.js" name="PlanLimits Middleware &gt; should return 404 if organization does not exist in DB" time="0.000904208">
        </testcase>
        <testcase classname="tests/unit/backend/middleware/planLimits.test.js" name="PlanLimits Middleware &gt; should allow request if within limit (Free plan)" time="0.000644125">
        </testcase>
        <testcase classname="tests/unit/backend/middleware/planLimits.test.js" name="PlanLimits Middleware &gt; should block request if limit reached (Free plan)" time="0.001514416">
        </testcase>
        <testcase classname="tests/unit/backend/middleware/planLimits.test.js" name="PlanLimits Middleware &gt; should allow request if within limit (Pro plan)" time="0.001432">
        </testcase>
        <testcase classname="tests/unit/backend/middleware/planLimits.test.js" name="PlanLimits Middleware &gt; should treat trial status as pro plan" time="0.000897125">
        </testcase>
        <testcase classname="tests/unit/backend/middleware/planLimits.test.js" name="PlanLimits Middleware &gt; should handle undefined limits gracefully (warn and allow)" time="0.000658125">
            <system-err>
Limit key unknown_limit_key not found for plan free

            </system-err>
        </testcase>
        <testcase classname="tests/unit/backend/middleware/planLimits.test.js" name="PlanLimits Middleware &gt; should check max_members limit" time="0.000975458">
        </testcase>
    </testsuite>
    <testsuite name="tests/unit/backend/middleware/projectQuotaMiddleware.test.js" timestamp="2025-12-20T15:34:34.620Z" hostname="MacBook-Pro-Piotr.local" tests="6" failures="0" errors="0" skipped="0" time="0.1206335">
        <testcase classname="tests/unit/backend/middleware/projectQuotaMiddleware.test.js" name="Project Quota Middleware (Integration) &gt; should skip check if no project_id provided" time="0.000885584">
        </testcase>
        <testcase classname="tests/unit/backend/middleware/projectQuotaMiddleware.test.js" name="Project Quota Middleware (Integration) &gt; should allow request if quota is sufficient" time="0.001437458">
        </testcase>
        <testcase classname="tests/unit/backend/middleware/projectQuotaMiddleware.test.js" name="Project Quota Middleware (Integration) &gt; should allow request if limit is NULL (unlimited)" time="0.000901917">
        </testcase>
        <testcase classname="tests/unit/backend/middleware/projectQuotaMiddleware.test.js" name="Project Quota Middleware (Integration) &gt; should block 429 if quota exceeded" time="0.001788792">
        </testcase>
        <testcase classname="tests/unit/backend/middleware/projectQuotaMiddleware.test.js" name="Project Quota Middleware (Integration) &gt; should cleanup temp file if quota exceeded" time="0.000910458">
        </testcase>
        <testcase classname="tests/unit/backend/middleware/projectQuotaMiddleware.test.js" name="Project Quota Middleware (Integration) &gt; should handle errors gracefully (e.g. project not found)" time="0.00137975">
            <system-err>
Project quota check error: Error: Project not found
    at Statement.&lt;anonymous&gt; [90m(/Users/piotrwisniewski/Documents/Antygracity/DRD/consultify/[39mserver/services/usageService.js:300:41[90m)[39m
    at Statement.replacement [90m(/Users/piotrwisniewski/Documents/Antygracity/DRD/consultify/[39mserver/node_modules/[4msqlite3[24m/lib/trace.js:25:27[90m)[39m
    at Statement.replacement [90m(/Users/piotrwisniewski/Documents/Antygracity/DRD/consultify/[39mserver/node_modules/[4msqlite3[24m/lib/trace.js:25:27[90m)[39m

            </system-err>
        </testcase>
    </testsuite>
    <testsuite name="tests/unit/backend/middleware/quotaMiddleware.test.js" timestamp="2025-12-20T15:34:34.621Z" hostname="MacBook-Pro-Piotr.local" tests="8" failures="0" errors="0" skipped="0" time="0.190038708">
        <testcase classname="tests/unit/backend/middleware/quotaMiddleware.test.js" name="Quota Middleware (Integration) &gt; enforceTokenQuota &gt; should return 401 if no orgId" time="0.001055333">
        </testcase>
        <testcase classname="tests/unit/backend/middleware/quotaMiddleware.test.js" name="Quota Middleware (Integration) &gt; enforceTokenQuota &gt; should allow if usage is below limit" time="0.002689292">
        </testcase>
        <testcase classname="tests/unit/backend/middleware/quotaMiddleware.test.js" name="Quota Middleware (Integration) &gt; enforceTokenQuota &gt; should block 429 if usage exceeds limit" time="0.001311042">
        </testcase>
        <testcase classname="tests/unit/backend/middleware/quotaMiddleware.test.js" name="Quota Middleware (Integration) &gt; enforceTokenQuota &gt; should allow if overage is enabled even if exceeded" time="0.001246583">
        </testcase>
        <testcase classname="tests/unit/backend/middleware/quotaMiddleware.test.js" name="Quota Middleware (Integration) &gt; enforceTokenQuota &gt; should set warning headers if &gt; 80%" time="0.00133175">
        </testcase>
        <testcase classname="tests/unit/backend/middleware/quotaMiddleware.test.js" name="Quota Middleware (Integration) &gt; enforceStorageQuota &gt; should allow if allowed" time="0.001351416">
        </testcase>
        <testcase classname="tests/unit/backend/middleware/quotaMiddleware.test.js" name="Quota Middleware (Integration) &gt; enforceStorageQuota &gt; should block 429 if exceeded" time="0.001128708">
        </testcase>
        <testcase classname="tests/unit/backend/middleware/quotaMiddleware.test.js" name="Quota Middleware (Integration) &gt; recordTokenUsageAfterResponse &gt; should insert usage record into DB" time="0.052197166">
        </testcase>
    </testsuite>
    <testsuite name="tests/unit/backend/middleware/superAdminMiddleware.test.js" timestamp="2025-12-20T15:34:34.621Z" hostname="MacBook-Pro-Piotr.local" tests="3" failures="0" errors="0" skipped="0" time="0.0044495">
        <testcase classname="tests/unit/backend/middleware/superAdminMiddleware.test.js" name="SuperAdminMiddleware &gt; should call next() if user is superadmin" time="0.002290042">
        </testcase>
        <testcase classname="tests/unit/backend/middleware/superAdminMiddleware.test.js" name="SuperAdminMiddleware &gt; should return 403 if user is admin (not super)" time="0.001184167">
        </testcase>
        <testcase classname="tests/unit/backend/middleware/superAdminMiddleware.test.js" name="SuperAdminMiddleware &gt; should return 401 if token is invalid (bad signature)" time="0.000281375">
        </testcase>
    </testsuite>
</testsuites>
