<?xml version="1.0" encoding="UTF-8" ?>
<testsuites name="vitest tests" tests="18" failures="0" errors="0" time="2.382022792">
    <testsuite name="tests/integration/api.test.ts" timestamp="2025-12-12T06:03:03.055Z" hostname="MacBook-Air-Piotr.local" tests="2" failures="0" errors="0" skipped="0" time="0.042058417">
        <testcase classname="tests/integration/api.test.ts" name="Integration Test: API Health &gt; GET /health should return 200 OK" time="0.032976708">
            <system-out>
[DB:50bp0f] Initializing database at :memory:
Connected to the SQLite database.
Created billing tables and seeded default subscription plans.
Seeded SuperAdmin and DBR77 Users.

[Redis] Connected

            </system-out>
        </testcase>
        <testcase classname="tests/integration/api.test.ts" name="Integration Test: API Health &gt; GET /non-existent-route should return 404 (handled by catchall serving index.html)" time="0.008521583">
            <system-out>
Projects table created successfully (or already exists).

            </system-out>
        </testcase>
    </testsuite>
    <testsuite name="tests/integration/auth.test.js" timestamp="2025-12-12T06:03:03.055Z" hostname="MacBook-Air-Piotr.local" tests="4" failures="0" errors="0" skipped="0" time="0.33734375">
        <testcase classname="tests/integration/auth.test.js" name="Auth Integration &gt; should login successfully with valid credentials" time="0.031492541">
        </testcase>
        <testcase classname="tests/integration/auth.test.js" name="Auth Integration &gt; should fail with invalid credentials" time="0.016765583">
        </testcase>
        <testcase classname="tests/integration/auth.test.js" name="Auth Integration &gt; should require email and password" time="0.00103175">
        </testcase>
        <testcase classname="tests/integration/auth.test.js" name="Auth Integration &gt; should validate token via /api/auth/me" time="0.018299125">
        </testcase>
    </testsuite>
    <testsuite name="tests/integration/initiatives.test.js" timestamp="2025-12-12T06:03:03.056Z" hostname="MacBook-Air-Piotr.local" tests="2" failures="0" errors="0" skipped="0" time="0.292202916">
        <testcase classname="tests/integration/initiatives.test.js" name="Initiatives Integration &gt; should list initiatives" time="0.002780208">
        </testcase>
        <testcase classname="tests/integration/initiatives.test.js" name="Initiatives Integration &gt; should create an initiative" time="0.001776666">
        </testcase>
    </testsuite>
    <testsuite name="tests/integration/projects.test.js" timestamp="2025-12-12T06:03:03.056Z" hostname="MacBook-Air-Piotr.local" tests="2" failures="0" errors="0" skipped="0" time="0.298446833">
        <testcase classname="tests/integration/projects.test.js" name="Projects Integration &gt; should create a new project" time="0.002785958">
        </testcase>
        <testcase classname="tests/integration/projects.test.js" name="Projects Integration &gt; should list projects" time="0.001306166">
        </testcase>
    </testsuite>
    <testsuite name="tests/integration/storage_security.test.js" timestamp="2025-12-12T06:03:03.056Z" hostname="MacBook-Air-Piotr.local" tests="4" failures="0" errors="0" skipped="0" time="0.946320833">
        <testcase classname="tests/integration/storage_security.test.js" name="Storage Security &amp; Isolation Integration &gt; should NOT allow User B to see files uploaded by User A" time="0.00820025">
        </testcase>
        <testcase classname="tests/integration/storage_security.test.js" name="Storage Security &amp; Isolation Integration &gt; should block upload if project storage limit is exceeded" time="0.05342925">
        </testcase>
        <testcase classname="tests/integration/storage_security.test.js" name="Storage Security &amp; Isolation Integration &gt; should sanitize filenames preventing directory traversal" time="0.000291583">
        </testcase>
        <testcase classname="tests/integration/storage_security.test.js" name="Storage Security &amp; Isolation Integration &gt; should soft delete files instead of removing them immediately" time="0.556581833">
        </testcase>
    </testsuite>
    <testsuite name="tests/integration/tasks.test.js" timestamp="2025-12-12T06:03:03.056Z" hostname="MacBook-Air-Piotr.local" tests="2" failures="0" errors="0" skipped="0" time="0.408029584">
        <testcase classname="tests/integration/tasks.test.js" name="Tasks Integration &gt; should list tasks" time="0.00408425">
        </testcase>
        <testcase classname="tests/integration/tasks.test.js" name="Tasks Integration &gt; should create a task" time="0.003145917">
        </testcase>
    </testsuite>
    <testsuite name="tests/integration/backend/planLimits.test.js" timestamp="2025-12-12T06:03:03.056Z" hostname="MacBook-Air-Piotr.local" tests="2" failures="0" errors="0" skipped="0" time="0.057620459">
        <testcase classname="tests/integration/backend/planLimits.test.js" name="Plan Limits Integration &gt; should prevent creating more projects than allowed by Free plan" time="0.013864834">
        </testcase>
        <testcase classname="tests/integration/backend/planLimits.test.js" name="Plan Limits Integration &gt; should allow creating more projects after upgrade" time="0.001302375">
        </testcase>
    </testsuite>
</testsuites>
