<?xml version="1.0" encoding="UTF-8" ?>
<testsuites name="vitest tests" tests="1392" failures="217" errors="0" time="23.395474961">
    <testsuite name="tests/unit/actionProposalEngine.test.js" timestamp="2025-12-21T11:11:50.056Z" hostname="MacBook-Pro-Piotr.local" tests="6" failures="0" errors="0" skipped="0" time="0.19778375">
        <testcase classname="tests/unit/actionProposalEngine.test.js" name="ActionProposalEngine &gt; should generate proposals for USER_AT_RISK" time="0.006677209">
        </testcase>
        <testcase classname="tests/unit/actionProposalEngine.test.js" name="ActionProposalEngine &gt; should generate proposals for BLOCKED_INITIATIVE" time="0.000200083">
        </testcase>
        <testcase classname="tests/unit/actionProposalEngine.test.js" name="ActionProposalEngine &gt; should generate proposals for STRONG_TEAM_MEMBER" time="0.000170292">
        </testcase>
        <testcase classname="tests/unit/actionProposalEngine.test.js" name="ActionProposalEngine &gt; should be deterministic (return same output for same input)" time="0.000149791">
        </testcase>
        <testcase classname="tests/unit/actionProposalEngine.test.js" name="ActionProposalEngine &gt; should return sorted proposals by proposal_id" time="0.000300958">
        </testcase>
        <testcase classname="tests/unit/actionProposalEngine.test.js" name="ActionProposalEngine &gt; should adhere to the mandatory output model" time="0.000480417">
        </testcase>
    </testsuite>
    <testsuite name="tests/unit/aiPlaybookRoutingEngine.test.js" timestamp="2025-12-21T11:11:50.057Z" hostname="MacBook-Pro-Piotr.local" tests="29" failures="0" errors="0" skipped="0" time="0.086646083">
        <testcase classname="tests/unit/aiPlaybookRoutingEngine.test.js" name="AIPlaybookRoutingEngine &gt; evaluateCondition &gt; metric_lte &gt; should match when metric is less than threshold" time="0.0007205">
        </testcase>
        <testcase classname="tests/unit/aiPlaybookRoutingEngine.test.js" name="AIPlaybookRoutingEngine &gt; evaluateCondition &gt; metric_lte &gt; should match when metric equals threshold" time="0.000089125">
        </testcase>
        <testcase classname="tests/unit/aiPlaybookRoutingEngine.test.js" name="AIPlaybookRoutingEngine &gt; evaluateCondition &gt; metric_lte &gt; should not match when metric is greater than threshold" time="0.000082125">
        </testcase>
        <testcase classname="tests/unit/aiPlaybookRoutingEngine.test.js" name="AIPlaybookRoutingEngine &gt; evaluateCondition &gt; metric_lte &gt; should not match when metric is not found" time="0.0000805">
        </testcase>
        <testcase classname="tests/unit/aiPlaybookRoutingEngine.test.js" name="AIPlaybookRoutingEngine &gt; evaluateCondition &gt; metric_lte &gt; should return false for invalid format" time="0.000070083">
        </testcase>
        <testcase classname="tests/unit/aiPlaybookRoutingEngine.test.js" name="AIPlaybookRoutingEngine &gt; evaluateCondition &gt; metric_gte &gt; should match when metric is greater than threshold" time="0.000058209">
        </testcase>
        <testcase classname="tests/unit/aiPlaybookRoutingEngine.test.js" name="AIPlaybookRoutingEngine &gt; evaluateCondition &gt; metric_gte &gt; should match when metric equals threshold" time="0.000045709">
        </testcase>
        <testcase classname="tests/unit/aiPlaybookRoutingEngine.test.js" name="AIPlaybookRoutingEngine &gt; evaluateCondition &gt; metric_gte &gt; should not match when metric is less than threshold" time="0.000036584">
        </testcase>
        <testcase classname="tests/unit/aiPlaybookRoutingEngine.test.js" name="AIPlaybookRoutingEngine &gt; evaluateCondition &gt; flag_eq &gt; should match when flag equals expected value" time="0.000050542">
        </testcase>
        <testcase classname="tests/unit/aiPlaybookRoutingEngine.test.js" name="AIPlaybookRoutingEngine &gt; evaluateCondition &gt; flag_eq &gt; should not match when flag does not equal expected value" time="0.000054792">
        </testcase>
        <testcase classname="tests/unit/aiPlaybookRoutingEngine.test.js" name="AIPlaybookRoutingEngine &gt; evaluateCondition &gt; flag_eq &gt; should work with string values" time="0.000044542">
        </testcase>
        <testcase classname="tests/unit/aiPlaybookRoutingEngine.test.js" name="AIPlaybookRoutingEngine &gt; evaluateCondition &gt; has_open_tasks &gt; should match when open tasks exist and condition is true" time="0.000043333">
        </testcase>
        <testcase classname="tests/unit/aiPlaybookRoutingEngine.test.js" name="AIPlaybookRoutingEngine &gt; evaluateCondition &gt; has_open_tasks &gt; should match when no open tasks and condition is false" time="0.000033875">
        </testcase>
        <testcase classname="tests/unit/aiPlaybookRoutingEngine.test.js" name="AIPlaybookRoutingEngine &gt; evaluateCondition &gt; has_open_tasks &gt; should recognize in_progress as open" time="0.000029792">
        </testcase>
        <testcase classname="tests/unit/aiPlaybookRoutingEngine.test.js" name="AIPlaybookRoutingEngine &gt; evaluateCondition &gt; has_open_tasks &gt; should recognize PENDING as open" time="0.000029125">
        </testcase>
        <testcase classname="tests/unit/aiPlaybookRoutingEngine.test.js" name="AIPlaybookRoutingEngine &gt; evaluateCondition &gt; signal_present &gt; should match when signal is present" time="0.000044792">
        </testcase>
        <testcase classname="tests/unit/aiPlaybookRoutingEngine.test.js" name="AIPlaybookRoutingEngine &gt; evaluateCondition &gt; signal_present &gt; should not match when signal is not present" time="0.000034958">
        </testcase>
        <testcase classname="tests/unit/aiPlaybookRoutingEngine.test.js" name="AIPlaybookRoutingEngine &gt; evaluateCondition &gt; signal_present &gt; should handle simple string signals" time="0.000046083">
        </testcase>
        <testcase classname="tests/unit/aiPlaybookRoutingEngine.test.js" name="AIPlaybookRoutingEngine &gt; evaluateCondition &gt; time_since_step_gte &gt; should match when enough time has passed" time="0.000167375">
        </testcase>
        <testcase classname="tests/unit/aiPlaybookRoutingEngine.test.js" name="AIPlaybookRoutingEngine &gt; evaluateCondition &gt; time_since_step_gte &gt; should not match when not enough time has passed" time="0.00004875">
        </testcase>
        <testcase classname="tests/unit/aiPlaybookRoutingEngine.test.js" name="AIPlaybookRoutingEngine &gt; evaluateCondition &gt; time_since_step_gte &gt; should not match when step timestamp not found" time="0.00004025">
        </testcase>
        <testcase classname="tests/unit/aiPlaybookRoutingEngine.test.js" name="AIPlaybookRoutingEngine &gt; evaluateCondition &gt; unknown conditions &gt; should fail safely for unknown condition type" time="0.000151458">
            <system-err>
[AIPlaybookRoutingEngine] Unknown condition type: unknown_condition

            </system-err>
        </testcase>
        <testcase classname="tests/unit/aiPlaybookRoutingEngine.test.js" name="AIPlaybookRoutingEngine &gt; evaluateCondition &gt; unknown conditions &gt; should fail safely for empty condition" time="0.000038">
        </testcase>
        <testcase classname="tests/unit/aiPlaybookRoutingEngine.test.js" name="AIPlaybookRoutingEngine &gt; evaluateRouting &gt; should select first matching rule in first_match mode" time="0.000120834">
        </testcase>
        <testcase classname="tests/unit/aiPlaybookRoutingEngine.test.js" name="AIPlaybookRoutingEngine &gt; evaluateRouting &gt; should use else_goto when no rules match" time="0.000047417">
        </testcase>
        <testcase classname="tests/unit/aiPlaybookRoutingEngine.test.js" name="AIPlaybookRoutingEngine &gt; evaluateRouting &gt; should return null when no rules match and no else_goto" time="0.00005125">
        </testcase>
        <testcase classname="tests/unit/aiPlaybookRoutingEngine.test.js" name="AIPlaybookRoutingEngine &gt; evaluateRouting &gt; should use linear flow when no branch_rules defined" time="0.00003625">
        </testcase>
        <testcase classname="tests/unit/aiPlaybookRoutingEngine.test.js" name="AIPlaybookRoutingEngine &gt; evaluateRouting &gt; should record evaluation trace" time="0.000332334">
        </testcase>
        <testcase classname="tests/unit/aiPlaybookRoutingEngine.test.js" name="AIPlaybookRoutingEngine &gt; evaluateRouting &gt; should skip rules with invalid conditions" time="0.00004525">
        </testcase>
    </testsuite>
    <testsuite name="tests/unit/aiResponsePostProcessor.test.js" timestamp="2025-12-21T11:11:50.059Z" hostname="MacBook-Pro-Piotr.local" tests="20" failures="0" errors="0" skipped="0" time="0.193724292">
        <testcase classname="tests/unit/aiResponsePostProcessor.test.js" name="aiResponsePostProcessor &gt; Memory Prefix &gt; should add memory prefix when memory count &gt; 0" time="0.000563042">
        </testcase>
        <testcase classname="tests/unit/aiResponsePostProcessor.test.js" name="aiResponsePostProcessor &gt; Memory Prefix &gt; should NOT add memory prefix when memory count is 0" time="0.000144417">
        </testcase>
        <testcase classname="tests/unit/aiResponsePostProcessor.test.js" name="aiResponsePostProcessor &gt; Memory Prefix &gt; should NOT duplicate memory prefix if already present" time="0.000079708">
        </testcase>
        <testcase classname="tests/unit/aiResponsePostProcessor.test.js" name="aiResponsePostProcessor &gt; External Sources Prefix &gt; should add external prefix when external sources are used" time="0.000081">
        </testcase>
        <testcase classname="tests/unit/aiResponsePostProcessor.test.js" name="aiResponsePostProcessor &gt; External Sources Prefix &gt; should NOT add external prefix when no external sources" time="0.000071167">
        </testcase>
        <testcase classname="tests/unit/aiResponsePostProcessor.test.js" name="aiResponsePostProcessor &gt; External Sources Prefix &gt; should NOT duplicate external prefix if already present" time="0.000051125">
        </testcase>
        <testcase classname="tests/unit/aiResponsePostProcessor.test.js" name="aiResponsePostProcessor &gt; Combined Prefixes &gt; should add both prefixes when both memory and external sources exist" time="0.00006475">
        </testcase>
        <testcase classname="tests/unit/aiResponsePostProcessor.test.js" name="aiResponsePostProcessor &gt; Combined Prefixes &gt; should maintain correct order: memory first, then external" time="0.00005475">
        </testcase>
        <testcase classname="tests/unit/aiResponsePostProcessor.test.js" name="aiResponsePostProcessor &gt; Edge Cases &gt; should handle empty response safely" time="0.000039">
        </testcase>
        <testcase classname="tests/unit/aiResponsePostProcessor.test.js" name="aiResponsePostProcessor &gt; Edge Cases &gt; should handle null response safely" time="0.000047083">
        </testcase>
        <testcase classname="tests/unit/aiResponsePostProcessor.test.js" name="aiResponsePostProcessor &gt; Edge Cases &gt; should handle undefined context safely" time="0.000032167">
        </testcase>
        <testcase classname="tests/unit/aiResponsePostProcessor.test.js" name="aiResponsePostProcessor &gt; Edge Cases &gt; should handle null context safely" time="0.000026666">
        </testcase>
        <testcase classname="tests/unit/aiResponsePostProcessor.test.js" name="aiResponsePostProcessor &gt; Edge Cases &gt; should trim whitespace from response" time="0.000039125">
        </testcase>
        <testcase classname="tests/unit/aiResponsePostProcessor.test.js" name="aiResponsePostProcessor &gt; Helper Functions &gt; getMemoryCount &gt; should count previous decisions" time="0.000035583">
        </testcase>
        <testcase classname="tests/unit/aiResponsePostProcessor.test.js" name="aiResponsePostProcessor &gt; Helper Functions &gt; getMemoryCount &gt; should return memoryCount from projectMemory" time="0.000041208">
        </testcase>
        <testcase classname="tests/unit/aiResponsePostProcessor.test.js" name="aiResponsePostProcessor &gt; Helper Functions &gt; getMemoryCount &gt; should return 1 when PMO health snapshot exists" time="0.000030916">
        </testcase>
        <testcase classname="tests/unit/aiResponsePostProcessor.test.js" name="aiResponsePostProcessor &gt; Helper Functions &gt; getExternalSources &gt; should return externalSourcesUsed array" time="0.000244625">
        </testcase>
        <testcase classname="tests/unit/aiResponsePostProcessor.test.js" name="aiResponsePostProcessor &gt; Helper Functions &gt; getExternalSources &gt; should derive sources from fetchedData" time="0.00029975">
        </testcase>
        <testcase classname="tests/unit/aiResponsePostProcessor.test.js" name="aiResponsePostProcessor &gt; Helper Functions &gt; stripPrefixes &gt; should remove memory and external prefixes" time="0.000075417">
        </testcase>
        <testcase classname="tests/unit/aiResponsePostProcessor.test.js" name="aiResponsePostProcessor &gt; Helper Functions &gt; stripPrefixes &gt; should handle text without prefixes" time="0.000037292">
        </testcase>
    </testsuite>
    <testsuite name="tests/unit/aiRoleGuard.test.js" timestamp="2025-12-21T11:11:50.060Z" hostname="MacBook-Pro-Piotr.local" tests="16" failures="0" errors="0" skipped="0" time="0.187035083">
        <testcase classname="tests/unit/aiRoleGuard.test.js" name="AI Role Guard &gt; Role Definitions &gt; should define three roles in correct hierarchy" time="0.001128875">
        </testcase>
        <testcase classname="tests/unit/aiRoleGuard.test.js" name="AI Role Guard &gt; Role Definitions &gt; should define capabilities for each role" time="0.000191292">
        </testcase>
        <testcase classname="tests/unit/aiRoleGuard.test.js" name="AI Role Guard &gt; Role Descriptions &gt; should return correct description for each role" time="0.000126">
        </testcase>
        <testcase classname="tests/unit/aiRoleGuard.test.js" name="AI Role Guard &gt; Role Descriptions &gt; should default to ADVISOR description for unknown role" time="0.000052959">
        </testcase>
        <testcase classname="tests/unit/aiRoleGuard.test.js" name="AI Role Guard &gt; Action Capability Checks &gt; ADVISOR Role &gt; should allow explain actions" time="0.000176917">
        </testcase>
        <testcase classname="tests/unit/aiRoleGuard.test.js" name="AI Role Guard &gt; Action Capability Checks &gt; ADVISOR Role &gt; should block draft creation" time="0.000080542">
        </testcase>
        <testcase classname="tests/unit/aiRoleGuard.test.js" name="AI Role Guard &gt; Action Capability Checks &gt; ADVISOR Role &gt; should block execution actions" time="0.000063208">
        </testcase>
        <testcase classname="tests/unit/aiRoleGuard.test.js" name="AI Role Guard &gt; Action Capability Checks &gt; MANAGER Role &gt; should allow draft creation with approval required" time="0.000064125">
        </testcase>
        <testcase classname="tests/unit/aiRoleGuard.test.js" name="AI Role Guard &gt; Action Capability Checks &gt; MANAGER Role &gt; should block execution actions" time="0.00005125">
        </testcase>
        <testcase classname="tests/unit/aiRoleGuard.test.js" name="AI Role Guard &gt; Action Capability Checks &gt; OPERATOR Role &gt; should allow execution actions" time="0.000071834">
        </testcase>
        <testcase classname="tests/unit/aiRoleGuard.test.js" name="AI Role Guard &gt; Action Capability Checks &gt; OPERATOR Role &gt; should allow entity modifications" time="0.000058417">
        </testcase>
        <testcase classname="tests/unit/aiRoleGuard.test.js" name="AI Role Guard &gt; Mutation Validation &gt; should block all mutations for ADVISOR" time="0.0000685">
        </testcase>
        <testcase classname="tests/unit/aiRoleGuard.test.js" name="AI Role Guard &gt; Mutation Validation &gt; should allow mutations as drafts for MANAGER" time="0.000064167">
        </testcase>
        <testcase classname="tests/unit/aiRoleGuard.test.js" name="AI Role Guard &gt; Mutation Validation &gt; should allow direct mutations for OPERATOR" time="0.000052875">
        </testcase>
        <testcase classname="tests/unit/aiRoleGuard.test.js" name="AI Role Guard &gt; isActionBlocked &gt; should return blocked with required role for insufficient permissions" time="0.000082541">
        </testcase>
        <testcase classname="tests/unit/aiRoleGuard.test.js" name="AI Role Guard &gt; isActionBlocked &gt; should return not blocked for allowed actions" time="0.000041042">
        </testcase>
    </testsuite>
    <testsuite name="tests/unit/analytics.service.test.ts" timestamp="2025-12-21T11:11:50.060Z" hostname="MacBook-Pro-Piotr.local" tests="8" failures="0" errors="0" skipped="0" time="0.190209834">
        <testcase classname="tests/unit/analytics.service.test.ts" name="Service Test: Analytics &gt; calculateAnalytics &gt; calculates analytics for empty arrays" time="0.00055875">
        </testcase>
        <testcase classname="tests/unit/analytics.service.test.ts" name="Service Test: Analytics &gt; calculateAnalytics &gt; calculates completion rate correctly" time="0.000150958">
        </testcase>
        <testcase classname="tests/unit/analytics.service.test.ts" name="Service Test: Analytics &gt; calculateAnalytics &gt; calculates initiative statistics" time="0.000132167">
        </testcase>
        <testcase classname="tests/unit/analytics.service.test.ts" name="Service Test: Analytics &gt; calculateAnalytics &gt; calculates total cost and benefit" time="0.000068542">
        </testcase>
        <testcase classname="tests/unit/analytics.service.test.ts" name="Service Test: Analytics &gt; generateBurnDownData &gt; generates burn down data for date range" time="0.000219458">
        </testcase>
        <testcase classname="tests/unit/analytics.service.test.ts" name="Service Test: Analytics &gt; generateBurnDownData &gt; handles empty task list" time="0.000054791">
        </testcase>
        <testcase classname="tests/unit/analytics.service.test.ts" name="Service Test: Analytics &gt; generateVelocityData &gt; generates velocity data for specified weeks" time="0.000119667">
        </testcase>
        <testcase classname="tests/unit/analytics.service.test.ts" name="Service Test: Analytics &gt; generateVelocityData &gt; uses default 8 weeks when not specified" time="0.00005025">
        </testcase>
    </testsuite>
    <testsuite name="tests/unit/api.service.test.ts" timestamp="2025-12-21T11:11:50.061Z" hostname="MacBook-Pro-Piotr.local" tests="6" failures="0" errors="0" skipped="0" time="0.206681834">
        <testcase classname="tests/unit/api.service.test.ts" name="Api Service Unit Tests &gt; login: should store token and return user on success" time="0.002556167">
            <system-out>
Api.login called: { email: &apos;test@test.com&apos;, url: &apos;/api/auth/login&apos; }

            </system-out>
        </testcase>
        <testcase classname="tests/unit/api.service.test.ts" name="Api Service Unit Tests &gt; login: should throw error on failure" time="0.000666625">
            <system-out>
Api.login called: { email: &apos;test@test.com&apos;, url: &apos;/api/auth/login&apos; }

            </system-out>
        </testcase>
        <testcase classname="tests/unit/api.service.test.ts" name="Api Service Unit Tests &gt; getUsers: should send Authorization header" time="0.0003085">
        </testcase>
        <testcase classname="tests/unit/api.service.test.ts" name="Api Service Unit Tests &gt; getLLMProviders: should return list" time="0.00009625">
        </testcase>
        <testcase classname="tests/unit/api.service.test.ts" name="Api Service Unit Tests &gt; indexKnowledgeFiles: should trigger indexing" time="0.000157459">
        </testcase>
        <testcase classname="tests/unit/api.service.test.ts" name="Api Service Unit Tests &gt; saveSession: should post data" time="0.00014225">
        </testcase>
    </testsuite>
    <testsuite name="tests/unit/asyncJobService.test.js" timestamp="2025-12-21T11:11:50.061Z" hostname="MacBook-Pro-Piotr.local" tests="16" failures="0" errors="0" skipped="0" time="0.319044666">
        <testcase classname="tests/unit/asyncJobService.test.js" name="AsyncJobService Constants and Logic &gt; JOB_TYPES Constants &gt; should export EXECUTE_DECISION type" time="0.09612425">
            <system-out>
[Queue] Using Mock Queue for ai-tasks

            </system-out>
        </testcase>
        <testcase classname="tests/unit/asyncJobService.test.js" name="AsyncJobService Constants and Logic &gt; JOB_TYPES Constants &gt; should export ADVANCE_PLAYBOOK_STEP type" time="0.002299125">
        </testcase>
        <testcase classname="tests/unit/asyncJobService.test.js" name="AsyncJobService Constants and Logic &gt; JOB_STATUSES Constants &gt; should export all required statuses" time="0.003443292">
        </testcase>
        <testcase classname="tests/unit/asyncJobService.test.js" name="AsyncJobService Constants and Logic &gt; JOB_STATUSES Constants &gt; should have 6 status types" time="0.002268125">
        </testcase>
        <testcase classname="tests/unit/asyncJobService.test.js" name="AsyncJobService Constants and Logic &gt; Service Methods Existence &gt; should export enqueueActionExecution" time="0.002176958">
        </testcase>
        <testcase classname="tests/unit/asyncJobService.test.js" name="AsyncJobService Constants and Logic &gt; Service Methods Existence &gt; should export enqueuePlaybookAdvance" time="0.001344459">
        </testcase>
        <testcase classname="tests/unit/asyncJobService.test.js" name="AsyncJobService Constants and Logic &gt; Service Methods Existence &gt; should export getJob" time="0.0028925">
        </testcase>
        <testcase classname="tests/unit/asyncJobService.test.js" name="AsyncJobService Constants and Logic &gt; Service Methods Existence &gt; should export listJobs" time="0.00259875">
        </testcase>
        <testcase classname="tests/unit/asyncJobService.test.js" name="AsyncJobService Constants and Logic &gt; Service Methods Existence &gt; should export retryJob" time="0.004171708">
        </testcase>
        <testcase classname="tests/unit/asyncJobService.test.js" name="AsyncJobService Constants and Logic &gt; Service Methods Existence &gt; should export cancelJob" time="0.001182875">
        </testcase>
        <testcase classname="tests/unit/asyncJobService.test.js" name="AsyncJobService Constants and Logic &gt; Service Methods Existence &gt; should export updateJobStatus" time="0.00178225">
        </testcase>
        <testcase classname="tests/unit/asyncJobService.test.js" name="AsyncJobService Constants and Logic &gt; Service Methods Existence &gt; should export markDeadLetter" time="0.00168875">
        </testcase>
        <testcase classname="tests/unit/asyncJobService.test.js" name="AsyncJobService Constants and Logic &gt; Service Methods Existence &gt; should export incrementAttempts" time="0.001029333">
        </testcase>
        <testcase classname="tests/unit/asyncJobService.test.js" name="Action Error Codes &gt; should include async job error codes" time="0.003308167">
        </testcase>
        <testcase classname="tests/unit/asyncJobService.test.js" name="AsyncJobProcessor &gt; should export processDecisionExecution" time="0.016628417">
        </testcase>
        <testcase classname="tests/unit/asyncJobService.test.js" name="AsyncJobProcessor &gt; should export processPlaybookAdvance" time="0.000641625">
        </testcase>
    </testsuite>
    <testsuite name="tests/unit/breakGlassService.test.js" timestamp="2025-12-21T11:11:50.062Z" hostname="MacBook-Pro-Piotr.local" tests="15" failures="0" errors="0" skipped="0" time="0.119586333">
        <testcase classname="tests/unit/breakGlassService.test.js" name="BreakGlassService &gt; SCOPES &gt; should define all break-glass scopes" time="0.000613208">
        </testcase>
        <testcase classname="tests/unit/breakGlassService.test.js" name="BreakGlassService &gt; DEFAULT_DURATION_MINUTES &gt; should be 2 hours (120 minutes)" time="0.000091916">
        </testcase>
        <testcase classname="tests/unit/breakGlassService.test.js" name="BreakGlassService &gt; MAX_DURATION_MINUTES &gt; should be 24 hours (1440 minutes)" time="0.000063333">
        </testcase>
        <testcase classname="tests/unit/breakGlassService.test.js" name="BreakGlassService &gt; startSession &gt; should throw error for missing required parameters" time="0.000575375">
        </testcase>
        <testcase classname="tests/unit/breakGlassService.test.js" name="BreakGlassService &gt; startSession &gt; should throw error for invalid scope" time="0.000116084">
        </testcase>
        <testcase classname="tests/unit/breakGlassService.test.js" name="BreakGlassService &gt; startSession &gt; should throw error if session already exists for scope" time="0.000272417">
        </testcase>
        <testcase classname="tests/unit/breakGlassService.test.js" name="BreakGlassService &gt; startSession &gt; should create session successfully" time="0.000432125">
            <system-out>
[BreakGlass] Session started: test-uuid-1234 (scope: policy_engine_disabled) by user-1

            </system-out>
        </testcase>
        <testcase classname="tests/unit/breakGlassService.test.js" name="BreakGlassService &gt; startSession &gt; should cap duration at MAX_DURATION_MINUTES" time="0.000183584">
            <system-out>
[BreakGlass] Session started: test-uuid-1234 (scope: emergency_access) by user-1

            </system-out>
        </testcase>
        <testcase classname="tests/unit/breakGlassService.test.js" name="BreakGlassService &gt; closeSession &gt; should throw error for non-existent session" time="0.000200083">
        </testcase>
        <testcase classname="tests/unit/breakGlassService.test.js" name="BreakGlassService &gt; closeSession &gt; should throw error for already closed session" time="0.000187917">
        </testcase>
        <testcase classname="tests/unit/breakGlassService.test.js" name="BreakGlassService &gt; closeSession &gt; should close session successfully" time="0.000211208">
            <system-out>
[BreakGlass] Session closed: session-1 by user-1

            </system-out>
        </testcase>
        <testcase classname="tests/unit/breakGlassService.test.js" name="BreakGlassService &gt; isBreakGlassActive &gt; should return false when no active session" time="0.000057959">
        </testcase>
        <testcase classname="tests/unit/breakGlassService.test.js" name="BreakGlassService &gt; isBreakGlassActive &gt; should return true when active session exists" time="0.000042959">
        </testcase>
        <testcase classname="tests/unit/breakGlassService.test.js" name="BreakGlassService &gt; getActiveSessions &gt; should return empty array when no sessions" time="0.000269375">
        </testcase>
        <testcase classname="tests/unit/breakGlassService.test.js" name="BreakGlassService &gt; getActiveSessions &gt; should return active sessions" time="0.000314791">
        </testcase>
    </testsuite>
    <testsuite name="tests/unit/connectorAdapter.test.js" timestamp="2025-12-21T11:11:50.063Z" hostname="MacBook-Pro-Piotr.local" tests="11" failures="0" errors="0" skipped="0" time="0.201843084">
        <testcase classname="tests/unit/connectorAdapter.test.js" name="ConnectorAdapter &gt; Dry-run Mode &gt; should return plan without execution in dry-run mode" time="0.008086125">
        </testcase>
        <testcase classname="tests/unit/connectorAdapter.test.js" name="ConnectorAdapter &gt; Dry-run Mode &gt; should respect sandbox_mode flag on config" time="0.000422125">
        </testcase>
        <testcase classname="tests/unit/connectorAdapter.test.js" name="ConnectorAdapter &gt; Error Handling &gt; should return error for unknown connector" time="0.000399875">
        </testcase>
        <testcase classname="tests/unit/connectorAdapter.test.js" name="ConnectorAdapter &gt; Error Handling &gt; should return error for unsupported action" time="0.000361666">
        </testcase>
        <testcase classname="tests/unit/connectorAdapter.test.js" name="ConnectorAdapter &gt; Error Handling &gt; should return error when connector not configured" time="0.000503">
        </testcase>
        <testcase classname="tests/unit/connectorAdapter.test.js" name="ConnectorAdapter &gt; Error Handling &gt; should return error when connector disconnected" time="0.000567958">
        </testcase>
        <testcase classname="tests/unit/connectorAdapter.test.js" name="ConnectorAdapter &gt; Plan Generation &gt; should generate Jira plan for issue_create" time="0.001116458">
        </testcase>
        <testcase classname="tests/unit/connectorAdapter.test.js" name="ConnectorAdapter &gt; Plan Generation &gt; should generate Slack plan for message_send" time="0.000345166">
        </testcase>
        <testcase classname="tests/unit/connectorAdapter.test.js" name="ConnectorAdapter &gt; Plan Generation &gt; should generate Google Calendar plan for event_create" time="0.000222166">
        </testcase>
        <testcase classname="tests/unit/connectorAdapter.test.js" name="ConnectorAdapter &gt; Execution (Mock) &gt; should execute Slack message_send successfully" time="0.000664834">
        </testcase>
        <testcase classname="tests/unit/connectorAdapter.test.js" name="ConnectorAdapter &gt; Execution (Mock) &gt; should include duration_ms in result" time="0.000319709">
        </testcase>
    </testsuite>
    <testsuite name="tests/unit/connectorRegistry.test.js" timestamp="2025-12-21T11:11:50.063Z" hostname="MacBook-Pro-Piotr.local" tests="14" failures="0" errors="0" skipped="0" time="0.196087792">
        <testcase classname="tests/unit/connectorRegistry.test.js" name="ConnectorRegistry &gt; getAllConnectors &gt; should return all available connectors" time="0.001570667">
        </testcase>
        <testcase classname="tests/unit/connectorRegistry.test.js" name="ConnectorRegistry &gt; getConnector &gt; should return connector by key" time="0.00017725">
        </testcase>
        <testcase classname="tests/unit/connectorRegistry.test.js" name="ConnectorRegistry &gt; getConnector &gt; should return null for unknown connector" time="0.00007625">
        </testcase>
        <testcase classname="tests/unit/connectorRegistry.test.js" name="ConnectorRegistry &gt; getConnectorsByCategory &gt; should return connectors filtered by category" time="0.000111167">
        </testcase>
        <testcase classname="tests/unit/connectorRegistry.test.js" name="ConnectorRegistry &gt; getConnectorsByCategory &gt; should return empty array for unknown category" time="0.000262125">
        </testcase>
        <testcase classname="tests/unit/connectorRegistry.test.js" name="ConnectorRegistry &gt; hasCapability &gt; should return true for supported capability" time="0.000077667">
        </testcase>
        <testcase classname="tests/unit/connectorRegistry.test.js" name="ConnectorRegistry &gt; hasCapability &gt; should return false for unsupported capability" time="0.000051042">
        </testcase>
        <testcase classname="tests/unit/connectorRegistry.test.js" name="ConnectorRegistry &gt; hasCapability &gt; should return false for unknown connector" time="0.000039916">
        </testcase>
        <testcase classname="tests/unit/connectorRegistry.test.js" name="ConnectorRegistry &gt; validateCredentials &gt; should validate all required credentials present" time="0.000114209">
        </testcase>
        <testcase classname="tests/unit/connectorRegistry.test.js" name="ConnectorRegistry &gt; validateCredentials &gt; should identify missing required credentials" time="0.000105166">
        </testcase>
        <testcase classname="tests/unit/connectorRegistry.test.js" name="ConnectorRegistry &gt; validateCredentials &gt; should handle unknown connector" time="0.000053875">
        </testcase>
        <testcase classname="tests/unit/connectorRegistry.test.js" name="ConnectorRegistry &gt; getRequiredCredentials &gt; should return required credentials for connector" time="0.000049541">
        </testcase>
        <testcase classname="tests/unit/connectorRegistry.test.js" name="ConnectorRegistry &gt; getRequiredCredentials &gt; should return empty array for unknown connector" time="0.000034417">
        </testcase>
        <testcase classname="tests/unit/connectorRegistry.test.js" name="ConnectorRegistry &gt; getAllCategories &gt; should return all categories" time="0.000098458">
        </testcase>
    </testsuite>
    <testsuite name="tests/unit/demoGuard.test.js" timestamp="2025-12-21T11:11:50.064Z" hostname="MacBook-Pro-Piotr.local" tests="6" failures="0" errors="0" skipped="0" time="0.259788916">
        <testcase classname="tests/unit/demoGuard.test.js" name="Demo Guard Middleware &gt; should allow regular users to perform write operations" time="0.008440459">
        </testcase>
        <testcase classname="tests/unit/demoGuard.test.js" name="Demo Guard Middleware &gt; should allow demo users to perform read operations" time="0.0023485">
        </testcase>
        <testcase classname="tests/unit/demoGuard.test.js" name="Demo Guard Middleware &gt; should BLOCK demo users from performing write operations on protected routes" time="0.001941833">
            <system-err>
[DemoGuard] Blocked POST /api/tasks for Demo User undefined (Action: CREATE_TASKS)

            </system-err>
        </testcase>
        <testcase classname="tests/unit/demoGuard.test.js" name="Demo Guard Middleware &gt; should ALLOW demo users to perform write operations on ALLOWED routes (AI Chat)" time="0.001016417">
        </testcase>
        <testcase classname="tests/unit/demoGuard.test.js" name="Demo Guard Middleware &gt; should ALLOW demo users to perform write operations on ALLOWED routes (Logout)" time="0.00128875">
        </testcase>
        <testcase classname="tests/unit/demoGuard.test.js" name="Demo Guard Middleware &gt; should passthrough if no user matches (unauthenticated requests handled elsewhere)" time="0.000934041">
        </testcase>
    </testsuite>
    <testsuite name="tests/unit/demoIsolation.test.js" timestamp="2025-12-21T11:11:50.064Z" hostname="MacBook-Pro-Piotr.local" tests="3" failures="0" errors="0" skipped="0" time="0.218571042">
        <testcase classname="tests/unit/demoIsolation.test.js" name="Demo Guard Isolation Extension &gt; should allow Normal GET for demo user" time="0.006914708">
        </testcase>
        <testcase classname="tests/unit/demoIsolation.test.js" name="Demo Guard Isolation Extension &gt; should BLOCK demo user if they try to switch context via Query Param" time="0.001446">
            <system-err>
[DemoGuard] Blocked cross-tenant access attempt by Demo User undefined (Target: org-real, Actual: org-demo)

            </system-err>
        </testcase>
        <testcase classname="tests/unit/demoIsolation.test.js" name="Demo Guard Isolation Extension &gt; should BLOCK demo user if they try to switch context via Body" time="0.00834425">
            <system-err>
[DemoGuard] Blocked cross-tenant access attempt by Demo User undefined (Target: org-real, Actual: org-demo)

            </system-err>
        </testcase>
    </testsuite>
    <testsuite name="tests/unit/drdStructure.test.ts" timestamp="2025-12-21T11:11:50.064Z" hostname="MacBook-Pro-Piotr.local" tests="7" failures="0" errors="0" skipped="0" time="0.214733625">
        <testcase classname="tests/unit/drdStructure.test.ts" name="Service Test: drdStructure &gt; exports DRD_STRUCTURE as array" time="0.000508416">
        </testcase>
        <testcase classname="tests/unit/drdStructure.test.ts" name="Service Test: drdStructure &gt; each axis has required properties" time="0.00040175">
        </testcase>
        <testcase classname="tests/unit/drdStructure.test.ts" name="Service Test: drdStructure &gt; each area has required properties" time="0.001039417">
        </testcase>
        <testcase classname="tests/unit/drdStructure.test.ts" name="Service Test: drdStructure &gt; each level has required properties" time="0.004928541">
        </testcase>
        <testcase classname="tests/unit/drdStructure.test.ts" name="Service Test: drdStructure &gt; getQuestionsForAxis &gt; returns areas for valid axis ID" time="0.000127417">
        </testcase>
        <testcase classname="tests/unit/drdStructure.test.ts" name="Service Test: drdStructure &gt; getQuestionsForAxis &gt; returns empty array for invalid axis ID" time="0.000273875">
        </testcase>
        <testcase classname="tests/unit/drdStructure.test.ts" name="Service Test: drdStructure &gt; getQuestionsForAxis &gt; returns areas for different axis IDs" time="0.000106667">
        </testcase>
    </testsuite>
    <testsuite name="tests/unit/governanceAudit.test.js" timestamp="2025-12-21T11:11:50.065Z" hostname="MacBook-Pro-Piotr.local" tests="8" failures="0" errors="0" skipped="0" time="0.153512917">
        <testcase classname="tests/unit/governanceAudit.test.js" name="GovernanceAuditService &gt; logAudit &gt; should throw error for missing required parameters" time="0.0012315">
        </testcase>
        <testcase classname="tests/unit/governanceAudit.test.js" name="GovernanceAuditService &gt; logAudit &gt; should throw error for invalid action" time="0.000236208">
        </testcase>
        <testcase classname="tests/unit/governanceAudit.test.js" name="GovernanceAuditService &gt; logAudit &gt; should log audit entry successfully" time="0.000759834">
            <system-out>
[GovernanceAudit] Logged: CREATE on POLICY_RULE/rule-1 by user-1

            </system-out>
        </testcase>
        <testcase classname="tests/unit/governanceAudit.test.js" name="GovernanceAuditService &gt; getAuditLog &gt; should query with organization filter" time="0.000223666">
        </testcase>
        <testcase classname="tests/unit/governanceAudit.test.js" name="GovernanceAuditService &gt; getAuditLog &gt; should bypass org filter for superadmin" time="0.000124417">
        </testcase>
        <testcase classname="tests/unit/governanceAudit.test.js" name="GovernanceAuditService &gt; getAuditLog &gt; should support action filter" time="0.000294292">
        </testcase>
        <testcase classname="tests/unit/governanceAudit.test.js" name="GovernanceAuditService &gt; exportAuditLog &gt; should export as JSON by default" time="0.000136458">
        </testcase>
        <testcase classname="tests/unit/governanceAudit.test.js" name="GovernanceAuditService &gt; exportAuditLog &gt; should export as CSV when specified" time="0.000155042">
        </testcase>
    </testsuite>
    <testsuite name="tests/unit/notificationOutboxService.test.js" timestamp="2025-12-21T11:11:50.065Z" hostname="MacBook-Pro-Piotr.local" tests="16" failures="0" errors="0" skipped="0" time="0.238990584">
        <testcase classname="tests/unit/notificationOutboxService.test.js" name="NotificationOutboxService Constants and Logic &gt; NOTIFICATION_TYPES Constants &gt; should export APPROVAL_DUE type" time="0.00881125">
        </testcase>
        <testcase classname="tests/unit/notificationOutboxService.test.js" name="NotificationOutboxService Constants and Logic &gt; NOTIFICATION_TYPES Constants &gt; should export PLAYBOOK_STUCK type" time="0.001877584">
        </testcase>
        <testcase classname="tests/unit/notificationOutboxService.test.js" name="NotificationOutboxService Constants and Logic &gt; NOTIFICATION_TYPES Constants &gt; should export DEAD_LETTER type" time="0.001382875">
        </testcase>
        <testcase classname="tests/unit/notificationOutboxService.test.js" name="NotificationOutboxService Constants and Logic &gt; NOTIFICATION_TYPES Constants &gt; should export ESCALATION type" time="0.001269959">
        </testcase>
        <testcase classname="tests/unit/notificationOutboxService.test.js" name="NotificationOutboxService Constants and Logic &gt; NOTIFICATION_TYPES Constants &gt; should have 4 notification types" time="0.002126541">
        </testcase>
        <testcase classname="tests/unit/notificationOutboxService.test.js" name="NotificationOutboxService Constants and Logic &gt; OUTBOX_STATUSES Constants &gt; should export QUEUED status" time="0.000861458">
        </testcase>
        <testcase classname="tests/unit/notificationOutboxService.test.js" name="NotificationOutboxService Constants and Logic &gt; OUTBOX_STATUSES Constants &gt; should export SENT status" time="0.000864542">
        </testcase>
        <testcase classname="tests/unit/notificationOutboxService.test.js" name="NotificationOutboxService Constants and Logic &gt; OUTBOX_STATUSES Constants &gt; should export FAILED status" time="0.000796125">
        </testcase>
        <testcase classname="tests/unit/notificationOutboxService.test.js" name="NotificationOutboxService Constants and Logic &gt; MAX_ATTEMPTS &gt; should be 3" time="0.001039958">
        </testcase>
        <testcase classname="tests/unit/notificationOutboxService.test.js" name="NotificationOutboxService Constants and Logic &gt; Service Methods Existence &gt; should export enqueue" time="0.001247917">
        </testcase>
        <testcase classname="tests/unit/notificationOutboxService.test.js" name="NotificationOutboxService Constants and Logic &gt; Service Methods Existence &gt; should export shouldNotify" time="0.001791458">
        </testcase>
        <testcase classname="tests/unit/notificationOutboxService.test.js" name="NotificationOutboxService Constants and Logic &gt; Service Methods Existence &gt; should export getUserPreferences" time="0.001503709">
        </testcase>
        <testcase classname="tests/unit/notificationOutboxService.test.js" name="NotificationOutboxService Constants and Logic &gt; Service Methods Existence &gt; should export updateUserPreferences" time="0.001316584">
        </testcase>
        <testcase classname="tests/unit/notificationOutboxService.test.js" name="NotificationOutboxService Constants and Logic &gt; Service Methods Existence &gt; should export processQueue" time="0.001301792">
        </testcase>
        <testcase classname="tests/unit/notificationOutboxService.test.js" name="NotificationOutboxService Constants and Logic &gt; Service Methods Existence &gt; should export getOutboxStats" time="0.002199166">
        </testcase>
        <testcase classname="tests/unit/notificationOutboxService.test.js" name="NotificationOutboxService User Preferences &gt; should return true when no preferences set (default behavior)" time="0.001959958">
        </testcase>
    </testsuite>
    <testsuite name="tests/unit/pdfExport.test.ts" timestamp="2025-12-21T11:11:50.066Z" hostname="MacBook-Pro-Piotr.local" tests="5" failures="0" errors="0" skipped="0" time="0.2209535">
        <testcase classname="tests/unit/pdfExport.test.ts" name="Service Test: pdfExport &gt; exportReportToPDF &gt; returns false when element is not found" time="0.001839333">
            <system-err>
Element with id non-existent not found

            </system-err>
        </testcase>
        <testcase classname="tests/unit/pdfExport.test.ts" name="Service Test: pdfExport &gt; exportReportToPDF &gt; exports PDF successfully" time="0.00048425">
        </testcase>
        <testcase classname="tests/unit/pdfExport.test.ts" name="Service Test: pdfExport &gt; exportReportToPDF &gt; handles errors gracefully" time="0.001236625">
            <system-err>
PDF Export failed: Error: Canvas error
    at /Users/piotrwisniewski/Documents/Antygracity/DRD/consultify/tests/unit/pdfExport.test.ts:89:52
    at file:///Users/piotrwisniewski/Documents/Antygracity/DRD/consultify/node_modules/@vitest/runner/dist/index.js:145:11
    at file:///Users/piotrwisniewski/Documents/Antygracity/DRD/consultify/node_modules/@vitest/runner/dist/index.js:915:26
    at file:///Users/piotrwisniewski/Documents/Antygracity/DRD/consultify/node_modules/@vitest/runner/dist/index.js:1243:20
    at new Promise (&lt;anonymous&gt;)
    at runWithTimeout (file:///Users/piotrwisniewski/Documents/Antygracity/DRD/consultify/node_modules/@vitest/runner/dist/index.js:1209:10)
    at file:///Users/piotrwisniewski/Documents/Antygracity/DRD/consultify/node_modules/@vitest/runner/dist/index.js:1653:37
    at Traces.$ (file:///Users/piotrwisniewski/Documents/Antygracity/DRD/consultify/node_modules/vitest/dist/chunks/traces.U4xDYhzZ.js:115:27)
    at trace (file:///Users/piotrwisniewski/Documents/Antygracity/DRD/consultify/node_modules/vitest/dist/chunks/test.B8ej_ZHS.js:239:21)
    at runTest (file:///Users/piotrwisniewski/Documents/Antygracity/DRD/consultify/node_modules/@vitest/runner/dist/index.js:1653:12)

            </system-err>
        </testcase>
        <testcase classname="tests/unit/pdfExport.test.ts" name="Service Test: pdfExport &gt; exportDashboardToPDF &gt; creates PDF with metadata" time="0.008757042">
        </testcase>
        <testcase classname="tests/unit/pdfExport.test.ts" name="Service Test: pdfExport &gt; exportDashboardToPDF &gt; handles optional metadata" time="0.00026275">
        </testcase>
    </testsuite>
    <testsuite name="tests/unit/piiRedactor.test.js" timestamp="2025-12-21T11:11:50.066Z" hostname="MacBook-Pro-Piotr.local" tests="17" failures="0" errors="0" skipped="0" time="0.170037125">
        <testcase classname="tests/unit/piiRedactor.test.js" name="PII Redactor &gt; redactEmails &gt; should redact email addresses" time="0.000534167">
        </testcase>
        <testcase classname="tests/unit/piiRedactor.test.js" name="PII Redactor &gt; redactEmails &gt; should redact multiple emails" time="0.00008475">
        </testcase>
        <testcase classname="tests/unit/piiRedactor.test.js" name="PII Redactor &gt; redactEmails &gt; should return non-string values unchanged" time="0.000078">
        </testcase>
        <testcase classname="tests/unit/piiRedactor.test.js" name="PII Redactor &gt; redactTokens &gt; should redact JWT-like tokens" time="0.000178042">
        </testcase>
        <testcase classname="tests/unit/piiRedactor.test.js" name="PII Redactor &gt; redactTokens &gt; should handle partial JWT patterns" time="0.000063916">
        </testcase>
        <testcase classname="tests/unit/piiRedactor.test.js" name="PII Redactor &gt; redact (deep object redaction) &gt; should redact email fields" time="0.000119917">
        </testcase>
        <testcase classname="tests/unit/piiRedactor.test.js" name="PII Redactor &gt; redact (deep object redaction) &gt; should redact name fields" time="0.000061042">
        </testcase>
        <testcase classname="tests/unit/piiRedactor.test.js" name="PII Redactor &gt; redact (deep object redaction) &gt; should redact password fields" time="0.000062916">
        </testcase>
        <testcase classname="tests/unit/piiRedactor.test.js" name="PII Redactor &gt; redact (deep object redaction) &gt; should redact token and secret fields" time="0.00007675">
        </testcase>
        <testcase classname="tests/unit/piiRedactor.test.js" name="PII Redactor &gt; redact (deep object redaction) &gt; should redact inline emails in string values" time="0.000062292">
        </testcase>
        <testcase classname="tests/unit/piiRedactor.test.js" name="PII Redactor &gt; redact (deep object redaction) &gt; should handle arrays with email strings" time="0.000064791">
        </testcase>
        <testcase classname="tests/unit/piiRedactor.test.js" name="PII Redactor &gt; redact (deep object redaction) &gt; should handle nested objects" time="0.000053666">
        </testcase>
        <testcase classname="tests/unit/piiRedactor.test.js" name="PII Redactor &gt; redact (deep object redaction) &gt; should not mutate original object" time="0.00004325">
        </testcase>
        <testcase classname="tests/unit/piiRedactor.test.js" name="PII Redactor &gt; redact (deep object redaction) &gt; should handle null and undefined" time="0.000049">
        </testcase>
        <testcase classname="tests/unit/piiRedactor.test.js" name="PII Redactor &gt; redactKeys &gt; should redact specific keys" time="0.000072833">
        </testcase>
        <testcase classname="tests/unit/piiRedactor.test.js" name="PII Redactor &gt; createAuditSnapshot &gt; should return JSON string with redacted PII" time="0.000070208">
        </testcase>
        <testcase classname="tests/unit/piiRedactor.test.js" name="PII Redactor &gt; DEFAULT_PII_FIELDS &gt; should include common PII fields" time="0.000407292">
        </testcase>
    </testsuite>
    <testsuite name="tests/unit/policyEngine.test.js" timestamp="2025-12-21T11:11:50.067Z" hostname="MacBook-Pro-Piotr.local" tests="21" failures="0" errors="0" skipped="0" time="0.180474208">
        <testcase classname="tests/unit/policyEngine.test.js" name="PolicyEngine Core Logic &gt; Safety Guardrails Constants &gt; NEVER_AUTO_APPROVE_RISK_LEVELS should include HIGH" time="0.001271708">
        </testcase>
        <testcase classname="tests/unit/policyEngine.test.js" name="PolicyEngine Core Logic &gt; Safety Guardrails Constants &gt; ALWAYS_MANUAL_ACTION_TYPES should include MEETING_SCHEDULE" time="0.000128416">
        </testcase>
        <testcase classname="tests/unit/policyEngine.test.js" name="PolicyEngine Core Logic &gt; Safety Guardrails Constants &gt; should not include LOW in NEVER_AUTO_APPROVE_RISK_LEVELS" time="0.000124083">
        </testcase>
        <testcase classname="tests/unit/policyEngine.test.js" name="PolicyEngine Core Logic &gt; CONDITION_HANDLERS (Pure Functions) &gt; risk_level_lte &gt; should match when proposal risk is lower or equal" time="0.000159125">
        </testcase>
        <testcase classname="tests/unit/policyEngine.test.js" name="PolicyEngine Core Logic &gt; CONDITION_HANDLERS (Pure Functions) &gt; risk_level_lte &gt; should not match when proposal risk is higher" time="0.000087125">
        </testcase>
        <testcase classname="tests/unit/policyEngine.test.js" name="PolicyEngine Core Logic &gt; CONDITION_HANDLERS (Pure Functions) &gt; action_type_in &gt; should match when action type is in list" time="0.000079708">
        </testcase>
        <testcase classname="tests/unit/policyEngine.test.js" name="PolicyEngine Core Logic &gt; CONDITION_HANDLERS (Pure Functions) &gt; action_type_in &gt; should not match when action type is not in list" time="0.000064291">
        </testcase>
        <testcase classname="tests/unit/policyEngine.test.js" name="PolicyEngine Core Logic &gt; CONDITION_HANDLERS (Pure Functions) &gt; action_type_in &gt; should return false for non-array input" time="0.000039084">
        </testcase>
        <testcase classname="tests/unit/policyEngine.test.js" name="PolicyEngine Core Logic &gt; CONDITION_HANDLERS (Pure Functions) &gt; scope_eq &gt; should match when scope equals" time="0.000064042">
        </testcase>
        <testcase classname="tests/unit/policyEngine.test.js" name="PolicyEngine Core Logic &gt; CONDITION_HANDLERS (Pure Functions) &gt; scope_eq &gt; should not match when scope differs" time="0.000070584">
        </testcase>
        <testcase classname="tests/unit/policyEngine.test.js" name="PolicyEngine Core Logic &gt; CONDITION_HANDLERS (Pure Functions) &gt; signal_in &gt; should match when signal is in list" time="0.000051875">
        </testcase>
        <testcase classname="tests/unit/policyEngine.test.js" name="PolicyEngine Core Logic &gt; CONDITION_HANDLERS (Pure Functions) &gt; signal_in &gt; should not match when signal is not in list" time="0.000041542">
        </testcase>
        <testcase classname="tests/unit/policyEngine.test.js" name="PolicyEngine Core Logic &gt; CONDITION_HANDLERS (Pure Functions) &gt; signal_in &gt; should return false for non-array input" time="0.000033541">
        </testcase>
        <testcase classname="tests/unit/policyEngine.test.js" name="PolicyEngine Core Logic &gt; CONDITION_HANDLERS (Pure Functions) &gt; time_window &gt; should always match for anytime" time="0.000041084">
        </testcase>
        <testcase classname="tests/unit/policyEngine.test.js" name="PolicyEngine Core Logic &gt; CONDITION_HANDLERS (Pure Functions) &gt; time_window &gt; should return false for unrecognized values" time="0.000030875">
        </testcase>
        <testcase classname="tests/unit/policyEngine.test.js" name="PolicyEngine Core Logic &gt; evaluateConditions (Logic Tests) &gt; should return true when all conditions match" time="0.000075917">
        </testcase>
        <testcase classname="tests/unit/policyEngine.test.js" name="PolicyEngine Core Logic &gt; evaluateConditions (Logic Tests) &gt; should return false when any condition fails" time="0.000042833">
        </testcase>
        <testcase classname="tests/unit/policyEngine.test.js" name="PolicyEngine Core Logic &gt; evaluateConditions (Logic Tests) &gt; should return false for unknown conditions (safety)" time="0.000148125">
            <system-err>
[PolicyEngine] Unknown condition: unknown_condition

            </system-err>
        </testcase>
        <testcase classname="tests/unit/policyEngine.test.js" name="PolicyEngine Core Logic &gt; evaluateConditions (Logic Tests) &gt; should return true for empty conditions" time="0.000034875">
        </testcase>
        <testcase classname="tests/unit/policyEngine.test.js" name="PolicyEngine Safety Checks &gt; HIGH risk is in NEVER_AUTO_APPROVE list" time="0.000035209">
        </testcase>
        <testcase classname="tests/unit/policyEngine.test.js" name="PolicyEngine Safety Checks &gt; MEETING_SCHEDULE is in ALWAYS_MANUAL list" time="0.000037958">
        </testcase>
    </testsuite>
    <testsuite name="tests/unit/regulatoryModeGuard.test.js" timestamp="2025-12-21T11:11:50.068Z" hostname="MacBook-Pro-Piotr.local" tests="31" failures="0" errors="0" skipped="0" time="0.165969584">
        <testcase classname="tests/unit/regulatoryModeGuard.test.js" name="Regulatory Mode Guard &gt; Action Classification &gt; ALLOWED_ACTIONS &gt; should include all advisory-only actions" time="0.000867667">
        </testcase>
        <testcase classname="tests/unit/regulatoryModeGuard.test.js" name="Regulatory Mode Guard &gt; Action Classification &gt; BLOCKED_ACTIONS &gt; should include all mutation actions" time="0.000204958">
        </testcase>
        <testcase classname="tests/unit/regulatoryModeGuard.test.js" name="Regulatory Mode Guard &gt; isActionAllowed &gt; should allow EXPLAIN_CONTEXT in regulatory mode" time="0.000108959">
        </testcase>
        <testcase classname="tests/unit/regulatoryModeGuard.test.js" name="Regulatory Mode Guard &gt; isActionAllowed &gt; should allow ANALYZE_RISKS in regulatory mode" time="0.000053042">
        </testcase>
        <testcase classname="tests/unit/regulatoryModeGuard.test.js" name="Regulatory Mode Guard &gt; isActionAllowed &gt; should allow EDUCATE in regulatory mode" time="0.000056042">
        </testcase>
        <testcase classname="tests/unit/regulatoryModeGuard.test.js" name="Regulatory Mode Guard &gt; isActionAllowed &gt; should BLOCK CREATE_DRAFT_TASK in regulatory mode" time="0.000038458">
        </testcase>
        <testcase classname="tests/unit/regulatoryModeGuard.test.js" name="Regulatory Mode Guard &gt; isActionAllowed &gt; should BLOCK CREATE_DRAFT_INITIATIVE in regulatory mode" time="0.000045375">
        </testcase>
        <testcase classname="tests/unit/regulatoryModeGuard.test.js" name="Regulatory Mode Guard &gt; isActionAllowed &gt; should BLOCK UPDATE_STATUS in regulatory mode" time="0.00004575">
        </testcase>
        <testcase classname="tests/unit/regulatoryModeGuard.test.js" name="Regulatory Mode Guard &gt; isActionAllowed &gt; should BLOCK EXECUTE_ACTION in regulatory mode" time="0.000038042">
        </testcase>
        <testcase classname="tests/unit/regulatoryModeGuard.test.js" name="Regulatory Mode Guard &gt; isActionAllowed &gt; should BLOCK MODIFY_ENTITY in regulatory mode" time="0.000049375">
        </testcase>
        <testcase classname="tests/unit/regulatoryModeGuard.test.js" name="Regulatory Mode Guard &gt; isActionAllowed &gt; should BLOCK DELETE_ENTITY in regulatory mode" time="0.0000335">
        </testcase>
        <testcase classname="tests/unit/regulatoryModeGuard.test.js" name="Regulatory Mode Guard &gt; isActionAllowed &gt; should block actions containing mutation keywords" time="0.00006975">
        </testcase>
        <testcase classname="tests/unit/regulatoryModeGuard.test.js" name="Regulatory Mode Guard &gt; isActionAllowed &gt; should allow actions without mutation keywords" time="0.000044959">
        </testcase>
        <testcase classname="tests/unit/regulatoryModeGuard.test.js" name="Regulatory Mode Guard &gt; isActionAllowed &gt; should handle null/undefined action gracefully" time="0.000033792">
        </testcase>
        <testcase classname="tests/unit/regulatoryModeGuard.test.js" name="Regulatory Mode Guard &gt; Regulatory Mode Prompt &gt; should contain prohibition statements" time="0.00006375">
        </testcase>
        <testcase classname="tests/unit/regulatoryModeGuard.test.js" name="Regulatory Mode Guard &gt; Regulatory Mode Prompt &gt; should forbid action verbs" time="0.000056917">
        </testcase>
        <testcase classname="tests/unit/regulatoryModeGuard.test.js" name="Regulatory Mode Guard &gt; Regulatory Mode Prompt &gt; should require advisory language" time="0.000042375">
        </testcase>
        <testcase classname="tests/unit/regulatoryModeGuard.test.js" name="Regulatory Mode Guard &gt; Regulatory Mode Prompt &gt; should include example responses" time="0.000034292">
        </testcase>
        <testcase classname="tests/unit/regulatoryModeGuard.test.js" name="Regulatory Mode Guard &gt; Forbidden Verbs List &gt; should contain all dangerous verbs" time="0.000175959">
        </testcase>
        <testcase classname="tests/unit/regulatoryModeGuard.test.js" name="Regulatory Mode Guard &gt; Advisory Phrases List &gt; should contain recommended advisory language" time="0.000062167">
        </testcase>
        <testcase classname="tests/unit/regulatoryModeGuard.test.js" name="Regulatory Mode Guard &gt; enforceRegulatoryMode (with mocked isEnabled) &gt; should block CREATE_DRAFT_TASK when regulatory mode is enabled" time="0.000171458">
        </testcase>
        <testcase classname="tests/unit/regulatoryModeGuard.test.js" name="Regulatory Mode Guard &gt; enforceRegulatoryMode (with mocked isEnabled) &gt; should block UPDATE_STATUS when regulatory mode is enabled" time="0.000060208">
        </testcase>
        <testcase classname="tests/unit/regulatoryModeGuard.test.js" name="Regulatory Mode Guard &gt; enforceRegulatoryMode (with mocked isEnabled) &gt; should allow EXPLAIN_CONTEXT when regulatory mode is enabled" time="0.000052417">
        </testcase>
        <testcase classname="tests/unit/regulatoryModeGuard.test.js" name="Regulatory Mode Guard &gt; enforceRegulatoryMode (with mocked isEnabled) &gt; should allow ANALYZE_RISKS when regulatory mode is enabled" time="0.000058584">
        </testcase>
        <testcase classname="tests/unit/regulatoryModeGuard.test.js" name="Regulatory Mode Guard &gt; enforceRegulatoryMode (with mocked isEnabled) &gt; should NOT block actions when regulatory mode is disabled" time="0.000038667">
        </testcase>
        <testcase classname="tests/unit/regulatoryModeGuard.test.js" name="Regulatory Mode Guard &gt; enforceRegulatoryMode (with mocked isEnabled) &gt; should NOT block when no projectId is provided" time="0.000032708">
        </testcase>
        <testcase classname="tests/unit/regulatoryModeGuard.test.js" name="Regulatory Mode Guard &gt; enforceRegulatoryMode (with mocked isEnabled) &gt; should log blocked attempts to audit trail" time="0.00049075">
        </testcase>
        <testcase classname="tests/unit/regulatoryModeGuard.test.js" name="Regulatory Mode Guard &gt; getStatus &gt; should return full status object when enabled" time="0.000094542">
        </testcase>
        <testcase classname="tests/unit/regulatoryModeGuard.test.js" name="Regulatory Mode Guard &gt; getStatus &gt; should return full status object when disabled" time="0.00004325">
        </testcase>
        <testcase classname="tests/unit/regulatoryModeGuard.test.js" name="Regulatory Mode Guard &gt; Integration with AI Role System &gt; should override ANY role when regulatory mode is active" time="0.000106375">
        </testcase>
        <testcase classname="tests/unit/regulatoryModeGuard.test.js" name="Regulatory Mode Guard &gt; Safety: Fail-Safe Behavior &gt; should default to blocking when database error occurs" time="0.000026084">
        </testcase>
    </testsuite>
    <testsuite name="tests/unit/roi.test.ts" timestamp="2025-12-21T11:11:50.069Z" hostname="MacBook-Pro-Piotr.local" tests="3" failures="0" errors="0" skipped="0" time="0.214174625">
        <testcase classname="tests/unit/roi.test.ts" name="Unit Test: ROI Calculation &gt; should calculate ROI correctly for positive values" time="0.000926792">
        </testcase>
        <testcase classname="tests/unit/roi.test.ts" name="Unit Test: ROI Calculation &gt; should handle zero cost to avoid infinity" time="0.000101959">
        </testcase>
        <testcase classname="tests/unit/roi.test.ts" name="Unit Test: ROI Calculation &gt; should return 0 for break-even" time="0.000071875">
        </testcase>
    </testsuite>
    <testsuite name="tests/unit/secretsVault.test.js" timestamp="2025-12-21T11:11:50.070Z" hostname="MacBook-Pro-Piotr.local" tests="12" failures="0" errors="0" skipped="0" time="0.173277167">
        <testcase classname="tests/unit/secretsVault.test.js" name="SecretsVault Service &gt; Encryption/Decryption &gt; should encrypt and decrypt a string successfully" time="0.002392167">
        </testcase>
        <testcase classname="tests/unit/secretsVault.test.js" name="SecretsVault Service &gt; Encryption/Decryption &gt; should encrypt and decrypt an object successfully" time="0.0004415">
        </testcase>
        <testcase classname="tests/unit/secretsVault.test.js" name="SecretsVault Service &gt; Encryption/Decryption &gt; should return null when decrypting null/undefined" time="0.000141792">
        </testcase>
        <testcase classname="tests/unit/secretsVault.test.js" name="SecretsVault Service &gt; Encryption/Decryption &gt; should throw on invalid encrypted data" time="0.000499333">
        </testcase>
        <testcase classname="tests/unit/secretsVault.test.js" name="SecretsVault Service &gt; Encryption/Decryption &gt; should produce different ciphertext for same plaintext (random IV)" time="0.0002535">
        </testcase>
        <testcase classname="tests/unit/secretsVault.test.js" name="SecretsVault Service &gt; Redaction &gt; should redact string values showing only last 4 characters" time="0.000094917">
        </testcase>
        <testcase classname="tests/unit/secretsVault.test.js" name="SecretsVault Service &gt; Redaction &gt; should fully redact short strings" time="0.000056917">
        </testcase>
        <testcase classname="tests/unit/secretsVault.test.js" name="SecretsVault Service &gt; Redaction &gt; should recursively redact nested objects" time="0.000060875">
        </testcase>
        <testcase classname="tests/unit/secretsVault.test.js" name="SecretsVault Service &gt; Redaction &gt; should return empty object for null/undefined" time="0.00006375">
        </testcase>
        <testcase classname="tests/unit/secretsVault.test.js" name="SecretsVault Service &gt; Validation &gt; should validate present fields as valid" time="0.000099791">
        </testcase>
        <testcase classname="tests/unit/secretsVault.test.js" name="SecretsVault Service &gt; Validation &gt; should identify missing fields" time="0.000395209">
        </testcase>
        <testcase classname="tests/unit/secretsVault.test.js" name="SecretsVault Service &gt; Validation &gt; should handle null/undefined secrets" time="0.000065542">
        </testcase>
    </testsuite>
    <testsuite name="tests/unit/slaService.test.js" timestamp="2025-12-21T11:11:50.070Z" hostname="MacBook-Pro-Piotr.local" tests="7" failures="0" errors="0" skipped="0" time="0.27962025">
        <testcase classname="tests/unit/slaService.test.js" name="SLAService Constants and Logic &gt; SLA_CHECK_INTERVAL_MS &gt; should be 10 minutes in milliseconds" time="0.007420084">
        </testcase>
        <testcase classname="tests/unit/slaService.test.js" name="SLAService Constants and Logic &gt; Service Methods Existence &gt; should export findExpiredAssignments" time="0.001918042">
        </testcase>
        <testcase classname="tests/unit/slaService.test.js" name="SLAService Constants and Logic &gt; Service Methods Existence &gt; should export markExpired" time="0.0018975">
        </testcase>
        <testcase classname="tests/unit/slaService.test.js" name="SLAService Constants and Logic &gt; Service Methods Existence &gt; should export findOrgAdmin" time="0.002014958">
        </testcase>
        <testcase classname="tests/unit/slaService.test.js" name="SLAService Constants and Logic &gt; Service Methods Existence &gt; should export escalateAssignment" time="0.001866084">
        </testcase>
        <testcase classname="tests/unit/slaService.test.js" name="SLAService Constants and Logic &gt; Service Methods Existence &gt; should export runSlaCheck" time="0.001244958">
        </testcase>
        <testcase classname="tests/unit/slaService.test.js" name="SLAService Constants and Logic &gt; Service Methods Existence &gt; should export getSlaHealth" time="0.00206025">
        </testcase>
    </testsuite>
    <testsuite name="tests/unit/store.test.ts" timestamp="2025-12-21T11:11:50.070Z" hostname="MacBook-Pro-Piotr.local" tests="19" failures="0" errors="0" skipped="0" time="0.19787675">
        <testcase classname="tests/unit/store.test.ts" name="Store Test: useAppStore &gt; initializes with correct default values" time="0.000887541">
        </testcase>
        <testcase classname="tests/unit/store.test.ts" name="Store Test: useAppStore &gt; sets current view" time="0.000165125">
        </testcase>
        <testcase classname="tests/unit/store.test.ts" name="Store Test: useAppStore &gt; sets session mode" time="0.000115916">
        </testcase>
        <testcase classname="tests/unit/store.test.ts" name="Store Test: useAppStore &gt; sets current user" time="0.000266792">
        </testcase>
        <testcase classname="tests/unit/store.test.ts" name="Store Test: useAppStore &gt; toggles sidebar open state" time="0.000098209">
        </testcase>
        <testcase classname="tests/unit/store.test.ts" name="Store Test: useAppStore &gt; toggles sidebar collapse" time="0.00008525">
        </testcase>
        <testcase classname="tests/unit/store.test.ts" name="Store Test: useAppStore &gt; adds chat message" time="0.000513958">
        </testcase>
        <testcase classname="tests/unit/store.test.ts" name="Store Test: useAppStore &gt; sets chat messages" time="0.000157417">
        </testcase>
        <testcase classname="tests/unit/store.test.ts" name="Store Test: useAppStore &gt; clears chat" time="0.000133083">
        </testcase>
        <testcase classname="tests/unit/store.test.ts" name="Store Test: useAppStore &gt; sets bot typing state" time="0.000092">
        </testcase>
        <testcase classname="tests/unit/store.test.ts" name="Store Test: useAppStore &gt; sets current stream content" time="0.000068708">
        </testcase>
        <testcase classname="tests/unit/store.test.ts" name="Store Test: useAppStore &gt; updates free session data" time="0.000065709">
        </testcase>
        <testcase classname="tests/unit/store.test.ts" name="Store Test: useAppStore &gt; updates free session data with function" time="0.000079708">
        </testcase>
        <testcase classname="tests/unit/store.test.ts" name="Store Test: useAppStore &gt; updates full session data" time="0.000075584">
        </testcase>
        <testcase classname="tests/unit/store.test.ts" name="Store Test: useAppStore &gt; sets AI config" time="0.000080958">
        </testcase>
        <testcase classname="tests/unit/store.test.ts" name="Store Test: useAppStore &gt; toggles theme" time="0.000086958">
        </testcase>
        <testcase classname="tests/unit/store.test.ts" name="Store Test: useAppStore &gt; updates last chat message" time="0.000090084">
        </testcase>
        <testcase classname="tests/unit/store.test.ts" name="Store Test: useAppStore &gt; logout resets state" time="0.000119875">
        </testcase>
        <testcase classname="tests/unit/store.test.ts" name="Store Test: useAppStore &gt; sets current project ID" time="0.00007325">
        </testcase>
    </testsuite>
    <testsuite name="tests/unit/templateGraphService.test.js" timestamp="2025-12-21T11:11:50.071Z" hostname="MacBook-Pro-Piotr.local" tests="16" failures="0" errors="0" skipped="0" time="0.172273875">
        <testcase classname="tests/unit/templateGraphService.test.js" name="templateGraphService &gt; createEmptyGraph &gt; creates a graph with START and END nodes connected" time="0.000946875">
        </testcase>
        <testcase classname="tests/unit/templateGraphService.test.js" name="templateGraphService &gt; stepsToGraph &gt; converts empty steps to START → END graph" time="0.000237875">
        </testcase>
        <testcase classname="tests/unit/templateGraphService.test.js" name="templateGraphService &gt; stepsToGraph &gt; converts steps array to linear graph" time="0.000219959">
        </testcase>
        <testcase classname="tests/unit/templateGraphService.test.js" name="templateGraphService &gt; stepsToGraph &gt; preserves step data in nodes" time="0.000333875">
        </testcase>
        <testcase classname="tests/unit/templateGraphService.test.js" name="templateGraphService &gt; graphToSteps &gt; returns empty array for invalid graph" time="0.000131417">
        </testcase>
        <testcase classname="tests/unit/templateGraphService.test.js" name="templateGraphService &gt; graphToSteps &gt; skips START and END nodes in output" time="0.000079">
        </testcase>
        <testcase classname="tests/unit/templateGraphService.test.js" name="templateGraphService &gt; graphToSteps &gt; converts linear graph to ordered steps" time="0.000118125">
        </testcase>
        <testcase classname="tests/unit/templateGraphService.test.js" name="templateGraphService &gt; validateDAG &gt; returns valid for acyclic graph" time="0.000140167">
        </testcase>
        <testcase classname="tests/unit/templateGraphService.test.js" name="templateGraphService &gt; validateDAG &gt; detects simple cycle" time="0.000071125">
        </testcase>
        <testcase classname="tests/unit/templateGraphService.test.js" name="templateGraphService &gt; validateDAG &gt; returns invalid for null graph" time="0.000050167">
        </testcase>
        <testcase classname="tests/unit/templateGraphService.test.js" name="templateGraphService &gt; findDeadEnds &gt; returns empty for valid graph" time="0.000078917">
        </testcase>
        <testcase classname="tests/unit/templateGraphService.test.js" name="templateGraphService &gt; findDeadEnds &gt; finds nodes without outgoing edges" time="0.00014025">
        </testcase>
        <testcase classname="tests/unit/templateGraphService.test.js" name="templateGraphService &gt; findBranchesWithoutElse &gt; returns empty when no BRANCH nodes" time="0.000074166">
        </testcase>
        <testcase classname="tests/unit/templateGraphService.test.js" name="templateGraphService &gt; findBranchesWithoutElse &gt; finds BRANCH node without else path" time="0.000061625">
        </testcase>
        <testcase classname="tests/unit/templateGraphService.test.js" name="templateGraphService &gt; findBranchesWithoutElse &gt; passes when BRANCH has else path" time="0.000048">
        </testcase>
        <testcase classname="tests/unit/templateGraphService.test.js" name="templateGraphService &gt; roundtrip: steps → graph → steps &gt; preserves data through roundtrip" time="0.000080875">
        </testcase>
    </testsuite>
    <testsuite name="tests/unit/templateValidationService.test.js" timestamp="2025-12-21T11:11:50.072Z" hostname="MacBook-Pro-Piotr.local" tests="9" failures="0" errors="0" skipped="0" time="0.203392958">
        <testcase classname="tests/unit/templateValidationService.test.js" name="templateValidationService &gt; validate &gt; returns error for missing template graph" time="0.000798333">
        </testcase>
        <testcase classname="tests/unit/templateValidationService.test.js" name="templateValidationService &gt; validate &gt; returns error for invalid JSON in graph" time="0.000202917">
        </testcase>
        <testcase classname="tests/unit/templateValidationService.test.js" name="templateValidationService &gt; validate &gt; validates empty trigger_signal" time="0.000343208">
        </testcase>
        <testcase classname="tests/unit/templateValidationService.test.js" name="templateValidationService &gt; validateGraph &gt; returns error for missing nodes array" time="0.000110833">
        </testcase>
        <testcase classname="tests/unit/templateValidationService.test.js" name="templateValidationService &gt; validateGraph &gt; returns error for missing edges array" time="0.000098791">
        </testcase>
        <testcase classname="tests/unit/templateValidationService.test.js" name="templateValidationService &gt; validateGraph &gt; returns error when no START node exists" time="0.0001015">
        </testcase>
        <testcase classname="tests/unit/templateValidationService.test.js" name="templateValidationService &gt; validateGraph &gt; calls validateDAG and reports cycles" time="0.000211958">
        </testcase>
        <testcase classname="tests/unit/templateValidationService.test.js" name="templateValidationService &gt; validateGraph &gt; calls findDeadEnds and reports dead-end nodes" time="0.000146792">
        </testcase>
        <testcase classname="tests/unit/templateValidationService.test.js" name="templateValidationService &gt; validateGraph &gt; calls findBranchesWithoutElse and reports missing else" time="0.000135666">
        </testcase>
    </testsuite>
    <testsuite name="tests/unit/transformationEngine.test.ts" timestamp="2025-12-21T11:11:50.073Z" hostname="MacBook-Pro-Piotr.local" tests="6" failures="0" errors="0" skipped="0" time="0.174522833">
        <testcase classname="tests/unit/transformationEngine.test.ts" name="Service Test: transformationEngine &gt; generates initiatives from session" time="0.001064667">
        </testcase>
        <testcase classname="tests/unit/transformationEngine.test.ts" name="Service Test: transformationEngine &gt; generates initiatives with required properties" time="0.001613667">
        </testcase>
        <testcase classname="tests/unit/transformationEngine.test.ts" name="Service Test: transformationEngine &gt; generates initiatives only for levels above current" time="0.000372">
        </testcase>
        <testcase classname="tests/unit/transformationEngine.test.ts" name="Service Test: transformationEngine &gt; handles session with no gaps" time="0.000092125">
        </testcase>
        <testcase classname="tests/unit/transformationEngine.test.ts" name="Service Test: transformationEngine &gt; assigns priority based on current level" time="0.000083791">
        </testcase>
        <testcase classname="tests/unit/transformationEngine.test.ts" name="Service Test: transformationEngine &gt; assigns complexity based on target level" time="0.000725125">
        </testcase>
    </testsuite>
    <testsuite name="tests/unit/transformationScenarios.test.ts" timestamp="2025-12-21T11:11:50.073Z" hostname="MacBook-Pro-Piotr.local" tests="5" failures="0" errors="0" skipped="0" time="0.170779166">
        <testcase classname="tests/unit/transformationScenarios.test.ts" name="Transformation Scenarios Logic &gt; should have 6 unique scenarios" time="0.000504417">
        </testcase>
        <testcase classname="tests/unit/transformationScenarios.test.ts" name="Transformation Scenarios Logic &gt; recommendScenario should return stabilize for high risk &amp; low budget" time="0.000095708">
        </testcase>
        <testcase classname="tests/unit/transformationScenarios.test.ts" name="Transformation Scenarios Logic &gt; recommendScenario should return quickwins for low risk &amp; low budget" time="0.00008575">
        </testcase>
        <testcase classname="tests/unit/transformationScenarios.test.ts" name="Transformation Scenarios Logic &gt; recommendScenario should return foundation for high risk &amp; high budget" time="0.000062334">
        </testcase>
        <testcase classname="tests/unit/transformationScenarios.test.ts" name="Transformation Scenarios Logic &gt; recommendScenario should default to hybrid" time="0.000061291">
        </testcase>
    </testsuite>
    <testsuite name="tests/unit/utils.test.ts" timestamp="2025-12-21T11:11:50.073Z" hostname="MacBook-Pro-Piotr.local" tests="1" failures="0" errors="0" skipped="0" time="0.179352708">
        <testcase classname="tests/unit/utils.test.ts" name="Unit Test: Utilities &gt; should have utility functions available" time="0.000487541">
        </testcase>
    </testsuite>
    <testsuite name="tests/unit/workqueueService.test.js" timestamp="2025-12-21T11:11:50.073Z" hostname="MacBook-Pro-Piotr.local" tests="13" failures="0" errors="0" skipped="0" time="0.213368209">
        <testcase classname="tests/unit/workqueueService.test.js" name="WorkqueueService Constants and Logic &gt; ASSIGNMENT_STATUSES Constants &gt; should export PENDING status" time="0.007146917">
        </testcase>
        <testcase classname="tests/unit/workqueueService.test.js" name="WorkqueueService Constants and Logic &gt; ASSIGNMENT_STATUSES Constants &gt; should export ACKED status" time="0.001056458">
        </testcase>
        <testcase classname="tests/unit/workqueueService.test.js" name="WorkqueueService Constants and Logic &gt; ASSIGNMENT_STATUSES Constants &gt; should export DONE status" time="0.001102209">
        </testcase>
        <testcase classname="tests/unit/workqueueService.test.js" name="WorkqueueService Constants and Logic &gt; ASSIGNMENT_STATUSES Constants &gt; should export EXPIRED status" time="0.00073775">
        </testcase>
        <testcase classname="tests/unit/workqueueService.test.js" name="WorkqueueService Constants and Logic &gt; ASSIGNMENT_STATUSES Constants &gt; should have 4 status types" time="0.001271084">
        </testcase>
        <testcase classname="tests/unit/workqueueService.test.js" name="WorkqueueService Constants and Logic &gt; DEFAULT_SLA_HOURS &gt; should default to 48 hours" time="0.001024833">
        </testcase>
        <testcase classname="tests/unit/workqueueService.test.js" name="WorkqueueService Constants and Logic &gt; Service Methods Existence &gt; should export assignApproval" time="0.000852792">
        </testcase>
        <testcase classname="tests/unit/workqueueService.test.js" name="WorkqueueService Constants and Logic &gt; Service Methods Existence &gt; should export acknowledgeApproval" time="0.000834167">
        </testcase>
        <testcase classname="tests/unit/workqueueService.test.js" name="WorkqueueService Constants and Logic &gt; Service Methods Existence &gt; should export completeApproval" time="0.001193791">
        </testcase>
        <testcase classname="tests/unit/workqueueService.test.js" name="WorkqueueService Constants and Logic &gt; Service Methods Existence &gt; should export getMyApprovals" time="0.000798208">
        </testcase>
        <testcase classname="tests/unit/workqueueService.test.js" name="WorkqueueService Constants and Logic &gt; Service Methods Existence &gt; should export getOrgApprovals" time="0.000980792">
        </testcase>
[...]
 ❯ tests/unit/backend/webhookService.test.js:142:31
            </failure>
        </testcase>
        <testcase classname="tests/unit/backend/webhookService.test.js" name="WebhookService &gt; trigger() &gt; should handle webhook failures gracefully" time="0.000241875">
            <system-err>
[Webhook] Failed to send to https://example.com/webhook: fetch is not a function

            </system-err>
        </testcase>
        <testcase classname="tests/unit/backend/webhookService.test.js" name="WebhookService &gt; trigger() &gt; should handle database errors" time="0.000716167">
            <system-err>
[Webhook] Query error: Error: Database error
    at /Users/piotrwisniewski/Documents/Antygracity/DRD/consultify/tests/unit/backend/webhookService.test.js:172:29
    at file:///Users/piotrwisniewski/Documents/Antygracity/DRD/consultify/node_modules/@vitest/runner/dist/index.js:145:11
    at file:///Users/piotrwisniewski/Documents/Antygracity/DRD/consultify/node_modules/@vitest/runner/dist/index.js:915:26
    at file:///Users/piotrwisniewski/Documents/Antygracity/DRD/consultify/node_modules/@vitest/runner/dist/index.js:1243:20
    at new Promise (&lt;anonymous&gt;)
    at runWithTimeout (file:///Users/piotrwisniewski/Documents/Antygracity/DRD/consultify/node_modules/@vitest/runner/dist/index.js:1209:10)
    at file:///Users/piotrwisniewski/Documents/Antygracity/DRD/consultify/node_modules/@vitest/runner/dist/index.js:1653:37
    at Traces.$ (file:///Users/piotrwisniewski/Documents/Antygracity/DRD/consultify/node_modules/vitest/dist/chunks/traces.U4xDYhzZ.js:115:27)
    at trace (file:///Users/piotrwisniewski/Documents/Antygracity/DRD/consultify/node_modules/vitest/dist/chunks/test.B8ej_ZHS.js:239:21)
    at runTest (file:///Users/piotrwisniewski/Documents/Antygracity/DRD/consultify/node_modules/@vitest/runner/dist/index.js:1653:12)

            </system-err>
        </testcase>
        <testcase classname="tests/unit/backend/webhookService.test.js" name="WebhookService &gt; sendWebhook() &gt; should send webhook with correct headers and signature" time="0.000265041">
            <failure message="fetch is not a function" type="TypeError">
TypeError: fetch is not a function
 ❯ WebhookService.sendWebhook server/services/webhookService.js:68:32
 ❯ tests/unit/backend/webhookService.test.js:201:49
            </failure>
        </testcase>
        <testcase classname="tests/unit/backend/webhookService.test.js" name="WebhookService &gt; sendWebhook() &gt; should include timestamp in payload" time="0.000185667">
            <failure message="fetch is not a function" type="TypeError">
TypeError: fetch is not a function
 ❯ WebhookService.sendWebhook server/services/webhookService.js:68:32
 ❯ tests/unit/backend/webhookService.test.js:235:34
            </failure>
        </testcase>
        <testcase classname="tests/unit/backend/webhookService.test.js" name="WebhookService &gt; sendWebhook() &gt; should throw error when webhook returns non-OK status" time="0.001130958">
            <failure message="expected [Function] to throw error including &apos;Webhook returned 500&apos; but got &apos;fetch is not a function&apos;" type="AssertionError">
AssertionError: expected [Function] to throw error including &apos;Webhook returned 500&apos; but got &apos;fetch is not a function&apos;

Expected: &quot;Webhook returned 500&quot;
Received: &quot;fetch is not a function&quot;
            </failure>
        </testcase>
        <testcase classname="tests/unit/backend/webhookService.test.js" name="WebhookService &gt; sendWebhook() &gt; should generate HMAC signature" time="0.000215166">
            <failure message="fetch is not a function" type="TypeError">
TypeError: fetch is not a function
 ❯ WebhookService.sendWebhook server/services/webhookService.js:68:32
 ❯ tests/unit/backend/webhookService.test.js:276:34
            </failure>
        </testcase>
        <testcase classname="tests/unit/backend/webhookService.test.js" name="WebhookService &gt; sendSlackNotification() &gt; should send Slack notification" time="0.000461458">
            <system-err>
[Slack] Notification failed: TypeError: fetch is not a function
    at WebhookService.sendSlackNotification (/Users/piotrwisniewski/Documents/Antygracity/DRD/consultify/server/services/webhookService.js:95:36)
    at /Users/piotrwisniewski/Documents/Antygracity/DRD/consultify/tests/unit/backend/webhookService.test.js:296:49
    at file:///Users/piotrwisniewski/Documents/Antygracity/DRD/consultify/node_modules/@vitest/runner/dist/index.js:145:11
    at file:///Users/piotrwisniewski/Documents/Antygracity/DRD/consultify/node_modules/@vitest/runner/dist/index.js:915:26
    at file:///Users/piotrwisniewski/Documents/Antygracity/DRD/consultify/node_modules/@vitest/runner/dist/index.js:1243:20
    at new Promise (&lt;anonymous&gt;)
    at runWithTimeout (file:///Users/piotrwisniewski/Documents/Antygracity/DRD/consultify/node_modules/@vitest/runner/dist/index.js:1209:10)
    at file:///Users/piotrwisniewski/Documents/Antygracity/DRD/consultify/node_modules/@vitest/runner/dist/index.js:1653:37
    at Traces.$ (file:///Users/piotrwisniewski/Documents/Antygracity/DRD/consultify/node_modules/vitest/dist/chunks/traces.U4xDYhzZ.js:115:27)
    at trace (file:///Users/piotrwisniewski/Documents/Antygracity/DRD/consultify/node_modules/vitest/dist/chunks/test.B8ej_ZHS.js:239:21)

            </system-err>
            <failure message="expected false to be true // Object.is equality" type="AssertionError">
AssertionError: expected false to be true // Object.is equality

- Expected
+ Received

- true
+ false

 ❯ tests/unit/backend/webhookService.test.js:298:36
            </failure>
        </testcase>
        <testcase classname="tests/unit/backend/webhookService.test.js" name="WebhookService &gt; sendSlackNotification() &gt; should handle Slack notification failures" time="0.000258417">
            <system-err>
[Slack] Notification failed: TypeError: fetch is not a function
    at WebhookService.sendSlackNotification (/Users/piotrwisniewski/Documents/Antygracity/DRD/consultify/server/services/webhookService.js:95:36)
    at /Users/piotrwisniewski/Documents/Antygracity/DRD/consultify/tests/unit/backend/webhookService.test.js:317:49
    at file:///Users/piotrwisniewski/Documents/Antygracity/DRD/consultify/node_modules/@vitest/runner/dist/index.js:145:11
    at file:///Users/piotrwisniewski/Documents/Antygracity/DRD/consultify/node_modules/@vitest/runner/dist/index.js:915:26
    at file:///Users/piotrwisniewski/Documents/Antygracity/DRD/consultify/node_modules/@vitest/runner/dist/index.js:1243:20
    at new Promise (&lt;anonymous&gt;)
    at runWithTimeout (file:///Users/piotrwisniewski/Documents/Antygracity/DRD/consultify/node_modules/@vitest/runner/dist/index.js:1209:10)
    at file:///Users/piotrwisniewski/Documents/Antygracity/DRD/consultify/node_modules/@vitest/runner/dist/index.js:1653:37
    at Traces.$ (file:///Users/piotrwisniewski/Documents/Antygracity/DRD/consultify/node_modules/vitest/dist/chunks/traces.U4xDYhzZ.js:115:27)
    at trace (file:///Users/piotrwisniewski/Documents/Antygracity/DRD/consultify/node_modules/vitest/dist/chunks/test.B8ej_ZHS.js:239:21)

            </system-err>
        </testcase>
        <testcase classname="tests/unit/backend/webhookService.test.js" name="WebhookService &gt; formatInitiativeMessage() &gt; should format initiative message for Slack" time="0.000239209">
        </testcase>
        <testcase classname="tests/unit/backend/webhookService.test.js" name="WebhookService &gt; formatTaskMessage() &gt; should format task message with status emoji" time="0.000130875">
        </testcase>
        <testcase classname="tests/unit/backend/webhookService.test.js" name="WebhookService &gt; formatTaskMessage() &gt; should use correct emoji for each status" time="0.000123042">
        </testcase>
        <testcase classname="tests/unit/backend/webhookService.test.js" name="WebhookService &gt; formatTaskMessage() &gt; should default to ⚪ for unknown status" time="0.000065375">
        </testcase>
        <testcase classname="tests/unit/backend/webhookService.test.js" name="WebhookService &gt; Multi-Tenant Isolation &gt; should only trigger webhooks for specified organization" time="0.000540292">
        </testcase>
        <testcase classname="tests/unit/backend/webhookService.test.js" name="WebhookService &gt; Multi-Tenant Isolation &gt; should only match active webhooks" time="0.000091208">
        </testcase>
        <testcase classname="tests/unit/backend/webhookService.test.js" name="WebhookService &gt; Security &gt; should generate unique signature for each webhook" time="0.000207708">
            <failure message="fetch is not a function" type="TypeError">
TypeError: fetch is not a function
 ❯ WebhookService.sendWebhook server/services/webhookService.js:68:32
 ❯ tests/unit/backend/webhookService.test.js:440:34
            </failure>
        </testcase>
        <testcase classname="tests/unit/backend/webhookService.test.js" name="WebhookService &gt; Security &gt; should include event type in headers" time="0.000183958">
            <failure message="fetch is not a function" type="TypeError">
TypeError: fetch is not a function
 ❯ WebhookService.sendWebhook server/services/webhookService.js:68:32
 ❯ tests/unit/backend/webhookService.test.js:465:34
            </failure>
        </testcase>
    </testsuite>
    <testsuite name="tests/unit/backend/middleware/adminMiddleware.test.js" timestamp="2025-12-21T11:11:50.141Z" hostname="MacBook-Pro-Piotr.local" tests="4" failures="0" errors="0" skipped="0" time="0.174826791">
        <testcase classname="tests/unit/backend/middleware/adminMiddleware.test.js" name="AdminMiddleware &gt; should call next() if user is admin" time="0.002553666">
        </testcase>
        <testcase classname="tests/unit/backend/middleware/adminMiddleware.test.js" name="AdminMiddleware &gt; should call next() if user is superadmin" time="0.000421541">
        </testcase>
        <testcase classname="tests/unit/backend/middleware/adminMiddleware.test.js" name="AdminMiddleware &gt; should return 403 if user is not admin" time="0.001095333">
        </testcase>
        <testcase classname="tests/unit/backend/middleware/adminMiddleware.test.js" name="AdminMiddleware &gt; should return 401 if verify failed (bad signature)" time="0.00024525">
        </testcase>
    </testsuite>
    <testsuite name="tests/unit/backend/middleware/auditLog.test.js" timestamp="2025-12-21T11:11:50.141Z" hostname="MacBook-Pro-Piotr.local" tests="3" failures="0" errors="0" skipped="0" time="0.235095584">
        <testcase classname="tests/unit/backend/middleware/auditLog.test.js" name="AuditLog Middleware &gt; should call next() and override res.end" time="0.006169667">
            <system-out>
[Database] Selected: SQLite

            </system-out>
        </testcase>
        <testcase classname="tests/unit/backend/middleware/auditLog.test.js" name="AuditLog Middleware &gt; should log activity when res.end is called for 2xx POST" time="0.052808125">
            <system-out>
[Database] Selected: SQLite

            </system-out>
        </testcase>
        <testcase classname="tests/unit/backend/middleware/auditLog.test.js" name="AuditLog Middleware &gt; should NOT log for GET requests" time="0.0005865">
            <system-out>
[Database] Selected: SQLite

            </system-out>
        </testcase>
    </testsuite>
    <testsuite name="tests/unit/backend/middleware/authMiddleware.test.js" timestamp="2025-12-21T11:11:50.142Z" hostname="MacBook-Pro-Piotr.local" tests="6" failures="0" errors="0" skipped="4" time="0.143888208">
        <testcase classname="tests/unit/backend/middleware/authMiddleware.test.js" name="AuthMiddleware &gt; should return 403 if no token provided" time="0.001634042">
        </testcase>
        <testcase classname="tests/unit/backend/middleware/authMiddleware.test.js" name="AuthMiddleware &gt; should return 401 if token expired" time="0">
            <skipped/>
        </testcase>
        <testcase classname="tests/unit/backend/middleware/authMiddleware.test.js" name="AuthMiddleware &gt; should return 401 if token invalid" time="0.000366958">
        </testcase>
        <testcase classname="tests/unit/backend/middleware/authMiddleware.test.js" name="AuthMiddleware &gt; should call next() if token valid and no revocation check needed (no jti)" time="0">
            <skipped/>
        </testcase>
        <testcase classname="tests/unit/backend/middleware/authMiddleware.test.js" name="AuthMiddleware &gt; should check revocation if jti is present" time="0">
            <skipped/>
        </testcase>
        <testcase classname="tests/unit/backend/middleware/authMiddleware.test.js" name="AuthMiddleware &gt; should return 401 if token is revoked" time="0">
            <skipped/>
        </testcase>
    </testsuite>
    <testsuite name="tests/unit/backend/middleware/planLimits.test.js" timestamp="2025-12-21T11:11:50.142Z" hostname="MacBook-Pro-Piotr.local" tests="8" failures="0" errors="0" skipped="0" time="0.1999815">
        <testcase classname="tests/unit/backend/middleware/planLimits.test.js" name="PlanLimits Middleware &gt; should return 403 if no organization found in user" time="0.010578417">
            <system-out>
[Database] Selected: SQLite

            </system-out>
        </testcase>
        <testcase classname="tests/unit/backend/middleware/planLimits.test.js" name="PlanLimits Middleware &gt; should return 404 if organization does not exist in DB" time="0.001826125">
        </testcase>
        <testcase classname="tests/unit/backend/middleware/planLimits.test.js" name="PlanLimits Middleware &gt; should allow request if within limit (Free plan)" time="0.002629792">
        </testcase>
        <testcase classname="tests/unit/backend/middleware/planLimits.test.js" name="PlanLimits Middleware &gt; should block request if limit reached (Free plan)" time="0.0021135">
        </testcase>
        <testcase classname="tests/unit/backend/middleware/planLimits.test.js" name="PlanLimits Middleware &gt; should allow request if within limit (Pro plan)" time="0.00176075">
        </testcase>
        <testcase classname="tests/unit/backend/middleware/planLimits.test.js" name="PlanLimits Middleware &gt; should treat trial status as pro plan" time="0.001994417">
        </testcase>
        <testcase classname="tests/unit/backend/middleware/planLimits.test.js" name="PlanLimits Middleware &gt; should handle undefined limits gracefully (warn and allow)" time="0.001154125">
            <system-err>
Limit key unknown_limit_key not found for plan free

            </system-err>
        </testcase>
        <testcase classname="tests/unit/backend/middleware/planLimits.test.js" name="PlanLimits Middleware &gt; should check max_members limit" time="0.001913375">
        </testcase>
    </testsuite>
    <testsuite name="tests/unit/backend/middleware/projectQuotaMiddleware.test.js" timestamp="2025-12-21T11:11:50.142Z" hostname="MacBook-Pro-Piotr.local" tests="6" failures="0" errors="0" skipped="0" time="0.184420584">
        <testcase classname="tests/unit/backend/middleware/projectQuotaMiddleware.test.js" name="Project Quota Middleware (Integration) &gt; should skip check if no project_id provided" time="0.000966875">
        </testcase>
        <testcase classname="tests/unit/backend/middleware/projectQuotaMiddleware.test.js" name="Project Quota Middleware (Integration) &gt; should allow request if quota is sufficient" time="0.0013725">
        </testcase>
        <testcase classname="tests/unit/backend/middleware/projectQuotaMiddleware.test.js" name="Project Quota Middleware (Integration) &gt; should allow request if limit is NULL (unlimited)" time="0.001319125">
        </testcase>
        <testcase classname="tests/unit/backend/middleware/projectQuotaMiddleware.test.js" name="Project Quota Middleware (Integration) &gt; should block 429 if quota exceeded" time="0.002891333">
        </testcase>
        <testcase classname="tests/unit/backend/middleware/projectQuotaMiddleware.test.js" name="Project Quota Middleware (Integration) &gt; should cleanup temp file if quota exceeded" time="0.001319167">
        </testcase>
        <testcase classname="tests/unit/backend/middleware/projectQuotaMiddleware.test.js" name="Project Quota Middleware (Integration) &gt; should handle errors gracefully (e.g. project not found)" time="0.001193667">
            <system-err>
Project quota check error: Error: Project not found
    at Statement.&lt;anonymous&gt; (/Users/piotrwisniewski/Documents/Antygracity/DRD/consultify/server/services/usageService.js:303:41)
    at Statement.replacement (/Users/piotrwisniewski/Documents/Antygracity/DRD/consultify/server/node_modules/sqlite3/lib/trace.js:25:27)
    at Statement.replacement (/Users/piotrwisniewski/Documents/Antygracity/DRD/consultify/server/node_modules/sqlite3/lib/trace.js:25:27)

            </system-err>
        </testcase>
    </testsuite>
    <testsuite name="tests/unit/backend/middleware/quotaMiddleware.test.js" timestamp="2025-12-21T11:11:50.143Z" hostname="MacBook-Pro-Piotr.local" tests="8" failures="0" errors="0" skipped="0" time="0.31885925">
        <testcase classname="tests/unit/backend/middleware/quotaMiddleware.test.js" name="Quota Middleware (Integration) &gt; enforceTokenQuota &gt; should return 401 if no orgId" time="0.001052083">
        </testcase>
        <testcase classname="tests/unit/backend/middleware/quotaMiddleware.test.js" name="Quota Middleware (Integration) &gt; enforceTokenQuota &gt; should allow if usage is below limit" time="0.003875375">
        </testcase>
        <testcase classname="tests/unit/backend/middleware/quotaMiddleware.test.js" name="Quota Middleware (Integration) &gt; enforceTokenQuota &gt; should block 429 if usage exceeds limit" time="0.001817916">
        </testcase>
        <testcase classname="tests/unit/backend/middleware/quotaMiddleware.test.js" name="Quota Middleware (Integration) &gt; enforceTokenQuota &gt; should allow if overage is enabled even if exceeded" time="0.002279792">
        </testcase>
        <testcase classname="tests/unit/backend/middleware/quotaMiddleware.test.js" name="Quota Middleware (Integration) &gt; enforceTokenQuota &gt; should set warning headers if &gt; 80%" time="0.002168084">
        </testcase>
        <testcase classname="tests/unit/backend/middleware/quotaMiddleware.test.js" name="Quota Middleware (Integration) &gt; enforceStorageQuota &gt; should allow if allowed" time="0.002680708">
        </testcase>
        <testcase classname="tests/unit/backend/middleware/quotaMiddleware.test.js" name="Quota Middleware (Integration) &gt; enforceStorageQuota &gt; should block 429 if exceeded" time="0.002893667">
        </testcase>
        <testcase classname="tests/unit/backend/middleware/quotaMiddleware.test.js" name="Quota Middleware (Integration) &gt; recordTokenUsageAfterResponse &gt; should insert usage record into DB" time="0.052959709">
        </testcase>
    </testsuite>
    <testsuite name="tests/unit/backend/middleware/superAdminMiddleware.test.js" timestamp="2025-12-21T11:11:50.143Z" hostname="MacBook-Pro-Piotr.local" tests="3" failures="0" errors="0" skipped="0" time="0.208948583">
        <testcase classname="tests/unit/backend/middleware/superAdminMiddleware.test.js" name="SuperAdminMiddleware &gt; should call next() if user is superadmin" time="0.002271583">
        </testcase>
        <testcase classname="tests/unit/backend/middleware/superAdminMiddleware.test.js" name="SuperAdminMiddleware &gt; should return 403 if user is admin (not super)" time="0.001207458">
        </testcase>
        <testcase classname="tests/unit/backend/middleware/superAdminMiddleware.test.js" name="SuperAdminMiddleware &gt; should return 401 if token is invalid (bad signature)" time="0.000263666">
        </testcase>
    </testsuite>
</testsuites>
