{"numTotalTestSuites":163,"numPassedTestSuites":163,"numFailedTestSuites":0,"numPendingTestSuites":0,"numTotalTests":380,"numPas    <testsuite name="tests/unit/governanceAudit.test.js" timestamp="2026-01-30T02:32:52.678Z" hostname="MacBook-Pro-Piotr.local" tests="4" failures="0" errors="0" skipped="0" time="0.005420125">
        <testcase classname="tests/unit/governanceAudit.test.js" name="GovernanceAuditService &gt; logAudit &gt; should log audit entry" time="0.00209075">
        </testcase>
        <testcase classname="tests/unit/governanceAudit.test.js" name="GovernanceAuditService &gt; logAudit &gt; should throw error for missing required parameters" time="0.000712459">
        </testcase>
        <testcase classname="tests/unit/governanceAudit.test.js" name="GovernanceAuditService &gt; logAudit &gt; should throw error for invalid action" time="0.000435708">
        </testcase>
        <testcase classname="tests/unit/governanceAudit.test.js" name="GovernanceAuditService &gt; getAuditLogs &gt; should return logs" time="0.000302833">
        </testcase>
    </testsuite>
    <testsuite name="tests/unit/settingsModules.test.tsx" timestamp="2026-01-30T02:32:52.679Z" hostname="MacBook-Pro-Piotr.local" tests="2" failures="0" errors="0" skipped="0" time="0.004276875">
        <testcase classname="tests/unit/settingsModules.test.tsx" name="SettingsModules &gt; should list modules" time="0.002111958">
        </testcase>
        <testcase classname="tests/unit/settingsModules.test.tsx" name="SettingsModules &gt; should save settings" time="0.000473583">
        </testcase>
    </testsuite>
    <testsuite name="tests/unit/utils.test.ts" timestamp="2026-01-30T02:32:52.679Z" hostname="MacBook-Pro-Piotr.local" tests="12" failures="0" errors="0" skipped="0" time="0.028690833">
        <testcase classname="tests/unit/utils.test.ts" name="Unit Test: Utilities &gt; formatNumber &gt; should format numbers in thousands" time="0.001711083">
        </testcase>
        <testcase classname="tests/unit/utils.test.ts" name="Unit Test: Utilities &gt; formatNumber &gt; should format numbers in millions" time="0.000748458">
        </testcase>
        <testcase classname="tests/unit/utils.test.ts" name="Unit Test: Utilities &gt; formatNumber &gt; should keep small numbers as is" time="0.000346041">
        </testcase>
        <testcase classname="tests/unit/utils.test.ts" name="Unit Test: Utilities &gt; formatCurrency &gt; should format USD currency correctly" time="0.019260917">
        </testcase>
        <testcase classname="tests/unit/utils.test.ts" name="Unit Test: Utilities &gt; formatCurrency &gt; should format EUR currency" time="0.000416458">
        </testcase>
        <testcase classname="tests/unit/utils.test.ts" name="Unit Test: Utilities &gt; truncateText &gt; should truncate long text with ellipsis" time="0.000225333">
        </testcase>
        <testcase classname="tests/unit/utils.test.ts" name="Unit Test: Utilities &gt; truncateText &gt; should not truncate text within limit" time="0.000141625">
        </testcase>
        <testcase classname="tests/unit/utils.test.ts" name="Unit Test: Utilities &gt; capitalizeFirst &gt; should capitalize first letter" time="0.002300666">
        </testcase>
        <testcase classname="tests/unit/utils.test.ts" name="Unit Test: Utilities &gt; capitalizeFirst &gt; should handle empty strings" time="0.000415542">
        </testcase>
        <testcase classname="tests/unit/utils.test.ts" name="Unit Test: Utilities &gt; slugify &gt; should create URL-friendly slugs" time="0.000385583">
        </testcase>
        <testcase classname="tests/unit/utils.test.ts" name="Unit Test: Utilities &gt; slugify &gt; should remove special characters" time="0.000151833">
        </testcase>
        <testcase classname="tests/unit/utils.test.ts" name="Unit Test: Utilities &gt; debounce &gt; should return a function" time="0.000139958">
        </testcase>
    </testsuite>
    <testsuite name="tests/unit/assessment/assessment-module.test.ts" timestamp="2026-01-30T02:32:52.681Z" hostname="MacBook-Pro-Piotr.local" tests="24" failures="0" errors="0" skipped="0" time="0.017495042">
        <testcase classname="tests/unit/assessment/assessment-module.test.ts" name="Assessment Module &gt; Maturity Assessment &gt; should create assessment" time="0.002367791">
        </testcase>
        <testcase classname="tests/unit/assessment/assessment-module.test.ts" name="Assessment Module &gt; Maturity Assessment &gt; should define maturity dimensions" time="0.002684666">
        </testcase>
        <testcase classname="tests/unit/assessment/assessment-module.test.ts" name="Assessment Module &gt; Maturity Assessment &gt; should calculate dimension score" time="0.00032575">
        </testcase>
        <testcase classname="tests/unit/assessment/assessment-module.test.ts" name="Assessment Module &gt; Maturity Assessment &gt; should calculate overall maturity level" time="0.000529042">
        </testcase>
        <testcase classname="tests/unit/assessment/assessment-module.test.ts" name="Assessment Module &gt; Maturity Assessment &gt; should determine maturity level from score" time="0.004419584">
        </testcase>
        <testcase classname="tests/unit/assessment/assessment-module.test.ts" name="Assessment Module &gt; Assessment Questions &gt; should create question" time="0.000222042">
        </testcase>
        <testcase classname="tests/unit/assessment/assessment-module.test.ts" name="Assessment Module &gt; Assessment Questions &gt; should validate answer within scale" time="0.000159333">
        </testcase>
        <testcase classname="tests/unit/assessment/assessment-module.test.ts" name="Assessment Module &gt; Assessment Questions &gt; should reject answer outside scale" time="0.001011625">
        </testcase>
        <testcase classname="tests/unit/assessment/assessment-module.test.ts" name="Assessment Module &gt; Assessment Questions &gt; should calculate weighted score" time="0.000321625">
        </testcase>
        <testcase classname="tests/unit/assessment/assessment-module.test.ts" name="Assessment Module &gt; Gap Analysis &gt; should calculate gap between current and target" time="0.00038125">
        </testcase>
        <testcase classname="tests/unit/assessment/assessment-module.test.ts" name="Assessment Module &gt; Gap Analysis &gt; should identify priority areas" time="0.000214917">
        </testcase>
        <testcase classname="tests/unit/assessment/assessment-module.test.ts" name="Assessment Module &gt; Gap Analysis &gt; should calculate improvement effort" time="0.000158083">
        </testcase>
        <testcase classname="tests/unit/assessment/assessment-module.test.ts" name="Assessment Module &gt; Recommendations &gt; should generate recommendations based on gaps" time="0.000287625">
        </testcase>
        <testcase classname="tests/unit/assessment/assessment-module.test.ts" name="Assessment Module &gt; Recommendations &gt; should prioritize recommendations" time="0.00016875">
        </testcase>
        <testcase classname="tests/unit/assessment/assessment-module.test.ts" name="Assessment Module &gt; Rapid Lean Assessment &gt; should create rapid assessment" time="0.000211542">
        </testcase>
        <testcase classname="tests/unit/assessment/assessment-module.test.ts" name="Assessment Module &gt; Rapid Lean Assessment &gt; should calculate lean maturity" time="0.00015725">
        </testcase>
        <testcase classname="tests/unit/assessment/assessment-module.test.ts" name="Assessment Module &gt; Rapid Lean Assessment &gt; should identify waste types" time="0.00037025">
        </testcase>
        <testcase classname="tests/unit/assessment/assessment-module.test.ts" name="Assessment Module &gt; Assessment Progress &gt; should track completion progress" time="0.000134084">
        </testcase>
        <testcase classname="tests/unit/assessment/assessment-module.test.ts" name="Assessment Module &gt; Assessment Progress &gt; should save progress" time="0.000211833">
        </testcase>
        <testcase classname="tests/unit/assessment/assessment-module.test.ts" name="Assessment Module &gt; Assessment Progress &gt; should resume from saved progress" time="0.000165166">
        </testcase>
        <testcase classname="tests/unit/assessment/assessment-module.test.ts" name="Assessment Module &gt; Benchmark Comparison &gt; should compare against industry benchmark" time="0.000159084">
        </testcase>
        <testcase classname="tests/unit/assessment/assessment-module.test.ts" name="Assessment Module &gt; Benchmark Comparison &gt; should calculate percentile rank" time="0.000175667">
        </testcase>
        <testcase classname="tests/unit/assessment/assessment-module.test.ts" name="Assessment Module &gt; Assessment Templates &gt; should create assessment template" time="0.000137958">
        </testcase>
        <testcase classname="tests/unit/assessment/assessment-module.test.ts" name="Assessment Module &gt; Assessment Templates &gt; should clone template for organization" time="0.000133958">
        </testcase>
    </testsuite>
    <testsuite name="tests/unit/auth/auth-module.test.ts" timestamp="2026-01-30T02:32:52.684Z" hostname="MacBook-Pro-Piotr.local" tests="21" failures="0" errors="0" skipped="0" time="0.014472292">
        <testcase classname="tests/unit/auth/auth-module.test.ts" name="Authentication Module &gt; User Registration &gt; should validate registration data" time="0.002230416">
        </testcase>
        <testcase classname="tests/unit/auth/auth-module.test.ts" name="Authentication Module &gt; User Registration &gt; should check email uniqueness" time="0.000409542">
        </testcase>
        <testcase classname="tests/unit/auth/auth-module.test.ts" name="Authentication Module &gt; User Registration &gt; should generate verification token" time="0.000315083">
        </testcase>
        <testcase classname="tests/unit/auth/auth-module.test.ts" name="Authentication Module &gt; Login &gt; should validate credentials format" time="0.00040625">
        </testcase>
        <testcase classname="tests/unit/auth/auth-module.test.ts" name="Authentication Module &gt; Login &gt; should track login attempts" time="0.000258292">
        </testcase>
        <testcase classname="tests/unit/auth/auth-module.test.ts" name="Authentication Module &gt; Login &gt; should lock account after max attempts" time="0.000194583">
        </testcase>
        <testcase classname="tests/unit/auth/auth-module.test.ts" name="Authentication Module &gt; Login &gt; should generate access token" time="0.000211166">
        </testcase>
        <testcase classname="tests/unit/auth/auth-module.test.ts" name="Authentication Module &gt; Password Management &gt; should validate password strength" time="0.000246792">
        </testcase>
        <testcase classname="tests/unit/auth/auth-module.test.ts" name="Authentication Module &gt; Password Management &gt; should calculate password strength score" time="0.000314125">
        </testcase>
        <testcase classname="tests/unit/auth/auth-module.test.ts" name="Authentication Module &gt; Password Management &gt; should check password history" time="0.000239958">
        </testcase>
        <testcase classname="tests/unit/auth/auth-module.test.ts" name="Authentication Module &gt; Multi-Factor Authentication &gt; should generate backup codes" time="0.000776333">
        </testcase>
        <testcase classname="tests/unit/auth/auth-module.test.ts" name="Authentication Module &gt; Multi-Factor Authentication &gt; should validate TOTP code format" time="0.001327208">
        </testcase>
        <testcase classname="tests/unit/auth/auth-module.test.ts" name="Authentication Module &gt; Multi-Factor Authentication &gt; should consume backup code" time="0.000315292">
        </testcase>
        <testcase classname="tests/unit/auth/auth-module.test.ts" name="Authentication Module &gt; Session Management &gt; should create session" time="0.000221167">
        </testcase>
        <testcase classname="tests/unit/auth/auth-module.test.ts" name="Authentication Module &gt; Session Management &gt; should detect session expiry" time="0.000162917">
        </testcase>
        <testcase classname="tests/unit/auth/auth-module.test.ts" name="Authentication Module &gt; Session Management &gt; should list user sessions" time="0.000258291">
        </testcase>
        <testcase classname="tests/unit/auth/auth-module.test.ts" name="Authentication Module &gt; OAuth &gt; should generate OAuth state" time="0.000255208">
        </testcase>
        <testcase classname="tests/unit/auth/auth-module.test.ts" name="Authentication Module &gt; OAuth &gt; should validate OAuth callback" time="0.000173">
        </testcase>
        <testcase classname="tests/unit/auth/auth-module.test.ts" name="Authentication Module &gt; OAuth &gt; should map OAuth provider data" time="0.000246667">
        </testcase>
        <testcase classname="tests/unit/auth/auth-module.test.ts" name="Authentication Module &gt; Email Verification &gt; should generate verification link" time="0.000142709">
        </testcase>
        <testcase classname="tests/unit/auth/auth-module.test.ts" name="Authentication Module &gt; Email Verification &gt; should mark email as verified" time="0.000149416">
        </testcase>
    </testsuite>
    <testsuite name="tests/unit/billing/billing-module.test.ts" timestamp="2026-01-30T02:32:52.686Z" hostname="MacBook-Pro-Piotr.local" tests="30" failures="0" errors="0" skipped="0" time="0.009548125">
        <testcase classname="tests/unit/billing/billing-module.test.ts" name="Billing Module &gt; Invoice Generation &gt; should create invoice" time="0.001549792">
        </testcase>
        <testcase classname="tests/unit/billing/billing-module.test.ts" name="Billing Module &gt; Invoice Generation &gt; should add line items" time="0.000323917">
        </testcase>
        <testcase classname="tests/unit/billing/billing-module.test.ts" name="Billing Module &gt; Invoice Generation &gt; should calculate tax" time="0.000284291">
        </testcase>
        <testcase classname="tests/unit/billing/billing-module.test.ts" name="Billing Module &gt; Invoice Generation &gt; should calculate invoice total" time="0.000215583">
        </testcase>
        <testcase classname="tests/unit/billing/billing-module.test.ts" name="Billing Module &gt; Invoice Generation &gt; should generate invoice number" time="0.000312">
        </testcase>
        <testcase classname="tests/unit/billing/billing-module.test.ts" name="Billing Module &gt; Payment Processing &gt; should create payment record" time="0.000221833">
        </testcase>
        <testcase classname="tests/unit/billing/billing-module.test.ts" name="Billing Module &gt; Payment Processing &gt; should process successful payment" time="0.000196792">
        </testcase>
        <testcase classname="tests/unit/billing/billing-module.test.ts" name="Billing Module &gt; Payment Processing &gt; should handle payment failure" time="0.000188208">
        </testcase>
        <testcase classname="tests/unit/billing/billing-module.test.ts" name="Billing Module &gt; Payment Processing &gt; should calculate payment fee" time="0.000205958">
        </testcase>
        <testcase classname="tests/unit/billing/billing-module.test.ts" name="Billing Module &gt; Payment Processing &gt; should process refund" time="0.000227417">
        </testcase>
        <testcase classname="tests/unit/billing/billing-module.test.ts" name="Billing Module &gt; Subscription Billing &gt; should calculate prorated amount for upgrade" time="0.000192375">
        </testcase>
        <testcase classname="tests/unit/billing/billing-module.test.ts" name="Billing Module &gt; Subscription Billing &gt; should calculate next billing date" time="0.000198166">
        </testcase>
        <testcase classname="tests/unit/billing/billing-module.test.ts" name="Billing Module &gt; Subscription Billing &gt; should apply credit balance" time="0.000178208">
        </testcase>
        <testcase classname="tests/unit/billing/billing-module.test.ts" name="Billing Module &gt; Payment Methods &gt; should validate card expiry" time="0.000183334">
        </testcase>
        <testcase classname="tests/unit/billing/billing-module.test.ts" name="Billing Module &gt; Payment Methods &gt; should mask card number" time="0.000174041">
        </testcase>
        <testcase classname="tests/unit/billing/billing-module.test.ts" name="Billing Module &gt; Payment Methods &gt; should detect card brand" time="0.000173291">
        </testcase>
        <testcase classname="tests/unit/billing/billing-module.test.ts" name="Billing Module &gt; Payment Methods &gt; should set default payment method" time="0.000182625">
        </testcase>
        <testcase classname="tests/unit/billing/billing-module.test.ts" name="Billing Module &gt; Usage-Based Billing &gt; should track API usage" time="0.000235125">
        </testcase>
        <testcase classname="tests/unit/billing/billing-module.test.ts" name="Billing Module &gt; Usage-Based Billing &gt; should calculate storage charges" time="0.000177833">
        </testcase>
        <testcase classname="tests/unit/billing/billing-module.test.ts" name="Billing Module &gt; Usage-Based Billing &gt; should aggregate usage metrics" time="0.000163167">
        </testcase>
        <testcase classname="tests/unit/billing/billing-module.test.ts" name="Billing Module &gt; Discounts &amp; Credits &gt; should apply percentage discount" time="0.000156125">
        </testcase>
        <testcase classname="tests/unit/billing/billing-module.test.ts" name="Billing Module &gt; Discounts &amp; Credits &gt; should apply fixed discount" time="0.000141458">
        </testcase>
        <testcase classname="tests/unit/billing/billing-module.test.ts" name="Billing Module &gt; Discounts &amp; Credits &gt; should add credit to account" time="0.000126042">
        </testcase>
        <testcase classname="tests/unit/billing/billing-module.test.ts" name="Billing Module &gt; Discounts &amp; Credits &gt; should track discount usage" time="0.0001345">
        </testcase>
        <testcase classname="tests/unit/billing/billing-module.test.ts" name="Billing Module &gt; Billing History &gt; should list invoices" time="0.00067725">
        </testcase>
        <testcase classname="tests/unit/billing/billing-module.test.ts" name="Billing Module &gt; Billing History &gt; should calculate total spent" time="0.00016125">
        </testcase>
        <testcase classname="tests/unit/billing/billing-module.test.ts" name="Billing Module &gt; Billing History &gt; should filter by date range" time="0.000213792">
        </testcase>
        <testcase classname="tests/unit/billing/billing-module.test.ts" name="Billing Module &gt; Dunning Management &gt; should track failed payment attempts" time="0.0001535">
        </testcase>
        <testcase classname="tests/unit/billing/billing-module.test.ts" name="Billing Module &gt; Dunning Management &gt; should send dunning email" time="0.000135083">
        </testcase>
        <testcase classname="tests/unit/billing/billing-module.test.ts" name="Billing Module &gt; Dunning Management &gt; should suspend after max failures" time="0.000133458">
        </testcase>
    </testsuite>
    <testsuite name="tests/unit/collaboration/collaboration-module.test.ts" timestamp="2026-01-30T02:32:52.688Z" hostname="MacBook-Pro-Piotr.local" tests="33" failures="0" errors="0" skipped="0" time="0.011298792">
        <testcase classname="tests/unit/collaboration/collaboration-module.test.ts" name="Collaboration Module &gt; Comments System &gt; should create comment" time="0.001588041">
        </testcase>
        <testcase classname="tests/unit/collaboration/collaboration-module.test.ts" name="Collaboration Module &gt; Comments System &gt; should create reply" time="0.000304792">
        </testcase>
        <testcase classname="tests/unit/collaboration/collaboration-module.test.ts" name="Collaboration Module &gt; Comments System &gt; should mention users" time="0.00083825">
        </testcase>
        <testcase classname="tests/unit/collaboration/collaboration-module.test.ts" name="Collaboration Module &gt; Comments System &gt; should count comments" time="0.000309417">
        </testcase>
        <testcase classname="tests/unit/collaboration/collaboration-module.test.ts" name="Collaboration Module &gt; Comments System &gt; should track reactions" time="0.000253667">
        </testcase>
        <testcase classname="tests/unit/collaboration/collaboration-module.test.ts" name="Collaboration Module &gt; Activity Feed &gt; should log activity" time="0.000215333">
        </testcase>
        <testcase classname="tests/unit/collaboration/collaboration-module.test.ts" name="Collaboration Module &gt; Activity Feed &gt; should filter by entity" time="0.000274">
        </testcase>
        <testcase classname="tests/unit/collaboration/collaboration-module.test.ts" name="Collaboration Module &gt; Activity Feed &gt; should group by date" time="0.00026275">
        </testcase>
        <testcase classname="tests/unit/collaboration/collaboration-module.test.ts" name="Collaboration Module &gt; Activity Feed &gt; should track actor activities" time="0.000281542">
        </testcase>
        <testcase classname="tests/unit/collaboration/collaboration-module.test.ts" name="Collaboration Module &gt; File Sharing &gt; should upload file" time="0.000242209">
        </testcase>
        <testcase classname="tests/unit/collaboration/collaboration-module.test.ts" name="Collaboration Module &gt; File Sharing &gt; should validate file type" time="0.000185417">
        </testcase>
        <testcase classname="tests/unit/collaboration/collaboration-module.test.ts" name="Collaboration Module &gt; File Sharing &gt; should check file size limit" time="0.00018525">
        </testcase>
        <testcase classname="tests/unit/collaboration/collaboration-module.test.ts" name="Collaboration Module &gt; File Sharing &gt; should generate thumbnail" time="0.000181417">
        </testcase>
        <testcase classname="tests/unit/collaboration/collaboration-module.test.ts" name="Collaboration Module &gt; File Sharing &gt; should track file versions" time="0.00017825">
        </testcase>
        <testcase classname="tests/unit/collaboration/collaboration-module.test.ts" name="Collaboration Module &gt; Real-time Collaboration &gt; should track online users" time="0.00017875">
        </testcase>
        <testcase classname="tests/unit/collaboration/collaboration-module.test.ts" name="Collaboration Module &gt; Real-time Collaboration &gt; should broadcast updates" time="0.000245458">
        </testcase>
        <testcase classname="tests/unit/collaboration/collaboration-module.test.ts" name="Collaboration Module &gt; Real-time Collaboration &gt; should handle presence" time="0.000177584">
        </testcase>
        <testcase classname="tests/unit/collaboration/collaboration-module.test.ts" name="Collaboration Module &gt; Real-time Collaboration &gt; should detect concurrent edits" time="0.000187958">
        </testcase>
        <testcase classname="tests/unit/collaboration/collaboration-module.test.ts" name="Collaboration Module &gt; Notifications &gt; should create notification" time="0.000181708">
        </testcase>
        <testcase classname="tests/unit/collaboration/collaboration-module.test.ts" name="Collaboration Module &gt; Notifications &gt; should mark as read" time="0.000185083">
        </testcase>
        <testcase classname="tests/unit/collaboration/collaboration-module.test.ts" name="Collaboration Module &gt; Notifications &gt; should count unread" time="0.00020325">
        </testcase>
        <testcase classname="tests/unit/collaboration/collaboration-module.test.ts" name="Collaboration Module &gt; Notifications &gt; should group by type" time="0.000223459">
        </testcase>
        <testcase classname="tests/unit/collaboration/collaboration-module.test.ts" name="Collaboration Module &gt; Notifications &gt; should handle notification preferences" time="0.000189917">
        </testcase>
        <testcase classname="tests/unit/collaboration/collaboration-module.test.ts" name="Collaboration Module &gt; Sharing &amp; Permissions &gt; should share with user" time="0.000187959">
        </testcase>
        <testcase classname="tests/unit/collaboration/collaboration-module.test.ts" name="Collaboration Module &gt; Sharing &amp; Permissions &gt; should share with team" time="0.000188">
        </testcase>
        <testcase classname="tests/unit/collaboration/collaboration-module.test.ts" name="Collaboration Module &gt; Sharing &amp; Permissions &gt; should generate share link" time="0.000277875">
        </testcase>
        <testcase classname="tests/unit/collaboration/collaboration-module.test.ts" name="Collaboration Module &gt; Sharing &amp; Permissions &gt; should set link expiry" time="0.000205625">
        </testcase>
        <testcase classname="tests/unit/collaboration/collaboration-module.test.ts" name="Collaboration Module &gt; Sharing &amp; Permissions &gt; should revoke access" time="0.000255583">
        </testcase>
        <testcase classname="tests/unit/collaboration/collaboration-module.test.ts" name="Templates Module &gt; Project Templates &gt; should create template" time="0.000198291">
        </testcase>
        <testcase classname="tests/unit/collaboration/collaboration-module.test.ts" name="Templates Module &gt; Project Templates &gt; should apply template to project" time="0.000217125">
        </testcase>
        <testcase classname="tests/unit/collaboration/collaboration-module.test.ts" name="Templates Module &gt; Project Templates &gt; should customize template" time="0.000385">
        </testcase>
        <testcase classname="tests/unit/collaboration/collaboration-module.test.ts" name="Templates Module &gt; Document Templates &gt; should create document template" time="0.000141958">
        </testcase>
        <testcase classname="tests/unit/collaboration/collaboration-module.test.ts" name="Templates Module &gt; Document Templates &gt; should fill template variables" time="0.000212084">
        </testcase>
    </testsuite>
    <testsuite name="tests/unit/dashboard/dashboard-module.test.ts" timestamp="2026-01-30T02:32:52.691Z" hostname="MacBook-Pro-Piotr.local" tests="30" failures="0" errors="0" skipped="0" time="0.044059834">
        <testcase classname="tests/unit/dashboard/dashboard-module.test.ts" name="Dashboard Module &gt; Widget Configuration &gt; should create widget configuration" time="0.001637917">
        </testcase>
        <testcase classname="tests/unit/dashboard/dashboard-module.test.ts" name="Dashboard Module &gt; Widget Configuration &gt; should list available widget types" time="0.000849083">
        </testcase>
        <testcase classname="tests/unit/dashboard/dashboard-module.test.ts" name="Dashboard Module &gt; Widget Configuration &gt; should validate widget size" time="0.00025675">
        </testcase>
        <testcase classname="tests/unit/dashboard/dashboard-module.test.ts" name="Dashboard Module &gt; Widget Configuration &gt; should set widget refresh interval" time="0.000248959">
        </testcase>
        <testcase classname="tests/unit/dashboard/dashboard-module.test.ts" name="Dashboard Module &gt; Dashboard Layout &gt; should create dashboard layout" time="0.00054975">
        </testcase>
        <testcase classname="tests/unit/dashboard/dashboard-module.test.ts" name="Dashboard Module &gt; Dashboard Layout &gt; should validate widget placement" time="0.000213291">
        </testcase>
        <testcase classname="tests/unit/dashboard/dashboard-module.test.ts" name="Dashboard Module &gt; Dashboard Layout &gt; should detect widget overlap" time="0.000202958">
        </testcase>
        <testcase classname="tests/unit/dashboard/dashboard-module.test.ts" name="Dashboard Module &gt; Dashboard Layout &gt; should save layout preferences" time="0.000188625">
        </testcase>
        <testcase classname="tests/unit/dashboard/dashboard-module.test.ts" name="Dashboard Module &gt; KPI Widget &gt; should calculate KPI value" time="0.000222959">
        </testcase>
        <testcase classname="tests/unit/dashboard/dashboard-module.test.ts" name="Dashboard Module &gt; KPI Widget &gt; should determine trend direction" time="0.000253583">
        </testcase>
        <testcase classname="tests/unit/dashboard/dashboard-module.test.ts" name="Dashboard Module &gt; KPI Widget &gt; should format KPI value" time="0.018393542">
        </testcase>
        <testcase classname="tests/unit/dashboard/dashboard-module.test.ts" name="Dashboard Module &gt; KPI Widget &gt; should set KPI threshold colors" time="0.000423041">
        </testcase>
        <testcase classname="tests/unit/dashboard/dashboard-module.test.ts" name="Dashboard Module &gt; Chart Widget &gt; should prepare line chart data" time="0.000557042">
        </testcase>
        <testcase classname="tests/unit/dashboard/dashboard-module.test.ts" name="Dashboard Module &gt; Chart Widget &gt; should prepare bar chart data" time="0.004186083">
        </testcase>
        <testcase classname="tests/unit/dashboard/dashboard-module.test.ts" name="Dashboard Module &gt; Chart Widget &gt; should prepare pie chart data" time="0.000256">
        </testcase>
        <testcase classname="tests/unit/dashboard/dashboard-module.test.ts" name="Dashboard Module &gt; Chart Widget &gt; should calculate chart range" time="0.000198375">
        </testcase>
        <testcase classname="tests/unit/dashboard/dashboard-module.test.ts" name="Dashboard Module &gt; Table Widget &gt; should define table columns" time="0.000237875">
        </testcase>
        <testcase classname="tests/unit/dashboard/dashboard-module.test.ts" name="Dashboard Module &gt; Table Widget &gt; should sort table data" time="0.000153708">
        </testcase>
        <testcase classname="tests/unit/dashboard/dashboard-module.test.ts" name="Dashboard Module &gt; Table Widget &gt; should paginate table data" time="0.000146333">
        </testcase>
        <testcase classname="tests/unit/dashboard/dashboard-module.test.ts" name="Dashboard Module &gt; Table Widget &gt; should filter table data" time="0.000196416">
        </testcase>
        <testcase classname="tests/unit/dashboard/dashboard-module.test.ts" name="Dashboard Module &gt; Activity Feed &gt; should format activity item" time="0.000155041">
        </testcase>
        <testcase classname="tests/unit/dashboard/dashboard-module.test.ts" name="Dashboard Module &gt; Activity Feed &gt; should group activities by date" time="0.000203291">
        </testcase>
        <testcase classname="tests/unit/dashboard/dashboard-module.test.ts" name="Dashboard Module &gt; Activity Feed &gt; should limit activity items" time="0.00020475">
        </testcase>
        <testcase classname="tests/unit/dashboard/dashboard-module.test.ts" name="Dashboard Module &gt; Quick Actions &gt; should define quick actions" time="0.000171333">
        </testcase>
        <testcase classname="tests/unit/dashboard/dashboard-module.test.ts" name="Dashboard Module &gt; Quick Actions &gt; should check action permissions" time="0.000201916">
        </testcase>
        <testcase classname="tests/unit/dashboard/dashboard-module.test.ts" name="Dashboard Module &gt; Dashboard Filters &gt; should apply date filter" time="0.000331833">
        </testcase>
        <testcase classname="tests/unit/dashboard/dashboard-module.test.ts" name="Dashboard Module &gt; Dashboard Filters &gt; should apply project filter" time="0.003946709">
        </testcase>
        <testcase classname="tests/unit/dashboard/dashboard-module.test.ts" name="Dashboard Module &gt; Dashboard Filters &gt; should persist filter preferences" time="0.000279375">
        </testcase>
        <testcase classname="tests/unit/dashboard/dashboard-module.test.ts" name="Dashboard Module &gt; Real-time Updates &gt; should handle widget update event" time="0.00020075">
        </testcase>
        <testcase classname="tests/unit/dashboard/dashboard-module.test.ts" name="Dashboard Module &gt; Real-time Updates &gt; should debounce rapid updates" time="0.000237959">
        </testcase>
    </testsuite>
    <testsuite name="tests/unit/discovery/discovery-module.test.ts" timestamp="2026-01-30T02:32:52.694Z" hostname="MacBook-Pro-Piotr.local" tests="17" failures="0" errors="0" skipped="0" time="0.008704375">
        <testcase classname="tests/unit/discovery/discovery-module.test.ts" name="Discovery Module &gt; Stakeholder Mapping &gt; should create stakeholder" time="0.002138875">
        </testcase>
        <testcase classname="tests/unit/discovery/discovery-module.test.ts" name="Discovery Module &gt; Stakeholder Mapping &gt; should categorize stakeholder" time="0.000320875">
        </testcase>
        <testcase classname="tests/unit/discovery/discovery-module.test.ts" name="Discovery Module &gt; Stakeholder Mapping &gt; should track stakeholder count" time="0.000277333">
        </testcase>
        <testcase classname="tests/unit/discovery/discovery-module.test.ts" name="Discovery Module &gt; Pain Point Analysis &gt; should capture pain point" time="0.000230542">
        </testcase>
        <testcase classname="tests/unit/discovery/discovery-module.test.ts" name="Discovery Module &gt; Pain Point Analysis &gt; should prioritize pain points" time="0.00025825">
        </testcase>
        <testcase classname="tests/unit/discovery/discovery-module.test.ts" name="Discovery Module &gt; Pain Point Analysis &gt; should link to opportunity" time="0.000221917">
        </testcase>
        <testcase classname="tests/unit/discovery/discovery-module.test.ts" name="Discovery Module &gt; Opportunity Identification &gt; should create opportunity" time="0.0001935">
        </testcase>
        <testcase classname="tests/unit/discovery/discovery-module.test.ts" name="Discovery Module &gt; Opportunity Identification &gt; should calculate ROI" time="0.00024025">
        </testcase>
        <testcase classname="tests/unit/discovery/discovery-module.test.ts" name="Discovery Module &gt; Opportunity Identification &gt; should categorize by theme" time="0.000787">
        </testcase>
        <testcase classname="tests/unit/discovery/discovery-module.test.ts" name="Discovery Module &gt; Process Mapping &gt; should define process steps" time="0.000303042">
        </testcase>
        <testcase classname="tests/unit/discovery/discovery-module.test.ts" name="Discovery Module &gt; Process Mapping &gt; should identify bottlenecks" time="0.000206584">
        </testcase>
        <testcase classname="tests/unit/discovery/discovery-module.test.ts" name="Discovery Module &gt; Process Mapping &gt; should calculate cycle time" time="0.000183958">
        </testcase>
        <testcase classname="tests/unit/discovery/discovery-module.test.ts" name="Discovery Module &gt; Requirement Gathering &gt; should create requirement" time="0.000179708">
        </testcase>
        <testcase classname="tests/unit/discovery/discovery-module.test.ts" name="Discovery Module &gt; Requirement Gathering &gt; should categorize MoSCoW" time="0.000247042">
        </testcase>
        <testcase classname="tests/unit/discovery/discovery-module.test.ts" name="Discovery Module &gt; Requirement Gathering &gt; should track traceability" time="0.000177792">
        </testcase>
        <testcase classname="tests/unit/discovery/discovery-module.test.ts" name="Discovery Module &gt; Value Stream Mapping &gt; should calculate value-add ratio" time="0.00018475">
        </testcase>
        <testcase classname="tests/unit/discovery/discovery-module.test.ts" name="Discovery Module &gt; Value Stream Mapping &gt; should identify waste" time="0.000256209">
        </testcase>
    </testsuite>
    <testsuite name="tests/unit/governance/governance-module.test.ts" timestamp="2026-01-30T02:32:52.695Z" hostname="MacBook-Pro-Piotr.local" tests="15" failures="0" errors="0" skipped="0" time="0.017839875">
        <testcase classname="tests/unit/governance/governance-module.test.ts" name="Governance Module &gt; Decision Gates &gt; should define gate criteria" time="0.009031375">
        </testcase>
        <testcase classname="tests/unit/governance/governance-module.test.ts" name="Governance Module &gt; Decision Gates &gt; should track gate status" time="0.000523709">
        </testcase>
        <testcase classname="tests/unit/governance/governance-module.test.ts" name="Governance Module &gt; Decision Gates &gt; should record gate decision" time="0.000248583">
        </testcase>
        <testcase classname="tests/unit/governance/governance-module.test.ts" name="Governance Module &gt; Approval Workflows &gt; should create approval request" time="0.000520041">
        </testcase>
        <testcase classname="tests/unit/governance/governance-module.test.ts" name="Governance Module &gt; Approval Workflows &gt; should route to approvers" time="0.000658625">
        </testcase>
        <testcase classname="tests/unit/governance/governance-module.test.ts" name="Governance Module &gt; Approval Workflows &gt; should track approval chain" time="0.000346583">
        </testcase>
        <testcase classname="tests/unit/governance/governance-module.test.ts" name="Governance Module &gt; RACI Matrix &gt; should define RACI roles" time="0.000338292">
        </testcase>
        <testcase classname="tests/unit/governance/governance-module.test.ts" name="Governance Module &gt; RACI Matrix &gt; should validate single accountable" time="0.000383583">
        </testcase>
        <testcase classname="tests/unit/governance/governance-module.test.ts" name="Governance Module &gt; Risk Management &gt; should create risk" time="0.000239458">
        </testcase>
        <testcase classname="tests/unit/governance/governance-module.test.ts" name="Governance Module &gt; Risk Management &gt; should calculate risk score" time="0.000236541">
        </testcase>
        <testcase classname="tests/unit/governance/governance-module.test.ts" name="Governance Module &gt; Risk Management &gt; should assign mitigation" time="0.000219833">
        </testcase>
        <testcase classname="tests/unit/governance/governance-module.test.ts" name="Governance Module &gt; Compliance Tracking &gt; should track compliance items" time="0.000181708">
        </testcase>
        <testcase classname="tests/unit/governance/governance-module.test.ts" name="Governance Module &gt; Compliance Tracking &gt; should schedule compliance audit" time="0.000228125">
        </testcase>
        <testcase classname="tests/unit/governance/governance-module.test.ts" name="Governance Module &gt; Change Management &gt; should create change request" time="0.000161167">
        </testcase>
        <testcase classname="tests/unit/governance/governance-module.test.ts" name="Governance Module &gt; Change Management &gt; should assess change impact" time="0.000224291">
        </testcase>
    </testsuite>
    <testsuite name="tests/unit/initiatives/initiatives-module.test.ts" timestamp="2026-01-30T02:32:52.697Z" hostname="MacBook-Pro-Piotr.local" tests="19" failures="0" errors="0" skipped="0" time="0.021149792">
        <testcase classname="tests/unit/initiatives/initiatives-module.test.ts" name="Initiatives Module &gt; Initiative CRUD &gt; should create initiative" time="0.001589084">
        </testcase>
        <testcase classname="tests/unit/initiatives/initiatives-module.test.ts" name="Initiatives Module &gt; Initiative CRUD &gt; should update initiative" time="0.00033425">
        </testcase>
        <testcase classname="tests/unit/initiatives/initiatives-module.test.ts" name="Initiatives Module &gt; Initiative CRUD &gt; should archive initiative" time="0.000620209">
        </testcase>
        <testcase classname="tests/unit/initiatives/initiatives-module.test.ts" name="Initiatives Module &gt; Initiative Lifecycle &gt; should define stages" time="0.001538334">
        </testcase>
        <testcase classname="tests/unit/initiatives/initiatives-module.test.ts" name="Initiatives Module &gt; Initiative Lifecycle &gt; should validate stage transition" time="0.000333959">
        </testcase>
        <testcase classname="tests/unit/initiatives/initiatives-module.test.ts" name="Initiatives Module &gt; Initiative Lifecycle &gt; should track stage duration" time="0.000234333">
        </testcase>
        <testcase classname="tests/unit/initiatives/initiatives-module.test.ts" name="Initiatives Module &gt; Initiative Scoring &gt; should calculate priority score" time="0.006561042">
        </testcase>
        <testcase classname="tests/unit/initiatives/initiatives-module.test.ts" name="Initiatives Module &gt; Initiative Scoring &gt; should rank initiatives" time="0.000421958">
        </testcase>
        <testcase classname="tests/unit/initiatives/initiatives-module.test.ts" name="Initiatives Module &gt; Initiative Benefits &gt; should define benefits" time="0.000288666">
        </testcase>
        <testcase classname="tests/unit/initiatives/initiatives-module.test.ts" name="Initiatives Module &gt; Initiative Benefits &gt; should calculate total value" time="0.000499791">
        </testcase>
        <testcase classname="tests/unit/initiatives/initiatives-module.test.ts" name="Initiatives Module &gt; Initiative Benefits &gt; should track benefit realization" time="0.000298917">
        </testcase>
        <testcase classname="tests/unit/initiatives/initiatives-module.test.ts" name="Initiatives Module &gt; Initiative Dependencies &gt; should create dependency" time="0.000194875">
        </testcase>
        <testcase classname="tests/unit/initiatives/initiatives-module.test.ts" name="Initiatives Module &gt; Initiative Dependencies &gt; should detect circular dependency" time="0.000328042">
        </testcase>
        <testcase classname="tests/unit/initiatives/initiatives-module.test.ts" name="Initiatives Module &gt; Initiative Resources &gt; should allocate resources" time="0.000186542">
        </testcase>
        <testcase classname="tests/unit/initiatives/initiatives-module.test.ts" name="Initiatives Module &gt; Initiative Resources &gt; should check resource availability" time="0.00044375">
        </testcase>
        <testcase classname="tests/unit/initiatives/initiatives-module.test.ts" name="Initiatives Module &gt; Initiative Milestones &gt; should create milestone" time="0.000444125">
        </testcase>
        <testcase classname="tests/unit/initiatives/initiatives-module.test.ts" name="Initiatives Module &gt; Initiative Milestones &gt; should track milestone progress" time="0.002217041">
        </testcase>
        <testcase classname="tests/unit/initiatives/initiatives-module.test.ts" name="Initiatives Module &gt; Initiative Reporting &gt; should generate status report" time="0.000773125">
        </testcase>
        <testcase classname="tests/unit/initiatives/initiatives-module.test.ts" name="Initiatives Module &gt; Initiative Reporting &gt; should calculate health score" time="0.0002425">
        </testcase>
    </testsuite>
    <testsuite name="tests/unit/interview/interview-module.test.ts" timestamp="2026-01-30T02:32:52.699Z" hostname="MacBook-Pro-Piotr.local" tests="15" failures="0" errors="0" skipped="0" time="0.009783167">
        <testcase classname="tests/unit/interview/interview-module.test.ts" name="Interview Module &gt; Interview Scheduling &gt; should create interview" time="0.001527417">
        </testcase>
        <testcase classname="tests/unit/interview/interview-module.test.ts" name="Interview Module &gt; Interview Scheduling &gt; should check availability" time="0.000893459">
        </testcase>
        <testcase classname="tests/unit/interview/interview-module.test.ts" name="Interview Module &gt; Interview Scheduling &gt; should send reminder" time="0.000323625">
        </testcase>
        <testcase classname="tests/unit/interview/interview-module.test.ts" name="Interview Module &gt; Question Templates &gt; should create question template" time="0.00029775">
        </testcase>
        <testcase classname="tests/unit/interview/interview-module.test.ts" name="Interview Module &gt; Question Templates &gt; should categorize questions" time="0.00031325">
        </testcase>
        <testcase classname="tests/unit/interview/interview-module.test.ts" name="Interview Module &gt; Interview Notes &gt; should capture notes" time="0.000242041">
        </testcase>
        <testcase classname="tests/unit/interview/interview-module.test.ts" name="Interview Module &gt; Interview Notes &gt; should tag insights" time="0.000342334">
        </testcase>
        <testcase classname="tests/unit/interview/interview-module.test.ts" name="Interview Module &gt; Interview Notes &gt; should link to pain points" time="0.000202166">
        </testcase>
        <testcase classname="tests/unit/interview/interview-module.test.ts" name="Interview Module &gt; Transcript Processing &gt; should store transcript" time="0.00020275">
        </testcase>
        <testcase classname="tests/unit/interview/interview-module.test.ts" name="Interview Module &gt; Transcript Processing &gt; should extract key phrases" time="0.000310334">
        </testcase>
        <testcase classname="tests/unit/interview/interview-module.test.ts" name="Interview Module &gt; Interview Analysis &gt; should calculate sentiment" time="0.000258083">
        </testcase>
        <testcase classname="tests/unit/interview/interview-module.test.ts" name="Interview Module &gt; Interview Analysis &gt; should identify themes" time="0.00019625">
        </testcase>
        <testcase classname="tests/unit/interview/interview-module.test.ts" name="Interview Module &gt; Interview Analysis &gt; should track completion" time="0.000181542">
        </testcase>
        <testcase classname="tests/unit/interview/interview-module.test.ts" name="Interview Module &gt; Follow-up Actions &gt; should create follow-up" time="0.000378583">
        </testcase>
        <testcase classname="tests/unit/interview/interview-module.test.ts" name="Interview Module &gt; Follow-up Actions &gt; should assign owner" time="0.002110167">
        </testcase>
    </testsuite>
    <testsuite name="tests/unit/onboarding/onboarding-module.test.ts" timestamp="2026-01-30T02:32:52.700Z" hostname="MacBook-Pro-Piotr.local" tests="19" failures="0" errors="0" skipped="0" time="0.013235667">
        <testcase classname="tests/unit/onboarding/onboarding-module.test.ts" name="Onboarding Module &gt; Onboarding Flow &gt; should create onboarding session" time="0.001561417">
        </testcase>
        <testcase classname="tests/unit/onboarding/onboarding-module.test.ts" name="Onboarding Module &gt; Onboarding Flow &gt; should define onboarding steps" time="0.000918">
        </testcase>
        <testcase classname="tests/unit/onboarding/onboarding-module.test.ts" name="Onboarding Module &gt; Onboarding Flow &gt; should track step completion" time="0.000265">
        </testcase>
        <testcase classname="tests/unit/onboarding/onboarding-module.test.ts" name="Onboarding Module &gt; Onboarding Flow &gt; should advance to next step" time="0.000219959">
        </testcase>
        <testcase classname="tests/unit/onboarding/onboarding-module.test.ts" name="Onboarding Module &gt; Onboarding Flow &gt; should allow step skip" time="0.000366959">
        </testcase>
        <testcase classname="tests/unit/onboarding/onboarding-module.test.ts" name="Onboarding Module &gt; User Profile Setup &gt; should validate profile data" time="0.000218125">
        </testcase>
        <testcase classname="tests/unit/onboarding/onboarding-module.test.ts" name="Onboarding Module &gt; User Profile Setup &gt; should upload avatar" time="0.000187625">
        </testcase>
        <testcase classname="tests/unit/onboarding/onboarding-module.test.ts" name="Onboarding Module &gt; User Profile Setup &gt; should set timezone" time="0.000220583">
        </testcase>
        <testcase classname="tests/unit/onboarding/onboarding-module.test.ts" name="Onboarding Module &gt; Organization Setup &gt; should create organization" time="0.005459875">
        </testcase>
        <testcase classname="tests/unit/onboarding/onboarding-module.test.ts" name="Onboarding Module &gt; Organization Setup &gt; should set organization size" time="0.000540625">
        </testcase>
        <testcase classname="tests/unit/onboarding/onboarding-module.test.ts" name="Onboarding Module &gt; Organization Setup &gt; should upload company logo" time="0.000168916">
        </testcase>
        <testcase classname="tests/unit/onboarding/onboarding-module.test.ts" name="Onboarding Module &gt; Team Invitation &gt; should validate email format" time="0.000143">
        </testcase>
        <testcase classname="tests/unit/onboarding/onboarding-module.test.ts" name="Onboarding Module &gt; Team Invitation &gt; should send batch invitations" time="0.000188">
        </testcase>
        <testcase classname="tests/unit/onboarding/onboarding-module.test.ts" name="Onboarding Module &gt; Team Invitation &gt; should assign default role" time="0.000128666">
        </testcase>
        <testcase classname="tests/unit/onboarding/onboarding-module.test.ts" name="Onboarding Module &gt; Feature Tour &gt; should define tour steps" time="0.000196125">
        </testcase>
        <testcase classname="tests/unit/onboarding/onboarding-module.test.ts" name="Onboarding Module &gt; Feature Tour &gt; should track tour completion" time="0.000144125">
        </testcase>
        <testcase classname="tests/unit/onboarding/onboarding-module.test.ts" name="Onboarding Module &gt; Feature Tour &gt; should allow tour replay" time="0.000135">
        </testcase>
        <testcase classname="tests/unit/onboarding/onboarding-module.test.ts" name="Onboarding Module &gt; Onboarding Checklist &gt; should list required actions" time="0.000147042">
        </testcase>
        <testcase classname="tests/unit/onboarding/onboarding-module.test.ts" name="Onboarding Module &gt; Onboarding Checklist &gt; should calculate completion percentage" time="0.000122125">
        </testcase>
    </testsuite>
    <testsuite name="tests/unit/projects/projects-module.test.ts" timestamp="2026-01-30T02:32:52.702Z" hostname="MacBook-Pro-Piotr.local" tests="21" failures="0" errors="0" skipped="0" time="0.017076833">
        <testcase classname="tests/unit/projects/projects-module.test.ts" name="Projects Module &gt; Project CRUD &gt; should create project" time="0.001623959">
        </testcase>
        <testcase classname="tests/unit/projects/projects-module.test.ts" name="Projects Module &gt; Project CRUD &gt; should update project" time="0.00029675">
        </testcase>
        <testcase classname="tests/unit/projects/projects-module.test.ts" name="Projects Module &gt; Project CRUD &gt; should archive project" time="0.0002235">
        </testcase>
        <testcase classname="tests/unit/projects/projects-module.test.ts" name="Projects Module &gt; Project CRUD &gt; should delete project" time="0.000765083">
        </testcase>
        <testcase classname="tests/unit/projects/projects-module.test.ts" name="Projects Module &gt; Project Members &gt; should add member" time="0.001928667">
        </testcase>
        <testcase classname="tests/unit/projects/projects-module.test.ts" name="Projects Module &gt; Project Members &gt; should assign role" time="0.000834917">
        </testcase>
        <testcase classname="tests/unit/projects/projects-module.test.ts" name="Projects Module &gt; Project Members &gt; should remove member" time="0.000770375">
        </testcase>
        <testcase classname="tests/unit/projects/projects-module.test.ts" name="Projects Module &gt; Project Members &gt; should list members by role" time="0.000283">
        </testcase>
        <testcase classname="tests/unit/projects/projects-module.test.ts" name="Projects Module &gt; Project Phases &gt; should define phases" time="0.000245083">
        </testcase>
        <testcase classname="tests/unit/projects/projects-module.test.ts" name="Projects Module &gt; Project Phases &gt; should track phase progress" time="0.000210667">
        </testcase>
        <testcase classname="tests/unit/projects/projects-module.test.ts" name="Projects Module &gt; Project Phases &gt; should calculate overall progress" time="0.000176084">
        </testcase>
        <testcase classname="tests/unit/projects/projects-module.test.ts" name="Projects Module &gt; Project Timeline &gt; should set project dates" time="0.000206875">
        </testcase>
        <testcase classname="tests/unit/projects/projects-module.test.ts" name="Projects Module &gt; Project Timeline &gt; should calculate duration" time="0.000172167">
        </testcase>
        <testcase classname="tests/unit/projects/projects-module.test.ts" name="Projects Module &gt; Project Timeline &gt; should detect overdue" time="0.000140208">
        </testcase>
        <testcase classname="tests/unit/projects/projects-module.test.ts" name="Projects Module &gt; Project Budget &gt; should set budget" time="0.000157459">
        </testcase>
        <testcase classname="tests/unit/projects/projects-module.test.ts" name="Projects Module &gt; Project Budget &gt; should track spending" time="0.000138625">
        </testcase>
        <testcase classname="tests/unit/projects/projects-module.test.ts" name="Projects Module &gt; Project Budget &gt; should calculate burn rate" time="0.004814542">
        </testcase>
        <testcase classname="tests/unit/projects/projects-module.test.ts" name="Projects Module &gt; Project Templates &gt; should create from template" time="0.001189208">
        </testcase>
        <testcase classname="tests/unit/projects/projects-module.test.ts" name="Projects Module &gt; Project Templates &gt; should save as template" time="0.000433083">
        </testcase>
        <testcase classname="tests/unit/projects/projects-module.test.ts" name="Projects Module &gt; Project Tags &gt; should add tag" time="0.000254208">
        </testcase>
        <testcase classname="tests/unit/projects/projects-module.test.ts" name="Projects Module &gt; Project Tags &gt; should filter by tag" time="0.0002625">
        </testcase>
    </testsuite>
    <testsuite name="tests/unit/resources/resources-module.test.ts" timestamp="2026-01-30T02:32:52.704Z" hostname="MacBook-Pro-Piotr.local" tests="33" failures="0" errors="0" skipped="0" time="0.02012025">
        <testcase classname="tests/unit/resources/resources-module.test.ts" name="Resource Management Module &gt; Resource Allocation &gt; should allocate resource to project" time="0.001538875">
        </testcase>
        <testcase classname="tests/unit/resources/resources-module.test.ts" name="Resource Management Module &gt; Resource Allocation &gt; should calculate resource utilization" time="0.000349333">
        </testcase>
        <testcase classname="tests/unit/resources/resources-module.test.ts" name="Resource Management Module &gt; Resource Allocation &gt; should detect allocation conflicts" time="0.000636709">
        </testcase>
        <testcase classname="tests/unit/resources/resources-module.test.ts" name="Resource Management Module &gt; Resource Allocation &gt; should calculate remaining capacity" time="0.000301958">
        </testcase>
        <testcase classname="tests/unit/resources/resources-module.test.ts" name="Resource Management Module &gt; Resource Allocation &gt; should handle partial allocations" time="0.000268833">
        </testcase>
        <testcase classname="tests/unit/resources/resources-module.test.ts" name="Resource Management Module &gt; Team Management &gt; should create team" time="0.000929958">
        </testcase>
        <testcase classname="tests/unit/resources/resources-module.test.ts" name="Resource Management Module &gt; Team Management &gt; should calculate team capacity" time="0.000243958">
        </testcase>
        <testcase classname="tests/unit/resources/resources-module.test.ts" name="Resource Management Module &gt; Team Management &gt; should track team skills" time="0.000198375">
        </testcase>
        <testcase classname="tests/unit/resources/resources-module.test.ts" name="Resource Management Module &gt; Team Management &gt; should find available team members" time="0.000283041">
        </testcase>
        <testcase classname="tests/unit/resources/resources-module.test.ts" name="Resource Management Module &gt; Capacity Planning &gt; should forecast capacity needs" time="0.00025425">
        </testcase>
        <testcase classname="tests/unit/resources/resources-module.test.ts" name="Resource Management Module &gt; Capacity Planning &gt; should calculate hiring needs" time="0.000195584">
        </testcase>
        <testcase classname="tests/unit/resources/resources-module.test.ts" name="Resource Management Module &gt; Capacity Planning &gt; should plan for leave" time="0.000174542">
        </testcase>
        <testcase classname="tests/unit/resources/resources-module.test.ts" name="Resource Management Module &gt; Capacity Planning &gt; should handle seasonal variations" time="0.000187833">
        </testcase>
        <testcase classname="tests/unit/resources/resources-module.test.ts" name="Resource Management Module &gt; Time Tracking &gt; should log time entry" time="0.000202">
        </testcase>
        <testcase classname="tests/unit/resources/resources-module.test.ts" name="Resource Management Module &gt; Time Tracking &gt; should calculate daily total" time="0.000186208">
        </testcase>
        <testcase classname="tests/unit/resources/resources-module.test.ts" name="Resource Management Module &gt; Time Tracking &gt; should detect overtime" time="0.000174125">
        </testcase>
        <testcase classname="tests/unit/resources/resources-module.test.ts" name="Resource Management Module &gt; Time Tracking &gt; should calculate billable ratio" time="0.000174209">
        </testcase>
        <testcase classname="tests/unit/resources/resources-module.test.ts" name="Resource Management Module &gt; Time Tracking &gt; should validate time entries" time="0.000181334">
        </testcase>
        <testcase classname="tests/unit/resources/resources-module.test.ts" name="Resource Management Module &gt; Skill Matrix &gt; should track skill levels" time="0.00038375">
        </testcase>
        <testcase classname="tests/unit/resources/resources-module.test.ts" name="Resource Management Module &gt; Skill Matrix &gt; should find skill gaps" time="0.000626042">
        </testcase>
        <testcase classname="tests/unit/resources/resources-module.test.ts" name="Resource Management Module &gt; Skill Matrix &gt; should suggest training" time="0.000321125">
        </testcase>
        <testcase classname="tests/unit/resources/resources-module.test.ts" name="Resource Management Module &gt; Skill Matrix &gt; should calculate team skill coverage" time="0.004388875">
        </testcase>
        <testcase classname="tests/unit/resources/resources-module.test.ts" name="Resource Management Module &gt; Cost Analysis &gt; should calculate resource cost" time="0.000177209">
        </testcase>
        <testcase classname="tests/unit/resources/resources-module.test.ts" name="Resource Management Module &gt; Cost Analysis &gt; should calculate blended rate" time="0.00065225">
        </testcase>
        <testcase classname="tests/unit/resources/resources-module.test.ts" name="Resource Management Module &gt; Cost Analysis &gt; should track budget vs actual" time="0.000175666">
        </testcase>
        <testcase classname="tests/unit/resources/resources-module.test.ts" name="Resource Management Module &gt; Cost Analysis &gt; should forecast project cost" time="0.00014275">
        </testcase>
        <testcase classname="tests/unit/resources/resources-module.test.ts" name="Scheduling Module &gt; Calendar Integration &gt; should check availability" time="0.001686375">
        </testcase>
        <testcase classname="tests/unit/resources/resources-module.test.ts" name="Scheduling Module &gt; Calendar Integration &gt; should find common free time" time="0.000265125">
        </testcase>
        <testcase classname="tests/unit/resources/resources-module.test.ts" name="Scheduling Module &gt; Calendar Integration &gt; should respect time zones" time="0.00014775">
        </testcase>
        <testcase classname="tests/unit/resources/resources-module.test.ts" name="Scheduling Module &gt; Calendar Integration &gt; should handle recurring events" time="0.000172">
        </testcase>
        <testcase classname="tests/unit/resources/resources-module.test.ts" name="Scheduling Module &gt; Meeting Scheduling &gt; should schedule meeting" time="0.000173333">
        </testcase>
        <testcase classname="tests/unit/resources/resources-module.test.ts" name="Scheduling Module &gt; Meeting Scheduling &gt; should calculate meeting duration" time="0.000124792">
        </testcase>
        <testcase classname="tests/unit/resources/resources-module.test.ts" name="Scheduling Module &gt; Meeting Scheduling &gt; should detect conflicts" time="0.000133666">
        </testcase>
    </testsuite>
    <testsuite name="tests/unit/settings/AdvancedSettings.test.tsx" timestamp="2026-01-30T02:32:52.707Z" hostname="MacBook-Pro-Piotr.local" tests="2" failures="0" errors="0" skipped="0" time="0.003457291">
        <testcase classname="tests/unit/settings/AdvancedSettings.test.tsx" name="AdvancedSettings &gt; should render settings" time="0.00147525">
        </testcase>
        <testcase classname="tests/unit/settings/AdvancedSettings.test.tsx" name="AdvancedSettings &gt; should save changes" time="0.0002755">
        </testcase>
    </testsuite>
    <testsuite name="tests/unit/settings/PrivacyDataSettings.test.tsx" timestamp="2026-01-30T02:32:52.707Z" hostname="MacBook-Pro-Piotr.local" tests="2" failures="0" errors="0" skipped="0" time="0.004812125">
        <testcase classname="tests/unit/settings/PrivacyDataSettings.test.tsx" name="PrivacyDataSettings &gt; should render settings" time="0.0018495">
        </testcase>
        <testcase classname="tests/unit/settings/PrivacyDataSettings.test.tsx" name="PrivacyDataSettings &gt; should handle consent" time="0.000407333">
        </testcase>
    </testsuite>
    <testsuite name="tests/unit/settings/RegionalSettings.test.tsx" timestamp="2026-01-30T02:32:52.708Z" hostname="MacBook-Pro-Piotr.local" tests="2" failures="0" errors="0" skipped="0" time="0.003896416">
        <testcase classname="tests/unit/settings/RegionalSettings.test.tsx" name="RegionalSettings &gt; should render settings" time="0.001765042">
        </testcase>
        <testcase classname="tests/unit/settings/RegionalSettings.test.tsx" name="RegionalSettings &gt; should handle locale" time="0.000402792">
        </testcase>
    </testsuite>
    <testsuite name="tests/unit/settings/WorkPreferencesSettings.test.tsx" timestamp="2026-01-30T02:32:52.708Z" hostname="MacBook-Pro-Piotr.local" tests="2" failures="0" errors="0" skipped="0" time="0.004948666">
        <testcase classname="tests/unit/settings/WorkPreferencesSettings.test.tsx" name="WorkPreferencesSettings &gt; should render settings" time="0.002438">
        </testcase>
        <testcase classname="tests/unit/settings/WorkPreferencesSettings.test.tsx" name="WorkPreferencesSettings &gt; should save preferences" time="0.000544">
        </testcase>
    </testsuite>
    <testsuite name="tests/unit/settings/settings-module.test.ts" timestamp="2026-01-30T02:32:52.708Z" hostname="MacBook-Pro-Piotr.local" tests="31" failures="0" errors="0" skipped="0" time="0.01322975">
        <testcase classname="tests/unit/settings/settings-module.test.ts" name="Settings &amp; Configuration Module &gt; User Preferences &gt; should get user settings" time="0.001606875">
        </testcase>
        <testcase classname="tests/unit/settings/settings-module.test.ts" name="Settings &amp; Configuration Module &gt; User Preferences &gt; should update settings" time="0.000303917">
        </testcase>
        <testcase classname="tests/unit/settings/settings-module.test.ts" name="Settings &amp; Configuration Module &gt; User Preferences &gt; should validate settings schema" time="0.000235833">
        </testcase>
        <testcase classname="tests/unit/settings/settings-module.test.ts" name="Settings &amp; Configuration Module &gt; User Preferences &gt; should reset to defaults" time="0.000205083">
        </testcase>
        <testcase classname="tests/unit/settings/settings-module.test.ts" name="Settings &amp; Configuration Module &gt; User Preferences &gt; should merge partial updates" time="0.000261917">
        </testcase>
        <testcase classname="tests/unit/settings/settings-module.test.ts" name="Settings &amp; Configuration Module &gt; Organization Settings &gt; should get org settings" time="0.00018775">
        </testcase>
        <testcase classname="tests/unit/settings/settings-module.test.ts" name="Settings &amp; Configuration Module &gt; Organization Settings &gt; should validate domain" time="0.000349542">
        </testcase>
        <testcase classname="tests/unit/settings/settings-module.test.ts" name="Settings &amp; Configuration Module &gt; Organization Settings &gt; should configure branding" time="0.000189209">
        </testcase>
        <testcase classname="tests/unit/settings/settings-module.test.ts" name="Settings &amp; Configuration Module &gt; Organization Settings &gt; should manage feature flags" time="0.000704125">
        </testcase>
        <testcase classname="tests/unit/settings/settings-module.test.ts" name="Settings &amp; Configuration Module &gt; API Configuration &gt; should generate API key" time="0.000216334">
        </testcase>
        <testcase classname="tests/unit/settings/settings-module.test.ts" name="Settings &amp; Configuration Module &gt; API Configuration &gt; should set rate limits" time="0.000143208">
        </testcase>
        <testcase classname="tests/unit/settings/settings-module.test.ts" name="Settings &amp; Configuration Module &gt; API Configuration &gt; should configure webhooks" time="0.000390834">
        </testcase>
        <testcase classname="tests/unit/settings/settings-module.test.ts" name="Settings &amp; Configuration Module &gt; API Configuration &gt; should validate webhook URL" time="0.000127458">
        </testcase>
        <testcase classname="tests/unit/settings/settings-module.test.ts" name="Settings &amp; Configuration Module &gt; API Configuration &gt; should track API usage" time="0.000156875">
        </testcase>
        <testcase classname="tests/unit/settings/settings-module.test.ts" name="Settings &amp; Configuration Module &gt; Integration Settings &gt; should configure OAuth connection" time="0.000144708">
        </testcase>
        <testcase classname="tests/unit/settings/settings-module.test.ts" name="Settings &amp; Configuration Module &gt; Integration Settings &gt; should list available integrations" time="0.000189292">
        </testcase>
        <testcase classname="tests/unit/settings/settings-module.test.ts" name="Settings &amp; Configuration Module &gt; Integration Settings &gt; should sync integration data" time="0.000135167">
        </testcase>
        <testcase classname="tests/unit/settings/settings-module.test.ts" name="Settings &amp; Configuration Module &gt; Integration Settings &gt; should handle integration errors" time="0.000130792">
        </testcase>
        <testcase classname="tests/unit/settings/settings-module.test.ts" name="Settings &amp; Configuration Module &gt; Security Settings &gt; should configure password policy" time="0.000165584">
        </testcase>
        <testcase classname="tests/unit/settings/settings-module.test.ts" name="Settings &amp; Configuration Module &gt; Security Settings &gt; should validate password against policy" time="0.000204208">
        </testcase>
        <testcase classname="tests/unit/settings/settings-module.test.ts" name="Settings &amp; Configuration Module &gt; Security Settings &gt; should configure MFA" time="0.000180958">
        </testcase>
        <testcase classname="tests/unit/settings/settings-module.test.ts" name="Settings &amp; Configuration Module &gt; Security Settings &gt; should set session timeout" time="0.000139792">
        </testcase>
        <testcase classname="tests/unit/settings/settings-module.test.ts" name="Settings &amp; Configuration Module &gt; Security Settings &gt; should configure IP allowlist" time="0.000614084">
        </testcase>
        <testcase classname="tests/unit/settings/settings-module.test.ts" name="Settings &amp; Configuration Module &gt; Notification Settings &gt; should configure notification channels" time="0.000492083">
        </testcase>
        <testcase classname="tests/unit/settings/settings-module.test.ts" name="Settings &amp; Configuration Module &gt; Notification Settings &gt; should set digest preferences" time="0.000203209">
        </testcase>
        <testcase classname="tests/unit/settings/settings-module.test.ts" name="Settings &amp; Configuration Module &gt; Notification Settings &gt; should configure quiet hours" time="0.000253291">
        </testcase>
        <testcase classname="tests/unit/settings/settings-module.test.ts" name="Settings &amp; Configuration Module &gt; Notification Settings &gt; should set per-project notifications" time="0.000316542">
        </testcase>
        <testcase classname="tests/unit/settings/settings-module.test.ts" name="Settings &amp; Configuration Module &gt; Export &amp; Import &gt; should export settings" time="0.001732125">
        </testcase>
        <testcase classname="tests/unit/settings/settings-module.test.ts" name="Settings &amp; Configuration Module &gt; Export &amp; Import &gt; should import settings" time="0.000205334">
        </testcase>
        <testcase classname="tests/unit/settings/settings-module.test.ts" name="Settings &amp; Configuration Module &gt; Export &amp; Import &gt; should validate imported settings" time="0.000606875">
        </testcase>
        <testcase classname="tests/unit/settings/settings-module.test.ts" name="Settings &amp; Configuration Module &gt; Export &amp; Import &gt; should backup settings" time="0.000353375">
        </testcase>
    </testsuite>
    <testsuite name="tests/unit/tasks/tasks-module.test.ts" timestamp="2026-01-30T02:32:52.710Z" hostname="MacBook-Pro-Piotr.local" tests="20" failures="0" errors="0" skipped="0" time="0.015208958">
        <testcase classname="tests/unit/tasks/tasks-module.test.ts" name="Tasks Module &gt; Task CRUD &gt; should create task" time="0.0014915">
        </testcase>
        <testcase classname="tests/unit/tasks/tasks-module.test.ts" name="Tasks Module &gt; Task CRUD &gt; should update task" time="0.000993208">
        </testcase>
        <testcase classname="tests/unit/tasks/tasks-module.test.ts" name="Tasks Module &gt; Task CRUD &gt; should complete task" time="0.000486334">
        </testcase>
        <testcase classname="tests/unit/tasks/tasks-module.test.ts" name="Tasks Module &gt; Task CRUD &gt; should delete task" time="0.001116459">
        </testcase>
        <testcase classname="tests/unit/tasks/tasks-module.test.ts" name="Tasks Module &gt; Task Assignment &gt; should assign task" time="0.000301584">
        </testcase>
        <testcase classname="tests/unit/tasks/tasks-module.test.ts" name="Tasks Module &gt; Task Assignment &gt; should reassign task" time="0.000209458">
        </testcase>
        <testcase classname="tests/unit/tasks/tasks-module.test.ts" name="Tasks Module &gt; Task Assignment &gt; should list my tasks" time="0.000280375">
        </testcase>
        <testcase classname="tests/unit/tasks/tasks-module.test.ts" name="Tasks Module &gt; Task Prioritization &gt; should set priority" time="0.000583792">
        </testcase>
        <testcase classname="tests/unit/tasks/tasks-module.test.ts" name="Tasks Module &gt; Task Prioritization &gt; should sort by priority" time="0.000307791">
        </testcase>
        <testcase classname="tests/unit/tasks/tasks-module.test.ts" name="Tasks Module &gt; Task Due Dates &gt; should set due date" time="0.000271">
        </testcase>
        <testcase classname="tests/unit/tasks/tasks-module.test.ts" name="Tasks Module &gt; Task Due Dates &gt; should detect overdue" time="0.000206458">
        </testcase>
        <testcase classname="tests/unit/tasks/tasks-module.test.ts" name="Tasks Module &gt; Task Due Dates &gt; should detect due soon" time="0.000198041">
        </testcase>
        <testcase classname="tests/unit/tasks/tasks-module.test.ts" name="Tasks Module &gt; Task Subtasks &gt; should add subtask" time="0.000269917">
        </testcase>
        <testcase classname="tests/unit/tasks/tasks-module.test.ts" name="Tasks Module &gt; Task Subtasks &gt; should calculate progress" time="0.000246708">
        </testcase>
        <testcase classname="tests/unit/tasks/tasks-module.test.ts" name="Tasks Module &gt; Task Comments &gt; should add comment" time="0.000291708">
        </testcase>
        <testcase classname="tests/unit/tasks/tasks-module.test.ts" name="Tasks Module &gt; Task Comments &gt; should mention user" time="0.000271583">
        </testcase>
        <testcase classname="tests/unit/tasks/tasks-module.test.ts" name="Tasks Module &gt; Task Labels &gt; should add label" time="0.000220084">
        </testcase>
        <testcase classname="tests/unit/tasks/tasks-module.test.ts" name="Tasks Module &gt; Task Labels &gt; should filter by label" time="0.00021825">
        </testcase>
        <testcase classname="tests/unit/tasks/tasks-module.test.ts" name="Tasks Module &gt; Task Time Tracking &gt; should log time" time="0.004833458">
        </testcase>
        <testcase classname="tests/unit/tasks/tasks-module.test.ts" name="Tasks Module &gt; Task Time Tracking &gt; should calculate total time" time="0.000335917">
        </testcase>
    </testsuite>
    <testsuite name="tests/unit/utils/helpers.test.ts" timestamp="2026-01-30T02:32:52.712Z" hostname="MacBook-Pro-Piotr.local" tests="26" failures="0" errors="0" skipped="0" time="0.035342292">
        <testcase classname="tests/unit/utils/helpers.test.ts" name="Utility Helpers &gt; String Utilities &gt; should capitalize string" time="0.00150675">
        </testcase>
        <testcase classname="tests/unit/utils/helpers.test.ts" name="Utility Helpers &gt; String Utilities &gt; should truncate long string" time="0.000306541">
        </testcase>
        <testcase classname="tests/unit/utils/helpers.test.ts" name="Utility Helpers &gt; String Utilities &gt; should slugify string" time="0.000247459">
        </testcase>
        <testcase classname="tests/unit/utils/helpers.test.ts" name="Utility Helpers &gt; String Utilities &gt; should generate random string" time="0.000258">
        </testcase>
        <testcase classname="tests/unit/utils/helpers.test.ts" name="Utility Helpers &gt; Number Utilities &gt; should format number with commas" time="0.02107625">
        </testcase>
        <testcase classname="tests/unit/utils/helpers.test.ts" name="Utility Helpers &gt; Number Utilities &gt; should round to decimals" time="0.000525">
        </testcase>
        <testcase classname="tests/unit/utils/helpers.test.ts" name="Utility Helpers &gt; Number Utilities &gt; should clamp value" time="0.000205541">
        </testcase>
        <testcase classname="tests/unit/utils/helpers.test.ts" name="Utility Helpers &gt; Number Utilities &gt; should calculate percentage" time="0.000158416">
        </testcase>
        <testcase classname="tests/unit/utils/helpers.test.ts" name="Utility Helpers &gt; Date Utilities &gt; should format date" time="0.004980167">
        </testcase>
        <testcase classname="tests/unit/utils/helpers.test.ts" name="Utility Helpers &gt; Date Utilities &gt; should get days between dates" time="0.00029725">
        </testcase>
        <testcase classname="tests/unit/utils/helpers.test.ts" name="Utility Helpers &gt; Date Utilities &gt; should check if date is past" time="0.0001815">
        </testcase>
        <testcase classname="tests/unit/utils/helpers.test.ts" name="Utility Helpers &gt; Date Utilities &gt; should add days to date" time="0.000164125">
        </testcase>
        <testcase classname="tests/unit/utils/helpers.test.ts" name="Utility Helpers &gt; Array Utilities &gt; should remove duplicates" time="0.000809625">
        </testcase>
        <testcase classname="tests/unit/utils/helpers.test.ts" name="Utility Helpers &gt; Array Utilities &gt; should group by key" time="0.000227125">
        </testcase>
        <testcase classname="tests/unit/utils/helpers.test.ts" name="Utility Helpers &gt; Array Utilities &gt; should chunk array" time="0.000182541">
        </testcase>
        <testcase classname="tests/unit/utils/helpers.test.ts" name="Utility Helpers &gt; Array Utilities &gt; should flatten nested array" time="0.000181917">
        </testcase>
        <testcase classname="tests/unit/utils/helpers.test.ts" name="Utility Helpers &gt; Object Utilities &gt; should deep clone object" time="0.000145167">
        </testcase>
        <testcase classname="tests/unit/utils/helpers.test.ts" name="Utility Helpers &gt; Object Utilities &gt; should pick properties" time="0.000202833">
        </testcase>
        <testcase classname="tests/unit/utils/helpers.test.ts" name="Utility Helpers &gt; Object Utilities &gt; should omit properties" time="0.000159208">
        </testcase>
        <testcase classname="tests/unit/utils/helpers.test.ts" name="Utility Helpers &gt; Object Utilities &gt; should check if object is empty" time="0.00012525">
        </testcase>
        <testcase classname="tests/unit/utils/helpers.test.ts" name="Utility Helpers &gt; Validation Utilities &gt; should validate email" time="0.000175375">
        </testcase>
        <testcase classname="tests/unit/utils/helpers.test.ts" name="Utility Helpers &gt; Validation Utilities &gt; should validate URL" time="0.000131959">
        </testcase>
        <testcase classname="tests/unit/utils/helpers.test.ts" name="Utility Helpers &gt; Validation Utilities &gt; should validate phone number" time="0.000145041">
        </testcase>
        <testcase classname="tests/unit/utils/helpers.test.ts" name="Utility Helpers &gt; Formatting Utilities &gt; should format currency" time="0.000553">
        </testcase>
        <testcase classname="tests/unit/utils/helpers.test.ts" name="Utility Helpers &gt; Formatting Utilities &gt; should format file size" time="0.00017625">
        </testcase>
        <testcase classname="tests/unit/utils/helpers.test.ts" name="Utility Helpers &gt; Formatting Utilities &gt; should format duration" time="0.00014025">
        </testcase>
    </testsuite>
</testsuites>
[...]
e","User Preferences"],"fullName":"Settings & Configuration Module User Preferences should update settings","status":"passed","title":"should update settings","duration":0.3039169999999558,"failureMessages":[],"meta":{}},{"ancestorTitles":["Settings & Configuration Module","User Preferences"],"fullName":"Settings & Configuration Module User Preferences should validate settings schema","status":"passed","title":"should validate settings schema","duration":0.23583299999995688,"failureMessages":[],"meta":{}},{"ancestorTitles":["Settings & Configuration Module","User Preferences"],"fullName":"Settings & Configuration Module User Preferences should reset to defaults","status":"passed","title":"should reset to defaults","duration":0.20508300000005875,"failureMessages":[],"meta":{}},{"ancestorTitles":["Settings & Configuration Module","User Preferences"],"fullName":"Settings & Configuration Module User Preferences should merge partial updates","status":"passed","title":"should merge partial updates","duration":0.2619170000000395,"failureMessages":[],"meta":{}},{"ancestorTitles":["Settings & Configuration Module","Organization Settings"],"fullName":"Settings & Configuration Module Organization Settings should get org settings","status":"passed","title":"should get org settings","duration":0.18775000000005093,"failureMessages":[],"meta":{}},{"ancestorTitles":["Settings & Configuration Module","Organization Settings"],"fullName":"Settings & Configuration Module Organization Settings should validate domain","status":"passed","title":"should validate domain","duration":0.3495419999999285,"failureMessages":[],"meta":{}},{"ancestorTitles":["Settings & Configuration Module","Organization Settings"],"fullName":"Settings & Configuration Module Organization Settings should configure branding","status":"passed","title":"should configure branding","duration":0.1892089999998916,"failureMessages":[],"meta":{}},{"ancestorTitles":["Settings & Configuration Module","Organization Settings"],"fullName":"Settings & Configuration Module Organization Settings should manage feature flags","status":"passed","title":"should manage feature flags","duration":0.7041250000002037,"failureMessages":[],"meta":{}},{"ancestorTitles":["Settings & Configuration Module","API Configuration"],"fullName":"Settings & Configuration Module API Configuration should generate API key","status":"passed","title":"should generate API key","duration":0.21633399999996072,"failureMessages":[],"meta":{}},{"ancestorTitles":["Settings & Configuration Module","API Configuration"],"fullName":"Settings & Configuration Module API Configuration should set rate limits","status":"passed","title":"should set rate limits","duration":0.1432079999999587,"failureMessages":[],"meta":{}},{"ancestorTitles":["Settings & Configuration Module","API Configuration"],"fullName":"Settings & Configuration Module API Configuration should configure webhooks","status":"passed","title":"should configure webhooks","duration":0.39083400000004076,"failureMessages":[],"meta":{}},{"ancestorTitles":["Settings & Configuration Module","API Configuration"],"fullName":"Settings & Configuration Module API Configuration should validate webhook URL","status":"passed","title":"should validate webhook URL","duration":0.12745799999993324,"failureMessages":[],"meta":{}},{"ancestorTitles":["Settings & Configuration Module","API Configuration"],"fullName":"Settings & Configuration Module API Configuration should track API usage","status":"passed","title":"should track API usage","duration":0.15687500000012733,"failureMessages":[],"meta":{}},{"ancestorTitles":["Settings & Configuration Module","Integration Settings"],"fullName":"Settings & Configuration Module Integration Settings should configure OAuth connection","status":"passed","title":"should configure OAuth connection","duration":0.14470800000003692,"failureMessages":[],"meta":{}},{"ancestorTitles":["Settings & Configuration Module","Integration Settings"],"fullName":"Settings & Configuration Module Integration Settings should list available integrations","status":"passed","title":"should list available integrations","duration":0.1892920000000231,"failureMessages":[],"meta":{}},{"ancestorTitles":["Settings & Configuration Module","Integration Settings"],"fullName":"Settings & Configuration Module Integration Settings should sync integration data","status":"passed","title":"should sync integration data","duration":0.13516699999991033,"failureMessages":[],"meta":{}},{"ancestorTitles":["Settings & Configuration Module","Integration Settings"],"fullName":"Settings & Configuration Module Integration Settings should handle integration errors","status":"passed","title":"should handle integration errors","duration":0.13079199999992852,"failureMessages":[],"meta":{}},{"ancestorTitles":["Settings & Configuration Module","Security Settings"],"fullName":"Settings & Configuration Module Security Settings should configure password policy","status":"passed","title":"should configure password policy","duration":0.16558400000008078,"failureMessages":[],"meta":{}},{"ancestorTitles":["Settings & Configuration Module","Security Settings"],"fullName":"Settings & Configuration Module Security Settings should validate password against policy","status":"passed","title":"should validate password against policy","duration":0.20420800000010786,"failureMessages":[],"meta":{}},{"ancestorTitles":["Settings & Configuration Module","Security Settings"],"fullName":"Settings & Configuration Module Security Settings should configure MFA","status":"passed","title":"should configure MFA","duration":0.18095799999991868,"failureMessages":[],"meta":{}},{"ancestorTitles":["Settings & Configuration Module","Security Settings"],"fullName":"Settings & Configuration Module Security Settings should set session timeout","status":"passed","title":"should set session timeout","duration":0.13979200000017045,"failureMessages":[],"meta":{}},{"ancestorTitles":["Settings & Configuration Module","Security Settings"],"fullName":"Settings & Configuration Module Security Settings should configure IP allowlist","status":"passed","title":"should configure IP allowlist","duration":0.614084000000048,"failureMessages":[],"meta":{}},{"ancestorTitles":["Settings & Configuration Module","Notification Settings"],"fullName":"Settings & Configuration Module Notification Settings should configure notification channels","status":"passed","title":"should configure notification channels","duration":0.4920830000000933,"failureMessages":[],"meta":{}},{"ancestorTitles":["Settings & Configuration Module","Notification Settings"],"fullName":"Settings & Configuration Module Notification Settings should set digest preferences","status":"passed","title":"should set digest preferences","duration":0.2032090000000153,"failureMessages":[],"meta":{}},{"ancestorTitles":["Settings & Configuration Module","Notification Settings"],"fullName":"Settings & Configuration Module Notification Settings should configure quiet hours","status":"passed","title":"should configure quiet hours","duration":0.25329099999999016,"failureMessages":[],"meta":{}},{"ancestorTitles":["Settings & Configuration Module","Notification Settings"],"fullName":"Settings & Configuration Module Notification Settings should set per-project notifications","status":"passed","title":"should set per-project notifications","duration":0.31654200000002675,"failureMessages":[],"meta":{}},{"ancestorTitles":["Settings & Configuration Module","Export & Import"],"fullName":"Settings & Configuration Module Export & Import should export settings","status":"passed","title":"should export settings","duration":1.7321249999999964,"failureMessages":[],"meta":{}},{"ancestorTitles":["Settings & Configuration Module","Export & Import"],"fullName":"Settings & Configuration Module Export & Import should import settings","status":"passed","title":"should import settings","duration":0.20533399999999347,"failureMessages":[],"meta":{}},{"ancestorTitles":["Settings & Configuration Module","Export & Import"],"fullName":"Settings & Configuration Module Export & Import should validate imported settings","status":"passed","title":"should validate imported settings","duration":0.6068749999999454,"failureMessages":[],"meta":{}},{"ancestorTitles":["Settings & Configuration Module","Export & Import"],"fullName":"Settings & Configuration Module Export & Import should backup settings","status":"passed","title":"should backup settings","duration":0.3533749999999145,"failureMessages":[],"meta":{}}],"startTime":1769740372633,"endTime":1769740372645.3533,"status":"passed","message":"","name":"/Users/piotrwisniewski/Documents/Antygracity/DRD/consultify/tests/unit/settings/settings-module.test.ts"},{"assertionResults":[{"ancestorTitles":["Tasks Module","Task CRUD"],"fullName":"Tasks Module Task CRUD should create task","status":"passed","title":"should create task","duration":1.4915000000000873,"failureMessages":[],"meta":{}},{"ancestorTitles":["Tasks Module","Task CRUD"],"fullName":"Tasks Module Task CRUD should update task","status":"passed","title":"should update task","duration":0.9932079999998678,"failureMessages":[],"meta":{}},{"ancestorTitles":["Tasks Module","Task CRUD"],"fullName":"Tasks Module Task CRUD should complete task","status":"passed","title":"should complete task","duration":0.48633399999971516,"failureMessages":[],"meta":{}},{"ancestorTitles":["Tasks Module","Task CRUD"],"fullName":"Tasks Module Task CRUD should delete task","status":"passed","title":"should delete task","duration":1.1164590000003045,"failureMessages":[],"meta":{}},{"ancestorTitles":["Tasks Module","Task Assignment"],"fullName":"Tasks Module Task Assignment should assign task","status":"passed","title":"should assign task","duration":0.30158399999982066,"failureMessages":[],"meta":{}},{"ancestorTitles":["Tasks Module","Task Assignment"],"fullName":"Tasks Module Task Assignment should reassign task","status":"passed","title":"should reassign task","duration":0.20945799999981318,"failureMessages":[],"meta":{}},{"ancestorTitles":["Tasks Module","Task Assignment"],"fullName":"Tasks Module Task Assignment should list my tasks","status":"passed","title":"should list my tasks","duration":0.28037499999982174,"failureMessages":[],"meta":{}},{"ancestorTitles":["Tasks Module","Task Prioritization"],"fullName":"Tasks Module Task Prioritization should set priority","status":"passed","title":"should set priority","duration":0.583791999999903,"failureMessages":[],"meta":{}},{"ancestorTitles":["Tasks Module","Task Prioritization"],"fullName":"Tasks Module Task Prioritization should sort by priority","status":"passed","title":"should sort by priority","duration":0.3077909999997246,"failureMessages":[],"meta":{}},{"ancestorTitles":["Tasks Module","Task Due Dates"],"fullName":"Tasks Module Task Due Dates should set due date","status":"passed","title":"should set due date","duration":0.2709999999997308,"failureMessages":[],"meta":{}},{"ancestorTitles":["Tasks Module","Task Due Dates"],"fullName":"Tasks Module Task Due Dates should detect overdue","status":"passed","title":"should detect overdue","duration":0.20645799999965675,"failureMessages":[],"meta":{}},{"ancestorTitles":["Tasks Module","Task Due Dates"],"fullName":"Tasks Module Task Due Dates should detect due soon","status":"passed","title":"should detect due soon","duration":0.19804100000010294,"failureMessages":[],"meta":{}},{"ancestorTitles":["Tasks Module","Task Subtasks"],"fullName":"Tasks Module Task Subtasks should add subtask","status":"passed","title":"should add subtask","duration":0.26991699999962293,"failureMessages":[],"meta":{}},{"ancestorTitles":["Tasks Module","Task Subtasks"],"fullName":"Tasks Module Task Subtasks should calculate progress","status":"passed","title":"should calculate progress","duration":0.24670800000012605,"failureMessages":[],"meta":{}},{"ancestorTitles":["Tasks Module","Task Comments"],"fullName":"Tasks Module Task Comments should add comment","status":"passed","title":"should add comment","duration":0.29170799999974406,"failureMessages":[],"meta":{}},{"ancestorTitles":["Tasks Module","Task Comments"],"fullName":"Tasks Module Task Comments should mention user","status":"passed","title":"should mention user","duration":0.27158300000019153,"failureMessages":[],"meta":{}},{"ancestorTitles":["Tasks Module","Task Labels"],"fullName":"Tasks Module Task Labels should add label","status":"passed","title":"should add label","duration":0.22008400000004258,"failureMessages":[],"meta":{}},{"ancestorTitles":["Tasks Module","Task Labels"],"fullName":"Tasks Module Task Labels should filter by label","status":"passed","title":"should filter by label","duration":0.21824999999989814,"failureMessages":[],"meta":{}},{"ancestorTitles":["Tasks Module","Task Time Tracking"],"fullName":"Tasks Module Task Time Tracking should log time","status":"passed","title":"should log time","duration":4.833458000000064,"failureMessages":[],"meta":{}},{"ancestorTitles":["Tasks Module","Task Time Tracking"],"fullName":"Tasks Module Task Time Tracking should calculate total time","status":"passed","title":"should calculate total time","duration":0.335917000000336,"failureMessages":[],"meta":{}}],"startTime":1769740371147,"endTime":1769740371160.336,"status":"passed","message":"","name":"/Users/piotrwisniewski/Documents/Antygracity/DRD/consultify/tests/unit/tasks/tasks-module.test.ts"},{"assertionResults":[{"ancestorTitles":["Utility Helpers","String Utilities"],"fullName":"Utility Helpers String Utilities should capitalize string","status":"passed","title":"should capitalize string","duration":1.506750000000011,"failureMessages":[],"meta":{}},{"ancestorTitles":["Utility Helpers","String Utilities"],"fullName":"Utility Helpers String Utilities should truncate long string","status":"passed","title":"should truncate long string","duration":0.3065409999999247,"failureMessages":[],"meta":{}},{"ancestorTitles":["Utility Helpers","String Utilities"],"fullName":"Utility Helpers String Utilities should slugify string","status":"passed","title":"should slugify string","duration":0.24745900000016263,"failureMessages":[],"meta":{}},{"ancestorTitles":["Utility Helpers","String Utilities"],"fullName":"Utility Helpers String Utilities should generate random string","status":"passed","title":"should generate random string","duration":0.2579999999998108,"failureMessages":[],"meta":{}},{"ancestorTitles":["Utility Helpers","Number Utilities"],"fullName":"Utility Helpers Number Utilities should format number with commas","status":"passed","title":"should format number with commas","duration":21.076250000000073,"failureMessages":[],"meta":{}},{"ancestorTitles":["Utility Helpers","Number Utilities"],"fullName":"Utility Helpers Number Utilities should round to decimals","status":"passed","title":"should round to decimals","duration":0.525000000000091,"failureMessages":[],"meta":{}},{"ancestorTitles":["Utility Helpers","Number Utilities"],"fullName":"Utility Helpers Number Utilities should clamp value","status":"passed","title":"should clamp value","duration":0.2055409999998119,"failureMessages":[],"meta":{}},{"ancestorTitles":["Utility Helpers","Number Utilities"],"fullName":"Utility Helpers Number Utilities should calculate percentage","status":"passed","title":"should calculate percentage","duration":0.15841600000021572,"failureMessages":[],"meta":{}},{"ancestorTitles":["Utility Helpers","Date Utilities"],"fullName":"Utility Helpers Date Utilities should format date","status":"passed","title":"should format date","duration":4.980167000000165,"failureMessages":[],"meta":{}},{"ancestorTitles":["Utility Helpers","Date Utilities"],"fullName":"Utility Helpers Date Utilities should get days between dates","status":"passed","title":"should get days between dates","duration":0.2972500000000764,"failureMessages":[],"meta":{}},{"ancestorTitles":["Utility Helpers","Date Utilities"],"fullName":"Utility Helpers Date Utilities should check if date is past","status":"passed","title":"should check if date is past","duration":0.18150000000014188,"failureMessages":[],"meta":{}},{"ancestorTitles":["Utility Helpers","Date Utilities"],"fullName":"Utility Helpers Date Utilities should add days to date","status":"passed","title":"should add days to date","duration":0.1641250000002401,"failureMessages":[],"meta":{}},{"ancestorTitles":["Utility Helpers","Array Utilities"],"fullName":"Utility Helpers Array Utilities should remove duplicates","status":"passed","title":"should remove duplicates","duration":0.809624999999869,"failureMessages":[],"meta":{}},{"ancestorTitles":["Utility Helpers","Array Utilities"],"fullName":"Utility Helpers Array Utilities should group by key","status":"passed","title":"should group by key","duration":0.22712499999988722,"failureMessages":[],"meta":{}},{"ancestorTitles":["Utility Helpers","Array Utilities"],"fullName":"Utility Helpers Array Utilities should chunk array","status":"passed","title":"should chunk array","duration":0.1825410000001284,"failureMessages":[],"meta":{}},{"ancestorTitles":["Utility Helpers","Array Utilities"],"fullName":"Utility Helpers Array Utilities should flatten nested array","status":"passed","title":"should flatten nested array","duration":0.18191699999988487,"failureMessages":[],"meta":{}},{"ancestorTitles":["Utility Helpers","Object Utilities"],"fullName":"Utility Helpers Object Utilities should deep clone object","status":"passed","title":"should deep clone object","duration":0.1451670000001286,"failureMessages":[],"meta":{}},{"ancestorTitles":["Utility Helpers","Object Utilities"],"fullName":"Utility Helpers Object Utilities should pick properties","status":"passed","title":"should pick properties","duration":0.20283299999982773,"failureMessages":[],"meta":{}},{"ancestorTitles":["Utility Helpers","Object Utilities"],"fullName":"Utility Helpers Object Utilities should omit properties","status":"passed","title":"should omit properties","duration":0.1592080000000351,"failureMessages":[],"meta":{}},{"ancestorTitles":["Utility Helpers","Object Utilities"],"fullName":"Utility Helpers Object Utilities should check if object is empty","status":"passed","title":"should check if object is empty","duration":0.12525000000005093,"failureMessages":[],"meta":{}},{"ancestorTitles":["Utility Helpers","Validation Utilities"],"fullName":"Utility Helpers Validation Utilities should validate email","status":"passed","title":"should validate email","duration":0.1753750000002583,"failureMessages":[],"meta":{}},{"ancestorTitles":["Utility Helpers","Validation Utilities"],"fullName":"Utility Helpers Validation Utilities should validate URL","status":"passed","title":"should validate URL","duration":0.1319589999998243,"failureMessages":[],"meta":{}},{"ancestorTitles":["Utility Helpers","Validation Utilities"],"fullName":"Utility Helpers Validation Utilities should validate phone number","status":"passed","title":"should validate phone number","duration":0.1450409999997646,"failureMessages":[],"meta":{}},{"ancestorTitles":["Utility Helpers","Formatting Utilities"],"fullName":"Utility Helpers Formatting Utilities should format currency","status":"passed","title":"should format currency","duration":0.5529999999998836,"failureMessages":[],"meta":{}},{"ancestorTitles":["Utility Helpers","Formatting Utilities"],"fullName":"Utility Helpers Formatting Utilities should format file size","status":"passed","title":"should format file size","duration":0.1762499999999818,"failureMessages":[],"meta":{}},{"ancestorTitles":["Utility Helpers","Formatting Utilities"],"fullName":"Utility Helpers Formatting Utilities should format duration","status":"passed","title":"should format duration","duration":0.1402499999999236,"failureMessages":[],"meta":{}}],"startTime":1769740371147,"endTime":1769740371181.1763,"status":"passed","message":"","name":"/Users/piotrwisniewski/Documents/Antygracity/DRD/consultify/tests/unit/utils/helpers.test.ts"}]}