<?xml version="1.0" encoding="UTF-8" ?>
<testsuites name="vitest tests" tests="22" failures="12" errors="0" time="83.683007376">
    <testsuite name="tests/integration/api.test.ts" timestamp="2025-12-11T12:21:31.676Z" hostname="Air-Piotr.lan" tests="2" failures="2" errors="0" skipped="0" time="10.089509042">
        <testcase classname="tests/integration/api.test.ts" name="Integration Test: API Health &gt; GET /health should return 200 OK" time="5.003564667">
            <system-out>
Connected to the SQLite database.
Created billing tables and seeded default subscription plans.

            </system-out>
            <system-err>
AggregateError: 
[90m    at internalConnectMultiple (node:net:1134:18)[39m
[90m    at afterConnectMultiple (node:net:1715:7)[39m {
  code: [32m&apos;ECONNREFUSED&apos;[39m,
  [errors]: [
    Error: connect ECONNREFUSED ::1:6379
    [90m    at createConnectionError (node:net:1678:14)[39m
    [90m    at afterConnectMultiple (node:net:1708:16)[39m {
      errno: [33m-61[39m,
      code: [32m&apos;ECONNREFUSED&apos;[39m,
      syscall: [32m&apos;connect&apos;[39m,
      address: [32m&apos;::1&apos;[39m,
      port: [33m6379[39m
    },
    Error: connect ECONNREFUSED 127.0.0.1:6379
    [90m    at createConnectionError (node:net:1678:14)[39m
    [90m    at afterConnectMultiple (node:net:1708:16)[39m {
      errno: [33m-61[39m,
      code: [32m&apos;ECONNREFUSED&apos;[39m,
      syscall: [32m&apos;connect&apos;[39m,
      address: [32m&apos;127.0.0.1&apos;[39m,
      port: [33m6379[39m
    }
  ]
}

[Redis] Client Error AggregateError: 
[90m    at internalConnectMultiple (node:net:1134:18)[39m
[90m    at afterConnectMultiple (node:net:1715:7)[39m {
  code: [32m&apos;ECONNREFUSED&apos;[39m,
  [errors]: [
    Error: connect ECONNREFUSED ::1:6379
    [90m    at createConnectionError (node:net:1678:14)[39m
    [90m    at afterConnectMultiple (node:net:1708:16)[39m {
      errno: [33m-61[39m,
      code: [32m&apos;ECONNREFUSED&apos;[39m,
      syscall: [32m&apos;connect&apos;[39m,
      address: [32m&apos;::1&apos;[39m,
      port: [33m6379[39m
    },
    Error: connect ECONNREFUSED 127.0.0.1:6379
    [90m    at createConnectionError (node:net:1678:14)[39m
    [90m    at afterConnectMultiple (node:net:1708:16)[39m {
      errno: [33m-61[39m,
      code: [32m&apos;ECONNREFUSED&apos;[39m,
      syscall: [32m&apos;connect&apos;[39m,
      address: [32m&apos;127.0.0.1&apos;[39m,
      port: [33m6379[39m
    }
  ]
}

[Redis] Client Error AggregateError: 
[90m    at internalConnectMultiple (node:net:1134:18)[39m
[90m    at afterConnectMultiple (node:net:1715:7)[39m {
  code: [32m&apos;ECONNREFUSED&apos;[39m,
  [errors]: [
    Error: connect ECONNREFUSED ::1:6379
    [90m    at createConnectionError (node:net:1678:14)[39m
    [90m    at afterConnectMultiple (node:net:1708:16)[39m {
      errno: [33m-61[39m,
      code: [32m&apos;ECONNREFUSED&apos;[39m,
      syscall: [32m&apos;connect&apos;[39m,
      address: [32m&apos;::1&apos;[39m,
      port: [33m6379[39m
    },
    Error: connect ECONNREFUSED 127.0.0.1:6379
    [90m    at createConnectionError (node:net:1678:14)[39m
    [90m    at afterConnectMultiple (node:net:1708:16)[39m {
      errno: [33m-61[39m,
      code: [32m&apos;ECONNREFUSED&apos;[39m,
      syscall: [32m&apos;connect&apos;[39m,
      address: [32m&apos;127.0.0.1&apos;[39m,
      port: [33m6379[39m
    }
  ]
}

[Redis] Client Error AggregateError: 
[90m    at internalConnectMultiple (node:net:1134:18)[39m
[90m    at afterConnectMultiple (node:net:1715:7)[39m {
  code: [32m&apos;ECONNREFUSED&apos;[39m,
  [errors]: [
    Error: connect ECONNREFUSED ::1:6379
    [90m    at createConnectionError (node:net:1678:14)[39m
    [90m    at afterConnectMultiple (node:net:1708:16)[39m {
      errno: [33m-61[39m,
      code: [32m&apos;ECONNREFUSED&apos;[39m,
      syscall: [32m&apos;connect&apos;[39m,
      address: [32m&apos;::1&apos;[39m,
      port: [33m6379[39m
    },
    Error: connect ECONNREFUSED 127.0.0.1:6379
    [90m    at createConnectionError (node:net:1678:14)[39m
    [90m    at afterConnectMultiple (node:net:1708:16)[39m {
      errno: [33m-61[39m,
      code: [32m&apos;ECONNREFUSED&apos;[39m,
      syscall: [32m&apos;connect&apos;[39m,
      address: [32m&apos;127.0.0.1&apos;[39m,
      port: [33m6379[39m
    }
  ]
}

[Redis] Client Error AggregateError: 
[90m    at internalConnectMultiple (node:net:1134:18)[39m
[90m    at afterConnectMultiple (node:net:1715:7)[39m {
  code: [32m&apos;ECONNREFUSED&apos;[39m,
  [errors]: [
    Error: connect ECONNREFUSED ::1:6379
    [90m    at createConnectionError (node:net:1678:14)[39m
    [90m    at afterConnectMultiple (node:net:1708:16)[39m {
      errno: [33m-61[39m,
      code: [32m&apos;ECONNREFUSED&apos;[39m,
      syscall: [32m&apos;connect&apos;[39m,
      address: [32m&apos;::1&apos;[39m,
      port: [33m6379[39m
    },
    Error: connect ECONNREFUSED 127.0.0.1:6379
    [90m    at createConnectionError (node:net:1678:14)[39m
    [90m    at afterConnectMultiple (node:net:1708:16)[39m {
      errno: [33m-61[39m,
      code: [32m&apos;ECONNREFUSED&apos;[39m,
      syscall: [32m&apos;connect&apos;[39m,
      address: [32m&apos;127.0.0.1&apos;[39m,
      port: [33m6379[39m
    }
  ]
}

AggregateError: 
[90m    at internalConnectMultiple (node:net:1134:18)[39m
[90m    at afterConnectMultiple (node:net:1715:7)[39m {
  code: [32m&apos;ECONNREFUSED&apos;[39m,
  [errors]: [
    Error: connect ECONNREFUSED ::1:6379
    [90m    at createConnectionError (node:net:1678:14)[39m
    [90m    at afterConnectMultiple (node:net:1708:16)[39m {
      errno: [33m-61[39m,
      code: [32m&apos;ECONNREFUSED&apos;[39m,
      syscall: [32m&apos;connect&apos;[39m,
      address: [32m&apos;::1&apos;[39m,
      port: [33m6379[39m
    },
    Error: connect ECONNREFUSED 127.0.0.1:6379
    [90m    at createConnectionError (node:net:1678:14)[39m
    [90m    at afterConnectMultiple (node:net:1708:16)[39m {
      errno: [33m-61[39m,
      code: [32m&apos;ECONNREFUSED&apos;[39m,
      syscall: [32m&apos;connect&apos;[39m,
      address: [32m&apos;127.0.0.1&apos;[39m,
      port: [33m6379[39m
    }
  ]
}

[Redis] Client Error AggregateError: 
[90m    at internalConnectMultiple (node:net:1134:18)[39m
[90m    at afterConnectMultiple (node:net:1715:7)[39m {
  code: [32m&apos;ECONNREFUSED&apos;[39m,
  [errors]: [
    Error: connect ECONNREFUSED ::1:6379
    [90m    at createConnectionError (node:net:1678:14)[39m
    [90m    at afterConnectMultiple (node:net:1708:16)[39m {
      errno: [33m-61[39m,
      code: [32m&apos;ECONNREFUSED&apos;[39m,
      syscall: [32m&apos;connect&apos;[39m,
      address: [32m&apos;::1&apos;[39m,
      port: [33m6379[39m
    },
    Error: connect ECONNREFUSED 127.0.0.1:6379
    [90m    at createConnectionError (node:net:1678:14)[39m
    [90m    at afterConnectMultiple (node:net:1708:16)[39m {
      errno: [33m-61[39m,
      code: [32m&apos;ECONNREFUSED&apos;[39m,
      syscall: [32m&apos;connect&apos;[39m,
      address: [32m&apos;127.0.0.1&apos;[39m,
      port: [33m6379[39m
    }
  ]
}

AggregateError: 
[90m    at internalConnectMultiple (node:net:1134:18)[39m
[90m    at afterConnectMultiple (node:net:1715:7)[39m {
  code: [32m&apos;ECONNREFUSED&apos;[39m,
  [errors]: [
    Error: connect ECONNREFUSED ::1:6379
    [90m    at createConnectionError (node:net:1678:14)[39m
    [90m    at afterConnectMultiple (node:net:1708:16)[39m {
      errno: [33m-61[39m,
      code: [32m&apos;ECONNREFUSED&apos;[39m,
      syscall: [32m&apos;connect&apos;[39m,
      address: [32m&apos;::1&apos;[39m,
      port: [33m6379[39m
    },
    Error: connect ECONNREFUSED 127.0.0.1:6379
    [90m    at createConnectionError (node:net:1678:14)[39m
    [90m    at afterConnectMultiple (node:net:1708:16)[39m {
      errno: [33m-61[39m,
      code: [32m&apos;ECONNREFUSED&apos;[39m,
      syscall: [32m&apos;connect&apos;[39m,
      address: [32m&apos;127.0.0.1&apos;[39m,
      port: [33m6379[39m
    }
  ]
}

AggregateError: 
[90m    at internalConnectMultiple (node:net:1134:18)[39m
[90m    at afterConnectMultiple (node:net:1715:7)[39m {
  code: [32m&apos;ECONNREFUSED&apos;[39m,
  [errors]: [
    Error: connect ECONNREFUSED ::1:6379
    [90m    at createConnectionError (node:net:1678:14)[39m
    [90m    at afterConnectMultiple (node:net:1708:16)[39m {
      errno: [33m-61[39m,
      code: [32m&apos;ECONNREFUSED&apos;[39m,
      syscall: [32m&apos;connect&apos;[39m,
      address: [32m&apos;::1&apos;[39m,
      port: [33m6379[39m
    },
    Error: connect ECONNREFUSED 127.0.0.1:6379
    [90m    at createConnectionError (node:net:1678:14)[39m
    [90m    at afterConnectMultiple (node:net:1708:16)[39m {
      errno: [33m-61[39m,
      code: [32m&apos;ECONNREFUSED&apos;[39m,
      syscall: [32m&apos;connect&apos;[39m,
      address: [32m&apos;127.0.0.1&apos;[39m,
      port: [33m6379[39m
    }
  ]
}

[Redis] Client Error AggregateError: 
[90m    at internalConnectMultiple (node:net:1134:18)[39m
[90m    at afterConnectMultiple (node:net:1715:7)[39m {
  code: [32m&apos;ECONNREFUSED&apos;[39m,
  [errors]: [
    Error: connect ECONNREFUSED ::1:6379
    [90m    at createConnectionError (node:net:1678:14)[39m
    [90m    at afterConnectMultiple (node:net:1708:16)[39m {
      errno: [33m-61[39m,
      code: [32m&apos;ECONNREFUSED&apos;[39m,
      syscall: [32m&apos;connect&apos;[39m,
      address: [32m&apos;::1&apos;[39m,
      port: [33m6379[39m
    },
    Error: connect ECONNREFUSED 127.0.0.1:6379
    [90m    at createConnectionError (node:net:1678:14)[39m
    [90m    at afterConnectMultiple (node:net:1708:16)[39m {
      errno: [33m-61[39m,
      code: [32m&apos;ECONNREFUSED&apos;[39m,
      syscall: [32m&apos;connect&apos;[39m,
      address: [32m&apos;127.0.0.1&apos;[39m,
      port: [33m6379[39m
    }
  ]
}

AggregateError: 
[90m    at internalConnectMultiple (node:net:1134:18)[39m
[90m    at afterConnectMultiple (node:net:1715:7)[39m {
  code: [32m&apos;ECONNREFUSED&apos;[39m,
  [errors]: [
    Error: connect ECONNREFUSED ::1:6379
    [90m    at createConnectionError (node:net:1678:14)[39m
    [90m    at afterConnectMultiple (node:net:1708:16)[39m {
      errno: [33m-61[39m,
      code: [32m&apos;ECONNREFUSED&apos;[39m,
      syscall: [32m&apos;connect&apos;[39m,
      address: [32m&apos;::1&apos;[39m,
      port: [33m6379[39m
    },
    Error: connect ECONNREFUSED 127.0.0.1:6379
    [90m    at createConnectionError (node:net:1678:14)[39m
    [90m    at afterConnectMultiple (node:net:1708:16)[39m {
      errno: [33m-61[39m,
      code: [32m&apos;ECONNREFUSED&apos;[39m,
      syscall: [32m&apos;connect&apos;[39m,
      address: [32m&apos;127.0.0.1&apos;[39m,
      port: [33m6379[39m
    }
  ]
}

            </system-err>
            <failure message="Test timed out in 5000ms.
If this is a long-running test, pass a timeout value as the last argument or configure it globally with &quot;testTimeout&quot;." type="Error">
Error: Test timed out in 5000ms.
If this is a long-running test, pass a timeout value as the last argument or configure it globally with &quot;testTimeout&quot;.
 ❯ tests/integration/api.test.ts:9:5
            </failure>
        </testcase>
        <testcase classname="tests/integration/api.test.ts" name="Integration Test: API Health &gt; GET /non-existent-route should return 404 (handled by catchall serving index.html)" time="5.069934">
            <system-err>
AggregateError: 
[90m    at internalConnectMultiple (node:net:1134:18)[39m
[90m    at afterConnectMultiple (node:net:1715:7)[39m {
  code: [32m&apos;ECONNREFUSED&apos;[39m,
  [errors]: [
    Error: connect ECONNREFUSED ::1:6379
    [90m    at createConnectionError (node:net:1678:14)[39m
    [90m    at afterConnectMultiple (node:net:1708:16)[39m {
      errno: [33m-61[39m,
      code: [32m&apos;ECONNREFUSED&apos;[39m,
      syscall: [32m&apos;connect&apos;[39m,
      address: [32m&apos;::1&apos;[39m,
      port: [33m6379[39m
    },
    Error: connect ECONNREFUSED 127.0.0.1:6379
    [90m    at createConnectionError (node:net:1678:14)[39m
    [90m    at afterConnectMultiple (node:net:1708:16)[39m {
      errno: [33m-61[39m,
      code: [32m&apos;ECONNREFUSED&apos;[39m,
      syscall: [32m&apos;connect&apos;[39m,
      address: [32m&apos;127.0.0.1&apos;[39m,
      port: [33m6379[39m
    }
  ]
}

[Redis] Client Error AggregateError: 
[90m    at internalConnectMultiple (node:net:1134:18)[39m
[90m    at afterConnectMultiple (node:net:1715:7)[39m {
  code: [32m&apos;ECONNREFUSED&apos;[39m,
  [errors]: [
    Error: connect ECONNREFUSED ::1:6379
    [90m    at createConnectionError (node:net:1678:14)[39m
    [90m    at afterConnectMultiple (node:net:1708:16)[39m {
      errno: [33m-61[39m,
      code: [32m&apos;ECONNREFUSED&apos;[39m,
      syscall: [32m&apos;connect&apos;[39m,
      address: [32m&apos;::1&apos;[39m,
      port: [33m6379[39m
    },
    Error: connect ECONNREFUSED 127.0.0.1:6379
    [90m    at createConnectionError (node:net:1678:14)[39m
    [90m    at afterConnectMultiple (node:net:1708:16)[39m {
      errno: [33m-61[39m,
      code: [32m&apos;ECONNREFUSED&apos;[39m,
      syscall: [32m&apos;connect&apos;[39m,
      address: [32m&apos;127.0.0.1&apos;[39m,
      port: [33m6379[39m
    }
  ]
}

AggregateError: 
[90m    at internalConnectMultiple (node:net:1134:18)[39m
[90m    at afterConnectMultiple (node:net:1715:7)[39m {
  code: [32m&apos;ECONNREFUSED&apos;[39m,
  [errors]: [
    Error: connect ECONNREFUSED ::1:6379
    [90m    at createConnectionError (node:net:1678:14)[39m
    [90m    at afterConnectMultiple (node:net:1708:16)[39m {
      errno: [33m-61[39m,
      code: [32m&apos;ECONNREFUSED&apos;[39m,
      syscall: [32m&apos;connect&apos;[39m,
      address: [32m&apos;::1&apos;[39m,
      port: [33m6379[39m
    },
    Error: connect ECONNREFUSED 127.0.0.1:6379
    [90m    at createConnectionError (node:net:1678:14)[39m
    [90m    at afterConnectMultiple (node:net:1708:16)[39m {
      errno: [33m-61[39m,
      code: [32m&apos;ECONNREFUSED&apos;[39m,
      syscall: [32m&apos;connect&apos;[39m,
      address: [32m&apos;127.0.0.1&apos;[39m,
      port: [33m6379[39m
    }
  ]
}

AggregateError: 
[90m    at internalConnectMultiple (node:net:1134:18)[39m
[90m    at afterConnectMultiple (node:net:1715:7)[39m {
  code: [32m&apos;ECONNREFUSED&apos;[39m,
  [errors]: [
    Error: connect ECONNREFUSED ::1:6379
    [90m    at createConnectionError (node:net:1678:14)[39m
    [90m    at afterConnectMultiple (node:net:1708:16)[39m {
      errno: [33m-61[39m,
      code: [32m&apos;ECONNREFUSED&apos;[39m,
      syscall: [32m&apos;connect&apos;[39m,
      address: [32m&apos;::1&apos;[39m,
      port: [33m6379[39m
    },
    Error: connect ECONNREFUSED 127.0.0.1:6379
    [90m    at createConnectionError (node:net:1678:14)[39m
    [90m    at afterConnectMultiple (node:net:1708:16)[39m {
      errno: [33m-61[39m,
      code: [32m&apos;ECONNREFUSED&apos;[39m,
      syscall: [32m&apos;connect&apos;[39m,
      address: [32m&apos;127.0.0.1&apos;[39m,
      port: [33m6379[39m
    }
  ]
}

[Redis] Client Error AggregateError: 
[90m    at internalConnectMultiple (node:net:1134:18)[39m
[90m    at afterConnectMultiple (node:net:1715:7)[39m {
  code: [32m&apos;ECONNREFUSED&apos;[39m,
  [errors]: [
    Error: connect ECONNREFUSED ::1:6379
    [90m    at createConnectionError (node:net:1678:14)[39m
    [90m    at afterConnectMultiple (node:net:1708:16)[39m {
      errno: [33m-61[39m,
      code: [32m&apos;ECONNREFUSED&apos;[39m,
      syscall: [32m&apos;connect&apos;[39m,
      address: [32m&apos;::1&apos;[39m,
      port: [33m6379[39m
    },
    Error: connect ECONNREFUSED 127.0.0.1:6379
    [90m    at createConnectionError (node:net:1678:14)[39m
    [90m    at afterConnectMultiple (node:net:1708:16)[39m {
      errno: [33m-61[39m,
      code: [32m&apos;ECONNREFUSED&apos;[39m,
      syscall: [32m&apos;connect&apos;[39m,
      address: [32m&apos;127.0.0.1&apos;[39m,
      port: [33m6379[39m
    }
  ]
}

            </system-err>
            <failure message="Test timed out in 5000ms.
If this is a long-running test, pass a timeout value as the last argument or configure it globally with &quot;testTimeout&quot;." type="Error">
Error: Test timed out in 5000ms.
If this is a long-running test, pass a timeout value as the last argument or configure it globally with &quot;testTimeout&quot;.
 ❯ tests/integration/api.test.ts:15:5
            </failure>
        </testcase>
    </testsuite>
    <testsuite name="tests/integration/auth.test.js" timestamp="2025-12-11T12:21:31.686Z" hostname="Air-Piotr.lan" tests="4" failures="4" errors="0" skipped="0" time="21.859961208">
        <testcase classname="tests/integration/auth.test.js" name="Auth Integration &gt; should login successfully with valid credentials" time="5.021267209">
            <system-err>
[Redis] Client Error AggregateError: 
[90m    at internalConnectMultiple (node:net:1134:18)[39m
[90m    at afterConnectMultiple (node:net:1715:7)[39m {
  code: [32m&apos;ECONNREFUSED&apos;[39m,
  [errors]: [
    Error: connect ECONNREFUSED ::1:6379
    [90m    at createConnectionError (node:net:1678:14)[39m
    [90m    at afterConnectMultiple (node:net:1708:16)[39m {
      errno: [33m-61[39m,
      code: [32m&apos;ECONNREFUSED&apos;[39m,
      syscall: [32m&apos;connect&apos;[39m,
      address: [32m&apos;::1&apos;[39m,
      port: [33m6379[39m
    },
    Error: connect ECONNREFUSED 127.0.0.1:6379
    [90m    at createConnectionError (node:net:1678:14)[39m
    [90m    at afterConnectMultiple (node:net:1708:16)[39m {
      errno: [33m-61[39m,
      code: [32m&apos;ECONNREFUSED&apos;[39m,
      syscall: [32m&apos;connect&apos;[39m,
      address: [32m&apos;127.0.0.1&apos;[39m,
      port: [33m6379[39m
    }
  ]
}

AggregateError: 
[90m    at internalConnectMultiple (node:net:1134:18)[39m
[90m    at afterConnectMultiple (node:net:1715:7)[39m {
  code: [32m&apos;ECONNREFUSED&apos;[39m,
  [errors]: [
    Error: connect ECONNREFUSED ::1:6379
    [90m    at createConnectionError (node:net:1678:14)[39m
    [90m    at afterConnectMultiple (node:net:1708:16)[39m {
      errno: [33m-61[39m,
      code: [32m&apos;ECONNREFUSED&apos;[39m,
      syscall: [32m&apos;connect&apos;[39m,
      address: [32m&apos;::1&apos;[39m,
      port: [33m6379[39m
    },
    Error: connect ECONNREFUSED 127.0.0.1:6379
    [90m    at createConnectionError (node:net:1678:14)[39m
    [90m    at afterConnectMultiple (node:net:1708:16)[39m {
      errno: [33m-61[39m,
      code: [32m&apos;ECONNREFUSED&apos;[39m,
      syscall: [32m&apos;connect&apos;[39m,
      address: [32m&apos;127.0.0.1&apos;[39m,
      port: [33m6379[39m
    }
  ]
}

[Redis] Client Error AggregateError: 
[90m    at internalConnectMultiple (node:net:1134:18)[39m
[90m    at afterConnectMultiple (node:net:1715:7)[39m {
  code: [32m&apos;ECONNREFUSED&apos;[39m,
  [errors]: [
    Error: connect ECONNREFUSED ::1:6379
    [90m    at createConnectionError (node:net:1678:14)[39m
    [90m    at afterConnectMultiple (node:net:1708:16)[39m {
      errno: [33m-61[39m,
      code: [32m&apos;ECONNREFUSED&apos;[39m,
      syscall: [32m&apos;connect&apos;[39m,
      address: [32m&apos;::1&apos;[39m,
      port: [33m6379[39m
    },
    Error: connect ECONNREFUSED 127.0.0.1:6379
    [90m    at createConnectionError (node:net:1678:14)[39m
    [90m    at afterConnectMultiple (node:net:1708:16)[39m {
      errno: [33m-61[39m,
      code: [32m&apos;ECONNREFUSED&apos;[39m,
      syscall: [32m&apos;connect&apos;[39m,
      address: [32m&apos;127.0.0.1&apos;[39m,
      port: [33m6379[39m
    }
  ]
}

AggregateError: 
[90m    at internalConnectMultiple (node:net:1134:18)[39m
[90m    at afterConnectMultiple (node:net:1715:7)[39m {
  code: [32m&apos;ECONNREFUSED&apos;[39m,
  [errors]: [
    Error: connect ECONNREFUSED ::1:6379
    [90m    at createConnectionError (node:net:1678:14)[39m
    [90m    at afterConnectMultiple (node:net:1708:16)[39m {
      errno: [33m-61[39m,
      code: [32m&apos;ECONNREFUSED&apos;[39m,
      syscall: [32m&apos;connect&apos;[39m,
      address: [32m&apos;::1&apos;[39m,
      port: [33m6379[39m
    },
    Error: connect ECONNREFUSED 127.0.0.1:6379
    [90m    at createConnectionError (node:net:1678:14)[39m
    [90m    at afterConnectMultiple (node:net:1708:16)[39m {
      errno: [33m-61[39m,
      code: [32m&apos;ECONNREFUSED&apos;[39m,
      syscall: [32m&apos;connect&apos;[39m,
      address: [32m&apos;127.0.0.1&apos;[39m,
      port: [33m6379[39m
    }
  ]
}

[Redis] Client Error AggregateError: 
[90m    at internalConnectMultiple (node:net:1134:18)[39m
[90m    at afterConnectMultiple (node:net:1715:7)[39m {
  code: [32m&apos;ECONNREFUSED&apos;[39m,
  [errors]: [
    Error: connect ECONNREFUSED ::1:6379
    [90m    at createConnectionError (node:net:1678:14)[39m
    [90m    at afterConnectMultiple (node:net:1708:16)[39m {
      errno: [33m-61[39m,
      code: [32m&apos;ECONNREFUSED&apos;[39m,
      syscall: [32m&apos;connect&apos;[39m,
      address: [32m&apos;::1&apos;[39m,
      port: [33m6379[39m
    },
    Error: connect ECONNREFUSED 127.0.0.1:6379
    [90m    at createConnectionError (node:net:1678:14)[39m
    [90m    at afterConnectMultiple (node:net:1708:16)[39m {
      errno: [33m-61[39m,
      code: [32m&apos;ECONNREFUSED&apos;[39m,
      syscall: [32m&apos;connect&apos;[39m,
      address: [32m&apos;127.0.0.1&apos;[39m,
      port: [33m6379[39m
    }
  ]
}

AggregateError: 
[90m    at internalConnectMultiple (node:net:1134:18)[39m
[90m    at afterConnectMultiple (node:net:1715:7)[39m {
  code: [32m&apos;ECONNREFUSED&apos;[39m,
  [errors]: [
    Error: connect ECONNREFUSED ::1:6379
    [90m    at createConnectionError (node:net:1678:14)[39m
    [90m    at afterConnectMultiple (node:net:1708:16)[39m {
      errno: [33m-61[39m,
      code: [32m&apos;ECONNREFUSED&apos;[39m,
      syscall: [32m&apos;connect&apos;[39m,
      address: [32m&apos;::1&apos;[39m,
      port: [33m6379[39m
    },
    Error: connect ECONNREFUSED 127.0.0.1:6379
    [90m    at createConnectionError (node:net:1678:14)[39m
    [90m    at afterConnectMultiple (node:net:1708:16)[39m {
      errno: [33m-61[39m,
      code: [32m&apos;ECONNREFUSED&apos;[39m,
      syscall: [32m&apos;connect&apos;[39m,
      address: [32m&apos;127.0.0.1&apos;[39m,
      port: [33m6379[39m
    }
  ]
}

[Redis] Client Error AggregateError: 
[90m    at internalConnectMultiple (node:net:1134:18)[39m
[90m    at afterConnectMultiple (node:net:1715:7)[39m {
  code: [32m&apos;ECONNREFUSED&apos;[39m,
  [errors]: [
    Error: connect ECONNREFUSED ::1:6379
    [90m    at createConnectionError (node:net:1678:14)[39m
    [90m    at afterConnectMultiple (node:net:1708:16)[39m {
      errno: [33m-61[39m,
      code: [32m&apos;ECONNREFUSED&apos;[39m,
      syscall: [32m&apos;connect&apos;[39m,
      address: [32m&apos;::1&apos;[39m,
      port: [33m6379[39m
    },
    Error: connect ECONNREFUSED 127.0.0.1:6379
    [90m    at createConnectionError (node:net:1678:14)[39m
    [90m    at afterConnectMultiple (node:net:1708:16)[39m {
      errno: [33m-61[39m,
      code: [32m&apos;ECONNREFUSED&apos;[39m,
      syscall: [32m&apos;connect&apos;[39m,
      address: [32m&apos;127.0.0.1&apos;[39m,
      port: [33m6379[39m
    }
  ]
}

AggregateError: 
[90m    at internalConnectMultiple (node:net:1134:18)[39m
[90m    at afterConnectMultiple (node:net:1715:7)[39m {
  code: [32m&apos;ECONNREFUSED&apos;[39m,
  [errors]: [
    Error: connect ECONNREFUSED ::1:6379
    [90m    at createConnectionError (node:net:1678:14)[39m
    [90m    at afterConnectMultiple (node:net:1708:16)[39m {
      errno: [33m-61[39m,
      code: [32m&apos;ECONNREFUSED&apos;[39m,
      syscall: [32m&apos;connect&apos;[39m,
      address: [32m&apos;::1&apos;[39m,
      port: [33m6379[39m
    },
    Error: connect ECONNREFUSED 127.0.0.1:6379
    [90m    at createConnectionError (node:net:1678:14)[39m
    [90m    at afterConnectMultiple (node:net:1708:16)[39m {
      errno: [33m-61[39m,
      code: [32m&apos;ECONNREFUSED&apos;[39m,
      syscall: [32m&apos;connect&apos;[39m,
      address: [32m&apos;127.0.0.1&apos;[39m,
      port: [33m6379[39m
    }
  ]
}

AggregateError: 
[90m    at internalConnectMultiple (node:net:1134:18)[39m
[90m    at afterConnectMultiple (node:net:1715:7)[39m {
  code: [32m&apos;ECONNREFUSED&apos;[39m,
  [errors]: [
    Error: connect ECONNREFUSED ::1:6379
    [90m    at createConnectionError (node:net:1678:14)[39m
    [90m    at afterConnectMultiple (node:net:1708:16)[39m {
      errno: [33m-61[39m,
      code: [32m&apos;ECONNREFUSED&apos;[39m,
      syscall: [32m&apos;connect&apos;[39m,
      address: [32m&apos;::1&apos;[39m,
      port: [33m6379[39m
    },
    Error: connect ECONNREFUSED 127.0.0.1:6379
    [90m    at createConnectionError (node:net:1678:14)[39m
    [90m    at afterConnectMultiple (node:net:1708:16)[39m {
      errno: [33m-61[39m,
      code: [32m&apos;ECONNREFUSED&apos;[39m,
      syscall: [32m&apos;connect&apos;[39m,
      address: [32m&apos;127.0.0.1&apos;[39m,
      port: [33m6379[39m
    }
  ]
}

            </system-err>
            <failure message="Test timed out in 5000ms.
If this is a long-running test, pass a timeout value as the last argument or configure it globally with &quot;testTimeout&quot;." type="Error">
Error: Test timed out in 5000ms.
If this is a long-running test, pass a timeout value as the last argument or configure it globally with &quot;testTimeout&quot;.
 ❯ tests/integration/auth.test.js:49:7
            </failure>
        </testcase>
        <testcase classname="tests/integration/auth.test.js" name="Auth Integration &gt; should fail with invalid credentials" time="5.092274209">
            <system-err>
[Redis] Client Error AggregateError: 
[90m    at internalConnectMultiple (node:net:1134:18)[39m
[90m    at afterConnectMultiple (node:net:1715:7)[39m {
  code: [32m&apos;ECONNREFUSED&apos;[39m,
  [errors]: [
    Error: connect ECONNREFUSED ::1:6379
    [90m    at createConnectionError (node:net:1678:14)[39m
    [90m    at afterConnectMultiple (node:net:1708:16)[39m {
      errno: [33m-61[39m,
      code: [32m&apos;ECONNREFUSED&apos;[39m,
      syscall: [32m&apos;connect&apos;[39m,
      address: [32m&apos;::1&apos;[39m,
      port: [33m6379[39m
    },
    Error: connect ECONNREFUSED 127.0.0.1:6379
    [90m    at createConnectionError (node:net:1678:14)[39m
    [90m    at afterConnectMultiple (node:net:1708:16)[39m {
      errno: [33m-61[39m,
      code: [32m&apos;ECONNREFUSED&apos;[39m,
      syscall: [32m&apos;connect&apos;[39m,
      address: [32m&apos;127.0.0.1&apos;[39m,
      port: [33m6379[39m
    }
  ]
}

AggregateError: 
[90m    at internalConnectMultiple (node:net:1134:18)[39m
[90m    at afterConnectMultiple (node:net:1715:7)[39m {
  code: [32m&apos;ECONNREFUSED&apos;[39m,
  [errors]: [
    Error: connect ECONNREFUSED ::1:6379
    [90m    at createConnectionError (node:net:1678:14)[39m
    [90m    at afterConnectMultiple (node:net:1708:16)[39m {
      errno: [33m-61[39m,
      code: [32m&apos;ECONNREFUSED&apos;[39m,
      syscall: [32m&apos;connect&apos;[39m,
      address: [32m&apos;::1&apos;[39m,
      port: [33m6379[39m
    },
    Error: connect ECONNREFUSED 127.0.0.1:6379
    [90m    at createConnectionError (node:net:1678:14)[39m
    [90m    at afterConnectMultiple (node:net:1708:16)[39m {
      errno: [33m-61[39m,
      code: [32m&apos;ECONNREFUSED&apos;[39m,
      syscall: [32m&apos;connect&apos;[39m,
      address: [32m&apos;127.0.0.1&apos;[39m,
      port: [33m6379[39m
    }
  ]
}

AggregateError: 
[90m    at internalConnectMultiple (node:net:1134:18)[39m
[90m    at afterConnectMultiple (node:net:1715:7)[39m {
  code: [32m&apos;ECONNREFUSED&apos;[39m,
  [errors]: [
    Error: connect ECONNREFUSED ::1:6379
    [90m    at createConnectionError (node:net:1678:14)[39m
    [90m    at afterConnectMultiple (node:net:1708:16)[39m {
      errno: [33m-61[39m,
      code: [32m&apos;ECONNREFUSED&apos;[39m,
      syscall: [32m&apos;connect&apos;[39m,
      address: [32m&apos;::1&apos;[39m,
      port: [33m6379[39m
    },
    Error: connect ECONNREFUSED 127.0.0.1:6379
    [90m    at createConnectionError (node:net:1678:14)[39m
    [90m    at afterConnectMultiple (node:net:1708:16)[39m {
      errno: [33m-61[39m,
      code: [32m&apos;ECONNREFUSED&apos;[39m,
      syscall: [32m&apos;connect&apos;[39m,
      address: [32m&apos;127.0.0.1&apos;[39m,
      port: [33m6379[39m
    }
  ]
}

[Redis] Client Error AggregateError: 
[90m    at internalConnectMultiple (node:net:1134:18)[39m
[90m    at afterConnectMultiple (node:net:1715:7)[39m {
  code: [32m&apos;ECONNREFUSED&apos;[39m,
  [errors]: [
    Error: connect ECONNREFUSED ::1:6379
    [90m    at createConnectionError (node:net:1678:14)[39m
    [90m    at afterConnectMultiple (node:net:1708:16)[39m {
      errno: [33m-61[39m,
      code: [32m&apos;ECONNREFUSED&apos;[39m,
      syscall: [32m&apos;connect&apos;[39m,
      address: [32m&apos;::1&apos;[39m,
      port: [33m6379[39m
    },
    Error: connect ECONNREFUSED 127.0.0.1:6379
    [90m    at createConnectionError (node:net:1678:14)[39m
    [90m    at afterConnectMultiple (node:net:1708:16)[39m {
      errno: [33m-61[39m,
      code: [32m&apos;ECONNREFUSED&apos;[39m,
      syscall: [32m&apos;connect&apos;[39m,
      address: [32m&apos;127.0.0.1&apos;[39m,
      port: [33m6379[39m
    }
  ]
}

            </system-err>
            <failure message="Test timed out in 5000ms.
If this is a long-running test, pass a timeout value as the last argument or configure it globally with &quot;testTimeout&quot;." type="Error">
Error: Test timed out in 5000ms.
If this is a long-running test, pass a timeout value as the last argument or configure it globally with &quot;testTimeout&quot;.
 ❯ tests/integration/auth.test.js:59:7
            </failure>
        </testcase>
        <testcase classname="tests/integration/auth.test.js" name="Auth Integration &gt; should require email and password" time="5.075777792">
            <system-err>
[Redis] Client Error AggregateError: 
[90m    at internalConnectMultiple (node:net:1134:18)[39m
[90m    at afterConnectMultiple (node:net:1715:7)[39m {
  code: [32m&apos;ECONNREFUSED&apos;[39m,
  [errors]: [
    Error: connect ECONNREFUSED ::1:6379
    [90m    at createConnectionError (node:net:1678:14)[39m
    [90m    at afterConnectMultiple (node:net:1708:16)[39m {
      errno: [33m-61[39m,
      code: [32m&apos;ECONNREFUSED&apos;[39m,
      syscall: [32m&apos;connect&apos;[39m,
      address: [32m&apos;::1&apos;[39m,
      port: [33m6379[39m
    },
    Error: connect ECONNREFUSED 127.0.0.1:6379
    [90m    at createConnectionError (node:net:1678:14)[39m
    [90m    at afterConnectMultiple (node:net:1708:16)[39m {
      errno: [33m-61[39m,
      code: [32m&apos;ECONNREFUSED&apos;[39m,
      syscall: [32m&apos;connect&apos;[39m,
      address: [32m&apos;127.0.0.1&apos;[39m,
      port: [33m6379[39m
    }
  ]
}

AggregateError: 
[90m    at internalConnectMultiple (node:net:1134:18)[39m
[90m    at afterConnectMultiple (node:net:1715:7)[39m {
  code: [32m&apos;ECONNREFUSED&apos;[39m,
  [errors]: [
    Error: connect ECONNREFUSED ::1:6379
    [90m    at createConnectionError (node:net:1678:14)[39m
    [90m    at afterConnectMultiple (node:net:1708:16)[39m {
      errno: [33m-61[39m,
      code: [32m&apos;ECONNREFUSED&apos;[39m,
      syscall: [32m&apos;connect&apos;[39m,
      address: [32m&apos;::1&apos;[39m,
      port: [33m6379[39m
    },
    Error: connect ECONNREFUSED 127.0.0.1:6379
    [90m    at createConnectionError (node:net:1678:14)[39m
    [90m    at afterConnectMultiple (node:net:1708:16)[39m {
      errno: [33m-61[39m,
      code: [32m&apos;ECONNREFUSED&apos;[39m,
      syscall: [32m&apos;connect&apos;[39m,
      address: [32m&apos;127.0.0.1&apos;[39m,
      port: [33m6379[39m
    }
  ]
}

[Redis] Client Error AggregateError: 
[90m    at internalConnectMultiple (node:net:1134:18)[39m
[90m    at afterConnectMultiple (node:net:1715:7)[39m {
  code: [32m&apos;ECONNREFUSED&apos;[39m,
  [errors]: [
    Error: connect ECONNREFUSED ::1:6379
    [90m    at createConnectionError (node:net:1678:14)[39m
    [90m    at afterConnectMultiple (node:net:1708:16)[39m {
      errno: [33m-61[39m,
      code: [32m&apos;ECONNREFUSED&apos;[39m,
      syscall: [32m&apos;connect&apos;[39m,
      address: [32m&apos;::1&apos;[39m,
      port: [33m6379[39m
    },
    Error: connect ECONNREFUSED 127.0.0.1:6379
    [90m    at createConnectionError (node:net:1678:14)[39m
    [90m    at afterConnectMultiple (node:net:1708:16)[39m {
      errno: [33m-61[39m,
      code: [32m&apos;ECONNREFUSED&apos;[39m,
      syscall: [32m&apos;connect&apos;[39m,
      address: [32m&apos;127.0.0.1&apos;[39m,
      port: [33m6379[39m
    }
  ]
}

[Redis] Client Error AggregateError: 
[90m    at internalConnectMultiple (node:net:1134:18)[39m
[90m    at afterConnectMultiple (node:net:1715:7)[39m {
  code: [32m&apos;ECONNREFUSED&apos;[39m,
  [errors]: [
    Error: connect ECONNREFUSED ::1:6379
    [90m    at createConnectionError (node:net:1678:14)[39m
    [90m    at afterConnectMultiple (node:net:1708:16)[39m {
      errno: [33m-61[39m,
      code: [32m&apos;ECONNREFUSED&apos;[39m,
      syscall: [32m&apos;connect&apos;[39m,
      address: [32m&apos;::1&apos;[39m,
      port: [33m6379[39m
    },
    Error: connect ECONNREFUSED 127.0.0.1:6379
    [90m    at createConnectionError (node:net:1678:14)[39m
    [90m    at afterConnectMultiple (node:net:1708:16)[39m {
      errno: [33m-61[39m,
      code: [32m&apos;ECONNREFUSED&apos;[39m,
      syscall: [32m&apos;connect&apos;[39m,
      address: [32m&apos;127.0.0.1&apos;[39m,
      port: [33m6379[39m
    }
  ]
}

            </system-err>
            <failure message="Test timed out in 5000ms.
If this is a long-running test, pass a timeout value as the last argument or configure it globally with &quot;testTimeout&quot;." type="Error">
Error: Test timed out in 5000ms.
If this is a long-running test, pass a timeout value as the last argument or configure it globally with &quot;testTimeout&quot;.
 ❯ tests/integration/auth.test.js:68:7
            </failure>
        </testcase>
        <testcase classname="tests/integration/auth.test.js" name="Auth Integration &gt; should validate token via /api/auth/me" time="5.063212084">
            <system-err>
[Redis] Client Error AggregateError: 
[90m    at internalConnectMultiple (node:net:1134:18)[39m
[90m    at afterConnectMultiple (node:net:1715:7)[39m {
  code: [32m&apos;ECONNREFUSED&apos;[39m,
  [errors]: [
    Error: connect ECONNREFUSED ::1:6379
    [90m    at createConnectionError (node:net:1678:14)[39m
    [90m    at afterConnectMultiple (node:net:1708:16)[39m {
      errno: [33m-61[39m,
      code: [32m&apos;ECONNREFUSED&apos;[39m,
      syscall: [32m&apos;connect&apos;[39m,
      address: [32m&apos;::1&apos;[39m,
      port: [33m6379[39m
    },
    Error: connect ECONNREFUSED 127.0.0.1:6379
    [90m    at createConnectionError (node:net:1678:14)[39m
    [90m    at afterConnectMultiple (node:net:1708:16)[39m {
      errno: [33m-61[39m,
      code: [32m&apos;ECONNREFUSED&apos;[39m,
      syscall: [32m&apos;connect&apos;[39m,
      address: [32m&apos;127.0.0.1&apos;[39m,
      port: [33m6379[39m
    }
  ]
}

AggregateError: 
[90m    at internalConnectMultiple (node:net:1134:18)[39m
[90m    at afterConnectMultiple (node:net:1715:7)[39m {
  code: [32m&apos;ECONNREFUSED&apos;[39m,
  [errors]: [
    Error: connect ECONNREFUSED ::1:6379
    [90m    at createConnectionError (node:net:1678:14)[39m
    [90m    at afterConnectMultiple (node:net:1708:16)[39m {
      errno: [33m-61[39m,
      code: [32m&apos;ECONNREFUSED&apos;[39m,
      syscall: [32m&apos;connect&apos;[39m,
      address: [32m&apos;::1&apos;[39m,
      port: [33m6379[39m
    },
    Error: connect ECONNREFUSED 127.0.0.1:6379
    [90m    at createConnectionError (node:net:1678:14)[39m
    [90m    at afterConnectMultiple (node:net:1708:16)[39m {
      errno: [33m-61[39m,
      code: [32m&apos;ECONNREFUSED&apos;[39m,
      syscall: [32m&apos;connect&apos;[39m,
      address: [32m&apos;127.0.0.1&apos;[39m,
      port: [33m6379[39m
    }
  ]
}

[Redis] Client Error AggregateError: 
[90m    at internalConnectMultiple (node:net:1134:18)[39m
[90m    at afterConnectMultiple (node:net:1715:7)[39m {
  code: [32m&apos;ECONNREFUSED&apos;[39m,
  [errors]: [
    Error: connect ECONNREFUSED ::1:6379
    [90m    at createConnectionError (node:net:1678:14)[39m
    [90m    at afterConnectMultiple (node:net:1708:16)[39m {
      errno: [33m-61[39m,
      code: [32m&apos;ECONNREFUSED&apos;[39m,
      syscall: [32m&apos;connect&apos;[39m,
      address: [32m&apos;::1&apos;[39m,
      port: [33m6379[39m
    },
    Error: connect ECONNREFUSED 127.0.0.1:6379
    [90m    at createConnectionError (node:net:1678:14)[39m
    [90m    at afterConnectMultiple (node:net:1708:16)[39m {
      errno: [33m-61[39m,
      code: [32m&apos;ECONNREFUSED&apos;[39m,
      syscall: [32m&apos;connect&apos;[39m,
      address: [32m&apos;127.0.0.1&apos;[39m,
      port: [33m6379[39m
    }
  ]
}

            </system-err>
            <failure message="Test timed out in 5000ms.
If this is a long-running test, pass a timeout value as the last argument or configure it globally with &quot;testTimeout&quot;." type="Error">
Error: Test timed out in 5000ms.
If this is a long-running test, pass a timeout value as the last argument or configure it globally with &quot;testTimeout&quot;.
 ❯ tests/integration/auth.test.js:75:7
            </failure>
        </testcase>
    </testsuite>
    <testsuite name="tests/integration/initiatives.test.js" timestamp="2025-12-11T12:21:31.694Z" hostname="Air-Piotr.lan" tests="3" failures="1" errors="0" skipped="2" time="10.162834209">
        <testcase classname="tests/integration/initiatives.test.js" name="Initiatives Integration &gt; should list initiatives" time="0">
            <skipped/>
        </testcase>
        <testcase classname="tests/integration/initiatives.test.js" name="Initiatives Integration &gt; should create an initiative" time="0">
            <skipped/>
        </testcase>
        <testcase classname="tests/integration/initiatives.test.js" name="Initiatives Integration" time="10.162142292">
            <system-err>
[Redis] Client Error AggregateError: 
[90m    at internalConnectMultiple (node:net:1134:18)[39m
[90m    at afterConnectMultiple (node:net:1715:7)[39m {
  code: [32m&apos;ECONNREFUSED&apos;[39m,
  [errors]: [
    Error: connect ECONNREFUSED ::1:6379
    [90m    at createConnectionError (node:net:1678:14)[39m
    [90m    at afterConnectMultiple (node:net:1708:16)[39m {
      errno: [33m-61[39m,
      code: [32m&apos;ECONNREFUSED&apos;[39m,
      syscall: [32m&apos;connect&apos;[39m,
      address: [32m&apos;::1&apos;[39m,
      port: [33m6379[39m
    },
    Error: connect ECONNREFUSED 127.0.0.1:6379
    [90m    at createConnectionError (node:net:1678:14)[39m
    [90m    at afterConnectMultiple (node:net:1708:16)[39m {
      errno: [33m-61[39m,
      code: [32m&apos;ECONNREFUSED&apos;[39m,
      syscall: [32m&apos;connect&apos;[39m,
      address: [32m&apos;127.0.0.1&apos;[39m,
      port: [33m6379[39m
    }
  ]
}

AggregateError: 
[90m    at internalConnectMultiple (node:net:1134:18)[39m
[90m    at afterConnectMultiple (node:net:1715:7)[39m {
  code: [32m&apos;ECONNREFUSED&apos;[39m,
  [errors]: [
    Error: connect ECONNREFUSED ::1:6379
    [90m    at createConnectionError (node:net:1678:14)[39m
    [90m    at afterConnectMultiple (node:net:1708:16)[39m {
      errno: [33m-61[39m,
      code: [32m&apos;ECONNREFUSED&apos;[39m,
      syscall: [32m&apos;connect&apos;[39m,
      address: [32m&apos;::1&apos;[39m,
      port: [33m6379[39m
    },
    Error: connect ECONNREFUSED 127.0.0.1:6379
    [90m    at createConnectionError (node:net:1678:14)[39m
    [90m    at afterConnectMultiple (node:net:1708:16)[39m {
      errno: [33m-61[39m,
      code: [32m&apos;ECONNREFUSED&apos;[39m,
      syscall: [32m&apos;connect&apos;[39m,
      address: [32m&apos;127.0.0.1&apos;[39m,
      port: [33m6379[39m
    }
  ]
}

[Redis] Client Error AggregateError: 
[90m    at internalConnectMultiple (node:net:1134:18)[39m
[90m    at afterConnectMultiple (node:net:1715:7)[39m {
  code: [32m&apos;ECONNREFUSED&apos;[39m,
  [errors]: [
    Error: connect ECONNREFUSED ::1:6379
    [90m    at createConnectionError (node:net:1678:14)[39m
    [90m    at afterConnectMultiple (node:net:1708:16)[39m {
      errno: [33m-61[39m,
      code: [32m&apos;ECONNREFUSED&apos;[39m,
      syscall: [32m&apos;connect&apos;[39m,
      address: [32m&apos;::1&apos;[39m,
      port: [33m6379[39m
    },
    Error: connect ECONNREFUSED 127.0.0.1:6379
    [90m    at createConnectionError (node:net:1678:14)[39m
    [90m    at afterConnectMultiple (node:net:1708:16)[39m {
      errno: [33m-61[39m,
      code: [32m&apos;ECONNREFUSED&apos;[39m,
      syscall: [32m&apos;connect&apos;[39m,
      address: [32m&apos;127.0.0.1&apos;[39m,
      port: [33m6379[39m
    }
  ]
}

[Redis] Client Error AggregateError: 
[90m    at internalConnectMultiple (node:net:1134:18)[39m
[90m    at afterConnectMultiple (node:net:1715:7)[39m {
  code: [32m&apos;ECONNREFUSED&apos;[39m,
  [errors]: [
    Error: connect ECONNREFUSED ::1:6379
    [90m    at createConnectionError (node:net:1678:14)[39m
    [90m    at afterConnectMultiple (node:net:1708:16)[39m {
      errno: [33m-61[39m,
      code: [32m&apos;ECONNREFUSED&apos;[39m,
      syscall: [32m&apos;connect&apos;[39m,
      address: [32m&apos;::1&apos;[39m,
      port: [33m6379[39m
    },
    Error: connect ECONNREFUSED 127.0.0.1:6379
    [90m    at createConnectionError (node:net:1678:14)[39m
    [90m    at afterConnectMultiple (node:net:1708:16)[39m {
      errno: [33m-61[39m,
      code: [32m&apos;ECONNREFUSED&apos;[39m,
      syscall: [32m&apos;connect&apos;[39m,
      address: [32m&apos;127.0.0.1&apos;[39m,
      port: [33m6379[39m
    }
  ]
}

[Redis] Client Error AggregateError: 
[90m    at internalConnectMultiple (node:net:1134:18)[39m
[90m    at afterConnectMultiple (node:net:1715:7)[39m {
  code: [32m&apos;ECONNREFUSED&apos;[39m,
  [errors]: [
    Error: connect ECONNREFUSED ::1:6379
    [90m    at createConnectionError (node:net:1678:14)[39m
    [90m    at afterConnectMultiple (node:net:1708:16)[39m {
      errno: [33m-61[39m,
      code: [32m&apos;ECONNREFUSED&apos;[39m,
      syscall: [32m&apos;connect&apos;[39m,
      address: [32m&apos;::1&apos;[39m,
      port: [33m6379[39m
    },
    Error: connect ECONNREFUSED 127.0.0.1:6379
    [90m    at createConnectionError (node:net:1678:14)[39m
    [90m    at afterConnectMultiple (node:net:1708:16)[39m {
      errno: [33m-61[39m,
      code: [32m&apos;ECONNREFUSED&apos;[39m,
      syscall: [32m&apos;connect&apos;[39m,
      address: [32m&apos;127.0.0.1&apos;[39m,
      port: [33m6379[39m
    }
  ]
}

AggregateError: 
[90m    at internalConnectMultiple (node:net:1134:18)[39m
[90m    at afterConnectMultiple (node:net:1715:7)[39m {
  code: [32m&apos;ECONNREFUSED&apos;[39m,
  [errors]: [
    Error: connect ECONNREFUSED ::1:6379
    [90m    at createConnectionError (node:net:1678:14)[39m
    [90m    at afterConnectMultiple (node:net:1708:16)[39m {
      errno: [33m-61[39m,
      code: [32m&apos;ECONNREFUSED&apos;[39m,
      syscall: [32m&apos;connect&apos;[39m,
      address: [32m&apos;::1&apos;[39m,
      port: [33m6379[39m
    },
    Error: connect ECONNREFUSED 127.0.0.1:6379
    [90m    at createConnectionError (node:net:1678:14)[39m
    [90m    at afterConnectMultiple (node:net:1708:16)[39m {
      errno: [33m-61[39m,
      code: [32m&apos;ECONNREFUSED&apos;[39m,
      syscall: [32m&apos;connect&apos;[39m,
      address: [32m&apos;127.0.0.1&apos;[39m,
      port: [33m6379[39m
    }
  ]
}

[Redis] Client Error AggregateError: 
[90m    at internalConnectMultiple (node:net:1134:18)[39m
[90m    at afterConnectMultiple (node:net:1715:7)[39m {
  code: [32m&apos;ECONNREFUSED&apos;[39m,
  [errors]: [
    Error: connect ECONNREFUSED ::1:6379
    [90m    at createConnectionError (node:net:1678:14)[39m
    [90m    at afterConnectMultiple (node:net:1708:16)[39m {
      errno: [33m-61[39m,
      code: [32m&apos;ECONNREFUSED&apos;[39m,
      syscall: [32m&apos;connect&apos;[39m,
      address: [32m&apos;::1&apos;[39m,
      port: [33m6379[39m
    },
    Error: connect ECONNREFUSED 127.0.0.1:6379
    [90m    at createConnectionError (node:net:1678:14)[39m
    [90m    at afterConnectMultiple (node:net:1708:16)[39m {
      errno: [33m-61[39m,
      code: [32m&apos;ECONNREFUSED&apos;[39m,
      syscall: [32m&apos;connect&apos;[39m,
      address: [32m&apos;127.0.0.1&apos;[39m,
      port: [33m6379[39m
    }
  ]
}

AggregateError: 
[90m    at internalConnectMultiple (node:net:1134:18)[39m
[90m    at afterConnectMultiple (node:net:1715:7)[39m {
  code: [32m&apos;ECONNREFUSED&apos;[39m,
  [errors]: [
    Error: connect ECONNREFUSED ::1:6379
    [90m    at createConnectionError (node:net:1678:14)[39m
    [90m    at afterConnectMultiple (node:net:1708:16)[39m {
      errno: [33m-61[39m,
      code: [32m&apos;ECONNREFUSED&apos;[39m,
      syscall: [32m&apos;connect&apos;[39m,
      address: [32m&apos;::1&apos;[39m,
      port: [33m6379[39m
    },
    Error: connect ECONNREFUSED 127.0.0.1:6379
    [90m    at createConnectionError (node:net:1678:14)[39m
    [90m    at afterConnectMultiple (node:net:1708:16)[39m {
      errno: [33m-61[39m,
      code: [32m&apos;ECONNREFUSED&apos;[39m,
      syscall: [32m&apos;connect&apos;[39m,
      address: [32m&apos;127.0.0.1&apos;[39m,
      port: [33m6379[39m
    }
  ]
}

[Redis] Client Error AggregateError: 
[90m    at internalConnectMultiple (node:net:1134:18)[39m
[90m    at afterConnectMultiple (node:net:1715:7)[39m {
  code: [32m&apos;ECONNREFUSED&apos;[39m,
  [errors]: [
    Error: connect ECONNREFUSED ::1:6379
    [90m    at createConnectionError (node:net:1678:14)[39m
    [90m    at afterConnectMultiple (node:net:1708:16)[39m {
      errno: [33m-61[39m,
      code: [32m&apos;ECONNREFUSED&apos;[39m,
      syscall: [32m&apos;connect&apos;[39m,
      address: [32m&apos;::1&apos;[39m,
      port: [33m6379[39m
    },
    Error: connect ECONNREFUSED 127.0.0.1:6379
    [90m    at createConnectionError (node:net:1678:14)[39m
    [90m    at afterConnectMultiple (node:net:1708:16)[39m {
      errno: [33m-61[39m,
      code: [32m&apos;ECONNREFUSED&apos;[39m,
      syscall: [32m&apos;connect&apos;[39m,
      address: [32m&apos;127.0.0.1&apos;[39m,
      port: [33m6379[39m
    }
  ]
}

AggregateError: 
[90m    at internalConnectMultiple (node:net:1134:18)[39m
[90m    at afterConnectMultiple (node:net:1715:7)[39m {
  code: [32m&apos;ECONNREFUSED&apos;[39m,
  [errors]: [
    Error: connect ECONNREFUSED ::1:6379
    [90m    at createConnectionError (node:net:1678:14)[39m
    [90m    at afterConnectMultiple (node:net:1708:16)[39m {
      errno: [33m-61[39m,
      code: [32m&apos;ECONNREFUSED&apos;[39m,
      syscall: [32m&apos;connect&apos;[39m,
      address: [32m&apos;::1&apos;[39m,
      port: [33m6379[39m
    },
    Error: connect ECONNREFUSED 127.0.0.1:6379
    [90m    at createConnectionError (node:net:1678:14)[39m
    [90m    at afterConnectMultiple (node:net:1708:16)[39m {
      errno: [33m-61[39m,
      code: [32m&apos;ECONNREFUSED&apos;[39m,
      syscall: [32m&apos;connect&apos;[39m,
      address: [32m&apos;127.0.0.1&apos;[39m,
      port: [33m6379[39m
    }
  ]
}

[Redis] Client Error AggregateError: 
[90m    at internalConnectMultiple (node:net:1134:18)[39m
[90m    at afterConnectMultiple (node:net:1715:7)[39m {
  code: [32m&apos;ECONNREFUSED&apos;[39m,
  [errors]: [
    Error: connect ECONNREFUSED ::1:6379
    [90m    at createConnectionError (node:net:1678:14)[39m
    [90m    at afterConnectMultiple (node:net:1708:16)[39m {
      errno: [33m-61[39m,
      code: [32m&apos;ECONNREFUSED&apos;[39m,
      syscall: [32m&apos;connect&apos;[39m,
      address: [32m&apos;::1&apos;[39m,
      port: [33m6379[39m
    },
    Error: connect ECONNREFUSED 127.0.0.1:6379
    [90m    at createConnectionError (node:net:1678:14)[39m
    [90m    at afterConnectMultiple (node:net:1708:16)[39m {
      errno: [33m-61[39m,
      code: [32m&apos;ECONNREFUSED&apos;[39m,
      syscall: [32m&apos;connect&apos;[39m,
      address: [32m&apos;127.0.0.1&apos;[39m,
      port: [33m6379[39m
    }
  ]
}

AggregateError: 
[90m    at internalConnectMultiple (node:net:1134:18)[39m
[90m    at afterConnectMultiple (node:net:1715:7)[39m {
  code: [32m&apos;ECONNREFUSED&apos;[39m,
  [errors]: [
    Error: connect ECONNREFUSED ::1:6379
    [90m    at createConnectionError (node:net:1678:14)[39m
    [90m    at afterConnectMultiple (node:net:1708:16)[39m {
      errno: [33m-61[39m,
      code: [32m&apos;ECONNREFUSED&apos;[39m,
      syscall: [32m&apos;connect&apos;[39m,
      address: [32m&apos;::1&apos;[39m,
      port: [33m6379[39m
    },
    Error: connect ECONNREFUSED 127.0.0.1:6379
    [90m    at createConnectionError (node:net:1678:14)[39m
    [90m    at afterConnectMultiple (node:net:1708:16)[39m {
      errno: [33m-61[39m,
      code: [32m&apos;ECONNREFUSED&apos;[39m,
      syscall: [32m&apos;connect&apos;[39m,
      address: [32m&apos;127.0.0.1&apos;[39m,
      port: [33m6379[39m
    }
  ]
}

AggregateError: 
[90m    at internalConnectMultiple (node:net:1134:18)[39m
[90m    at afterConnectMultiple (node:net:1715:7)[39m {
  code: [32m&apos;ECONNREFUSED&apos;[39m,
  [errors]: [
    Error: connect ECONNREFUSED ::1:6379
    [90m    at createConnectionError (node:net:1678:14)[39m
    [90m    at afterConnectMultiple (node:net:1708:16)[39m {
      errno: [33m-61[39m,
      code: [32m&apos;ECONNREFUSED&apos;[39m,
      syscall: [32m&apos;connect&apos;[39m,
      address: [32m&apos;::1&apos;[39m,
      port: [33m6379[39m
    },
    Error: connect ECONNREFUSED 127.0.0.1:6379
    [90m    at createConnectionError (node:net:1678:14)[39m
    [90m    at afterConnectMultiple (node:net:1708:16)[39m {
      errno: [33m-61[39m,
      code: [32m&apos;ECONNREFUSED&apos;[39m,
      syscall: [32m&apos;connect&apos;[39m,
      address: [32m&apos;127.0.0.1&apos;[39m,
      port: [33m6379[39m
    }
  ]
}

AggregateError: 
[90m    at internalConnectMultiple (node:net:1134:18)[39m
[90m    at afterConnectMultiple (node:net:1715:7)[39m {
  code: [32m&apos;ECONNREFUSED&apos;[39m,
  [errors]: [
    Error: connect ECONNREFUSED ::1:6379
    [90m    at createConnectionError (node:net:1678:14)[39m
    [90m    at afterConnectMultiple (node:net:1708:16)[39m {
      errno: [33m-61[39m,
      code: [32m&apos;ECONNREFUSED&apos;[39m,
      syscall: [32m&apos;connect&apos;[39m,
      address: [32m&apos;::1&apos;[39m,
      port: [33m6379[39m
    },
    Error: connect ECONNREFUSED 127.0.0.1:6379
    [90m    at createConnectionError (node:net:1678:14)[39m
    [90m    at afterConnectMultiple (node:net:1708:16)[39m {
      errno: [33m-61[39m,
      code: [32m&apos;ECONNREFUSED&apos;[39m,
      syscall: [32m&apos;connect&apos;[39m,
      address: [32m&apos;127.0.0.1&apos;[39m,
      port: [33m6379[39m
    }
  ]
}

[Redis] Client Error AggregateError: 
[90m    at internalConnectMultiple (node:net:1134:18)[39m
[90m    at afterConnectMultiple (node:net:1715:7)[39m {
  code: [32m&apos;ECONNREFUSED&apos;[39m,
  [errors]: [
    Error: connect ECONNREFUSED ::1:6379
    [90m    at createConnectionError (node:net:1678:14)[39m
    [90m    at afterConnectMultiple (node:net:1708:16)[39m {
      errno: [33m-61[39m,
      code: [32m&apos;ECONNREFUSED&apos;[39m,
      syscall: [32m&apos;connect&apos;[39m,
      address: [32m&apos;::1&apos;[39m,
      port: [33m6379[39m
    },
    Error: connect ECONNREFUSED 127.0.0.1:6379
    [90m    at createConnectionError (node:net:1678:14)[39m
    [90m    at afterConnectMultiple (node:net:1708:16)[39m {
      errno: [33m-61[39m,
      code: [32m&apos;ECONNREFUSED&apos;[39m,
      syscall: [32m&apos;connect&apos;[39m,
      address: [32m&apos;127.0.0.1&apos;[39m,
      port: [33m6379[39m
    }
  ]
}

AggregateError: 
[90m    at internalConnectMultiple (node:net:1134:18)[39m
[90m    at afterConnectMultiple (node:net:1715:7)[39m {
  code: [32m&apos;ECONNREFUSED&apos;[39m,
  [errors]: [
    Error: connect ECONNREFUSED ::1:6379
    [90m    at createConnectionError (node:net:1678:14)[39m
    [90m    at afterConnectMultiple (node:net:1708:16)[39m {
      errno: [33m-61[39m,
      code: [32m&apos;ECONNREFUSED&apos;[39m,
      syscall: [32m&apos;connect&apos;[39m,
      address: [32m&apos;::1&apos;[39m,
      port: [33m6379[39m
    },
    Error: connect ECONNREFUSED 127.0.0.1:6379
    [90m    at createConnectionError (node:net:1678:14)[39m
    [90m    at afterConnectMultiple (node:net:1708:16)[39m {
      errno: [33m-61[39m,
      code: [32m&apos;ECONNREFUSED&apos;[39m,
      syscall: [32m&apos;connect&apos;[39m,
      address: [32m&apos;127.0.0.1&apos;[39m,
      port: [33m6379[39m
    }
  ]
}

[Redis] Client Error AggregateError: 
[90m    at internalConnectMultiple (node:net:1134:18)[39m
[90m    at afterConnectMultiple (node:net:1715:7)[39m {
  code: [32m&apos;ECONNREFUSED&apos;[39m,
  [errors]: [
    Error: connect ECONNREFUSED ::1:6379
    [90m    at createConnectionError (node:net:1678:14)[39m
    [90m    at afterConnectMultiple (node:net:1708:16)[39m {
      errno: [33m-61[39m,
      code: [32m&apos;ECONNREFUSED&apos;[39m,
      syscall: [32m&apos;connect&apos;[39m,
      address: [32m&apos;::1&apos;[39m,
      port: [33m6379[39m
    },
    Error: connect ECONNREFUSED 127.0.0.1:6379
    [90m    at createConnectionError (node:net:1678:14)[39m
    [90m    at afterConnectMultiple (node:net:1708:16)[39m {
      errno: [33m-61[39m,
      code: [32m&apos;ECONNREFUSED&apos;[39m,
      syscall: [32m&apos;connect&apos;[39m,
      address: [32m&apos;127.0.0.1&apos;[39m,
      port: [33m6379[39m
    }
  ]
}

            </system-err>
            <failure message="Hook timed out in 10000ms.
If this is a long-running hook, pass a timeout value as the last argument or configure it globally with &quot;hookTimeout&quot;." type="Error">
Error: Hook timed out in 10000ms.
If this is a long-running hook, pass a timeout value as the last argument or configure it globally with &quot;hookTimeout&quot;.
 ❯ tests/integration/initiatives.test.js:16:14
            </failure>
        </testcase>
    </testsuite>
    <testsuite name="tests/integration/projects.test.js" timestamp="2025-12-11T12:21:31.702Z" hostname="Air-Piotr.lan" tests="3" failures="1" errors="0" skipped="2" time="10.172205958">
        <testcase classname="tests/integration/projects.test.js" name="Projects Integration &gt; should create a new project" time="0">
            <skipped/>
        </testcase>
        <testcase classname="tests/integration/projects.test.js" name="Projects Integration &gt; should list projects" time="0">
            <skipped/>
        </testcase>
        <testcase classname="tests/integration/projects.test.js" name="Projects Integration" time="10.096326084">
            <system-out>
Seeded SuperAdmin (admin@dbr77.ai) and System Org.
Seeded DBR77 Organization with Admin (piotr.wisniewski@dbr77.com) and User (justyna.laskowska@dbr77.com).

            </system-out>
            <system-err>
[Redis] Client Error AggregateError: 
[90m    at internalConnectMultiple (node:net:1134:18)[39m
[90m    at afterConnectMultiple (node:net:1715:7)[39m {
  code: [32m&apos;ECONNREFUSED&apos;[39m,
  [errors]: [
    Error: connect ECONNREFUSED ::1:6379
    [90m    at createConnectionError (node:net:1678:14)[39m
    [90m    at afterConnectMultiple (node:net:1708:16)[39m {
      errno: [33m-61[39m,
      code: [32m&apos;ECONNREFUSED&apos;[39m,
      syscall: [32m&apos;connect&apos;[39m,
      address: [32m&apos;::1&apos;[39m,
      port: [33m6379[39m
    },
    Error: connect ECONNREFUSED 127.0.0.1:6379
    [90m    at createConnectionError (node:net:1678:14)[39m
    [90m    at afterConnectMultiple (node:net:1708:16)[39m {
      errno: [33m-61[39m,
      code: [32m&apos;ECONNREFUSED&apos;[39m,
      syscall: [32m&apos;connect&apos;[39m,
      address: [32m&apos;127.0.0.1&apos;[39m,
      port: [33m6379[39m
    }
  ]
}

AggregateError: 
[90m    at internalConnectMultiple (node:net:1134:18)[39m
[90m    at afterConnectMultiple (node:net:1715:7)[39m {
  code: [32m&apos;ECONNREFUSED&apos;[39m,
  [errors]: [
    Error: connect ECONNREFUSED ::1:6379
    [90m    at createConnectionError (node:net:1678:14)[39m
    [90m    at afterConnectMultiple (node:net:1708:16)[39m {
      errno: [33m-61[39m,
      code: [32m&apos;ECONNREFUSED&apos;[39m,
      syscall: [32m&apos;connect&apos;[39m,
      address: [32m&apos;::1&apos;[39m,
      port: [33m6379[39m
    },
    Error: connect ECONNREFUSED 127.0.0.1:6379
    [90m    at createConnectionError (node:net:1678:14)[39m
    [90m    at afterConnectMultiple (node:net:1708:16)[39m {
      errno: [33m-61[39m,
      code: [32m&apos;ECONNREFUSED&apos;[39m,
      syscall: [32m&apos;connect&apos;[39m,
      address: [32m&apos;127.0.0.1&apos;[39m,
      port: [33m6379[39m
    }
  ]
}

[Redis] Client Error AggregateError: 
[90m    at internalConnectMultiple (node:net:1134:18)[39m
[90m    at afterConnectMultiple (node:net:1715:7)[39m {
  code: [32m&apos;ECONNREFUSED&apos;[39m,
  [errors]: [
    Error: connect ECONNREFUSED ::1:6379
    [90m    at createConnectionError (node:net:1678:14)[39m
    [90m    at afterConnectMultiple (node:net:1708:16)[39m {
      errno: [33m-61[39m,
      code: [32m&apos;ECONNREFUSED&apos;[39m,
      syscall: [32m&apos;connect&apos;[39m,
      address: [32m&apos;::1&apos;[39m,
      port: [33m6379[39m
    },
    Error: connect ECONNREFUSED 127.0.0.1:6379
    [90m    at createConnectionError (node:net:1678:14)[39m
    [90m    at afterConnectMultiple (node:net:1708:16)[39m {
      errno: [33m-61[39m,
      code: [32m&apos;ECONNREFUSED&apos;[39m,
      syscall: [32m&apos;connect&apos;[39m,
      address: [32m&apos;127.0.0.1&apos;[39m,
      port: [33m6379[39m
    }
  ]
}

[Redis] Client Error AggregateError: 
[90m    at internalConnectMultiple (node:net:1134:18)[39m
[90m    at afterConnectMultiple (node:net:1715:7)[39m {
  code: [32m&apos;ECONNREFUSED&apos;[39m,
  [errors]: [
    Error: connect ECONNREFUSED ::1:6379
    [90m    at createConnectionError (node:net:1678:14)[39m
    [90m    at afterConnectMultiple (node:net:1708:16)[39m {
      errno: [33m-61[39m,
      code: [32m&apos;ECONNREFUSED&apos;[39m,
      syscall: [32m&apos;connect&apos;[39m,
      address: [32m&apos;::1&apos;[39m,
      port: [33m6379[39m
    },
    Error: connect ECONNREFUSED 127.0.0.1:6379
    [90m    at createConnectionError (node:net:1678:14)[39m
    [90m    at afterConnectMultiple (node:net:1708:16)[39m {
      errno: [33m-61[39m,
      code: [32m&apos;ECONNREFUSED&apos;[39m,
      syscall: [32m&apos;connect&apos;[39m,
      address: [32m&apos;127.0.0.1&apos;[39m,
      port: [33m6379[39m
    }
  ]
}

[Redis] Client Error AggregateError: 
[90m    at internalConnectMultiple (node:net:1134:18)[39m
[90m    at afterConnectMultiple (node:net:1715:7)[39m {
  code: [32m&apos;ECONNREFUSED&apos;[39m,
  [errors]: [
    Error: connect ECONNREFUSED ::1:6379
    [90m    at createConnectionError (node:net:1678:14)[39m
    [90m    at afterConnectMultiple (node:net:1708:16)[39m {
      errno: [33m-61[39m,
      code: [32m&apos;ECONNREFUSED&apos;[39m,
      syscall: [32m&apos;connect&apos;[39m,
      address: [32m&apos;::1&apos;[39m,
      port: [33m6379[39m
    },
    Error: connect ECONNREFUSED 127.0.0.1:6379
    [90m    at createConnectionError (node:net:1678:14)[39m
    [90m    at afterConnectMultiple (node:net:1708:16)[39m {
      errno: [33m-61[39m,
      code: [32m&apos;ECONNREFUSED&apos;[39m,
      syscall: [32m&apos;connect&apos;[39m,
      address: [32m&apos;127.0.0.1&apos;[39m,
      port: [33m6379[39m
    }
  ]
}

AggregateError: 
[90m    at internalConnectMultiple (node:net:1134:18)[39m
[90m    at afterConnectMultiple (node:net:1715:7)[39m {
  code: [32m&apos;ECONNREFUSED&apos;[39m,
  [errors]: [
    Error: connect ECONNREFUSED ::1:6379
    [90m    at createConnectionError (node:net:1678:14)[39m
    [90m    at afterConnectMultiple (node:net:1708:16)[39m {
      errno: [33m-61[39m,
      code: [32m&apos;ECONNREFUSED&apos;[39m,
      syscall: [32m&apos;connect&apos;[39m,
      address: [32m&apos;::1&apos;[39m,
      port: [33m6379[39m
    },
    Error: connect ECONNREFUSED 127.0.0.1:6379
    [90m    at createConnectionError (node:net:1678:14)[39m
    [90m    at afterConnectMultiple (node:net:1708:16)[39m {
      errno: [33m-61[39m,
      code: [32m&apos;ECONNREFUSED&apos;[39m,
      syscall: [32m&apos;connect&apos;[39m,
      address: [32m&apos;127.0.0.1&apos;[39m,
      port: [33m6379[39m
    }
  ]
}

[Redis] Client Error AggregateError: 
[90m    at internalConnectMultiple (node:net:1134:18)[39m
[90m    at afterConnectMultiple (node:net:1715:7)[39m {
  code: [32m&apos;ECONNREFUSED&apos;[39m,
  [errors]: [
    Error: connect ECONNREFUSED ::1:6379
    [90m    at createConnectionError (node:net:1678:14)[39m
    [90m    at afterConnectMultiple (node:net:1708:16)[39m {
      errno: [33m-61[39m,
      code: [32m&apos;ECONNREFUSED&apos;[39m,
      syscall: [32m&apos;connect&apos;[39m,
      address: [32m&apos;::1&apos;[39m,
      port: [33m6379[39m
    },
    Error: connect ECONNREFUSED 127.0.0.1:6379
    [90m    at createConnectionError (node:net:1678:14)[39m
    [90m    at afterConnectMultiple (node:net:1708:16)[39m {
      errno: [33m-61[39m,
      code: [32m&apos;ECONNREFUSED&apos;[39m,
      syscall: [32m&apos;connect&apos;[39m,
      address: [32m&apos;127.0.0.1&apos;[39m,
      port: [33m6379[39m
    }
  ]
}

AggregateError: 
[90m    at internalConnectMultiple (node:net:1134:18)[39m
[90m    at afterConnectMultiple (node:net:1715:7)[39m {
  code: [32m&apos;ECONNREFUSED&apos;[39m,
  [errors]: [
    Error: connect ECONNREFUSED ::1:6379
    [90m    at createConnectionError (node:net:1678:14)[39m
    [90m    at afterConnectMultiple (node:net:1708:16)[39m {
      errno: [33m-61[39m,
      code: [32m&apos;ECONNREFUSED&apos;[39m,
      syscall: [32m&apos;connect&apos;[39m,
      address: [32m&apos;::1&apos;[39m,
      port: [33m6379[39m
    },
    Error: connect ECONNREFUSED 127.0.0.1:6379
    [90m    at createConnectionError (node:net:1678:14)[39m
    [90m    at afterConnectMultiple (node:net:1708:16)[39m {
      errno: [33m-61[39m,
      code: [32m&apos;ECONNREFUSED&apos;[39m,
      syscall: [32m&apos;connect&apos;[39m,
      address: [32m&apos;127.0.0.1&apos;[39m,
      port: [33m6379[39m
    }
  ]
}

[Redis] Client Error AggregateError: 
[90m    at internalConnectMultiple (node:net:1134:18)[39m
[90m    at afterConnectMultiple (node:net:1715:7)[39m {
  code: [32m&apos;ECONNREFUSED&apos;[39m,
  [errors]: [
    Error: connect ECONNREFUSED ::1:6379
    [90m    at createConnectionError (node:net:1678:14)[39m
    [90m    at afterConnectMultiple (node:net:1708:16)[39m {
      errno: [33m-61[39m,
      code: [32m&apos;ECONNREFUSED&apos;[39m,
      syscall: [32m&apos;connect&apos;[39m,
      address: [32m&apos;::1&apos;[39m,
      port: [33m6379[39m
    },
    Error: connect ECONNREFUSED 127.0.0.1:6379
    [90m    at createConnectionError (node:net:1678:14)[39m
    [90m    at afterConnectMultiple (node:net:1708:16)[39m {
      errno: [33m-61[39m,
      code: [32m&apos;ECONNREFUSED&apos;[39m,
      syscall: [32m&apos;connect&apos;[39m,
      address: [32m&apos;127.0.0.1&apos;[39m,
      port: [33m6379[39m
    }
  ]
}

AggregateError: 
[90m    at internalConnectMultiple (node:net:1134:18)[39m
[90m    at afterConnectMultiple (node:net:1715:7)[39m {
  code: [32m&apos;ECONNREFUSED&apos;[39m,
  [errors]: [
    Error: connect ECONNREFUSED ::1:6379
    [90m    at createConnectionError (node:net:1678:14)[39m
    [90m    at afterConnectMultiple (node:net:1708:16)[39m {
      errno: [33m-61[39m,
      code: [32m&apos;ECONNREFUSED&apos;[39m,
      syscall: [32m&apos;connect&apos;[39m,
      address: [32m&apos;::1&apos;[39m,
      port: [33m6379[39m
    },
    Error: connect ECONNREFUSED 127.0.0.1:6379
    [90m    at createConnectionError (node:net:1678:14)[39m
    [90m    at afterConnectMultiple (node:net:1708:16)[39m {
      errno: [33m-61[39m,
      code: [32m&apos;ECONNREFUSED&apos;[39m,
      syscall: [32m&apos;connect&apos;[39m,
      address: [32m&apos;127.0.0.1&apos;[39m,
      port: [33m6379[39m
    }
  ]
}

[Redis] Client Error AggregateError: 
[90m    at internalConnectMultiple (node:net:1134:18)[39m
[90m    at afterConnectMultiple (node:net:1715:7)[39m {
  code: [32m&apos;ECONNREFUSED&apos;[39m,
  [errors]: [
    Error: connect ECONNREFUSED ::1:6379
    [90m    at createConnectionError (node:net:1678:14)[39m
    [90m    at afterConnectMultiple (node:net:1708:16)[39m {
      errno: [33m-61[39m,
      code: [32m&apos;ECONNREFUSED&apos;[39m,
      syscall: [32m&apos;connect&apos;[39m,
      address: [32m&apos;::1&apos;[39m,
      port: [33m6379[39m
    },
    Error: connect ECONNREFUSED 127.0.0.1:6379
    [90m    at createConnectionError (node:net:1678:14)[39m
    [90m    at afterConnectMultiple (node:net:1708:16)[39m {
      errno: [33m-61[39m,
      code: [32m&apos;ECONNREFUSED&apos;[39m,
      syscall: [32m&apos;connect&apos;[39m,
      address: [32m&apos;127.0.0.1&apos;[39m,
      port: [33m6379[39m
    }
  ]
}

AggregateError: 
[90m    at internalConnectMultiple (node:net:1134:18)[39m
[90m    at afterConnectMultiple (node:net:1715:7)[39m {
  code: [32m&apos;ECONNREFUSED&apos;[39m,
  [errors]: [
    Error: connect ECONNREFUSED ::1:6379
    [90m    at createConnectionError (node:net:1678:14)[39m
    [90m    at afterConnectMultiple (node:net:1708:16)[39m {
      errno: [33m-61[39m,
      code: [32m&apos;ECONNREFUSED&apos;[39m,
      syscall: [32m&apos;connect&apos;[39m,
      address: [32m&apos;::1&apos;[39m,
      port: [33m6379[39m
    },
    Error: connect ECONNREFUSED 127.0.0.1:6379
    [90m    at createConnectionError (node:net:1678:14)[39m
    [90m    at afterConnectMultiple (node:net:1708:16)[39m {
      errno: [33m-61[39m,
      code: [32m&apos;ECONNREFUSED&apos;[39m,
      syscall: [32m&apos;connect&apos;[39m,
      address: [32m&apos;127.0.0.1&apos;[39m,
      port: [33m6379[39m
    }
  ]
}

AggregateError: 
[90m    at internalConnectMultiple (node:net:1134:18)[39m
[90m    at afterConnectMultiple (node:net:1715:7)[39m {
  code: [32m&apos;ECONNREFUSED&apos;[39m,
  [errors]: [
    Error: connect ECONNREFUSED ::1:6379
    [90m    at createConnectionError (node:net:1678:14)[39m
    [90m    at afterConnectMultiple (node:net:1708:16)[39m {
      errno: [33m-61[39m,
      code: [32m&apos;ECONNREFUSED&apos;[39m,
      syscall: [32m&apos;connect&apos;[39m,
      address: [32m&apos;::1&apos;[39m,
      port: [33m6379[39m
    },
    Error: connect ECONNREFUSED 127.0.0.1:6379
    [90m    at createConnectionError (node:net:1678:14)[39m
    [90m    at afterConnectMultiple (node:net:1708:16)[39m {
      errno: [33m-61[39m,
      code: [32m&apos;ECONNREFUSED&apos;[39m,
      syscall: [32m&apos;connect&apos;[39m,
      address: [32m&apos;127.0.0.1&apos;[39m,
      port: [33m6379[39m
    }
  ]
}

[Redis] Client Error AggregateError: 
[90m    at internalConnectMultiple (node:net:1134:18)[39m
[90m    at afterConnectMultiple (node:net:1715:7)[39m {
  code: [32m&apos;ECONNREFUSED&apos;[39m,
  [errors]: [
    Error: connect ECONNREFUSED ::1:6379
    [90m    at createConnectionError (node:net:1678:14)[39m
    [90m    at afterConnectMultiple (node:net:1708:16)[39m {
      errno: [33m-61[39m,
      code: [32m&apos;ECONNREFUSED&apos;[39m,
      syscall: [32m&apos;connect&apos;[39m,
      address: [32m&apos;::1&apos;[39m,
      port: [33m6379[39m
    },
    Error: connect ECONNREFUSED 127.0.0.1:6379
    [90m    at createConnectionError (node:net:1678:14)[39m
    [90m    at afterConnectMultiple (node:net:1708:16)[39m {
      errno: [33m-61[39m,
      code: [32m&apos;ECONNREFUSED&apos;[39m,
      syscall: [32m&apos;connect&apos;[39m,
      address: [32m&apos;127.0.0.1&apos;[39m,
      port: [33m6379[39m
    }
  ]
}

AggregateError: 
[90m    at internalConnectMultiple (node:net:1134:18)[39m
[90m    at afterConnectMultiple (node:net:1715:7)[39m {
  code: [32m&apos;ECONNREFUSED&apos;[39m,
  [errors]: [
    Error: connect ECONNREFUSED ::1:6379
    [90m    at createConnectionError (node:net:1678:14)[39m
    [90m    at afterConnectMultiple (node:net:1708:16)[39m {
      errno: [33m-61[39m,
      code: [32m&apos;ECONNREFUSED&apos;[39m,
      syscall: [32m&apos;connect&apos;[39m,
      address: [32m&apos;::1&apos;[39m,
      port: [33m6379[39m
    },
    Error: connect ECONNREFUSED 127.0.0.1:6379
    [90m    at createConnectionError (node:net:1678:14)[39m
    [90m    at afterConnectMultiple (node:net:1708:16)[39m {
      errno: [33m-61[39m,
      code: [32m&apos;ECONNREFUSED&apos;[39m,
      syscall: [32m&apos;connect&apos;[39m,
      address: [32m&apos;127.0.0.1&apos;[39m,
      port: [33m6379[39m
    }
  ]
}

AggregateError: 
[90m    at internalConnectMultiple (node:net:1134:18)[39m
[90m    at afterConnectMultiple (node:net:1715:7)[39m {
  code: [32m&apos;ECONNREFUSED&apos;[39m,
  [errors]: [
    Error: connect ECONNREFUSED ::1:6379
    [90m    at createConnectionError (node:net:1678:14)[39m
    [90m    at afterConnectMultiple (node:net:1708:16)[39m {
      errno: [33m-61[39m,
      code: [32m&apos;ECONNREFUSED&apos;[39m,
      syscall: [32m&apos;connect&apos;[39m,
      address: [32m&apos;::1&apos;[39m,
      port: [33m6379[39m
    },
    Error: connect ECONNREFUSED 127.0.0.1:6379
    [90m    at createConnectionError (node:net:1678:14)[39m
    [90m    at afterConnectMultiple (node:net:1708:16)[39m {
      errno: [33m-61[39m,
      code: [32m&apos;ECONNREFUSED&apos;[39m,
      syscall: [32m&apos;connect&apos;[39m,
      address: [32m&apos;127.0.0.1&apos;[39m,
      port: [33m6379[39m
    }
  ]
}

[Redis] Client Error AggregateError: 
[90m    at internalConnectMultiple (node:net:1134:18)[39m
[90m    at afterConnectMultiple (node:net:1715:7)[39m {
  code: [32m&apos;ECONNREFUSED&apos;[39m,
  [errors]: [
    Error: connect ECONNREFUSED ::1:6379
    [90m    at createConnectionError (node:net:1678:14)[39m
    [90m    at afterConnectMultiple (node:net:1708:16)[39m {
      errno: [33m-61[39m,
      code: [32m&apos;ECONNREFUSED&apos;[39m,
      syscall: [32m&apos;connect&apos;[39m,
      address: [32m&apos;::1&apos;[39m,
      port: [33m6379[39m
    },
    Error: connect ECONNREFUSED 127.0.0.1:6379
    [90m    at createConnectionError (node:net:1678:14)[39m
    [90m    at afterConnectMultiple (node:net:1708:16)[39m {
      errno: [33m-61[39m,
      code: [32m&apos;ECONNREFUSED&apos;[39m,
      syscall: [32m&apos;connect&apos;[39m,
      address: [32m&apos;127.0.0.1&apos;[39m,
      port: [33m6379[39m
    }
  ]
}

            </system-err>
            <failure message="Hook timed out in 10000ms.
If this is a long-running hook, pass a timeout value as the last argument or configure it globally with &quot;hookTimeout&quot;." type="Error">
Error: Hook timed out in 10000ms.
If this is a long-running hook, pass a timeout value as the last argument or configure it globally with &quot;hookTimeout&quot;.
 ❯ tests/integration/projects.test.js:16:14
            </failure>
        </testcase>
    </testsuite>
    <testsuite name="tests/integration/storage_security.test.js" timestamp="2025-12-11T12:21:31.707Z" hostname="Air-Piotr.lan" tests="5" failures="1" errors="0" skipped="4" time="10.142840792">
        <testcase classname="tests/integration/storage_security.test.js" name="Storage Security &amp; Isolation Integration &gt; should NOT allow User B to see files uploaded by User A" time="0">
            <skipped/>
        </testcase>
        <testcase classname="tests/integration/storage_security.test.js" name="Storage Security &amp; Isolation Integration &gt; should block upload if project storage limit is exceeded" time="0">
            <skipped/>
        </testcase>
        <testcase classname="tests/integration/storage_security.test.js" name="Storage Security &amp; Isolation Integration &gt; should sanitize filenames preventing directory traversal" time="0">
            <skipped/>
        </testcase>
        <testcase classname="tests/integration/storage_security.test.js" name="Storage Security &amp; Isolation Integration &gt; should soft delete files instead of removing them immediately" time="0">
            <skipped/>
        </testcase>
        <testcase classname="tests/integration/storage_security.test.js" name="Storage Security &amp; Isolation Integration" time="10.133418416">
            <system-out>
Connected to the SQLite database.
Created billing tables and seeded default subscription plans.

Connected to the SQLite database.
Created billing tables and seeded default subscription plans.

            </system-out>
            <system-err>
AggregateError: 
[90m    at internalConnectMultiple (node:net:1134:18)[39m
[90m    at afterConnectMultiple (node:net:1715:7)[39m {
  code: [32m&apos;ECONNREFUSED&apos;[39m,
  [errors]: [
    Error: connect ECONNREFUSED ::1:6379
    [90m    at createConnectionError (node:net:1678:14)[39m
    [90m    at afterConnectMultiple (node:net:1708:16)[39m {
      errno: [33m-61[39m,
      code: [32m&apos;ECONNREFUSED&apos;[39m,
      syscall: [32m&apos;connect&apos;[39m,
      address: [32m&apos;::1&apos;[39m,
      port: [33m6379[39m
    },
    Error: connect ECONNREFUSED 127.0.0.1:6379
    [90m    at createConnectionError (node:net:1678:14)[39m
    [90m    at afterConnectMultiple (node:net:1708:16)[39m {
      errno: [33m-61[39m,
      code: [32m&apos;ECONNREFUSED&apos;[39m,
      syscall: [32m&apos;connect&apos;[39m,
      address: [32m&apos;127.0.0.1&apos;[39m,
      port: [33m6379[39m
    }
  ]
}

[Redis] Client Error AggregateError: 
[90m    at internalConnectMultiple (node:net:1134:18)[39m
[90m    at afterConnectMultiple (node:net:1715:7)[39m {
  code: [32m&apos;ECONNREFUSED&apos;[39m,
  [errors]: [
    Error: connect ECONNREFUSED ::1:6379
    [90m    at createConnectionError (node:net:1678:14)[39m
    [90m    at afterConnectMultiple (node:net:1708:16)[39m {
      errno: [33m-61[39m,
      code: [32m&apos;ECONNREFUSED&apos;[39m,
      syscall: [32m&apos;connect&apos;[39m,
      address: [32m&apos;::1&apos;[39m,
      port: [33m6379[39m
    },
    Error: connect ECONNREFUSED 127.0.0.1:6379
    [90m    at createConnectionError (node:net:1678:14)[39m
    [90m    at afterConnectMultiple (node:net:1708:16)[39m {
      errno: [33m-61[39m,
      code: [32m&apos;ECONNREFUSED&apos;[39m,
      syscall: [32m&apos;connect&apos;[39m,
      address: [32m&apos;127.0.0.1&apos;[39m,
      port: [33m6379[39m
    }
  ]
}

[Redis] Client Error AggregateError: 
[90m    at internalConnectMultiple (node:net:1134:18)[39m
[90m    at afterConnectMultiple (node:net:1715:7)[39m {
  code: [32m&apos;ECONNREFUSED&apos;[39m,
  [errors]: [
    Error: connect ECONNREFUSED ::1:6379
    [90m    at createConnectionError (node:net:1678:14)[39m
    [90m    at afterConnectMultiple (node:net:1708:16)[39m {
      errno: [33m-61[39m,
      code: [32m&apos;ECONNREFUSED&apos;[39m,
      syscall: [32m&apos;connect&apos;[39m,
      address: [32m&apos;::1&apos;[39m,
      port: [33m6379[39m
    },
    Error: connect ECONNREFUSED 127.0.0.1:6379
    [90m    at createConnectionError (node:net:1678:14)[39m
    [90m    at afterConnectMultiple (node:net:1708:16)[39m {
      errno: [33m-61[39m,
      code: [32m&apos;ECONNREFUSED&apos;[39m,
      syscall: [32m&apos;connect&apos;[39m,
      address: [32m&apos;127.0.0.1&apos;[39m,
      port: [33m6379[39m
    }
  ]
}

[Redis] Client Error AggregateError: 
[90m    at internalConnectMultiple (node:net:1134:18)[39m
[90m    at afterConnectMultiple (node:net:1715:7)[39m {
  code: [32m&apos;ECONNREFUSED&apos;[39m,
  [errors]: [
    Error: connect ECONNREFUSED ::1:6379
    [90m    at createConnectionError (node:net:1678:14)[39m
    [90m    at afterConnectMultiple (node:net:1708:16)[39m {
      errno: [33m-61[39m,
      code: [32m&apos;ECONNREFUSED&apos;[39m,
      syscall: [32m&apos;connect&apos;[39m,
      address: [32m&apos;::1&apos;[39m,
      port: [33m6379[39m
    },
    Error: connect ECONNREFUSED 127.0.0.1:6379
    [90m    at createConnectionError (node:net:1678:14)[39m
    [90m    at afterConnectMultiple (node:net:1708:16)[39m {
      errno: [33m-61[39m,
      code: [32m&apos;ECONNREFUSED&apos;[39m,
      syscall: [32m&apos;connect&apos;[39m,
      address: [32m&apos;127.0.0.1&apos;[39m,
      port: [33m6379[39m
    }
  ]
}

AggregateError: 
[90m    at internalConnectMultiple (node:net:1134:18)[39m
[90m    at afterConnectMultiple (node:net:1715:7)[39m {
  code: [32m&apos;ECONNREFUSED&apos;[39m,
  [errors]: [
    Error: connect ECONNREFUSED ::1:6379
    [90m    at createConnectionError (node:net:1678:14)[39m
    [90m    at afterConnectMultiple (node:net:1708:16)[39m {
      errno: [33m-61[39m,
      code: [32m&apos;ECONNREFUSED&apos;[39m,
      syscall: [32m&apos;connect&apos;[39m,
      address: [32m&apos;::1&apos;[39m,
      port: [33m6379[39m
    },
    Error: connect ECONNREFUSED 127.0.0.1:6379
    [90m    at createConnectionError (node:net:1678:14)[39m
    [90m    at afterConnectMultiple (node:net:1708:16)[39m {
      errno: [33m-61[39m,
      code: [32m&apos;ECONNREFUSED&apos;[39m,
      syscall: [32m&apos;connect&apos;[39m,
      address: [32m&apos;127.0.0.1&apos;[39m,
      port: [33m6379[39m
    }
  ]
}

[Redis] Client Error AggregateError: 
[90m    at internalConnectMultiple (node:net:1134:18)[39m
[90m    at afterConnectMultiple (node:net:1715:7)[39m {
  code: [32m&apos;ECONNREFUSED&apos;[39m,
  [errors]: [
    Error: connect ECONNREFUSED ::1:6379
    [90m    at createConnectionError (node:net:1678:14)[39m
    [90m    at afterConnectMultiple (node:net:1708:16)[39m {
      errno: [33m-61[39m,
      code: [32m&apos;ECONNREFUSED&apos;[39m,
      syscall: [32m&apos;connect&apos;[39m,
      address: [32m&apos;::1&apos;[39m,
      port: [33m6379[39m
    },
    Error: connect ECONNREFUSED 127.0.0.1:6379
    [90m    at createConnectionError (node:net:1678:14)[39m
    [90m    at afterConnectMultiple (node:net:1708:16)[39m {
      errno: [33m-61[39m,
      code: [32m&apos;ECONNREFUSED&apos;[39m,
      syscall: [32m&apos;connect&apos;[39m,
      address: [32m&apos;127.0.0.1&apos;[39m,
      port: [33m6379[39m
    }
  ]
}

AggregateError: 
[90m    at internalConnectMultiple (node:net:1134:18)[39m
[90m    at afterConnectMultiple (node:net:1715:7)[39m {
  code: [32m&apos;ECONNREFUSED&apos;[39m,
  [errors]: [
    Error: connect ECONNREFUSED ::1:6379
    [90m    at createConnectionError (node:net:1678:14)[39m
    [90m    at afterConnectMultiple (node:net:1708:16)[39m {
      errno: [33m-61[39m,
      code: [32m&apos;ECONNREFUSED&apos;[39m,
      syscall: [32m&apos;connect&apos;[39m,
      address: [32m&apos;::1&apos;[39m,
      port: [33m6379[39m
    },
    Error: connect ECONNREFUSED 127.0.0.1:6379
    [90m    at createConnectionError (node:net:1678:14)[39m
    [90m    at afterConnectMultiple (node:net:1708:16)[39m {
      errno: [33m-61[39m,
      code: [32m&apos;ECONNREFUSED&apos;[39m,
      syscall: [32m&apos;connect&apos;[39m,
      address: [32m&apos;127.0.0.1&apos;[39m,
      port: [33m6379[39m
    }
  ]
}

[Redis] Client Error AggregateError: 
[90m    at internalConnectMultiple (node:net:1134:18)[39m
[90m    at afterConnectMultiple (node:net:1715:7)[39m {
  code: [32m&apos;ECONNREFUSED&apos;[39m,
  [errors]: [
    Error: connect ECONNREFUSED ::1:6379
    [90m    at createConnectionError (node:net:1678:14)[39m
    [90m    at afterConnectMultiple (node:net:1708:16)[39m {
      errno: [33m-61[39m,
      code: [32m&apos;ECONNREFUSED&apos;[39m,
      syscall: [32m&apos;connect&apos;[39m,
      address: [32m&apos;::1&apos;[39m,
      port: [33m6379[39m
    },
    Error: connect ECONNREFUSED 127.0.0.1:6379
    [90m    at createConnectionError (node:net:1678:14)[39m
[...]
      syscall: [32m&apos;connect&apos;[39m,
      address: [32m&apos;::1&apos;[39m,
      port: [33m6379[39m
    },
    Error: connect ECONNREFUSED 127.0.0.1:6379
    [90m    at createConnectionError (node:net:1678:14)[39m
    [90m    at afterConnectMultiple (node:net:1708:16)[39m {
      errno: [33m-61[39m,
      code: [32m&apos;ECONNREFUSED&apos;[39m,
      syscall: [32m&apos;connect&apos;[39m,
      address: [32m&apos;127.0.0.1&apos;[39m,
      port: [33m6379[39m
    }
  ]
}

[Redis] Client Error AggregateError: 
[90m    at internalConnectMultiple (node:net:1134:18)[39m
[90m    at afterConnectMultiple (node:net:1715:7)[39m {
  code: [32m&apos;ECONNREFUSED&apos;[39m,
  [errors]: [
    Error: connect ECONNREFUSED ::1:6379
    [90m    at createConnectionError (node:net:1678:14)[39m
    [90m    at afterConnectMultiple (node:net:1708:16)[39m {
      errno: [33m-61[39m,
      code: [32m&apos;ECONNREFUSED&apos;[39m,
      syscall: [32m&apos;connect&apos;[39m,
      address: [32m&apos;::1&apos;[39m,
      port: [33m6379[39m
    },
    Error: connect ECONNREFUSED 127.0.0.1:6379
    [90m    at createConnectionError (node:net:1678:14)[39m
    [90m    at afterConnectMultiple (node:net:1708:16)[39m {
      errno: [33m-61[39m,
      code: [32m&apos;ECONNREFUSED&apos;[39m,
      syscall: [32m&apos;connect&apos;[39m,
      address: [32m&apos;127.0.0.1&apos;[39m,
      port: [33m6379[39m
    }
  ]
}

AggregateError: 
[90m    at internalConnectMultiple (node:net:1134:18)[39m
[90m    at afterConnectMultiple (node:net:1715:7)[39m {
  code: [32m&apos;ECONNREFUSED&apos;[39m,
  [errors]: [
    Error: connect ECONNREFUSED ::1:6379
    [90m    at createConnectionError (node:net:1678:14)[39m
    [90m    at afterConnectMultiple (node:net:1708:16)[39m {
      errno: [33m-61[39m,
      code: [32m&apos;ECONNREFUSED&apos;[39m,
      syscall: [32m&apos;connect&apos;[39m,
      address: [32m&apos;::1&apos;[39m,
      port: [33m6379[39m
    },
    Error: connect ECONNREFUSED 127.0.0.1:6379
    [90m    at createConnectionError (node:net:1678:14)[39m
    [90m    at afterConnectMultiple (node:net:1708:16)[39m {
      errno: [33m-61[39m,
      code: [32m&apos;ECONNREFUSED&apos;[39m,
      syscall: [32m&apos;connect&apos;[39m,
      address: [32m&apos;127.0.0.1&apos;[39m,
      port: [33m6379[39m
    }
  ]
}

AggregateError: 
[90m    at internalConnectMultiple (node:net:1134:18)[39m
[90m    at afterConnectMultiple (node:net:1715:7)[39m {
  code: [32m&apos;ECONNREFUSED&apos;[39m,
  [errors]: [
    Error: connect ECONNREFUSED ::1:6379
    [90m    at createConnectionError (node:net:1678:14)[39m
    [90m    at afterConnectMultiple (node:net:1708:16)[39m {
      errno: [33m-61[39m,
      code: [32m&apos;ECONNREFUSED&apos;[39m,
      syscall: [32m&apos;connect&apos;[39m,
      address: [32m&apos;::1&apos;[39m,
      port: [33m6379[39m
    },
    Error: connect ECONNREFUSED 127.0.0.1:6379
    [90m    at createConnectionError (node:net:1678:14)[39m
    [90m    at afterConnectMultiple (node:net:1708:16)[39m {
      errno: [33m-61[39m,
      code: [32m&apos;ECONNREFUSED&apos;[39m,
      syscall: [32m&apos;connect&apos;[39m,
      address: [32m&apos;127.0.0.1&apos;[39m,
      port: [33m6379[39m
    }
  ]
}

[Redis] Client Error AggregateError: 
[90m    at internalConnectMultiple (node:net:1134:18)[39m
[90m    at afterConnectMultiple (node:net:1715:7)[39m {
  code: [32m&apos;ECONNREFUSED&apos;[39m,
  [errors]: [
    Error: connect ECONNREFUSED ::1:6379
    [90m    at createConnectionError (node:net:1678:14)[39m
    [90m    at afterConnectMultiple (node:net:1708:16)[39m {
      errno: [33m-61[39m,
      code: [32m&apos;ECONNREFUSED&apos;[39m,
      syscall: [32m&apos;connect&apos;[39m,
      address: [32m&apos;::1&apos;[39m,
      port: [33m6379[39m
    },
    Error: connect ECONNREFUSED 127.0.0.1:6379
    [90m    at createConnectionError (node:net:1678:14)[39m
    [90m    at afterConnectMultiple (node:net:1708:16)[39m {
      errno: [33m-61[39m,
      code: [32m&apos;ECONNREFUSED&apos;[39m,
      syscall: [32m&apos;connect&apos;[39m,
      address: [32m&apos;127.0.0.1&apos;[39m,
      port: [33m6379[39m
    }
  ]
}

            </system-err>
            <failure message="Hook timed out in 10000ms.
If this is a long-running hook, pass a timeout value as the last argument or configure it globally with &quot;hookTimeout&quot;." type="Error">
Error: Hook timed out in 10000ms.
If this is a long-running hook, pass a timeout value as the last argument or configure it globally with &quot;hookTimeout&quot;.
 ❯ tests/integration/tasks.test.js:16:14
            </failure>
        </testcase>
    </testsuite>
    <testsuite name="tests/integration/backend/planLimits.test.js" timestamp="2025-12-11T12:21:31.743Z" hostname="Air-Piotr.lan" tests="2" failures="2" errors="0" skipped="0" time="11.12023925">
        <testcase classname="tests/integration/backend/planLimits.test.js" name="Plan Limits Integration &gt; should prevent creating more projects than allowed by Free plan" time="5.015455375">
            <system-err>
[Redis] Client Error AggregateError: 
[90m    at internalConnectMultiple (node:net:1134:18)[39m
[90m    at afterConnectMultiple (node:net:1715:7)[39m {
  code: [32m&apos;ECONNREFUSED&apos;[39m,
  [errors]: [
    Error: connect ECONNREFUSED ::1:6379
    [90m    at createConnectionError (node:net:1678:14)[39m
    [90m    at afterConnectMultiple (node:net:1708:16)[39m {
      errno: [33m-61[39m,
      code: [32m&apos;ECONNREFUSED&apos;[39m,
      syscall: [32m&apos;connect&apos;[39m,
      address: [32m&apos;::1&apos;[39m,
      port: [33m6379[39m
    },
    Error: connect ECONNREFUSED 127.0.0.1:6379
    [90m    at createConnectionError (node:net:1678:14)[39m
    [90m    at afterConnectMultiple (node:net:1708:16)[39m {
      errno: [33m-61[39m,
      code: [32m&apos;ECONNREFUSED&apos;[39m,
      syscall: [32m&apos;connect&apos;[39m,
      address: [32m&apos;127.0.0.1&apos;[39m,
      port: [33m6379[39m
    }
  ]
}

AggregateError: 
[90m    at internalConnectMultiple (node:net:1134:18)[39m
[90m    at afterConnectMultiple (node:net:1715:7)[39m {
  code: [32m&apos;ECONNREFUSED&apos;[39m,
  [errors]: [
    Error: connect ECONNREFUSED ::1:6379
    [90m    at createConnectionError (node:net:1678:14)[39m
    [90m    at afterConnectMultiple (node:net:1708:16)[39m {
      errno: [33m-61[39m,
      code: [32m&apos;ECONNREFUSED&apos;[39m,
      syscall: [32m&apos;connect&apos;[39m,
      address: [32m&apos;::1&apos;[39m,
      port: [33m6379[39m
    },
    Error: connect ECONNREFUSED 127.0.0.1:6379
    [90m    at createConnectionError (node:net:1678:14)[39m
    [90m    at afterConnectMultiple (node:net:1708:16)[39m {
      errno: [33m-61[39m,
      code: [32m&apos;ECONNREFUSED&apos;[39m,
      syscall: [32m&apos;connect&apos;[39m,
      address: [32m&apos;127.0.0.1&apos;[39m,
      port: [33m6379[39m
    }
  ]
}

[Redis] Client Error AggregateError: 
[90m    at internalConnectMultiple (node:net:1134:18)[39m
[90m    at afterConnectMultiple (node:net:1715:7)[39m {
  code: [32m&apos;ECONNREFUSED&apos;[39m,
  [errors]: [
    Error: connect ECONNREFUSED ::1:6379
    [90m    at createConnectionError (node:net:1678:14)[39m
    [90m    at afterConnectMultiple (node:net:1708:16)[39m {
      errno: [33m-61[39m,
      code: [32m&apos;ECONNREFUSED&apos;[39m,
      syscall: [32m&apos;connect&apos;[39m,
      address: [32m&apos;::1&apos;[39m,
      port: [33m6379[39m
    },
    Error: connect ECONNREFUSED 127.0.0.1:6379
    [90m    at createConnectionError (node:net:1678:14)[39m
    [90m    at afterConnectMultiple (node:net:1708:16)[39m {
      errno: [33m-61[39m,
      code: [32m&apos;ECONNREFUSED&apos;[39m,
      syscall: [32m&apos;connect&apos;[39m,
      address: [32m&apos;127.0.0.1&apos;[39m,
      port: [33m6379[39m
    }
  ]
}

AggregateError: 
[90m    at internalConnectMultiple (node:net:1134:18)[39m
[90m    at afterConnectMultiple (node:net:1715:7)[39m {
  code: [32m&apos;ECONNREFUSED&apos;[39m,
  [errors]: [
    Error: connect ECONNREFUSED ::1:6379
    [90m    at createConnectionError (node:net:1678:14)[39m
    [90m    at afterConnectMultiple (node:net:1708:16)[39m {
      errno: [33m-61[39m,
      code: [32m&apos;ECONNREFUSED&apos;[39m,
      syscall: [32m&apos;connect&apos;[39m,
      address: [32m&apos;::1&apos;[39m,
      port: [33m6379[39m
    },
    Error: connect ECONNREFUSED 127.0.0.1:6379
    [90m    at createConnectionError (node:net:1678:14)[39m
    [90m    at afterConnectMultiple (node:net:1708:16)[39m {
      errno: [33m-61[39m,
      code: [32m&apos;ECONNREFUSED&apos;[39m,
      syscall: [32m&apos;connect&apos;[39m,
      address: [32m&apos;127.0.0.1&apos;[39m,
      port: [33m6379[39m
    }
  ]
}

[Redis] Client Error AggregateError: 
[90m    at internalConnectMultiple (node:net:1134:18)[39m
[90m    at afterConnectMultiple (node:net:1715:7)[39m {
  code: [32m&apos;ECONNREFUSED&apos;[39m,
  [errors]: [
    Error: connect ECONNREFUSED ::1:6379
    [90m    at createConnectionError (node:net:1678:14)[39m
    [90m    at afterConnectMultiple (node:net:1708:16)[39m {
      errno: [33m-61[39m,
      code: [32m&apos;ECONNREFUSED&apos;[39m,
      syscall: [32m&apos;connect&apos;[39m,
      address: [32m&apos;::1&apos;[39m,
      port: [33m6379[39m
    },
    Error: connect ECONNREFUSED 127.0.0.1:6379
    [90m    at createConnectionError (node:net:1678:14)[39m
    [90m    at afterConnectMultiple (node:net:1708:16)[39m {
      errno: [33m-61[39m,
      code: [32m&apos;ECONNREFUSED&apos;[39m,
      syscall: [32m&apos;connect&apos;[39m,
      address: [32m&apos;127.0.0.1&apos;[39m,
      port: [33m6379[39m
    }
  ]
}

AggregateError: 
[90m    at internalConnectMultiple (node:net:1134:18)[39m
[90m    at afterConnectMultiple (node:net:1715:7)[39m {
  code: [32m&apos;ECONNREFUSED&apos;[39m,
  [errors]: [
    Error: connect ECONNREFUSED ::1:6379
    [90m    at createConnectionError (node:net:1678:14)[39m
    [90m    at afterConnectMultiple (node:net:1708:16)[39m {
      errno: [33m-61[39m,
      code: [32m&apos;ECONNREFUSED&apos;[39m,
      syscall: [32m&apos;connect&apos;[39m,
      address: [32m&apos;::1&apos;[39m,
      port: [33m6379[39m
    },
    Error: connect ECONNREFUSED 127.0.0.1:6379
    [90m    at createConnectionError (node:net:1678:14)[39m
    [90m    at afterConnectMultiple (node:net:1708:16)[39m {
      errno: [33m-61[39m,
      code: [32m&apos;ECONNREFUSED&apos;[39m,
      syscall: [32m&apos;connect&apos;[39m,
      address: [32m&apos;127.0.0.1&apos;[39m,
      port: [33m6379[39m
    }
  ]
}

[Redis] Client Error AggregateError: 
[90m    at internalConnectMultiple (node:net:1134:18)[39m
[90m    at afterConnectMultiple (node:net:1715:7)[39m {
  code: [32m&apos;ECONNREFUSED&apos;[39m,
  [errors]: [
    Error: connect ECONNREFUSED ::1:6379
    [90m    at createConnectionError (node:net:1678:14)[39m
    [90m    at afterConnectMultiple (node:net:1708:16)[39m {
      errno: [33m-61[39m,
      code: [32m&apos;ECONNREFUSED&apos;[39m,
      syscall: [32m&apos;connect&apos;[39m,
      address: [32m&apos;::1&apos;[39m,
      port: [33m6379[39m
    },
    Error: connect ECONNREFUSED 127.0.0.1:6379
    [90m    at createConnectionError (node:net:1678:14)[39m
    [90m    at afterConnectMultiple (node:net:1708:16)[39m {
      errno: [33m-61[39m,
      code: [32m&apos;ECONNREFUSED&apos;[39m,
      syscall: [32m&apos;connect&apos;[39m,
      address: [32m&apos;127.0.0.1&apos;[39m,
      port: [33m6379[39m
    }
  ]
}

AggregateError: 
[90m    at internalConnectMultiple (node:net:1134:18)[39m
[90m    at afterConnectMultiple (node:net:1715:7)[39m {
  code: [32m&apos;ECONNREFUSED&apos;[39m,
  [errors]: [
    Error: connect ECONNREFUSED ::1:6379
    [90m    at createConnectionError (node:net:1678:14)[39m
    [90m    at afterConnectMultiple (node:net:1708:16)[39m {
      errno: [33m-61[39m,
      code: [32m&apos;ECONNREFUSED&apos;[39m,
      syscall: [32m&apos;connect&apos;[39m,
      address: [32m&apos;::1&apos;[39m,
      port: [33m6379[39m
    },
    Error: connect ECONNREFUSED 127.0.0.1:6379
    [90m    at createConnectionError (node:net:1678:14)[39m
    [90m    at afterConnectMultiple (node:net:1708:16)[39m {
      errno: [33m-61[39m,
      code: [32m&apos;ECONNREFUSED&apos;[39m,
      syscall: [32m&apos;connect&apos;[39m,
      address: [32m&apos;127.0.0.1&apos;[39m,
      port: [33m6379[39m
    }
  ]
}

AggregateError: 
[90m    at internalConnectMultiple (node:net:1134:18)[39m
[90m    at afterConnectMultiple (node:net:1715:7)[39m {
  code: [32m&apos;ECONNREFUSED&apos;[39m,
  [errors]: [
    Error: connect ECONNREFUSED ::1:6379
    [90m    at createConnectionError (node:net:1678:14)[39m
    [90m    at afterConnectMultiple (node:net:1708:16)[39m {
      errno: [33m-61[39m,
      code: [32m&apos;ECONNREFUSED&apos;[39m,
      syscall: [32m&apos;connect&apos;[39m,
      address: [32m&apos;::1&apos;[39m,
      port: [33m6379[39m
    },
    Error: connect ECONNREFUSED 127.0.0.1:6379
    [90m    at createConnectionError (node:net:1678:14)[39m
    [90m    at afterConnectMultiple (node:net:1708:16)[39m {
      errno: [33m-61[39m,
      code: [32m&apos;ECONNREFUSED&apos;[39m,
      syscall: [32m&apos;connect&apos;[39m,
      address: [32m&apos;127.0.0.1&apos;[39m,
      port: [33m6379[39m
    }
  ]
}

            </system-err>
            <failure message="Test timed out in 5000ms.
If this is a long-running test, pass a timeout value as the last argument or configure it globally with &quot;testTimeout&quot;." type="Error">
Error: Test timed out in 5000ms.
If this is a long-running test, pass a timeout value as the last argument or configure it globally with &quot;testTimeout&quot;.
 ❯ tests/integration/backend/planLimits.test.js:41:5
            </failure>
        </testcase>
        <testcase classname="tests/integration/backend/planLimits.test.js" name="Plan Limits Integration &gt; should allow creating more projects after upgrade" time="5.02520325">
            <system-err>
[Redis] Client Error AggregateError: 
[90m    at internalConnectMultiple (node:net:1134:18)[39m
[90m    at afterConnectMultiple (node:net:1715:7)[39m {
  code: [32m&apos;ECONNREFUSED&apos;[39m,
  [errors]: [
    Error: connect ECONNREFUSED ::1:6379
    [90m    at createConnectionError (node:net:1678:14)[39m
    [90m    at afterConnectMultiple (node:net:1708:16)[39m {
      errno: [33m-61[39m,
      code: [32m&apos;ECONNREFUSED&apos;[39m,
      syscall: [32m&apos;connect&apos;[39m,
      address: [32m&apos;::1&apos;[39m,
      port: [33m6379[39m
    },
    Error: connect ECONNREFUSED 127.0.0.1:6379
    [90m    at createConnectionError (node:net:1678:14)[39m
    [90m    at afterConnectMultiple (node:net:1708:16)[39m {
      errno: [33m-61[39m,
      code: [32m&apos;ECONNREFUSED&apos;[39m,
      syscall: [32m&apos;connect&apos;[39m,
      address: [32m&apos;127.0.0.1&apos;[39m,
      port: [33m6379[39m
    }
  ]
}

AggregateError: 
[90m    at internalConnectMultiple (node:net:1134:18)[39m
[90m    at afterConnectMultiple (node:net:1715:7)[39m {
  code: [32m&apos;ECONNREFUSED&apos;[39m,
  [errors]: [
    Error: connect ECONNREFUSED ::1:6379
    [90m    at createConnectionError (node:net:1678:14)[39m
    [90m    at afterConnectMultiple (node:net:1708:16)[39m {
      errno: [33m-61[39m,
      code: [32m&apos;ECONNREFUSED&apos;[39m,
      syscall: [32m&apos;connect&apos;[39m,
      address: [32m&apos;::1&apos;[39m,
      port: [33m6379[39m
    },
    Error: connect ECONNREFUSED 127.0.0.1:6379
    [90m    at createConnectionError (node:net:1678:14)[39m
    [90m    at afterConnectMultiple (node:net:1708:16)[39m {
      errno: [33m-61[39m,
      code: [32m&apos;ECONNREFUSED&apos;[39m,
      syscall: [32m&apos;connect&apos;[39m,
      address: [32m&apos;127.0.0.1&apos;[39m,
      port: [33m6379[39m
    }
  ]
}

AggregateError: 
[90m    at internalConnectMultiple (node:net:1134:18)[39m
[90m    at afterConnectMultiple (node:net:1715:7)[39m {
  code: [32m&apos;ECONNREFUSED&apos;[39m,
  [errors]: [
    Error: connect ECONNREFUSED ::1:6379
    [90m    at createConnectionError (node:net:1678:14)[39m
    [90m    at afterConnectMultiple (node:net:1708:16)[39m {
      errno: [33m-61[39m,
      code: [32m&apos;ECONNREFUSED&apos;[39m,
      syscall: [32m&apos;connect&apos;[39m,
      address: [32m&apos;::1&apos;[39m,
      port: [33m6379[39m
    },
    Error: connect ECONNREFUSED 127.0.0.1:6379
    [90m    at createConnectionError (node:net:1678:14)[39m
    [90m    at afterConnectMultiple (node:net:1708:16)[39m {
      errno: [33m-61[39m,
      code: [32m&apos;ECONNREFUSED&apos;[39m,
      syscall: [32m&apos;connect&apos;[39m,
      address: [32m&apos;127.0.0.1&apos;[39m,
      port: [33m6379[39m
    }
  ]
}

[Redis] Client Error AggregateError: 
[90m    at internalConnectMultiple (node:net:1134:18)[39m
[90m    at afterConnectMultiple (node:net:1715:7)[39m {
  code: [32m&apos;ECONNREFUSED&apos;[39m,
  [errors]: [
    Error: connect ECONNREFUSED ::1:6379
    [90m    at createConnectionError (node:net:1678:14)[39m
    [90m    at afterConnectMultiple (node:net:1708:16)[39m {
      errno: [33m-61[39m,
      code: [32m&apos;ECONNREFUSED&apos;[39m,
      syscall: [32m&apos;connect&apos;[39m,
      address: [32m&apos;::1&apos;[39m,
      port: [33m6379[39m
    },
    Error: connect ECONNREFUSED 127.0.0.1:6379
    [90m    at createConnectionError (node:net:1678:14)[39m
    [90m    at afterConnectMultiple (node:net:1708:16)[39m {
      errno: [33m-61[39m,
      code: [32m&apos;ECONNREFUSED&apos;[39m,
      syscall: [32m&apos;connect&apos;[39m,
      address: [32m&apos;127.0.0.1&apos;[39m,
      port: [33m6379[39m
    }
  ]
}

AggregateError: 
[90m    at internalConnectMultiple (node:net:1134:18)[39m
[90m    at afterConnectMultiple (node:net:1715:7)[39m {
  code: [32m&apos;ECONNREFUSED&apos;[39m,
  [errors]: [
    Error: connect ECONNREFUSED ::1:6379
    [90m    at createConnectionError (node:net:1678:14)[39m
    [90m    at afterConnectMultiple (node:net:1708:16)[39m {
      errno: [33m-61[39m,
      code: [32m&apos;ECONNREFUSED&apos;[39m,
      syscall: [32m&apos;connect&apos;[39m,
      address: [32m&apos;::1&apos;[39m,
      port: [33m6379[39m
    },
    Error: connect ECONNREFUSED 127.0.0.1:6379
    [90m    at createConnectionError (node:net:1678:14)[39m
    [90m    at afterConnectMultiple (node:net:1708:16)[39m {
      errno: [33m-61[39m,
      code: [32m&apos;ECONNREFUSED&apos;[39m,
      syscall: [32m&apos;connect&apos;[39m,
      address: [32m&apos;127.0.0.1&apos;[39m,
      port: [33m6379[39m
    }
  ]
}

[Redis] Client Error AggregateError: 
[90m    at internalConnectMultiple (node:net:1134:18)[39m
[90m    at afterConnectMultiple (node:net:1715:7)[39m {
  code: [32m&apos;ECONNREFUSED&apos;[39m,
  [errors]: [
    Error: connect ECONNREFUSED ::1:6379
    [90m    at createConnectionError (node:net:1678:14)[39m
    [90m    at afterConnectMultiple (node:net:1708:16)[39m {
      errno: [33m-61[39m,
      code: [32m&apos;ECONNREFUSED&apos;[39m,
      syscall: [32m&apos;connect&apos;[39m,
      address: [32m&apos;::1&apos;[39m,
      port: [33m6379[39m
    },
    Error: connect ECONNREFUSED 127.0.0.1:6379
    [90m    at createConnectionError (node:net:1678:14)[39m
    [90m    at afterConnectMultiple (node:net:1708:16)[39m {
      errno: [33m-61[39m,
      code: [32m&apos;ECONNREFUSED&apos;[39m,
      syscall: [32m&apos;connect&apos;[39m,
      address: [32m&apos;127.0.0.1&apos;[39m,
      port: [33m6379[39m
    }
  ]
}

            </system-err>
            <failure message="Test timed out in 5000ms.
If this is a long-running test, pass a timeout value as the last argument or configure it globally with &quot;testTimeout&quot;." type="Error">
Error: Test timed out in 5000ms.
If this is a long-running test, pass a timeout value as the last argument or configure it globally with &quot;testTimeout&quot;.
 ❯ tests/integration/backend/planLimits.test.js:62:5
            </failure>
        </testcase>
    </testsuite>
</testsuites>
