<?xml version="1.0" encoding="UTF-8" ?>
<testsuites name="vitest tests" tests="682" failures="0" errors="0" time="5.135575664">
    <testsuite name="tests/unit/actionProposalEngine.test.js" timestamp="2025-12-20T22:14:44.899Z" hostname="MacBook-Pro-Piotr.local" tests="6" failures="0" errors="0" skipped="0" time="0.008498708">
        <testcase classname="tests/unit/actionProposalEngine.test.js" name="ActionProposalEngine &gt; should generate proposals for USER_AT_RISK" time="0.006492917">
        </testcase>
        <testcase classname="tests/unit/actionProposalEngine.test.js" name="ActionProposalEngine &gt; should generate proposals for BLOCKED_INITIATIVE" time="0.000177">
        </testcase>
        <testcase classname="tests/unit/actionProposalEngine.test.js" name="ActionProposalEngine &gt; should generate proposals for STRONG_TEAM_MEMBER" time="0.000159125">
        </testcase>
        <testcase classname="tests/unit/actionProposalEngine.test.js" name="ActionProposalEngine &gt; should be deterministic (return same output for same input)" time="0.000153041">
        </testcase>
        <testcase classname="tests/unit/actionProposalEngine.test.js" name="ActionProposalEngine &gt; should return sorted proposals by proposal_id" time="0.000287166">
        </testcase>
        <testcase classname="tests/unit/actionProposalEngine.test.js" name="ActionProposalEngine &gt; should adhere to the mandatory output model" time="0.000329583">
        </testcase>
    </testsuite>
    <testsuite name="tests/unit/aiPlaybookRoutingEngine.test.js" timestamp="2025-12-20T22:14:44.900Z" hostname="MacBook-Pro-Piotr.local" tests="29" failures="0" errors="0" skipped="0" time="0.003379125">
        <testcase classname="tests/unit/aiPlaybookRoutingEngine.test.js" name="AIPlaybookRoutingEngine &gt; evaluateCondition &gt; metric_lte &gt; should match when metric is less than threshold" time="0.000687708">
        </testcase>
        <testcase classname="tests/unit/aiPlaybookRoutingEngine.test.js" name="AIPlaybookRoutingEngine &gt; evaluateCondition &gt; metric_lte &gt; should match when metric equals threshold" time="0.000084417">
        </testcase>
        <testcase classname="tests/unit/aiPlaybookRoutingEngine.test.js" name="AIPlaybookRoutingEngine &gt; evaluateCondition &gt; metric_lte &gt; should not match when metric is greater than threshold" time="0.000059709">
        </testcase>
        <testcase classname="tests/unit/aiPlaybookRoutingEngine.test.js" name="AIPlaybookRoutingEngine &gt; evaluateCondition &gt; metric_lte &gt; should not match when metric is not found" time="0.000078709">
        </testcase>
        <testcase classname="tests/unit/aiPlaybookRoutingEngine.test.js" name="AIPlaybookRoutingEngine &gt; evaluateCondition &gt; metric_lte &gt; should return false for invalid format" time="0.000078833">
        </testcase>
        <testcase classname="tests/unit/aiPlaybookRoutingEngine.test.js" name="AIPlaybookRoutingEngine &gt; evaluateCondition &gt; metric_gte &gt; should match when metric is greater than threshold" time="0.000059958">
        </testcase>
        <testcase classname="tests/unit/aiPlaybookRoutingEngine.test.js" name="AIPlaybookRoutingEngine &gt; evaluateCondition &gt; metric_gte &gt; should match when metric equals threshold" time="0.000045333">
        </testcase>
        <testcase classname="tests/unit/aiPlaybookRoutingEngine.test.js" name="AIPlaybookRoutingEngine &gt; evaluateCondition &gt; metric_gte &gt; should not match when metric is less than threshold" time="0.000044584">
        </testcase>
        <testcase classname="tests/unit/aiPlaybookRoutingEngine.test.js" name="AIPlaybookRoutingEngine &gt; evaluateCondition &gt; flag_eq &gt; should match when flag equals expected value" time="0.000054458">
        </testcase>
        <testcase classname="tests/unit/aiPlaybookRoutingEngine.test.js" name="AIPlaybookRoutingEngine &gt; evaluateCondition &gt; flag_eq &gt; should not match when flag does not equal expected value" time="0.000061833">
        </testcase>
        <testcase classname="tests/unit/aiPlaybookRoutingEngine.test.js" name="AIPlaybookRoutingEngine &gt; evaluateCondition &gt; flag_eq &gt; should work with string values" time="0.000043167">
        </testcase>
        <testcase classname="tests/unit/aiPlaybookRoutingEngine.test.js" name="AIPlaybookRoutingEngine &gt; evaluateCondition &gt; has_open_tasks &gt; should match when open tasks exist and condition is true" time="0.000050166">
        </testcase>
        <testcase classname="tests/unit/aiPlaybookRoutingEngine.test.js" name="AIPlaybookRoutingEngine &gt; evaluateCondition &gt; has_open_tasks &gt; should match when no open tasks and condition is false" time="0.000036083">
        </testcase>
        <testcase classname="tests/unit/aiPlaybookRoutingEngine.test.js" name="AIPlaybookRoutingEngine &gt; evaluateCondition &gt; has_open_tasks &gt; should recognize in_progress as open" time="0.000033833">
        </testcase>
        <testcase classname="tests/unit/aiPlaybookRoutingEngine.test.js" name="AIPlaybookRoutingEngine &gt; evaluateCondition &gt; has_open_tasks &gt; should recognize PENDING as open" time="0.000033167">
        </testcase>
        <testcase classname="tests/unit/aiPlaybookRoutingEngine.test.js" name="AIPlaybookRoutingEngine &gt; evaluateCondition &gt; signal_present &gt; should match when signal is present" time="0.000057">
        </testcase>
        <testcase classname="tests/unit/aiPlaybookRoutingEngine.test.js" name="AIPlaybookRoutingEngine &gt; evaluateCondition &gt; signal_present &gt; should not match when signal is not present" time="0.000041875">
        </testcase>
        <testcase classname="tests/unit/aiPlaybookRoutingEngine.test.js" name="AIPlaybookRoutingEngine &gt; evaluateCondition &gt; signal_present &gt; should handle simple string signals" time="0.000046292">
        </testcase>
        <testcase classname="tests/unit/aiPlaybookRoutingEngine.test.js" name="AIPlaybookRoutingEngine &gt; evaluateCondition &gt; time_since_step_gte &gt; should match when enough time has passed" time="0.000165833">
        </testcase>
        <testcase classname="tests/unit/aiPlaybookRoutingEngine.test.js" name="AIPlaybookRoutingEngine &gt; evaluateCondition &gt; time_since_step_gte &gt; should not match when not enough time has passed" time="0.000043333">
        </testcase>
        <testcase classname="tests/unit/aiPlaybookRoutingEngine.test.js" name="AIPlaybookRoutingEngine &gt; evaluateCondition &gt; time_since_step_gte &gt; should not match when step timestamp not found" time="0.000037875">
        </testcase>
        <testcase classname="tests/unit/aiPlaybookRoutingEngine.test.js" name="AIPlaybookRoutingEngine &gt; evaluateCondition &gt; unknown conditions &gt; should fail safely for unknown condition type" time="0.000143333">
            <system-err>
[AIPlaybookRoutingEngine] Unknown condition type: unknown_condition

            </system-err>
        </testcase>
        <testcase classname="tests/unit/aiPlaybookRoutingEngine.test.js" name="AIPlaybookRoutingEngine &gt; evaluateCondition &gt; unknown conditions &gt; should fail safely for empty condition" time="0.000036625">
        </testcase>
        <testcase classname="tests/unit/aiPlaybookRoutingEngine.test.js" name="AIPlaybookRoutingEngine &gt; evaluateRouting &gt; should select first matching rule in first_match mode" time="0.000122458">
        </testcase>
        <testcase classname="tests/unit/aiPlaybookRoutingEngine.test.js" name="AIPlaybookRoutingEngine &gt; evaluateRouting &gt; should use else_goto when no rules match" time="0.000042417">
        </testcase>
        <testcase classname="tests/unit/aiPlaybookRoutingEngine.test.js" name="AIPlaybookRoutingEngine &gt; evaluateRouting &gt; should return null when no rules match and no else_goto" time="0.00004675">
        </testcase>
        <testcase classname="tests/unit/aiPlaybookRoutingEngine.test.js" name="AIPlaybookRoutingEngine &gt; evaluateRouting &gt; should use linear flow when no branch_rules defined" time="0.000032083">
        </testcase>
        <testcase classname="tests/unit/aiPlaybookRoutingEngine.test.js" name="AIPlaybookRoutingEngine &gt; evaluateRouting &gt; should record evaluation trace" time="0.000323167">
        </testcase>
        <testcase classname="tests/unit/aiPlaybookRoutingEngine.test.js" name="AIPlaybookRoutingEngine &gt; evaluateRouting &gt; should skip rules with invalid conditions" time="0.000040667">
        </testcase>
    </testsuite>
    <testsuite name="tests/unit/aiResponsePostProcessor.test.js" timestamp="2025-12-20T22:14:44.902Z" hostname="MacBook-Pro-Piotr.local" tests="20" failures="0" errors="0" skipped="0" time="0.002608292">
        <testcase classname="tests/unit/aiResponsePostProcessor.test.js" name="aiResponsePostProcessor &gt; Memory Prefix &gt; should add memory prefix when memory count &gt; 0" time="0.000479166">
        </testcase>
        <testcase classname="tests/unit/aiResponsePostProcessor.test.js" name="aiResponsePostProcessor &gt; Memory Prefix &gt; should NOT add memory prefix when memory count is 0" time="0.000131916">
        </testcase>
        <testcase classname="tests/unit/aiResponsePostProcessor.test.js" name="aiResponsePostProcessor &gt; Memory Prefix &gt; should NOT duplicate memory prefix if already present" time="0.000057958">
        </testcase>
        <testcase classname="tests/unit/aiResponsePostProcessor.test.js" name="aiResponsePostProcessor &gt; External Sources Prefix &gt; should add external prefix when external sources are used" time="0.000068917">
        </testcase>
        <testcase classname="tests/unit/aiResponsePostProcessor.test.js" name="aiResponsePostProcessor &gt; External Sources Prefix &gt; should NOT add external prefix when no external sources" time="0.00005975">
        </testcase>
        <testcase classname="tests/unit/aiResponsePostProcessor.test.js" name="aiResponsePostProcessor &gt; External Sources Prefix &gt; should NOT duplicate external prefix if already present" time="0.000045583">
        </testcase>
        <testcase classname="tests/unit/aiResponsePostProcessor.test.js" name="aiResponsePostProcessor &gt; Combined Prefixes &gt; should add both prefixes when both memory and external sources exist" time="0.000059167">
        </testcase>
        <testcase classname="tests/unit/aiResponsePostProcessor.test.js" name="aiResponsePostProcessor &gt; Combined Prefixes &gt; should maintain correct order: memory first, then external" time="0.000071375">
        </testcase>
        <testcase classname="tests/unit/aiResponsePostProcessor.test.js" name="aiResponsePostProcessor &gt; Edge Cases &gt; should handle empty response safely" time="0.000043">
        </testcase>
        <testcase classname="tests/unit/aiResponsePostProcessor.test.js" name="aiResponsePostProcessor &gt; Edge Cases &gt; should handle null response safely" time="0.0000475">
        </testcase>
        <testcase classname="tests/unit/aiResponsePostProcessor.test.js" name="aiResponsePostProcessor &gt; Edge Cases &gt; should handle undefined context safely" time="0.000031167">
        </testcase>
        <testcase classname="tests/unit/aiResponsePostProcessor.test.js" name="aiResponsePostProcessor &gt; Edge Cases &gt; should handle null context safely" time="0.000025208">
        </testcase>
        <testcase classname="tests/unit/aiResponsePostProcessor.test.js" name="aiResponsePostProcessor &gt; Edge Cases &gt; should trim whitespace from response" time="0.000023958">
        </testcase>
        <testcase classname="tests/unit/aiResponsePostProcessor.test.js" name="aiResponsePostProcessor &gt; Helper Functions &gt; getMemoryCount &gt; should count previous decisions" time="0.000029583">
        </testcase>
        <testcase classname="tests/unit/aiResponsePostProcessor.test.js" name="aiResponsePostProcessor &gt; Helper Functions &gt; getMemoryCount &gt; should return memoryCount from projectMemory" time="0.000049291">
        </testcase>
        <testcase classname="tests/unit/aiResponsePostProcessor.test.js" name="aiResponsePostProcessor &gt; Helper Functions &gt; getMemoryCount &gt; should return 1 when PMO health snapshot exists" time="0.000035375">
        </testcase>
        <testcase classname="tests/unit/aiResponsePostProcessor.test.js" name="aiResponsePostProcessor &gt; Helper Functions &gt; getExternalSources &gt; should return externalSourcesUsed array" time="0.000262583">
        </testcase>
        <testcase classname="tests/unit/aiResponsePostProcessor.test.js" name="aiResponsePostProcessor &gt; Helper Functions &gt; getExternalSources &gt; should derive sources from fetchedData" time="0.000291333">
        </testcase>
        <testcase classname="tests/unit/aiResponsePostProcessor.test.js" name="aiResponsePostProcessor &gt; Helper Functions &gt; stripPrefixes &gt; should remove memory and external prefixes" time="0.000072917">
        </testcase>
        <testcase classname="tests/unit/aiResponsePostProcessor.test.js" name="aiResponsePostProcessor &gt; Helper Functions &gt; stripPrefixes &gt; should handle text without prefixes" time="0.000034708">
        </testcase>
    </testsuite>
    <testsuite name="tests/unit/aiRoleGuard.test.js" timestamp="2025-12-20T22:14:44.903Z" hostname="MacBook-Pro-Piotr.local" tests="16" failures="0" errors="0" skipped="0" time="0.002488458">
        <testcase classname="tests/unit/aiRoleGuard.test.js" name="AI Role Guard &gt; Role Definitions &gt; should define three roles in correct hierarchy" time="0.000665375">
        </testcase>
        <testcase classname="tests/unit/aiRoleGuard.test.js" name="AI Role Guard &gt; Role Definitions &gt; should define capabilities for each role" time="0.000173792">
        </testcase>
        <testcase classname="tests/unit/aiRoleGuard.test.js" name="AI Role Guard &gt; Role Descriptions &gt; should return correct description for each role" time="0.0001035">
        </testcase>
        <testcase classname="tests/unit/aiRoleGuard.test.js" name="AI Role Guard &gt; Role Descriptions &gt; should default to ADVISOR description for unknown role" time="0.000039583">
        </testcase>
        <testcase classname="tests/unit/aiRoleGuard.test.js" name="AI Role Guard &gt; Action Capability Checks &gt; ADVISOR Role &gt; should allow explain actions" time="0.000158542">
        </testcase>
        <testcase classname="tests/unit/aiRoleGuard.test.js" name="AI Role Guard &gt; Action Capability Checks &gt; ADVISOR Role &gt; should block draft creation" time="0.000069875">
        </testcase>
        <testcase classname="tests/unit/aiRoleGuard.test.js" name="AI Role Guard &gt; Action Capability Checks &gt; ADVISOR Role &gt; should block execution actions" time="0.000055958">
        </testcase>
        <testcase classname="tests/unit/aiRoleGuard.test.js" name="AI Role Guard &gt; Action Capability Checks &gt; MANAGER Role &gt; should allow draft creation with approval required" time="0.00007775">
        </testcase>
        <testcase classname="tests/unit/aiRoleGuard.test.js" name="AI Role Guard &gt; Action Capability Checks &gt; MANAGER Role &gt; should block execution actions" time="0.00005325">
        </testcase>
        <testcase classname="tests/unit/aiRoleGuard.test.js" name="AI Role Guard &gt; Action Capability Checks &gt; OPERATOR Role &gt; should allow execution actions" time="0.000069292">
        </testcase>
        <testcase classname="tests/unit/aiRoleGuard.test.js" name="AI Role Guard &gt; Action Capability Checks &gt; OPERATOR Role &gt; should allow entity modifications" time="0.000045791">
        </testcase>
        <testcase classname="tests/unit/aiRoleGuard.test.js" name="AI Role Guard &gt; Mutation Validation &gt; should block all mutations for ADVISOR" time="0.000064708">
        </testcase>
        <testcase classname="tests/unit/aiRoleGuard.test.js" name="AI Role Guard &gt; Mutation Validation &gt; should allow mutations as drafts for MANAGER" time="0.000065375">
        </testcase>
        <testcase classname="tests/unit/aiRoleGuard.test.js" name="AI Role Guard &gt; Mutation Validation &gt; should allow direct mutations for OPERATOR" time="0.000052625">
        </testcase>
        <testcase classname="tests/unit/aiRoleGuard.test.js" name="AI Role Guard &gt; isActionBlocked &gt; should return blocked with required role for insufficient permissions" time="0.000084958">
        </testcase>
        <testcase classname="tests/unit/aiRoleGuard.test.js" name="AI Role Guard &gt; isActionBlocked &gt; should return not blocked for allowed actions" time="0.000044542">
        </testcase>
    </testsuite>
    <testsuite name="tests/unit/analytics.service.test.ts" timestamp="2025-12-20T22:14:44.904Z" hostname="MacBook-Pro-Piotr.local" tests="8" failures="0" errors="0" skipped="0" time="0.002056417">
        <testcase classname="tests/unit/analytics.service.test.ts" name="Service Test: Analytics &gt; calculateAnalytics &gt; calculates analytics for empty arrays" time="0.000511583">
        </testcase>
        <testcase classname="tests/unit/analytics.service.test.ts" name="Service Test: Analytics &gt; calculateAnalytics &gt; calculates completion rate correctly" time="0.000123041">
        </testcase>
        <testcase classname="tests/unit/analytics.service.test.ts" name="Service Test: Analytics &gt; calculateAnalytics &gt; calculates initiative statistics" time="0.00023875">
        </testcase>
        <testcase classname="tests/unit/analytics.service.test.ts" name="Service Test: Analytics &gt; calculateAnalytics &gt; calculates total cost and benefit" time="0.000105083">
        </testcase>
        <testcase classname="tests/unit/analytics.service.test.ts" name="Service Test: Analytics &gt; generateBurnDownData &gt; generates burn down data for date range" time="0.000239375">
        </testcase>
        <testcase classname="tests/unit/analytics.service.test.ts" name="Service Test: Analytics &gt; generateBurnDownData &gt; handles empty task list" time="0.000049791">
        </testcase>
        <testcase classname="tests/unit/analytics.service.test.ts" name="Service Test: Analytics &gt; generateVelocityData &gt; generates velocity data for specified weeks" time="0.000102834">
        </testcase>
        <testcase classname="tests/unit/analytics.service.test.ts" name="Service Test: Analytics &gt; generateVelocityData &gt; uses default 8 weeks when not specified" time="0.00004825">
        </testcase>
    </testsuite>
    <testsuite name="tests/unit/api.service.test.ts" timestamp="2025-12-20T22:14:44.905Z" hostname="MacBook-Pro-Piotr.local" tests="6" failures="0" errors="0" skipped="0" time="0.006370834">
        <testcase classname="tests/unit/api.service.test.ts" name="Api Service Unit Tests &gt; login: should store token and return user on success" time="0.003887375">
            <system-out>
Api.login called: { email: [32m&apos;test@test.com&apos;[39m, url: [32m&apos;/api/auth/login&apos;[39m }

Login response status: [90mundefined[39m

Login response data: { token: [32m&apos;abc-123&apos;[39m, user: { id: [32m&apos;1&apos;[39m, email: [32m&apos;test@test.com&apos;[39m } }

            </system-out>
        </testcase>
        <testcase classname="tests/unit/api.service.test.ts" name="Api Service Unit Tests &gt; login: should throw error on failure" time="0.000763084">
            <system-out>
Api.login called: { email: [32m&apos;test@test.com&apos;[39m, url: [32m&apos;/api/auth/login&apos;[39m }

Login response status: [90mundefined[39m

Login response data: { error: [32m&apos;Invalid credentials&apos;[39m }

            </system-out>
        </testcase>
        <testcase classname="tests/unit/api.service.test.ts" name="Api Service Unit Tests &gt; getUsers: should send Authorization header" time="0.000321667">
        </testcase>
        <testcase classname="tests/unit/api.service.test.ts" name="Api Service Unit Tests &gt; getLLMProviders: should return list" time="0.000108833">
        </testcase>
        <testcase classname="tests/unit/api.service.test.ts" name="Api Service Unit Tests &gt; indexKnowledgeFiles: should trigger indexing" time="0.000165708">
        </testcase>
        <testcase classname="tests/unit/api.service.test.ts" name="Api Service Unit Tests &gt; saveSession: should post data" time="0.000139125">
        </testcase>
    </testsuite>
    <testsuite name="tests/unit/asyncJobService.test.js" timestamp="2025-12-20T22:14:44.905Z" hostname="MacBook-Pro-Piotr.local" tests="16" failures="0" errors="0" skipped="0" time="0.119821666">
        <testcase classname="tests/unit/asyncJobService.test.js" name="AsyncJobService Constants and Logic &gt; JOB_TYPES Constants &gt; should export EXECUTE_DECISION type" time="0.065844458">
            <system-out>
[Database] Selected: SQLite
[Queue] Using Mock Queue for ai-tasks

            </system-out>
        </testcase>
        <testcase classname="tests/unit/asyncJobService.test.js" name="AsyncJobService Constants and Logic &gt; JOB_TYPES Constants &gt; should export ADVANCE_PLAYBOOK_STEP type" time="0.032326708">
            <system-out>
[DB:tx9dh] Initializing database at :memory:
Connected to the SQLite database.
Created billing tables and seeded default subscription plans.
Seeded SuperAdmin and DBR77 Users.

            </system-out>
        </testcase>
        <testcase classname="tests/unit/asyncJobService.test.js" name="AsyncJobService Constants and Logic &gt; JOB_STATUSES Constants &gt; should export all required statuses" time="0.001043958">
        </testcase>
        <testcase classname="tests/unit/asyncJobService.test.js" name="AsyncJobService Constants and Logic &gt; JOB_STATUSES Constants &gt; should have 6 status types" time="0.0012965">
        </testcase>
        <testcase classname="tests/unit/asyncJobService.test.js" name="AsyncJobService Constants and Logic &gt; Service Methods Existence &gt; should export enqueueActionExecution" time="0.000843792">
        </testcase>
        <testcase classname="tests/unit/asyncJobService.test.js" name="AsyncJobService Constants and Logic &gt; Service Methods Existence &gt; should export enqueuePlaybookAdvance" time="0.001221167">
            <system-out>
Projects table created successfully (or already exists).

            </system-out>
        </testcase>
        <testcase classname="tests/unit/asyncJobService.test.js" name="AsyncJobService Constants and Logic &gt; Service Methods Existence &gt; should export getJob" time="0.000605041">
        </testcase>
        <testcase classname="tests/unit/asyncJobService.test.js" name="AsyncJobService Constants and Logic &gt; Service Methods Existence &gt; should export listJobs" time="0.000907417">
        </testcase>
        <testcase classname="tests/unit/asyncJobService.test.js" name="AsyncJobService Constants and Logic &gt; Service Methods Existence &gt; should export retryJob" time="0.00100275">
        </testcase>
        <testcase classname="tests/unit/asyncJobService.test.js" name="AsyncJobService Constants and Logic &gt; Service Methods Existence &gt; should export cancelJob" time="0.000644542">
        </testcase>
        <testcase classname="tests/unit/asyncJobService.test.js" name="AsyncJobService Constants and Logic &gt; Service Methods Existence &gt; should export updateJobStatus" time="0.002057167">
        </testcase>
        <testcase classname="tests/unit/asyncJobService.test.js" name="AsyncJobService Constants and Logic &gt; Service Methods Existence &gt; should export markDeadLetter" time="0.000930708">
        </testcase>
        <testcase classname="tests/unit/asyncJobService.test.js" name="AsyncJobService Constants and Logic &gt; Service Methods Existence &gt; should export incrementAttempts" time="0.000707125">
        </testcase>
        <testcase classname="tests/unit/asyncJobService.test.js" name="Action Error Codes &gt; should include async job error codes" time="0.002699834">
        </testcase>
        <testcase classname="tests/unit/asyncJobService.test.js" name="AsyncJobProcessor &gt; should export processDecisionExecution" time="0.006453334">
        </testcase>
        <testcase classname="tests/unit/asyncJobService.test.js" name="AsyncJobProcessor &gt; should export processPlaybookAdvance" time="0.000360792">
        </testcase>
    </testsuite>
    <testsuite name="tests/unit/drdStructure.test.ts" timestamp="2025-12-20T22:14:44.907Z" hostname="MacBook-Pro-Piotr.local" tests="7" failures="0" errors="0" skipped="0" time="0.006307333">
        <testcase classname="tests/unit/drdStructure.test.ts" name="Service Test: drdStructure &gt; exports DRD_STRUCTURE as array" time="0.000469625">
        </testcase>
        <testcase classname="tests/unit/drdStructure.test.ts" name="Service Test: drdStructure &gt; each axis has required properties" time="0.000422583">
        </testcase>
        <testcase classname="tests/unit/drdStructure.test.ts" name="Service Test: drdStructure &gt; each area has required properties" time="0.000832459">
        </testcase>
        <testcase classname="tests/unit/drdStructure.test.ts" name="Service Test: drdStructure &gt; each level has required properties" time="0.003528375">
        </testcase>
        <testcase classname="tests/unit/drdStructure.test.ts" name="Service Test: drdStructure &gt; getQuestionsForAxis &gt; returns areas for valid axis ID" time="0.00010175">
        </testcase>
        <testcase classname="tests/unit/drdStructure.test.ts" name="Service Test: drdStructure &gt; getQuestionsForAxis &gt; returns empty array for invalid axis ID" time="0.000257667">
        </testcase>
        <testcase classname="tests/unit/drdStructure.test.ts" name="Service Test: drdStructure &gt; getQuestionsForAxis &gt; returns areas for different axis IDs" time="0.000076875">
        </testcase>
    </testsuite>
    <testsuite name="tests/unit/pdfExport.test.ts" timestamp="2025-12-20T22:14:44.907Z" hostname="MacBook-Pro-Piotr.local" tests="5" failures="0" errors="0" skipped="0" time="0.205837708">
        <testcase classname="tests/unit/pdfExport.test.ts" name="Service Test: pdfExport &gt; exportReportToPDF &gt; returns false when element is not found" time="0.0013845">
            <system-err>
Element with id non-existent not found

            </system-err>
        </testcase>
        <testcase classname="tests/unit/pdfExport.test.ts" name="Service Test: pdfExport &gt; exportReportToPDF &gt; exports PDF successfully" time="0.202202584">
            <system-err>
[vitest] The vi.fn() mock did not use &apos;function&apos; or &apos;class&apos; in its implementation, see https://vitest.dev/api/vi#vi-spyon for examples.
PDF Export failed: TypeError: () =&gt; new MockJsPDF() is not a constructor
    at new j [90m(file:///Users/piotrwisniewski/Documents/Antygracity/DRD/consultify/[39mnode_modules/[4m@vitest/spy[24m/dist/index.js:262:27[90m)[39m
    at Module.exportReportToPDF [90m(/Users/piotrwisniewski/Documents/Antygracity/DRD/consultify/[39mservices/pdf/pdfExport.ts:30:21[90m)[39m
[90m    at processTicksAndRejections (node:internal/process/task_queues:103:5)[39m

            </system-err>
        </testcase>
        <testcase classname="tests/unit/pdfExport.test.ts" name="Service Test: pdfExport &gt; exportReportToPDF &gt; handles errors gracefully" time="0.000836541">
            <system-err>
PDF Export failed: Error: Canvas error
    at [90m/Users/piotrwisniewski/Documents/Antygracity/DRD/consultify/[39mtests/unit/pdfExport.test.ts:79:52
    at [90mfile:///Users/piotrwisniewski/Documents/Antygracity/DRD/consultify/[39mnode_modules/[4m@vitest/runner[24m/dist/index.js:145:11
    at [90mfile:///Users/piotrwisniewski/Documents/Antygracity/DRD/consultify/[39mnode_modules/[4m@vitest/runner[24m/dist/index.js:915:26
    at [90mfile:///Users/piotrwisniewski/Documents/Antygracity/DRD/consultify/[39mnode_modules/[4m@vitest/runner[24m/dist/index.js:1243:20
    at new Promise (&lt;anonymous&gt;)
    at runWithTimeout [90m(file:///Users/piotrwisniewski/Documents/Antygracity/DRD/consultify/[39mnode_modules/[4m@vitest/runner[24m/dist/index.js:1209:10[90m)[39m
    at [90mfile:///Users/piotrwisniewski/Documents/Antygracity/DRD/consultify/[39mnode_modules/[4m@vitest/runner[24m/dist/index.js:1653:37
    at Traces.$ [90m(file:///Users/piotrwisniewski/Documents/Antygracity/DRD/consultify/[39mnode_modules/[4mvitest[24m/dist/chunks/traces.U4xDYhzZ.js:115:27[90m)[39m
    at trace [90m(file:///Users/piotrwisniewski/Documents/Antygracity/DRD/consultify/[39mnode_modules/[4mvitest[24m/dist/chunks/test.B8ej_ZHS.js:239:21[90m)[39m
    at runTest [90m(file:///Users/piotrwisniewski/Documents/Antygracity/DRD/consultify/[39mnode_modules/[4m@vitest/runner[24m/dist/index.js:1653:12[90m)[39m

            </system-err>
        </testcase>
        <testcase classname="tests/unit/pdfExport.test.ts" name="Service Test: pdfExport &gt; exportDashboardToPDF &gt; creates PDF with metadata" time="0.000444959">
            <system-err>
[vitest] The vi.fn() mock did not use &apos;function&apos; or &apos;class&apos; in its implementation, see https://vitest.dev/api/vi#vi-spyon for examples.
Dashboard PDF Export failed: TypeError: () =&gt; new MockJsPDF() is not a constructor
    at new j [90m(file:///Users/piotrwisniewski/Documents/Antygracity/DRD/consultify/[39mnode_modules/[4m@vitest/spy[24m/dist/index.js:262:27[90m)[39m
    at Module.exportDashboardToPDF [90m(/Users/piotrwisniewski/Documents/Antygracity/DRD/consultify/[39mservices/pdf/pdfExport.ts:70:21[90m)[39m
    at [90m/Users/piotrwisniewski/Documents/Antygracity/DRD/consultify/[39mtests/unit/pdfExport.test.ts:89:19
    at [90mfile:///Users/piotrwisniewski/Documents/Antygracity/DRD/consultify/[39mnode_modules/[4m@vitest/runner[24m/dist/index.js:145:11
    at [90mfile:///Users/piotrwisniewski/Documents/Antygracity/DRD/consultify/[39mnode_modules/[4m@vitest/runner[24m/dist/index.js:915:26
    at [90mfile:///Users/piotrwisniewski/Documents/Antygracity/DRD/consultify/[39mnode_modules/[4m@vitest/runner[24m/dist/index.js:1243:20
    at new Promise (&lt;anonymous&gt;)
    at runWithTimeout [90m(file:///Users/piotrwisniewski/Documents/Antygracity/DRD/consultify/[39mnode_modules/[4m@vitest/runner[24m/dist/index.js:1209:10[90m)[39m
    at [90mfile:///Users/piotrwisniewski/Documents/Antygracity/DRD/consultify/[39mnode_modules/[4m@vitest/runner[24m/dist/index.js:1653:37
    at Traces.$ [90m(file:///Users/piotrwisniewski/Documents/Antygracity/DRD/consultify/[39mnode_modules/[4mvitest[24m/dist/chunks/traces.U4xDYhzZ.js:115:27[90m)[39m

            </system-err>
        </testcase>
        <testcase classname="tests/unit/pdfExport.test.ts" name="Service Test: pdfExport &gt; exportDashboardToPDF &gt; handles optional metadata" time="0.000318166">
            <system-err>
[vitest] The vi.fn() mock did not use &apos;function&apos; or &apos;class&apos; in its implementation, see https://vitest.dev/api/vi#vi-spyon for examples.
Dashboard PDF Export failed: TypeError: () =&gt; new MockJsPDF() is not a constructor
    at new j [90m(file:///Users/piotrwisniewski/Documents/Antygracity/DRD/consultify/[39mnode_modules/[4m@vitest/spy[24m/dist/index.js:262:27[90m)[39m
    at Module.exportDashboardToPDF [90m(/Users/piotrwisniewski/Documents/Antygracity/DRD/consultify/[39mservices/pdf/pdfExport.ts:70:21[90m)[39m
    at [90m/Users/piotrwisniewski/Documents/Antygracity/DRD/consultify/[39mtests/unit/pdfExport.test.ts:100:19
    at [90mfile:///Users/piotrwisniewski/Documents/Antygracity/DRD/consultify/[39mnode_modules/[4m@vitest/runner[24m/dist/index.js:145:11
    at [90mfile:///Users/piotrwisniewski/Documents/Antygracity/DRD/consultify/[39mnode_modules/[4m@vitest/runner[24m/dist/index.js:915:26
    at [90mfile:///Users/piotrwisniewski/Documents/Antygracity/DRD/consultify/[39mnode_modules/[4m@vitest/runner[24m/dist/index.js:1243:20
    at new Promise (&lt;anonymous&gt;)
    at runWithTimeout [90m(file:///Users/piotrwisniewski/Documents/Antygracity/DRD/consultify/[39mnode_modules/[4m@vitest/runner[24m/dist/index.js:1209:10[90m)[39m
    at [90mfile:///Users/piotrwisniewski/Documents/Antygracity/DRD/consultify/[39mnode_modules/[4m@vitest/runner[24m/dist/index.js:1653:37
    at Traces.$ [90m(file:///Users/piotrwisniewski/Documents/Antygracity/DRD/consultify/[39mnode_modules/[4mvitest[24m/dist/chunks/traces.U4xDYhzZ.js:115:27[90m)[39m

            </system-err>
        </testcase>
    </testsuite>
    <testsuite name="tests/unit/policyEngine.test.js" timestamp="2025-12-20T22:14:44.908Z" hostname="MacBook-Pro-Piotr.local" tests="21" failures="0" errors="0" skipped="0" time="0.035428125">
        <testcase classname="tests/unit/policyEngine.test.js" name="PolicyEngine Core Logic &gt; Safety Guardrails Constants &gt; NEVER_AUTO_APPROVE_RISK_LEVELS should include HIGH" time="0.032932708">
            <system-out>
[Database] Selected: SQLite

            </system-out>
        </testcase>
        <testcase classname="tests/unit/policyEngine.test.js" name="PolicyEngine Core Logic &gt; Safety Guardrails Constants &gt; ALWAYS_MANUAL_ACTION_TYPES should include MEETING_SCHEDULE" time="0.000142083">
        </testcase>
        <testcase classname="tests/unit/policyEngine.test.js" name="PolicyEngine Core Logic &gt; Safety Guardrails Constants &gt; should not include LOW in NEVER_AUTO_APPROVE_RISK_LEVELS" time="0.000105875">
        </testcase>
        <testcase classname="tests/unit/policyEngine.test.js" name="PolicyEngine Core Logic &gt; CONDITION_HANDLERS (Pure Functions) &gt; risk_level_lte &gt; should match when proposal risk is lower or equal" time="0.000167083">
        </testcase>
        <testcase classname="tests/unit/policyEngine.test.js" name="PolicyEngine Core Logic &gt; CONDITION_HANDLERS (Pure Functions) &gt; risk_level_lte &gt; should not match when proposal risk is higher" time="0.000093458">
        </testcase>
        <testcase classname="tests/unit/policyEngine.test.js" name="PolicyEngine Core Logic &gt; CONDITION_HANDLERS (Pure Functions) &gt; action_type_in &gt; should match when action type is in list" time="0.000072334">
        </testcase>
        <testcase classname="tests/unit/policyEngine.test.js" name="PolicyEngine Core Logic &gt; CONDITION_HANDLERS (Pure Functions) &gt; action_type_in &gt; should not match when action type is not in list" time="0.000065667">
        </testcase>
        <testcase classname="tests/unit/policyEngine.test.js" name="PolicyEngine Core Logic &gt; CONDITION_HANDLERS (Pure Functions) &gt; action_type_in &gt; should return false for non-array input" time="0.000044333">
        </testcase>
        <testcase classname="tests/unit/policyEngine.test.js" name="PolicyEngine Core Logic &gt; CONDITION_HANDLERS (Pure Functions) &gt; scope_eq &gt; should match when scope equals" time="0.000067792">
        </testcase>
        <testcase classname="tests/unit/policyEngine.test.js" name="PolicyEngine Core Logic &gt; CONDITION_HANDLERS (Pure Functions) &gt; scope_eq &gt; should not match when scope differs" time="0.000070542">
        </testcase>
        <testcase classname="tests/unit/policyEngine.test.js" name="PolicyEngine Core Logic &gt; CONDITION_HANDLERS (Pure Functions) &gt; signal_in &gt; should match when signal is in list" time="0.000044167">
        </testcase>
        <testcase classname="tests/unit/policyEngine.test.js" name="PolicyEngine Core Logic &gt; CONDITION_HANDLERS (Pure Functions) &gt; signal_in &gt; should not match when signal is not in list" time="0.000047959">
        </testcase>
        <testcase classname="tests/unit/policyEngine.test.js" name="PolicyEngine Core Logic &gt; CONDITION_HANDLERS (Pure Functions) &gt; signal_in &gt; should return false for non-array input" time="0.000031625">
        </testcase>
        <testcase classname="tests/unit/policyEngine.test.js" name="PolicyEngine Core Logic &gt; CONDITION_HANDLERS (Pure Functions) &gt; time_window &gt; should always match for anytime" time="0.000041542">
        </testcase>
        <testcase classname="tests/unit/policyEngine.test.js" name="PolicyEngine Core Logic &gt; CONDITION_HANDLERS (Pure Functions) &gt; time_window &gt; should return false for unrecognized values" time="0.0000465">
        </testcase>
        <testcase classname="tests/unit/policyEngine.test.js" name="PolicyEngine Core Logic &gt; evaluateConditions (Logic Tests) &gt; should return true when all conditions match" time="0.000070583">
        </testcase>
        <testcase classname="tests/unit/policyEngine.test.js" name="PolicyEngine Core Logic &gt; evaluateConditions (Logic Tests) &gt; should return false when any condition fails" time="0.000034791">
        </testcase>
        <testcase classname="tests/unit/policyEngine.test.js" name="PolicyEngine Core Logic &gt; evaluateConditions (Logic Tests) &gt; should return false for unknown conditions (safety)" time="0.000149584">
            <system-err>
[PolicyEngine] Unknown condition: unknown_condition

            </system-err>
        </testcase>
        <testcase classname="tests/unit/policyEngine.test.js" name="PolicyEngine Core Logic &gt; evaluateConditions (Logic Tests) &gt; should return true for empty conditions" time="0.00003575">
        </testcase>
        <testcase classname="tests/unit/policyEngine.test.js" name="PolicyEngine Safety Checks &gt; HIGH risk is in NEVER_AUTO_APPROVE list" time="0.00003175">
        </testcase>
        <testcase classname="tests/unit/policyEngine.test.js" name="PolicyEngine Safety Checks &gt; MEETING_SCHEDULE is in ALWAYS_MANUAL list" time="0.000023458">
        </testcase>
    </testsuite>
    <testsuite name="tests/unit/regulatoryModeGuard.test.js" timestamp="2025-12-20T22:14:44.909Z" hostname="MacBook-Pro-Piotr.local" tests="31" failures="0" errors="0" skipped="0" time="0.003842292">
        <testcase classname="tests/unit/regulatoryModeGuard.test.js" name="Regulatory Mode Guard &gt; Action Classification &gt; ALLOWED_ACTIONS &gt; should include all advisory-only actions" time="0.000763334">
        </testcase>
        <testcase classname="tests/unit/regulatoryModeGuard.test.js" name="Regulatory Mode Guard &gt; Action Classification &gt; BLOCKED_ACTIONS &gt; should include all mutation actions" time="0.000196708">
        </testcase>
        <testcase classname="tests/unit/regulatoryModeGuard.test.js" name="Regulatory Mode Guard &gt; isActionAllowed &gt; should allow EXPLAIN_CONTEXT in regulatory mode" time="0.000092416">
        </testcase>
        <testcase classname="tests/unit/regulatoryModeGuard.test.js" name="Regulatory Mode Guard &gt; isActionAllowed &gt; should allow ANALYZE_RISKS in regulatory mode" time="0.00004475">
        </testcase>
        <testcase classname="tests/unit/regulatoryModeGuard.test.js" name="Regulatory Mode Guard &gt; isActionAllowed &gt; should allow EDUCATE in regulatory mode" time="0.000043667">
        </testcase>
        <testcase classname="tests/unit/regulatoryModeGuard.test.js" name="Regulatory Mode Guard &gt; isActionAllowed &gt; should BLOCK CREATE_DRAFT_TASK in regulatory mode" time="0.000030958">
        </testcase>
        <testcase classname="tests/unit/regulatoryModeGuard.test.js" name="Regulatory Mode Guard &gt; isActionAllowed &gt; should BLOCK CREATE_DRAFT_INITIATIVE in regulatory mode" time="0.000042125">
        </testcase>
        <testcase classname="tests/unit/regulatoryModeGuard.test.js" name="Regulatory Mode Guard &gt; isActionAllowed &gt; should BLOCK UPDATE_STATUS in regulatory mode" time="0.000046541">
        </testcase>
        <testcase classname="tests/unit/regulatoryModeGuard.test.js" name="Regulatory Mode Guard &gt; isActionAllowed &gt; should BLOCK EXECUTE_ACTION in regulatory mode" time="0.000038417">
        </testcase>
        <testcase classname="tests/unit/regulatoryModeGuard.test.js" name="Regulatory Mode Guard &gt; isActionAllowed &gt; should BLOCK MODIFY_ENTITY in regulatory mode" time="0.000045833">
        </testcase>
        <testcase classname="tests/unit/regulatoryModeGuard.test.js" name="Regulatory Mode Guard &gt; isActionAllowed &gt; should BLOCK DELETE_ENTITY in regulatory mode" time="0.000029084">
        </testcase>
        <testcase classname="tests/unit/regulatoryModeGuard.test.js" name="Regulatory Mode Guard &gt; isActionAllowed &gt; should block actions containing mutation keywords" time="0.000065167">
        </testcase>
        <testcase classname="tests/unit/regulatoryModeGuard.test.js" name="Regulatory Mode Guard &gt; isActionAllowed &gt; should allow actions without mutation keywords" time="0.00004575">
        </testcase>
        <testcase classname="tests/unit/regulatoryModeGuard.test.js" name="Regulatory Mode Guard &gt; isActionAllowed &gt; should handle null/undefined action gracefully" time="0.000034917">
        </testcase>
        <testcase classname="tests/unit/regulatoryModeGuard.test.js" name="Regulatory Mode Guard &gt; Regulatory Mode Prompt &gt; should contain prohibition statements" time="0.000056291">
        </testcase>
        <testcase classname="tests/unit/regulatoryModeGuard.test.js" name="Regulatory Mode Guard &gt; Regulatory Mode Prompt &gt; should forbid action verbs" time="0.000038708">
        </testcase>
        <testcase classname="tests/unit/regulatoryModeGuard.test.js" name="Regulatory Mode Guard &gt; Regulatory Mode Prompt &gt; should require advisory language" time="0.000032375">
        </testcase>
        <testcase classname="tests/unit/regulatoryModeGuard.test.js" name="Regulatory Mode Guard &gt; Regulatory Mode Prompt &gt; should include example responses" time="0.000025041">
        </testcase>
        <testcase classname="tests/unit/regulatoryModeGuard.test.js" name="Regulatory Mode Guard &gt; Forbidden Verbs List &gt; should contain all dangerous verbs" time="0.000133708">
        </testcase>
        <testcase classname="tests/unit/regulatoryModeGuard.test.js" name="Regulatory Mode Guard &gt; Advisory Phrases List &gt; should contain recommended advisory language" time="0.000046708">
        </testcase>
        <testcase classname="tests/unit/regulatoryModeGuard.test.js" name="Regulatory Mode Guard &gt; enforceRegulatoryMode (with mocked isEnabled) &gt; should block CREATE_DRAFT_TASK when regulatory mode is enabled" time="0.000239583">
        </testcase>
        <testcase classname="tests/unit/regulatoryModeGuard.test.js" name="Regulatory Mode Guard &gt; enforceRegulatoryMode (with mocked isEnabled) &gt; should block UPDATE_STATUS when regulatory mode is enabled" time="0.000063375">
        </testcase>
        <testcase classname="tests/unit/regulatoryModeGuard.test.js" name="Regulatory Mode Guard &gt; enforceRegulatoryMode (with mocked isEnabled) &gt; should allow EXPLAIN_CONTEXT when regulatory mode is enabled" time="0.000053">
        </testcase>
        <testcase classname="tests/unit/regulatoryModeGuard.test.js" name="Regulatory Mode Guard &gt; enforceRegulatoryMode (with mocked isEnabled) &gt; should allow ANALYZE_RISKS when regulatory mode is enabled" time="0.000050708">
        </testcase>
        <testcase classname="tests/unit/regulatoryModeGuard.test.js" name="Regulatory Mode Guard &gt; enforceRegulatoryMode (with mocked isEnabled) &gt; should NOT block actions when regulatory mode is disabled" time="0.00005875">
        </testcase>
        <testcase classname="tests/unit/regulatoryModeGuard.test.js" name="Regulatory Mode Guard &gt; enforceRegulatoryMode (with mocked isEnabled) &gt; should NOT block when no projectId is provided" time="0.000036917">
        </testcase>
        <testcase classname="tests/unit/regulatoryModeGuard.test.js" name="Regulatory Mode Guard &gt; enforceRegulatoryMode (with mocked isEnabled) &gt; should log blocked attempts to audit trail" time="0.000485708">
        </testcase>
        <testcase classname="tests/unit/regulatoryModeGuard.test.js" name="Regulatory Mode Guard &gt; getStatus &gt; should return full status object when enabled" time="0.000092417">
        </testcase>
        <testcase classname="tests/unit/regulatoryModeGuard.test.js" name="Regulatory Mode Guard &gt; getStatus &gt; should return full status object when disabled" time="0.000038541">
        </testcase>
        <testcase classname="tests/unit/regulatoryModeGuard.test.js" name="Regulatory Mode Guard &gt; Integration with AI Role System &gt; should override ANY role when regulatory mode is active" time="0.000099667">
        </testcase>
        <testcase classname="tests/unit/regulatoryModeGuard.test.js" name="Regulatory Mode Guard &gt; Safety: Fail-Safe Behavior &gt; should default to blocking when database error occurs" time="0.000022334">
        </testcase>
    </testsuite>
    <testsuite name="tests/unit/roi.test.ts" timestamp="2025-12-20T22:14:44.911Z" hostname="MacBook-Pro-Piotr.local" tests="3" failures="0" errors="0" skipped="0" time="0.001074791">
        <testcase classname="tests/unit/roi.test.ts" name="Unit Test: ROI Calculation &gt; should calculate ROI correctly for positive values" time="0.000416916">
        </testcase>
        <testcase classname="tests/unit/roi.test.ts" name="Unit Test: ROI Calculation &gt; should handle zero cost to avoid infinity" time="0.000062083">
        </testcase>
        <testcase classname="tests/unit/roi.test.ts" name="Unit Test: ROI Calculation &gt; should return 0 for break-even" time="0.000048209">
        </testcase>
    </testsuite>
    <testsuite name="tests/unit/store.test.ts" timestamp="2025-12-20T22:14:44.911Z" hostname="MacBook-Pro-Piotr.local" tests="19" failures="0" errors="0" skipped="0" time="0.003746708">
        <testcase classname="tests/unit/store.test.ts" name="Store Test: useAppStore &gt; initializes with correct default values" time="0.000830167">
        </testcase>
        <testcase classname="tests/unit/store.test.ts" name="Store Test: useAppStore &gt; sets current view" time="0.000153709">
        </testcase>
        <testcase classname="tests/unit/store.test.ts" name="Store Test: useAppStore &gt; sets session mode" time="0.000110958">
        </testcase>
        <testcase classname="tests/unit/store.test.ts" name="Store Test: useAppStore &gt; sets current user" time="0.000259333">
        </testcase>
        <testcase classname="tests/unit/store.test.ts" name="Store Test: useAppStore &gt; toggles sidebar open state" time="0.000108583">
        </testcase>
        <testcase classname="tests/unit/store.test.ts" name="Store Test: useAppStore &gt; toggles sidebar collapse" time="0.000083916">
        </testcase>
        <testcase classname="tests/unit/store.test.ts" name="Store Test: useAppStore &gt; adds chat message" time="0.000509042">
        </testcase>
        <testcase classname="tests/unit/store.test.ts" name="Store Test: useAppStore &gt; sets chat messages" time="0.000146917">
        </testcase>
        <testcase classname="tests/unit/store.test.ts" name="Store Test: useAppStore &gt; clears chat" time="0.000130709">
        </testcase>
        <testcase classname="tests/unit/store.test.ts" name="Store Test: useAppStore &gt; sets bot typing state" time="0.000087">
        </testcase>
        <testcase classname="tests/unit/store.test.ts" name="Store Test: useAppStore &gt; sets current stream content" time="0.000062958">
        </testcase>
        <testcase classname="tests/unit/store.test.ts" name="Store Test: useAppStore &gt; updates free session data" time="0.000069833">
        </testcase>
        <testcase classname="tests/unit/store.test.ts" name="Store Test: useAppStore &gt; updates free session data with function" time="0.000075417">
        </testcase>
        <testcase classname="tests/unit/store.test.ts" name="Store Test: useAppStore &gt; updates full session data" time="0.000072458">
        </testcase>
        <testcase classname="tests/unit/store.test.ts" name="Store Test: useAppStore &gt; sets AI config" time="0.0000885">
        </testcase>
        <testcase classname="tests/unit/store.test.ts" name="Store Test: useAppStore &gt; toggles theme" time="0.000076291">
        </testcase>
        <testcase classname="tests/unit/store.test.ts" name="Store Test: useAppStore &gt; updates last chat message" time="0.000082459">
        </testcase>
        <testcase classname="tests/unit/store.test.ts" name="Store Test: useAppStore &gt; logout resets state" time="0.000127459">
        </testcase>
        <testcase classname="tests/unit/store.test.ts" name="Store Test: useAppStore &gt; sets current project ID" time="0.000075792">
        </testcase>
    </testsuite>
    <testsuite name="tests/unit/transformationEngine.test.ts" timestamp="2025-12-20T22:14:44.912Z" hostname="MacBook-Pro-Piotr.local" tests="6" failures="0" errors="0" skipped="0" time="0.003927625">
        <testcase classname="tests/unit/transformationEngine.test.ts" name="Service Test: transformationEngine &gt; generates initiatives from session" time="0.000591583">
        </testcase>
        <testcase classname="tests/unit/transformationEngine.test.ts" name="Service Test: transformationEngine &gt; generates initiatives with required properties" time="0.001584458">
        </testcase>
        <testcase classname="tests/unit/transformationEngine.test.ts" name="Service Test: transformationEngine &gt; generates initiatives only for levels above current" time="0.000339375">
        </testcase>
        <testcase classname="tests/unit/transformationEngine.test.ts" name="Service Test: transformationEngine &gt; handles session with no gaps" time="0.000077375">
        </testcase>
        <testcase classname="tests/unit/transformationEngine.test.ts" name="Service Test: transformationEngine &gt; assigns priority based on current level" time="0.000071">
        </testcase>
        <testcase classname="tests/unit/transformationEngine.test.ts" name="Service Test: transformationEngine &gt; assigns complexity based on target level" time="0.00070525">
        </testcase>
    </testsuite>
    <testsuite name="tests/unit/transformationScenarios.test.ts" timestamp="2025-12-20T22:14:44.913Z" hostname="MacBook-Pro-Piotr.local" tests="5" failures="0" errors="0" skipped="0" time="0.001245958">
        <testcase classname="tests/unit/transformationScenarios.test.ts" name="Transformation Scenarios Logic &gt; should have 6 unique scenarios" time="0.000469709">
        </testcase>
        <testcase classname="tests/unit/transformationScenarios.test.ts" name="Transformation Scenarios Logic &gt; recommendScenario should return stabilize for high risk &amp; low budget" time="0.00007525">
        </testcase>
        <testcase classname="tests/unit/transformationScenarios.test.ts" name="Transformation Scenarios Logic &gt; recommendScenario should return quickwins for low risk &amp; low budget" time="0.000054333">
        </testcase>
        <testcase classname="tests/unit/transformationScenarios.test.ts" name="Transformation Scenarios Logic &gt; recommendScenario should return foundation for high risk &amp; high budget" time="0.000054">
        </testcase>
        <testcase classname="tests/unit/transformationScenarios.test.ts" name="Transformation Scenarios Logic &gt; recommendScenario should default to hybrid" time="0.00005">
        </testcase>
    </testsuite>
    <testsuite name="tests/unit/utils.test.ts" timestamp="2025-12-20T22:14:44.913Z" hostname="MacBook-Pro-Piotr.local" tests="1" failures="0" errors="0" skipped="0" time="0.000922625">
        <testcase classname="tests/unit/utils.test.ts" name="Unit Test: Utilities &gt; should have utility functions available" time="0.000400125">
        </testcase>
    </testsuite>
    <testsuite name="tests/unit/backend/accessPolicyService.test.js" timestamp="2025-12-20T22:14:44.913Z" hostname="MacBook-Pro-Piotr.local" tests="11" failures="0" errors="0" skipped="5" time="0">
        <testcase classname="tests/unit/backend/accessPolicyService.test.js" name="AccessPolicyService - skipped due to CJS/ESM mock interop &gt; getOrganizationType &gt; should return org info for valid organization" time="0">
            <skipped/>
        </testcase>
        <testcase classname="tests/unit/backend/accessPolicyService.test.js" name="AccessPolicyService - skipped due to CJS/ESM mock interop &gt; getOrganizationType &gt; should return null for non-existent organization" time="0">
            <skipped/>
        </testcase>
        <testcase classname="tests/unit/backend/accessPolicyService.test.js" name="AccessPolicyService - skipped due to CJS/ESM mock interop &gt; checkTrialStatus &gt; should return expired=false for PAID orgs" time="0">
            <skipped/>
        </testcase>
        <testcase classname="tests/unit/backend/accessPolicyService.test.js" name="AccessPolicyService - skipped due to CJS/ESM mock interop &gt; checkTrialStatus &gt; should return expired=true for expired TRIAL orgs" time="0">
            <skipped/>
        </testcase>
        <testcase classname="tests/unit/backend/accessPolicyService.test.js" name="AccessPolicyService - skipped due to CJS/ESM mock interop &gt; checkTrialStatus &gt; should return warning level for trials expiring in 5 days" time="0">
            <skipped/>
        </testcase>
        <testcase classname="tests/unit/backend/accessPolicyService.test.js" name="AccessPolicyService - skipped due to CJS/ESM mock interop &gt; checkAccess - skipped due to CJS/ESM mock interop &gt; should block write actions for DEMO orgs" time="0">
        </testcase>
        <testcase classname="tests/unit/backend/accessPolicyService.test.js" name="AccessPolicyService - skipped due to CJS/ESM mock interop &gt; checkAccess - skipped due to CJS/ESM mock interop &gt; should allow write actions for PAID orgs" time="0">
        </testcase>
        <testcase classname="tests/unit/backend/accessPolicyService.test.js" name="AccessPolicyService - skipped due to CJS/ESM mock interop &gt; checkAccess - skipped due to CJS/ESM mock interop &gt; should block when project limit is reached" time="0">
        </testcase>
        <testcase classname="tests/unit/backend/accessPolicyService.test.js" name="AccessPolicyService - skipped due to CJS/ESM mock interop &gt; isAIRoleAllowed - skipped due to CJS/ESM mock interop &gt; should allow ADVISOR role in trial mode" time="0">
        </testcase>
        <testcase classname="tests/unit/backend/accessPolicyService.test.js" name="AccessPolicyService - skipped due to CJS/ESM mock interop &gt; isAIRoleAllowed - skipped due to CJS/ESM mock interop &gt; should block EXECUTOR role in trial mode" time="0">
        </testcase>
        <testcase classname="tests/unit/backend/accessPolicyService.test.js" name="AccessPolicyService - skipped due to CJS/ESM mock interop &gt; getAIAccessContext - skipped due to CJS/ESM mock interop &gt; should return correct context for demo org" time="0">
        </testcase>
    </testsuite>
    <testsuite name="tests/unit/backend/actionDecision.service.test.js" timestamp="2025-12-20T22:14:44.914Z" hostname="MacBook-Pro-Piotr.local" tests="12" failures="0" errors="0" skipped="6" time="0.002414541">
        <testcase classname="tests/unit/backend/actionDecision.service.test.js" name="ActionDecisionService - HARDENED &gt; validation &gt; should throw error for missing required fields" time="0.001033125">
        </testcase>
        <testcase classname="tests/unit/backend/actionDecision.service.test.js" name="ActionDecisionService - HARDENED &gt; validation &gt; should throw error for missing organization_id" time="0.000133208">
        </testcase>
        <testcase classname="tests/unit/backend/actionDecision.service.test.js" name="ActionDecisionService - HARDENED &gt; validation &gt; should throw error for invalid decision type" time="0.0000875">
        </testcase>
        <testcase classname="tests/unit/backend/actionDecision.service.test.js" name="ActionDecisionService - HARDENED &gt; MODIFIED_ALLOWLIST &gt; should define allowlist for TASK_CREATE" time="0.000354625">
        </testcase>
        <testcase classname="tests/unit/backend/actionDecision.service.test.js" name="ActionDecisionService - HARDENED &gt; MODIFIED_ALLOWLIST &gt; should define allowlist for PLAYBOOK_ASSIGN" time="0.000104958">
        </testcase>
        <testcase classname="tests/unit/backend/actionDecision.service.test.js" name="ActionDecisionService - HARDENED &gt; MODIFIED_ALLOWLIST &gt; should define allowlist for MEETING_SCHEDULE" time="0.000113458">
        </testcase>
        <testcase classname="tests/unit/backend/actionDecision.service.test.js" name="ActionDecisionService - HARDENED &gt; getDecisionsByProposal &gt; should query decisions by proposal_id" time="0">
            <skipped/>
        </testcase>
        <testcase classname="tests/unit/backend/actionDecision.service.test.js" name="ActionDecisionService - HARDENED &gt; getDecisionsByProposal &gt; should parse JSON fields" time="0">
            <skipped/>
        </testcase>
        <testcase classname="tests/unit/backend/actionDecision.service.test.js" name="ActionDecisionService - HARDENED &gt; getAuditLog - skipped due to CJS/ESM mock interop &gt; should enforce organization isolation" time="0">
            <skipped/>
        </testcase>
        <testcase classname="tests/unit/backend/actionDecision.service.test.js" name="ActionDecisionService - HARDENED &gt; getAuditLog - skipped due to CJS/ESM mock interop &gt; should support SUPERADMIN_BYPASS for global access" time="0">
            <skipped/>
        </testcase>
        <testcase classname="tests/unit/backend/actionDecision.service.test.js" name="ActionDecisionService - HARDENED &gt; getAuditLog - skipped due to CJS/ESM mock interop &gt; should support filtering by actionType" time="0">
            <skipped/>
        </testcase>
        <testcase classname="tests/unit/backend/actionDecision.service.test.js" name="ActionDecisionService - HARDENED &gt; getAuditLog - skipped due to CJS/ESM mock interop &gt; should support filtering by decision" time="0">
            <skipped/>
        </testcase>
    </testsuite>
    <testsuite name="tests/unit/backend/activityService.test.js" timestamp="2025-12-20T22:14:44.915Z" hostname="MacBook-Pro-Piotr.local" tests="6" failures="0" errors="0" skipped="0" time="0.750908792">
        <testcase classname="tests/unit/backend/activityService.test.js" name="Backend Service Test: ActivityService &gt; log &gt; logs activity with all parameters" time="0.103013167">
        </testcase>
        <testcase classname="tests/unit/backend/activityService.test.js" name="Backend Service Test: ActivityService &gt; log &gt; handles optional parameters" time="0.101571292">
        </testcase>
        <testcase classname="tests/unit/backend/activityService.test.js" name="Backend Service Test: ActivityService &gt; getRecent &gt; fetches recent activities with default limit" time="0.110347417">
        </testcase>
        <testcase classname="tests/unit/backend/activityService.test.js" name="Backend Service Test: ActivityService &gt; getRecent &gt; fetches recent activities with custom limit" time="0.10221175">
        </testcase>
        <testcase classname="tests/unit/backend/activityService.test.js" name="Backend Service Test: ActivityService &gt; getRecent &gt; handles database errors gracefully" time="0.000544833">
        </testcase>
        <testcase classname="tests/unit/backend/activityService.test.js" name="Backend Service Test: ActivityService &gt; getByOrganization &gt; fetches activities for organization" time="0.102023167">
        </testcase>
    </testsuite>
    <testsuite name="tests/unit/backend/aiActions.test.js" timestamp="2025-12-20T22:14:44.915Z" hostname="MacBook-Pro-Piotr.local" tests="23" failures="0" errors="0" skipped="0" time="0.063039041">
        <testcase classname="tests/unit/backend/aiActions.test.js" name="AIActionExecutor &gt; ACTION_TYPES &gt; should have 7 action types" time="0.026482041">
            <system-out>
[Database] Selected: SQLite

            </system-out>
        </testcase>
        <testcase classname="tests/unit/backend/aiActions.test.js" name="AIActionExecutor &gt; ACTION_TYPES &gt; should define CREATE_DRAFT_TASK type" time="0.000371">
        </testcase>
        <testcase classname="tests/unit/backend/aiActions.test.js" name="AIActionExecutor &gt; ACTION_TYPES &gt; should define CREATE_DRAFT_INITIATIVE type" time="0.00016975">
        </testcase>
        <testcase classname="tests/unit/backend/aiActions.test.js" name="AIActionExecutor &gt; ACTION_TYPES &gt; should define SUGGEST_ROADMAP_CHANGE type" time="0.000185542">
        </testcase>
        <testcase classname="tests/unit/backend/aiActions.test.js" name="AIActionExecutor &gt; ACTION_TYPES &gt; should define GENERATE_REPORT type" time="0.000152916">
        </testcase>
        <testcase classname="tests/unit/backend/aiActions.test.js" name="AIActionExecutor &gt; ACTION_TYPES &gt; should define PREPARE_DECISION_SUMMARY type" time="0.0001075">
        </testcase>
        <testcase classname="tests/unit/backend/aiActions.test.js" name="AIActionExecutor &gt; ACTION_TYPES &gt; should define EXPLAIN_CONTEXT type" time="0.000085625">
        </testcase>
        <testcase classname="tests/unit/backend/aiActions.test.js" name="AIActionExecutor &gt; ACTION_TYPES &gt; should define ANALYZE_RISKS type" time="0.000103458">
        </testcase>
        <testcase classname="tests/unit/backend/aiActions.test.js" name="AIActionExecutor &gt; ACTION_STATUS &gt; should define PENDING status" time="0.000156167">
        </testcase>
        <testcase classname="tests/unit/backend/aiActions.test.js" name="AIActionExecutor &gt; ACTION_STATUS &gt; should define APPROVED status" time="0.000147792">
        </testcase>
        <testcase classname="tests/unit/backend/aiActions.test.js" name="AIActionExecutor &gt; ACTION_STATUS &gt; should define REJECTED status" time="0.000131458">
        </testcase>
        <testcase classname="tests/unit/backend/aiActions.test.js" name="AIActionExecutor &gt; ACTION_STATUS &gt; should define EXECUTED status" time="0.000148583">
        </testcase>
        <testcase classname="tests/unit/backend/aiActions.test.js" name="AIActionExecutor &gt; Service Structure &gt; should export requestAction function" time="0.000052042">
        </testcase>
        <testcase classname="tests/unit/backend/aiActions.test.js" name="AIActionExecutor &gt; Service Structure &gt; should export createDraft function" time="0.00003375">
        </testcase>
        <testcase classname="tests/unit/backend/aiActions.test.js" name="AIActionExecutor &gt; Service Structure &gt; should export approveAction function" time="0.000028916">
        </testcase>
        <testcase classname="tests/unit/backend/aiActions.test.js" name="AIActionExecutor &gt; Service Structure &gt; should export rejectAction function" time="0.000032">
        </testcase>
        <testcase classname="tests/unit/backend/aiActions.test.js" name="AIActionExecutor &gt; Service Structure &gt; should export getPendingActions function" time="0.000026333">
        </testcase>
        <testcase classname="tests/unit/backend/aiActions.test.js" name="AIActionExecutor &gt; Service Structure &gt; should export executeAction function" time="0.000025708">
        </testcase>
        <testcase classname="tests/unit/backend/aiActions.test.js" name="AIAuditLogger &gt; Service Structure &gt; should export logInteraction function" time="0.033114">
            <system-out>
[DB:4dx9] Initializing database at :memory:
Connected to the SQLite database.
Created billing tables and seeded default subscription plans.
Seeded SuperAdmin and DBR77 Users.

            </system-out>
        </testcase>
        <testcase classname="tests/unit/backend/aiActions.test.js" name="AIAuditLogger &gt; Service Structure &gt; should export logSuggestion function" time="0.000263917">
        </testcase>
        <testcase classname="tests/unit/backend/aiActions.test.js" name="AIAuditLogger &gt; Service Structure &gt; should export recordUserDecision function" time="0.000069042">
        </testcase>
        <testcase classname="tests/unit/backend/aiActions.test.js" name="AIAuditLogger &gt; Service Structure &gt; should export getAuditLogs function" time="0.000038834">
        </testcase>
        <testcase classname="tests/unit/backend/aiActions.test.js" name="AIAuditLogger &gt; Service Structure &gt; should export getAuditStats function" time="0.0000305">
        </testcase>
    </testsuite>
    <testsuite name="tests/unit/backend/aiCoreLayer.test.js" timestamp="2025-12-20T22:14:44.917Z" hostname="MacBook-Pro-Piotr.local" tests="56" failures="0" errors="0" skipped="0" time="0.051406959">
        <testcase classname="tests/unit/backend/aiCoreLayer.test.js" name="AIContextBuilder &gt; Service Structure &gt; should export buildContext function" time="0.015546917">
            <system-out>
[Database] Selected: SQLite

            </system-out>
        </testcase>
        <testcase classname="tests/unit/backend/aiCoreLayer.test.js" name="AIContextBuilder &gt; Service Structure &gt; should export _buildPlatformContext function" time="0.000128958">
        </testcase>
        <testcase classname="tests/unit/backend/aiCoreLayer.test.js" name="AIContextBuilder &gt; Service Structure &gt; should export _buildOrganizationContext function" time="0.0000725">
        </testcase>
        <testcase classname="tests/unit/backend/aiCoreLayer.test.js" name="AIContextBuilder &gt; Service Structure &gt; should export _buildProjectContext function" time="0.000086875">
        </testcase>
        <testcase classname="tests/unit/backend/aiCoreLayer.test.js" name="AIContextBuilder &gt; Service Structure &gt; should export _buildExecutionContext function" time="0.000081834">
        </testcase>
        <testcase classname="tests/unit/backend/aiCoreLayer.test.js" name="AIContextBuilder &gt; Service Structure &gt; should export _buildKnowledgeContext function" time="0.000057666">
        </testcase>
        <testcase classname="tests/unit/backend/aiCoreLayer.test.js" name="AIContextBuilder &gt; Service Structure &gt; should export _buildExternalContext function" time="0.000044875">
        </testcase>
        <testcase classname="tests/unit/backend/aiCoreLayer.test.js" name="AIContextBuilder &gt; Service Structure &gt; should export _generateHash function" time="0.000043959">
        </testcase>
        <testcase classname="tests/unit/backend/aiCoreLayer.test.js" name="AIContextBuilder &gt; _generateHash &gt; should generate consistent hash" time="0.000120667">
        </testcase>
        <testcase classname="tests/unit/backend/aiCoreLayer.test.js" name="AIContextBuilder &gt; _generateHash &gt; should generate different hash for different inputs" time="0.000311083">
        </testcase>
        <testcase classname="tests/unit/backend/aiCoreLayer.test.js" name="AIPolicyEngine &gt; POLICY_LEVELS &gt; should define ADVISORY level" time="0.02622025">
            <system-out>
[DB:6lwjro] Initializing database at :memory:
Connected to the SQLite database.
Created billing tables and seeded default subscription plans.
Seeded SuperAdmin and DBR77 Users.

            </system-out>
        </testcase>
        <testcase classname="tests/unit/backend/aiCoreLayer.test.js" name="AIPolicyEngine &gt; POLICY_LEVELS &gt; should define ASSISTED level" time="0.000059416">
        </testcase>
        <testcase classname="tests/unit/backend/aiCoreLayer.test.js" name="AIPolicyEngine &gt; POLICY_LEVELS &gt; should define PROACTIVE level" time="0.000035584">
        </testcase>
        <testcase classname="tests/unit/backend/aiCoreLayer.test.js" name="AIPolicyEngine &gt; POLICY_LEVELS &gt; should define AUTOPILOT level" time="0.000030542">
        </testcase>
        <testcase classname="tests/unit/backend/aiCoreLayer.test.js" name="AIPolicyEngine &gt; AI_ROLES &gt; should define ADVISOR role" time="0.000029625">
        </testcase>
        <testcase classname="tests/unit/backend/aiCoreLayer.test.js" name="AIPolicyEngine &gt; AI_ROLES &gt; should define PMO_MANAGER role" time="0.0000345">
        </testcase>
        <testcase classname="tests/unit/backend/aiCoreLayer.test.js" name="AIPolicyEngine &gt; AI_ROLES &gt; should define EXECUTOR role" time="0.000029125">
        </testcase>
        <testcase classname="tests/unit/backend/aiCoreLayer.test.js" name="AIPolicyEngine &gt; AI_ROLES &gt; should define EDUCATOR role" time="0.0000285">
        </testcase>
        <testcase classname="tests/unit/backend/aiCoreLayer.test.js" name="AIPolicyEngine &gt; Service Structure &gt; should export getEffectivePolicy function" time="0.000029458">
        </testcase>
        <testcase classname="tests/unit/backend/aiCoreLayer.test.js" name="AIPolicyEngine &gt; Service Structure &gt; should export canPerformAction function" time="0.000032333">
        </testcase>
        <testcase classname="tests/unit/backend/aiCoreLayer.test.js" name="AIPolicyEngine &gt; Service Structure &gt; should export getPolicySummary function" time="0.0000345">
        </testcase>
        <testcase classname="tests/unit/backend/aiCoreLayer.test.js" name="AIPolicyEngine &gt; Service Structure &gt; should export updatePolicy function" time="0.000033709">
        </testcase>
        <testcase classname="tests/unit/backend/aiCoreLayer.test.js" name="AIMemoryManager &gt; MEMORY_TYPES &gt; should define DECISION type" time="0.00256625">
        </testcase>
        <testcase classname="tests/unit/backend/aiCoreLayer.test.js" name="AIMemoryManager &gt; MEMORY_TYPES &gt; should define PHASE_TRANSITION type" time="0.000064625">
        </testcase>
        <testcase classname="tests/unit/backend/aiCoreLayer.test.js" name="AIMemoryManager &gt; MEMORY_TYPES &gt; should define RECOMMENDATION type" time="0.000040916">
        </testcase>
        <testcase classname="tests/unit/backend/aiCoreLayer.test.js" name="AIMemoryManager &gt; MEMORY_TYPES &gt; should define PATTERN type" time="0.000032875">
        </testcase>
        <testcase classname="tests/unit/backend/aiCoreLayer.test.js" name="AIMemoryManager &gt; createSession &gt; should create session with unique conversationId" time="0.000193958">
        </testcase>
        <testcase classname="tests/unit/backend/aiCoreLayer.test.js" name="AIMemoryManager &gt; createSession &gt; should create session with empty messages array" time="0.00008475">
        </testcase>
        <testcase classname="tests/unit/backend/aiCoreLayer.test.js" name="AIMemoryManager &gt; createSession &gt; should create session with startedAt timestamp" time="0.000037333">
        </testcase>
        <testcase classname="tests/unit/backend/aiCoreLayer.test.js" name="AIMemoryManager &gt; addMessage &gt; should add message to session" time="0.000381292">
        </testcase>
        <testcase classname="tests/unit/backend/aiCoreLayer.test.js" name="AIMemoryManager &gt; addMessage &gt; should add timestamp to message" time="0.00004525">
        </testcase>
        <testcase classname="tests/unit/backend/aiCoreLayer.test.js" name="AIMemoryManager &gt; Service Structure &gt; should export recordProjectMemory function" time="0.000031542">
        </testcase>
        <testcase classname="tests/unit/backend/aiCoreLayer.test.js" name="AIMemoryManager &gt; Service Structure &gt; should export getUserPreferences function" time="0.000028125">
        </testcase>
        <testcase classname="tests/unit/backend/aiCoreLayer.test.js" name="AIMemoryManager &gt; Service Structure &gt; should export updateUserPreferences function" time="0.000026458">
        </testcase>
        <testcase classname="tests/unit/backend/aiCoreLayer.test.js" name="AIOrchestrator &gt; AI_ROLES &gt; should define all 4 roles" time="0.003096875">
        </testcase>
        <testcase classname="tests/unit/backend/aiCoreLayer.test.js" name="AIOrchestrator &gt; CHAT_MODES &gt; should define EXPLAIN mode" time="0.000066709">
        </testcase>
        <testcase classname="tests/unit/backend/aiCoreLayer.test.js" name="AIOrchestrator &gt; CHAT_MODES &gt; should define GUIDE mode" time="0.000040625">
        </testcase>
        <testcase classname="tests/unit/backend/aiCoreLayer.test.js" name="AIOrchestrator &gt; CHAT_MODES &gt; should define ANALYZE mode" time="0.000030209">
        </testcase>
        <testcase classname="tests/unit/backend/aiCoreLayer.test.js" name="AIOrchestrator &gt; CHAT_MODES &gt; should define DO mode" time="0.00002625">
        </testcase>
        <testcase classname="tests/unit/backend/aiCoreLayer.test.js" name="AIOrchestrator &gt; CHAT_MODES &gt; should define TEACH mode" time="0.000025333">
        </testcase>
        <testcase classname="tests/unit/backend/aiCoreLayer.test.js" name="AIOrchestrator &gt; _detectIntent &gt; should detect EXPLAIN intent" time="0.000074125">
        </testcase>
        <testcase classname="tests/unit/backend/aiCoreLayer.test.js" name="AIOrchestrator &gt; _detectIntent &gt; should detect GUIDE intent" time="0.000038541">
        </testcase>
        <testcase classname="tests/unit/backend/aiCoreLayer.test.js" name="AIOrchestrator &gt; _detectIntent &gt; should detect ANALYZE intent" time="0.000035583">
        </testcase>
        <testcase classname="tests/unit/backend/aiCoreLayer.test.js" name="AIOrchestrator &gt; _detectIntent &gt; should detect DO intent" time="0.000037916">
        </testcase>
        <testcase classname="tests/unit/backend/aiCoreLayer.test.js" name="AIOrchestrator &gt; _detectIntent &gt; should detect TEACH intent" time="0.000035792">
        </testcase>
        <testcase classname="tests/unit/backend/aiCoreLayer.test.js" name="AIOrchestrator &gt; _detectIntent &gt; should default to EXPLAIN" time="0.000026375">
        </testcase>
        <testcase classname="tests/unit/backend/aiCoreLayer.test.js" name="AIOrchestrator &gt; _selectRole &gt; should select ADVISOR for EXPLAIN intent" time="0.000052375">
        </testcase>
        <testcase classname="tests/unit/backend/aiCoreLayer.test.js" name="AIOrchestrator &gt; _selectRole &gt; should select PMO_MANAGER for GUIDE intent" time="0.000031917">
        </testcase>
        <testcase classname="tests/unit/backend/aiCoreLayer.test.js" name="AIOrchestrator &gt; _selectRole &gt; should select EXECUTOR for DO intent" time="0.000027916">
        </testcase>
        <testcase classname="tests/unit/backend/aiCoreLayer.test.js" name="AIOrchestrator &gt; _selectRole &gt; should select EDUCATOR for TEACH intent" time="0.000027875">
        </testcase>
        <testcase classname="tests/unit/backend/aiCoreLayer.test.js" name="AIOrchestrator &gt; _selectRole &gt; should fallback to ADVISOR if role not active" time="0.000026459">
        </testcase>
        <testcase classname="tests/unit/backend/aiCoreLayer.test.js" name="AIOrchestrator &gt; getRoleDescription &gt; should return description for ADVISOR" time="0.000085333">
        </testcase>
        <testcase classname="tests/unit/backend/aiCoreLayer.test.js" name="AIOrchestrator &gt; getRoleDescription &gt; should return description for PMO_MANAGER" time="0.000035208">
        </testcase>
        <testcase classname="tests/unit/backend/aiCoreLayer.test.js" name="AIOrchestrator &gt; getRoleDescription &gt; should return description for EXECUTOR" time="0.000026833">
        </testcase>
        <testcase classname="tests/unit/backend/aiCoreLayer.test.js" name="AIOrchestrator &gt; getRoleDescription &gt; should return description for EDUCATOR" time="0.000026042">
        </testcase>
        <testcase classname="tests/unit/backend/aiCoreLayer.test.js" name="AIOrchestrator &gt; Service Structure &gt; should export processMessage function" time="0.000025792">
        </testcase>
    </testsuite>
    <testsuite name="tests/unit/backend/aiExplainabilityService.test.js" timestamp="2025-12-20T22:14:44.920Z" hostname="MacBook-Pro-Piotr.local" tests="35" failures="0" errors="0" skipped="0" time="0.004118542">
        <testcase classname="tests/unit/backend/aiExplainabilityService.test.js" name="AIExplainabilityService &gt; computeConfidenceLevel &gt; returns LOW when context is null" time="0.000449667">
        </testcase>
        <testcase classname="tests/unit/backend/aiExplainabilityService.test.js" name="AIExplainabilityService &gt; computeConfidenceLevel &gt; returns LOW when context is empty" time="0.000087083">
        </testcase>
        <testcase classname="tests/unit/backend/aiExplainabilityService.test.js" name="AIExplainabilityService &gt; computeConfidenceLevel &gt; returns LOW when PMOHealthSnapshot is missing and no project data" time="0.00005225">
        </testcase>
        <testcase classname="tests/unit/backend/aiExplainabilityService.test.js" name="AIExplainabilityService &gt; computeConfidenceLevel &gt; returns MEDIUM when PMOHealthSnapshot exists with blockers" time="0.000064916">
        </testcase>
        <testcase classname="tests/unit/backend/aiExplainabilityService.test.js" name="AIExplainabilityService &gt; computeConfidenceLevel &gt; returns HIGH when full context with no blockers" time="0.000073708">
        </testcase>
        <testcase classname="tests/unit/backend/aiExplainabilityService.test.js" name="AIExplainabilityService &gt; computeConfidenceLevel &gt; penalizes conflicting signals (many blockers AND many pending decisions)" time="0.000319375">
        </testcase>
        <testcase classname="tests/unit/backend/aiExplainabilityService.test.js" name="AIExplainabilityService &gt; buildReasoningSummary &gt; returns default message when no health data" time="0.000086541">
        </testcase>
        <testcase classname="tests/unit/backend/aiExplainabilityService.test.js" name="AIExplainabilityService &gt; buildReasoningSummary &gt; includes overdue tasks in reasoning" time="0.00005175">
        </testcase>
        <testcase classname="tests/unit/backend/aiExplainabilityService.test.js" name="AIExplainabilityService &gt; buildReasoningSummary &gt; includes pending decisions in reasoning" time="0.000047542">
        </testcase>
        <testcase classname="tests/unit/backend/aiExplainabilityService.test.js" name="AIExplainabilityService &gt; buildReasoningSummary &gt; includes phase information" time="0.000055875">
        </testcase>
        <testcase classname="tests/unit/backend/aiExplainabilityService.test.js" name="AIExplainabilityService &gt; buildReasoningSummary &gt; includes project memory count when provided" time="0.000036084">
        </testcase>
        <testcase classname="tests/unit/backend/aiExplainabilityService.test.js" name="AIExplainabilityService &gt; extractConstraintsApplied &gt; includes AI role constraint" time="0.000086292">
        </testcase>
        <testcase classname="tests/unit/backend/aiExplainabilityService.test.js" name="AIExplainabilityService &gt; extractConstraintsApplied &gt; includes policy level constraint" time="0.000035792">
        </testcase>
        <testcase classname="tests/unit/backend/aiExplainabilityService.test.js" name="AIExplainabilityService &gt; extractConstraintsApplied &gt; includes phase gate constraint" time="0.000046792">
        </testcase>
        <testcase classname="tests/unit/backend/aiExplainabilityService.test.js" name="AIExplainabilityService &gt; extractConstraintsApplied &gt; includes regulatory mode constraint" time="0.000043667">
        </testcase>
        <testcase classname="tests/unit/backend/aiExplainabilityService.test.js" name="AIExplainabilityService &gt; identifyDataUsed &gt; returns projectData false when no project context" time="0.000057416">
        </testcase>
        <testcase classname="tests/unit/backend/aiExplainabilityService.test.js" name="AIExplainabilityService &gt; identifyDataUsed &gt; returns projectData true when project context exists" time="0.000032708">
        </testcase>
        <testcase classname="tests/unit/backend/aiExplainabilityService.test.js" name="AIExplainabilityService &gt; identifyDataUsed &gt; returns projectMemoryCount from options" time="0.000028417">
        </testcase>
[...]
        </testcase>
        <testcase classname="tests/unit/backend/tokenBillingService.test.js" name="TokenBillingService - Integration &gt; Balance &gt; should credit tokens to user" time="0.001115">
        </testcase>
        <testcase classname="tests/unit/backend/tokenBillingService.test.js" name="TokenBillingService - Integration &gt; Balance Check &gt; should check sufficient balance" time="0.000155167">
        </testcase>
        <testcase classname="tests/unit/backend/tokenBillingService.test.js" name="TokenBillingService - Integration &gt; Margin Updates &gt; should update margin and persist changes" time="0.000407875">
        </testcase>
        <testcase classname="tests/unit/backend/tokenBillingService.test.js" name="TokenBillingService - Integration &gt; Token Deduction / Usage &gt; should deduct tokens correctly for platform usage" time="0.00134425">
        </testcase>
        <testcase classname="tests/unit/backend/tokenBillingService.test.js" name="TokenBillingService - Integration &gt; Token Deduction / Usage &gt; should handle markup multipliers" time="0.000806208">
        </testcase>
        <testcase classname="tests/unit/backend/tokenBillingService.test.js" name="TokenBillingService - Integration &gt; User API Keys (BYOK) &gt; should add, get and delete user API keys" time="0.052983417">
        </testcase>
        <testcase classname="tests/unit/backend/tokenBillingService.test.js" name="TokenBillingService - Integration &gt; Source Determination &gt; should prefer BYOK if available and requested" time="0.0488875">
        </testcase>
        <testcase classname="tests/unit/backend/tokenBillingService.test.js" name="TokenBillingService - Integration &gt; Source Determination &gt; should fallback to platform if no BYOK key" time="0.003893916">
        </testcase>
        <testcase classname="tests/unit/backend/tokenBillingService.test.js" name="TokenBillingService - Integration &gt; Analytics &gt; should retrieve revenue analytics" time="0.00048575">
        </testcase>
        <testcase classname="tests/unit/backend/tokenBillingService.test.js" name="TokenBillingService - Integration &gt; Analytics &gt; should retrieve transactions for user" time="0.000999875">
        </testcase>
    </testsuite>
    <testsuite name="tests/unit/backend/usageService.test.js" timestamp="2025-12-20T22:14:44.943Z" hostname="MacBook-Pro-Piotr.local" tests="4" failures="0" errors="0" skipped="0" time="0.149796708">
        <testcase classname="tests/unit/backend/usageService.test.js" name="UsageService - Integration &gt; Record Usage &gt; should record token usage without throwing" time="0.000859708">
        </testcase>
        <testcase classname="tests/unit/backend/usageService.test.js" name="UsageService - Integration &gt; Record Usage &gt; should record storage usage without throwing" time="0.000256708">
        </testcase>
        <testcase classname="tests/unit/backend/usageService.test.js" name="UsageService - Integration &gt; Get Usage &gt; should get current usage without throwing" time="0.000696584">
        </testcase>
        <testcase classname="tests/unit/backend/usageService.test.js" name="UsageService - Integration &gt; Check Quota &gt; should check quota without throwing" time="0.000701708">
        </testcase>
    </testsuite>
    <testsuite name="tests/unit/hooks/useAIStream.test.ts" timestamp="2025-12-20T22:14:44.943Z" hostname="MacBook-Pro-Piotr.local" tests="6" failures="0" errors="0" skipped="0" time="0.025135334">
        <testcase classname="tests/unit/hooks/useAIStream.test.ts" name="Hook Test: useAIStream &gt; initializes with correct default values" time="0.006631084">
        </testcase>
        <testcase classname="tests/unit/hooks/useAIStream.test.ts" name="Hook Test: useAIStream &gt; calls API with correct parameters" time="0.006392875">
            <system-out>
[DEBUG-D] startStream entry: {
  msgLength: [33m12[39m,
  historyLength: [33m0[39m,
  hasSystemPrompt: [33mtrue[39m,
  hasContext: [33mfalse[39m
}
[DEBUG-A,C] startStream onDone: { responseLength: [33m11[39m }

            </system-out>
        </testcase>
        <testcase classname="tests/unit/hooks/useAIStream.test.ts" name="Hook Test: useAIStream &gt; updates stream content as chunks arrive" time="0.001486291">
            <system-out>
[DEBUG-D] startStream entry: {
  msgLength: [33m4[39m,
  historyLength: [33m0[39m,
  hasSystemPrompt: [33mfalse[39m,
  hasContext: [33mfalse[39m
}
[DEBUG-A,C] startStream onDone: { responseLength: [33m11[39m }

            </system-out>
        </testcase>
        <testcase classname="tests/unit/hooks/useAIStream.test.ts" name="Hook Test: useAIStream &gt; calls onStreamDone callback when stream completes" time="0.003800584">
            <system-out>
[DEBUG-D] startStream entry: {
  msgLength: [33m4[39m,
  historyLength: [33m0[39m,
  hasSystemPrompt: [33mfalse[39m,
  hasContext: [33mfalse[39m
}
[DEBUG-A,C] startStream onDone: { responseLength: [33m8[39m }

            </system-out>
        </testcase>
        <testcase classname="tests/unit/hooks/useAIStream.test.ts" name="Hook Test: useAIStream &gt; handles stream errors" time="0.003229959">
            <system-out>
[DEBUG-D] startStream entry: {
  msgLength: [33m4[39m,
  historyLength: [33m0[39m,
  hasSystemPrompt: [33mfalse[39m,
  hasContext: [33mfalse[39m
}

[DEBUG-A,C] startStream error: { errorMsg: [32m&apos;Error: Stream failed&apos;[39m }

            </system-out>
            <system-err>
AI Stream Error: Error: Stream failed
    at [90m/Users/piotrwisniewski/Documents/Antygracity/DRD/consultify/[39mtests/unit/hooks/useAIStream.test.ts:87:23
    at [90mfile:///Users/piotrwisniewski/Documents/Antygracity/DRD/consultify/[39mnode_modules/[4m@vitest/runner[24m/dist/index.js:145:11
    at [90mfile:///Users/piotrwisniewski/Documents/Antygracity/DRD/consultify/[39mnode_modules/[4m@vitest/runner[24m/dist/index.js:915:26
    at [90mfile:///Users/piotrwisniewski/Documents/Antygracity/DRD/consultify/[39mnode_modules/[4m@vitest/runner[24m/dist/index.js:1243:20
    at new Promise (&lt;anonymous&gt;)
    at runWithTimeout [90m(file:///Users/piotrwisniewski/Documents/Antygracity/DRD/consultify/[39mnode_modules/[4m@vitest/runner[24m/dist/index.js:1209:10[90m)[39m
    at [90mfile:///Users/piotrwisniewski/Documents/Antygracity/DRD/consultify/[39mnode_modules/[4m@vitest/runner[24m/dist/index.js:1653:37
    at Traces.$ [90m(file:///Users/piotrwisniewski/Documents/Antygracity/DRD/consultify/[39mnode_modules/[4mvitest[24m/dist/chunks/traces.U4xDYhzZ.js:115:27[90m)[39m
    at trace [90m(file:///Users/piotrwisniewski/Documents/Antygracity/DRD/consultify/[39mnode_modules/[4mvitest[24m/dist/chunks/test.B8ej_ZHS.js:239:21[90m)[39m
    at runTest [90m(file:///Users/piotrwisniewski/Documents/Antygracity/DRD/consultify/[39mnode_modules/[4m@vitest/runner[24m/dist/index.js:1653:12[90m)[39m

            </system-err>
        </testcase>
        <testcase classname="tests/unit/hooks/useAIStream.test.ts" name="Hook Test: useAIStream &gt; sets bot typing state correctly" time="0.002801584">
            <system-out>
[DEBUG-D] startStream entry: {
  msgLength: [33m4[39m,
  historyLength: [33m0[39m,
  hasSystemPrompt: [33mfalse[39m,
  hasContext: [33mfalse[39m
}
[DEBUG-A,C] startStream onDone: { responseLength: [33m11[39m }

            </system-out>
        </testcase>
    </testsuite>
    <testsuite name="tests/unit/hooks/useIndependentAI.test.ts" timestamp="2025-12-20T22:14:44.943Z" hostname="MacBook-Pro-Piotr.local" tests="3" failures="0" errors="0" skipped="0" time="0.009740584">
        <testcase classname="tests/unit/hooks/useIndependentAI.test.ts" name="useIndependentAI &gt; initializes with default state" time="0.005910958">
        </testcase>
        <testcase classname="tests/unit/hooks/useIndependentAI.test.ts" name="useIndependentAI &gt; callAI manages loading state and accumulates stream" time="0.001409917">
        </testcase>
        <testcase classname="tests/unit/hooks/useIndependentAI.test.ts" name="useIndependentAI &gt; refineText calls callAI with correct prompt and system instruction" time="0.001832042">
        </testcase>
    </testsuite>
    <testsuite name="tests/unit/hooks/useScreenContext.test.ts" timestamp="2025-12-20T22:14:44.944Z" hostname="MacBook-Pro-Piotr.local" tests="2" failures="0" errors="0" skipped="0" time="0.009679167">
        <testcase classname="tests/unit/hooks/useScreenContext.test.ts" name="Hook Test: useScreenContext &gt; sets screen context on mount after debounce" time="0.007842625">
        </testcase>
        <testcase classname="tests/unit/hooks/useScreenContext.test.ts" name="Hook Test: useScreenContext &gt; updates context when data changes" time="0.001168">
        </testcase>
    </testsuite>
    <testsuite name="tests/unit/backend/middleware/adminMiddleware.test.js" timestamp="2025-12-20T22:14:44.944Z" hostname="MacBook-Pro-Piotr.local" tests="4" failures="0" errors="0" skipped="0" time="0.004950291">
        <testcase classname="tests/unit/backend/middleware/adminMiddleware.test.js" name="AdminMiddleware &gt; should call next() if user is admin" time="0.002305084">
        </testcase>
        <testcase classname="tests/unit/backend/middleware/adminMiddleware.test.js" name="AdminMiddleware &gt; should call next() if user is superadmin" time="0.000505458">
        </testcase>
        <testcase classname="tests/unit/backend/middleware/adminMiddleware.test.js" name="AdminMiddleware &gt; should return 403 if user is not admin" time="0.001193125">
        </testcase>
        <testcase classname="tests/unit/backend/middleware/adminMiddleware.test.js" name="AdminMiddleware &gt; should return 401 if verify failed (bad signature)" time="0.00036475">
        </testcase>
    </testsuite>
    <testsuite name="tests/unit/backend/middleware/auditLog.test.js" timestamp="2025-12-20T22:14:44.945Z" hostname="MacBook-Pro-Piotr.local" tests="3" failures="0" errors="0" skipped="0" time="0.202880417">
        <testcase classname="tests/unit/backend/middleware/auditLog.test.js" name="AuditLog Middleware &gt; should call next() and override res.end" time="0.148055834">
            <system-out>
[Database] Selected: SQLite

[DB:jeszto] Initializing database at :memory:
Connected to the SQLite database.
Created billing tables and seeded default subscription plans.
Seeded SuperAdmin and DBR77 Users.

Projects table created successfully (or already exists).

Database initialization complete.

[Database] Selected: SQLite

            </system-out>
        </testcase>
        <testcase classname="tests/unit/backend/middleware/auditLog.test.js" name="AuditLog Middleware &gt; should log activity when res.end is called for 2xx POST" time="0.05286325">
            <system-out>
[Database] Selected: SQLite

            </system-out>
        </testcase>
        <testcase classname="tests/unit/backend/middleware/auditLog.test.js" name="AuditLog Middleware &gt; should NOT log for GET requests" time="0.001344459">
            <system-out>
[Database] Selected: SQLite

            </system-out>
        </testcase>
    </testsuite>
    <testsuite name="tests/unit/backend/middleware/authMiddleware.test.js" timestamp="2025-12-20T22:14:44.945Z" hostname="MacBook-Pro-Piotr.local" tests="6" failures="0" errors="0" skipped="4" time="0.002985583">
        <testcase classname="tests/unit/backend/middleware/authMiddleware.test.js" name="AuthMiddleware &gt; should return 403 if no token provided" time="0.002106792">
        </testcase>
        <testcase classname="tests/unit/backend/middleware/authMiddleware.test.js" name="AuthMiddleware &gt; should return 401 if token expired" time="0">
            <skipped/>
        </testcase>
        <testcase classname="tests/unit/backend/middleware/authMiddleware.test.js" name="AuthMiddleware &gt; should return 401 if token invalid" time="0.000331208">
        </testcase>
        <testcase classname="tests/unit/backend/middleware/authMiddleware.test.js" name="AuthMiddleware &gt; should call next() if token valid and no revocation check needed (no jti)" time="0">
            <skipped/>
        </testcase>
        <testcase classname="tests/unit/backend/middleware/authMiddleware.test.js" name="AuthMiddleware &gt; should check revocation if jti is present" time="0">
            <skipped/>
        </testcase>
        <testcase classname="tests/unit/backend/middleware/authMiddleware.test.js" name="AuthMiddleware &gt; should return 401 if token is revoked" time="0">
            <skipped/>
        </testcase>
    </testsuite>
    <testsuite name="tests/unit/backend/middleware/planLimits.test.js" timestamp="2025-12-20T22:14:44.946Z" hostname="MacBook-Pro-Piotr.local" tests="8" failures="0" errors="0" skipped="0" time="0.167778417">
        <testcase classname="tests/unit/backend/middleware/planLimits.test.js" name="PlanLimits Middleware &gt; should return 403 if no organization found in user" time="0.15565075">
            <system-out>
[Database] Selected: SQLite

[DB:0tny2n] Initializing database at :memory:
Connected to the SQLite database.
Created billing tables and seeded default subscription plans.
Seeded SuperAdmin and DBR77 Users.

Projects table created successfully (or already exists).

Database initialization complete.

[Database] Selected: SQLite

            </system-out>
        </testcase>
        <testcase classname="tests/unit/backend/middleware/planLimits.test.js" name="PlanLimits Middleware &gt; should return 404 if organization does not exist in DB" time="0.001197541">
        </testcase>
        <testcase classname="tests/unit/backend/middleware/planLimits.test.js" name="PlanLimits Middleware &gt; should allow request if within limit (Free plan)" time="0.001490458">
        </testcase>
        <testcase classname="tests/unit/backend/middleware/planLimits.test.js" name="PlanLimits Middleware &gt; should block request if limit reached (Free plan)" time="0.002073042">
        </testcase>
        <testcase classname="tests/unit/backend/middleware/planLimits.test.js" name="PlanLimits Middleware &gt; should allow request if within limit (Pro plan)" time="0.001629667">
        </testcase>
        <testcase classname="tests/unit/backend/middleware/planLimits.test.js" name="PlanLimits Middleware &gt; should treat trial status as pro plan" time="0.002200125">
        </testcase>
        <testcase classname="tests/unit/backend/middleware/planLimits.test.js" name="PlanLimits Middleware &gt; should handle undefined limits gracefully (warn and allow)" time="0.001102542">
            <system-err>
Limit key unknown_limit_key not found for plan free

            </system-err>
        </testcase>
        <testcase classname="tests/unit/backend/middleware/planLimits.test.js" name="PlanLimits Middleware &gt; should check max_members limit" time="0.00164025">
        </testcase>
    </testsuite>
    <testsuite name="tests/unit/backend/middleware/projectQuotaMiddleware.test.js" timestamp="2025-12-20T22:14:44.946Z" hostname="MacBook-Pro-Piotr.local" tests="6" failures="0" errors="0" skipped="0" time="0.194055792">
        <testcase classname="tests/unit/backend/middleware/projectQuotaMiddleware.test.js" name="Project Quota Middleware (Integration) &gt; should skip check if no project_id provided" time="0.000956208">
        </testcase>
        <testcase classname="tests/unit/backend/middleware/projectQuotaMiddleware.test.js" name="Project Quota Middleware (Integration) &gt; should allow request if quota is sufficient" time="0.001386958">
        </testcase>
        <testcase classname="tests/unit/backend/middleware/projectQuotaMiddleware.test.js" name="Project Quota Middleware (Integration) &gt; should allow request if limit is NULL (unlimited)" time="0.001331625">
        </testcase>
        <testcase classname="tests/unit/backend/middleware/projectQuotaMiddleware.test.js" name="Project Quota Middleware (Integration) &gt; should block 429 if quota exceeded" time="0.00273">
        </testcase>
        <testcase classname="tests/unit/backend/middleware/projectQuotaMiddleware.test.js" name="Project Quota Middleware (Integration) &gt; should cleanup temp file if quota exceeded" time="0.0015325">
        </testcase>
        <testcase classname="tests/unit/backend/middleware/projectQuotaMiddleware.test.js" name="Project Quota Middleware (Integration) &gt; should handle errors gracefully (e.g. project not found)" time="0.001181791">
            <system-err>
Project quota check error: Error: Project not found
    at Statement.&lt;anonymous&gt; [90m(/Users/piotrwisniewski/Documents/Antygracity/DRD/consultify/[39mserver/services/usageService.js:300:41[90m)[39m
    at Statement.replacement [90m(/Users/piotrwisniewski/Documents/Antygracity/DRD/consultify/[39mserver/node_modules/[4msqlite3[24m/lib/trace.js:25:27[90m)[39m
    at Statement.replacement [90m(/Users/piotrwisniewski/Documents/Antygracity/DRD/consultify/[39mserver/node_modules/[4msqlite3[24m/lib/trace.js:25:27[90m)[39m

            </system-err>
        </testcase>
    </testsuite>
    <testsuite name="tests/unit/backend/middleware/quotaMiddleware.test.js" timestamp="2025-12-20T22:14:44.947Z" hostname="MacBook-Pro-Piotr.local" tests="8" failures="0" errors="0" skipped="0" time="0.222882166">
        <testcase classname="tests/unit/backend/middleware/quotaMiddleware.test.js" name="Quota Middleware (Integration) &gt; enforceTokenQuota &gt; should return 401 if no orgId" time="0.000960209">
        </testcase>
        <testcase classname="tests/unit/backend/middleware/quotaMiddleware.test.js" name="Quota Middleware (Integration) &gt; enforceTokenQuota &gt; should allow if usage is below limit" time="0.002206208">
        </testcase>
        <testcase classname="tests/unit/backend/middleware/quotaMiddleware.test.js" name="Quota Middleware (Integration) &gt; enforceTokenQuota &gt; should block 429 if usage exceeds limit" time="0.001302208">
        </testcase>
        <testcase classname="tests/unit/backend/middleware/quotaMiddleware.test.js" name="Quota Middleware (Integration) &gt; enforceTokenQuota &gt; should allow if overage is enabled even if exceeded" time="0.0014365">
        </testcase>
        <testcase classname="tests/unit/backend/middleware/quotaMiddleware.test.js" name="Quota Middleware (Integration) &gt; enforceTokenQuota &gt; should set warning headers if &gt; 80%" time="0.001627208">
        </testcase>
        <testcase classname="tests/unit/backend/middleware/quotaMiddleware.test.js" name="Quota Middleware (Integration) &gt; enforceStorageQuota &gt; should allow if allowed" time="0.001570208">
        </testcase>
        <testcase classname="tests/unit/backend/middleware/quotaMiddleware.test.js" name="Quota Middleware (Integration) &gt; enforceStorageQuota &gt; should block 429 if exceeded" time="0.001261208">
        </testcase>
        <testcase classname="tests/unit/backend/middleware/quotaMiddleware.test.js" name="Quota Middleware (Integration) &gt; recordTokenUsageAfterResponse &gt; should insert usage record into DB" time="0.051548">
        </testcase>
    </testsuite>
    <testsuite name="tests/unit/backend/middleware/superAdminMiddleware.test.js" timestamp="2025-12-20T22:14:44.947Z" hostname="MacBook-Pro-Piotr.local" tests="3" failures="0" errors="0" skipped="0" time="0.004354041">
        <testcase classname="tests/unit/backend/middleware/superAdminMiddleware.test.js" name="SuperAdminMiddleware &gt; should call next() if user is superadmin" time="0.002203041">
        </testcase>
        <testcase classname="tests/unit/backend/middleware/superAdminMiddleware.test.js" name="SuperAdminMiddleware &gt; should return 403 if user is admin (not super)" time="0.001202792">
        </testcase>
        <testcase classname="tests/unit/backend/middleware/superAdminMiddleware.test.js" name="SuperAdminMiddleware &gt; should return 401 if token is invalid (bad signature)" time="0.000286375">
        </testcase>
    </testsuite>
</testsuites>
