<?xml version="1.0" encoding="UTF-8" ?>
<testsuites name="vitest tests" tests="2512" failures="351" errors="0" time="74.179418618">
    <testsuite name="tests/unit/actionProposalEngine.test.js" timestamp="2026-01-04T21:19:45.709Z" hostname="MacBook-Pro-Piotr.local" tests="6" failures="6" errors="0" skipped="0" time="3.622332834">
        <testcase classname="tests/unit/actionProposalEngine.test.js" name="ActionProposalEngine &gt; should generate proposals for USER_AT_RISK" time="3.49752625">
            <system-out>
2026-01-04T21:18:43.930Z [32minfo[39m: [2026-01-04T21:18:43.900Z] [INFO] [AI:[Queue] Using Mock Queue for ai-tasks] undefined 

            </system-out>
            <failure message="__vite_ssr_import_2__.default.simulateImpacts is not a function" type="TypeError">
TypeError: __vite_ssr_import_2__.default.simulateImpacts is not a function
 ❯ Object.generateProposals server/ai/actionProposalEngine.js:31:46
 ❯ tests/unit/actionProposalEngine.test.js:81:48
            </failure>
        </testcase>
        <testcase classname="tests/unit/actionProposalEngine.test.js" name="ActionProposalEngine &gt; should generate proposals for BLOCKED_INITIATIVE" time="0.021856292">
            <system-out>
2026-01-04T21:18:44.885Z [32minfo[39m: [2026-01-04T21:18:44.885Z] [INFO] [AI:[Queue] Using Mock Queue for ai-tasks] undefined 

            </system-out>
            <failure message="__vite_ssr_import_2__.default.simulateImpacts is not a function" type="TypeError">
TypeError: __vite_ssr_import_2__.default.simulateImpacts is not a function
 ❯ Object.generateProposals server/ai/actionProposalEngine.js:31:46
 ❯ tests/unit/actionProposalEngine.test.js:96:48
            </failure>
        </testcase>
        <testcase classname="tests/unit/actionProposalEngine.test.js" name="ActionProposalEngine &gt; should generate proposals for STRONG_TEAM_MEMBER" time="0.031838917">
            <system-out>
2026-01-04T21:18:44.913Z [32minfo[39m: [2026-01-04T21:18:44.913Z] [INFO] [AI:[Queue] Using Mock Queue for ai-tasks] undefined 

            </system-out>
            <failure message="__vite_ssr_import_2__.default.simulateImpacts is not a function" type="TypeError">
TypeError: __vite_ssr_import_2__.default.simulateImpacts is not a function
 ❯ Object.generateProposals server/ai/actionProposalEngine.js:31:46
 ❯ tests/unit/actionProposalEngine.test.js:105:48
            </failure>
        </testcase>
        <testcase classname="tests/unit/actionProposalEngine.test.js" name="ActionProposalEngine &gt; should be deterministic (return same output for same input)" time="0.0238365">
            <system-out>
2026-01-04T21:18:44.949Z [32minfo[39m: [2026-01-04T21:18:44.949Z] [INFO] [AI:[Queue] Using Mock Queue for ai-tasks] undefined 

            </system-out>
            <failure message="__vite_ssr_import_2__.default.simulateImpacts is not a function" type="TypeError">
TypeError: __vite_ssr_import_2__.default.simulateImpacts is not a function
 ❯ Object.generateProposals server/ai/actionProposalEngine.js:31:46
 ❯ tests/unit/actionProposalEngine.test.js:114:46
            </failure>
        </testcase>
        <testcase classname="tests/unit/actionProposalEngine.test.js" name="ActionProposalEngine &gt; should return sorted proposals by proposal_id" time="0.03331725">
            <system-out>
2026-01-04T21:18:44.983Z [32minfo[39m: [2026-01-04T21:18:44.983Z] [INFO] [AI:[Queue] Using Mock Queue for ai-tasks] undefined 

            </system-out>
            <failure message="__vite_ssr_import_2__.default.simulateImpacts is not a function" type="TypeError">
TypeError: __vite_ssr_import_2__.default.simulateImpacts is not a function
 ❯ Object.generateProposals server/ai/actionProposalEngine.js:31:46
 ❯ tests/unit/actionProposalEngine.test.js:121:48
            </failure>
        </testcase>
        <testcase classname="tests/unit/actionProposalEngine.test.js" name="ActionProposalEngine &gt; should adhere to the mandatory output model" time="0.011925">
            <system-out>
2026-01-04T21:18:44.993Z [32minfo[39m: [2026-01-04T21:18:44.993Z] [INFO] [AI:[Queue] Using Mock Queue for ai-tasks] undefined 

            </system-out>
            <failure message="__vite_ssr_import_2__.default.simulateImpacts is not a function" type="TypeError">
TypeError: __vite_ssr_import_2__.default.simulateImpacts is not a function
 ❯ Object.generateProposals server/ai/actionProposalEngine.js:31:46
 ❯ tests/unit/actionProposalEngine.test.js:129:48
            </failure>
        </testcase>
    </testsuite>
    <testsuite name="tests/unit/aiModeResolver.test.js" timestamp="2026-01-04T21:19:45.722Z" hostname="MacBook-Pro-Piotr.local" tests="29" failures="29" errors="0" skipped="0" time="0.017451875">
        <testcase classname="tests/unit/aiModeResolver.test.js" name="AIModeResolver &gt; Mode Constants &gt; should have all 6 AI modes" time="0.004110959">
            <failure message="Cannot convert undefined or null to object" type="TypeError">
TypeError: Cannot convert undefined or null to object
 ❯ tests/unit/aiModeResolver.test.js:13:40
            </failure>
        </testcase>
        <testcase classname="tests/unit/aiModeResolver.test.js" name="AIModeResolver &gt; Phase to Mode Mapping &gt; Phase A maps to OFF (no AI)" time="0.000601417">
            <failure message="AIModeResolver.getModeForPhase is not a function" type="TypeError">
TypeError: AIModeResolver.getModeForPhase is not a function
 ❯ tests/unit/aiModeResolver.test.js:20:35
            </failure>
        </testcase>
        <testcase classname="tests/unit/aiModeResolver.test.js" name="AIModeResolver &gt; Phase to Mode Mapping &gt; Phase B maps to NARRATOR" time="0.000355375">
            <failure message="AIModeResolver.getModeForPhase is not a function" type="TypeError">
TypeError: AIModeResolver.getModeForPhase is not a function
 ❯ tests/unit/aiModeResolver.test.js:24:35
            </failure>
        </testcase>
        <testcase classname="tests/unit/aiModeResolver.test.js" name="AIModeResolver &gt; Phase to Mode Mapping &gt; Phase C maps to GUIDE" time="0.000268042">
            <failure message="AIModeResolver.getModeForPhase is not a function" type="TypeError">
TypeError: AIModeResolver.getModeForPhase is not a function
 ❯ tests/unit/aiModeResolver.test.js:28:35
            </failure>
        </testcase>
        <testcase classname="tests/unit/aiModeResolver.test.js" name="AIModeResolver &gt; Phase to Mode Mapping &gt; Phase D maps to GUIDE" time="0.000263083">
            <failure message="AIModeResolver.getModeForPhase is not a function" type="TypeError">
TypeError: AIModeResolver.getModeForPhase is not a function
 ❯ tests/unit/aiModeResolver.test.js:32:35
            </failure>
        </testcase>
        <testcase classname="tests/unit/aiModeResolver.test.js" name="AIModeResolver &gt; Phase to Mode Mapping &gt; Phase E maps to THINKING_PARTNER" time="0.000243542">
            <failure message="AIModeResolver.getModeForPhase is not a function" type="TypeError">
TypeError: AIModeResolver.getModeForPhase is not a function
 ❯ tests/unit/aiModeResolver.test.js:36:35
            </failure>
        </testcase>
        <testcase classname="tests/unit/aiModeResolver.test.js" name="AIModeResolver &gt; Phase to Mode Mapping &gt; Phase F maps to FACILITATOR" time="0.000268917">
            <failure message="AIModeResolver.getModeForPhase is not a function" type="TypeError">
TypeError: AIModeResolver.getModeForPhase is not a function
 ❯ tests/unit/aiModeResolver.test.js:40:35
            </failure>
        </testcase>
        <testcase classname="tests/unit/aiModeResolver.test.js" name="AIModeResolver &gt; Phase to Mode Mapping &gt; Phase G maps to META_ANALYST" time="0.000197958">
            <failure message="AIModeResolver.getModeForPhase is not a function" type="TypeError">
TypeError: AIModeResolver.getModeForPhase is not a function
 ❯ tests/unit/aiModeResolver.test.js:44:35
            </failure>
        </testcase>
        <testcase classname="tests/unit/aiModeResolver.test.js" name="AIModeResolver &gt; Mode Capabilities &gt; OFF mode cannot respond" time="0.000219458">
            <failure message="AIModeResolver.getCapabilities is not a function" type="TypeError">
TypeError: AIModeResolver.getCapabilities is not a function
 ❯ tests/unit/aiModeResolver.test.js:50:41
            </failure>
        </testcase>
        <testcase classname="tests/unit/aiModeResolver.test.js" name="AIModeResolver &gt; Mode Capabilities &gt; NARRATOR can explain but not recommend" time="0.000256917">
            <failure message="AIModeResolver.getCapabilities is not a function" type="TypeError">
TypeError: AIModeResolver.getCapabilities is not a function
 ❯ tests/unit/aiModeResolver.test.js:57:41
            </failure>
        </testcase>
        <testcase classname="tests/unit/aiModeResolver.test.js" name="AIModeResolver &gt; Mode Capabilities &gt; GUIDE can explain but not recommend or analyze" time="0.000193541">
            <failure message="AIModeResolver.getCapabilities is not a function" type="TypeError">
TypeError: AIModeResolver.getCapabilities is not a function
 ❯ tests/unit/aiModeResolver.test.js:65:41
            </failure>
        </testcase>
        <testcase classname="tests/unit/aiModeResolver.test.js" name="AIModeResolver &gt; Mode Capabilities &gt; THINKING_PARTNER can recommend and analyze" time="0.000207">
            <failure message="AIModeResolver.getCapabilities is not a function" type="TypeError">
TypeError: AIModeResolver.getCapabilities is not a function
 ❯ tests/unit/aiModeResolver.test.js:73:41
            </failure>
        </testcase>
        <testcase classname="tests/unit/aiModeResolver.test.js" name="AIModeResolver &gt; Mode Capabilities &gt; FACILITATOR can facilitate but not benchmark" time="0.000206458">
            <failure message="AIModeResolver.getCapabilities is not a function" type="TypeError">
TypeError: AIModeResolver.getCapabilities is not a function
 ❯ tests/unit/aiModeResolver.test.js:81:41
            </failure>
        </testcase>
        <testcase classname="tests/unit/aiModeResolver.test.js" name="AIModeResolver &gt; Mode Capabilities &gt; META_ANALYST has all capabilities" time="0.000198708">
            <failure message="AIModeResolver.getCapabilities is not a function" type="TypeError">
TypeError: AIModeResolver.getCapabilities is not a function
 ❯ tests/unit/aiModeResolver.test.js:87:41
            </failure>
        </testcase>
        <testcase classname="tests/unit/aiModeResolver.test.js" name="AIModeResolver &gt; canAIRespond &gt; returns false for OFF mode" time="0.000164709">
            <failure message="AIModeResolver.canAIRespond is not a function" type="TypeError">
TypeError: AIModeResolver.canAIRespond is not a function
 ❯ tests/unit/aiModeResolver.test.js:97:35
            </failure>
        </testcase>
        <testcase classname="tests/unit/aiModeResolver.test.js" name="AIModeResolver &gt; canAIRespond &gt; returns true for all other modes" time="0.000165834">
            <failure message="AIModeResolver.canAIRespond is not a function" type="TypeError">
TypeError: AIModeResolver.canAIRespond is not a function
 ❯ tests/unit/aiModeResolver.test.js:101:35
            </failure>
        </testcase>
        <testcase classname="tests/unit/aiModeResolver.test.js" name="AIModeResolver &gt; Request Validation &gt; OFF mode blocks all requests" time="0.000160917">
            <failure message="AIModeResolver.validateRequest is not a function" type="TypeError">
TypeError: AIModeResolver.validateRequest is not a function
 ❯ tests/unit/aiModeResolver.test.js:111:43
            </failure>
        </testcase>
        <testcase classname="tests/unit/aiModeResolver.test.js" name="AIModeResolver &gt; Request Validation &gt; NARRATOR blocks recommendations" time="0.000173291">
            <failure message="AIModeResolver.validateRequest is not a function" type="TypeError">
TypeError: AIModeResolver.validateRequest is not a function
 ❯ tests/unit/aiModeResolver.test.js:117:43
            </failure>
        </testcase>
        <testcase classname="tests/unit/aiModeResolver.test.js" name="AIModeResolver &gt; Request Validation &gt; GUIDE blocks analysis" time="0.00016875">
            <failure message="AIModeResolver.validateRequest is not a function" type="TypeError">
TypeError: AIModeResolver.validateRequest is not a function
 ❯ tests/unit/aiModeResolver.test.js:122:43
            </failure>
        </testcase>
        <testcase classname="tests/unit/aiModeResolver.test.js" name="AIModeResolver &gt; Request Validation &gt; THINKING_PARTNER allows recommendations" time="0.000162917">
            <failure message="AIModeResolver.validateRequest is not a function" type="TypeError">
TypeError: AIModeResolver.validateRequest is not a function
 ❯ tests/unit/aiModeResolver.test.js:127:43
            </failure>
        </testcase>
        <testcase classname="tests/unit/aiModeResolver.test.js" name="AIModeResolver &gt; Request Validation &gt; THINKING_PARTNER blocks benchmarks" time="0.000164459">
            <failure message="AIModeResolver.validateRequest is not a function" type="TypeError">
TypeError: AIModeResolver.validateRequest is not a function
 ❯ tests/unit/aiModeResolver.test.js:132:43
            </failure>
        </testcase>
        <testcase classname="tests/unit/aiModeResolver.test.js" name="AIModeResolver &gt; Request Validation &gt; META_ANALYST allows benchmarks" time="0.000157583">
            <failure message="AIModeResolver.validateRequest is not a function" type="TypeError">
TypeError: AIModeResolver.validateRequest is not a function
 ❯ tests/unit/aiModeResolver.test.js:137:43
            </failure>
        </testcase>
        <testcase classname="tests/unit/aiModeResolver.test.js" name="AIModeResolver &gt; System Instructions &gt; OFF mode returns null" time="0.001183167">
            <failure message="AIModeResolver.getSystemInstruction is not a function" type="TypeError">
TypeError: AIModeResolver.getSystemInstruction is not a function
 ❯ tests/unit/aiModeResolver.test.js:144:35
            </failure>
        </testcase>
        <testcase classname="tests/unit/aiModeResolver.test.js" name="AIModeResolver &gt; System Instructions &gt; NARRATOR instruction contains mode declaration" time="0.000336166">
            <failure message="AIModeResolver.getSystemInstruction is not a function" type="TypeError">
TypeError: AIModeResolver.getSystemInstruction is not a function
 ❯ tests/unit/aiModeResolver.test.js:148:48
            </failure>
        </testcase>
        <testcase classname="tests/unit/aiModeResolver.test.js" name="AIModeResolver &gt; System Instructions &gt; GUIDE instruction contains forbidden actions" time="0.000220083">
            <failure message="AIModeResolver.getSystemInstruction is not a function" type="TypeError">
TypeError: AIModeResolver.getSystemInstruction is not a function
 ❯ tests/unit/aiModeResolver.test.js:154:48
            </failure>
        </testcase>
        <testcase classname="tests/unit/aiModeResolver.test.js" name="AIModeResolver &gt; System Instructions &gt; THINKING_PARTNER instruction contains 5-7 questions rule" time="0.000204792">
            <failure message="AIModeResolver.getSystemInstruction is not a function" type="TypeError">
TypeError: AIModeResolver.getSystemInstruction is not a function
 ❯ tests/unit/aiModeResolver.test.js:160:48
            </failure>
        </testcase>
        <testcase classname="tests/unit/aiModeResolver.test.js" name="AIModeResolver &gt; System Instructions &gt; FACILITATOR instruction forbids taking sides" time="0.000818167">
            <failure message="AIModeResolver.getSystemInstruction is not a function" type="TypeError">
TypeError: AIModeResolver.getSystemInstruction is not a function
 ❯ tests/unit/aiModeResolver.test.js:165:48
            </failure>
        </testcase>
        <testcase classname="tests/unit/aiModeResolver.test.js" name="AIModeResolver &gt; System Instructions &gt; META_ANALYST instruction forbids exposing identities" time="0.000851959">
            <failure message="AIModeResolver.getSystemInstruction is not a function" type="TypeError">
TypeError: AIModeResolver.getSystemInstruction is not a function
 ❯ tests/unit/aiModeResolver.test.js:170:48
            </failure>
        </testcase>
        <testcase classname="tests/unit/aiModeResolver.test.js" name="AIModeResolver &gt; Off Mode Response &gt; returns appropriate message for Phase A users" time="0.000248666">
            <failure message="AIModeResolver.getOffModeResponse is not a function" type="TypeError">
TypeError: AIModeResolver.getOffModeResponse is not a function
 ❯ tests/unit/aiModeResolver.test.js:177:45
            </failure>
        </testcase>
    </testsuite>
    <testsuite name="tests/unit/aiPlaybookRoutingEngine.test.js" timestamp="2026-01-04T21:19:45.732Z" hostname="MacBook-Pro-Piotr.local" tests="1" failures="1" errors="0" skipped="0" time="0">
        <testcase classname="tests/unit/aiPlaybookRoutingEngine.test.js" name="tests/unit/aiPlaybookRoutingEngine.test.js" time="0">
            <failure message="Cannot find module &apos;/Users/piotrwisniewski/Documents/Antygracity/DRD/consultify/server/src/database/index.js&apos; imported from /Users/piotrwisniewski/Documents/Antygracity/DRD/consultify/server/ai/aiPlaybookRoutingEngine.js" type="Error">
Error: Cannot find module &apos;/Users/piotrwisniewski/Documents/Antygracity/DRD/consultify/server/src/database/index.js&apos; imported from /Users/piotrwisniewski/Documents/Antygracity/DRD/consultify/server/ai/aiPlaybookRoutingEngine.js
⎯⎯⎯⎯⎯⎯⎯⎯⎯⎯⎯⎯⎯⎯⎯⎯⎯⎯⎯⎯⎯⎯⎯⎯⎯⎯⎯⎯⎯⎯
Serialized Error: { code: &apos;ERR_MODULE_NOT_FOUND&apos;, url: &apos;file:///Users/piotrwisniewski/Documents/Antygracity/DRD/consultify/server/src/database/index.js&apos; }
            </failure>
        </testcase>
    </testsuite>
    <testsuite name="tests/unit/analytics.service.test.ts" timestamp="2026-01-04T21:19:45.733Z" hostname="MacBook-Pro-Piotr.local" tests="8" failures="0" errors="0" skipped="0" time="0.005771708">
        <testcase classname="tests/unit/analytics.service.test.ts" name="Service Test: Analytics &gt; calculateAnalytics &gt; calculates analytics for empty arrays" time="0.001599542">
        </testcase>
        <testcase classname="tests/unit/analytics.service.test.ts" name="Service Test: Analytics &gt; calculateAnalytics &gt; calculates completion rate correctly" time="0.000398458">
        </testcase>
        <testcase classname="tests/unit/analytics.service.test.ts" name="Service Test: Analytics &gt; calculateAnalytics &gt; calculates initiative statistics" time="0.000317">
        </testcase>
        <testcase classname="tests/unit/analytics.service.test.ts" name="Service Test: Analytics &gt; calculateAnalytics &gt; calculates total cost and benefit" time="0.000212041">
        </testcase>
        <testcase classname="tests/unit/analytics.service.test.ts" name="Service Test: Analytics &gt; generateBurnDownData &gt; generates burn down data for date range" time="0.000500292">
        </testcase>
        <testcase classname="tests/unit/analytics.service.test.ts" name="Service Test: Analytics &gt; generateBurnDownData &gt; handles empty task list" time="0.000469375">
        </testcase>
        <testcase classname="tests/unit/analytics.service.test.ts" name="Service Test: Analytics &gt; generateVelocityData &gt; generates velocity data for specified weeks" time="0.0005845">
        </testcase>
        <testcase classname="tests/unit/analytics.service.test.ts" name="Service Test: Analytics &gt; generateVelocityData &gt; uses default 8 weeks when not specified" time="0.000185375">
        </testcase>
    </testsuite>
    <testsuite name="tests/unit/api.service.test.ts" timestamp="2026-01-04T21:19:45.734Z" hostname="MacBook-Pro-Piotr.local" tests="1" failures="0" errors="0" skipped="1" time="0">
        <testcase classname="tests/unit/api.service.test.ts" name="API Service Tests &gt; should be implemented" time="0">
            <skipped/>
        </testcase>
    </testsuite>
    <testsuite name="tests/unit/asyncJobService.test.js" timestamp="2026-01-04T21:19:45.734Z" hostname="MacBook-Pro-Piotr.local" tests="16" failures="2" errors="0" skipped="0" time="1.384465041">
        <testcase classname="tests/unit/asyncJobService.test.js" name="AsyncJobService Constants and Logic &gt; JOB_TYPES Constants &gt; should export EXECUTE_DECISION type" time="0.862555792">
            <system-out>
2026-01-04T21:18:41.952Z [32minfo[39m: [Database:DEBUG] MOCK_DB: 

            </system-out>
        </testcase>
        <testcase classname="tests/unit/asyncJobService.test.js" name="AsyncJobService Constants and Logic &gt; JOB_TYPES Constants &gt; should export ADVANCE_PLAYBOOK_STEP type" time="0.039514667">
            <system-out>
2026-01-04T21:18:42.274Z [32minfo[39m: [Database:DEBUG] MOCK_DB: 

            </system-out>
        </testcase>
        <testcase classname="tests/unit/asyncJobService.test.js" name="AsyncJobService Constants and Logic &gt; JOB_STATUSES Constants &gt; should export all required statuses" time="0.011074709">
            <system-out>
2026-01-04T21:18:42.285Z [32minfo[39m: [Database:DEBUG] MOCK_DB: 

            </system-out>
        </testcase>
        <testcase classname="tests/unit/asyncJobService.test.js" name="AsyncJobService Constants and Logic &gt; JOB_STATUSES Constants &gt; should have 6 status types" time="0.032806667">
            <system-out>
2026-01-04T21:18:42.317Z [32minfo[39m: [Database:DEBUG] MOCK_DB: 

            </system-out>
        </testcase>
        <testcase classname="tests/unit/asyncJobService.test.js" name="AsyncJobService Constants and Logic &gt; Service Methods Existence &gt; should export enqueueActionExecution" time="0.038023375">
            <system-out>
2026-01-04T21:18:42.356Z [32minfo[39m: [Database:DEBUG] MOCK_DB: 

            </system-out>
        </testcase>
        <testcase classname="tests/unit/asyncJobService.test.js" name="AsyncJobService Constants and Logic &gt; Service Methods Existence &gt; should export enqueuePlaybookAdvance" time="0.012089166">
            <system-out>
2026-01-04T21:18:42.368Z [32minfo[39m: [Database:DEBUG] MOCK_DB: 

            </system-out>
        </testcase>
        <testcase classname="tests/unit/asyncJobService.test.js" name="AsyncJobService Constants and Logic &gt; Service Methods Existence &gt; should export getJob" time="0.011570667">
            <system-out>
2026-01-04T21:18:42.380Z [32minfo[39m: [Database:DEBUG] MOCK_DB: 

            </system-out>
        </testcase>
        <testcase classname="tests/unit/asyncJobService.test.js" name="AsyncJobService Constants and Logic &gt; Service Methods Existence &gt; should export listJobs" time="0.007998667">
            <system-out>
2026-01-04T21:18:42.388Z [32minfo[39m: [Database:DEBUG] MOCK_DB: 

            </system-out>
        </testcase>
        <testcase classname="tests/unit/asyncJobService.test.js" name="AsyncJobService Constants and Logic &gt; Service Methods Existence &gt; should export retryJob" time="0.059891">
            <system-out>
2026-01-04T21:18:42.447Z [32minfo[39m: [Database:DEBUG] MOCK_DB: 

            </system-out>
        </testcase>
        <testcase classname="tests/unit/asyncJobService.test.js" name="AsyncJobService Constants and Logic &gt; Service Methods Existence &gt; should export cancelJob" time="0.036773584">
            <system-out>
2026-01-04T21:18:42.484Z [32minfo[39m: [Database:DEBUG] MOCK_DB: 

            </system-out>
        </testcase>
        <testcase classname="tests/unit/asyncJobService.test.js" name="AsyncJobService Constants and Logic &gt; Service Methods Existence &gt; should export updateJobStatus" time="0.01105075">
            <system-out>
2026-01-04T21:18:42.496Z [32minfo[39m: [Database:DEBUG] MOCK_DB: 

            </system-out>
        </testcase>
        <testcase classname="tests/unit/asyncJobService.test.js" name="AsyncJobService Constants and Logic &gt; Service Methods Existence &gt; should export markDeadLetter" time="0.07779075">
            <system-out>
2026-01-04T21:18:42.574Z [32minfo[39m: [Database:DEBUG] MOCK_DB: 

            </system-out>
        </testcase>
        <testcase classname="tests/unit/asyncJobService.test.js" name="AsyncJobService Constants and Logic &gt; Service Methods Existence &gt; should export incrementAttempts" time="0.037301416">
            <system-out>
2026-01-04T21:18:42.611Z [32minfo[39m: [Database:DEBUG] MOCK_DB: 

            </system-out>
        </testcase>
        <testcase classname="tests/unit/asyncJobService.test.js" name="Action Error Codes &gt; should include async job error codes" time="0.000485584">
        </testcase>
        <testcase classname="tests/unit/asyncJobService.test.js" name="AsyncJobProcessor &gt; should export processDecisionExecution" time="0.072981">
            <failure message="Failed to resolve import &quot;../src/ai/asyncJobService.js&quot; from &quot;server/workers/asyncJobProcessor.js&quot;. Does the file exist?" type="Error">
Error: Failed to resolve import &quot;../src/ai/asyncJobService.js&quot; from &quot;server/workers/asyncJobProcessor.js&quot;. Does the file exist?
  Plugin: vite:import-analysis
  File: /Users/piotrwisniewski/Documents/Antygracity/DRD/consultify/server/workers/asyncJobProcessor.js:1:30
  1  |  import AsyncJobService from &apos;../src/ai/asyncJobService.js&apos;;
     |                               ^
  2  |  import ActionExecutionAdapter from &apos;../src/ai/actionExecutionAdapter.js&apos;;
  3  |  import AIPlaybookExecutor from &apos;../src/ai/aiPlaybookExecutor.js&apos;;
 ❯ TransformPluginContext._formatLog node_modules/vite/dist/node/chunks/dep-D4NMHUTW.js:42528:41
 ❯ TransformPluginContext.error node_modules/vite/dist/node/chunks/dep-D4NMHUTW.js:42525:16
 ❯ normalizeUrl node_modules/vite/dist/node/chunks/dep-D4NMHUTW.js:40504:23
 ❯ node_modules/vite/dist/node/chunks/dep-D4NMHUTW.js:40623:37
 ❯ TransformPluginContext.transform node_modules/vite/dist/node/chunks/dep-D4NMHUTW.js:40550:7
 ❯ EnvironmentPluginContainer.transform node_modules/vite/dist/node/chunks/dep-D4NMHUTW.js:42323:18
 ❯ loadAndTransform node_modules/vite/dist/node/chunks/dep-D4NMHUTW.js:35739:27
            </failure>
        </testcase>
        <testcase classname="tests/unit/asyncJobService.test.js" name="AsyncJobProcessor &gt; should export processPlaybookAdvance" time="0.070317583">
            <failure message="Failed to resolve import &quot;../src/ai/asyncJobService.js&quot; from &quot;server/workers/asyncJobProcessor.js&quot;. Does the file exist?" type="Error">
Error: Failed to resolve import &quot;../src/ai/asyncJobService.js&quot; from &quot;server/workers/asyncJobProcessor.js&quot;. Does the file exist?
  Plugin: vite:import-analysis
  File: /Users/piotrwisniewski/Documents/Antygracity/DRD/consultify/server/workers/asyncJobProcessor.js:1:30
  1  |  import AsyncJobService from &apos;../src/ai/asyncJobService.js&apos;;
     |                               ^
  2  |  import ActionExecutionAdapter from &apos;../src/ai/actionExecutionAdapter.js&apos;;
  3  |  import AIPlaybookExecutor from &apos;../src/ai/aiPlaybookExecutor.js&apos;;
 ❯ TransformPluginContext._formatLog node_modules/vite/dist/node/chunks/dep-D4NMHUTW.js:42528:41
 ❯ TransformPluginContext.error node_modules/vite/dist/node/chunks/dep-D4NMHUTW.js:42525:16
 ❯ normalizeUrl node_modules/vite/dist/node/chunks/dep-D4NMHUTW.js:40504:23
 ❯ node_modules/vite/dist/node/chunks/dep-D4NMHUTW.js:40623:37
 ❯ TransformPluginContext.transform node_modules/vite/dist/node/chunks/dep-D4NMHUTW.js:40550:7
 ❯ EnvironmentPluginContainer.transform node_modules/vite/dist/node/chunks/dep-D4NMHUTW.js:42323:18
 ❯ loadAndTransform node_modules/vite/dist/node/chunks/dep-D4NMHUTW.js:35739:27
 ❯ fetchModule node_modules/vite/dist/node/chunks/dep-D4NMHUTW.js:46858:16
            </failure>
        </testcase>
    </testsuite>
    <testsuite name="tests/unit/breakGlassService.test.js" timestamp="2026-01-04T21:19:45.738Z" hostname="MacBook-Pro-Piotr.local" tests="1" failures="1" errors="0" skipped="0" time="0">
        <testcase classname="tests/unit/breakGlassService.test.js" name="tests/unit/breakGlassService.test.js" time="0">
            <failure message="Cannot find module &apos;/Users/piotrwisniewski/Documents/Antygracity/DRD/consultify/server/src/config/ConfigValidator.js&apos; imported from /Users/piotrwisniewski/Documents/Antygracity/DRD/consultify/server/src/config/DatabaseConfig.ts" type="Error">
Error: Cannot find module &apos;/Users/piotrwisniewski/Documents/Antygracity/DRD/consultify/server/src/config/ConfigValidator.js&apos; imported from /Users/piotrwisniewski/Documents/Antygracity/DRD/consultify/server/src/config/DatabaseConfig.ts
⎯⎯⎯⎯⎯⎯⎯⎯⎯⎯⎯⎯⎯⎯⎯⎯⎯⎯⎯⎯⎯⎯⎯⎯⎯⎯⎯⎯⎯⎯
Serialized Error: { code: &apos;ERR_MODULE_NOT_FOUND&apos;, url: &apos;file:///Users/piotrwisniewski/Documents/Antygracity/DRD/consultify/server/src/config/ConfigValidator.js&apos; }
            </failure>
        </testcase>
    </testsuite>
    <testsuite name="tests/unit/connectorAdapter.test.js" timestamp="2026-01-04T21:19:45.738Z" hostname="MacBook-Pro-Piotr.local" tests="11" failures="0" errors="0" skipped="0" time="1.904837916">
        <testcase classname="tests/unit/connectorAdapter.test.js" name="ConnectorAdapter &gt; Dry-run Mode &gt; should return plan without execution in dry-run mode" time="1.641568167">
            <system-out>
2026-01-04T21:19:04.877Z [32minfo[39m: [Database:DEBUG] MOCK_DB: 

            </system-out>
        </testcase>
        <testcase classname="tests/unit/connectorAdapter.test.js" name="ConnectorAdapter &gt; Dry-run Mode &gt; should respect sandbox_mode flag on config" time="0.012652542">
            <system-out>
2026-01-04T21:19:05.069Z [32minfo[39m: [Database:DEBUG] MOCK_DB: 

            </system-out>
        </testcase>
        <testcase classname="tests/unit/connectorAdapter.test.js" name="ConnectorAdapter &gt; Error Handling &gt; should return error for unknown connector" time="0.017849417">
            <system-out>
2026-01-04T21:19:05.091Z [32minfo[39m: [Database:DEBUG] MOCK_DB: 

            </system-out>
        </testcase>
        <testcase classname="tests/unit/connectorAdapter.test.js" name="ConnectorAdapter &gt; Error Handling &gt; should return error for unsupported action" time="0.022986375">
            <system-out>
2026-01-04T21:19:05.096Z [32minfo[39m: [Database:DEBUG] MOCK_DB: 

            </system-out>
        </testcase>
        <testcase classname="tests/unit/connectorAdapter.test.js" name="ConnectorAdapter &gt; Error Handling &gt; should return error when connector not configured" time="0.00538875">
            <system-out>
2026-01-04T21:19:05.119Z [32minfo[39m: [Database:DEBUG] MOCK_DB: 

            </system-out>
        </testcase>
        <testcase classname="tests/unit/connectorAdapter.test.js" name="ConnectorAdapter &gt; Error Handling &gt; should return error when connector disconnected" time="0.074594208">
            <system-out>
2026-01-04T21:19:05.193Z [32minfo[39m: [Database:DEBUG] MOCK_DB: 

            </system-out>
        </testcase>
        <testcase classname="tests/unit/connectorAdapter.test.js" name="ConnectorAdapter &gt; Plan Generation &gt; should generate Jira plan for issue_create" time="0.007083583">
            <system-out>
2026-01-04T21:19:05.200Z [32minfo[39m: [Database:DEBUG] MOCK_DB: 

            </system-out>
        </testcase>
        <testcase classname="tests/unit/connectorAdapter.test.js" name="ConnectorAdapter &gt; Plan Generation &gt; should generate Slack plan for message_send" time="0.042101292">
            <system-out>
2026-01-04T21:19:05.241Z [32minfo[39m: [Database:DEBUG] MOCK_DB: 

            </system-out>
        </testcase>
        <testcase classname="tests/unit/connectorAdapter.test.js" name="ConnectorAdapter &gt; Plan Generation &gt; should generate Google Calendar plan for event_create" time="0.037549584">
            <system-out>
2026-01-04T21:19:05.279Z [32minfo[39m: [Database:DEBUG] MOCK_DB: 

            </system-out>
        </testcase>
        <testcase classname="tests/unit/connectorAdapter.test.js" name="ConnectorAdapter &gt; Execution (Mock) &gt; should execute Slack message_send successfully" time="0.020200833">
            <system-out>
2026-01-04T21:19:05.300Z [32minfo[39m: [Database:DEBUG] MOCK_DB: 

            </system-out>
        </testcase>
        <testcase classname="tests/unit/connectorAdapter.test.js" name="ConnectorAdapter &gt; Execution (Mock) &gt; should include duration_ms in result" time="0.0205075">
            <system-out>
2026-01-04T21:19:05.321Z [32minfo[39m: [Database:DEBUG] MOCK_DB: 

            </system-out>
        </testcase>
    </testsuite>
    <testsuite name="tests/unit/connectorRegistry.test.js" timestamp="2026-01-04T21:19:45.740Z" hostname="MacBook-Pro-Piotr.local" tests="14" failures="0" errors="0" skipped="0" time="0.020470833">
        <testcase classname="tests/unit/connectorRegistry.test.js" name="ConnectorRegistry &gt; getAllConnectors &gt; should return all available connectors" time="0.011229666">
        </testcase>
        <testcase classname="tests/unit/connectorRegistry.test.js" name="ConnectorRegistry &gt; getConnector &gt; should return connector by key" time="0.002124833">
        </testcase>
        <testcase classname="tests/unit/connectorRegistry.test.js" name="ConnectorRegistry &gt; getConnector &gt; should return null for unknown connector" time="0.000260209">
        </testcase>
        <testcase classname="tests/unit/connectorRegistry.test.js" name="ConnectorRegistry &gt; getConnectorsByCategory &gt; should return connectors filtered by category" time="0.000330417">
        </testcase>
        <testcase classname="tests/unit/connectorRegistry.test.js" name="ConnectorRegistry &gt; getConnectorsByCategory &gt; should return empty array for unknown category" time="0.000613917">
        </testcase>
        <testcase classname="tests/unit/connectorRegistry.test.js" name="ConnectorRegistry &gt; hasCapability &gt; should return true for supported capability" time="0.000301708">
        </testcase>
        <testcase classname="tests/unit/connectorRegistry.test.js" name="ConnectorRegistry &gt; hasCapability &gt; should return false for unsupported capability" time="0.000185625">
        </testcase>
        <testcase classname="tests/unit/connectorRegistry.test.js" name="ConnectorRegistry &gt; hasCapability &gt; should return false for unknown connector" time="0.000694583">
        </testcase>
        <testcase classname="tests/unit/connectorRegistry.test.js" name="ConnectorRegistry &gt; validateCredentials &gt; should validate all required credentials present" time="0.00031925">
        </testcase>
        <testcase classname="tests/unit/connectorRegistry.test.js" name="ConnectorRegistry &gt; validateCredentials &gt; should identify missing required credentials" time="0.000462542">
        </testcase>
        <testcase classname="tests/unit/connectorRegistry.test.js" name="ConnectorRegistry &gt; validateCredentials &gt; should handle unknown connector" time="0.000247083">
        </testcase>
        <testcase classname="tests/unit/connectorRegistry.test.js" name="ConnectorRegistry &gt; getRequiredCredentials &gt; should return required credentials for connector" time="0.000323875">
        </testcase>
        <testcase classname="tests/unit/connectorRegistry.test.js" name="ConnectorRegistry &gt; getRequiredCredentials &gt; should return empty array for unknown connector" time="0.000220083">
        </testcase>
        <testcase classname="tests/unit/connectorRegistry.test.js" name="ConnectorRegistry &gt; getAllCategories &gt; should return all categories" time="0.000315042">
        </testcase>
    </testsuite>
    <testsuite name="tests/unit/demoGuard.test.js" timestamp="2026-01-04T21:19:45.742Z" hostname="MacBook-Pro-Piotr.local" tests="6" failures="6" errors="0" skipped="0" time="0.021096542">
        <testcase classname="tests/unit/demoGuard.test.js" name="Demo Guard Middleware &gt; should allow regular users to perform write operations" time="0.009788708">
            <failure message="app.use() requires a middleware function" type="TypeError">
TypeError: app.use() requires a middleware function
 ❯ app.use node_modules/express/lib/application.js:213:11
 ❯ tests/unit/demoGuard.test.js:22:13
            </failure>
        </testcase>
        <testcase classname="tests/unit/demoGuard.test.js" name="Demo Guard Middleware &gt; should allow demo users to perform read operations" time="0.002856375">
            <failure message="app.use() requires a middleware function" type="TypeError">
TypeError: app.use() requires a middleware function
 ❯ app.use node_modules/express/lib/application.js:213:11
 ❯ tests/unit/demoGuard.test.js:22:13
            </failure>
        </testcase>
        <testcase classname="tests/unit/demoGuard.test.js" name="Demo Guard Middleware &gt; should BLOCK demo users from performing write operations on protected routes" time="0.000678">
            <failure message="app.use() requires a middleware function" type="TypeError">
TypeError: app.use() requires a middleware function
 ❯ app.use node_modules/express/lib/application.js:213:11
 ❯ tests/unit/demoGuard.test.js:22:13
            </failure>
        </testcase>
        <testcase classname="tests/unit/demoGuard.test.js" name="Demo Guard Middleware &gt; should ALLOW demo users to perform write operations on ALLOWED routes (AI Chat)" time="0.000491292">
            <failure message="app.use() requires a middleware function" type="TypeError">
TypeError: app.use() requires a middleware function
 ❯ app.use node_modules/express/lib/application.js:213:11
 ❯ tests/unit/demoGuard.test.js:22:13
            </failure>
        </testcase>
        <testcase classname="tests/unit/demoGuard.test.js" name="Demo Guard Middleware &gt; should ALLOW demo users to perform write operations on ALLOWED routes (Logout)" time="0.000425375">
            <failure message="app.use() requires a middleware function" type="TypeError">
TypeError: app.use() requires a middleware function
 ❯ app.use node_modules/express/lib/application.js:213:11
 ❯ tests/unit/demoGuard.test.js:22:13
            </failure>
        </testcase>
        <testcase classname="tests/unit/demoGuard.test.js" name="Demo Guard Middleware &gt; should passthrough if no user matches (unauthenticated requests handled elsewhere)" time="0.000368792">
            <failure message="app.use() requires a middleware function" type="TypeError">
TypeError: app.use() requires a middleware function
 ❯ app.use node_modules/express/lib/application.js:213:11
 ❯ tests/unit/demoGuard.test.js:22:13
            </failure>
        </testcase>
    </testsuite>
    <testsuite name="tests/unit/demoIsolation.test.js" timestamp="2026-01-04T21:19:45.743Z" hostname="MacBook-Pro-Piotr.local" tests="4" failures="1" errors="0" skipped="3" time="0.007757666">
        <testcase classname="tests/unit/demoIsolation.test.js" name="Demo Guard Isolation Extension &gt; should allow Normal GET for demo user" time="0">
            <skipped/>
        </testcase>
        <testcase classname="tests/unit/demoIsolation.test.js" name="Demo Guard Isolation Extension &gt; should BLOCK demo user if they try to switch context via Query Param" time="0">
            <skipped/>
        </testcase>
        <testcase classname="tests/unit/demoIsolation.test.js" name="Demo Guard Isolation Extension &gt; should BLOCK demo user if they try to switch context via Body" time="0">
            <skipped/>
        </testcase>
        <testcase classname="tests/unit/demoIsolation.test.js" name="Demo Guard Isolation Extension" time="0.006619542">
            <failure message="app.use() requires a middleware function" type="TypeError">
TypeError: app.use() requires a middleware function
 ❯ app.use node_modules/express/lib/application.js:213:11
 ❯ tests/unit/demoIsolation.test.js:25:13
            </failure>
        </testcase>
    </testsuite>
    <testsuite name="tests/unit/drdStructure.test.ts" timestamp="2026-01-04T21:19:45.744Z" hostname="MacBook-Pro-Piotr.local" tests="7" failures="0" errors="0" skipped="0" time="0.019927583">
        <testcase classname="tests/unit/drdStructure.test.ts" name="Service Test: drdStructure &gt; exports DRD_STRUCTURE as array" time="0.001945917">
        </testcase>
        <testcase classname="tests/unit/drdStructure.test.ts" name="Service Test: drdStructure &gt; each axis has required properties" time="0.000944542">
        </testcase>
        <testcase classname="tests/unit/drdStructure.test.ts" name="Service Test: drdStructure &gt; each area has required properties" time="0.002450667">
        </testcase>
        <testcase classname="tests/unit/drdStructure.test.ts" name="Service Test: drdStructure &gt; each level has required properties" time="0.008785791">
        </testcase>
        <testcase classname="tests/unit/drdStructure.test.ts" name="Service Test: drdStructure &gt; getQuestionsForAxis &gt; returns areas for valid axis ID" time="0.000283083">
        </testcase>
        <testcase classname="tests/unit/drdStructure.test.ts" name="Service Test: drdStructure &gt; getQuestionsForAxis &gt; returns empty array for invalid axis ID" time="0.001236459">
        </testcase>
        <testcase classname="tests/unit/drdStructure.test.ts" name="Service Test: drdStructure &gt; getQuestionsForAxis &gt; returns areas for different axis IDs" time="0.000322083">
        </testcase>
    </testsuite>
    <testsuite name="tests/unit/governanceAudit.test.js" timestamp="2026-01-04T21:19:45.745Z" hostname="MacBook-Pro-Piotr.local" tests="1" failures="1" errors="0" skipped="0" time="0">
        <testcase classname="tests/unit/governanceAudit.test.js" name="tests/unit/governanceAudit.test.js" time="0">
            <failure message="require() cannot be used on an ESM graph with top-level await. Use import() instead. To see where the top-level await comes from, use --experimental-print-required-tla.
  From /Users/piotrwisniewski/Documents/Antygracity/DRD/consultify/tests/unit/governanceAudit.test.js 
  Requiring /Users/piotrwisniewski/Documents/Antygracity/DRD/consultify/server/database.js " type="Error">
Error: require() cannot be used on an ESM graph with top-level await. Use import() instead. To see where the top-level await comes from, use --experimental-print-required-tla.
  From /Users/piotrwisniewski/Documents/Antygracity/DRD/consultify/tests/unit/governanceAudit.test.js 
  Requiring /Users/piotrwisniewski/Documents/Antygracity/DRD/consultify/server/database.js 
⎯⎯⎯⎯⎯⎯⎯⎯⎯⎯⎯⎯⎯⎯⎯⎯⎯⎯⎯⎯⎯⎯⎯⎯⎯⎯⎯⎯⎯⎯
Serialized Error: { code: &apos;ERR_REQUIRE_ASYNC_MODULE&apos; }
            </failure>
        </testcase>
    </testsuite>
    <testsuite name="tests/unit/helpFeedback.test.js" timestamp="2026-01-04T21:19:45.745Z" hostname="MacBook-Pro-Piotr.local" tests="3" failures="0" errors="0" skipped="0" time="0.587187875">
        <testcase classname="tests/unit/helpFeedback.test.js" name="Help Feedback API &gt; POST /api/help/feedback &gt; should create feedback successfully" time="0.078551334">
            <system-out>
[MockDB] run called {
  sql: [32m&apos;\n&apos;[39m +
    [32m&apos;            INSERT INTO help_feedback (id, user_id, organization_id, content_type, content_id, is_helpful, rating, comment, metadata)\n&apos;[39m +
    [32m&apos;            VALUES (?, ?, ?, ?, ?, ?, ?, ?, ?)\n&apos;[39m +
    [32m&apos;        &apos;[39m,
  hasCallback: [33mfalse[39m,
  paramsType: [32m&apos;object&apos;[39m
}

[HelpFeedback] Feedback submitted: card/profile-settings - helpful: true

            </system-out>
            <system-err>
[MockDB] NO CALLBACK FOUND {
  params: [
    [32m&apos;2bd6140d-ead6-4238-a862-7e8c08cbaf47&apos;[39m,
    [32m&apos;test-user&apos;[39m,
    [90mundefined[39m,
    [32m&apos;card&apos;[39m,
    [32m&apos;profile-settings&apos;[39m,
    [33mtrue[39m,
    [33m5[39m,
    [32m&apos;Very helpful!&apos;[39m,
    [32m&apos;{}&apos;[39m
  ],
  cb: [90mundefined[39m
}

            </system-err>
        </testcase>
        <testcase classname="tests/unit/helpFeedback.test.js" name="Help Feedback API &gt; POST /api/help/feedback &gt; should validate required fields" time="0.004374458">
        </testcase>
        <testcase classname="tests/unit/helpFeedback.test.js" name="Help Feedback API &gt; GET /api/help/analytics/summary &gt; should return analytics summary" time="0.003707958">
        </testcase>
    </testsuite>
    <testsuite name="tests/unit/helpSearchService.test.ts" timestamp="2026-01-04T21:19:45.746Z" hostname="MacBook-Pro-Piotr.local" tests="25" failures="0" errors="0" skipped="0" time="0.158470709">
        <testcase classname="tests/unit/helpSearchService.test.ts" name="HelpSearchService &gt; buildIndex &gt; should build index from modules, cards, and FAQs" time="0.0069265">
            <system-out>
[HelpSearch] Index built in 2ms
[HelpSearch] Indexed: 17 modules, 82 cards, 97 FAQs, 37 videos

            </system-out>
        </testcase>
        <testcase classname="tests/unit/helpSearchService.test.ts" name="HelpSearchService &gt; buildIndex &gt; should include all expected module IDs" time="0.000985458">
        </testcase>
        <testcase classname="tests/unit/helpSearchService.test.ts" name="HelpSearchService &gt; buildIndex &gt; should include searchable text for each item" time="0.002457334">
        </testcase>
        <testcase classname="tests/unit/helpSearchService.test.ts" name="HelpSearchService &gt; search &gt; should return results for valid queries" time="0.008841375">
        </testcase>
        <testcase classname="tests/unit/helpSearchService.test.ts" name="HelpSearchService &gt; search &gt; should return empty array for empty query" time="0.000752708">
        </testcase>
        <testcase classname="tests/unit/helpSearchService.test.ts" name="HelpSearchService &gt; search &gt; should return empty array for whitespace-only query" time="0.000210666">
        </testcase>
        <testcase classname="tests/unit/helpSearchService.test.ts" name="HelpSearchService &gt; search &gt; should handle special characters in query" time="0.004150083">
        </testcase>
        <testcase classname="tests/unit/helpSearchService.test.ts" name="HelpSearchService &gt; search &gt; should be case insensitive" time="0.046059791">
        </testcase>
        <testcase classname="tests/unit/helpSearchService.test.ts" name="HelpSearchService &gt; search &gt; should prioritize exact matches" time="0.003837">
        </testcase>
        <testcase classname="tests/unit/helpSearchService.test.ts" name="HelpSearchService &gt; search &gt; should limit results to specified maximum" time="0.000306791">
        </testcase>
        <testcase classname="tests/unit/helpSearchService.test.ts" name="HelpSearchService &gt; search &gt; should filter by type when specified" time="0.00126425">
        </testcase>
        <testcase classname="tests/unit/helpSearchService.test.ts" name="HelpSearchService &gt; search &gt; should include relevance score" time="0.003031875">
        </testcase>
        <testcase classname="tests/unit/helpSearchService.test.ts" name="HelpSearchService &gt; search results structure &gt; should return properly structured results" time="0.004792">
        </testcase>
        <testcase classname="tests/unit/helpSearchService.test.ts" name="HelpSearchService &gt; search results structure &gt; should include moduleId for card results" time="0.004176291">
        </testcase>
        <testcase classname="tests/unit/helpSearchService.test.ts" name="HelpSearchService &gt; search results structure &gt; should include excerpt for FAQ results" time="0.001747916">
        </testcase>
        <testcase classname="tests/unit/helpSearchService.test.ts" name="HelpSearchService &gt; multilingual search &gt; should find results in English" time="0.002663375">
        </testcase>
        <testcase classname="tests/unit/helpSearchService.test.ts" name="HelpSearchService &gt; multilingual search &gt; should find results in Polish" time="0.007497041">
        </testcase>
        <testcase classname="tests/unit/helpSearchService.test.ts" name="HelpSearchService &gt; multilingual search &gt; should return titles in correct language" time="0.005831042">
        </testcase>
        <testcase classname="tests/unit/helpSearchService.test.ts" name="HelpSearchService &gt; performance &gt; should complete search within 100ms" time="0.002574792">
        </testcase>
        <testcase classname="tests/unit/helpSearchService.test.ts" name="HelpSearchService &gt; performance &gt; should handle multiple concurrent searches" time="0.043555917">
        </testcase>
        <testcase classname="tests/unit/helpSearchService.test.ts" name="HelpSearchService &gt; getRecentSearches &gt; should return empty array initially" time="0.000399208">
        </testcase>
        <testcase classname="tests/unit/helpSearchService.test.ts" name="HelpSearchService &gt; getRecentSearches &gt; should track recent searches when saved explicitly" time="0.00053675">
        </testcase>
        <testcase classname="tests/unit/helpSearchService.test.ts" name="HelpSearchService &gt; getRecentSearches &gt; should limit recent searches count" time="0.000447417">
        </testcase>
        <testcase classname="tests/unit/helpSearchService.test.ts" name="HelpSearchService &gt; getRecentSearches &gt; should not duplicate searches" time="0.000170333">
        </testcase>
        <testcase classname="tests/unit/helpSearchService.test.ts" name="HelpSearchService &gt; clearRecentSearches &gt; should clear all recent searches" time="0.0002255">
        </testcase>
    </testsuite>
    <testsuite name="tests/unit/notificationOutboxService.test.js" timestamp="2026-01-04T21:19:45.748Z" hostname="MacBook-Pro-Piotr.local" tests="16" failures="0" errors="0" skipped="0" time="0.78391725">
        <testcase classname="tests/unit/notificationOutboxService.test.js" name="NotificationOutboxService Constants and Logic &gt; NOTIFICATION_TYPES Constants &gt; should export APPROVAL_DUE type" time="0.323180583">
        </testcase>
        <testcase classname="tests/unit/notificationOutboxService.test.js" name="NotificationOutboxService Constants and Logic &gt; NOTIFICATION_TYPES Constants &gt; should export PLAYBOOK_STUCK type" time="0.005257667">
        </testcase>
        <testcase classname="tests/unit/notificationOutboxService.test.js" name="NotificationOutboxService Constants and Logic &gt; NOTIFICATION_TYPES Constants &gt; should export DEAD_LETTER type" time="0.003746916">
        </testcase>
        <testcase classname="tests/unit/notificationOutboxService.test.js" name="NotificationOutboxService Constants and Logic &gt; NOTIFICATION_TYPES Constants &gt; should export ESCALATION type" time="0.034010125">
        </testcase>
        <testcase classname="tests/unit/notificationOutboxService.test.js" name="NotificationOutboxService Constants and Logic &gt; NOTIFICATION_TYPES Constants &gt; should have 4 notification types" time="0.009656667">
        </testcase>
        <testcase classname="tests/unit/notificationOutboxService.test.js" name="NotificationOutboxService Constants and Logic &gt; OUTBOX_STATUSES Constants &gt; should export QUEUED status" time="0.005645">
        </testcase>
        <testcase classname="tests/unit/notificationOutboxService.test.js" name="NotificationOutboxService Constants and Logic &gt; OUTBOX_STATUSES Constants &gt; should export SENT status" time="0.003586083">
        </testcase>
        <testcase classname="tests/unit/notificationOutboxService.test.js" name="NotificationOutboxService Constants and Logic &gt; OUTBOX_STATUSES Constants &gt; should export FAILED status" time="0.003799875">
        </testcase>
        <testcase classname="tests/unit/notificationOutboxService.test.js" name="NotificationOutboxService Constants and Logic &gt; MAX_ATTEMPTS &gt; should be 3" time="0.005906041">
        </testcase>
        <testcase classname="tests/unit/notificationOutboxService.test.js" name="NotificationOutboxService Constants and Logic &gt; Service Methods Existence &gt; should export enqueue" time="0.007203583">
        </testcase>
        <testcase classname="tests/unit/notificationOutboxService.test.js" name="NotificationOutboxService Constants and Logic &gt; Service Methods Existence &gt; should export shouldNotify" time="0.004077083">
        </testcase>
        <testcase classname="tests/unit/notificationOutboxService.test.js" name="NotificationOutboxService Constants and Logic &gt; Service Methods Existence &gt; should export getUserPreferences" time="0.006374959">
        </testcase>
        <testcase classname="tests/unit/notificationOutboxService.test.js" name="NotificationOutboxService Constants and Logic &gt; Service Methods Existence &gt; should export updateUserPreferences" time="0.014779208">
        </testcase>
        <testcase classname="tests/unit/notificationOutboxService.test.js" name="NotificationOutboxService Constants and Logic &gt; Service Methods Existence &gt; should export processQueue" time="0.007169458">
        </testcase>
        <testcase classname="tests/unit/notificationOutboxService.test.js" name="NotificationOutboxService Constants and Logic &gt; Service Methods Existence &gt; should export getOutboxStats" time="0.011706291">
        </testcase>
        <testcase classname="tests/unit/notificationOutboxService.test.js" name="NotificationOutboxService User Preferences &gt; should return true when no preferences set (default behavior)" time="0.332177625">
            <system-out>
2026-01-04T21:19:10.842Z [32minfo[39m: [Database:DEBUG] MOCK_DB: 

            </system-out>
        </testcase>
    </testsuite>
    <testsuite name="tests/unit/pdfExport.test.ts" timestamp="2026-01-04T21:19:45.749Z" hostname="MacBook-Pro-Piotr.local" tests="5" failures="0" errors="0" skipped="0" time="0.041343542">
        <testcase classname="tests/unit/pdfExport.test.ts" name="Service Test: pdfExport &gt; exportReportToPDF &gt; returns false when element is not found" time="0.003622584">
            <system-err>
Element with id non-existent not found

            </system-err>
        </testcase>
        <testcase classname="tests/unit/pdfExport.test.ts" name="Service Test: pdfExport &gt; exportReportToPDF &gt; exports PDF successfully" time="0.000998084">
        </testcase>
        <testcase classname="tests/unit/pdfExport.test.ts" name="Service Test: pdfExport &gt; exportReportToPDF &gt; handles errors gracefully" time="0.004327667">
            <system-err>
PDF Export failed: Error: Canvas error
    at [90m/Users/piotrwisniewski/Documents/Antygracity/DRD/consultify/[39mtests/unit/pdfExport.test.ts:89:53
    at [90mfile:///Users/piotrwisniewski/Documents/Antygracity/DRD/consultify/[39mnode_modules/[4m@vitest/runner[24m/dist/index.js:145:11
    at [90mfile:///Users/piotrwisniewski/Documents/Antygracity/DRD/consultify/[39mnode_modules/[4m@vitest/runner[24m/dist/index.js:915:26
    at [90mfile:///Users/piotrwisniewski/Documents/Antygracity/DRD/consultify/[39mnode_modules/[4m@vitest/runner[24m/dist/index.js:1243:20
    at new Promise (&lt;anonymous&gt;)
    at runWithTimeout [90m(file:///Users/piotrwisniewski/Documents/Antygracity/DRD/consultify/[39mnode_modules/[4m@vitest/runner[24m/dist/index.js:1209:10[90m)[39m
    at [90mfile:///Users/piotrwisniewski/Documents/Antygracity/DRD/consultify/[39mnode_modules/[4m@vitest/runner[24m/dist/index.js:1653:37
    at Traces.$ [90m(file:///Users/piotrwisniewski/Documents/Antygracity/DRD/consultify/[39mnode_modules/[4mvitest[24m/dist/chunks/traces.U4xDYhzZ.js:115:27[90m)[39m
    at trace [90m(file:///Users/piotrwisniewski/Documents/Antygracity/DRD/consultify/[39mnode_modules/[4mvitest[24m/dist/chunks/test.B8ej_ZHS.js:239:21[90m)[39m
    at runTest [90m(file:///Users/piotrwisniewski/Documents/Antygracity/DRD/consultify/[39mnode_modules/[4m@vitest/runner[24m/dist/index.js:1653:12[90m)[39m

            </system-err>
        </testcase>
        <testcase classname="tests/unit/pdfExport.test.ts" name="Service Test: pdfExport &gt; exportDashboardToPDF &gt; creates PDF with metadata" time="0.029136208">
        </testcase>
        <testcase classname="tests/unit/pdfExport.test.ts" name="Service Test: pdfExport &gt; exportDashboardToPDF &gt; handles optional metadata" time="0.000800833">
        </testcase>
    </testsuite>
    <testsuite name="tests/unit/piiRedactor.test.js" timestamp="2026-01-04T21:19:45.750Z" hostname="MacBook-Pro-Piotr.local" tests="17" failures="16" errors="0" skipped="0" time="0.012341666">
        <testcase classname="tests/unit/piiRedactor.test.js" name="PII Redactor &gt; redactEmails &gt; should redact email addresses" time="0.005530167">
            <failure message="PiiRedactor.redactEmails is not a function" type="TypeError">
TypeError: PiiRedactor.redactEmails is not a function
 ❯ tests/unit/piiRedactor.test.js:15:40
            </failure>
        </testcase>
        <testcase classname="tests/unit/piiRedactor.test.js" name="PII Redactor &gt; redactEmails &gt; should redact multiple emails" time="0.000507042">
            <failure message="PiiRedactor.redactEmails is not a function" type="TypeError">
TypeError: PiiRedactor.redactEmails is not a function
 ❯ tests/unit/piiRedactor.test.js:21:40
            </failure>
        </testcase>
        <testcase classname="tests/unit/piiRedactor.test.js" name="PII Redactor &gt; redactEmails &gt; should return non-string values unchanged" time="0.000353667">
            <failure message="PiiRedactor.redactEmails is not a function" type="TypeError">
TypeError: PiiRedactor.redactEmails is not a function
 ❯ tests/unit/piiRedactor.test.js:26:32
            </failure>
        </testcase>
        <testcase classname="tests/unit/piiRedactor.test.js" name="PII Redactor &gt; redactTokens &gt; should redact JWT-like tokens" time="0.000273375">
            <failure message="PiiRedactor.redactTokens is not a function" type="TypeError">
TypeError: PiiRedactor.redactTokens is not a function
 ❯ tests/unit/piiRedactor.test.js:34:40
            </failure>
        </testcase>
        <testcase classname="tests/unit/piiRedactor.test.js" name="PII Redactor &gt; redactTokens &gt; should handle partial JWT patterns" time="0.000263458">
            <failure message="PiiRedactor.redactTokens is not a function" type="TypeError">
TypeError: PiiRedactor.redactTokens is not a function
 ❯ tests/unit/piiRedactor.test.js:40:40
            </failure>
        </testcase>
        <testcase classname="tests/unit/piiRedactor.test.js" name="PII Redactor &gt; redact (deep object redaction) &gt; should redact email fields" time="0.000272833">
            <failure message="PiiRedactor.redact is not a function" type="TypeError">
TypeError: PiiRedactor.redact is not a function
 ❯ tests/unit/piiRedactor.test.js:48:40
            </failure>
        </testcase>
        <testcase classname="tests/unit/piiRedactor.test.js" name="PII Redactor &gt; redact (deep object redaction) &gt; should redact name fields" time="0.000239042">
            <failure message="PiiRedactor.redact is not a function" type="TypeError">
TypeError: PiiRedactor.redact is not a function
 ❯ tests/unit/piiRedactor.test.js:54:40
            </failure>
        </testcase>
        <testcase classname="tests/unit/piiRedactor.test.js" name="PII Redactor &gt; redact (deep object redaction) &gt; should redact password fields" time="0.000237333">
            <failure message="PiiRedactor.redact is not a function" type="TypeError">
TypeError: PiiRedactor.redact is not a function
 ❯ tests/unit/piiRedactor.test.js:61:40
            </failure>
        </testcase>
        <testcase classname="tests/unit/piiRedactor.test.js" name="PII Redactor &gt; redact (deep object redaction) &gt; should redact token and secret fields" time="0.000267541">
            <failure message="PiiRedactor.redact is not a function" type="TypeError">
TypeError: PiiRedactor.redact is not a function
 ❯ tests/unit/piiRedactor.test.js:72:40
            </failure>
        </testcase>
        <testcase classname="tests/unit/piiRedactor.test.js" name="PII Redactor &gt; redact (deep object redaction) &gt; should redact inline emails in string values" time="0.000274958">
            <failure message="PiiRedactor.redact is not a function" type="TypeError">
TypeError: PiiRedactor.redact is not a function
 ❯ tests/unit/piiRedactor.test.js:80:40
            </failure>
        </testcase>
        <testcase classname="tests/unit/piiRedactor.test.js" name="PII Redactor &gt; redact (deep object redaction) &gt; should handle arrays with email strings" time="0.000225458">
            <failure message="PiiRedactor.redact is not a function" type="TypeError">
TypeError: PiiRedactor.redact is not a function
 ❯ tests/unit/piiRedactor.test.js:86:40
            </failure>
        </testcase>
        <testcase classname="tests/unit/piiRedactor.test.js" name="PII Redactor &gt; redact (deep object redaction) &gt; should handle nested objects" time="0.0002285">
            <failure message="PiiRedactor.redact is not a function" type="TypeError">
TypeError: PiiRedactor.redact is not a function
 ❯ tests/unit/piiRedactor.test.js:100:40
            </failure>
        </testcase>
        <testcase classname="tests/unit/piiRedactor.test.js" name="PII Redactor &gt; redact (deep object redaction) &gt; should not mutate original object" time="0.00019325">
            <failure message="PiiRedactor.redact is not a function" type="TypeError">
TypeError: PiiRedactor.redact is not a function
 ❯ tests/unit/piiRedactor.test.js:107:40
            </failure>
        </testcase>
        <testcase classname="tests/unit/piiRedactor.test.js" name="PII Redactor &gt; redact (deep object redaction) &gt; should handle null and undefined" time="0.000207167">
            <failure message="PiiRedactor.redact is not a function" type="TypeError">
TypeError: PiiRedactor.redact is not a function
 ❯ tests/unit/piiRedactor.test.js:113:32
            </failure>
        </testcase>
        <testcase classname="tests/unit/piiRedactor.test.js" name="PII Redactor &gt; redactKeys &gt; should redact specific keys" time="0.000230334">
            <failure message="PiiRedactor.redactKeys is not a function" type="TypeError">
TypeError: PiiRedactor.redactKeys is not a function
 ❯ tests/unit/piiRedactor.test.js:121:40
            </failure>
        </testcase>
        <testcase classname="tests/unit/piiRedactor.test.js" name="PII Redactor &gt; createAuditSnapshot &gt; should return JSON string with redacted PII" time="0.000202417">
            <failure message="PiiRedactor.createAuditSnapshot is not a function" type="TypeError">
TypeError: PiiRedactor.createAuditSnapshot is not a function
 ❯ tests/unit/piiRedactor.test.js:131:40
            </failure>
        </testcase>
        <testcase classname="tests/unit/piiRedactor.test.js" name="PII Redactor &gt; DEFAULT_PII_FIELDS &gt; should include common PII fields" time="0.00112125">
        </testcase>
    </testsuite>
    <testsuite name="tests/unit/policyEngine.test.js" timestamp="2026-01-04T21:19:45.756Z" hostname="MacBook-Pro-Piotr.local" tests="18" failures="0" errors="0" skipped="0" time="1.046263667">
        <testcase classname="tests/unit/policyEngine.test.js" name="PolicyEngine Core Logic &gt; Safety Guardrails Constants &gt; NEVER_AUTO_APPROVE_RISK_LEVELS should include HIGH" time="0.51216125">
            <system-out>
2026-01-04T21:19:09.872Z [32minfo[39m: [Database:DEBUG] MOCK_DB: 

            </system-out>
        </testcase>
        <testcase classname="tests/unit/policyEngine.test.js" name="PolicyEngine Core Logic &gt; Safety Guardrails Constants &gt; ALWAYS_MANUAL_ACTION_TYPES should include MEETING_SCHEDULE" time="0.011832125">
            <system-out>
2026-01-04T21:19:09.889Z [32minfo[39m: [Database:DEBUG] MOCK_DB: 

            </system-out>
        </testcase>
        <testcase classname="tests/unit/policyEngine.test.js" name="PolicyEngine Core Logic &gt; Safety Guardrails Constants &gt; should not include LOW in NEVER_AUTO_APPROVE_RISK_LEVELS" time="0.038879584">
            <system-out>
2026-01-04T21:19:09.928Z [32minfo[39m: [Database:DEBUG] MOCK_DB: 

            </system-out>
        </testcase>
        <testcase classname="tests/unit/policyEngine.test.js" name="PolicyEngine Core Logic &gt; CONDITION_HANDLERS (Pure Functions) &gt; risk_level_lte &gt; should match when proposal risk is lower or equal" time="0.012406958">
            <system-out>
2026-01-04T21:19:09.940Z [32minfo[39m: [Database:DEBUG] MOCK_DB: 

            </system-out>
        </testcase>
        <testcase classname="tests/unit/policyEngine.test.js" name="PolicyEngine Core Logic &gt; CONDITION_HANDLERS (Pure Functions) &gt; risk_level_lte &gt; should not match when proposal risk is higher" time="0.022634667">
            <system-out>
2026-01-04T21:19:09.963Z [32minfo[39m: [Database:DEBUG] MOCK_DB: 

            </system-out>
        </testcase>
        <testcase classname="tests/unit/policyEngine.test.js" name="PolicyEngine Core Logic &gt; CONDITION_HANDLERS (Pure Functions) &gt; action_type_in &gt; should match when action type is in list" time="0.031569042">
            <system-out>
2026-01-04T21:19:09.995Z [32minfo[39m: [Database:DEBUG] MOCK_DB: 

            </system-out>
        </testcase>
        <testcase classname="tests/unit/policyEngine.test.js" name="PolicyEngine Core Logic &gt; CONDITION_HANDLERS (Pure Functions) &gt; action_type_in &gt; should not match when action type is not in list" time="0.023875208">
            <system-out>
2026-01-04T21:19:10.019Z [32minfo[39m: [Database:DEBUG] MOCK_DB: 

            </system-out>
        </testcase>
        <testcase classname="tests/unit/policyEngine.test.js" name="PolicyEngine Core Logic &gt; CONDITION_HANDLERS (Pure Functions) &gt; action_type_in &gt; should return false for non-array input" time="0.023594042">
            <system-out>
2026-01-04T21:19:10.042Z [32minfo[39m: [Database:DEBUG] MOCK_DB: 

            </system-out>
        </testcase>
        <testcase classname="tests/unit/policyEngine.test.js" name="PolicyEngine Core Logic &gt; CONDITION_HANDLERS (Pure Functions) &gt; scope_eq &gt; should match when scope equals" time="0.039398167">
            <system-out>
2026-01-04T21:19:10.082Z [32minfo[39m: [Database:DEBUG] MOCK_DB: 

            </system-out>
        </testcase>
        <testcase classname="tests/unit/policyEngine.test.js" name="PolicyEngine Core Logic &gt; CONDITION_HANDLERS (Pure Functions) &gt; scope_eq &gt; should not match when scope differs" time="0.047710541">
            <system-out>
2026-01-04T21:19:10.127Z [32minfo[39m: [Database:DEBUG] MOCK_DB: 

            </system-out>
        </testcase>
        <testcase classname="tests/unit/policyEngine.test.js" name="PolicyEngine Core Logic &gt; CONDITION_HANDLERS (Pure Functions) &gt; signal_in &gt; should match when signal is in list" time="0.048976291">
            <system-out>
2026-01-04T21:19:10.178Z [32minfo[39m: [Database:DEBUG] MOCK_DB: 

            </system-out>
        </testcase>
        <testcase classname="tests/unit/policyEngine.test.js" name="PolicyEngine Core Logic &gt; CONDITION_HANDLERS (Pure Functions) &gt; signal_in &gt; should not match when signal is not in list" time="0.014845541">
            <system-out>
2026-01-04T21:19:10.194Z [32minfo[39m: [Database:DEBUG] MOCK_DB: 

            </system-out>
        </testcase>
        <testcase classname="tests/unit/policyEngine.test.js" name="PolicyEngine Core Logic &gt; CONDITION_HANDLERS (Pure Functions) &gt; time_window &gt; should always match for anytime" time="0.179879042">
            <system-out>
2026-01-04T21:19:10.373Z [32minfo[39m: [Database:DEBUG] MOCK_DB: 

            </system-out>
        </testcase>
        <testcase classname="tests/unit/policyEngine.test.js" name="PolicyEngine Core Logic &gt; CONDITION_HANDLERS (Pure Functions) &gt; time_window &gt; should return false for unrecognized values" time="0.00921375">
            <system-out>
2026-01-04T21:19:10.383Z [32minfo[39m: [Database:DEBUG] MOCK_DB: 

            </system-out>
        </testcase>
        <testcase classname="tests/unit/policyEngine.test.js" name="PolicyEngine Core Logic &gt; evaluateConditions (Logic Tests) &gt; should return true when all conditions match" time="0.0069955">
            <system-out>
2026-01-04T21:19:10.390Z [32minfo[39m: [Database:DEBUG] MOCK_DB: 

            </system-out>
        </testcase>
        <testcase classname="tests/unit/policyEngine.test.js" name="PolicyEngine Core Logic &gt; evaluateConditions (Logic Tests) &gt; should return false when any condition fails" time="0.006416375">
            <system-out>
2026-01-04T21:19:10.396Z [32minfo[39m: [Database:DEBUG] MOCK_DB: 

            </system-out>
        </testcase>
        <testcase classname="tests/unit/policyEngine.test.js" name="PolicyEngine Core Logic &gt; evaluateConditions (Logic Tests) &gt; should return false for unknown conditions (safety)" time="0.007107459">
            <system-out>
2026-01-04T21:19:10.403Z [32minfo[39m: [Database:DEBUG] MOCK_DB: 

            </system-out>
            <system-err>
[PolicyEngine] Unknown condition: unknown_condition

            </system-err>
        </testcase>
        <testcase classname="tests/unit/policyEngine.test.js" name="PolicyEngine Core Logic &gt; evaluateConditions (Logic Tests) &gt; should return true for empty conditions" time="0.006561375">
            <system-out>
2026-01-04T21:19:10.410Z [32minfo[39m: [Database:DEBUG] MOCK_DB: 

            </system-out>
        </testcase>
    </testsuite>
    <testsuite name="tests/unit/projectMemberService.test.js" timestamp="2026-01-04T21:19:45.761Z" hostname="MacBook-Pro-Piotr.local" tests="1" failures="1" errors="0" skipped="0" time="0">
        <testcase classname="tests/unit/projectMemberService.test.js" name="tests/unit/projectMemberService.test.js" time="0">
            <failure message="require() cannot be used on an ESM graph with top-level await. Use import() instead. To see where the top-level await comes from, use --experimental-print-required-tla.
  From /Users/piotrwisniewski/Documents/Antygracity/DRD/consultify/tests/unit/projectMemberService.test.js 
  Requiring /Users/piotrwisniewski/Documents/Antygracity/DRD/consultify/server/database.js " type="Error">
Error: require() cannot be used on an ESM graph with top-level await. Use import() instead. To see where the top-level await comes from, use --experimental-print-required-tla.
  From /Users/piotrwisniewski/Documents/Antygracity/DRD/consultify/tests/unit/projectMemberService.test.js 
  Requiring /Users/piotrwisniewski/Documents/Antygracity/DRD/consultify/server/database.js 
⎯⎯⎯⎯⎯⎯⎯⎯⎯⎯⎯⎯⎯⎯⎯⎯⎯⎯⎯⎯⎯⎯⎯⎯⎯⎯⎯⎯⎯⎯
Serialized Error: { code: &apos;ERR_REQUIRE_ASYNC_MODULE&apos; }
            </failure>
        </testcase>
    </testsuite>
    <testsuite name="tests/unit/roi.test.ts" timestamp="2026-01-04T21:19:45.761Z" hostname="MacBook-Pro-Piotr.local" tests="3" failures="0" errors="0" skipped="0" time="0.004932625">
        <testcase classname="tests/unit/roi.test.ts" name="Unit Test: ROI Calculation &gt; should calculate ROI correctly for positive values" time="0.002954292">
        </testcase>
        <testcase classname="tests/unit/roi.test.ts" name="Unit Test: ROI Calculation &gt; should handle zero cost to avoid infinity" time="0.000327875">
        </testcase>
        <testcase classname="tests/unit/roi.test.ts" name="Unit Test: ROI Calculation &gt; should return 0 for break-even" time="0.0001845">
        </testcase>
    </testsuite>
    <testsuite name="tests/unit/secretsVault.test.js" timestamp="2026-01-04T21:19:45.762Z" hostname="MacBook-Pro-Piotr.local" tests="12" failures="0" errors="0" skipped="0" time="0.01614425">
        <testcase classname="tests/unit/secretsVault.test.js" name="SecretsVault Service &gt; Encryption/Decryption &gt; should encrypt and decrypt a string successfully" time="0.005952166">
        </testcase>
        <testcase classname="tests/unit/secretsVault.test.js" name="SecretsVault Service &gt; Encryption/Decryption &gt; should encrypt and decrypt an object successfully" time="0.000595208">
        </testcase>
        <testcase classname="tests/unit/secretsVault.test.js" name="SecretsVault Service &gt; Encryption/Decryption &gt; should return null when decrypting null/undefined" time="0.000208041">
        </testcase>
        <testcase classname="tests/unit/secretsVault.test.js" name="SecretsVault Service &gt; Encryption/Decryption &gt; should throw on invalid encrypted data" time="0.000695458">
        </testcase>
        <testcase classname="tests/unit/secretsVault.test.js" name="SecretsVault Service &gt; Encryption/Decryption &gt; should produce different ciphertext for same plaintext (random IV)" time="0.000818875">
        </testcase>
        <testcase classname="tests/unit/secretsVault.test.js" name="SecretsVault Service &gt; Redaction &gt; should redact string values showing only last 4 characters" time="0.000410583">
        </testcase>
        <testcase classname="tests/unit/secretsVault.test.js" name="SecretsVault Service &gt; Redaction &gt; should fully redact short strings" time="0.00017975">
        </testcase>
        <testcase classname="tests/unit/secretsVault.test.js" name="SecretsVault Service &gt; Redaction &gt; should recursively redact nested objects" time="0.00279075">
        </testcase>
        <testcase classname="tests/unit/secretsVault.test.js" name="SecretsVault Service &gt; Redaction &gt; should return empty object for null/undefined" time="0.000621875">
        </testcase>
        <testcase classname="tests/unit/secretsVault.test.js" name="SecretsVault Service &gt; Validation &gt; should validate present fields as valid" time="0.000347209">
        </testcase>
        <testcase classname="tests/unit/secretsVault.test.js" name="SecretsVault Service &gt; Validation &gt; should identify missing fields" time="0.00128525">
        </testcase>
        <testcase classname="tests/unit/secretsVault.test.js" name="SecretsVault Service &gt; Validation &gt; should handle null/undefined secrets" time="0.000392">
        </testcase>
    </testsuite>
    <testsuite name="tests/unit/securityModule.test.tsx" timestamp="2026-01-04T21:19:45.763Z" hostname="MacBook-Pro-Piotr.local" tests="25" failures="0" errors="0" skipped="0" time="3.314405167">
        <testcase classname="tests/unit/securityModule.test.tsx" name="SecurityDashboard &gt; renders security score section" time="0.127756458">
        </testcase>
        <testcase classname="tests/unit/securityModule.test.tsx" name="SecurityDashboard &gt; displays security score calculation" time="0.0506255">
        </testcase>
        <testcase classname="tests/unit/securityModule.test.tsx" name="SecurityDashboard &gt; displays compliance badges" time="0.227906458">
        </testcase>
        <testcase classname="tests/unit/securityModule.test.tsx" name="SecurityDashboard &gt; calls onNavigateToTab callback when provided" time="0.065727583">
        </testcase>
        <testcase classname="tests/unit/securityModule.test.tsx" name="SecurityDashboard &gt; handles refresh action" time="0.237815917">
        </testcase>
        <testcase classname="tests/unit/securityModule.test.tsx" name="TrustedDevicesSettings &gt; renders trusted devices section heading" time="0.302150625">
            <system-err>
Failed to fetch trusted devices: Error: API error
    at [90m/Users/piotrwisniewski/Documents/Antygracity/DRD/consultify/[39mtests/unit/securityModule.test.tsx:186:46
    at [90mfile:///Users/piotrwisniewski/Documents/Antygracity/DRD/consultify/[39mnode_modules/[4m@vitest/runner[24m/dist/index.js:145:11
    at [90mfile:///Users/piotrwisniewski/Documents/Antygracity/DRD/consultify/[39mnode_modules/[4m@vitest/runner[24m/dist/index.js:1243:20
    at new Promise (&lt;anonymous&gt;)
    at runWithTimeout [90m(file:///Users/piotrwisniewski/Documents/Antygracity/DRD/consultify/[39mnode_modules/[4m@vitest/runner[24m/dist/index.js:1209:10[90m)[39m
    at runHook [90m(file:///Users/piotrwisniewski/Documents/Antygracity/DRD/consultify/[39mnode_modules/[4m@vitest/runner[24m/dist/index.js:1514:51[90m)[39m
    at callSuiteHook [90m(file:///Users/piotrwisniewski/Documents/Antygracity/DRD/consultify/[39mnode_modules/[4m@vitest/runner[24m/dist/index.js:1520:25[90m)[39m
[90m    at runNextTicks (node:internal/process/task_queues:64:5)[39m
[90m    at processTimers (node:internal/timers:538:9)[39m
    at runTest [90m(file:///Users/piotrwisniewski/Documents/Antygracity/DRD/consultify/[39mnode_modules/[4m@vitest/runner[24m/dist/index.js:1645:26[90m)[39m

            </system-err>
        </testcase>
        <testcase classname="tests/unit/securityModule.test.tsx" name="TrustedDevicesSettings &gt; displays mock device data when API fails" time="0.344859334">
            <system-err>
Failed to fetch trusted devices: Error: API error
    at [90m/Users/piotrwisniewski/Documents/Antygracity/DRD/consultify/[39mtests/unit/securityModule.test.tsx:186:46
    at [90mfile:///Users/piotrwisniewski/Documents/Antygracity/DRD/consultify/[39mnode_modules/[4m@vitest/runner[24m/dist/index.js:145:11
    at [90mfile:///Users/piotrwisniewski/Documents/Antygracity/DRD/consultify/[39mnode_modules/[4m@vitest/runner[24m/dist/index.js:1243:20
    at new Promise (&lt;anonymous&gt;)
    at runWithTimeout [90m(file:///Users/piotrwisniewski/Documents/Antygracity/DRD/consultify/[39mnode_modules/[4m@vitest/runner[24m/dist/index.js:1209:10[90m)[39m
    at runHook [90m(file:///Users/piotrwisniewski/Documents/Antygracity/DRD/consultify/[39mnode_modules/[4m@vitest/runner[24m/dist/index.js:1514:51[90m)[39m
    at callSuiteHook [90m(file:///Users/piotrwisniewski/Documents/Antygracity/DRD/consultify/[39mnode_modules/[4m@vitest/runner[24m/dist/index.js:1520:25[90m)[39m
    at runTest [90m(file:///Users/piotrwisniewski/Documents/Antygracity/DRD/consultify/[39mnode_modules/[4m@vitest/runner[24m/dist/index.js:1645:26[90m)[39m
    at runSuite [90m(file:///Users/piotrwisniewski/Documents/Antygracity/DRD/consultify/[39mnode_modules/[4m@vitest/runner[24m/dist/index.js:1817:8[90m)[39m
    at runSuite [90m(file:///Users/piotrwisniewski/Documents/Antygracity/DRD/consultify/[39mnode_modules/[4m@vitest/runner[24m/dist/index.js:1817:8[90m)[39m

            </system-err>
        </testcase>
        <testcase classname="tests/unit/securityModule.test.tsx" name="TrustedDevicesSettings &gt; displays trust duration settings" time="0.190472042">
            <system-err>
Failed to fetch trusted devices: Error: API error
    at [90m/Users/piotrwisniewski/Documents/Antygracity/DRD/consultify/[39mtests/unit/securityModule.test.tsx:186:46
    at [90mfile:///Users/piotrwisniewski/Documents/Antygracity/DRD/consultify/[39mnode_modules/[4m@vitest/runner[24m/dist/index.js:145:11
    at [90mfile:///Users/piotrwisniewski/Documents/Antygracity/DRD/consultify/[39mnode_modules/[4m@vitest/runner[24m/dist/index.js:1243:20
    at new Promise (&lt;anonymous&gt;)
    at runWithTimeout [90m(file:///Users/piotrwisniewski/Documents/Antygracity/DRD/consultify/[39mnode_modules/[4m@vitest/runner[24m/dist/index.js:1209:10[90m)[39m
    at runHook [90m(file:///Users/piotrwisniewski/Documents/Antygracity/DRD/consultify/[39mnode_modules/[4m@vitest/runner[24m/dist/index.js:1514:51[90m)[39m
    at callSuiteHook [90m(file:///Users/piotrwisniewski/Documents/Antygracity/DRD/consultify/[39mnode_modules/[4m@vitest/runner[24m/dist/index.js:1520:25[90m)[39m
    at runTest [90m(file:///Users/piotrwisniewski/Documents/Antygracity/DRD/consultify/[39mnode_modules/[4m@vitest/runner[24m/dist/index.js:1645:26[90m)[39m
[...]
    at [90mfile:///Users/piotrwisniewski/Documents/Antygracity/DRD/consultify/[39mnode_modules/[4m@vitest/runner[24m/dist/index.js:1653:37
    at Traces.$ [90m(file:///Users/piotrwisniewski/Documents/Antygracity/DRD/consultify/[39mnode_modules/[4mvitest[24m/dist/chunks/traces.U4xDYhzZ.js:115:27[90m)[39m
    at trace [90m(file:///Users/piotrwisniewski/Documents/Antygracity/DRD/consultify/[39mnode_modules/[4mvitest[24m/dist/chunks/test.B8ej_ZHS.js:239:21[90m)[39m
    at runTest [90m(file:///Users/piotrwisniewski/Documents/Antygracity/DRD/consultify/[39mnode_modules/[4m@vitest/runner[24m/dist/index.js:1653:12[90m)[39m

            </system-err>
        </testcase>
        <testcase classname="tests/unit/services/ai/agent.test.ts" name="Agent Service &gt; analyzeSessionForInsights &gt; should include session data in prompt" time="0.000215167">
        </testcase>
        <testcase classname="tests/unit/services/ai/agent.test.ts" name="Agent Service &gt; conductAssessmentInterview &gt; should return next question when interview not finished" time="0.00029">
        </testcase>
        <testcase classname="tests/unit/services/ai/agent.test.ts" name="Agent Service &gt; conductAssessmentInterview &gt; should return conclusion when interview finished" time="0.00025375">
        </testcase>
        <testcase classname="tests/unit/services/ai/agent.test.ts" name="Agent Service &gt; conductAssessmentInterview &gt; should handle errors with fallback question" time="0.003191125">
            <system-err>
AI Interview failed Error: AI Error
    at [90m/Users/piotrwisniewski/Documents/Antygracity/DRD/consultify/[39mtests/unit/services/ai/agent.test.ts:198:71
    at [90mfile:///Users/piotrwisniewski/Documents/Antygracity/DRD/consultify/[39mnode_modules/[4m@vitest/runner[24m/dist/index.js:145:11
    at [90mfile:///Users/piotrwisniewski/Documents/Antygracity/DRD/consultify/[39mnode_modules/[4m@vitest/runner[24m/dist/index.js:915:26
    at [90mfile:///Users/piotrwisniewski/Documents/Antygracity/DRD/consultify/[39mnode_modules/[4m@vitest/runner[24m/dist/index.js:1243:20
    at new Promise (&lt;anonymous&gt;)
    at runWithTimeout [90m(file:///Users/piotrwisniewski/Documents/Antygracity/DRD/consultify/[39mnode_modules/[4m@vitest/runner[24m/dist/index.js:1209:10[90m)[39m
    at [90mfile:///Users/piotrwisniewski/Documents/Antygracity/DRD/consultify/[39mnode_modules/[4m@vitest/runner[24m/dist/index.js:1653:37
    at Traces.$ [90m(file:///Users/piotrwisniewski/Documents/Antygracity/DRD/consultify/[39mnode_modules/[4mvitest[24m/dist/chunks/traces.U4xDYhzZ.js:115:27[90m)[39m
    at trace [90m(file:///Users/piotrwisniewski/Documents/Antygracity/DRD/consultify/[39mnode_modules/[4mvitest[24m/dist/chunks/test.B8ej_ZHS.js:239:21[90m)[39m
    at runTest [90m(file:///Users/piotrwisniewski/Documents/Antygracity/DRD/consultify/[39mnode_modules/[4m@vitest/runner[24m/dist/index.js:1653:12[90m)[39m

            </system-err>
        </testcase>
        <testcase classname="tests/unit/services/ai/agent.test.ts" name="Agent Service &gt; conductAssessmentInterview &gt; should include chat history in prompt" time="0.008611917">
        </testcase>
        <testcase classname="tests/unit/services/ai/agent.test.ts" name="Agent Service &gt; conductAssessmentInterview &gt; should use correct language for Polish" time="0.007765459">
        </testcase>
    </testsuite>
    <testsuite name="tests/unit/services/ai/gemini.test.ts" timestamp="2026-01-04T21:19:46.030Z" hostname="MacBook-Pro-Piotr.local" tests="16" failures="0" errors="0" skipped="0" time="0.024145417">
        <testcase classname="tests/unit/services/ai/gemini.test.ts" name="Gemini AI Service &gt; sendMessageToAI &gt; should send message via UnifiedAI" time="0.003658083">
        </testcase>
        <testcase classname="tests/unit/services/ai/gemini.test.ts" name="Gemini AI Service &gt; sendMessageToAI &gt; should pass system instruction" time="0.002114625">
        </testcase>
        <testcase classname="tests/unit/services/ai/gemini.test.ts" name="Gemini AI Service &gt; sendMessageToAI &gt; should handle errors gracefully" time="0.007688666">
            <system-err>
Error sending message to AI: Error: AI Error
    at [90m/Users/piotrwisniewski/Documents/Antygracity/DRD/consultify/[39mtests/unit/services/ai/gemini.test.ts:77:64
    at [90mfile:///Users/piotrwisniewski/Documents/Antygracity/DRD/consultify/[39mnode_modules/[4m@vitest/runner[24m/dist/index.js:145:11
    at [90mfile:///Users/piotrwisniewski/Documents/Antygracity/DRD/consultify/[39mnode_modules/[4m@vitest/runner[24m/dist/index.js:915:26
    at [90mfile:///Users/piotrwisniewski/Documents/Antygracity/DRD/consultify/[39mnode_modules/[4m@vitest/runner[24m/dist/index.js:1243:20
    at new Promise (&lt;anonymous&gt;)
    at runWithTimeout [90m(file:///Users/piotrwisniewski/Documents/Antygracity/DRD/consultify/[39mnode_modules/[4m@vitest/runner[24m/dist/index.js:1209:10[90m)[39m
    at [90mfile:///Users/piotrwisniewski/Documents/Antygracity/DRD/consultify/[39mnode_modules/[4m@vitest/runner[24m/dist/index.js:1653:37
    at Traces.$ [90m(file:///Users/piotrwisniewski/Documents/Antygracity/DRD/consultify/[39mnode_modules/[4mvitest[24m/dist/chunks/traces.U4xDYhzZ.js:115:27[90m)[39m
    at trace [90m(file:///Users/piotrwisniewski/Documents/Antygracity/DRD/consultify/[39mnode_modules/[4mvitest[24m/dist/chunks/test.B8ej_ZHS.js:239:21[90m)[39m
    at runTest [90m(file:///Users/piotrwisniewski/Documents/Antygracity/DRD/consultify/[39mnode_modules/[4m@vitest/runner[24m/dist/index.js:1653:12[90m)[39m

            </system-err>
        </testcase>
        <testcase classname="tests/unit/services/ai/gemini.test.ts" name="Gemini AI Service &gt; sendMessageToAI &gt; should use default config when no user config" time="0.001701583">
        </testcase>
        <testcase classname="tests/unit/services/ai/gemini.test.ts" name="Gemini AI Service &gt; sendMessageToAIStream &gt; should stream message via UnifiedAI" time="0.000803375">
        </testcase>
        <testcase classname="tests/unit/services/ai/gemini.test.ts" name="Gemini AI Service &gt; sendMessageToAIStream &gt; should pass system instruction and role name" time="0.000750042">
        </testcase>
        <testcase classname="tests/unit/services/ai/gemini.test.ts" name="Gemini AI Service &gt; sendMessageToAIStream &gt; should handle errors gracefully" time="0.0017645">
            <system-err>
Error sending message to AI (stream): Error: Stream Error
    at [90m/Users/piotrwisniewski/Documents/Antygracity/DRD/consultify/[39mtests/unit/services/ai/gemini.test.ts:150:70
    at [90mfile:///Users/piotrwisniewski/Documents/Antygracity/DRD/consultify/[39mnode_modules/[4m@vitest/runner[24m/dist/index.js:145:11
    at [90mfile:///Users/piotrwisniewski/Documents/Antygracity/DRD/consultify/[39mnode_modules/[4m@vitest/runner[24m/dist/index.js:915:26
    at [90mfile:///Users/piotrwisniewski/Documents/Antygracity/DRD/consultify/[39mnode_modules/[4m@vitest/runner[24m/dist/index.js:1243:20
    at new Promise (&lt;anonymous&gt;)
    at runWithTimeout [90m(file:///Users/piotrwisniewski/Documents/Antygracity/DRD/consultify/[39mnode_modules/[4m@vitest/runner[24m/dist/index.js:1209:10[90m)[39m
    at [90mfile:///Users/piotrwisniewski/Documents/Antygracity/DRD/consultify/[39mnode_modules/[4m@vitest/runner[24m/dist/index.js:1653:37
    at Traces.$ [90m(file:///Users/piotrwisniewski/Documents/Antygracity/DRD/consultify/[39mnode_modules/[4mvitest[24m/dist/chunks/traces.U4xDYhzZ.js:115:27[90m)[39m
    at trace [90m(file:///Users/piotrwisniewski/Documents/Antygracity/DRD/consultify/[39mnode_modules/[4mvitest[24m/dist/chunks/test.B8ej_ZHS.js:239:21[90m)[39m
    at runTest [90m(file:///Users/piotrwisniewski/Documents/Antygracity/DRD/consultify/[39mnode_modules/[4m@vitest/runner[24m/dist/index.js:1653:12[90m)[39m

            </system-err>
        </testcase>
        <testcase classname="tests/unit/services/ai/gemini.test.ts" name="Gemini AI Service &gt; refineContent &gt; should refine content with general context" time="0.00029625">
        </testcase>
        <testcase classname="tests/unit/services/ai/gemini.test.ts" name="Gemini AI Service &gt; refineContent &gt; should refine content with objective context" time="0.000209083">
        </testcase>
        <testcase classname="tests/unit/services/ai/gemini.test.ts" name="Gemini AI Service &gt; refineContent &gt; should refine content with blocker context" time="0.000193833">
        </testcase>
        <testcase classname="tests/unit/services/ai/gemini.test.ts" name="Gemini AI Service &gt; refineContent &gt; should refine content with constraint context" time="0.000175042">
        </testcase>
        <testcase classname="tests/unit/services/ai/gemini.test.ts" name="Gemini AI Service &gt; refineContent &gt; should refine content with location context" time="0.000153042">
        </testcase>
        <testcase classname="tests/unit/services/ai/gemini.test.ts" name="Gemini AI Service &gt; refineContent &gt; should return original text if too short" time="0.00043825">
        </testcase>
        <testcase classname="tests/unit/services/ai/gemini.test.ts" name="Gemini AI Service &gt; refineContent &gt; should return original text if empty" time="0.0003585">
        </testcase>
        <testcase classname="tests/unit/services/ai/gemini.test.ts" name="Gemini AI Service &gt; refineContent &gt; should return original text on error" time="0.000716208">
            <system-err>
Error sending message to AI: Error: Error
    at [90m/Users/piotrwisniewski/Documents/Antygracity/DRD/consultify/[39mtests/unit/services/ai/gemini.test.ts:225:64
    at [90mfile:///Users/piotrwisniewski/Documents/Antygracity/DRD/consultify/[39mnode_modules/[4m@vitest/runner[24m/dist/index.js:145:11
    at [90mfile:///Users/piotrwisniewski/Documents/Antygracity/DRD/consultify/[39mnode_modules/[4m@vitest/runner[24m/dist/index.js:915:26
    at [90mfile:///Users/piotrwisniewski/Documents/Antygracity/DRD/consultify/[39mnode_modules/[4m@vitest/runner[24m/dist/index.js:1243:20
    at new Promise (&lt;anonymous&gt;)
    at runWithTimeout [90m(file:///Users/piotrwisniewski/Documents/Antygracity/DRD/consultify/[39mnode_modules/[4m@vitest/runner[24m/dist/index.js:1209:10[90m)[39m
    at [90mfile:///Users/piotrwisniewski/Documents/Antygracity/DRD/consultify/[39mnode_modules/[4m@vitest/runner[24m/dist/index.js:1653:37
    at Traces.$ [90m(file:///Users/piotrwisniewski/Documents/Antygracity/DRD/consultify/[39mnode_modules/[4mvitest[24m/dist/chunks/traces.U4xDYhzZ.js:115:27[90m)[39m
    at trace [90m(file:///Users/piotrwisniewski/Documents/Antygracity/DRD/consultify/[39mnode_modules/[4mvitest[24m/dist/chunks/test.B8ej_ZHS.js:239:21[90m)[39m
    at runTest [90m(file:///Users/piotrwisniewski/Documents/Antygracity/DRD/consultify/[39mnode_modules/[4m@vitest/runner[24m/dist/index.js:1653:12[90m)[39m

            </system-err>
        </testcase>
        <testcase classname="tests/unit/services/ai/gemini.test.ts" name="Gemini AI Service &gt; SYSTEM_PROMPTS &gt; should have FREE_ASSESSMENT prompt defined" time="0.001084042">
        </testcase>
    </testsuite>
    <testsuite name="tests/unit/services/ai/unified.test.ts" timestamp="2026-01-04T21:19:46.032Z" hostname="MacBook-Pro-Piotr.local" tests="3" failures="0" errors="0" skipped="0" time="0.008801458">
        <testcase classname="tests/unit/services/ai/unified.test.ts" name="UnifiedAI Service &gt; sendMessage &gt; should route everything through Api.chatWithAI regardless of provider" time="0.005046041">
        </testcase>
        <testcase classname="tests/unit/services/ai/unified.test.ts" name="UnifiedAI Service &gt; sendMessage &gt; should handle undefined config by passing undefined model" time="0.000585833">
        </testcase>
        <testcase classname="tests/unit/services/ai/unified.test.ts" name="UnifiedAI Service &gt; sendMessageStream &gt; should route everything through Api.chatWithAIStream" time="0.000442709">
        </testcase>
    </testsuite>
    <testsuite name="tests/unit/components/MyWork/shared/DueDateIndicator.test.tsx" timestamp="2026-01-04T21:19:46.032Z" hostname="MacBook-Pro-Piotr.local" tests="10" failures="0" errors="0" skipped="0" time="0.105037333">
        <testcase classname="tests/unit/components/MyWork/shared/DueDateIndicator.test.tsx" name="DueDateIndicator &gt; renders &quot;Completed&quot; state" time="0.034137834">
        </testcase>
        <testcase classname="tests/unit/components/MyWork/shared/DueDateIndicator.test.tsx" name="DueDateIndicator &gt; renders &quot;No date&quot; state" time="0.003317958">
        </testcase>
        <testcase classname="tests/unit/components/MyWork/shared/DueDateIndicator.test.tsx" name="DueDateIndicator &gt; renders &quot;Today&quot; correctly" time="0.003474333">
        </testcase>
        <testcase classname="tests/unit/components/MyWork/shared/DueDateIndicator.test.tsx" name="DueDateIndicator &gt; renders &quot;Yesterday&quot; correctly" time="0.006720708">
        </testcase>
        <testcase classname="tests/unit/components/MyWork/shared/DueDateIndicator.test.tsx" name="DueDateIndicator &gt; renders &quot;Tomorrow&quot; correctly" time="0.004232833">
        </testcase>
        <testcase classname="tests/unit/components/MyWork/shared/DueDateIndicator.test.tsx" name="DueDateIndicator &gt; renders &quot;weeks overdue&quot; correctly" time="0.003104834">
        </testcase>
        <testcase classname="tests/unit/components/MyWork/shared/DueDateIndicator.test.tsx" name="DueDateIndicator &gt; renders with time if provided" time="0.002021584">
        </testcase>
        <testcase classname="tests/unit/components/MyWork/shared/DueDateIndicator.test.tsx" name="DueDateIndicator &gt; renders absolute date if showRelative is false" time="0.040768708">
        </testcase>
        <testcase classname="tests/unit/components/MyWork/shared/DueDateIndicator.test.tsx" name="DueDateText &gt; renders correctly" time="0.002854541">
        </testcase>
        <testcase classname="tests/unit/components/MyWork/shared/DueDateIndicator.test.tsx" name="DueDateText &gt; renders null if no dueDate and not completed" time="0.000890292">
        </testcase>
    </testsuite>
    <testsuite name="tests/unit/components/MyWork/shared/EmptyState.test.tsx" timestamp="2026-01-04T21:19:46.033Z" hostname="MacBook-Pro-Piotr.local" tests="6" failures="0" errors="0" skipped="0" time="0.105669917">
        <testcase classname="tests/unit/components/MyWork/shared/EmptyState.test.tsx" name="EmptyState &gt; renders with default values for a given type" time="0.061229375">
        </testcase>
        <testcase classname="tests/unit/components/MyWork/shared/EmptyState.test.tsx" name="EmptyState &gt; renders with custom title and description" time="0.010003458">
        </testcase>
        <testcase classname="tests/unit/components/MyWork/shared/EmptyState.test.tsx" name="EmptyState &gt; shows and handles primary action" time="0.012797166">
        </testcase>
        <testcase classname="tests/unit/components/MyWork/shared/EmptyState.test.tsx" name="EmptyState &gt; shows and handles secondary action" time="0.01051325">
        </testcase>
        <testcase classname="tests/unit/components/MyWork/shared/EmptyState.test.tsx" name="EmptyState &gt; shows and handles AI suggestion" time="0.004305584">
        </testcase>
        <testcase classname="tests/unit/components/MyWork/shared/EmptyState.test.tsx" name="EmptyStateInline &gt; renders message and handle action" time="0.001918209">
        </testcase>
    </testsuite>
    <testsuite name="tests/unit/components/MyWork/shared/PMOPriorityBadge.test.tsx" timestamp="2026-01-04T21:19:46.034Z" hostname="MacBook-Pro-Piotr.local" tests="12" failures="0" errors="0" skipped="0" time="0.122125542">
        <testcase classname="tests/unit/components/MyWork/shared/PMOPriorityBadge.test.tsx" name="PMOPriorityBadge &gt; renders with correct label and icon for each category" time="0.099818166">
        </testcase>
        <testcase classname="tests/unit/components/MyWork/shared/PMOPriorityBadge.test.tsx" name="PMOPriorityBadge &gt; renders different sizes correctly" time="0.002977042">
        </testcase>
        <testcase classname="tests/unit/components/MyWork/shared/PMOPriorityBadge.test.tsx" name="PMOPriorityBadge &gt; hides label when showLabel is false" time="0.001522792">
        </testcase>
        <testcase classname="tests/unit/components/MyWork/shared/PMOPriorityBadge.test.tsx" name="PMOPriorityBadge &gt; renders emoji when both label and icon are hidden" time="0.001030917">
        </testcase>
        <testcase classname="tests/unit/components/MyWork/shared/PMOPriorityBadge.test.tsx" name="PMOCategoryDot &gt; renders correctly" time="0.013157709">
        </testcase>
        <testcase classname="tests/unit/components/MyWork/shared/PMOPriorityBadge.test.tsx" name="getPMOCategory &gt; returns blocking_phase for explicit flag" time="0.00042675">
        </testcase>
        <testcase classname="tests/unit/components/MyWork/shared/PMOPriorityBadge.test.tsx" name="getPMOCategory &gt; returns blocking_initiative for explicit flag" time="0.000183">
        </testcase>
        <testcase classname="tests/unit/components/MyWork/shared/PMOPriorityBadge.test.tsx" name="getPMOCategory &gt; returns decision_required for explicit flag" time="0.000131458">
        </testcase>
        <testcase classname="tests/unit/components/MyWork/shared/PMOPriorityBadge.test.tsx" name="getPMOCategory &gt; returns deadline_critical if due within 48 hours" time="0.000348583">
        </testcase>
        <testcase classname="tests/unit/components/MyWork/shared/PMOPriorityBadge.test.tsx" name="getPMOCategory &gt; returns high_strategic for high priority" time="0.000165292">
        </testcase>
        <testcase classname="tests/unit/components/MyWork/shared/PMOPriorityBadge.test.tsx" name="getPMOCategory &gt; returns routine as default" time="0.000147958">
        </testcase>
        <testcase classname="tests/unit/components/MyWork/shared/PMOPriorityBadge.test.tsx" name="getPMOCategory &gt; handles labels correctly" time="0.000182792">
        </testcase>
    </testsuite>
    <testsuite name="tests/unit/components/MyWork/shared/QuickActions.test.tsx" timestamp="2026-01-04T21:19:46.036Z" hostname="MacBook-Pro-Piotr.local" tests="8" failures="0" errors="0" skipped="0" time="0.093203666">
        <testcase classname="tests/unit/components/MyWork/shared/QuickActions.test.tsx" name="QuickActions &gt; renders all provided actions" time="0.050455167">
        </testcase>
        <testcase classname="tests/unit/components/MyWork/shared/QuickActions.test.tsx" name="QuickActions &gt; handles action click" time="0.007028375">
        </testcase>
        <testcase classname="tests/unit/components/MyWork/shared/QuickActions.test.tsx" name="QuickActions &gt; requires confirmation for delete action" time="0.006527833">
        </testcase>
        <testcase classname="tests/unit/components/MyWork/shared/QuickActions.test.tsx" name="QuickActions &gt; does not call onAction if delete confirmation is cancelled" time="0.004266125">
        </testcase>
        <testcase classname="tests/unit/components/MyWork/shared/QuickActions.test.tsx" name="QuickActions &gt; hides actions when visible is false" time="0.00176275">
        </testcase>
        <testcase classname="tests/unit/components/MyWork/shared/QuickActions.test.tsx" name="QuickActionButton &gt; renders with label when showLabel is true" time="0.010674625">
        </testcase>
        <testcase classname="tests/unit/components/MyWork/shared/QuickActions.test.tsx" name="QuickActionButton &gt; calls onClick when clicked" time="0.008503625">
        </testcase>
        <testcase classname="tests/unit/components/MyWork/shared/QuickActions.test.tsx" name="MoreActionsButton &gt; calls onClick when clicked" time="0.002115042">
        </testcase>
    </testsuite>
</testsuites>
