{"numTotalTestSuites":764,"numPassedTestSuites":744,"numFailedTestSuites":20,"numPendingTestSuites":0,"numTotalTests":950,"numPass    <testsuite name="tests/integration/MyWorkWorkflow.test.tsx" timestamp="2026-01-20T10:30:33.335Z" hostname="MacBook-Pro-Piotr.local" tests="5" failures="0" errors="0" skipped="0" time="0.005405334">
        <testcase classname="tests/integration/MyWorkWorkflow.test.tsx" name="MyWork Workflow &gt; should display task list" time="0.001513958">
        </testcase>
        <testcase classname="tests/integration/MyWorkWorkflow.test.tsx" name="MyWork Workflow &gt; should filter by status" time="0.00035825">
        </testcase>
        <testcase classname="tests/integration/MyWorkWorkflow.test.tsx" name="MyWork Workflow &gt; should update task status" time="0.000184708">
        </testcase>
        <testcase classname="tests/integration/MyWorkWorkflow.test.tsx" name="MyWork Workflow &gt; should handle task assignment" time="0.00022575">
        </testcase>
        <testcase classname="tests/integration/MyWorkWorkflow.test.tsx" name="MyWork Workflow &gt; should show task details" time="0.000182417">
        </testcase>
    </testsuite>
    <testsuite name="tests/integration/actionDecision.test.js" timestamp="2026-01-20T10:30:33.337Z" hostname="MacBook-Pro-Piotr.local" tests="9" failures="0" errors="0" skipped="0" time="0.34199875">
        <testcase classname="tests/integration/actionDecision.test.js" name="Action Decisions API Integration &gt; POST /api/ai/actions/decide - Access Control &gt; should return 401 without auth token" time="0.058093667">
        </testcase>
        <testcase classname="tests/integration/actionDecision.test.js" name="Action Decisions API Integration &gt; POST /api/ai/actions/decide - Access Control &gt; should return 403 for non-admin users" time="0.006960417">
        </testcase>
        <testcase classname="tests/integration/actionDecision.test.js" name="Action Decisions API Integration &gt; POST /api/ai/actions/decide - Access Control &gt; should reject invalid decision types" time="0.00401525">
        </testcase>
        <testcase classname="tests/integration/actionDecision.test.js" name="Action Decisions API Integration &gt; POST /api/ai/actions/decide - Access Control &gt; should return 404 for non-existent proposal" time="0.001918208">
        </testcase>
        <testcase classname="tests/integration/actionDecision.test.js" name="Action Decisions API Integration &gt; POST /api/ai/actions/decide - Access Control &gt; should create decision for valid request" time="0.0018225">
        </testcase>
        <testcase classname="tests/integration/actionDecision.test.js" name="Action Decisions API Integration &gt; POST /api/ai/actions/decide - Access Control &gt; should block access to other organization proposals" time="0.001414083">
        </testcase>
        <testcase classname="tests/integration/actionDecision.test.js" name="Action Decisions API Integration &gt; GET /api/ai/actions/audit - Access Control &gt; should return 401 without auth token" time="0.003980708">
        </testcase>
        <testcase classname="tests/integration/actionDecision.test.js" name="Action Decisions API Integration &gt; GET /api/ai/actions/audit - Access Control &gt; should return 403 for non-admin users" time="0.015710708">
        </testcase>
        <testcase classname="tests/integration/actionDecision.test.js" name="Action Decisions API Integration &gt; GET /api/ai/actions/audit - Access Control &gt; should return audit log for admin" time="0.002099167">
        </testcase>
    </testsuite>
    <testsuite name="tests/integration/actionExecution.test.js" timestamp="2026-01-20T10:30:33.338Z" hostname="MacBook-Pro-Piotr.local" tests="6" failures="0" errors="0" skipped="0" time="0.494787708">
        <testcase classname="tests/integration/actionExecution.test.js" name="Action Execution Integration &gt; should successfully execute an APPROVED TASK_CREATE action" time="0.061626958">
        </testcase>
        <testcase classname="tests/integration/actionExecution.test.js" name="Action Execution Integration &gt; should return idempotent_replay: true on second execution" time="0.003215125">
        </testcase>
        <testcase classname="tests/integration/actionExecution.test.js" name="Action Execution Integration &gt; should reject execution of REJECTED decision with 400" time="0.012282084">
        </testcase>
        <testcase classname="tests/integration/actionExecution.test.js" name="Action Execution Integration &gt; should return 403 for proposal of another organization" time="0.113086875">
        </testcase>
        <testcase classname="tests/integration/actionExecution.test.js" name="Action Execution Integration &gt; should return mock metadata for MEETING_SCHEDULE" time="0.051574209">
        </testcase>
        <testcase classname="tests/integration/actionExecution.test.js" name="Action Execution Integration &gt; should return 401 without auth token" time="0.002595333">
        </testcase>
    </testsuite>
    <testsuite name="tests/integration/ai-enterprise-verification.test.js" timestamp="2026-01-20T10:30:33.339Z" hostname="MacBook-Pro-Piotr.local" tests="8" failures="0" errors="0" skipped="0" time="0.23068825">
        <testcase classname="tests/integration/ai-enterprise-verification.test.js" name="AI Enterprise Verification &gt; AI Policy Management &gt; should get AI policy" time="0.025622958">
        </testcase>
        <testcase classname="tests/integration/ai-enterprise-verification.test.js" name="AI Enterprise Verification &gt; AI Policy Management &gt; should update AI policy" time="0.025750459">
        </testcase>
        <testcase classname="tests/integration/ai-enterprise-verification.test.js" name="AI Enterprise Verification &gt; AI Policy Management &gt; should require authentication" time="0.002296">
        </testcase>
        <testcase classname="tests/integration/ai-enterprise-verification.test.js" name="AI Enterprise Verification &gt; AI Usage Tracking &gt; should track token usage" time="0.006094042">
        </testcase>
        <testcase classname="tests/integration/ai-enterprise-verification.test.js" name="AI Enterprise Verification &gt; AI Usage Tracking &gt; should enforce quotas" time="0.006360209">
        </testcase>
        <testcase classname="tests/integration/ai-enterprise-verification.test.js" name="AI Enterprise Verification &gt; AI Access Control &gt; should check permissions" time="0.001789542">
        </testcase>
        <testcase classname="tests/integration/ai-enterprise-verification.test.js" name="AI Enterprise Verification &gt; AI Access Control &gt; should handle demo mode" time="0.00132925">
        </testcase>
        <testcase classname="tests/integration/ai-enterprise-verification.test.js" name="AI Enterprise Verification &gt; AI Response Quality &gt; should validate response format" time="0.004851834">
        </testcase>
    </testsuite>
    <testsuite name="tests/integration/aiExplainability.test.js" timestamp="2026-01-20T10:30:33.340Z" hostname="MacBook-Pro-Piotr.local" tests="14" failures="0" errors="0" skipped="0" time="0.390234208">
        <testcase classname="tests/integration/aiExplainability.test.js" name="AI Explainability API Integration &gt; GET /api/ai/explain/:entityType/:id - Access Control &gt; should block unauthorized users (no token)" time="0.059548417">
        </testcase>
        <testcase classname="tests/integration/aiExplainability.test.js" name="AI Explainability API Integration &gt; GET /api/ai/explain/:entityType/:id - Access Control &gt; should reject invalid entity types" time="0.002735792">
        </testcase>
        <testcase classname="tests/integration/aiExplainability.test.js" name="AI Explainability API Integration &gt; GET /api/ai/explain/:entityType/:id - Access Control &gt; should return empty explanation for non-existent entity" time="0.043134958">
        </testcase>
        <testcase classname="tests/integration/aiExplainability.test.js" name="AI Explainability API Integration &gt; GET /api/ai/explain/:entityType/:id - Access Control &gt; should return explanation for existing entity" time="0.005082167">
        </testcase>
        <testcase classname="tests/integration/aiExplainability.test.js" name="AI Explainability API Integration &gt; GET /api/ai/explain/:entityType/:id/export &gt; should block unauthorized users" time="0.003056167">
        </testcase>
        <testcase classname="tests/integration/aiExplainability.test.js" name="AI Explainability API Integration &gt; GET /api/ai/explain/:entityType/:id/export &gt; should reject invalid format" time="0.002122709">
        </testcase>
        <testcase classname="tests/integration/aiExplainability.test.js" name="AI Explainability API Integration &gt; GET /api/ai/explain/:entityType/:id/export &gt; should return JSON export with correct structure" time="0.001622958">
        </testcase>
        <testcase classname="tests/integration/aiExplainability.test.js" name="AI Explainability API Integration &gt; GET /api/ai/explain/:entityType/:id/export &gt; should include render_options for PDF format" time="0.001291625">
        </testcase>
        <testcase classname="tests/integration/aiExplainability.test.js" name="AI Explainability API Integration &gt; POST /api/ai/explain/:entityType/:id/export/pdf &gt; should block unauthorized users" time="0.002459875">
        </testcase>
        <testcase classname="tests/integration/aiExplainability.test.js" name="AI Explainability API Integration &gt; POST /api/ai/explain/:entityType/:id/export/pdf &gt; should return PDF-ready JSON" time="0.001986458">
        </testcase>
        <testcase classname="tests/integration/aiExplainability.test.js" name="AI Explainability API Integration &gt; Organization Isolation &gt; should isolate evidence by organization" time="0.001922833">
        </testcase>
        <testcase classname="tests/integration/aiExplainability.test.js" name="AI Explainability API Integration &gt; Organization Isolation &gt; should return evidence for same organization" time="0.001215916">
        </testcase>
        <testcase classname="tests/integration/aiExplainability.test.js" name="AI Explainability API Integration &gt; Evidence Check &gt; should return has_evidence: false for entity without evidence" time="0.00114625">
        </testcase>
        <testcase classname="tests/integration/aiExplainability.test.js" name="AI Explainability API Integration &gt; Evidence Check &gt; should return has_evidence: true for entity with evidence" time="0.002289542">
        </testcase>
    </testsuite>
    <testsuite name="tests/integration/aiFailure.test.js" timestamp="2026-01-20T10:30:33.341Z" hostname="MacBook-Pro-Piotr.local" tests="7" failures="0" errors="0" skipped="0" time="0.375214333">
        <testcase classname="tests/integration/aiFailure.test.js" name="AI Failure Resilience &gt; PMO Routes Without AI &gt; should return initiatives even when AI service fails" time="0.042159292">
        </testcase>
        <testcase classname="tests/integration/aiFailure.test.js" name="AI Failure Resilience &gt; PMO Routes Without AI &gt; should return tasks when AI context fails" time="0.004192">
        </testcase>
        <testcase classname="tests/integration/aiFailure.test.js" name="AI Failure Resilience &gt; PMO Routes Without AI &gt; should serve My Work aggregation without AI" time="0.003936334">
        </testcase>
        <testcase classname="tests/integration/aiFailure.test.js" name="AI Failure Resilience &gt; Graceful Degradation &gt; should return fallback context when AI memory fails" time="0.015758292">
        </testcase>
        <testcase classname="tests/integration/aiFailure.test.js" name="AI Failure Resilience &gt; Graceful Degradation &gt; should return full context when AI is available" time="0.009673125">
        </testcase>
        <testcase classname="tests/integration/aiFailure.test.js" name="AI Failure Resilience &gt; Auth Requirements &gt; should return 401 for initiatives without auth" time="0.002820792">
        </testcase>
        <testcase classname="tests/integration/aiFailure.test.js" name="AI Failure Resilience &gt; Auth Requirements &gt; should return 401 for my-work without auth" time="0.004842917">
        </testcase>
    </testsuite>
    <testsuite name="tests/integration/aiLayersIntegration.test.js" timestamp="2026-01-20T10:30:33.342Z" hostname="MacBook-Pro-Piotr.local" tests="13" failures="0" errors="0" skipped="0" time="10.9355505">
        <testcase classname="tests/integration/aiLayersIntegration.test.js" name="AI Layers Integration &gt; AI Drafts (Controlled AI Operations) &gt; should return 401 without auth for drafts list" time="0.011172709">
            <system-out>
2026-01-20 05:29:39:2939 [35mhttp[39m: [35mGET /api/ai-drafts[39m
2026-01-20 05:29:39:2939 [32minfo[39m: [32m[Index] Pre-Gateway: GET /api/ai-drafts[39m
2026-01-20 05:29:39:2939 [37mdebug[39m: [37m[DemoMode] Middleware called: isDemoMode=false, hasUser=false, userOrgId=undefined[39m
[AuthMiddleware] Verifying token for path: /

[AuthMiddleware] Deps loaded
[AuthMiddleware] Token extracted: NO

2026-01-20 05:29:39:2939 [33mwarn[39m: [33mPerformance metric[39m {&quot;method&quot;:&quot;GET&quot;,&quot;path&quot;:&quot;/api/ai-drafts&quot;,&quot;statusCode&quot;:401,&quot;responseTime&quot;:5,&quot;dbQueryCount&quot;:0,&quot;dbQueryTime&quot;:0,&quot;memoryDelta&quot;:{&quot;heapUsed&quot;:161192,&quot;external&quot;:670,&quot;rss&quot;:81920},&quot;userId&quot;:null,&quot;organizationId&quot;:null,&quot;isSlow&quot;:false,&quot;isError&quot;:true}

            </system-out>
        </testcase>
        <testcase classname="tests/integration/aiLayersIntegration.test.js" name="AI Layers Integration &gt; AI Drafts (Controlled AI Operations) &gt; should get pending AI drafts with auth" time="0.010450083">
            <system-out>
2026-01-20 05:29:39:2939 [35mhttp[39m: [35mGET /api/ai-drafts[39m
2026-01-20 05:29:39:2939 [32minfo[39m: [32m[Index] Pre-Gateway: GET /api/ai-drafts[39m
2026-01-20 05:29:39:2939 [37mdebug[39m: [37m[DemoMode] Middleware called: isDemoMode=false, hasUser=false, userOrgId=undefined[39m
[AuthMiddleware] Verifying token for path: /

[AuthMiddleware] Deps loaded
[AuthMiddleware] Token extracted: YES

2026-01-20 05:29:39:2939 [32minfo[39m: [32m[AuthMiddleware] Verifying token: eyJhbGciOi... with secret length: 52[39m

2026-01-20 05:29:39:2939 [33mwarn[39m: [33mPerformance metric[39m {&quot;method&quot;:&quot;GET&quot;,&quot;path&quot;:&quot;/api/ai-drafts&quot;,&quot;statusCode&quot;:503,&quot;responseTime&quot;:6,&quot;dbQueryCount&quot;:0,&quot;dbQueryTime&quot;:0,&quot;memoryDelta&quot;:{&quot;heapUsed&quot;:281184,&quot;external&quot;:924,&quot;rss&quot;:163840},&quot;userId&quot;:&quot;ai-layers-user-1768904969021&quot;,&quot;organizationId&quot;:&quot;ai-layers-org-1768904969021&quot;,&quot;isSlow&quot;:false,&quot;isError&quot;:true}

            </system-out>
        </testcase>
        <testcase classname="tests/integration/aiLayersIntegration.test.js" name="AI Layers Integration &gt; AI Drafts (Controlled AI Operations) &gt; should get user draft stats" time="0.008524667">
            <system-out>
2026-01-20 05:29:39:2939 [35mhttp[39m: [35mGET /api/ai-drafts/user/stats[39m
2026-01-20 05:29:39:2939 [32minfo[39m: [32m[Index] Pre-Gateway: GET /api/ai-drafts/user/stats[39m
2026-01-20 05:29:39:2939 [37mdebug[39m: [37m[DemoMode] Middleware called: isDemoMode=false, hasUser=false, userOrgId=undefined[39m
[AuthMiddleware] Verifying token for path: /user/stats

[AuthMiddleware] Deps loaded
[AuthMiddleware] Token extracted: YES

2026-01-20 05:29:39:2939 [32minfo[39m: [32m[AuthMiddleware] Verifying token: eyJhbGciOi... with secret length: 52[39m

2026-01-20 05:29:39:2939 [33mwarn[39m: [33mPerformance metric[39m {&quot;method&quot;:&quot;GET&quot;,&quot;path&quot;:&quot;/api/ai-drafts/user/stats&quot;,&quot;statusCode&quot;:503,&quot;responseTime&quot;:4,&quot;dbQueryCount&quot;:0,&quot;dbQueryTime&quot;:0,&quot;memoryDelta&quot;:{&quot;heapUsed&quot;:131952,&quot;external&quot;:956,&quot;rss&quot;:32768},&quot;userId&quot;:&quot;ai-layers-user-1768904969021&quot;,&quot;organizationId&quot;:&quot;ai-layers-org-1768904969021&quot;,&quot;isSlow&quot;:false,&quot;isError&quot;:true}

            </system-out>
        </testcase>
        <testcase classname="tests/integration/aiLayersIntegration.test.js" name="AI Layers Integration &gt; AI Nudges (Proactive Intelligence) &gt; should return 401 without auth for pending nudges" time="0.00464775">
            <system-out>
2026-01-20 05:29:39:2939 [35mhttp[39m: [35mGET /api/ai/nudges/pending[39m
2026-01-20 05:29:39:2939 [32minfo[39m: [32m[Index] Pre-Gateway: GET /api/ai/nudges/pending[39m
[AuthMiddleware] Verifying token for path: /pending

[AuthMiddleware] Deps loaded
[AuthMiddleware] Token extracted: NO

2026-01-20 05:29:39:2939 [33mwarn[39m: [33mPerformance metric[39m {&quot;method&quot;:&quot;GET&quot;,&quot;path&quot;:&quot;/api/ai/nudges/pending&quot;,&quot;statusCode&quot;:401,&quot;responseTime&quot;:2,&quot;dbQueryCount&quot;:0,&quot;dbQueryTime&quot;:0,&quot;memoryDelta&quot;:{&quot;heapUsed&quot;:41208,&quot;external&quot;:558,&quot;rss&quot;:65536},&quot;userId&quot;:null,&quot;organizationId&quot;:null,&quot;isSlow&quot;:false,&quot;isError&quot;:true}

            </system-out>
        </testcase>
        <testcase classname="tests/integration/aiLayersIntegration.test.js" name="AI Layers Integration &gt; AI Nudges (Proactive Intelligence) &gt; should get pending nudges with auth" time="0.042013333">
            <system-out>
2026-01-20 05:29:39:2939 [35mhttp[39m: [35mGET /api/ai/nudges/pending[39m
2026-01-20 05:29:39:2939 [32minfo[39m: [32m[Index] Pre-Gateway: GET /api/ai/nudges/pending[39m
[AuthMiddleware] Verifying token for path: /pending

[AuthMiddleware] Deps loaded
[AuthMiddleware] Token extracted: YES

2026-01-20 05:29:39:2939 [32minfo[39m: [32m[AuthMiddleware] Verifying token: eyJhbGciOi... with secret length: 52[39m

2026-01-20 05:29:39:2939 [33mwarn[39m: [33mPerformance metric[39m {&quot;method&quot;:&quot;GET&quot;,&quot;path&quot;:&quot;/api/ai/nudges/pending&quot;,&quot;statusCode&quot;:503,&quot;responseTime&quot;:30,&quot;dbQueryCount&quot;:0,&quot;dbQueryTime&quot;:0,&quot;memoryDelta&quot;:{&quot;heapUsed&quot;:173224,&quot;external&quot;:812,&quot;rss&quot;:49152},&quot;userId&quot;:&quot;ai-layers-user-1768904969021&quot;,&quot;organizationId&quot;:&quot;ai-layers-org-1768904969021&quot;,&quot;isSlow&quot;:false,&quot;isError&quot;:true}

            </system-out>
        </testcase>
        <testcase classname="tests/integration/aiLayersIntegration.test.js" name="AI Layers Integration &gt; AI Nudges (Proactive Intelligence) &gt; should track nudge interaction" time="0.023195625">
            <system-out>
2026-01-20 05:29:39:2939 [35mhttp[39m: [35mPOST /api/ai/nudges/track[39m
2026-01-20 05:29:39:2939 [32minfo[39m: [32m[Index] Pre-Gateway: POST /api/ai/nudges/track[39m
[AuthMiddleware] Verifying token for path: /track

[AuthMiddleware] Deps loaded
[AuthMiddleware] Token extracted: YES

2026-01-20 05:29:39:2939 [32minfo[39m: [32m[AuthMiddleware] Verifying token: eyJhbGciOi... with secret length: 52[39m

2026-01-20 05:29:39:2939 [33mwarn[39m: [33mPerformance metric[39m {&quot;method&quot;:&quot;POST&quot;,&quot;path&quot;:&quot;/api/ai/nudges/track&quot;,&quot;statusCode&quot;:503,&quot;responseTime&quot;:16,&quot;dbQueryCount&quot;:0,&quot;dbQueryTime&quot;:0,&quot;memoryDelta&quot;:{&quot;heapUsed&quot;:133376,&quot;external&quot;:9000,&quot;rss&quot;:32768},&quot;userId&quot;:&quot;ai-layers-user-1768904969021&quot;,&quot;organizationId&quot;:&quot;ai-layers-org-1768904969021&quot;,&quot;isSlow&quot;:false,&quot;isError&quot;:true}

            </system-out>
        </testcase>
        <testcase classname="tests/integration/aiLayersIntegration.test.js" name="AI Layers Integration &gt; AI Nudges (Proactive Intelligence) &gt; should dismiss nudge" time="0.016307041">
            <system-out>
2026-01-20 05:29:39:2939 [35mhttp[39m: [35mPOST /api/ai/nudges/dismiss[39m
2026-01-20 05:29:39:2939 [32minfo[39m: [32m[Index] Pre-Gateway: POST /api/ai/nudges/dismiss[39m
[AuthMiddleware] Verifying token for path: /dismiss

[AuthMiddleware] Deps loaded
[AuthMiddleware] Token extracted: YES

2026-01-20 05:29:39:2939 [32minfo[39m: [32m[AuthMiddleware] Verifying token: eyJhbGciOi... with secret length: 52[39m

2026-01-20 05:29:39:2939 [33mwarn[39m: [33m[ProactiveNudgesService] dismissNudge(ai-layers-user-1768904969021) called on stub[39m

            </system-out>
        </testcase>
        <testcase classname="tests/integration/aiLayersIntegration.test.js" name="AI Layers Integration &gt; AI Settings (Proactivity Config) &gt; should get proactivity settings" time="0.014404541">
            <system-out>
2026-01-20 05:29:39:2939 [35mhttp[39m: [35mGET /api/ai-settings/proactivity[39m
2026-01-20 05:29:39:2939 [32minfo[39m: [32m[Index] Pre-Gateway: GET /api/ai-settings/proactivity[39m
2026-01-20 05:29:39:2939 [37mdebug[39m: [37m[DemoMode] Middleware called: isDemoMode=false, hasUser=false, userOrgId=undefined[39m
[AuthMiddleware] Verifying token for path: /proactivity

[AuthMiddleware] Deps loaded
[AuthMiddleware] Token extracted: YES

2026-01-20 05:29:39:2939 [32minfo[39m: [32m[AuthMiddleware] Verifying token: eyJhbGciOi... with secret length: 52[39m

            </system-out>
        </testcase>
        <testcase classname="tests/integration/aiLayersIntegration.test.js" name="AI Layers Integration &gt; AI Settings (Proactivity Config) &gt; should get available proactivity modes" time="0.008354042">
            <system-out>
2026-01-20 05:29:39:2939 [35mhttp[39m: [35mGET /api/ai-settings/proactivity/modes[39m
2026-01-20 05:29:39:2939 [32minfo[39m: [32m[Index] Pre-Gateway: GET /api/ai-settings/proactivity/modes[39m
2026-01-20 05:29:39:2939 [37mdebug[39m: [37m[DemoMode] Middleware called: isDemoMode=false, hasUser=false, userOrgId=undefined[39m
[AuthMiddleware] Verifying token for path: /proactivity/modes

[AuthMiddleware] Deps loaded
[AuthMiddleware] Token extracted: YES

2026-01-20 05:29:39:2939 [32minfo[39m: [32m[AuthMiddleware] Verifying token: eyJhbGciOi... with secret length: 52[39m

            </system-out>
        </testcase>
        <testcase classname="tests/integration/aiLayersIntegration.test.js" name="AI Layers Integration &gt; AI Settings (Proactivity Config) &gt; should get effective AI settings" time="0.014962958">
            <system-out>
2026-01-20 05:29:39:2939 [35mhttp[39m: [35mGET /api/ai-settings/effective[39m
2026-01-20 05:29:39:2939 [32minfo[39m: [32m[Index] Pre-Gateway: GET /api/ai-settings/effective[39m
2026-01-20 05:29:39:2939 [37mdebug[39m: [37m[DemoMode] Middleware called: isDemoMode=false, hasUser=false, userOrgId=undefined[39m
[AuthMiddleware] Verifying token for path: /effective

[AuthMiddleware] Deps loaded
[AuthMiddleware] Token extracted: YES

2026-01-20 05:29:39:2939 [32minfo[39m: [32m[AuthMiddleware] Verifying token: eyJhbGciOi... with secret length: 52[39m

            </system-out>
        </testcase>
        <testcase classname="tests/integration/aiLayersIntegration.test.js" name="AI Layers Integration &gt; AI Settings (Proactivity Config) &gt; should get available AI models" time="0.026524708">
            <system-out>
2026-01-20 05:29:39:2939 [35mhttp[39m: [35mGET /api/ai-settings/available-models[39m
2026-01-20 05:29:39:2939 [32minfo[39m: [32m[Index] Pre-Gateway: GET /api/ai-settings/available-models[39m
2026-01-20 05:29:39:2939 [37mdebug[39m: [37m[DemoMode] Middleware called: isDemoMode=false, hasUser=false, userOrgId=undefined[39m
[AuthMiddleware] Verifying token for path: /available-models

[AuthMiddleware] Deps loaded
[AuthMiddleware] Token extracted: YES

2026-01-20 05:29:39:2939 [32minfo[39m: [32m[AuthMiddleware] Verifying token: eyJhbGciOi... with secret length: 52[39m

            </system-out>
        </testcase>
        <testcase classname="tests/integration/aiLayersIntegration.test.js" name="AI Layers Integration &gt; AI Feedback (Fallback Value Learning) &gt; should submit AI feedback" time="0.032968833">
            <system-out>
2026-01-20 05:29:39:2939 [35mhttp[39m: [35mPOST /api/ai-feedback[39m
2026-01-20 05:29:39:2939 [32minfo[39m: [32m[Index] Pre-Gateway: POST /api/ai-feedback[39m
2026-01-20 05:29:39:2939 [37mdebug[39m: [37m[DemoMode] Middleware called: isDemoMode=false, hasUser=false, userOrgId=undefined[39m
[AuthMiddleware] Verifying token for path: /

[AuthMiddleware] Deps loaded
[AuthMiddleware] Token extracted: YES

2026-01-20 05:29:39:2939 [32minfo[39m: [32m[AuthMiddleware] Verifying token: eyJhbGciOi... with secret length: 52[39m

2026-01-20 05:29:39:2939 [33mwarn[39m: [33mPerformance metric[39m {&quot;method&quot;:&quot;POST&quot;,&quot;path&quot;:&quot;/api/ai-feedback&quot;,&quot;statusCode&quot;:400,&quot;responseTime&quot;:15,&quot;dbQueryCount&quot;:0,&quot;dbQueryTime&quot;:0,&quot;memoryDelta&quot;:{&quot;heapUsed&quot;:138224,&quot;external&quot;:930,&quot;rss&quot;:0},&quot;userId&quot;:&quot;ai-layers-user-1768904969021&quot;,&quot;organizationId&quot;:&quot;ai-layers-org-1768904969021&quot;,&quot;isSlow&quot;:false,&quot;isError&quot;:true}

            </system-out>
        </testcase>
        <testcase classname="tests/integration/aiLayersIntegration.test.js" name="AI Layers Integration &gt; AI Feedback (Fallback Value Learning) &gt; should get feedback stats" time="0.007216833">
            <system-out>
2026-01-20 05:29:39:2939 [35mhttp[39m: [35mGET /api/ai-feedback/stats[39m
2026-01-20 05:29:39:2939 [32minfo[39m: [32m[Index] Pre-Gateway: GET /api/ai-feedback/stats[39m
2026-01-20 05:29:39:2939 [37mdebug[39m: [37m[DemoMode] Middleware called: isDemoMode=false, hasUser=false, userOrgId=undefined[39m
[AuthMiddleware] Verifying token for path: /stats

[AuthMiddleware] Deps loaded
[AuthMiddleware] Token extracted: YES

2026-01-20 05:29:39:2939 [32minfo[39m: [32m[AuthMiddleware] Verifying token: eyJhbGciOi... with secret length: 52[39m

2026-01-20 05:29:39:2939 [33mwarn[39m: [33mPerformance metric[39m {&quot;method&quot;:&quot;GET&quot;,&quot;path&quot;:&quot;/api/ai-feedback/stats&quot;,&quot;statusCode&quot;:403,&quot;responseTime&quot;:3,&quot;dbQueryCount&quot;:0,&quot;dbQueryTime&quot;:0,&quot;memoryDelta&quot;:{&quot;heapUsed&quot;:132088,&quot;external&quot;:9137,&quot;rss&quot;:0},&quot;userId&quot;:&quot;ai-layers-user-1768904969021&quot;,&quot;organizationId&quot;:&quot;ai-layers-org-1768904969021&quot;,&quot;isSlow&quot;:false,&quot;isError&quot;:true}

            </system-out>
        </testcase>
    </testsuite>
    <testsuite name="tests/integration/aiPlaybookBranching.test.js" timestamp="2026-01-20T10:30:33.346Z" hostname="MacBook-Pro-Piotr.local" tests="6" failures="0" errors="0" skipped="0" time="0.005876">
        <testcase classname="tests/integration/aiPlaybookBranching.test.js" name="AI Playbook Branching Integration &gt; should execute playbook step with branch selection" time="0.002405333">
        </testcase>
        <testcase classname="tests/integration/aiPlaybookBranching.test.js" name="AI Playbook Branching Integration &gt; should return next steps based on AI decision" time="0.000481083">
        </testcase>
        <testcase classname="tests/integration/aiPlaybookBranching.test.js" name="AI Playbook Branching Integration &gt; should perform dry run without side effects" time="0.000366709">
        </testcase>
        <testcase classname="tests/integration/aiPlaybookBranching.test.js" name="AI Playbook Branching Integration &gt; should return multiple branch options" time="0.0002555">
        </testcase>
        <testcase classname="tests/integration/aiPlaybookBranching.test.js" name="AI Playbook Branching Integration &gt; should select safe step in guardrail mode" time="0.000278292">
        </testcase>
        <testcase classname="tests/integration/aiPlaybookBranching.test.js" name="AI Playbook Branching Integration &gt; should track execution history" time="0.000221917">
        </testcase>
    </testsuite>
    <testsuite name="tests/integration/api.test.ts" timestamp="2026-01-20T10:30:33.346Z" hostname="MacBook-Pro-Piotr.local" tests="2" failures="0" errors="0" skipped="0" time="2.307951">
        <testcase classname="tests/integration/api.test.ts" name="API Integration &gt; GET /ping should return 200 pong" time="0.075280791">
            <system-out>
Testing /ping...

Ping result: [33m200[39m pong

            </system-out>
        </testcase>
        <testcase classname="tests/integration/api.test.ts" name="API Integration &gt; GET /health should return 200 OK" time="0.126182875">
            <system-out>
Testing /api/health...

Health result: [33m200[39m

            </system-out>
        </testcase>
    </testsuite>
    <testsuite name="tests/integration/apiFullFlow.test.js" timestamp="2026-01-20T10:30:33.347Z" hostname="MacBook-Pro-Piotr.local" tests="4" failures="0" errors="0" skipped="0" time="1.16583">
        <testcase classname="tests/integration/apiFullFlow.test.js" name="API Full Flow Integration &gt; User Registration Flow &gt; should complete user registration flow" time="0.308494708">
            <system-out>
2026-01-20 05:30:07:307 [35mhttp[39m: [35mPOST /api/auth/register[39m

2026-01-20 05:30:07:307 [32minfo[39m: [32m[Index] Pre-Gateway: POST /api/auth/register[39m

2026-01-20 05:30:07:307 [33mwarn[39m: [33m[DB:Promise] Statement error[39m {&quot;error&quot;:&quot;SQLITE_ERROR: no such table: attribution_events&quot;,&quot;sql&quot;:&quot;INSERT INTO attribution_events (id, organization_id, user_id, source_type, source_id, campaign, part&quot;,&quot;params&quot;:[&quot;943e2f8e-ef92-4123-8786-6c7ca564c9a2&quot;,&quot;1a0f0df2-d854-4646-8a8e-ed6efca01f2e&quot;,&quot;a5a73273-87d7-4e7b-b612-6ba1a1ecbaed&quot;,&quot;SELF_SERVE&quot;,null,null,null,null,&quot;{\&quot;promoCode\&quot;:null,\&quot;accessCode\&quot;:null,\&quot;entryPoint\&quot;:\&quot;registration\&quot;}&quot;]}

2026-01-20 05:30:07:307 [32minfo[39m: [32m[AttributionService] Attribution recorded: SELF_SERVE for org 1a0f0df2-d854-4646-8a8e-ed6efca01f2e[39m

2026-01-20 05:30:07:307 [35mhttp[39m: [35mPOST /api/auth/login[39m

2026-01-20 05:30:07:307 [32minfo[39m: [32m[Index] Pre-Gateway: POST /api/auth/login[39m
2026-01-20 05:30:07:307 [32minfo[39m: [32m[Index] Login Request Body:[39m
2026-01-20 05:30:07:307 [32minfo[39m: [32m[Index] Login Request Headers:[39m

[AuthController] Login request received for email: fullflow-1768905006652@test.com
2026-01-20 05:30:07:307 [32minfo[39m: [32m[Auth] Login request received for email: fullflow-1768905006652@test.com[39m
2026-01-20 05:30:07:307 [32minfo[39m: [32m[Auth] Resetting rate limit...[39m

2026-01-20 05:30:07:307 [32minfo[39m: [32m[Auth] Rate limit reset done.[39m
2026-01-20 05:30:07:307 [32minfo[39m: [32m[Auth] Querying user from DB: fullflow-1768905006652@test.com[39m

2026-01-20 05:30:07:307 [32minfo[39m: [32m[Auth] DB Query Success. Found user: YES[39m

2026-01-20 05:30:07:307 [32minfo[39m: [32m[Auth] Verifying password...[39m
2026-01-20 05:30:07:307 [32minfo[39m: [32m[Auth] Password valid: true[39m

2026-01-20 05:30:07:307 [33mwarn[39m: [33mPerformance metric[39m {&quot;method&quot;:&quot;POST&quot;,&quot;path&quot;:&quot;/api/auth/login&quot;,&quot;statusCode&quot;:403,&quot;responseTime&quot;:94,&quot;dbQueryCount&quot;:0,&quot;dbQueryTime&quot;:0,&quot;memoryDelta&quot;:{&quot;heapUsed&quot;:539120,&quot;external&quot;:6001,&quot;rss&quot;:114688},&quot;userId&quot;:null,&quot;organizationId&quot;:null,&quot;isSlow&quot;:false,&quot;isError&quot;:true}

            </system-out>
        </testcase>
        <testcase classname="tests/integration/apiFullFlow.test.js" name="API Full Flow Integration &gt; Project Creation Flow &gt; should complete project creation flow" time="0.185080416">
            <system-out>
2026-01-20 05:30:07:307 [35mhttp[39m: [35mPOST /api/auth/login[39m

2026-01-20 05:30:07:307 [32minfo[39m: [32m[Index] Pre-Gateway: POST /api/auth/login[39m
2026-01-20 05:30:07:307 [32minfo[39m: [32m[Index] Login Request Body:[39m
2026-01-20 05:30:07:307 [32minfo[39m: [32m[Index] Login Request Headers:[39m

[AuthController] Login request received for email: projtest-1768905007808@test.com
2026-01-20 05:30:07:307 [32minfo[39m: [32m[Auth] Login request received for email: projtest-1768905007808@test.com[39m
2026-01-20 05:30:07:307 [32minfo[39m: [32m[Auth] Resetting rate limit...[39m

2026-01-20 05:30:07:307 [32minfo[39m: [32m[Auth] Rate limit reset done.[39m
2026-01-20 05:30:07:307 [32minfo[39m: [32m[Auth] Querying user from DB: projtest-1768905007808@test.com[39m

2026-01-20 05:30:07:307 [32minfo[39m: [32m[Auth] DB Query Success. Found user: NO[39m

2026-01-20 05:30:07:307 [32minfo[39m: [32m[Auth] User not found.[39m

2026-01-20 05:30:07:307 [33mwarn[39m: [33mPerformance metric[39m {&quot;method&quot;:&quot;POST&quot;,&quot;path&quot;:&quot;/api/auth/login&quot;,&quot;statusCode&quot;:401,&quot;responseTime&quot;:2,&quot;dbQueryCount&quot;:0,&quot;dbQueryTime&quot;:0,&quot;memoryDelta&quot;:{&quot;heapUsed&quot;:188504,&quot;external&quot;:1747,&quot;rss&quot;:32768},&quot;userId&quot;:null,&quot;organizationId&quot;:null,&quot;isSlow&quot;:false,&quot;isError&quot;:true}

            </system-out>
        </testcase>
        <testcase classname="tests/integration/apiFullFlow.test.js" name="API Full Flow Integration &gt; Assessment Flow &gt; should complete assessment flow" time="0.003887083">
        </testcase>
        <testcase classname="tests/integration/apiFullFlow.test.js" name="API Full Flow Integration &gt; Report Generation Flow &gt; should complete report generation flow" time="0.000701583">
        </testcase>
    </testsuite>
    <testsuite name="tests/integration/apiOptimization.test.ts" timestamp="2026-01-20T10:30:33.348Z" hostname="MacBook-Pro-Piotr.local" tests="5" failures="0" errors="0" skipped="0" time="0.288700041">
        <testcase classname="tests/integration/apiOptimization.test.ts" name="API Optimization Integration &gt; should use caching effectively" time="0.018614541">
        </testcase>
        <testcase classname="tests/integration/apiOptimization.test.ts" name="API Optimization Integration &gt; should batch requests" time="0.025541875">
        </testcase>
        <testcase classname="tests/integration/apiOptimization.test.ts" name="API Optimization Integration &gt; should paginate large datasets" time="0.002213792">
        </testcase>
        <testcase classname="tests/integration/apiOptimization.test.ts" name="API Optimization Integration &gt; should compress responses" time="0.005780917">
        </testcase>
        <testcase classname="tests/integration/apiOptimization.test.ts" name="API Optimization Integration &gt; should require authentication" time="0.001833583">
        </testcase>
    </testsuite>
    <testsuite name="tests/integration/apiResilience.test.js" timestamp="2026-01-20T10:30:33.349Z" hostname="MacBook-Pro-Piotr.local" tests="12" failures="0" errors="0" skipped="0" time="0.536982333">
        <testcase classname="tests/integration/apiResilience.test.js" name="API Resilience &amp; Recovery &gt; Health Check Resilience &gt; should always respond to health checks" time="0.03214575">
        </testcase>
        <testcase classname="tests/integration/apiResilience.test.js" name="API Resilience &amp; Recovery &gt; Health Check Resilience &gt; should handle health check during high load" time="0.089519542">
        </testcase>
        <testcase classname="tests/integration/apiResilience.test.js" name="API Resilience &amp; Recovery &gt; Request Validation Resilience &gt; should handle extremely large payloads" time="0.064691333">
        </testcase>
        <testcase classname="tests/integration/apiResilience.test.js" name="API Resilience &amp; Recovery &gt; Request Validation Resilience &gt; should handle special characters in input" time="0.002269334">
        </testcase>
        <testcase classname="tests/integration/apiResilience.test.js" name="API Resilience &amp; Recovery &gt; Request Validation Resilience &gt; should handle unicode and emoji characters" time="0.003699208">
        </testcase>
        <testcase classname="tests/integration/apiResilience.test.js" name="API Resilience &amp; Recovery &gt; Concurrent Request Handling &gt; should handle multiple concurrent requests" time="0.013829875">
        </testcase>
        <testcase classname="tests/integration/apiResilience.test.js" name="API Resilience &amp; Recovery &gt; Concurrent Request Handling &gt; should handle concurrent write operations" time="0.026580958">
        </testcase>
        <testcase classname="tests/integration/apiResilience.test.js" name="API Resilience &amp; Recovery &gt; Error Recovery &gt; should recover after handling an error" time="0.023186667">
        </testcase>
        <testcase classname="tests/integration/apiResilience.test.js" name="API Resilience &amp; Recovery &gt; Error Recovery &gt; should handle rapid error recovery" time="0.013104792">
        </testcase>
        <testcase classname="tests/integration/apiResilience.test.js" name="API Resilience &amp; Recovery &gt; Input Sanitization &gt; should sanitize SQL injection attempts" time="0.004738584">
        </testcase>
        <testcase classname="tests/integration/apiResilience.test.js" name="API Resilience &amp; Recovery &gt; Input Sanitization &gt; should sanitize XSS attempts" time="0.008704958">
        </testcase>
        <testcase classname="tests/integration/apiResilience.test.js" name="API Resilience &amp; Recovery &gt; Input Sanitization &gt; should allow valid input" time="0.001406625">
        </testcase>
    </testsuite>
    <testsuite name="tests/integration/assessmentOverview.integration.test.js" timestamp="2026-01-20T10:30:33.350Z" hostname="MacBook-Pro-Piotr.local" tests="5" failures="0" errors="0" skipped="0" time="0.006374417">
        <testcase classname="tests/integration/assessmentOverview.integration.test.js" name="Assessment Overview API &gt; GET /api/sessions/:projectId/assessment-overview &gt; should return consolidated assessment data" time="0.002977666">
        </testcase>
        <testcase classname="tests/integration/assessmentOverview.integration.test.js" name="Assessment Overview API &gt; GET /api/sessions/:projectId/assessment-overview &gt; should include DRD summary if exists" time="0.000486833">
        </testcase>
        <testcase classname="tests/integration/assessmentOverview.integration.test.js" name="Assessment Overview API &gt; GET /api/sessions/:projectId/assessment-overview &gt; should return null DRD summary when not available" time="0.000271209">
        </testcase>
        <testcase classname="tests/integration/assessmentOverview.integration.test.js" name="Assessment Overview API &gt; GET /api/sessions/:projectId/assessment-overview &gt; should handle non-existent project gracefully" time="0.00029025">
        </testcase>
        <testcase classname="tests/integration/assessmentOverview.integration.test.js" name="Assessment Overview API &gt; GET /api/sessions/:projectId/assessment-overview &gt; should calculate average score correctly" time="0.000218625">
        </testcase>
    </testsuite>
    <testsuite name="tests/integration/auth.test.js" timestamp="2026-01-20T10:30:33.351Z" hostname="MacBook-Pro-Piotr.local" tests="6" failures="0" errors="0" skipped="0" time="1.787245042">
        <testcase classname="tests/integration/auth.test.js" name="Auth Integration &gt; Login &gt; should login with valid credentials" time="0.309571125">
            <system-out>
2026-01-20 05:29:58:2958 [35mhttp[39m: [35mPOST /api/auth/login[39m

2026-01-20 05:29:58:2958 [32minfo[39m: [32m[Index] Pre-Gateway: POST /api/auth/login[39m
2026-01-20 05:29:58:2958 [32minfo[39m: [32m[Index] Login Request Body:[39m
2026-01-20 05:29:58:2958 [32minfo[39m: [32m[Index] Login Request Headers:[39m

[AuthController] Login request received for email: auth-int-1768904997975@test.com
2026-01-20 05:29:58:2958 [32minfo[39m: [32m[Auth] Login request received for email: auth-int-1768904997975@test.com[39m
2026-01-20 05:29:58:2958 [32minfo[39m: [32m[Auth] Resetting rate limit...[39m

2026-01-20 05:29:58:2958 [32minfo[39m: [32m[Auth] Rate limit reset done.[39m
2026-01-20 05:29:58:2958 [32minfo[39m: [32m[Auth] Querying user from DB: auth-int-1768904997975@test.com[39m

2026-01-20 05:29:58:2958 [32minfo[39m: [32m[Auth] DB Query Success. Found user: YES[39m

2026-01-20 05:29:58:2958 [32minfo[39m: [32m[Auth] Verifying password...[39m
2026-01-20 05:29:59:2959 [32minfo[39m: [32m[Auth] Password valid: true[39m

[AuthController] Sending response: {&quot;user&quot;:{&quot;id&quot;:&quot;942596e2-d6c5-40cf-bbcd-9087d22bfcb0&quot;,&quot;email&quot;:&quot;auth-int-1768904997975@test.com&quot;,&quot;firstName&quot;:null,&quot;lastName&quot;:null,&quot;role&quot;:&quot;ADMIN&quot;,&quot;status&quot;:&quot;active&quot;,&quot;organizationId&quot;:&quot;143ed9d8-af45-4515-9539-5b9ad8c19b16&quot;,&quot;companyName&quot;:&quot;Auth Test Org&quot;,&quot;mfaEnabled&quot;:false,&quot;isAuthenticated&quot;:true,&quot;accessLevel&quot;:&quot;free&quot;},&quot;token&quot;:&quot;eyJhbGciOiJIUzI1NiIsInR5cCI6IkpXVCJ9.eyJpZCI6Ijk0MjU5NmUyLWQ2YzUtNDBjZi1iYmNkLTkwODdkMjJiZmNiMCIsImVtYWlsIjoiYXV0aC1pbnQtMTc2ODkwNDk5Nzk3NUB0ZXN0LmNvbSIsInJvbGUiOiJBRE1JTiIsIm9yZ2FuaXphdGlvbklkIjoiMTQzZWQ5ZDgtYWY0NS00NTE1LTk1MzktNWI5YWQ4YzE5YjE2IiwiaXNTdXBlckFkbWluIjpmYWxzZSwianRpIjoiMmQ0MjA1OGItMTk5NS00OWFjLTlmNzUtNDgzYWNlMTA2YTFmIiwiaWF0IjoxNzY4OTA0OTk5LCJleHAiOjE4MDA0NDA5OTl9.jKhKhDZWBp-ZE9SZdyPbFRL1XDA7tsWybAu73mLn8tc&quot;}
[AuthController] Sending response with res.send

            </system-out>
        </testcase>
        <testcase classname="tests/integration/auth.test.js" name="Auth Integration &gt; Login &gt; should reject invalid credentials" time="0.317168166">
            <system-out>
2026-01-20 05:29:59:2959 [35mhttp[39m: [35mPOST /api/auth/login[39m

2026-01-20 05:29:59:2959 [32minfo[39m: [32m[Index] Pre-Gateway: POST /api/auth/login[39m
2026-01-20 05:29:59:2959 [32minfo[39m: [32m[Index] Login Request Body:[39m
2026-01-20 05:29:59:2959 [32minfo[39m: [32m[Index] Login Request Headers:[39m

[AuthController] Login request received for email: auth-int-1768904997975@test.com
2026-01-20 05:29:59:2959 [32minfo[39m: [32m[Auth] Login request received for email: auth-int-1768904997975@test.com[39m
2026-01-20 05:29:59:2959 [32minfo[39m: [32m[Auth] Resetting rate limit...[39m

2026-01-20 05:29:59:2959 [32minfo[39m: [32m[Auth] Rate limit reset done.[39m
2026-01-20 05:29:59:2959 [32minfo[39m: [32m[Auth] Querying user from DB: auth-int-1768904997975@test.com[39m

2026-01-20 05:29:59:2959 [32minfo[39m: [32m[Auth] DB Query Success. Found user: YES[39m

2026-01-20 05:29:59:2959 [32minfo[39m: [32m[Auth] Verifying password...[39m
2026-01-20 05:29:59:2959 [32minfo[39m: [32m[Auth] Password valid: false[39m

2026-01-20 05:29:59:2959 [33mwarn[39m: [33mPerformance metric[39m {&quot;method&quot;:&quot;POST&quot;,&quot;path&quot;:&quot;/api/auth/login&quot;,&quot;statusCode&quot;:401,&quot;responseTime&quot;:302,&quot;dbQueryCount&quot;:0,&quot;dbQueryTime&quot;:0,&quot;memoryDelta&quot;:{&quot;heapUsed&quot;:526648,&quot;external&quot;:6013,&quot;rss&quot;:114688},&quot;userId&quot;:null,&quot;organizationId&quot;:null,&quot;isSlow&quot;:false,&quot;isError&quot;:true}

2026-01-20 05:29:59:2959 [32minfo[39m: [32m[DB Config] DATABASE_URL: NOT SET[39m
2026-01-20 05:29:59:2959 [32minfo[39m: [32m[DB Config] DB_TYPE: sqlite[39m
2026-01-20 05:29:59:2959 [32minfo[39m: [32m[DB Config] Using SQLite (DB_TYPE=sqlite)[39m
[DB Config] Loading config. SQLITE_PATH env: ./test-integration-46.db
[DB Config] Resolved sqlitePath: ./test-integration-46.db

            </system-out>
        </testcase>
        <testcase classname="tests/integration/auth.test.js" name="Auth Integration &gt; Registration &gt; should register new user" time="0.208782125">
            <system-out>
2026-01-20 05:29:59:2959 [35mhttp[39m: [35mPOST /api/auth/register[39m

2026-01-20 05:29:59:2959 [32minfo[39m: [32m[Index] Pre-Gateway: POST /api/auth/register[39m

2026-01-20 05:29:59:2959 [32minfo[39m: [32m[2026-01-20T10:29:59.464Z] [INFO] [AI:CircuitBreaker] LLM circuit breakers initialized[39m

2026-01-20 05:29:59:2959 [33mwarn[39m: [33m[DB:Promise] Statement error[39m {&quot;error&quot;:&quot;SQLITE_ERROR: no such table: attribution_events&quot;,&quot;sql&quot;:&quot;INSERT INTO attribution_events (id, organization_id, user_id, source_type, source_id, campaign, part&quot;,&quot;params&quot;:[&quot;a92f2ef4-264c-414f-a90a-a0e69ddd34f1&quot;,&quot;015eb850-a33f-4ab7-9134-84dcc36e8282&quot;,&quot;cc3677a3-37be-41b2-8528-57d525cbe5e8&quot;,&quot;SELF_SERVE&quot;,null,null,null,null,&quot;{\&quot;promoCode\&quot;:null,\&quot;accessCode\&quot;:null,\&quot;entryPoint\&quot;:\&quot;registration\&quot;}&quot;]}

2026-01-20 05:29:59:2959 [32minfo[39m: [32m[AttributionService] Attribution recorded: SELF_SERVE for org 015eb850-a33f-4ab7-9134-84dcc36e8282[39m

            </system-out>
        </testcase>
        <testcase classname="tests/integration/auth.test.js" name="Auth Integration &gt; Registration &gt; should reject duplicate email" time="0.031713375">
            <system-out>
2026-01-20 05:29:59:2959 [35mhttp[39m: [35mPOST /api/auth/register[39m

2026-01-20 05:29:59:2959 [32minfo[39m: [32m[Index] Pre-Gateway: POST /api/auth/register[39m

2026-01-20 05:29:59:2959 [33mwarn[39m: [33mPerformance metric[39m {&quot;method&quot;:&quot;POST&quot;,&quot;path&quot;:&quot;/api/auth/register&quot;,&quot;statusCode&quot;:400,&quot;responseTime&quot;:18,&quot;dbQueryCount&quot;:0,&quot;dbQueryTime&quot;:0,&quot;memoryDelta&quot;:{&quot;heapUsed&quot;:1564608,&quot;external&quot;:431,&quot;rss&quot;:212992},&quot;userId&quot;:null,&quot;organizationId&quot;:null,&quot;isSlow&quot;:false,&quot;isError&quot;:true}

            </system-out>
        </testcase>
        <testcase classname="tests/integration/auth.test.js" name="Auth Integration &gt; Token Management &gt; should refresh token" time="0.01611575">
            <system-out>
2026-01-20 05:29:59:2959 [35mhttp[39m: [35mPOST /api/auth/refresh[39m
2026-01-20 05:29:59:2959 [32minfo[39m: [32m[Index] Pre-Gateway: POST /api/auth/refresh[39m

            </system-out>
        </testcase>
        <testcase classname="tests/integration/auth.test.js" name="Auth Integration &gt; Token Management &gt; should revoke token on logout" time="0.053226459">
            <system-out>
2026-01-20 05:29:59:2959 [35mhttp[39m: [35mPOST /api/auth/logout[39m
2026-01-20 05:29:59:2959 [32minfo[39m: [32m[Index] Pre-Gateway: POST /api/auth/logout[39m
[AuthMiddleware] Verifying token for path: /logout

[AuthMiddleware] Deps loaded
[AuthMiddleware] Token extracted: YES

2026-01-20 05:29:59:2959 [32minfo[39m: [32m[AuthMiddleware] Verifying token: eyJhbGciOi... with secret length: 52[39m

            </system-out>
        </testcase>
    </testsuite>
    <testsuite name="tests/integration/auth.test.ts" timestamp="2026-01-20T10:30:33.352Z" hostname="MacBook-Pro-Piotr.local" tests="7" failures="0" errors="0" skipped="0" time="1.23877925">
        <testcase classname="tests/integration/auth.test.ts" name="Auth Integration &gt; Login Flow &gt; should login successfully with valid credentials" time="0.108335334">
            <system-out>
2026-01-20 05:30:06:306 [35mhttp[39m: [35mPOST /api/auth/login[39m

2026-01-20 05:30:06:306 [32minfo[39m: [32m[Index] Pre-Gateway: POST /api/auth/login[39m
2026-01-20 05:30:06:306 [32minfo[39m: [32m[Index] Login Request Body:[39m
2026-01-20 05:30:06:306 [32minfo[39m: [32m[Index] Login Request Headers:[39m

[AuthController] Login request received for email: test-804d1213-b18e-4c1f-9885-67dfd6c1f7b9@example.com
2026-01-20 05:30:06:306 [32minfo[39m: [32m[Auth] Login request received for email: test-804d1213-b18e-4c1f-9885-67dfd6c1f7b9@example.com[39m
2026-01-20 05:30:06:306 [32minfo[39m: [32m[Auth] Resetting rate limit...[39m

2026-01-20 05:30:06:306 [32minfo[39m: [32m[Auth] Rate limit reset done.[39m
2026-01-20 05:30:06:306 [32minfo[39m: [32m[Auth] Querying user from DB: test-804d1213-b18e-4c1f-9885-67dfd6c1f7b9@example.com[39m

2026-01-20 05:30:06:306 [32minfo[39m: [32m[Auth] DB Query Success. Found user: YES[39m

2026-01-20 05:30:06:306 [32minfo[39m: [32m[Auth] Verifying password...[39m
2026-01-20 05:30:06:306 [32minfo[39m: [32m[Auth] Password valid: true[39m

[AuthController] Sending response: {&quot;user&quot;:{&quot;id&quot;:&quot;804d1213-b18e-4c1f-9885-67dfd6c1f7b9&quot;,&quot;email&quot;:&quot;test-804d1213-b18e-4c1f-9885-67dfd6c1f7b9@example.com&quot;,&quot;firstName&quot;:&quot;TestUser&quot;,&quot;lastName&quot;:null,&quot;role&quot;:&quot;ADMIN&quot;,&quot;status&quot;:&quot;active&quot;,&quot;organizationId&quot;:&quot;8b842d8f-910b-47a0-a95b-d558ac2b1029&quot;,&quot;companyName&quot;:&quot;Test Org 8b842d8f-910b-47a0-a95b-d558ac2b1029&quot;,&quot;mfaEnabled&quot;:false,&quot;isAuthenticated&quot;:true,&quot;accessLevel&quot;:&quot;free&quot;},&quot;token&quot;:&quot;eyJhbGciOiJIUzI1NiIsInR5cCI6IkpXVCJ9.eyJpZCI6IjgwNGQxMjEzLWIxOGUtNGMxZi05ODg1LTY3ZGZkNmMxZjdiOSIsImVtYWlsIjoidGVzdC04MDRkMTIxMy1iMThlLTRjMWYtOTg4NS02N2RmZDZjMWY3YjlAZXhhbXBsZS5jb20iLCJyb2xlIjoiQURNSU4iLCJvcmdhbml6YXRpb25JZCI6IjhiODQyZDhmLTkxMGItNDdhMC1hOTViLWQ1NThhYzJiMTAyOSIsImlzU3VwZXJBZG1pbiI6ZmFsc2UsImp0aSI6Ijc2NTMzYjUwLWY5YWItNGE2ZC05OWUzLTM0ZWFiZmZkZTg2NiIsImlhdCI6MTc2ODkwNTAwNiwiZXhwIjoxODAwNDQxMDA2fQ.NA8-vE5jfpM2sxwy1aP5veLKspPOQzDbfI79QFeoWn8&quot;}
[AuthController] Sending response with res.send

            </system-out>
        </testcase>
        <testcase classname="tests/integration/auth.test.ts" name="Auth Integration &gt; Login Flow &gt; should fail with invalid credentials" time="0.0536465">
            <system-out>
2026-01-20 05:30:06:306 [35mhttp[39m: [35mPOST /api/auth/login[39m

2026-01-20 05:30:06:306 [32minfo[39m: [32m[Index] Pre-Gateway: POST /api/auth/login[39m
2026-01-20 05:30:06:306 [32minfo[39m: [32m[Index] Login Request Body:[39m
2026-01-20 05:30:06:306 [32minfo[39m: [32m[Index] Login Request Headers:[39m

[AuthController] Login request received for email: test-804d1213-b18e-4c1f-9885-67dfd6c1f7b9@example.com
2026-01-20 05:30:06:306 [32minfo[39m: [32m[Auth] Login request received for email: test-804d1213-b18e-4c1f-9885-67dfd6c1f7b9@example.com[39m
2026-01-20 05:30:06:306 [32minfo[39m: [32m[Auth] Resetting rate limit...[39m

2026-01-20 05:30:06:306 [32minfo[39m: [32m[Auth] Rate limit reset done.[39m
2026-01-20 05:30:06:306 [32minfo[39m: [32m[Auth] Querying user from DB: test-804d1213-b18e-4c1f-9885-67dfd6c1f7b9@example.com[39m

2026-01-20 05:30:06:306 [32minfo[39m: [32m[Auth] DB Query Success. Found user: YES[39m

2026-01-20 05:30:06:306 [32minfo[39m: [32m[Auth] Verifying password...[39m
2026-01-20 05:30:06:306 [32minfo[39m: [32m[Auth] Password valid: false[39m

2026-01-20 05:30:06:306 [33mwarn[39m: [33mPerformance metric[39m {&quot;method&quot;:&quot;POST&quot;,&quot;path&quot;:&quot;/api/auth/login&quot;,&quot;statusCode&quot;:401,&quot;responseTime&quot;:49,&quot;dbQueryCount&quot;:0,&quot;dbQueryTime&quot;:0,&quot;memoryDelta&quot;:{&quot;heapUsed&quot;:420424,&quot;external&quot;:6068,&quot;rss&quot;:98304},&quot;userId&quot;:null,&quot;organizationId&quot;:null,&quot;isSlow&quot;:false,&quot;isError&quot;:true}

            </system-out>
        </testcase>
        <testcase classname="tests/integration/auth.test.ts" name="Auth Integration &gt; Login Flow &gt; should require email and password" time="0.006690542">
            <system-out>
2026-01-20 05:30:06:306 [35mhttp[39m: [35mPOST /api/auth/login[39m

2026-01-20 05:30:06:306 [32minfo[39m: [32m[Index] Pre-Gateway: POST /api/auth/login[39m
2026-01-20 05:30:06:306 [32minfo[39m: [32m[Index] Login Request Body:[39m
2026-01-20 05:30:06:306 [32minfo[39m: [32m[Index] Login Request Headers:[39m
[ValidationMiddleware] Validation failed for POST /login: [
  {
    &quot;field&quot;: &quot;password&quot;,
    &quot;message&quot;: &quot;Invalid input: expected string, received undefined&quot;,
    &quot;code&quot;: &quot;invalid_type&quot;
  }
]

2026-01-20 05:30:06:306 [33mwarn[39m: [33mPerformance metric[39m {&quot;method&quot;:&quot;POST&quot;,&quot;path&quot;:&quot;/api/auth/login&quot;,&quot;statusCode&quot;:400,&quot;responseTime&quot;:4,&quot;dbQueryCount&quot;:0,&quot;dbQueryTime&quot;:0,&quot;memoryDelta&quot;:{&quot;heapUsed&quot;:-287232,&quot;external&quot;:774,&quot;rss&quot;:114688},&quot;userId&quot;:null,&quot;organizationId&quot;:null,&quot;isSlow&quot;:false,&quot;isError&quot;:true}

            </system-out>
        </testcase>
        <testcase classname="tests/integration/auth.test.ts" name="Auth Integration &gt; Token Validation via /me &gt; should validate token and return user profile" time="0.073258041">
            <system-out>
2026-01-20 05:30:06:306 [35mhttp[39m: [35mGET /api/auth/me[39m
2026-01-20 05:30:06:306 [32minfo[39m: [32m[Index] Pre-Gateway: GET /api/auth/me[39m
[AuthMiddleware] Verifying token for path: /me

[AuthMiddleware] Deps loaded
[AuthMiddleware] Token extracted: YES

2026-01-20 05:30:06:306 [32minfo[39m: [32m[AuthMiddleware] Verifying token: eyJhbGciOi... with secret length: 52[39m

            </system-out>
        </testcase>
        <testcase classname="tests/integration/auth.test.ts" name="Auth Integration &gt; Token Validation via /me &gt; should reject invalid token" time="0.003390666">
            <system-out>
2026-01-20 05:30:06:306 [35mhttp[39m: [35mGET /api/auth/me[39m
2026-01-20 05:30:06:306 [32minfo[39m: [32m[Index] Pre-Gateway: GET /api/auth/me[39m
[AuthMiddleware] Verifying token for path: /me

[AuthMiddleware] Deps loaded
[AuthMiddleware] Token extracted: YES

2026-01-20 05:30:06:306 [32minfo[39m: [32m[AuthMiddleware] Verifying token: invalid-to... with secret length: 52[39m

2026-01-20 05:30:06:306 [31merror[39m: [31m[AuthMiddleware] Verification failed:[39m

2026-01-20 05:30:06:306 [33mwarn[39m: [33mPerformance metric[39m {&quot;method&quot;:&quot;GET&quot;,&quot;path&quot;:&quot;/api/auth/me&quot;,&quot;statusCode&quot;:401,&quot;responseTime&quot;:2,&quot;dbQueryCount&quot;:0,&quot;dbQueryTime&quot;:0,&quot;memoryDelta&quot;:{&quot;heapUsed&quot;:470784,&quot;external&quot;:1000,&quot;rss&quot;:32768},&quot;userId&quot;:null,&quot;organizationId&quot;:null,&quot;isSlow&quot;:false,&quot;isError&quot;:true}

            </system-out>
        </testcase>
        <testcase classname="tests/integration/auth.test.ts" name="Auth Integration &gt; Token Validation via /me &gt; should reject request without token" time="0.005519042">
            <system-out>
2026-01-20 05:30:06:306 [35mhttp[39m: [35mGET /api/auth/me[39m
2026-01-20 05:30:06:306 [32minfo[39m: [32m[Index] Pre-Gateway: GET /api/auth/me[39m
[AuthMiddleware] Verifying token for path: /me

[AuthMiddleware] Deps loaded
[AuthMiddleware] Token extracted: NO

2026-01-20 05:30:06:306 [33mwarn[39m: [33mPerformance metric[39m {&quot;method&quot;:&quot;GET&quot;,&quot;path&quot;:&quot;/api/auth/me&quot;,&quot;statusCode&quot;:401,&quot;responseTime&quot;:1,&quot;dbQueryCount&quot;:0,&quot;dbQueryTime&quot;:0,&quot;memoryDelta&quot;:{&quot;heapUsed&quot;:63448,&quot;external&quot;:529,&quot;rss&quot;:16384},&quot;userId&quot;:null,&quot;organizationId&quot;:null,&quot;isSlow&quot;:false,&quot;isError&quot;:true}

            </system-out>
        </testcase>
        <testcase classname="tests/integration/auth.test.ts" name="Auth Integration &gt; Multi-Tenant Isolation &gt; should return correct organizationId based on token" time="0.038849584">
            <system-out>
2026-01-20 05:30:06:306 [35mhttp[39m: [35mGET /api/auth/me[39m
2026-01-20 05:30:06:306 [32minfo[39m: [32m[Index] Pre-Gateway: GET /api/auth/me[39m
[AuthMiddleware] Verifying token for path: /me

[AuthMiddleware] Deps loaded
[AuthMiddleware] Token extracted: YES

2026-01-20 05:30:06:306 [32minfo[39m: [32m[AuthMiddleware] Verifying token: eyJhbGciOi... with secret length: 52[39m

2026-01-20 05:30:06:306 [35mhttp[39m: [35mGET /api/auth/me[39m
2026-01-20 05:30:06:306 [32minfo[39m: [32m[Index] Pre-Gateway: GET /api/auth/me[39m
[AuthMiddleware] Verifying token for path: /me

[AuthMiddleware] Deps loaded
[AuthMiddleware] Token extracted: YES

2026-01-20 05:30:06:306 [32minfo[39m: [32m[AuthMiddleware] Verifying token: eyJhbGciOi... with secret length: 52[39m

            </system-out>
        </testcase>
    </testsuite>
    <testsuite name="tests/integration/criticalEndpoints.test.js" timestamp="2026-01-20T10:30:33.354Z" hostname="MacBook-Pro-Piotr.local" tests="12" failures="0" errors="0" skipped="0" time="0.425656125">
        <testcase classname="tests/integration/criticalEndpoints.test.js" name="Critical API Endpoints &gt; Health Check Endpoint &gt; should return healthy status" time="0.087371542">
        </testcase>
        <testcase classname="tests/integration/criticalEndpoints.test.js" name="Critical API Endpoints &gt; Health Check Endpoint &gt; should include latency information" time="0.003095417">
        </testcase>
        <testcase classname="tests/integration/criticalEndpoints.test.js" name="Critical API Endpoints &gt; Authentication Endpoints &gt; should handle login requests" time="0.024141667">
        </testcase>
        <testcase classname="tests/integration/criticalEndpoints.test.js" name="Critical API Endpoints &gt; Authentication Endpoints &gt; should reject invalid login credentials" time="0.014279542">
        </testcase>
        <testcase classname="tests/integration/criticalEndpoints.test.js" name="Critical API Endpoints &gt; Authentication Endpoints &gt; should handle registration requests" time="0.002195958">
        </testcase>
        <testcase classname="tests/integration/criticalEndpoints.test.js" name="Critical API Endpoints &gt; Project Endpoints &gt; should handle project creation requests" time="0.003920292">
        </testcase>
        <testcase classname="tests/integration/criticalEndpoints.test.js" name="Critical API Endpoints &gt; Project Endpoints &gt; should handle project listing requests" time="0.005141083">
        </testcase>
        <testcase classname="tests/integration/criticalEndpoints.test.js" name="Critical API Endpoints &gt; Project Endpoints &gt; should require auth for projects" time="0.006215125">
        </testcase>
        <testcase classname="tests/integration/criticalEndpoints.test.js" name="Critical API Endpoints &gt; User Endpoints &gt; should handle user profile requests" time="0.005840042">
        </testcase>
        <testcase classname="tests/integration/criticalEndpoints.test.js" name="Critical API Endpoints &gt; AI Endpoints &gt; should handle AI health check" time="0.003140875">
        </testcase>
        <testcase classname="tests/integration/criticalEndpoints.test.js" name="Critical API Endpoints &gt; Performance of Critical Endpoints &gt; should respond to health checks quickly" time="0.0032865">
        </testcase>
        <testcase classname="tests/integration/criticalEndpoints.test.js" name="Critical API Endpoints &gt; Performance of Critical Endpoints &gt; should handle concurrent health checks" time="0.005980083">
        </testcase>
    </testsuite>
    <testsuite name="tests/integration/database.integration.test.ts" timestamp="2026-01-20T10:30:33.355Z" hostname="MacBook-Pro-Piotr.local" tests="2" failures="0" errors="0" skipped="0" time="0.066575667">
        <testcase classname="tests/integration/database.integration.test.ts" name="Integration Test: Database Constraints &amp; Triggers &gt; should enforce foreign key constraints" time="0.004028333">
        </testcase>
        <testcase classname="tests/integration/database.integration.test.ts" name="Integration Test: Database Constraints &amp; Triggers &gt; should handle concurrent updates with transactions" time="0.000594875">
        </testcase>
    </testsuite>
    <testsuite name="tests/integration/databaseHealth.test.js" timestamp="2026-01-20T10:30:33.356Z" hostname="MacBook-Pro-Piotr.local" tests="7" failures="0" errors="0" skipped="0" time="5.847391292">
        <testcase classname="tests/integration/databaseHealth.test.js" name="Database Health Integration &gt; GET /api/health/database &gt; should return database health status" time="0.0726995">
        </testcase>
        <testcase classname="tests/integration/databaseHealth.test.js" name="Database Health Integration &gt; GET /api/health/database &gt; should include pool statistics when healthy" time="0.006778208">
        </testcase>
        <testcase classname="tests/integration/databaseHealth.test.js" name="Database Health Integration &gt; GET /api/health/connections &gt; should return connection pool status" time="0.004343625">
        </testcase>
        <testcase classname="tests/integration/databaseHealth.test.js" name="Database Health Integration &gt; GET /api/health/connections &gt; should include utilization data when available" time="0.019546791">
        </testcase>
        <testcase classname="tests/integration/databaseHealth.test.js" name="Database Health Integration &gt; GET /api/health &gt; should return basic health check" time="0.031862833">
        </testcase>
        <testcase classname="tests/integration/databaseHealth.test.js" name="Database Health Integration &gt; GET /api/health/ready &gt; should return readiness status" time="0.018464583">
        </testcase>
        <testcase classname="tests/integration/databaseHealth.test.js" name="Database Health Integration &gt; GET /api/health/live &gt; should return liveness status" time="0.002191209">
        </testcase>
    </testsuite>
    <testsuite name="tests/integration/errorHandling.test.js" timestamp="2026-01-20T10:30:33.356Z" hostname="MacBook-Pro-Piotr.local" tests="17" failures="0" errors="0" skipped="0" time="2.636972667">
        <testcase classname="tests/integration/errorHandling.test.js" name="Error Handling &amp; Resilience &gt; API Error Responses &gt; should return 404 for non-existent routes" time="0.095776875">
            <system-out>
2026-01-20 05:29:52:2952 [35mhttp[39m: [35mGET /api/nonexistent/route[39m
2026-01-20 05:29:52:2952 [32minfo[39m: [32m[Index] Pre-Gateway: GET /api/nonexistent/route[39m

2026-01-20 05:29:52:2952 [33mwarn[39m: [33mPerformance metric[39m {&quot;method&quot;:&quot;GET&quot;,&quot;path&quot;:&quot;/api/nonexistent/route&quot;,&quot;statusCode&quot;:404,&quot;responseTime&quot;:7,&quot;dbQueryCount&quot;:0,&quot;dbQueryTime&quot;:0,&quot;memoryDelta&quot;:{&quot;heapUsed&quot;:230784,&quot;external&quot;:349,&quot;rss&quot;:622592},&quot;userId&quot;:null,&quot;organizationId&quot;:null,&quot;isSlow&quot;:false,&quot;isError&quot;:true}

            </system-out>
        </testcase>
        <testcase classname="tests/integration/errorHandling.test.js" name="Error Handling &amp; Resilience &gt; API Error Responses &gt; should return 400 for invalid request body" time="0.039067916">
            <system-out>
2026-01-20 05:29:52:2952 [35mhttp[39m: [35mPOST /api/projects[39m
2026-01-20 05:29:52:2952 [32minfo[39m: [32m[Index] Pre-Gateway: POST /api/projects[39m
2026-01-20 05:29:52:2952 [33mwarn[39m: [33m[ErrorHandler] Error: Invalid Input Invalid Input[39m {&quot;errorName&quot;:&quot;Error&quot;,&quot;statusCode&quot;:400,&quot;path&quot;:&quot;/api/projects&quot;,&quot;method&quot;:&quot;POST&quot;,&quot;code&quot;:&quot;BAD_REQUEST&quot;}

2026-01-20 05:29:52:2952 [33mwarn[39m: [33mPerformance metric[39m {&quot;method&quot;:&quot;POST&quot;,&quot;path&quot;:&quot;/api/projects&quot;,&quot;statusCode&quot;:400,&quot;responseTime&quot;:2,&quot;dbQueryCount&quot;:0,&quot;dbQueryTime&quot;:0,&quot;memoryDelta&quot;:{&quot;heapUsed&quot;:207408,&quot;external&quot;:493,&quot;rss&quot;:180224},&quot;userId&quot;:null,&quot;organizationId&quot;:null,&quot;isSlow&quot;:false,&quot;isError&quot;:true}

            </system-out>
        </testcase>
        <testcase classname="tests/integration/errorHandling.test.js" name="Error Handling &amp; Resilience &gt; API Error Responses &gt; should return 401 for unauthenticated requests" time="0.015851125">
            <system-out>
2026-01-20 05:29:52:2952 [35mhttp[39m: [35mGET /api/users/me[39m
2026-01-20 05:29:52:2952 [32minfo[39m: [32m[Index] Pre-Gateway: GET /api/users/me[39m
2026-01-20 05:29:52:2952 [33mwarn[39m: [33m[ErrorHandler] Error: Unauthorized Unauthorized[39m {&quot;errorName&quot;:&quot;Error&quot;,&quot;statusCode&quot;:401,&quot;path&quot;:&quot;/api/users/me&quot;,&quot;method&quot;:&quot;GET&quot;}

2026-01-20 05:29:52:2952 [33mwarn[39m: [33mPerformance metric[39m {&quot;method&quot;:&quot;GET&quot;,&quot;path&quot;:&quot;/api/users/me&quot;,&quot;statusCode&quot;:401,&quot;responseTime&quot;:10,&quot;dbQueryCount&quot;:0,&quot;dbQueryTime&quot;:0,&quot;memoryDelta&quot;:{&quot;heapUsed&quot;:427368,&quot;external&quot;:467,&quot;rss&quot;:147456},&quot;userId&quot;:null,&quot;organizationId&quot;:null,&quot;isSlow&quot;:false,&quot;isError&quot;:true}

            </system-out>
        </testcase>
        <testcase classname="tests/integration/errorHandling.test.js" name="Error Handling &amp; Resilience &gt; API Error Responses &gt; should handle malformed JSON gracefully" time="0.003360625">
            <system-out>
2026-01-20 05:29:52:2952 [33mwarn[39m: [33m[ErrorHandler] SyntaxError: Unexpected token &apos;i&apos;, &quot;invalid json{&quot; is not valid JSON Unexpected token &apos;i&apos;, &quot;invalid json{&quot; is not valid JSON[39m {&quot;errorName&quot;:&quot;SyntaxError&quot;,&quot;statusCode&quot;:400,&quot;path&quot;:&quot;/api/projects&quot;,&quot;method&quot;:&quot;POST&quot;}

            </system-out>
        </testcase>
        <testcase classname="tests/integration/errorHandling.test.js" name="Error Handling &amp; Resilience &gt; API Error Responses &gt; should handle missing required fields" time="0.006028333">
            <system-out>
2026-01-20 05:29:52:2952 [35mhttp[39m: [35mPOST /api/projects[39m
2026-01-20 05:29:52:2952 [32minfo[39m: [32m[Index] Pre-Gateway: POST /api/projects[39m
2026-01-20 05:29:52:2952 [33mwarn[39m: [33m[ErrorHandler] Error: Invalid Input Invalid Input[39m {&quot;errorName&quot;:&quot;Error&quot;,&quot;statusCode&quot;:400,&quot;path&quot;:&quot;/api/projects&quot;,&quot;method&quot;:&quot;POST&quot;,&quot;code&quot;:&quot;BAD_REQUEST&quot;}

2026-01-20 05:29:52:2952 [33mwarn[39m: [33mPerformance metric[39m {&quot;method&quot;:&quot;POST&quot;,&quot;path&quot;:&quot;/api/projects&quot;,&quot;statusCode&quot;:400,&quot;responseTime&quot;:1,&quot;dbQueryCount&quot;:0,&quot;dbQueryTime&quot;:0,&quot;memoryDelta&quot;:{&quot;heapUsed&quot;:-206984,&quot;external&quot;:493,&quot;rss&quot;:163840},&quot;userId&quot;:null,&quot;organizationId&quot;:null,&quot;isSlow&quot;:false,&quot;isError&quot;:true}

            </system-out>
        </testcase>
        <testcase classname="tests/integration/errorHandling.test.js" name="Error Handling &amp; Resilience &gt; Database Error Handling &gt; should handle database connection errors gracefully" time="0.178150166">
        </testcase>
        <testcase classname="tests/integration/errorHandling.test.js" name="Error Handling &amp; Resilience &gt; Database Error Handling &gt; should return proper error format for database constraint violations" time="0.005658">
        </testcase>
        <testcase classname="tests/integration/errorHandling.test.js" name="Error Handling &amp; Resilience &gt; Async Error Handling &gt; should handle async route errors without crashing" time="0.003177458">
            <system-out>
2026-01-20 05:29:52:2952 [35mhttp[39m: [35mGET /api/nonexistent[39m
2026-01-20 05:29:52:2952 [32minfo[39m: [32m[Index] Pre-Gateway: GET /api/nonexistent[39m

2026-01-20 05:29:52:2952 [33mwarn[39m: [33mPerformance metric[39m {&quot;method&quot;:&quot;GET&quot;,&quot;path&quot;:&quot;/api/nonexistent&quot;,&quot;statusCode&quot;:404,&quot;responseTime&quot;:1,&quot;dbQueryCount&quot;:0,&quot;dbQueryTime&quot;:0,&quot;memoryDelta&quot;:{&quot;heapUsed&quot;:409224,&quot;external&quot;:297,&quot;rss&quot;:16384},&quot;userId&quot;:null,&quot;organizationId&quot;:null,&quot;isSlow&quot;:false,&quot;isError&quot;:true}

            </system-out>
        </testcase>
        <testcase classname="tests/integration/errorHandling.test.js" name="Error Handling &amp; Resilience &gt; Async Error Handling &gt; should handle promise rejections in routes" time="0.002363917">
        </testcase>
        <testcase classname="tests/integration/errorHandling.test.js" name="Error Handling &amp; Resilience &gt; Error Response Format &gt; should return consistent error format" time="0.012821">
            <system-out>
2026-01-20 05:29:52:2952 [35mhttp[39m: [35mGET /api/nonexistent[39m
2026-01-20 05:29:52:2952 [32minfo[39m: [32m[Index] Pre-Gateway: GET /api/nonexistent[39m

2026-01-20 05:29:52:2952 [33mwarn[39m: [33mPerformance metric[39m {&quot;method&quot;:&quot;GET&quot;,&quot;path&quot;:&quot;/api/nonexistent&quot;,&quot;statusCode&quot;:404,&quot;responseTime&quot;:5,&quot;dbQueryCount&quot;:0,&quot;dbQueryTime&quot;:0,&quot;memoryDelta&quot;:{&quot;heapUsed&quot;:77192,&quot;external&quot;:297,&quot;rss&quot;:32768},&quot;userId&quot;:null,&quot;organizationId&quot;:null,&quot;isSlow&quot;:false,&quot;isError&quot;:true}

            </system-out>
        </testcase>
        <testcase classname="tests/integration/errorHandling.test.js" name="Error Handling &amp; Resilience &gt; Error Response Format &gt; should include error code in response" time="0.016750375">
            <system-out>
2026-01-20 05:29:52:2952 [35mhttp[39m: [35mGET /api/nonexistent[39m
2026-01-20 05:29:52:2952 [32minfo[39m: [32m[Index] Pre-Gateway: GET /api/nonexistent[39m

2026-01-20 05:29:52:2952 [33mwarn[39m: [33mPerformance metric[39m {&quot;method&quot;:&quot;GET&quot;,&quot;path&quot;:&quot;/api/nonexistent&quot;,&quot;statusCode&quot;:404,&quot;responseTime&quot;:3,&quot;dbQueryCount&quot;:0,&quot;dbQueryTime&quot;:0,&quot;memoryDelta&quot;:{&quot;heapUsed&quot;:59472,&quot;external&quot;:297,&quot;rss&quot;:0},&quot;userId&quot;:null,&quot;organizationId&quot;:null,&quot;isSlow&quot;:false,&quot;isError&quot;:true}

            </system-out>
        </testcase>
        <testcase classname="tests/integration/errorHandling.test.js" name="Error Handling &amp; Resilience &gt; Error Response Format &gt; should include timestamp in error response" time="0.003299125">
            <system-out>
2026-01-20 05:29:52:2952 [35mhttp[39m: [35mGET /api/nonexistent[39m
2026-01-20 05:29:52:2952 [32minfo[39m: [32m[Index] Pre-Gateway: GET /api/nonexistent[39m

2026-01-20 05:29:52:2952 [33mwarn[39m: [33mPerformance metric[39m {&quot;method&quot;:&quot;GET&quot;,&quot;path&quot;:&quot;/api/nonexistent&quot;,&quot;statusCode&quot;:404,&quot;responseTime&quot;:1,&quot;dbQueryCount&quot;:0,&quot;dbQueryTime&quot;:0,&quot;memoryDelta&quot;:{&quot;heapUsed&quot;:-146160,&quot;external&quot;:297,&quot;rss&quot;:0},&quot;userId&quot;:null,&quot;organizationId&quot;:null,&quot;isSlow&quot;:false,&quot;isError&quot;:true}

            </system-out>
        </testcase>
        <testcase classname="tests/integration/errorHandling.test.js" name="Error Handling &amp; Resilience &gt; Rate Limiting Error Handling &gt; should return 429 for rate limit exceeded" time="0.002353291">
        </testcase>
        <testcase classname="tests/integration/errorHandling.test.js" name="Error Handling &amp; Resilience &gt; Server Resilience &gt; should not crash on invalid input" time="0.027421708">
            <system-out>
2026-01-20 05:29:52:2952 [35mhttp[39m: [35mPOST /api/projects[39m
2026-01-20 05:29:52:2952 [32minfo[39m: [32m[Index] Pre-Gateway: POST /api/projects[39m
2026-01-20 05:29:52:2952 [33mwarn[39m: [33m[ErrorHandler] Error: Invalid Input Invalid Input[39m {&quot;errorName&quot;:&quot;Error&quot;,&quot;statusCode&quot;:400,&quot;path&quot;:&quot;/api/projects&quot;,&quot;method&quot;:&quot;POST&quot;,&quot;code&quot;:&quot;BAD_REQUEST&quot;}

2026-01-20 05:29:52:2952 [33mwarn[39m: [33mPerformance metric[39m {&quot;method&quot;:&quot;POST&quot;,&quot;path&quot;:&quot;/api/projects&quot;,&quot;statusCode&quot;:400,&quot;responseTime&quot;:1,&quot;dbQueryCount&quot;:0,&quot;dbQueryTime&quot;:0,&quot;memoryDelta&quot;:{&quot;heapUsed&quot;:-48992,&quot;external&quot;:493,&quot;rss&quot;:16384},&quot;userId&quot;:null,&quot;organizationId&quot;:null,&quot;isSlow&quot;:false,&quot;isError&quot;:true}

2026-01-20 05:29:52:2952 [35mhttp[39m: [35mPOST /api/projects[39m
2026-01-20 05:29:52:2952 [32minfo[39m: [32m[Index] Pre-Gateway: POST /api/projects[39m
2026-01-20 05:29:52:2952 [33mwarn[39m: [33m[ErrorHandler] Error: Invalid Input Invalid Input[39m {&quot;errorName&quot;:&quot;Error&quot;,&quot;statusCode&quot;:400,&quot;path&quot;:&quot;/api/projects&quot;,&quot;method&quot;:&quot;POST&quot;,&quot;code&quot;:&quot;BAD_REQUEST&quot;}

2026-01-20 05:29:52:2952 [33mwarn[39m: [33mPerformance metric[39m {&quot;method&quot;:&quot;POST&quot;,&quot;path&quot;:&quot;/api/projects&quot;,&quot;statusCode&quot;:400,&quot;responseTime&quot;:1,&quot;dbQueryCount&quot;:0,&quot;dbQueryTime&quot;:0,&quot;memoryDelta&quot;:{&quot;heapUsed&quot;:155000,&quot;external&quot;:493,&quot;rss&quot;:0},&quot;userId&quot;:null,&quot;organizationId&quot;:null,&quot;isSlow&quot;:false,&quot;isError&quot;:true}

2026-01-20 05:29:52:2952 [35mhttp[39m: [35mPOST /api/projects[39m
2026-01-20 05:29:52:2952 [32minfo[39m: [32m[Index] Pre-Gateway: POST /api/projects[39m
2026-01-20 05:29:52:2952 [33mwarn[39m: [33m[ErrorHandler] Error: Invalid Input Invalid Input[39m {&quot;errorName&quot;:&quot;Error&quot;,&quot;statusCode&quot;:400,&quot;path&quot;:&quot;/api/projects&quot;,&quot;method&quot;:&quot;POST&quot;,&quot;code&quot;:&quot;BAD_REQUEST&quot;}

2026-01-20 05:29:52:2952 [33mwarn[39m: [33mPerformance metric[39m {&quot;method&quot;:&quot;POST&quot;,&quot;path&quot;:&quot;/api/projects&quot;,&quot;statusCode&quot;:400,&quot;responseTime&quot;:0,&quot;dbQueryCount&quot;:0,&quot;dbQueryTime&quot;:0,&quot;memoryDelta&quot;:{&quot;heapUsed&quot;:156472,&quot;external&quot;:493,&quot;rss&quot;:0},&quot;userId&quot;:null,&quot;organizationId&quot;:null,&quot;isSlow&quot;:false,&quot;isError&quot;:true}

2026-01-20 05:29:52:2952 [35mhttp[39m: [35mPOST /api/projects[39m
2026-01-20 05:29:52:2952 [32minfo[39m: [32m[Index] Pre-Gateway: POST /api/projects[39m
2026-01-20 05:29:52:2952 [33mwarn[39m: [33m[ErrorHandler] Error: Invalid Input Invalid Input[39m {&quot;errorName&quot;:&quot;Error&quot;,&quot;statusCode&quot;:400,&quot;path&quot;:&quot;/api/projects&quot;,&quot;method&quot;:&quot;POST&quot;,&quot;code&quot;:&quot;BAD_REQUEST&quot;}

2026-01-20 05:29:52:2952 [33mwarn[39m: [33mPerformance metric[39m {&quot;method&quot;:&quot;POST&quot;,&quot;path&quot;:&quot;/api/projects&quot;,&quot;statusCode&quot;:400,&quot;responseTime&quot;:1,&quot;dbQueryCount&quot;:0,&quot;dbQueryTime&quot;:0,&quot;memoryDelta&quot;:{&quot;heapUsed&quot;:162400,&quot;external&quot;:499,&quot;rss&quot;:16384},&quot;userId&quot;:null,&quot;organizationId&quot;:null,&quot;isSlow&quot;:false,&quot;isError&quot;:true}

2026-01-20 05:29:52:2952 [35mhttp[39m: [35mPOST /api/projects[39m
2026-01-20 05:29:52:2952 [32minfo[39m: [32m[Index] Pre-Gateway: POST /api/projects[39m
2026-01-20 05:29:52:2952 [33mwarn[39m: [33m[ErrorHandler] Error: Invalid Input Invalid Input[39m {&quot;errorName&quot;:&quot;Error&quot;,&quot;statusCode&quot;:400,&quot;path&quot;:&quot;/api/projects&quot;,&quot;method&quot;:&quot;POST&quot;,&quot;code&quot;:&quot;BAD_REQUEST&quot;}

2026-01-20 05:29:52:2952 [33mwarn[39m: [33mPerformance metric[39m {&quot;method&quot;:&quot;POST&quot;,&quot;path&quot;:&quot;/api/projects&quot;,&quot;statusCode&quot;:400,&quot;responseTime&quot;:1,&quot;dbQueryCount&quot;:0,&quot;dbQueryTime&quot;:0,&quot;memoryDelta&quot;:{&quot;heapUsed&quot;:309608,&quot;external&quot;:493,&quot;rss&quot;:16384},&quot;userId&quot;:null,&quot;organizationId&quot;:null,&quot;isSlow&quot;:false,&quot;isError&quot;:true}

2026-01-20 05:29:52:2952 [35mhttp[39m: [35mPOST /api/projects[39m
2026-01-20 05:29:52:2952 [32minfo[39m: [32m[Index] Pre-Gateway: POST /api/projects[39m
2026-01-20 05:29:52:2952 [33mwarn[39m: [33m[ErrorHandler] Error: Invalid Input Invalid Input[39m {&quot;errorName&quot;:&quot;Error&quot;,&quot;statusCode&quot;:400,&quot;path&quot;:&quot;/api/projects&quot;,&quot;method&quot;:&quot;POST&quot;,&quot;code&quot;:&quot;BAD_REQUEST&quot;}

2026-01-20 05:29:52:2952 [33mwarn[39m: [33mPerformance metric[39m {&quot;method&quot;:&quot;POST&quot;,&quot;path&quot;:&quot;/api/projects&quot;,&quot;statusCode&quot;:400,&quot;responseTime&quot;:0,&quot;dbQueryCount&quot;:0,&quot;dbQueryTime&quot;:0,&quot;memoryDelta&quot;:{&quot;heapUsed&quot;:153616,&quot;external&quot;:499,&quot;rss&quot;:0},&quot;userId&quot;:null,&quot;organizationId&quot;:null,&quot;isSlow&quot;:false,&quot;isError&quot;:true}

2026-01-20 05:29:52:2952 [35mhttp[39m: [35mPOST /api/projects[39m
2026-01-20 05:29:52:2952 [32minfo[39m: [32m[Index] Pre-Gateway: POST /api/projects[39m
2026-01-20 05:29:52:2952 [33mwarn[39m: [33m[ErrorHandler] Error: Invalid Input Invalid Input[39m {&quot;errorName&quot;:&quot;Error&quot;,&quot;statusCode&quot;:400,&quot;path&quot;:&quot;/api/projects&quot;,&quot;method&quot;:&quot;POST&quot;,&quot;code&quot;:&quot;BAD_REQUEST&quot;}

2026-01-20 05:29:52:2952 [33mwarn[39m: [33mPerformance metric[39m {&quot;method&quot;:&quot;POST&quot;,&quot;path&quot;:&quot;/api/projects&quot;,&quot;statusCode&quot;:400,&quot;responseTime&quot;:1,&quot;dbQueryCount&quot;:0,&quot;dbQueryTime&quot;:0,&quot;memoryDelta&quot;:{&quot;heapUsed&quot;:156744,&quot;external&quot;:493,&quot;rss&quot;:0},&quot;userId&quot;:null,&quot;organizationId&quot;:null,&quot;isSlow&quot;:false,&quot;isError&quot;:true}

2026-01-20 05:29:52:2952 [35mhttp[39m: [35mPOST /api/projects[39m
2026-01-20 05:29:52:2952 [32minfo[39m: [32m[Index] Pre-Gateway: POST /api/projects[39m
2026-01-20 05:29:52:2952 [33mwarn[39m: [33m[ErrorHandler] Error: Invalid Input Invalid Input[39m {&quot;errorName&quot;:&quot;Error&quot;,&quot;statusCode&quot;:400,&quot;path&quot;:&quot;/api/projects&quot;,&quot;method&quot;:&quot;POST&quot;,&quot;code&quot;:&quot;BAD_REQUEST&quot;}

2026-01-20 05:29:52:2952 [33mwarn[39m: [33mPerformance metric[39m {&quot;method&quot;:&quot;POST&quot;,&quot;path&quot;:&quot;/api/projects&quot;,&quot;statusCode&quot;:400,&quot;responseTime&quot;:1,&quot;dbQueryCount&quot;:0,&quot;dbQueryTime&quot;:0,&quot;memoryDelta&quot;:{&quot;heapUsed&quot;:58960,&quot;external&quot;:493,&quot;rss&quot;:16384},&quot;userId&quot;:null,&quot;organizationId&quot;:null,&quot;isSlow&quot;:false,&quot;isError&quot;:true}

            </system-out>
        </testcase>
        <testcase classname="tests/integration/errorHandling.test.js" name="Error Handling &amp; Resilience &gt; Server Resilience &gt; should handle concurrent error requests" time="0.049901708">
            <system-out>
2026-01-20 05:29:52:2952 [35mhttp[39m: [35mGET /api/nonexistent[39m
2026-01-20 05:29:52:2952 [32minfo[39m: [32m[Index] Pre-Gateway: GET /api/nonexistent[39m

2026-01-20 05:29:52:2952 [35mhttp[39m: [35mGET /api/nonexistent[39m
2026-01-20 05:29:52:2952 [32minfo[39m: [32m[Index] Pre-Gateway: GET /api/nonexistent[39m

2026-01-20 05:29:52:2952 [35mhttp[39m: [35mGET /api/nonexistent[39m
2026-01-20 05:29:52:2952 [32minfo[39m: [32m[Index] Pre-Gateway: GET /api/nonexistent[39m

2026-01-20 05:29:52:2952 [35mhttp[39m: [35mGET /api/nonexistent[39m
2026-01-20 05:29:52:2952 [32minfo[39m: [32m[Index] Pre-Gateway: GET /api/nonexistent[39m

2026-01-20 05:29:52:2952 [35mhttp[39m: [35mGET /api/nonexistent[39m
[...]
[AuthMiddleware] Token extracted: YES

2026-01-20 05:30:22:3022 [32minfo[39m: [32m[AuthMiddleware] Verifying token: eyJhbGciOi... with secret length: 52[39m

            </system-out>
        </testcase>
        <testcase classname="tests/integration/routes/tokenBilling.test.js" name="Integration Test: Token Billing Routes &gt; GET /api/token-billing/balance &gt; should require authentication" time="0.022519708">
            <system-out>
2026-01-20 05:30:22:3022 [35mhttp[39m: [35mGET /api/token-billing/balance[39m
2026-01-20 05:30:22:3022 [32minfo[39m: [32m[Index] Pre-Gateway: GET /api/token-billing/balance[39m
2026-01-20 05:30:22:3022 [37mdebug[39m: [37m[DemoMode] Middleware called: isDemoMode=false, hasUser=false, userOrgId=undefined[39m
[AuthMiddleware] Verifying token for path: /balance

[AuthMiddleware] Deps loaded
[AuthMiddleware] Token extracted: NO

2026-01-20 05:30:22:3022 [33mwarn[39m: [33mPerformance metric[39m {&quot;method&quot;:&quot;GET&quot;,&quot;path&quot;:&quot;/api/token-billing/balance&quot;,&quot;statusCode&quot;:401,&quot;responseTime&quot;:15,&quot;dbQueryCount&quot;:0,&quot;dbQueryTime&quot;:0,&quot;memoryDelta&quot;:{&quot;heapUsed&quot;:258200,&quot;external&quot;:695,&quot;rss&quot;:65536},&quot;userId&quot;:null,&quot;organizationId&quot;:null,&quot;isSlow&quot;:false,&quot;isError&quot;:true}

            </system-out>
        </testcase>
        <testcase classname="tests/integration/routes/tokenBilling.test.js" name="Integration Test: Token Billing Routes &gt; GET /api/token-billing/packages &gt; should return available token packages" time="0.020986584">
            <system-out>
2026-01-20 05:30:22:3022 [35mhttp[39m: [35mGET /api/token-billing/packages[39m
2026-01-20 05:30:22:3022 [32minfo[39m: [32m[Index] Pre-Gateway: GET /api/token-billing/packages[39m
2026-01-20 05:30:22:3022 [37mdebug[39m: [37m[DemoMode] Middleware called: isDemoMode=false, hasUser=false, userOrgId=undefined[39m
[AuthMiddleware] Verifying token for path: /packages

[AuthMiddleware] Deps loaded
[AuthMiddleware] Token extracted: YES

2026-01-20 05:30:22:3022 [32minfo[39m: [32m[AuthMiddleware] Verifying token: eyJhbGciOi... with secret length: 52[39m

            </system-out>
        </testcase>
        <testcase classname="tests/integration/routes/tokenBilling.test.js" name="Integration Test: Token Billing Routes &gt; GET /api/token-billing/transactions &gt; should return token usage history" time="0.015369125">
            <system-out>
2026-01-20 05:30:22:3022 [35mhttp[39m: [35mGET /api/token-billing/transactions[39m
2026-01-20 05:30:22:3022 [32minfo[39m: [32m[Index] Pre-Gateway: GET /api/token-billing/transactions[39m
2026-01-20 05:30:22:3022 [37mdebug[39m: [37m[DemoMode] Middleware called: isDemoMode=false, hasUser=false, userOrgId=undefined[39m
[AuthMiddleware] Verifying token for path: /transactions

[AuthMiddleware] Deps loaded
[AuthMiddleware] Token extracted: YES

2026-01-20 05:30:22:3022 [32minfo[39m: [32m[AuthMiddleware] Verifying token: eyJhbGciOi... with secret length: 52[39m

            </system-out>
        </testcase>
        <testcase classname="tests/integration/routes/tokenBilling.test.js" name="Integration Test: Token Billing Routes &gt; GET /api/token-billing/margins &gt; should return margins (admin only)" time="0.007673833">
            <system-out>
2026-01-20 05:30:22:3022 [35mhttp[39m: [35mGET /api/token-billing/margins[39m
2026-01-20 05:30:22:3022 [32minfo[39m: [32m[Index] Pre-Gateway: GET /api/token-billing/margins[39m
2026-01-20 05:30:22:3022 [37mdebug[39m: [37m[DemoMode] Middleware called: isDemoMode=false, hasUser=false, userOrgId=undefined[39m
[AuthMiddleware] Verifying token for path: /margins

[AuthMiddleware] Deps loaded
[AuthMiddleware] Token extracted: YES

2026-01-20 05:30:22:3022 [32minfo[39m: [32m[AuthMiddleware] Verifying token: eyJhbGciOi... with secret length: 52[39m

            </system-out>
        </testcase>
    </testsuite>
    <testsuite name="tests/integration/routes/users.test.js" timestamp="2026-01-20T10:30:33.461Z" hostname="MacBook-Pro-Piotr.local" tests="5" failures="0" errors="0" skipped="0" time="0.6762665">
        <testcase classname="tests/integration/routes/users.test.js" name="Integration Test: Users Routes &gt; GET /api/users &gt; should return list of users" time="0.0362315">
            <system-out>
2026-01-20 05:30:17:3017 [35mhttp[39m: [35mGET /api/users[39m
2026-01-20 05:30:17:3017 [32minfo[39m: [32m[Index] Pre-Gateway: GET /api/users[39m
2026-01-20 05:30:17:3017 [37mdebug[39m: [37m[DemoMode] Middleware called: isDemoMode=false, hasUser=false, userOrgId=undefined[39m
[AuthMiddleware] Verifying token for path: /

[AuthMiddleware] Deps loaded
[AuthMiddleware] Token extracted: YES

2026-01-20 05:30:17:3017 [32minfo[39m: [32m[AuthMiddleware] Verifying token: eyJhbGciOi... with secret length: 52[39m

            </system-out>
        </testcase>
        <testcase classname="tests/integration/routes/users.test.js" name="Integration Test: Users Routes &gt; GET /api/users &gt; should require authentication" time="0.012164125">
            <system-out>
2026-01-20 05:30:17:3017 [35mhttp[39m: [35mGET /api/users[39m
2026-01-20 05:30:17:3017 [32minfo[39m: [32m[Index] Pre-Gateway: GET /api/users[39m
2026-01-20 05:30:17:3017 [37mdebug[39m: [37m[DemoMode] Middleware called: isDemoMode=false, hasUser=false, userOrgId=undefined[39m
[AuthMiddleware] Verifying token for path: /

[AuthMiddleware] Deps loaded
[AuthMiddleware] Token extracted: NO

2026-01-20 05:30:17:3017 [33mwarn[39m: [33mPerformance metric[39m {&quot;method&quot;:&quot;GET&quot;,&quot;path&quot;:&quot;/api/users&quot;,&quot;statusCode&quot;:401,&quot;responseTime&quot;:8,&quot;dbQueryCount&quot;:0,&quot;dbQueryTime&quot;:0,&quot;memoryDelta&quot;:{&quot;heapUsed&quot;:186784,&quot;external&quot;:660,&quot;rss&quot;:147456},&quot;userId&quot;:null,&quot;organizationId&quot;:null,&quot;isSlow&quot;:false,&quot;isError&quot;:true}

            </system-out>
        </testcase>
        <testcase classname="tests/integration/routes/users.test.js" name="Integration Test: Users Routes &gt; GET /api/auth/me &gt; should return current user" time="0.033060041">
            <system-out>
2026-01-20 05:30:17:3017 [35mhttp[39m: [35mGET /api/auth/me[39m
2026-01-20 05:30:17:3017 [32minfo[39m: [32m[Index] Pre-Gateway: GET /api/auth/me[39m
[AuthMiddleware] Verifying token for path: /me

[AuthMiddleware] Deps loaded
[AuthMiddleware] Token extracted: YES

2026-01-20 05:30:17:3017 [32minfo[39m: [32m[AuthMiddleware] Verifying token: eyJhbGciOi... with secret length: 52[39m

            </system-out>
        </testcase>
        <testcase classname="tests/integration/routes/users.test.js" name="Integration Test: Users Routes &gt; GET /api/users/:id &gt; should return user by id" time="0.022227292">
            <system-out>
2026-01-20 05:30:17:3017 [35mhttp[39m: [35mGET /api/users/users-user-1768905017033[39m
2026-01-20 05:30:17:3017 [32minfo[39m: [32m[Index] Pre-Gateway: GET /api/users/users-user-1768905017033[39m
2026-01-20 05:30:17:3017 [37mdebug[39m: [37m[DemoMode] Middleware called: isDemoMode=false, hasUser=false, userOrgId=undefined[39m
[AuthMiddleware] Verifying token for path: /users-user-1768905017033

[AuthMiddleware] Deps loaded
[AuthMiddleware] Token extracted: YES

2026-01-20 05:30:17:3017 [32minfo[39m: [32m[AuthMiddleware] Verifying token: eyJhbGciOi... with secret length: 52[39m

            </system-out>
        </testcase>
        <testcase classname="tests/integration/routes/users.test.js" name="Integration Test: Users Routes &gt; PUT /api/users/:id &gt; should update user" time="0.022836542">
            <system-out>
2026-01-20 05:30:17:3017 [35mhttp[39m: [35mPUT /api/users/users-user-1768905017033[39m
2026-01-20 05:30:17:3017 [32minfo[39m: [32m[Index] Pre-Gateway: PUT /api/users/users-user-1768905017033[39m
2026-01-20 05:30:17:3017 [37mdebug[39m: [37m[DemoMode] Middleware called: isDemoMode=false, hasUser=false, userOrgId=undefined[39m
[AuthMiddleware] Verifying token for path: /users-user-1768905017033

[AuthMiddleware] Deps loaded
[AuthMiddleware] Token extracted: YES

2026-01-20 05:30:17:3017 [32minfo[39m: [32m[AuthMiddleware] Verifying token: eyJhbGciOi... with secret length: 52[39m

2026-01-20 05:30:17:3017 [33mwarn[39m: [33mPerformance metric[39m {&quot;method&quot;:&quot;PUT&quot;,&quot;path&quot;:&quot;/api/users/users-user-1768905017033&quot;,&quot;statusCode&quot;:400,&quot;responseTime&quot;:19,&quot;dbQueryCount&quot;:0,&quot;dbQueryTime&quot;:0,&quot;memoryDelta&quot;:{&quot;heapUsed&quot;:221248,&quot;external&quot;:987,&quot;rss&quot;:49152},&quot;userId&quot;:&quot;users-user-1768905017033&quot;,&quot;organizationId&quot;:&quot;users-org-1768905017033&quot;,&quot;isSlow&quot;:false,&quot;isError&quot;:true}

            </system-out>
        </testcase>
    </testsuite>
    <testsuite name="tests/integration/settings/settings-endpoints.test.ts" timestamp="2026-01-20T10:30:33.462Z" hostname="MacBook-Pro-Piotr.local" tests="4" failures="0" errors="0" skipped="0" time="0.082048541">
        <testcase classname="tests/integration/settings/settings-endpoints.test.ts" name="Settings Endpoints Integration &gt; GET /api/settings &gt; should return org settings" time="0.0396035">
        </testcase>
        <testcase classname="tests/integration/settings/settings-endpoints.test.ts" name="Settings Endpoints Integration &gt; PATCH /api/settings &gt; should update settings" time="0.0332705">
        </testcase>
        <testcase classname="tests/integration/settings/settings-endpoints.test.ts" name="Settings Endpoints Integration &gt; GET /api/settings/user &gt; should return user settings" time="0.002009458">
        </testcase>
        <testcase classname="tests/integration/settings/settings-endpoints.test.ts" name="Settings Endpoints Integration &gt; GET /api/settings/integrations &gt; should return integration settings" time="0.003396084">
        </testcase>
    </testsuite>
    <testsuite name="tests/integration/search/search-endpoints.test.ts" timestamp="2026-01-20T10:30:33.462Z" hostname="MacBook-Pro-Piotr.local" tests="5" failures="0" errors="0" skipped="0" time="0.062041917">
        <testcase classname="tests/integration/search/search-endpoints.test.ts" name="Search Endpoints Integration &gt; GET /api/search &gt; should search with query" time="0.021488959">
        </testcase>
        <testcase classname="tests/integration/search/search-endpoints.test.ts" name="Search Endpoints Integration &gt; GET /api/search &gt; should require query" time="0.006864375">
        </testcase>
        <testcase classname="tests/integration/search/search-endpoints.test.ts" name="Search Endpoints Integration &gt; GET /api/search &gt; should filter by type" time="0.001863709">
        </testcase>
        <testcase classname="tests/integration/search/search-endpoints.test.ts" name="Search Endpoints Integration &gt; GET /api/search &gt; should limit results" time="0.011064542">
        </testcase>
        <testcase classname="tests/integration/search/search-endpoints.test.ts" name="Search Endpoints Integration &gt; GET /api/search/suggestions &gt; should return suggestions" time="0.004377792">
        </testcase>
    </testsuite>
    <testsuite name="tests/integration/routing/superadmin-navigation.test.ts" timestamp="2026-01-20T10:30:33.463Z" hostname="MacBook-Pro-Piotr.local" tests="4" failures="0" errors="0" skipped="0" time="0.003665708">
        <testcase classname="tests/integration/routing/superadmin-navigation.test.ts" name="SuperAdmin Navigation Routing &gt; should route to dashboard" time="0.001429833">
        </testcase>
        <testcase classname="tests/integration/routing/superadmin-navigation.test.ts" name="SuperAdmin Navigation Routing &gt; should route to customers" time="0.00027825">
        </testcase>
        <testcase classname="tests/integration/routing/superadmin-navigation.test.ts" name="SuperAdmin Navigation Routing &gt; should route to revenue" time="0.000188916">
        </testcase>
        <testcase classname="tests/integration/routing/superadmin-navigation.test.ts" name="SuperAdmin Navigation Routing &gt; should handle 404 for unknown routes" time="0.000281834">
        </testcase>
    </testsuite>
    <testsuite name="tests/integration/routing/superadmin-routing.test.ts" timestamp="2026-01-20T10:30:33.463Z" hostname="MacBook-Pro-Piotr.local" tests="4" failures="0" errors="0" skipped="0" time="0.003895959">
        <testcase classname="tests/integration/routing/superadmin-routing.test.ts" name="SuperAdmin Routing &gt; should protect superadmin routes" time="0.001474291">
        </testcase>
        <testcase classname="tests/integration/routing/superadmin-routing.test.ts" name="SuperAdmin Routing &gt; should require superadmin role" time="0.000297958">
        </testcase>
        <testcase classname="tests/integration/routing/superadmin-routing.test.ts" name="SuperAdmin Routing &gt; should redirect unauthorized users" time="0.000191667">
        </testcase>
        <testcase classname="tests/integration/routing/superadmin-routing.test.ts" name="SuperAdmin Routing &gt; should maintain route state" time="0.000248167">
        </testcase>
    </testsuite>
    <testsuite name="tests/integration/subscriptions/subscription-endpoints.test.ts" timestamp="2026-01-20T10:30:33.463Z" hostname="MacBook-Pro-Piotr.local" tests="4" failures="0" errors="0" skipped="0" time="0.064125875">
        <testcase classname="tests/integration/subscriptions/subscription-endpoints.test.ts" name="Subscription Endpoints Integration &gt; GET /api/subscriptions/current &gt; should return 404 when no subscription" time="0.02184125">
        </testcase>
        <testcase classname="tests/integration/subscriptions/subscription-endpoints.test.ts" name="Subscription Endpoints Integration &gt; POST /api/subscriptions &gt; should create subscription" time="0.029076084">
        </testcase>
        <testcase classname="tests/integration/subscriptions/subscription-endpoints.test.ts" name="Subscription Endpoints Integration &gt; POST /api/subscriptions &gt; should require planId" time="0.002173917">
        </testcase>
        <testcase classname="tests/integration/subscriptions/subscription-endpoints.test.ts" name="Subscription Endpoints Integration &gt; POST /api/subscriptions/:id/cancel &gt; should cancel subscription" time="0.004215834">
        </testcase>
    </testsuite>
    <testsuite name="tests/integration/tasks/task-endpoints.test.ts" timestamp="2026-01-20T10:30:33.463Z" hostname="MacBook-Pro-Piotr.local" tests="4" failures="0" errors="0" skipped="0" time="0.068283958">
        <testcase classname="tests/integration/tasks/task-endpoints.test.ts" name="Task Endpoints Integration &gt; GET /api/tasks &gt; should return tasks" time="0.031725">
        </testcase>
        <testcase classname="tests/integration/tasks/task-endpoints.test.ts" name="Task Endpoints Integration &gt; GET /api/tasks &gt; should filter by status" time="0.007634375">
        </testcase>
        <testcase classname="tests/integration/tasks/task-endpoints.test.ts" name="Task Endpoints Integration &gt; POST /api/tasks &gt; should create task" time="0.018375541">
        </testcase>
        <testcase classname="tests/integration/tasks/task-endpoints.test.ts" name="Task Endpoints Integration &gt; PATCH /api/tasks/:id/status &gt; should reject invalid status" time="0.006597458">
        </testcase>
    </testsuite>
    <testsuite name="tests/integration/templates/template-endpoints.test.ts" timestamp="2026-01-20T10:30:33.464Z" hostname="MacBook-Pro-Piotr.local" tests="4" failures="0" errors="0" skipped="0" time="0.092335334">
        <testcase classname="tests/integration/templates/template-endpoints.test.ts" name="Template Endpoints Integration &gt; GET /api/templates &gt; should return templates" time="0.017772125">
        </testcase>
        <testcase classname="tests/integration/templates/template-endpoints.test.ts" name="Template Endpoints Integration &gt; GET /api/templates &gt; should filter by type" time="0.002862917">
        </testcase>
        <testcase classname="tests/integration/templates/template-endpoints.test.ts" name="Template Endpoints Integration &gt; POST /api/templates &gt; should create template" time="0.053529667">
        </testcase>
        <testcase classname="tests/integration/templates/template-endpoints.test.ts" name="Template Endpoints Integration &gt; POST /api/templates/:id/render &gt; should render template" time="0.007846791">
        </testcase>
    </testsuite>
    <testsuite name="tests/integration/vendors/vendor-endpoints.test.ts" timestamp="2026-01-20T10:30:33.464Z" hostname="MacBook-Pro-Piotr.local" tests="4" failures="0" errors="0" skipped="0" time="0.061231167">
        <testcase classname="tests/integration/vendors/vendor-endpoints.test.ts" name="Vendor Endpoints Integration &gt; GET /api/vendors &gt; should return vendors" time="0.031010875">
        </testcase>
        <testcase classname="tests/integration/vendors/vendor-endpoints.test.ts" name="Vendor Endpoints Integration &gt; POST /api/vendors &gt; should create vendor" time="0.015190291">
        </testcase>
        <testcase classname="tests/integration/vendors/vendor-endpoints.test.ts" name="Vendor Endpoints Integration &gt; POST /api/vendors &gt; should require name" time="0.003304583">
        </testcase>
        <testcase classname="tests/integration/vendors/vendor-endpoints.test.ts" name="Vendor Endpoints Integration &gt; POST /api/vendors/:id/rate &gt; should rate vendor" time="0.004356209">
        </testcase>
    </testsuite>
    <testsuite name="tests/integration/webhooks/webhook-endpoints.test.ts" timestamp="2026-01-20T10:30:33.464Z" hostname="MacBook-Pro-Piotr.local" tests="4" failures="0" errors="0" skipped="0" time="0.100299958">
        <testcase classname="tests/integration/webhooks/webhook-endpoints.test.ts" name="Webhook Endpoints Integration &gt; GET /api/webhooks &gt; should return webhooks" time="0.026410833">
        </testcase>
        <testcase classname="tests/integration/webhooks/webhook-endpoints.test.ts" name="Webhook Endpoints Integration &gt; POST /api/webhooks &gt; should create webhook" time="0.038410333">
        </testcase>
        <testcase classname="tests/integration/webhooks/webhook-endpoints.test.ts" name="Webhook Endpoints Integration &gt; POST /api/webhooks &gt; should require url and events" time="0.002194958">
        </testcase>
        <testcase classname="tests/integration/webhooks/webhook-endpoints.test.ts" name="Webhook Endpoints Integration &gt; POST /api/webhooks/:id/test &gt; should test webhook" time="0.013808583">
        </testcase>
    </testsuite>
    <testsuite name="tests/integration/users/user-endpoints.test.ts" timestamp="2026-01-20T10:30:33.465Z" hostname="MacBook-Pro-Piotr.local" tests="5" failures="0" errors="0" skipped="0" time="0.097958167">
        <testcase classname="tests/integration/users/user-endpoints.test.ts" name="User Endpoints Integration &gt; GET /api/users &gt; should require authentication" time="0.024888458">
        </testcase>
        <testcase classname="tests/integration/users/user-endpoints.test.ts" name="User Endpoints Integration &gt; GET /api/users &gt; should return users list" time="0.004067167">
        </testcase>
        <testcase classname="tests/integration/users/user-endpoints.test.ts" name="User Endpoints Integration &gt; POST /api/users &gt; should create user" time="0.019283208">
        </testcase>
        <testcase classname="tests/integration/users/user-endpoints.test.ts" name="User Endpoints Integration &gt; POST /api/users &gt; should require email and name" time="0.002244375">
        </testcase>
        <testcase classname="tests/integration/users/user-endpoints.test.ts" name="User Endpoints Integration &gt; GET /api/users/:id &gt; should return 404 for non-existent user" time="0.025527542">
        </testcase>
    </testsuite>
</testsuites>
