{"numTotalTestSuites":14,"numPassedTestSuites":14,"numFailedTestSuites":0,"numPendingTestSuites":0,"numTotalTests":47,"numPasse    <testsuite name="tests/unit/services/drdStructure.test.ts" timestamp="2026-02-01T20:45:35.263Z" hostname="MacBook-Pro-Piotr.local" tests="47" failures="0" errors="0" skipped="0" time="0.018530667">
        <testcase classname="tests/unit/services/drdStructure.test.ts" name="DRD Structure Service &gt; Data Structure Integrity &gt; should have at least 1 axis defined" time="0.001474542">
        </testcase>
        <testcase classname="tests/unit/services/drdStructure.test.ts" name="DRD Structure Service &gt; Data Structure Integrity &gt; should include AI Maturity axis (id: 7)" time="0.000395083">
        </testcase>
        <testcase classname="tests/unit/services/drdStructure.test.ts" name="DRD Structure Service &gt; Data Structure Integrity &gt; should have all axes with non-empty names" time="0.000490917">
        </testcase>
        <testcase classname="tests/unit/services/drdStructure.test.ts" name="DRD Structure Service &gt; Data Structure Integrity &gt; should have AI Maturity axis with areas array" time="0.00025275">
        </testcase>
        <testcase classname="tests/unit/services/drdStructure.test.ts" name="DRD Structure Service &gt; Axis 6: Cybersecurity &gt; should have Axis 6 named &quot;Cybersecurity&quot; if present" time="0.000194167">
        </testcase>
        <testcase classname="tests/unit/services/drdStructure.test.ts" name="DRD Structure Service &gt; Axis 7: AI Maturity &gt; should exist and be named &quot;AI Maturity&quot;" time="0.000196041">
        </testcase>
        <testcase classname="tests/unit/services/drdStructure.test.ts" name="DRD Structure Service &gt; Axis 7: AI Maturity &gt; should have exactly 5 areas" time="0.001051792">
        </testcase>
        <testcase classname="tests/unit/services/drdStructure.test.ts" name="DRD Structure Service &gt; Axis 7: AI Maturity &gt; should have correctly named areas" time="0.000663542">
        </testcase>
        <testcase classname="tests/unit/services/drdStructure.test.ts" name="DRD Structure Service &gt; Axis 7: AI Maturity &gt; should have correct area IDs (7A-7E)" time="0.000223667">
        </testcase>
        <testcase classname="tests/unit/services/drdStructure.test.ts" name="DRD Structure Service &gt; Axis 7: AI Maturity &gt; Area 7A: Dane i Fundamenty AI &gt; should have exactly 5 maturity levels" time="0.000311875">
        </testcase>
        <testcase classname="tests/unit/services/drdStructure.test.ts" name="DRD Structure Service &gt; Axis 7: AI Maturity &gt; Area 7A: Dane i Fundamenty AI &gt; should have levels numbered 1-5" time="0.000174167">
        </testcase>
        <testcase classname="tests/unit/services/drdStructure.test.ts" name="DRD Structure Service &gt; Axis 7: AI Maturity &gt; Area 7A: Dane i Fundamenty AI &gt; should have non-empty titles for all levels" time="0.000275916">
        </testcase>
        <testcase classname="tests/unit/services/drdStructure.test.ts" name="DRD Structure Service &gt; Axis 7: AI Maturity &gt; Area 7A: Dane i Fundamenty AI &gt; should have non-empty descriptions for all levels" time="0.000212375">
        </testcase>
        <testcase classname="tests/unit/services/drdStructure.test.ts" name="DRD Structure Service &gt; Axis 7: AI Maturity &gt; Area 7A: Dane i Fundamenty AI &gt; should have level 1 titled &quot;Fragmented Data, No AI Readiness&quot;" time="0.00015375">
        </testcase>
        <testcase classname="tests/unit/services/drdStructure.test.ts" name="DRD Structure Service &gt; Axis 7: AI Maturity &gt; Area 7A: Dane i Fundamenty AI &gt; should have level 5 titled &quot;Autonomous Data Intelligence&quot;" time="0.0001195">
        </testcase>
        <testcase classname="tests/unit/services/drdStructure.test.ts" name="DRD Structure Service &gt; Axis 7: AI Maturity &gt; Area 7A: Dane i Fundamenty AI &gt; should have valid descriptions" time="0.000205167">
        </testcase>
        <testcase classname="tests/unit/services/drdStructure.test.ts" name="DRD Structure Service &gt; Axis 7: AI Maturity &gt; Area 7B: Procesy Wspierane przez AI &gt; should have exactly 5 maturity levels" time="0.000185792">
        </testcase>
        <testcase classname="tests/unit/services/drdStructure.test.ts" name="DRD Structure Service &gt; Axis 7: AI Maturity &gt; Area 7B: Procesy Wspierane przez AI &gt; should have level 1 titled &quot;Isolated AI Experiments&quot;" time="0.000125334">
        </testcase>
        <testcase classname="tests/unit/services/drdStructure.test.ts" name="DRD Structure Service &gt; Axis 7: AI Maturity &gt; Area 7B: Procesy Wspierane przez AI &gt; should have level 5 titled &quot;Fully Autonomous Operational Orchestration&quot;" time="0.000123833">
        </testcase>
        <testcase classname="tests/unit/services/drdStructure.test.ts" name="DRD Structure Service &gt; Axis 7: AI Maturity &gt; Area 7B: Procesy Wspierane przez AI &gt; should describe AI integration progression" time="0.000141">
        </testcase>
        <testcase classname="tests/unit/services/drdStructure.test.ts" name="DRD Structure Service &gt; Axis 7: AI Maturity &gt; Area 7C: AI w Produktach i Usługach &gt; should have exactly 5 maturity levels" time="0.0001775">
        </testcase>
        <testcase classname="tests/unit/services/drdStructure.test.ts" name="DRD Structure Service &gt; Axis 7: AI Maturity &gt; Area 7C: AI w Produktach i Usługach &gt; should have level 1 titled &quot;No AI Components in Products&quot;" time="0.00013625">
        </testcase>
        <testcase classname="tests/unit/services/drdStructure.test.ts" name="DRD Structure Service &gt; Axis 7: AI Maturity &gt; Area 7C: AI w Produktach i Usługach &gt; should have level 5 titled &quot;AI-Native Business Offerings&quot;" time="0.000127458">
        </testcase>
        <testcase classname="tests/unit/services/drdStructure.test.ts" name="DRD Structure Service &gt; Axis 7: AI Maturity &gt; Area 7C: AI w Produktach i Usługach &gt; should describe product AI integration levels" time="0.0001425">
        </testcase>
        <testcase classname="tests/unit/services/drdStructure.test.ts" name="DRD Structure Service &gt; Axis 7: AI Maturity &gt; Area 7D: Governance, Bezpieczeństwo i Etyka &gt; should have exactly 5 maturity levels" time="0.000183625">
        </testcase>
        <testcase classname="tests/unit/services/drdStructure.test.ts" name="DRD Structure Service &gt; Axis 7: AI Maturity &gt; Area 7D: Governance, Bezpieczeństwo i Etyka &gt; should have level 1 titled &quot;No AI Governance, Uncontrolled Use&quot;" time="0.000142208">
        </testcase>
        <testcase classname="tests/unit/services/drdStructure.test.ts" name="DRD Structure Service &gt; Axis 7: AI Maturity &gt; Area 7D: Governance, Bezpieczeństwo i Etyka &gt; should have level 5 titled &quot;Ethical, Transparent &amp; Autonomous AI Governance&quot;" time="0.000122792">
        </testcase>
        <testcase classname="tests/unit/services/drdStructure.test.ts" name="DRD Structure Service &gt; Axis 7: AI Maturity &gt; Area 7D: Governance, Bezpieczeństwo i Etyka &gt; should describe governance maturity progression" time="0.0001355">
        </testcase>
        <testcase classname="tests/unit/services/drdStructure.test.ts" name="DRD Structure Service &gt; Axis 7: AI Maturity &gt; Area 7E: Kompetencje i Kultura AI &gt; should have exactly 5 maturity levels" time="0.000174459">
        </testcase>
        <testcase classname="tests/unit/services/drdStructure.test.ts" name="DRD Structure Service &gt; Axis 7: AI Maturity &gt; Area 7E: Kompetencje i Kultura AI &gt; should have level 1 titled &quot;No Competencies&quot;" time="0.000132291">
        </testcase>
        <testcase classname="tests/unit/services/drdStructure.test.ts" name="DRD Structure Service &gt; Axis 7: AI Maturity &gt; Area 7E: Kompetencje i Kultura AI &gt; should have level 5 titled &quot;AI-Native Workforce&quot;" time="0.0001205">
        </testcase>
        <testcase classname="tests/unit/services/drdStructure.test.ts" name="DRD Structure Service &gt; Axis 7: AI Maturity &gt; Area 7E: Kompetencje i Kultura AI &gt; should describe competency progression" time="0.00013925">
        </testcase>
        <testcase classname="tests/unit/services/drdStructure.test.ts" name="DRD Structure Service &gt; Axis 7: AI Maturity &gt; should have all areas with consistent level structure (1-5)" time="0.00031375">
        </testcase>
        <testcase classname="tests/unit/services/drdStructure.test.ts" name="DRD Structure Service &gt; Axis 7: AI Maturity &gt; should have all levels with valid DRDLevel structure" time="0.001893291">
        </testcase>
        <testcase classname="tests/unit/services/drdStructure.test.ts" name="DRD Structure Service &gt; getQuestionsForAxis() function &gt; should return areas for axis 7 (AI Maturity)" time="0.000182917">
        </testcase>
        <testcase classname="tests/unit/services/drdStructure.test.ts" name="DRD Structure Service &gt; getQuestionsForAxis() function &gt; should return AI Maturity areas for axis 7" time="0.000213875">
        </testcase>
        <testcase classname="tests/unit/services/drdStructure.test.ts" name="DRD Structure Service &gt; getQuestionsForAxis() function &gt; should return empty array for non-existent axis ID" time="0.000122125">
        </testcase>
        <testcase classname="tests/unit/services/drdStructure.test.ts" name="DRD Structure Service &gt; getQuestionsForAxis() function &gt; should return array for axis 7" time="0.0001235">
        </testcase>
        <testcase classname="tests/unit/services/drdStructure.test.ts" name="DRD Structure Service &gt; getQuestionsForAxis() function &gt; should return empty array for axes without areas defined" time="0.000107542">
        </testcase>
        <testcase classname="tests/unit/services/drdStructure.test.ts" name="DRD Structure Service &gt; Type Safety &gt; should conform to DRDAxis type for AI Maturity axis" time="0.000185375">
        </testcase>
        <testcase classname="tests/unit/services/drdStructure.test.ts" name="DRD Structure Service &gt; Type Safety &gt; should conform to DRDArea type for AI Maturity areas" time="0.000279875">
        </testcase>
        <testcase classname="tests/unit/services/drdStructure.test.ts" name="DRD Structure Service &gt; Type Safety &gt; should conform to DRDLevel type for AI Maturity levels" time="0.0011495">
        </testcase>
        <testcase classname="tests/unit/services/drdStructure.test.ts" name="DRD Structure Service &gt; Content Quality &gt; should have meaningful descriptions (&gt; 50 characters)" time="0.000507125">
        </testcase>
        <testcase classname="tests/unit/services/drdStructure.test.ts" name="DRD Structure Service &gt; Content Quality &gt; should have concise titles (&lt; 100 characters)" time="0.000460917">
        </testcase>
        <testcase classname="tests/unit/services/drdStructure.test.ts" name="DRD Structure Service &gt; Content Quality &gt; should not have placeholder text" time="0.001594125">
        </testcase>
        <testcase classname="tests/unit/services/drdStructure.test.ts" name="DRD Structure Service &gt; Maturity Level Progression &gt; should show clear progression from level 1 to 5 in AI Maturity" time="0.000189667">
        </testcase>
        <testcase classname="tests/unit/services/drdStructure.test.ts" name="DRD Structure Service &gt; Maturity Level Progression &gt; should have increasing sophistication across levels" time="0.000334333">
        </testcase>
    </testsuite>
</testsuites>
ucture Service","Axis 7: AI Maturity","Area 7E: Kompetencje i Kultura AI"],"fullName":"DRD Structure Service Axis 7: AI Maturity Area 7E: Kompetencje i Kultura AI should describe competency progression","status":"passed","title":"should describe competency progression","duration":0.13924999999994725,"failureMessages":[],"meta":{}},{"ancestorTitles":["DRD Structure Service","Axis 7: AI Maturity"],"fullName":"DRD Structure Service Axis 7: AI Maturity should have all areas with consistent level structure (1-5)","status":"passed","title":"should have all areas with consistent level structure (1-5)","duration":0.3137500000000273,"failureMessages":[],"meta":{}},{"ancestorTitles":["DRD Structure Service","Axis 7: AI Maturity"],"fullName":"DRD Structure Service Axis 7: AI Maturity should have all levels with valid DRDLevel structure","status":"passed","title":"should have all levels with valid DRDLevel structure","duration":1.8932909999998628,"failureMessages":[],"meta":{}},{"ancestorTitles":["DRD Structure Service","getQuestionsForAxis() function"],"fullName":"DRD Structure Service getQuestionsForAxis() function should return areas for axis 7 (AI Maturity)","status":"passed","title":"should return areas for axis 7 (AI Maturity)","duration":0.18291699999986122,"failureMessages":[],"meta":{}},{"ancestorTitles":["DRD Structure Service","getQuestionsForAxis() function"],"fullName":"DRD Structure Service getQuestionsForAxis() function should return AI Maturity areas for axis 7","status":"passed","title":"should return AI Maturity areas for axis 7","duration":0.21387499999991633,"failureMessages":[],"meta":{}},{"ancestorTitles":["DRD Structure Service","getQuestionsForAxis() function"],"fullName":"DRD Structure Service getQuestionsForAxis() function should return empty array for non-existent axis ID","status":"passed","title":"should return empty array for non-existent axis ID","duration":0.12212499999986903,"failureMessages":[],"meta":{}},{"ancestorTitles":["DRD Structure Service","getQuestionsForAxis() function"],"fullName":"DRD Structure Service getQuestionsForAxis() function should return array for axis 7","status":"passed","title":"should return array for axis 7","duration":0.12349999999992178,"failureMessages":[],"meta":{}},{"ancestorTitles":["DRD Structure Service","getQuestionsForAxis() function"],"fullName":"DRD Structure Service getQuestionsForAxis() function should return empty array for axes without areas defined","status":"passed","title":"should return empty array for axes without areas defined","duration":0.10754199999996672,"failureMessages":[],"meta":{}},{"ancestorTitles":["DRD Structure Service","Type Safety"],"fullName":"DRD Structure Service Type Safety should conform to DRDAxis type for AI Maturity axis","status":"passed","title":"should conform to DRDAxis type for AI Maturity axis","duration":0.18537500000002183,"failureMessages":[],"meta":{}},{"ancestorTitles":["DRD Structure Service","Type Safety"],"fullName":"DRD Structure Service Type Safety should conform to DRDArea type for AI Maturity areas","status":"passed","title":"should conform to DRDArea type for AI Maturity areas","duration":0.2798750000001746,"failureMessages":[],"meta":{}},{"ancestorTitles":["DRD Structure Service","Type Safety"],"fullName":"DRD Structure Service Type Safety should conform to DRDLevel type for AI Maturity levels","status":"passed","title":"should conform to DRDLevel type for AI Maturity levels","duration":1.149499999999989,"failureMessages":[],"meta":{}},{"ancestorTitles":["DRD Structure Service","Content Quality"],"fullName":"DRD Structure Service Content Quality should have meaningful descriptions (> 50 characters)","status":"passed","title":"should have meaningful descriptions (> 50 characters)","duration":0.5071249999998599,"failureMessages":[],"meta":{}},{"ancestorTitles":["DRD Structure Service","Content Quality"],"fullName":"DRD Structure Service Content Quality should have concise titles (< 100 characters)","status":"passed","title":"should have concise titles (< 100 characters)","duration":0.4609170000001086,"failureMessages":[],"meta":{}},{"ancestorTitles":["DRD Structure Service","Content Quality"],"fullName":"DRD Structure Service Content Quality should not have placeholder text","status":"passed","title":"should not have placeholder text","duration":1.5941250000000764,"failureMessages":[],"meta":{}},{"ancestorTitles":["DRD Structure Service","Maturity Level Progression"],"fullName":"DRD Structure Service Maturity Level Progression should show clear progression from level 1 to 5 in AI Maturity","status":"passed","title":"should show clear progression from level 1 to 5 in AI Maturity","duration":0.1896670000000995,"failureMessages":[],"meta":{}},{"ancestorTitles":["DRD Structure Service","Maturity Level Progression"],"fullName":"DRD Structure Service Maturity Level Progression should have increasing sophistication across levels","status":"passed","title":"should have increasing sophistication across levels","duration":0.3343330000000151,"failureMessages":[],"meta":{}}],"startTime":1769978735216,"endTime":1769978735233.3342,"status":"passed","message":"","name":"/Users/piotrwisniewski/Documents/Antygracity/DRD/consultify/tests/unit/services/drdStructure.test.ts"}]}