<?xml version="1.0" encoding="UTF-8" ?>
<testsuites name="vitest tests" tests="7" failures="0" errors="0" time="0.142898333">
    <testsuite name="tests/components/MegatrendScanner.test.tsx" timestamp="2025-12-12T21:06:17.619Z" hostname="MacBook-Air-Piotr.local" tests="7" failures="0" errors="0" skipped="0" time="0.142898333">
        <testcase classname="tests/components/MegatrendScanner.test.tsx" name="Component Test: TrendDetailCard &gt; renders trend details when data is provided" time="0.028586333">
        </testcase>
        <testcase classname="tests/components/MegatrendScanner.test.tsx" name="Component Test: TrendDetailCard &gt; renders loading state" time="0.0033115">
        </testcase>
        <testcase classname="tests/components/MegatrendScanner.test.tsx" name="Component Test: TrendDetailCard &gt; renders error state and handles close/back" time="0.017187">
        </testcase>
        <testcase classname="tests/components/MegatrendScanner.test.tsx" name="Component Test: TrendDetailCard &gt; calls onClose when close button is clicked" time="0.081131583">
        </testcase>
        <testcase classname="tests/components/MegatrendScanner.test.tsx" name="Component Test: IndustryBaselineCard &gt; renders list of trends" time="0.003673167">
        </testcase>
        <testcase classname="tests/components/MegatrendScanner.test.tsx" name="Component Test: IndustryBaselineCard &gt; renders loading state" time="0.001688625">
        </testcase>
        <testcase classname="tests/components/MegatrendScanner.test.tsx" name="Component Test: IndustryBaselineCard &gt; calls onTrendSelect when a trend is clicked" time="0.005501">
        </testcase>
    </testsuite>
</testsuites>
