<?xml version="1.0" encoding="UTF-8" ?>
<testsuites name="vitest tests" tests="32" failures="3" errors="0" time="22.464590833">
    <testsuite name="tests/integration/auth.test.js" timestamp="2026-01-04T14:53:27.267Z" hostname="MacBook-Pro-Piotr.local" tests="7" failures="0" errors="0" skipped="0" time="4.795286958">
        <testcase classname="tests/integration/auth.test.js" name="Auth Integration &gt; should login successfully with valid credentials" time="0.078573958">
            <system-out>
2026-01-04T14:53:26.944Z [34mdebug[39m: [0e7d4e6d-8ba9-4ef7-9c85-f40c9ab66a85] Incoming POST /api/auth/login 

[Index] Pre-Gateway: /api/auth/login

[Redis] Initializing client...
[Redis] Using Mock Client

[Auth] Login request received for: auth-1767538402277@dbr77.com

            </system-out>
            <system-err>
[Test Setup] Uncaught exception (logged, not rethrown): __vite_ssr_import_0__.disablePerformanceTracking is not a function

            </system-err>
        </testcase>
        <testcase classname="tests/integration/auth.test.js" name="Auth Integration &gt; should fail with invalid credentials" time="0.01916625">
            <system-out>
2026-01-04T14:53:26.973Z [34mdebug[39m: [d682b022-39cc-4b23-984b-4f334e22bf5c] Incoming POST /api/auth/login 

[Index] Pre-Gateway: /api/auth/login

[Auth] Login request received for: auth-1767538402277@dbr77.com

2026-01-04T14:53:26.988Z [33mwarn[39m: [d682b022-39cc-4b23-984b-4f334e22bf5c] Performance metric {&quot;method&quot;:&quot;POST&quot;,&quot;path&quot;:&quot;/api/auth/login&quot;,&quot;statusCode&quot;:401,&quot;responseTime&quot;:15,&quot;dbQueryCount&quot;:0,&quot;dbQueryTime&quot;:0,&quot;memoryDelta&quot;:{&quot;heapUsed&quot;:287584,&quot;external&quot;:4765,&quot;rss&quot;:16384},&quot;userId&quot;:null,&quot;organizationId&quot;:null,&quot;isSlow&quot;:false,&quot;isError&quot;:true}

2026-01-04T14:53:26.989Z [31merror[39m: [Server] Database initialization failed: Database schema verification failed. Missing: . Errors: Error checking table organizations: Cannot read properties of undefined (reading &apos;0&apos;), Error checking table users: Cannot read properties of undefined (reading &apos;0&apos;), Error checking table sessions: Cannot read properties of undefined (reading &apos;0&apos;), Error checking table projects: Cannot read properties of undefined (reading &apos;0&apos;), Error checking table tasks: Cannot read properties of undefined (reading &apos;0&apos;), Error checking table teams: Cannot read properties of undefined (reading &apos;0&apos;), Error checking table invitations: Cannot read properties of undefined (reading &apos;0&apos;), Error checking table notifications: Cannot read properties of undefined (reading &apos;0&apos;), Error checking table settings: Cannot read properties of undefined (reading &apos;0&apos;) 

            </system-out>
            <system-err>
[Test Setup] Uncaught exception (logged, not rethrown): __vite_ssr_import_0__.disablePerformanceTracking is not a function

            </system-err>
        </testcase>
        <testcase classname="tests/integration/auth.test.js" name="Auth Integration &gt; should require email and password" time="0.003536667">
            <system-out>
2026-01-04T14:53:26.992Z [34mdebug[39m: [e1772013-55da-4b81-9241-692236888685] Incoming POST /api/auth/login 

[Index] Pre-Gateway: /api/auth/login

2026-01-04T14:53:26.993Z [33mwarn[39m: [e1772013-55da-4b81-9241-692236888685] Performance metric {&quot;method&quot;:&quot;POST&quot;,&quot;path&quot;:&quot;/api/auth/login&quot;,&quot;statusCode&quot;:400,&quot;responseTime&quot;:1,&quot;dbQueryCount&quot;:0,&quot;dbQueryTime&quot;:0,&quot;memoryDelta&quot;:{&quot;heapUsed&quot;:85944,&quot;external&quot;:405,&quot;rss&quot;:32768},&quot;userId&quot;:null,&quot;organizationId&quot;:null,&quot;isSlow&quot;:false,&quot;isError&quot;:true}

            </system-out>
            <system-err>
[Test Setup] Uncaught exception (logged, not rethrown): __vite_ssr_import_0__.disablePerformanceTracking is not a function

            </system-err>
        </testcase>
        <testcase classname="tests/integration/auth.test.js" name="Auth Integration &gt; should validate token via /api/auth/me" time="0.02514625">
            <system-out>
2026-01-04T14:53:26.995Z [34mdebug[39m: [e0ca7796-d6f7-4ea6-bf90-0ff4cd8a088a] Incoming POST /api/auth/login 

[Index] Pre-Gateway: /api/auth/login

[Auth] Login request received for: auth-1767538402277@dbr77.com

2026-01-04T14:53:27.013Z [34mdebug[39m: [44c96f95-f8ec-4b8a-9a15-6f21e7abfeba] Incoming GET /api/auth/me 
[Index] Pre-Gateway: /api/auth/me

            </system-out>
            <system-err>
[Test Setup] Uncaught exception (logged, not rethrown): __vite_ssr_import_0__.disablePerformanceTracking is not a function

[Test Setup] Uncaught exception (logged, not rethrown): __vite_ssr_import_0__.disablePerformanceTracking is not a function

            </system-err>
        </testcase>
        <testcase classname="tests/integration/auth.test.js" name="Auth Integration &gt; should reject invalid token" time="0.001836375">
            <system-out>
2026-01-04T14:53:27.020Z [34mdebug[39m: [4da459e4-3714-4135-b651-c8e7b52aaf84] Incoming GET /api/auth/me 
[Index] Pre-Gateway: /api/auth/me

2026-01-04T14:53:27.021Z [33mwarn[39m: [4da459e4-3714-4135-b651-c8e7b52aaf84] Performance metric {&quot;method&quot;:&quot;GET&quot;,&quot;path&quot;:&quot;/api/auth/me&quot;,&quot;statusCode&quot;:401,&quot;responseTime&quot;:1,&quot;dbQueryCount&quot;:0,&quot;dbQueryTime&quot;:0,&quot;memoryDelta&quot;:{&quot;heapUsed&quot;:68520,&quot;external&quot;:451,&quot;rss&quot;:32768},&quot;userId&quot;:null,&quot;organizationId&quot;:null,&quot;isSlow&quot;:false,&quot;isError&quot;:true}

            </system-out>
            <system-err>
[AuthMiddleware] Verification failed: jwt malformed

[Test Setup] Uncaught exception (logged, not rethrown): __vite_ssr_import_0__.disablePerformanceTracking is not a function

            </system-err>
        </testcase>
        <testcase classname="tests/integration/auth.test.js" name="Auth Integration &gt; should reject request without token" time="0.001202584">
            <system-out>
2026-01-04T14:53:27.022Z [34mdebug[39m: [cf266b0d-b648-4ec2-9f75-af001e5122e9] Incoming GET /api/auth/me 
[Index] Pre-Gateway: /api/auth/me

2026-01-04T14:53:27.022Z [33mwarn[39m: [cf266b0d-b648-4ec2-9f75-af001e5122e9] Performance metric {&quot;method&quot;:&quot;GET&quot;,&quot;path&quot;:&quot;/api/auth/me&quot;,&quot;statusCode&quot;:403,&quot;responseTime&quot;:0,&quot;dbQueryCount&quot;:0,&quot;dbQueryTime&quot;:0,&quot;memoryDelta&quot;:{&quot;heapUsed&quot;:-232344,&quot;external&quot;:271,&quot;rss&quot;:32768},&quot;userId&quot;:null,&quot;organizationId&quot;:null,&quot;isSlow&quot;:false,&quot;isError&quot;:true}

            </system-out>
            <system-err>
[Test Setup] Uncaught exception (logged, not rethrown): __vite_ssr_import_0__.disablePerformanceTracking is not a function

            </system-err>
        </testcase>
        <testcase classname="tests/integration/auth.test.js" name="Auth Integration &gt; Multi-Tenant Isolation &gt; should return correct organizationId in /me endpoint" time="0.0072585">
            <system-out>
2026-01-04T14:53:27.077Z [34mdebug[39m: [b858a199-7b19-4eca-a30b-8c03fd286f8e] Incoming GET /api/auth/me 
[Index] Pre-Gateway: /api/auth/me

2026-01-04T14:53:27.079Z [34mdebug[39m: [25abe7cc-93b6-4051-b3a8-28559a4acd19] Incoming GET /api/auth/me 
[Index] Pre-Gateway: /api/auth/me

            </system-out>
            <system-err>
[Test Setup] Uncaught exception (logged, not rethrown): __vite_ssr_import_0__.disablePerformanceTracking is not a function

[Test Setup] Uncaught exception (logged, not rethrown): __vite_ssr_import_0__.disablePerformanceTracking is not a function

            </system-err>
        </testcase>
    </testsuite>
    <testsuite name="tests/integration/apiOptimization.test.ts" timestamp="2026-01-04T14:53:27.272Z" hostname="MacBook-Pro-Piotr.local" tests="1" failures="1" errors="0" skipped="0" time="0">
        <testcase classname="tests/integration/apiOptimization.test.ts" name="tests/integration/apiOptimization.test.ts" time="0">
            <system-out>
[Database:DEBUG] MOCK_DB: true NODE_ENV: test shouldMock: [33mtrue[39m

[Database] Mocking database for tests

[MockDB] run called {
  sql: [32m&apos;\n&apos;[39m +
    [32m&apos;                CREATE TABLE IF NOT EXISTS ai_drafts (\n&apos;[39m +
    [32m&apos;                    id TEXT PRIMARY KEY,\n&apos;[39m +
    [32m&apos;                    organization_id TEXT NOT NULL,\n&apos;[39m +
    [32m&apos;                    project_id TEXT,\n&apos;[39m +
    [32m&apos;                    user_id TEXT NOT NULL,\n&apos;[39m +
    [32m&apos;                    draft_type TEXT NOT NULL,\n&apos;[39m +
    [32m&apos;                    target_entity_type TEXT,\n&apos;[39m +
    [32m&apos;                    target_entity_id TEXT,\n&apos;[39m +
    [32m&apos;                    target_field TEXT,\n&apos;[39m +
    [32m&apos;                    original_content TEXT,\n&apos;[39m +
    [32m&apos;                    suggested_content TEXT NOT NULL,\n&apos;[39m +
    [32m&apos;                    diff_data TEXT,\n&apos;[39m +
    [32m&apos;                    confidence_score REAL DEFAULT 0.8,\n&apos;[39m +
    [32m&apos;                    reasoning TEXT,\n&apos;[39m +
    [32m&quot;                    status TEXT DEFAULT &apos;PENDING&apos;,\n&quot;[39m +
    [32m&apos;                    reviewed_by TEXT,\n&apos;[39m +
    [32m&apos;                    reviewed_at TEXT,\n&apos;[39m +
    [32m&apos;                    review_notes TEXT,\n&apos;[39m +
    [32m&apos;                    model_used TEXT,\n&apos;[39m +
    [32m&apos;                    prompt_id TEXT,\n&apos;[39m +
    [32m&apos;                    tokens_used INTEGER,\n&apos;[39m +
    [32m&apos;                    expires_at TEXT,\n&apos;[39m +
    [32m&quot;                    created_at TEXT DEFAULT (datetime(&apos;now&apos;))\n&quot;[39m +
    [32m&apos;                )\n&apos;[39m +
    [32m&apos;            &apos;[39m,
  hasCallback: [33mfalse[39m,
  paramsType: [32m&apos;function&apos;[39m
}
[MockDB] invoking callback
[MockDB] callback invoked successfully

[Redis] Initializing client...
[Redis] Using Mock Client

[Database:DEBUG] MOCK_DB: true NODE_ENV: test shouldMock: [33mtrue[39m

[Database] Mocking database for tests

[Database:DEBUG] MOCK_DB: true NODE_ENV: test shouldMock: [33mtrue[39m

[Database] Mocking database for tests

[MockDB] run called {
  sql: [32m&apos;\n&apos;[39m +
    [32m&apos;                CREATE TABLE IF NOT EXISTS ai_drafts (\n&apos;[39m +
    [32m&apos;                    id TEXT PRIMARY KEY,\n&apos;[39m +
    [32m&apos;                    organization_id TEXT NOT NULL,\n&apos;[39m +
    [32m&apos;                    project_id TEXT,\n&apos;[39m +
    [32m&apos;                    user_id TEXT NOT NULL,\n&apos;[39m +
    [32m&apos;                    draft_type TEXT NOT NULL,\n&apos;[39m +
    [32m&apos;                    target_entity_type TEXT,\n&apos;[39m +
    [32m&apos;                    target_entity_id TEXT,\n&apos;[39m +
    [32m&apos;                    target_field TEXT,\n&apos;[39m +
    [32m&apos;                    original_content TEXT,\n&apos;[39m +
    [32m&apos;                    suggested_content TEXT NOT NULL,\n&apos;[39m +
    [32m&apos;                    diff_data TEXT,\n&apos;[39m +
    [32m&apos;                    confidence_score REAL DEFAULT 0.8,\n&apos;[39m +
    [32m&apos;                    reasoning TEXT,\n&apos;[39m +
    [32m&quot;                    status TEXT DEFAULT &apos;PENDING&apos;,\n&quot;[39m +
    [32m&apos;                    reviewed_by TEXT,\n&apos;[39m +
    [32m&apos;                    reviewed_at TEXT,\n&apos;[39m +
    [32m&apos;                    review_notes TEXT,\n&apos;[39m +
    [32m&apos;                    model_used TEXT,\n&apos;[39m +
    [32m&apos;                    prompt_id TEXT,\n&apos;[39m +
    [32m&apos;                    tokens_used INTEGER,\n&apos;[39m +
    [32m&apos;                    expires_at TEXT,\n&apos;[39m +
    [32m&quot;                    created_at TEXT DEFAULT (datetime(&apos;now&apos;))\n&quot;[39m +
    [32m&apos;                )\n&apos;[39m +
    [32m&apos;            &apos;[39m,
  hasCallback: [33mfalse[39m,
  paramsType: [32m&apos;function&apos;[39m
}
[MockDB] invoking callback
[MockDB] callback invoked successfully

[Redis] Initializing client...
[Redis] Using Mock Client

[Database:DEBUG] MOCK_DB: true NODE_ENV: test shouldMock: [33mtrue[39m

[Database] Mocking database for tests

[MockDB] run called {
  sql: [32m&apos;\n&apos;[39m +
    [32m&apos;                CREATE TABLE IF NOT EXISTS ai_drafts (\n&apos;[39m +
    [32m&apos;                    id TEXT PRIMARY KEY,\n&apos;[39m +
    [32m&apos;                    organization_id TEXT NOT NULL,\n&apos;[39m +
    [32m&apos;                    project_id TEXT,\n&apos;[39m +
    [32m&apos;                    user_id TEXT NOT NULL,\n&apos;[39m +
    [32m&apos;                    draft_type TEXT NOT NULL,\n&apos;[39m +
    [32m&apos;                    target_entity_type TEXT,\n&apos;[39m +
    [32m&apos;                    target_entity_id TEXT,\n&apos;[39m +
    [32m&apos;                    target_field TEXT,\n&apos;[39m +
    [32m&apos;                    original_content TEXT,\n&apos;[39m +
    [32m&apos;                    suggested_content TEXT NOT NULL,\n&apos;[39m +
    [32m&apos;                    diff_data TEXT,\n&apos;[39m +
    [32m&apos;                    confidence_score REAL DEFAULT 0.8,\n&apos;[39m +
    [32m&apos;                    reasoning TEXT,\n&apos;[39m +
    [32m&quot;                    status TEXT DEFAULT &apos;PENDING&apos;,\n&quot;[39m +
    [32m&apos;                    reviewed_by TEXT,\n&apos;[39m +
    [32m&apos;                    reviewed_at TEXT,\n&apos;[39m +
    [32m&apos;                    review_notes TEXT,\n&apos;[39m +
    [32m&apos;                    model_used TEXT,\n&apos;[39m +
    [32m&apos;                    prompt_id TEXT,\n&apos;[39m +
    [32m&apos;                    tokens_used INTEGER,\n&apos;[39m +
    [32m&apos;                    expires_at TEXT,\n&apos;[39m +
    [32m&quot;                    created_at TEXT DEFAULT (datetime(&apos;now&apos;))\n&quot;[39m +
    [32m&apos;                )\n&apos;[39m +
    [32m&apos;            &apos;[39m,
  hasCallback: [33mfalse[39m,
  paramsType: [32m&apos;function&apos;[39m
}
[MockDB] invoking callback
[MockDB] callback invoked successfully

[Redis] Initializing client...
[Redis] Using Mock Client

[Database:DEBUG] MOCK_DB: true NODE_ENV: test shouldMock: [33mtrue[39m

[Database] Mocking database for tests

[MockDB] run called {
  sql: [32m&apos;\n&apos;[39m +
    [32m&apos;                CREATE TABLE IF NOT EXISTS ai_drafts (\n&apos;[39m +
    [32m&apos;                    id TEXT PRIMARY KEY,\n&apos;[39m +
    [32m&apos;                    organization_id TEXT NOT NULL,\n&apos;[39m +
    [32m&apos;                    project_id TEXT,\n&apos;[39m +
    [32m&apos;                    user_id TEXT NOT NULL,\n&apos;[39m +
    [32m&apos;                    draft_type TEXT NOT NULL,\n&apos;[39m +
    [32m&apos;                    target_entity_type TEXT,\n&apos;[39m +
    [32m&apos;                    target_entity_id TEXT,\n&apos;[39m +
    [32m&apos;                    target_field TEXT,\n&apos;[39m +
    [32m&apos;                    original_content TEXT,\n&apos;[39m +
    [32m&apos;                    suggested_content TEXT NOT NULL,\n&apos;[39m +
    [32m&apos;                    diff_data TEXT,\n&apos;[39m +
    [32m&apos;                    confidence_score REAL DEFAULT 0.8,\n&apos;[39m +
    [32m&apos;                    reasoning TEXT,\n&apos;[39m +
    [32m&quot;                    status TEXT DEFAULT &apos;PENDING&apos;,\n&quot;[39m +
    [32m&apos;                    reviewed_by TEXT,\n&apos;[39m +
    [32m&apos;                    reviewed_at TEXT,\n&apos;[39m +
    [32m&apos;                    review_notes TEXT,\n&apos;[39m +
    [32m&apos;                    model_used TEXT,\n&apos;[39m +
    [32m&apos;                    prompt_id TEXT,\n&apos;[39m +
    [32m&apos;                    tokens_used INTEGER,\n&apos;[39m +
    [32m&apos;                    expires_at TEXT,\n&apos;[39m +
    [32m&quot;                    created_at TEXT DEFAULT (datetime(&apos;now&apos;))\n&quot;[39m +
    [32m&apos;                )\n&apos;[39m +
    [32m&apos;            &apos;[39m,
  hasCallback: [33mfalse[39m,
  paramsType: [32m&apos;function&apos;[39m
}
[MockDB] invoking callback
[MockDB] callback invoked successfully

[Redis] Initializing client...
[Redis] Using Mock Client

            </system-out>
            <system-err>
[Test Setup] Unhandled rejection (logged, not rethrown): Cannot find module &apos;/services/ai/aiMemoryMetricsService.js&apos; imported from &apos;/Users/piotrwisniewski/Documents/Antygracity/DRD/consultify/server/src/utils/lazyServiceLoader.ts&apos;

[Test Setup] Unhandled rejection (logged, not rethrown): Cannot find module &apos;/services/ai/aiMemoryMetricsService.js&apos; imported from &apos;/Users/piotrwisniewski/Documents/Antygracity/DRD/consultify/server/src/utils/lazyServiceLoader.ts&apos;

[Test Setup] Unhandled rejection (logged, not rethrown): Cannot find module &apos;/services/ai/aiMemoryMetricsService.js&apos; imported from &apos;/Users/piotrwisniewski/Documents/Antygracity/DRD/consultify/server/src/utils/lazyServiceLoader.ts&apos;

            </system-err>
            <failure message="[vitest] No &quot;default&quot; export is defined on the &quot;../../server/src/middleware/orgContext.middleware.js&quot; mock. Did you forget to return it from &quot;vi.mock&quot;?
If you need to partially mock a module, you can use &quot;importOriginal&quot; helper inside:
" type="Error">
Error: [vitest] No &quot;default&quot; export is defined on the &quot;../../server/src/middleware/orgContext.middleware.js&quot; mock. Did you forget to return it from &quot;vi.mock&quot;?
If you need to partially mock a module, you can use &quot;importOriginal&quot; helper inside:

vi.mock(import(&quot;../../server/src/middleware/orgContext.middleware.js&quot;), async (importOriginal) =&gt; {
  const actual = await importOriginal()
  return {
    ...actual,
    // your mocked methods
  }
})

 ❯ server/src/routes/apiKeys.routes.ts:23:12
 ❯ server/src/Gateway.ts:36:1
            </failure>
        </testcase>
    </testsuite>
    <testsuite name="tests/integration/apiFullFlow.test.js" timestamp="2026-01-04T14:53:27.273Z" hostname="MacBook-Pro-Piotr.local" tests="3" failures="0" errors="0" skipped="0" time="5.063526375">
        <testcase classname="tests/integration/apiFullFlow.test.js" name="Integration Test: Full API Flow &gt; Project Lifecycle &gt; should create, read, update, and delete a project" time="0.165262625">
            <system-out>
2026-01-04T14:53:22.866Z [34mdebug[39m: [eb432c34-5749-4e1a-b48f-4630f09f73c4] Incoming POST /api/projects 
[Index] Pre-Gateway: /api/projects

2026-01-04T14:53:22.901Z [34mdebug[39m: [c34b8621-d126-4479-9e32-6cc478603957] Incoming GET /api/projects/ee7bb543-fab9-4b97-8117-79744a07b82a 
[Index] Pre-Gateway: /api/projects/ee7bb543-fab9-4b97-8117-79744a07b82a

2026-01-04T14:53:22.955Z [34mdebug[39m: [df8443c4-58b5-43ed-8487-fb2a06980b44] Incoming PUT /api/projects/ee7bb543-fab9-4b97-8117-79744a07b82a 
[Index] Pre-Gateway: /api/projects/ee7bb543-fab9-4b97-8117-79744a07b82a

2026-01-04T14:53:23.011Z [34mdebug[39m: [26198b28-b915-40a1-8f3d-37b5501596a9] Incoming DELETE /api/projects/ee7bb543-fab9-4b97-8117-79744a07b82a 
[Index] Pre-Gateway: /api/projects/ee7bb543-fab9-4b97-8117-79744a07b82a

            </system-out>
            <system-err>
[Test Setup] Uncaught exception (logged, not rethrown): __vite_ssr_import_0__.disablePerformanceTracking is not a function

[Test Setup] Uncaught exception (logged, not rethrown): __vite_ssr_import_0__.disablePerformanceTracking is not a function

[Test Setup] Uncaught exception (logged, not rethrown): __vite_ssr_import_0__.disablePerformanceTracking is not a function

[Test Setup] Uncaught exception (logged, not rethrown): __vite_ssr_import_0__.disablePerformanceTracking is not a function

            </system-err>
        </testcase>
        <testcase classname="tests/integration/apiFullFlow.test.js" name="Integration Test: Full API Flow &gt; Task Lifecycle &gt; should create and manage tasks" time="0.162963459">
            <system-out>
2026-01-04T14:53:23.046Z [34mdebug[39m: [ac954b11-8b62-4af0-a578-516b639a989b] Incoming POST /api/tasks 
[Index] Pre-Gateway: /api/tasks

2026-01-04T14:53:23.082Z [34mdebug[39m: [f93436f2-71a4-4c3e-afde-817a70cb2689] Incoming PUT /api/tasks/2791c92b-8d44-4621-a9ad-3833be84f9d4 
[Index] Pre-Gateway: /api/tasks/2791c92b-8d44-4621-a9ad-3833be84f9d4

            </system-out>
            <system-err>
[Test Setup] Uncaught exception (logged, not rethrown): __vite_ssr_import_0__.disablePerformanceTracking is not a function

[DB:Promise] Statement error {
  error: [32m&apos;SQLITE_ERROR: no such table: task_history&apos;[39m,
  sql: [32m&apos;INSERT INTO task_history (id, task_id, field, old_value, new_value, changed_by) VALUES (?, ?, ?, ?, &apos;[39m
}

[Test Setup] Uncaught exception (logged, not rethrown): __vite_ssr_import_0__.disablePerformanceTracking is not a function

            </system-err>
        </testcase>
        <testcase classname="tests/integration/apiFullFlow.test.js" name="Integration Test: Full API Flow &gt; Session Management &gt; should save and retrieve session data" time="0.090852333">
            <system-out>
2026-01-04T14:53:23.225Z [34mdebug[39m: [8dd2f78d-4c58-47a2-985d-058e85a2c675] Incoming POST /api/sessions 
[Index] Pre-Gateway: /api/sessions

2026-01-04T14:53:23.290Z [34mdebug[39m: [6fd00eb2-734e-42cb-927b-41f07c52862c] Incoming GET /api/sessions 
[Index] Pre-Gateway: /api/sessions

            </system-out>
            <system-err>
[Test Setup] Uncaught exception (logged, not rethrown): __vite_ssr_import_0__.disablePerformanceTracking is not a function

[Test Setup] Uncaught exception (logged, not rethrown): __vite_ssr_import_0__.disablePerformanceTracking is not a function

            </system-err>
        </testcase>
    </testsuite>
    <testsuite name="tests/integration/errorHandling.test.js" timestamp="2026-01-04T14:53:27.274Z" hostname="MacBook-Pro-Piotr.local" tests="18" failures="1" errors="0" skipped="17" time="8.195523375">
        <testcase classname="tests/integration/errorHandling.test.js" name="Error Handling &amp; Resilience &gt; API Error Responses &gt; should return 404 for non-existent routes" time="0">
            <skipped/>
        </testcase>
        <testcase classname="tests/integration/errorHandling.test.js" name="Error Handling &amp; Resilience &gt; API Error Responses &gt; should return 400 for invalid request body" time="0">
            <skipped/>
        </testcase>
        <testcase classname="tests/integration/errorHandling.test.js" name="Error Handling &amp; Resilience &gt; API Error Responses &gt; should return 401 for unauthenticated requests" time="0">
            <skipped/>
        </testcase>
        <testcase classname="tests/integration/errorHandling.test.js" name="Error Handling &amp; Resilience &gt; API Error Responses &gt; should handle malformed JSON gracefully" time="0">
            <skipped/>
        </testcase>
        <testcase classname="tests/integration/errorHandling.test.js" name="Error Handling &amp; Resilience &gt; API Error Responses &gt; should handle missing required fields" time="0">
            <skipped/>
        </testcase>
        <testcase classname="tests/integration/errorHandling.test.js" name="Error Handling &amp; Resilience &gt; Database Error Handling &gt; should handle database connection errors gracefully" time="0">
            <skipped/>
        </testcase>
        <testcase classname="tests/integration/errorHandling.test.js" name="Error Handling &amp; Resilience &gt; Database Error Handling &gt; should return proper error format for database constraint violations" time="0">
            <skipped/>
        </testcase>
        <testcase classname="tests/integration/errorHandling.test.js" name="Error Handling &amp; Resilience &gt; Async Error Handling &gt; should handle async route errors without crashing" time="0">
            <skipped/>
        </testcase>
        <testcase classname="tests/integration/errorHandling.test.js" name="Error Handling &amp; Resilience &gt; Async Error Handling &gt; should handle promise rejections in routes" time="0">
            <skipped/>
        </testcase>
        <testcase classname="tests/integration/errorHandling.test.js" name="Error Handling &amp; Resilience &gt; Error Response Format &gt; should return consistent error format" time="0">
            <skipped/>
        </testcase>
        <testcase classname="tests/integration/errorHandling.test.js" name="Error Handling &amp; Resilience &gt; Error Response Format &gt; should include error code in response" time="0">
            <skipped/>
        </testcase>
        <testcase classname="tests/integration/errorHandling.test.js" name="Error Handling &amp; Resilience &gt; Error Response Format &gt; should include timestamp in error response" time="0">
            <skipped/>
        </testcase>
        <testcase classname="tests/integration/errorHandling.test.js" name="Error Handling &amp; Resilience &gt; Rate Limiting Error Handling &gt; should return 429 for rate limit exceeded" time="0">
            <skipped/>
        </testcase>
        <testcase classname="tests/integration/errorHandling.test.js" name="Error Handling &amp; Resilience &gt; Server Resilience &gt; should not crash on invalid input" time="0">
            <skipped/>
        </testcase>
        <testcase classname="tests/integration/errorHandling.test.js" name="Error Handling &amp; Resilience &gt; Server Resilience &gt; should handle concurrent error requests" time="0">
            <skipped/>
        </testcase>
        <testcase classname="tests/integration/errorHandling.test.js" name="Error Handling &amp; Resilience &gt; Server Resilience &gt; should recover from errors and continue serving requests" time="0">
            <skipped/>
        </testcase>
        <testcase classname="tests/integration/errorHandling.test.js" name="Error Handling &amp; Resilience &gt; Error Logging &gt; should log errors without exposing sensitive data" time="0">
            <skipped/>
        </testcase>
        <testcase classname="tests/integration/errorHandling.test.js" name="Error Handling &amp; Resilience" time="8.194982542">
            <system-out>
[Database] Mocking database for tests

[Database:DEBUG] MOCK_DB: true NODE_ENV: test shouldMock: [33mtrue[39m

[Redis] Initializing client...
[Redis] Using Mock Client

[Database:DEBUG] MOCK_DB: true NODE_ENV: test shouldMock: [33mtrue[39m

            </system-out>
            <system-err>
[Test Setup] Unhandled rejection (logged, not rethrown): Cannot find module &apos;/services/ai/aiMemoryMetricsService.js&apos; imported from &apos;/Users/piotrwisniewski/Documents/Antygracity/DRD/consultify/server/src/utils/lazyServiceLoader.ts&apos;

            </system-err>
            <failure message="[vitest] No &quot;PermissionService&quot; export is defined on the &quot;../server/services/permissionService.js&quot; mock. Did you forget to return it from &quot;vi.mock&quot;?
If you need to partially mock a module, you can use &quot;importOriginal&quot; helper inside:
" type="Error">
Error: [vitest] No &quot;PermissionService&quot; export is defined on the &quot;../server/services/permissionService.js&quot; mock. Did you forget to return it from &quot;vi.mock&quot;?
If you need to partially mock a module, you can use &quot;importOriginal&quot; helper inside:

vi.mock(import(&quot;../server/services/permissionService.js&quot;), async (importOriginal) =&gt; {
  const actual = await importOriginal()
  return {
    ...actual,
    // your mocked methods
  }
})

 ❯ server/middleware/permissionMiddleware.js:14:5
 ❯ server/routes/economics.js:50:1
 ❯ server/src/routes/economics.routes.ts:12:16
 ❯ server/src/Gateway.ts:66:1
            </failure>
        </testcase>
    </testsuite>
    <testsuite name="tests/integration/routes/knowledge.test.js" timestamp="2026-01-04T14:53:27.276Z" hostname="MacBook-Pro-Piotr.local" tests="1" failures="1" errors="0" skipped="0" time="0">
        <testcase classname="tests/integration/routes/knowledge.test.js" name="tests/integration/routes/knowledge.test.js" time="0">
            <system-out>
[Database:DEBUG] MOCK_DB: true NODE_ENV: test shouldMock: [33mtrue[39m

[Database] Mocking database for tests

[MockDB] run called {
  sql: [32m&apos;\n&apos;[39m +
    [32m&apos;                CREATE TABLE IF NOT EXISTS ai_drafts (\n&apos;[39m +
    [32m&apos;                    id TEXT PRIMARY KEY,\n&apos;[39m +
    [32m&apos;                    organization_id TEXT NOT NULL,\n&apos;[39m +
    [32m&apos;                    project_id TEXT,\n&apos;[39m +
    [32m&apos;                    user_id TEXT NOT NULL,\n&apos;[39m +
    [32m&apos;                    draft_type TEXT NOT NULL,\n&apos;[39m +
    [32m&apos;                    target_entity_type TEXT,\n&apos;[39m +
    [32m&apos;                    target_entity_id TEXT,\n&apos;[39m +
    [32m&apos;                    target_field TEXT,\n&apos;[39m +
    [32m&apos;                    original_content TEXT,\n&apos;[39m +
    [32m&apos;                    suggested_content TEXT NOT NULL,\n&apos;[39m +
    [32m&apos;                    diff_data TEXT,\n&apos;[39m +
    [32m&apos;                    confidence_score REAL DEFAULT 0.8,\n&apos;[39m +
    [32m&apos;                    reasoning TEXT,\n&apos;[39m +
    [32m&quot;                    status TEXT DEFAULT &apos;PENDING&apos;,\n&quot;[39m +
    [32m&apos;                    reviewed_by TEXT,\n&apos;[39m +
    [32m&apos;                    reviewed_at TEXT,\n&apos;[39m +
    [32m&apos;                    review_notes TEXT,\n&apos;[39m +
    [32m&apos;                    model_used TEXT,\n&apos;[39m +
    [32m&apos;                    prompt_id TEXT,\n&apos;[39m +
    [32m&apos;                    tokens_used INTEGER,\n&apos;[39m +
    [32m&apos;                    expires_at TEXT,\n&apos;[39m +
    [32m&quot;                    created_at TEXT DEFAULT (datetime(&apos;now&apos;))\n&quot;[39m +
    [32m&apos;                )\n&apos;[39m +
    [32m&apos;            &apos;[39m,
  hasCallback: [33mfalse[39m,
  paramsType: [32m&apos;function&apos;[39m
}
[MockDB] invoking callback
[MockDB] callback invoked successfully

[Redis] Initializing client...
[Redis] Using Mock Client

[Database:DEBUG] MOCK_DB: true NODE_ENV: test shouldMock: [33mtrue[39m

[Database:DEBUG] MOCK_DB: true NODE_ENV: test shouldMock: [33mtrue[39m

[Database] Mocking database for tests

[Database:DEBUG] MOCK_DB: true NODE_ENV: test shouldMock: [33mtrue[39m

[Database] Mocking database for tests

[MockDB] run called {
  sql: [32m&apos;\n&apos;[39m +
    [32m&apos;                CREATE TABLE IF NOT EXISTS ai_drafts (\n&apos;[39m +
    [32m&apos;                    id TEXT PRIMARY KEY,\n&apos;[39m +
    [32m&apos;                    organization_id TEXT NOT NULL,\n&apos;[39m +
    [32m&apos;                    project_id TEXT,\n&apos;[39m +
    [32m&apos;                    user_id TEXT NOT NULL,\n&apos;[39m +
    [32m&apos;                    draft_type TEXT NOT NULL,\n&apos;[39m +
    [32m&apos;                    target_entity_type TEXT,\n&apos;[39m +
    [32m&apos;                    target_entity_id TEXT,\n&apos;[39m +
    [32m&apos;                    target_field TEXT,\n&apos;[39m +
    [32m&apos;                    original_content TEXT,\n&apos;[39m +
    [32m&apos;                    suggested_content TEXT NOT NULL,\n&apos;[39m +
    [32m&apos;                    diff_data TEXT,\n&apos;[39m +
    [32m&apos;                    confidence_score REAL DEFAULT 0.8,\n&apos;[39m +
    [32m&apos;                    reasoning TEXT,\n&apos;[39m +
    [32m&quot;                    status TEXT DEFAULT &apos;PENDING&apos;,\n&quot;[39m +
    [32m&apos;                    reviewed_by TEXT,\n&apos;[39m +
    [32m&apos;                    reviewed_at TEXT,\n&apos;[39m +
    [32m&apos;                    review_notes TEXT,\n&apos;[39m +
    [32m&apos;                    model_used TEXT,\n&apos;[39m +
    [32m&apos;                    prompt_id TEXT,\n&apos;[39m +
    [32m&apos;                    tokens_used INTEGER,\n&apos;[39m +
    [32m&apos;                    expires_at TEXT,\n&apos;[39m +
    [32m&quot;                    created_at TEXT DEFAULT (datetime(&apos;now&apos;))\n&quot;[39m +
    [32m&apos;                )\n&apos;[39m +
    [32m&apos;            &apos;[39m,
  hasCallback: [33mfalse[39m,
  paramsType: [32m&apos;function&apos;[39m
}
[MockDB] invoking callback
[MockDB] callback invoked successfully

[Redis] Initializing client...
[Redis] Using Mock Client

[Database:DEBUG] MOCK_DB: true NODE_ENV: test shouldMock: [33mtrue[39m

[Database:DEBUG] MOCK_DB: true NODE_ENV: test shouldMock: [33mtrue[39m

[Database] Mocking database for tests

[MockDB] run called {
  sql: [32m&apos;\n&apos;[39m +
    [32m&apos;                CREATE TABLE IF NOT EXISTS ai_drafts (\n&apos;[39m +
    [32m&apos;                    id TEXT PRIMARY KEY,\n&apos;[39m +
    [32m&apos;                    organization_id TEXT NOT NULL,\n&apos;[39m +
    [32m&apos;                    project_id TEXT,\n&apos;[39m +
    [32m&apos;                    user_id TEXT NOT NULL,\n&apos;[39m +
    [32m&apos;                    draft_type TEXT NOT NULL,\n&apos;[39m +
    [32m&apos;                    target_entity_type TEXT,\n&apos;[39m +
    [32m&apos;                    target_entity_id TEXT,\n&apos;[39m +
    [32m&apos;                    target_field TEXT,\n&apos;[39m +
    [32m&apos;                    original_content TEXT,\n&apos;[39m +
    [32m&apos;                    suggested_content TEXT NOT NULL,\n&apos;[39m +
    [32m&apos;                    diff_data TEXT,\n&apos;[39m +
    [32m&apos;                    confidence_score REAL DEFAULT 0.8,\n&apos;[39m +
    [32m&apos;                    reasoning TEXT,\n&apos;[39m +
    [32m&quot;                    status TEXT DEFAULT &apos;PENDING&apos;,\n&quot;[39m +
    [32m&apos;                    reviewed_by TEXT,\n&apos;[39m +
    [32m&apos;                    reviewed_at TEXT,\n&apos;[39m +
    [32m&apos;                    review_notes TEXT,\n&apos;[39m +
    [32m&apos;                    model_used TEXT,\n&apos;[39m +
    [32m&apos;                    prompt_id TEXT,\n&apos;[39m +
    [32m&apos;                    tokens_used INTEGER,\n&apos;[39m +
    [32m&apos;                    expires_at TEXT,\n&apos;[39m +
    [32m&quot;                    created_at TEXT DEFAULT (datetime(&apos;now&apos;))\n&quot;[39m +
    [32m&apos;                )\n&apos;[39m +
    [32m&apos;            &apos;[39m,
  hasCallback: [33mfalse[39m,
  paramsType: [32m&apos;function&apos;[39m
}
[MockDB] invoking callback
[MockDB] callback invoked successfully

[Redis] Initializing client...
[Redis] Using Mock Client

[Database:DEBUG] MOCK_DB: true NODE_ENV: test shouldMock: [33mtrue[39m

[Database:DEBUG] MOCK_DB: true NODE_ENV: test shouldMock: [33mtrue[39m

[Database] Mocking database for tests

[MockDB] run called {
  sql: [32m&apos;\n&apos;[39m +
    [32m&apos;                CREATE TABLE IF NOT EXISTS ai_drafts (\n&apos;[39m +
    [32m&apos;                    id TEXT PRIMARY KEY,\n&apos;[39m +
    [32m&apos;                    organization_id TEXT NOT NULL,\n&apos;[39m +
    [32m&apos;                    project_id TEXT,\n&apos;[39m +
    [32m&apos;                    user_id TEXT NOT NULL,\n&apos;[39m +
    [32m&apos;                    draft_type TEXT NOT NULL,\n&apos;[39m +
    [32m&apos;                    target_entity_type TEXT,\n&apos;[39m +
    [32m&apos;                    target_entity_id TEXT,\n&apos;[39m +
    [32m&apos;                    target_field TEXT,\n&apos;[39m +
    [32m&apos;                    original_content TEXT,\n&apos;[39m +
    [32m&apos;                    suggested_content TEXT NOT NULL,\n&apos;[39m +
    [32m&apos;                    diff_data TEXT,\n&apos;[39m +
    [32m&apos;                    confidence_score REAL DEFAULT 0.8,\n&apos;[39m +
    [32m&apos;                    reasoning TEXT,\n&apos;[39m +
    [32m&quot;                    status TEXT DEFAULT &apos;PENDING&apos;,\n&quot;[39m +
    [32m&apos;                    reviewed_by TEXT,\n&apos;[39m +
    [32m&apos;                    reviewed_at TEXT,\n&apos;[39m +
    [32m&apos;                    review_notes TEXT,\n&apos;[39m +
    [32m&apos;                    model_used TEXT,\n&apos;[39m +
    [32m&apos;                    prompt_id TEXT,\n&apos;[39m +
    [32m&apos;                    tokens_used INTEGER,\n&apos;[39m +
    [32m&apos;                    expires_at TEXT,\n&apos;[39m +
    [32m&quot;                    created_at TEXT DEFAULT (datetime(&apos;now&apos;))\n&quot;[39m +
    [32m&apos;                )\n&apos;[39m +
    [32m&apos;            &apos;[39m,
  hasCallback: [33mfalse[39m,
  paramsType: [32m&apos;function&apos;[39m
}
[MockDB] invoking callback
[MockDB] callback invoked successfully

[Redis] Initializing client...
[Redis] Using Mock Client

[Database:DEBUG] MOCK_DB: true NODE_ENV: test shouldMock: [33mtrue[39m

            </system-out>
            <system-err>
[Test Setup] Unhandled rejection (logged, not rethrown): Cannot find module &apos;/services/ai/aiMemoryMetricsService.js&apos; imported from &apos;/Users/piotrwisniewski/Documents/Antygracity/DRD/consultify/server/src/utils/lazyServiceLoader.ts&apos;

[Test Setup] Unhandled rejection (logged, not rethrown): Cannot find module &apos;/services/ai/aiMemoryMetricsService.js&apos; imported from &apos;/Users/piotrwisniewski/Documents/Antygracity/DRD/consultify/server/src/utils/lazyServiceLoader.ts&apos;

[Test Setup] Unhandled rejection (logged, not rethrown): Cannot find module &apos;/services/ai/aiMemoryMetricsService.js&apos; imported from &apos;/Users/piotrwisniewski/Documents/Antygracity/DRD/consultify/server/src/utils/lazyServiceLoader.ts&apos;

            </system-err>
            <failure message="[vitest] No &quot;PermissionService&quot; export is defined on the &quot;../server/services/permissionService.js&quot; mock. Did you forget to return it from &quot;vi.mock&quot;?
If you need to partially mock a module, you can use &quot;importOriginal&quot; helper inside:
" type="Error">
Error: [vitest] No &quot;PermissionService&quot; export is defined on the &quot;../server/services/permissionService.js&quot; mock. Did you forget to return it from &quot;vi.mock&quot;?
If you need to partially mock a module, you can use &quot;importOriginal&quot; helper inside:

vi.mock(import(&quot;../server/services/permissionService.js&quot;), async (importOriginal) =&gt; {
  const actual = await importOriginal()
  return {
    ...actual,
    // your mocked methods
  }
})

 ❯ server/middleware/permissionMiddleware.js:14:5
 ❯ server/routes/economics.js:50:1
 ❯ server/src/routes/economics.routes.ts:12:16
 ❯ server/src/Gateway.ts:66:1
            </failure>
        </testcase>
    </testsuite>
    <testsuite name="tests/integration/api.test.ts" timestamp="2026-01-04T14:53:27.277Z" hostname="MacBook-Pro-Piotr.local" tests="2" failures="0" errors="0" skipped="0" time="4.410254125">
        <testcase classname="tests/integration/api.test.ts" name="API Integration &gt; GET /ping should return 200 pong" time="0.024746708">
            <system-out>
Testing /ping...

2026-01-04T14:53:22.907Z [32minfo[39m: [DatabaseInitializer] Starting database initialization... 

2026-01-04T14:53:22.907Z [32minfo[39m: [DatabaseInitializer] Database type: sqlite 

2026-01-04T14:53:22.907Z [33mwarn[39m: [DatabaseInitializer] SQLite schema incomplete. Missing tables: organizations, users, sessions, projects, tasks, teams, invitations, notifications, settings 
2026-01-04T14:53:22.907Z [32minfo[39m: [DatabaseInitializer] SQLite schema should be initialized by database.sqlite.active.js 

Ping result: [33m200[39m pong

            </system-out>
        </testcase>
        <testcase classname="tests/integration/api.test.ts" name="API Integration &gt; GET /health should return 200 OK" time="0.02807575">
            <system-out>
Testing /api/health...

Health result: [33m200[39m

            </system-out>
        </testcase>
    </testsuite>
</testsuites>
