<?xml version="1.0" encoding="UTF-8" ?>
<testsuites name="vitest tests" tests="1416" failures="196" errors="0" time="23.141592616">
    <testsuite name="tests/unit/actionProposalEngine.test.js" timestamp="2025-12-21T15:18:08.886Z" hostname="MacBook-Pro-Piotr.local" tests="6" failures="0" errors="0" skipped="0" time="0.24941525">
        <testcase classname="tests/unit/actionProposalEngine.test.js" name="ActionProposalEngine &gt; should generate proposals for USER_AT_RISK" time="0.006702584">
        </testcase>
        <testcase classname="tests/unit/actionProposalEngine.test.js" name="ActionProposalEngine &gt; should generate proposals for BLOCKED_INITIATIVE" time="0.000213583">
        </testcase>
        <testcase classname="tests/unit/actionProposalEngine.test.js" name="ActionProposalEngine &gt; should generate proposals for STRONG_TEAM_MEMBER" time="0.000168958">
        </testcase>
        <testcase classname="tests/unit/actionProposalEngine.test.js" name="ActionProposalEngine &gt; should be deterministic (return same output for same input)" time="0.000150292">
        </testcase>
        <testcase classname="tests/unit/actionProposalEngine.test.js" name="ActionProposalEngine &gt; should return sorted proposals by proposal_id" time="0.00031175">
        </testcase>
        <testcase classname="tests/unit/actionProposalEngine.test.js" name="ActionProposalEngine &gt; should adhere to the mandatory output model" time="0.000337084">
        </testcase>
    </testsuite>
    <testsuite name="tests/unit/aiPlaybookRoutingEngine.test.js" timestamp="2025-12-21T15:18:08.889Z" hostname="MacBook-Pro-Piotr.local" tests="29" failures="0" errors="0" skipped="0" time="0.128890917">
        <testcase classname="tests/unit/aiPlaybookRoutingEngine.test.js" name="AIPlaybookRoutingEngine &gt; evaluateCondition &gt; metric_lte &gt; should match when metric is less than threshold" time="0.000728667">
        </testcase>
        <testcase classname="tests/unit/aiPlaybookRoutingEngine.test.js" name="AIPlaybookRoutingEngine &gt; evaluateCondition &gt; metric_lte &gt; should match when metric equals threshold" time="0.0001045">
        </testcase>
        <testcase classname="tests/unit/aiPlaybookRoutingEngine.test.js" name="AIPlaybookRoutingEngine &gt; evaluateCondition &gt; metric_lte &gt; should not match when metric is greater than threshold" time="0.000069125">
        </testcase>
        <testcase classname="tests/unit/aiPlaybookRoutingEngine.test.js" name="AIPlaybookRoutingEngine &gt; evaluateCondition &gt; metric_lte &gt; should not match when metric is not found" time="0.000073875">
        </testcase>
        <testcase classname="tests/unit/aiPlaybookRoutingEngine.test.js" name="AIPlaybookRoutingEngine &gt; evaluateCondition &gt; metric_lte &gt; should return false for invalid format" time="0.000068833">
        </testcase>
        <testcase classname="tests/unit/aiPlaybookRoutingEngine.test.js" name="AIPlaybookRoutingEngine &gt; evaluateCondition &gt; metric_gte &gt; should match when metric is greater than threshold" time="0.000069083">
        </testcase>
        <testcase classname="tests/unit/aiPlaybookRoutingEngine.test.js" name="AIPlaybookRoutingEngine &gt; evaluateCondition &gt; metric_gte &gt; should match when metric equals threshold" time="0.000047459">
        </testcase>
        <testcase classname="tests/unit/aiPlaybookRoutingEngine.test.js" name="AIPlaybookRoutingEngine &gt; evaluateCondition &gt; metric_gte &gt; should not match when metric is less than threshold" time="0.000037084">
        </testcase>
        <testcase classname="tests/unit/aiPlaybookRoutingEngine.test.js" name="AIPlaybookRoutingEngine &gt; evaluateCondition &gt; flag_eq &gt; should match when flag equals expected value" time="0.000051917">
        </testcase>
        <testcase classname="tests/unit/aiPlaybookRoutingEngine.test.js" name="AIPlaybookRoutingEngine &gt; evaluateCondition &gt; flag_eq &gt; should not match when flag does not equal expected value" time="0.000056292">
        </testcase>
        <testcase classname="tests/unit/aiPlaybookRoutingEngine.test.js" name="AIPlaybookRoutingEngine &gt; evaluateCondition &gt; flag_eq &gt; should work with string values" time="0.000041167">
        </testcase>
        <testcase classname="tests/unit/aiPlaybookRoutingEngine.test.js" name="AIPlaybookRoutingEngine &gt; evaluateCondition &gt; has_open_tasks &gt; should match when open tasks exist and condition is true" time="0.000044459">
        </testcase>
        <testcase classname="tests/unit/aiPlaybookRoutingEngine.test.js" name="AIPlaybookRoutingEngine &gt; evaluateCondition &gt; has_open_tasks &gt; should match when no open tasks and condition is false" time="0.000033042">
        </testcase>
        <testcase classname="tests/unit/aiPlaybookRoutingEngine.test.js" name="AIPlaybookRoutingEngine &gt; evaluateCondition &gt; has_open_tasks &gt; should recognize in_progress as open" time="0.000030709">
        </testcase>
        <testcase classname="tests/unit/aiPlaybookRoutingEngine.test.js" name="AIPlaybookRoutingEngine &gt; evaluateCondition &gt; has_open_tasks &gt; should recognize PENDING as open" time="0.000030541">
        </testcase>
        <testcase classname="tests/unit/aiPlaybookRoutingEngine.test.js" name="AIPlaybookRoutingEngine &gt; evaluateCondition &gt; signal_present &gt; should match when signal is present" time="0.000041334">
        </testcase>
        <testcase classname="tests/unit/aiPlaybookRoutingEngine.test.js" name="AIPlaybookRoutingEngine &gt; evaluateCondition &gt; signal_present &gt; should not match when signal is not present" time="0.000030958">
        </testcase>
        <testcase classname="tests/unit/aiPlaybookRoutingEngine.test.js" name="AIPlaybookRoutingEngine &gt; evaluateCondition &gt; signal_present &gt; should handle simple string signals" time="0.000044125">
        </testcase>
        <testcase classname="tests/unit/aiPlaybookRoutingEngine.test.js" name="AIPlaybookRoutingEngine &gt; evaluateCondition &gt; time_since_step_gte &gt; should match when enough time has passed" time="0.000175666">
        </testcase>
        <testcase classname="tests/unit/aiPlaybookRoutingEngine.test.js" name="AIPlaybookRoutingEngine &gt; evaluateCondition &gt; time_since_step_gte &gt; should not match when not enough time has passed" time="0.000051625">
        </testcase>
        <testcase classname="tests/unit/aiPlaybookRoutingEngine.test.js" name="AIPlaybookRoutingEngine &gt; evaluateCondition &gt; time_since_step_gte &gt; should not match when step timestamp not found" time="0.000041709">
        </testcase>
        <testcase classname="tests/unit/aiPlaybookRoutingEngine.test.js" name="AIPlaybookRoutingEngine &gt; evaluateCondition &gt; unknown conditions &gt; should fail safely for unknown condition type" time="0.000153417">
            <system-err>
[AIPlaybookRoutingEngine] Unknown condition type: unknown_condition

            </system-err>
        </testcase>
        <testcase classname="tests/unit/aiPlaybookRoutingEngine.test.js" name="AIPlaybookRoutingEngine &gt; evaluateCondition &gt; unknown conditions &gt; should fail safely for empty condition" time="0.000041583">
        </testcase>
        <testcase classname="tests/unit/aiPlaybookRoutingEngine.test.js" name="AIPlaybookRoutingEngine &gt; evaluateRouting &gt; should select first matching rule in first_match mode" time="0.000134375">
        </testcase>
        <testcase classname="tests/unit/aiPlaybookRoutingEngine.test.js" name="AIPlaybookRoutingEngine &gt; evaluateRouting &gt; should use else_goto when no rules match" time="0.000047375">
        </testcase>
        <testcase classname="tests/unit/aiPlaybookRoutingEngine.test.js" name="AIPlaybookRoutingEngine &gt; evaluateRouting &gt; should return null when no rules match and no else_goto" time="0.000049083">
        </testcase>
        <testcase classname="tests/unit/aiPlaybookRoutingEngine.test.js" name="AIPlaybookRoutingEngine &gt; evaluateRouting &gt; should use linear flow when no branch_rules defined" time="0.00003425">
        </testcase>
        <testcase classname="tests/unit/aiPlaybookRoutingEngine.test.js" name="AIPlaybookRoutingEngine &gt; evaluateRouting &gt; should record evaluation trace" time="0.000334125">
        </testcase>
        <testcase classname="tests/unit/aiPlaybookRoutingEngine.test.js" name="AIPlaybookRoutingEngine &gt; evaluateRouting &gt; should skip rules with invalid conditions" time="0.000044875">
        </testcase>
    </testsuite>
    <testsuite name="tests/unit/aiResponsePostProcessor.test.js" timestamp="2025-12-21T15:18:08.890Z" hostname="MacBook-Pro-Piotr.local" tests="20" failures="0" errors="0" skipped="0" time="0.1764145">
        <testcase classname="tests/unit/aiResponsePostProcessor.test.js" name="aiResponsePostProcessor &gt; Memory Prefix &gt; should add memory prefix when memory count &gt; 0" time="0.000880958">
        </testcase>
        <testcase classname="tests/unit/aiResponsePostProcessor.test.js" name="aiResponsePostProcessor &gt; Memory Prefix &gt; should NOT add memory prefix when memory count is 0" time="0.000201458">
        </testcase>
        <testcase classname="tests/unit/aiResponsePostProcessor.test.js" name="aiResponsePostProcessor &gt; Memory Prefix &gt; should NOT duplicate memory prefix if already present" time="0.000095917">
        </testcase>
        <testcase classname="tests/unit/aiResponsePostProcessor.test.js" name="aiResponsePostProcessor &gt; External Sources Prefix &gt; should add external prefix when external sources are used" time="0.000173541">
        </testcase>
        <testcase classname="tests/unit/aiResponsePostProcessor.test.js" name="aiResponsePostProcessor &gt; External Sources Prefix &gt; should NOT add external prefix when no external sources" time="0.000130666">
        </testcase>
        <testcase classname="tests/unit/aiResponsePostProcessor.test.js" name="aiResponsePostProcessor &gt; External Sources Prefix &gt; should NOT duplicate external prefix if already present" time="0.000071166">
        </testcase>
        <testcase classname="tests/unit/aiResponsePostProcessor.test.js" name="aiResponsePostProcessor &gt; Combined Prefixes &gt; should add both prefixes when both memory and external sources exist" time="0.000080041">
        </testcase>
        <testcase classname="tests/unit/aiResponsePostProcessor.test.js" name="aiResponsePostProcessor &gt; Combined Prefixes &gt; should maintain correct order: memory first, then external" time="0.000062959">
        </testcase>
        <testcase classname="tests/unit/aiResponsePostProcessor.test.js" name="aiResponsePostProcessor &gt; Edge Cases &gt; should handle empty response safely" time="0.000042291">
        </testcase>
        <testcase classname="tests/unit/aiResponsePostProcessor.test.js" name="aiResponsePostProcessor &gt; Edge Cases &gt; should handle null response safely" time="0.00005225">
        </testcase>
        <testcase classname="tests/unit/aiResponsePostProcessor.test.js" name="aiResponsePostProcessor &gt; Edge Cases &gt; should handle undefined context safely" time="0.000036166">
        </testcase>
        <testcase classname="tests/unit/aiResponsePostProcessor.test.js" name="aiResponsePostProcessor &gt; Edge Cases &gt; should handle null context safely" time="0.000030417">
        </testcase>
        <testcase classname="tests/unit/aiResponsePostProcessor.test.js" name="aiResponsePostProcessor &gt; Edge Cases &gt; should trim whitespace from response" time="0.000029625">
        </testcase>
        <testcase classname="tests/unit/aiResponsePostProcessor.test.js" name="aiResponsePostProcessor &gt; Helper Functions &gt; getMemoryCount &gt; should count previous decisions" time="0.000037125">
        </testcase>
        <testcase classname="tests/unit/aiResponsePostProcessor.test.js" name="aiResponsePostProcessor &gt; Helper Functions &gt; getMemoryCount &gt; should return memoryCount from projectMemory" time="0.000049083">
        </testcase>
        <testcase classname="tests/unit/aiResponsePostProcessor.test.js" name="aiResponsePostProcessor &gt; Helper Functions &gt; getMemoryCount &gt; should return 1 when PMO health snapshot exists" time="0.000037292">
        </testcase>
        <testcase classname="tests/unit/aiResponsePostProcessor.test.js" name="aiResponsePostProcessor &gt; Helper Functions &gt; getExternalSources &gt; should return externalSourcesUsed array" time="0.000304375">
        </testcase>
        <testcase classname="tests/unit/aiResponsePostProcessor.test.js" name="aiResponsePostProcessor &gt; Helper Functions &gt; getExternalSources &gt; should derive sources from fetchedData" time="0.000313625">
        </testcase>
        <testcase classname="tests/unit/aiResponsePostProcessor.test.js" name="aiResponsePostProcessor &gt; Helper Functions &gt; stripPrefixes &gt; should remove memory and external prefixes" time="0.000080583">
        </testcase>
        <testcase classname="tests/unit/aiResponsePostProcessor.test.js" name="aiResponsePostProcessor &gt; Helper Functions &gt; stripPrefixes &gt; should handle text without prefixes" time="0.000056041">
        </testcase>
    </testsuite>
    <testsuite name="tests/unit/aiRoleGuard.test.js" timestamp="2025-12-21T15:18:08.892Z" hostname="MacBook-Pro-Piotr.local" tests="16" failures="0" errors="0" skipped="0" time="0.174901">
        <testcase classname="tests/unit/aiRoleGuard.test.js" name="AI Role Guard &gt; Role Definitions &gt; should define three roles in correct hierarchy" time="0.000762542">
        </testcase>
        <testcase classname="tests/unit/aiRoleGuard.test.js" name="AI Role Guard &gt; Role Definitions &gt; should define capabilities for each role" time="0.000186458">
        </testcase>
        <testcase classname="tests/unit/aiRoleGuard.test.js" name="AI Role Guard &gt; Role Descriptions &gt; should return correct description for each role" time="0.000122875">
        </testcase>
        <testcase classname="tests/unit/aiRoleGuard.test.js" name="AI Role Guard &gt; Role Descriptions &gt; should default to ADVISOR description for unknown role" time="0.000055416">
        </testcase>
        <testcase classname="tests/unit/aiRoleGuard.test.js" name="AI Role Guard &gt; Action Capability Checks &gt; ADVISOR Role &gt; should allow explain actions" time="0.000180875">
        </testcase>
        <testcase classname="tests/unit/aiRoleGuard.test.js" name="AI Role Guard &gt; Action Capability Checks &gt; ADVISOR Role &gt; should block draft creation" time="0.000078708">
        </testcase>
        <testcase classname="tests/unit/aiRoleGuard.test.js" name="AI Role Guard &gt; Action Capability Checks &gt; ADVISOR Role &gt; should block execution actions" time="0.000062667">
        </testcase>
        <testcase classname="tests/unit/aiRoleGuard.test.js" name="AI Role Guard &gt; Action Capability Checks &gt; MANAGER Role &gt; should allow draft creation with approval required" time="0.000065083">
        </testcase>
        <testcase classname="tests/unit/aiRoleGuard.test.js" name="AI Role Guard &gt; Action Capability Checks &gt; MANAGER Role &gt; should block execution actions" time="0.000054042">
        </testcase>
        <testcase classname="tests/unit/aiRoleGuard.test.js" name="AI Role Guard &gt; Action Capability Checks &gt; OPERATOR Role &gt; should allow execution actions" time="0.000073958">
        </testcase>
        <testcase classname="tests/unit/aiRoleGuard.test.js" name="AI Role Guard &gt; Action Capability Checks &gt; OPERATOR Role &gt; should allow entity modifications" time="0.000067458">
        </testcase>
        <testcase classname="tests/unit/aiRoleGuard.test.js" name="AI Role Guard &gt; Mutation Validation &gt; should block all mutations for ADVISOR" time="0.000071292">
        </testcase>
        <testcase classname="tests/unit/aiRoleGuard.test.js" name="AI Role Guard &gt; Mutation Validation &gt; should allow mutations as drafts for MANAGER" time="0.000055042">
        </testcase>
        <testcase classname="tests/unit/aiRoleGuard.test.js" name="AI Role Guard &gt; Mutation Validation &gt; should allow direct mutations for OPERATOR" time="0.000050375">
        </testcase>
        <testcase classname="tests/unit/aiRoleGuard.test.js" name="AI Role Guard &gt; isActionBlocked &gt; should return blocked with required role for insufficient permissions" time="0.000083">
        </testcase>
        <testcase classname="tests/unit/aiRoleGuard.test.js" name="AI Role Guard &gt; isActionBlocked &gt; should return not blocked for allowed actions" time="0.000044833">
        </testcase>
    </testsuite>
    <testsuite name="tests/unit/analytics.service.test.ts" timestamp="2025-12-21T15:18:08.892Z" hostname="MacBook-Pro-Piotr.local" tests="8" failures="0" errors="0" skipped="0" time="0.212894375">
        <testcase classname="tests/unit/analytics.service.test.ts" name="Service Test: Analytics &gt; calculateAnalytics &gt; calculates analytics for empty arrays" time="0.000580292">
        </testcase>
        <testcase classname="tests/unit/analytics.service.test.ts" name="Service Test: Analytics &gt; calculateAnalytics &gt; calculates completion rate correctly" time="0.00015075">
        </testcase>
        <testcase classname="tests/unit/analytics.service.test.ts" name="Service Test: Analytics &gt; calculateAnalytics &gt; calculates initiative statistics" time="0.00012975">
        </testcase>
        <testcase classname="tests/unit/analytics.service.test.ts" name="Service Test: Analytics &gt; calculateAnalytics &gt; calculates total cost and benefit" time="0.000074042">
        </testcase>
        <testcase classname="tests/unit/analytics.service.test.ts" name="Service Test: Analytics &gt; generateBurnDownData &gt; generates burn down data for date range" time="0.000218833">
        </testcase>
        <testcase classname="tests/unit/analytics.service.test.ts" name="Service Test: Analytics &gt; generateBurnDownData &gt; handles empty task list" time="0.000053583">
        </testcase>
        <testcase classname="tests/unit/analytics.service.test.ts" name="Service Test: Analytics &gt; generateVelocityData &gt; generates velocity data for specified weeks" time="0.000100208">
        </testcase>
        <testcase classname="tests/unit/analytics.service.test.ts" name="Service Test: Analytics &gt; generateVelocityData &gt; uses default 8 weeks when not specified" time="0.000049709">
        </testcase>
    </testsuite>
    <testsuite name="tests/unit/api.service.test.ts" timestamp="2025-12-21T15:18:08.893Z" hostname="MacBook-Pro-Piotr.local" tests="6" failures="0" errors="0" skipped="0" time="0.179988416">
        <testcase classname="tests/unit/api.service.test.ts" name="Api Service Unit Tests &gt; login: should store token and return user on success" time="0.001785208">
            <system-out>
Api.login called: { email: &apos;test@test.com&apos;, url: &apos;/api/auth/login&apos; }

            </system-out>
        </testcase>
        <testcase classname="tests/unit/api.service.test.ts" name="Api Service Unit Tests &gt; login: should throw error on failure" time="0.001099041">
            <system-out>
Api.login called: { email: &apos;test@test.com&apos;, url: &apos;/api/auth/login&apos; }

            </system-out>
        </testcase>
        <testcase classname="tests/unit/api.service.test.ts" name="Api Service Unit Tests &gt; getUsers: should send Authorization header" time="0.000400208">
        </testcase>
        <testcase classname="tests/unit/api.service.test.ts" name="Api Service Unit Tests &gt; getLLMProviders: should return list" time="0.000116958">
        </testcase>
        <testcase classname="tests/unit/api.service.test.ts" name="Api Service Unit Tests &gt; indexKnowledgeFiles: should trigger indexing" time="0.000166208">
        </testcase>
        <testcase classname="tests/unit/api.service.test.ts" name="Api Service Unit Tests &gt; saveSession: should post data" time="0.000152792">
        </testcase>
    </testsuite>
    <testsuite name="tests/unit/asyncJobService.test.js" timestamp="2025-12-21T15:18:08.893Z" hostname="MacBook-Pro-Piotr.local" tests="16" failures="0" errors="0" skipped="0" time="0.416309667">
        <testcase classname="tests/unit/asyncJobService.test.js" name="AsyncJobService Constants and Logic &gt; JOB_TYPES Constants &gt; should export EXECUTE_DECISION type" time="0.193651458">
            <system-out>
[Queue] Using Mock Queue for ai-tasks

            </system-out>
        </testcase>
        <testcase classname="tests/unit/asyncJobService.test.js" name="AsyncJobService Constants and Logic &gt; JOB_TYPES Constants &gt; should export ADVANCE_PLAYBOOK_STEP type" time="0.004241916">
        </testcase>
        <testcase classname="tests/unit/asyncJobService.test.js" name="AsyncJobService Constants and Logic &gt; JOB_STATUSES Constants &gt; should export all required statuses" time="0.005643">
        </testcase>
        <testcase classname="tests/unit/asyncJobService.test.js" name="AsyncJobService Constants and Logic &gt; JOB_STATUSES Constants &gt; should have 6 status types" time="0.002306834">
        </testcase>
        <testcase classname="tests/unit/asyncJobService.test.js" name="AsyncJobService Constants and Logic &gt; Service Methods Existence &gt; should export enqueueActionExecution" time="0.003492583">
        </testcase>
        <testcase classname="tests/unit/asyncJobService.test.js" name="AsyncJobService Constants and Logic &gt; Service Methods Existence &gt; should export enqueuePlaybookAdvance" time="0.003500292">
        </testcase>
        <testcase classname="tests/unit/asyncJobService.test.js" name="AsyncJobService Constants and Logic &gt; Service Methods Existence &gt; should export getJob" time="0.002284625">
        </testcase>
        <testcase classname="tests/unit/asyncJobService.test.js" name="AsyncJobService Constants and Logic &gt; Service Methods Existence &gt; should export listJobs" time="0.002004084">
        </testcase>
        <testcase classname="tests/unit/asyncJobService.test.js" name="AsyncJobService Constants and Logic &gt; Service Methods Existence &gt; should export retryJob" time="0.002442125">
        </testcase>
        <testcase classname="tests/unit/asyncJobService.test.js" name="AsyncJobService Constants and Logic &gt; Service Methods Existence &gt; should export cancelJob" time="0.001698958">
        </testcase>
        <testcase classname="tests/unit/asyncJobService.test.js" name="AsyncJobService Constants and Logic &gt; Service Methods Existence &gt; should export updateJobStatus" time="0.002449833">
        </testcase>
        <testcase classname="tests/unit/asyncJobService.test.js" name="AsyncJobService Constants and Logic &gt; Service Methods Existence &gt; should export markDeadLetter" time="0.0013225">
        </testcase>
        <testcase classname="tests/unit/asyncJobService.test.js" name="AsyncJobService Constants and Logic &gt; Service Methods Existence &gt; should export incrementAttempts" time="0.002141083">
        </testcase>
        <testcase classname="tests/unit/asyncJobService.test.js" name="Action Error Codes &gt; should include async job error codes" time="0.004312958">
        </testcase>
        <testcase classname="tests/unit/asyncJobService.test.js" name="AsyncJobProcessor &gt; should export processDecisionExecution" time="0.021372292">
        </testcase>
        <testcase classname="tests/unit/asyncJobService.test.js" name="AsyncJobProcessor &gt; should export processPlaybookAdvance" time="0.000804">
        </testcase>
    </testsuite>
    <testsuite name="tests/unit/breakGlassService.test.js" timestamp="2025-12-21T15:18:08.894Z" hostname="MacBook-Pro-Piotr.local" tests="15" failures="0" errors="0" skipped="0" time="0.162380333">
        <testcase classname="tests/unit/breakGlassService.test.js" name="BreakGlassService &gt; SCOPES &gt; should define all break-glass scopes" time="0.0005895">
        </testcase>
        <testcase classname="tests/unit/breakGlassService.test.js" name="BreakGlassService &gt; DEFAULT_DURATION_MINUTES &gt; should be 2 hours (120 minutes)" time="0.000090583">
        </testcase>
        <testcase classname="tests/unit/breakGlassService.test.js" name="BreakGlassService &gt; MAX_DURATION_MINUTES &gt; should be 24 hours (1440 minutes)" time="0.000063708">
        </testcase>
        <testcase classname="tests/unit/breakGlassService.test.js" name="BreakGlassService &gt; startSession &gt; should throw error for missing required parameters" time="0.000574334">
        </testcase>
        <testcase classname="tests/unit/breakGlassService.test.js" name="BreakGlassService &gt; startSession &gt; should throw error for invalid scope" time="0.000123083">
        </testcase>
        <testcase classname="tests/unit/breakGlassService.test.js" name="BreakGlassService &gt; startSession &gt; should throw error if session already exists for scope" time="0.0002745">
        </testcase>
        <testcase classname="tests/unit/breakGlassService.test.js" name="BreakGlassService &gt; startSession &gt; should create session successfully" time="0.000245958">
            <system-out>
[BreakGlass] Session started: test-uuid-1234 (scope: policy_engine_disabled) by user-1

            </system-out>
        </testcase>
        <testcase classname="tests/unit/breakGlassService.test.js" name="BreakGlassService &gt; startSession &gt; should cap duration at MAX_DURATION_MINUTES" time="0.000122875">
            <system-out>
[BreakGlass] Session started: test-uuid-1234 (scope: emergency_access) by user-1

            </system-out>
        </testcase>
        <testcase classname="tests/unit/breakGlassService.test.js" name="BreakGlassService &gt; closeSession &gt; should throw error for non-existent session" time="0.000159">
        </testcase>
        <testcase classname="tests/unit/breakGlassService.test.js" name="BreakGlassService &gt; closeSession &gt; should throw error for already closed session" time="0.000172084">
        </testcase>
        <testcase classname="tests/unit/breakGlassService.test.js" name="BreakGlassService &gt; closeSession &gt; should close session successfully" time="0.000190208">
            <system-out>
[BreakGlass] Session closed: session-1 by user-1

            </system-out>
        </testcase>
        <testcase classname="tests/unit/breakGlassService.test.js" name="BreakGlassService &gt; isBreakGlassActive &gt; should return false when no active session" time="0.000050917">
        </testcase>
        <testcase classname="tests/unit/breakGlassService.test.js" name="BreakGlassService &gt; isBreakGlassActive &gt; should return true when active session exists" time="0.000042958">
        </testcase>
        <testcase classname="tests/unit/breakGlassService.test.js" name="BreakGlassService &gt; getActiveSessions &gt; should return empty array when no sessions" time="0.000254167">
        </testcase>
        <testcase classname="tests/unit/breakGlassService.test.js" name="BreakGlassService &gt; getActiveSessions &gt; should return active sessions" time="0.000317875">
        </testcase>
    </testsuite>
    <testsuite name="tests/unit/connectorAdapter.test.js" timestamp="2025-12-21T15:18:08.895Z" hostname="MacBook-Pro-Piotr.local" tests="11" failures="0" errors="0" skipped="0" time="0.193562416">
        <testcase classname="tests/unit/connectorAdapter.test.js" name="ConnectorAdapter &gt; Dry-run Mode &gt; should return plan without execution in dry-run mode" time="0.006494125">
        </testcase>
        <testcase classname="tests/unit/connectorAdapter.test.js" name="ConnectorAdapter &gt; Dry-run Mode &gt; should respect sandbox_mode flag on config" time="0.000311583">
        </testcase>
        <testcase classname="tests/unit/connectorAdapter.test.js" name="ConnectorAdapter &gt; Error Handling &gt; should return error for unknown connector" time="0.000182667">
        </testcase>
        <testcase classname="tests/unit/connectorAdapter.test.js" name="ConnectorAdapter &gt; Error Handling &gt; should return error for unsupported action" time="0.000174958">
        </testcase>
        <testcase classname="tests/unit/connectorAdapter.test.js" name="ConnectorAdapter &gt; Error Handling &gt; should return error when connector not configured" time="0.000161875">
        </testcase>
        <testcase classname="tests/unit/connectorAdapter.test.js" name="ConnectorAdapter &gt; Error Handling &gt; should return error when connector disconnected" time="0.00015075">
        </testcase>
        <testcase classname="tests/unit/connectorAdapter.test.js" name="ConnectorAdapter &gt; Plan Generation &gt; should generate Jira plan for issue_create" time="0.000468709">
        </testcase>
        <testcase classname="tests/unit/connectorAdapter.test.js" name="ConnectorAdapter &gt; Plan Generation &gt; should generate Slack plan for message_send" time="0.000198667">
        </testcase>
        <testcase classname="tests/unit/connectorAdapter.test.js" name="ConnectorAdapter &gt; Plan Generation &gt; should generate Google Calendar plan for event_create" time="0.000153292">
        </testcase>
        <testcase classname="tests/unit/connectorAdapter.test.js" name="ConnectorAdapter &gt; Execution (Mock) &gt; should execute Slack message_send successfully" time="0.000215708">
        </testcase>
        <testcase classname="tests/unit/connectorAdapter.test.js" name="ConnectorAdapter &gt; Execution (Mock) &gt; should include duration_ms in result" time="0.000114708">
        </testcase>
    </testsuite>
    <testsuite name="tests/unit/connectorRegistry.test.js" timestamp="2025-12-21T15:18:08.895Z" hostname="MacBook-Pro-Piotr.local" tests="14" failures="0" errors="0" skipped="0" time="0.230756833">
        <testcase classname="tests/unit/connectorRegistry.test.js" name="ConnectorRegistry &gt; getAllConnectors &gt; should return all available connectors" time="0.001908125">
        </testcase>
        <testcase classname="tests/unit/connectorRegistry.test.js" name="ConnectorRegistry &gt; getConnector &gt; should return connector by key" time="0.00018825">
        </testcase>
        <testcase classname="tests/unit/connectorRegistry.test.js" name="ConnectorRegistry &gt; getConnector &gt; should return null for unknown connector" time="0.000089834">
        </testcase>
        <testcase classname="tests/unit/connectorRegistry.test.js" name="ConnectorRegistry &gt; getConnectorsByCategory &gt; should return connectors filtered by category" time="0.000123834">
        </testcase>
        <testcase classname="tests/unit/connectorRegistry.test.js" name="ConnectorRegistry &gt; getConnectorsByCategory &gt; should return empty array for unknown category" time="0.000265417">
        </testcase>
        <testcase classname="tests/unit/connectorRegistry.test.js" name="ConnectorRegistry &gt; hasCapability &gt; should return true for supported capability" time="0.000085">
        </testcase>
        <testcase classname="tests/unit/connectorRegistry.test.js" name="ConnectorRegistry &gt; hasCapability &gt; should return false for unsupported capability" time="0.000057333">
        </testcase>
        <testcase classname="tests/unit/connectorRegistry.test.js" name="ConnectorRegistry &gt; hasCapability &gt; should return false for unknown connector" time="0.000040625">
        </testcase>
        <testcase classname="tests/unit/connectorRegistry.test.js" name="ConnectorRegistry &gt; validateCredentials &gt; should validate all required credentials present" time="0.000093292">
        </testcase>
        <testcase classname="tests/unit/connectorRegistry.test.js" name="ConnectorRegistry &gt; validateCredentials &gt; should identify missing required credentials" time="0.000104542">
        </testcase>
        <testcase classname="tests/unit/connectorRegistry.test.js" name="ConnectorRegistry &gt; validateCredentials &gt; should handle unknown connector" time="0.000056583">
        </testcase>
        <testcase classname="tests/unit/connectorRegistry.test.js" name="ConnectorRegistry &gt; getRequiredCredentials &gt; should return required credentials for connector" time="0.000048291">
        </testcase>
        <testcase classname="tests/unit/connectorRegistry.test.js" name="ConnectorRegistry &gt; getRequiredCredentials &gt; should return empty array for unknown connector" time="0.000033041">
        </testcase>
        <testcase classname="tests/unit/connectorRegistry.test.js" name="ConnectorRegistry &gt; getAllCategories &gt; should return all categories" time="0.000095875">
        </testcase>
    </testsuite>
    <testsuite name="tests/unit/demoGuard.test.js" timestamp="2025-12-21T15:18:08.896Z" hostname="MacBook-Pro-Piotr.local" tests="6" failures="0" errors="0" skipped="0" time="0.248125708">
        <testcase classname="tests/unit/demoGuard.test.js" name="Demo Guard Middleware &gt; should allow regular users to perform write operations" time="0.007945709">
        </testcase>
        <testcase classname="tests/unit/demoGuard.test.js" name="Demo Guard Middleware &gt; should allow demo users to perform read operations" time="0.001427208">
        </testcase>
        <testcase classname="tests/unit/demoGuard.test.js" name="Demo Guard Middleware &gt; should BLOCK demo users from performing write operations on protected routes" time="0.001089417">
            <system-err>
[DemoGuard] Blocked POST /api/tasks for Demo User undefined (Action: CREATE_TASKS)

            </system-err>
        </testcase>
        <testcase classname="tests/unit/demoGuard.test.js" name="Demo Guard Middleware &gt; should ALLOW demo users to perform write operations on ALLOWED routes (AI Chat)" time="0.000829625">
        </testcase>
        <testcase classname="tests/unit/demoGuard.test.js" name="Demo Guard Middleware &gt; should ALLOW demo users to perform write operations on ALLOWED routes (Logout)" time="0.001319208">
        </testcase>
        <testcase classname="tests/unit/demoGuard.test.js" name="Demo Guard Middleware &gt; should passthrough if no user matches (unauthenticated requests handled elsewhere)" time="0.000935167">
        </testcase>
    </testsuite>
    <testsuite name="tests/unit/demoIsolation.test.js" timestamp="2025-12-21T15:18:08.896Z" hostname="MacBook-Pro-Piotr.local" tests="3" failures="0" errors="0" skipped="0" time="0.24767675">
        <testcase classname="tests/unit/demoIsolation.test.js" name="Demo Guard Isolation Extension &gt; should allow Normal GET for demo user" time="0.007010333">
        </testcase>
        <testcase classname="tests/unit/demoIsolation.test.js" name="Demo Guard Isolation Extension &gt; should BLOCK demo user if they try to switch context via Query Param" time="0.00129175">
            <system-err>
[DemoGuard] Blocked cross-tenant access attempt by Demo User undefined (Target: org-real, Actual: org-demo)

            </system-err>
        </testcase>
        <testcase classname="tests/unit/demoIsolation.test.js" name="Demo Guard Isolation Extension &gt; should BLOCK demo user if they try to switch context via Body" time="0.008360167">
            <system-err>
[DemoGuard] Blocked cross-tenant access attempt by Demo User undefined (Target: org-real, Actual: org-demo)

            </system-err>
        </testcase>
    </testsuite>
    <testsuite name="tests/unit/drdStructure.test.ts" timestamp="2025-12-21T15:18:08.896Z" hostname="MacBook-Pro-Piotr.local" tests="7" failures="0" errors="0" skipped="0" time="0.17829975">
        <testcase classname="tests/unit/drdStructure.test.ts" name="Service Test: drdStructure &gt; exports DRD_STRUCTURE as array" time="0.000499625">
        </testcase>
        <testcase classname="tests/unit/drdStructure.test.ts" name="Service Test: drdStructure &gt; each axis has required properties" time="0.0003625">
        </testcase>
        <testcase classname="tests/unit/drdStructure.test.ts" name="Service Test: drdStructure &gt; each area has required properties" time="0.000852791">
        </testcase>
        <testcase classname="tests/unit/drdStructure.test.ts" name="Service Test: drdStructure &gt; each level has required properties" time="0.003156417">
        </testcase>
        <testcase classname="tests/unit/drdStructure.test.ts" name="Service Test: drdStructure &gt; getQuestionsForAxis &gt; returns areas for valid axis ID" time="0.000087709">
        </testcase>
        <testcase classname="tests/unit/drdStructure.test.ts" name="Service Test: drdStructure &gt; getQuestionsForAxis &gt; returns empty array for invalid axis ID" time="0.000243167">
        </testcase>
        <testcase classname="tests/unit/drdStructure.test.ts" name="Service Test: drdStructure &gt; getQuestionsForAxis &gt; returns areas for different axis IDs" time="0.000106541">
        </testcase>
    </testsuite>
    <testsuite name="tests/unit/governanceAudit.test.js" timestamp="2025-12-21T15:18:08.897Z" hostname="MacBook-Pro-Piotr.local" tests="8" failures="0" errors="0" skipped="0" time="0.159729">
        <testcase classname="tests/unit/governanceAudit.test.js" name="GovernanceAuditService &gt; logAudit &gt; should throw error for missing required parameters" time="0.001204417">
        </testcase>
        <testcase classname="tests/unit/governanceAudit.test.js" name="GovernanceAuditService &gt; logAudit &gt; should throw error for invalid action" time="0.000230875">
        </testcase>
        <testcase classname="tests/unit/governanceAudit.test.js" name="GovernanceAuditService &gt; logAudit &gt; should log audit entry successfully" time="0.000712">
            <system-out>
[GovernanceAudit] Logged: CREATE on POLICY_RULE/rule-1 by user-1

            </system-out>
        </testcase>
        <testcase classname="tests/unit/governanceAudit.test.js" name="GovernanceAuditService &gt; getAuditLog &gt; should query with organization filter" time="0.000262709">
        </testcase>
        <testcase classname="tests/unit/governanceAudit.test.js" name="GovernanceAuditService &gt; getAuditLog &gt; should bypass org filter for superadmin" time="0.00012075">
        </testcase>
        <testcase classname="tests/unit/governanceAudit.test.js" name="GovernanceAuditService &gt; getAuditLog &gt; should support action filter" time="0.000286083">
        </testcase>
        <testcase classname="tests/unit/governanceAudit.test.js" name="GovernanceAuditService &gt; exportAuditLog &gt; should export as JSON by default" time="0.00013675">
        </testcase>
        <testcase classname="tests/unit/governanceAudit.test.js" name="GovernanceAuditService &gt; exportAuditLog &gt; should export as CSV when specified" time="0.00015875">
        </testcase>
    </testsuite>
    <testsuite name="tests/unit/notificationOutboxService.test.js" timestamp="2025-12-21T15:18:08.897Z" hostname="MacBook-Pro-Piotr.local" tests="16" failures="0" errors="0" skipped="0" time="0.217057166">
        <testcase classname="tests/unit/notificationOutboxService.test.js" name="NotificationOutboxService Constants and Logic &gt; NOTIFICATION_TYPES Constants &gt; should export APPROVAL_DUE type" time="0.009845042">
        </testcase>
        <testcase classname="tests/unit/notificationOutboxService.test.js" name="NotificationOutboxService Constants and Logic &gt; NOTIFICATION_TYPES Constants &gt; should export PLAYBOOK_STUCK type" time="0.001802417">
        </testcase>
        <testcase classname="tests/unit/notificationOutboxService.test.js" name="NotificationOutboxService Constants and Logic &gt; NOTIFICATION_TYPES Constants &gt; should export DEAD_LETTER type" time="0.002097625">
        </testcase>
        <testcase classname="tests/unit/notificationOutboxService.test.js" name="NotificationOutboxService Constants and Logic &gt; NOTIFICATION_TYPES Constants &gt; should export ESCALATION type" time="0.001901375">
        </testcase>
        <testcase classname="tests/unit/notificationOutboxService.test.js" name="NotificationOutboxService Constants and Logic &gt; NOTIFICATION_TYPES Constants &gt; should have 4 notification types" time="0.002155792">
        </testcase>
        <testcase classname="tests/unit/notificationOutboxService.test.js" name="NotificationOutboxService Constants and Logic &gt; OUTBOX_STATUSES Constants &gt; should export QUEUED status" time="0.001570625">
        </testcase>
        <testcase classname="tests/unit/notificationOutboxService.test.js" name="NotificationOutboxService Constants and Logic &gt; OUTBOX_STATUSES Constants &gt; should export SENT status" time="0.001512917">
        </testcase>
        <testcase classname="tests/unit/notificationOutboxService.test.js" name="NotificationOutboxService Constants and Logic &gt; OUTBOX_STATUSES Constants &gt; should export FAILED status" time="0.001314167">
        </testcase>
        <testcase classname="tests/unit/notificationOutboxService.test.js" name="NotificationOutboxService Constants and Logic &gt; MAX_ATTEMPTS &gt; should be 3" time="0.001927542">
        </testcase>
        <testcase classname="tests/unit/notificationOutboxService.test.js" name="NotificationOutboxService Constants and Logic &gt; Service Methods Existence &gt; should export enqueue" time="0.001631208">
        </testcase>
        <testcase classname="tests/unit/notificationOutboxService.test.js" name="NotificationOutboxService Constants and Logic &gt; Service Methods Existence &gt; should export shouldNotify" time="0.001920958">
        </testcase>
        <testcase classname="tests/unit/notificationOutboxService.test.js" name="NotificationOutboxService Constants and Logic &gt; Service Methods Existence &gt; should export getUserPreferences" time="0.001773125">
        </testcase>
        <testcase classname="tests/unit/notificationOutboxService.test.js" name="NotificationOutboxService Constants and Logic &gt; Service Methods Existence &gt; should export updateUserPreferences" time="0.001860583">
        </testcase>
        <testcase classname="tests/unit/notificationOutboxService.test.js" name="NotificationOutboxService Constants and Logic &gt; Service Methods Existence &gt; should export processQueue" time="0.002117542">
        </testcase>
        <testcase classname="tests/unit/notificationOutboxService.test.js" name="NotificationOutboxService Constants and Logic &gt; Service Methods Existence &gt; should export getOutboxStats" time="0.001429709">
        </testcase>
        <testcase classname="tests/unit/notificationOutboxService.test.js" name="NotificationOutboxService User Preferences &gt; should return true when no preferences set (default behavior)" time="0.002157">
        </testcase>
    </testsuite>
    <testsuite name="tests/unit/pdfExport.test.ts" timestamp="2025-12-21T15:18:08.898Z" hostname="MacBook-Pro-Piotr.local" tests="5" failures="0" errors="0" skipped="0" time="0.210832333">
        <testcase classname="tests/unit/pdfExport.test.ts" name="Service Test: pdfExport &gt; exportReportToPDF &gt; returns false when element is not found" time="0.001179667">
            <system-err>
Element with id non-existent not found

            </system-err>
        </testcase>
        <testcase classname="tests/unit/pdfExport.test.ts" name="Service Test: pdfExport &gt; exportReportToPDF &gt; exports PDF successfully" time="0.000473583">
        </testcase>
        <testcase classname="tests/unit/pdfExport.test.ts" name="Service Test: pdfExport &gt; exportReportToPDF &gt; handles errors gracefully" time="0.001274625">
            <system-err>
PDF Export failed: Error: Canvas error
    at /Users/piotrwisniewski/Documents/Antygracity/DRD/consultify/tests/unit/pdfExport.test.ts:89:52
    at file:///Users/piotrwisniewski/Documents/Antygracity/DRD/consultify/node_modules/@vitest/runner/dist/index.js:145:11
    at file:///Users/piotrwisniewski/Documents/Antygracity/DRD/consultify/node_modules/@vitest/runner/dist/index.js:915:26
    at file:///Users/piotrwisniewski/Documents/Antygracity/DRD/consultify/node_modules/@vitest/runner/dist/index.js:1243:20
    at new Promise (&lt;anonymous&gt;)
    at runWithTimeout (file:///Users/piotrwisniewski/Documents/Antygracity/DRD/consultify/node_modules/@vitest/runner/dist/index.js:1209:10)
    at file:///Users/piotrwisniewski/Documents/Antygracity/DRD/consultify/node_modules/@vitest/runner/dist/index.js:1653:37
    at Traces.$ (file:///Users/piotrwisniewski/Documents/Antygracity/DRD/consultify/node_modules/vitest/dist/chunks/traces.U4xDYhzZ.js:115:27)
    at trace (file:///Users/piotrwisniewski/Documents/Antygracity/DRD/consultify/node_modules/vitest/dist/chunks/test.B8ej_ZHS.js:239:21)
    at runTest (file:///Users/piotrwisniewski/Documents/Antygracity/DRD/consultify/node_modules/@vitest/runner/dist/index.js:1653:12)

            </system-err>
        </testcase>
        <testcase classname="tests/unit/pdfExport.test.ts" name="Service Test: pdfExport &gt; exportDashboardToPDF &gt; creates PDF with metadata" time="0.008862667">
        </testcase>
        <testcase classname="tests/unit/pdfExport.test.ts" name="Service Test: pdfExport &gt; exportDashboardToPDF &gt; handles optional metadata" time="0.000304875">
        </testcase>
    </testsuite>
    <testsuite name="tests/unit/piiRedactor.test.js" timestamp="2025-12-21T15:18:08.898Z" hostname="MacBook-Pro-Piotr.local" tests="17" failures="0" errors="0" skipped="0" time="0.18813025">
        <testcase classname="tests/unit/piiRedactor.test.js" name="PII Redactor &gt; redactEmails &gt; should redact email addresses" time="0.000534334">
        </testcase>
        <testcase classname="tests/unit/piiRedactor.test.js" name="PII Redactor &gt; redactEmails &gt; should redact multiple emails" time="0.000084333">
        </testcase>
        <testcase classname="tests/unit/piiRedactor.test.js" name="PII Redactor &gt; redactEmails &gt; should return non-string values unchanged" time="0.000081542">
        </testcase>
        <testcase classname="tests/unit/piiRedactor.test.js" name="PII Redactor &gt; redactTokens &gt; should redact JWT-like tokens" time="0.000185166">
        </testcase>
        <testcase classname="tests/unit/piiRedactor.test.js" name="PII Redactor &gt; redactTokens &gt; should handle partial JWT patterns" time="0.000065">
        </testcase>
        <testcase classname="tests/unit/piiRedactor.test.js" name="PII Redactor &gt; redact (deep object redaction) &gt; should redact email fields" time="0.000126291">
        </testcase>
        <testcase classname="tests/unit/piiRedactor.test.js" name="PII Redactor &gt; redact (deep object redaction) &gt; should redact name fields" time="0.000058208">
        </testcase>
        <testcase classname="tests/unit/piiRedactor.test.js" name="PII Redactor &gt; redact (deep object redaction) &gt; should redact password fields" time="0.000064583">
        </testcase>
        <testcase classname="tests/unit/piiRedactor.test.js" name="PII Redactor &gt; redact (deep object redaction) &gt; should redact token and secret fields" time="0.0000665">
        </testcase>
        <testcase classname="tests/unit/piiRedactor.test.js" name="PII Redactor &gt; redact (deep object redaction) &gt; should redact inline emails in string values" time="0.000059125">
        </testcase>
        <testcase classname="tests/unit/piiRedactor.test.js" name="PII Redactor &gt; redact (deep object redaction) &gt; should handle arrays with email strings" time="0.000063584">
        </testcase>
        <testcase classname="tests/unit/piiRedactor.test.js" name="PII Redactor &gt; redact (deep object redaction) &gt; should handle nested objects" time="0.000053416">
        </testcase>
        <testcase classname="tests/unit/piiRedactor.test.js" name="PII Redactor &gt; redact (deep object redaction) &gt; should not mutate original object" time="0.000036166">
        </testcase>
        <testcase classname="tests/unit/piiRedactor.test.js" name="PII Redactor &gt; redact (deep object redaction) &gt; should handle null and undefined" time="0.000047709">
        </testcase>
        <testcase classname="tests/unit/piiRedactor.test.js" name="PII Redactor &gt; redactKeys &gt; should redact specific keys" time="0.000063416">
        </testcase>
        <testcase classname="tests/unit/piiRedactor.test.js" name="PII Redactor &gt; createAuditSnapshot &gt; should return JSON string with redacted PII" time="0.000057833">
        </testcase>
        <testcase classname="tests/unit/piiRedactor.test.js" name="PII Redactor &gt; DEFAULT_PII_FIELDS &gt; should include common PII fields" time="0.000408667">
        </testcase>
    </testsuite>
    <testsuite name="tests/unit/policyEngine.test.js" timestamp="2025-12-21T15:18:08.899Z" hostname="MacBook-Pro-Piotr.local" tests="21" failures="0" errors="0" skipped="0" time="0.186386916">
        <testcase classname="tests/unit/policyEngine.test.js" name="PolicyEngine Core Logic &gt; Safety Guardrails Constants &gt; NEVER_AUTO_APPROVE_RISK_LEVELS should include HIGH" time="0.001204375">
        </testcase>
        <testcase classname="tests/unit/policyEngine.test.js" name="PolicyEngine Core Logic &gt; Safety Guardrails Constants &gt; ALWAYS_MANUAL_ACTION_TYPES should include MEETING_SCHEDULE" time="0.000127167">
        </testcase>
        <testcase classname="tests/unit/policyEngine.test.js" name="PolicyEngine Core Logic &gt; Safety Guardrails Constants &gt; should not include LOW in NEVER_AUTO_APPROVE_RISK_LEVELS" time="0.000117958">
        </testcase>
        <testcase classname="tests/unit/policyEngine.test.js" name="PolicyEngine Core Logic &gt; CONDITION_HANDLERS (Pure Functions) &gt; risk_level_lte &gt; should match when proposal risk is lower or equal" time="0.000157666">
        </testcase>
        <testcase classname="tests/unit/policyEngine.test.js" name="PolicyEngine Core Logic &gt; CONDITION_HANDLERS (Pure Functions) &gt; risk_level_lte &gt; should not match when proposal risk is higher" time="0.000087292">
        </testcase>
        <testcase classname="tests/unit/policyEngine.test.js" name="PolicyEngine Core Logic &gt; CONDITION_HANDLERS (Pure Functions) &gt; action_type_in &gt; should match when action type is in list" time="0.000076083">
        </testcase>
        <testcase classname="tests/unit/policyEngine.test.js" name="PolicyEngine Core Logic &gt; CONDITION_HANDLERS (Pure Functions) &gt; action_type_in &gt; should not match when action type is not in list" time="0.000059958">
        </testcase>
        <testcase classname="tests/unit/policyEngine.test.js" name="PolicyEngine Core Logic &gt; CONDITION_HANDLERS (Pure Functions) &gt; action_type_in &gt; should return false for non-array input" time="0.000041834">
        </testcase>
        <testcase classname="tests/unit/policyEngine.test.js" name="PolicyEngine Core Logic &gt; CONDITION_HANDLERS (Pure Functions) &gt; scope_eq &gt; should match when scope equals" time="0.000071959">
        </testcase>
        <testcase classname="tests/unit/policyEngine.test.js" name="PolicyEngine Core Logic &gt; CONDITION_HANDLERS (Pure Functions) &gt; scope_eq &gt; should not match when scope differs" time="0.000077875">
        </testcase>
        <testcase classname="tests/unit/policyEngine.test.js" name="PolicyEngine Core Logic &gt; CONDITION_HANDLERS (Pure Functions) &gt; signal_in &gt; should match when signal is in list" time="0.000056708">
        </testcase>
        <testcase classname="tests/unit/policyEngine.test.js" name="PolicyEngine Core Logic &gt; CONDITION_HANDLERS (Pure Functions) &gt; signal_in &gt; should not match when signal is not in list" time="0.000046167">
        </testcase>
        <testcase classname="tests/unit/policyEngine.test.js" name="PolicyEngine Core Logic &gt; CONDITION_HANDLERS (Pure Functions) &gt; signal_in &gt; should return false for non-array input" time="0.00004075">
        </testcase>
        <testcase classname="tests/unit/policyEngine.test.js" name="PolicyEngine Core Logic &gt; CONDITION_HANDLERS (Pure Functions) &gt; time_window &gt; should always match for anytime" time="0.000046666">
        </testcase>
        <testcase classname="tests/unit/policyEngine.test.js" name="PolicyEngine Core Logic &gt; CONDITION_HANDLERS (Pure Functions) &gt; time_window &gt; should return false for unrecognized values" time="0.000034875">
        </testcase>
        <testcase classname="tests/unit/policyEngine.test.js" name="PolicyEngine Core Logic &gt; evaluateConditions (Logic Tests) &gt; should return true when all conditions match" time="0.000083916">
        </testcase>
        <testcase classname="tests/unit/policyEngine.test.js" name="PolicyEngine Core Logic &gt; evaluateConditions (Logic Tests) &gt; should return false when any condition fails" time="0.000047167">
        </testcase>
        <testcase classname="tests/unit/policyEngine.test.js" name="PolicyEngine Core Logic &gt; evaluateConditions (Logic Tests) &gt; should return false for unknown conditions (safety)" time="0.000155166">
            <system-err>
[PolicyEngine] Unknown condition: unknown_condition

            </system-err>
        </testcase>
        <testcase classname="tests/unit/policyEngine.test.js" name="PolicyEngine Core Logic &gt; evaluateConditions (Logic Tests) &gt; should return true for empty conditions" time="0.000037625">
        </testcase>
        <testcase classname="tests/unit/policyEngine.test.js" name="PolicyEngine Safety Checks &gt; HIGH risk is in NEVER_AUTO_APPROVE list" time="0.000051792">
        </testcase>
        <testcase classname="tests/unit/policyEngine.test.js" name="PolicyEngine Safety Checks &gt; MEETING_SCHEDULE is in ALWAYS_MANUAL list" time="0.000042459">
        </testcase>
    </testsuite>
    <testsuite name="tests/unit/regulatoryModeGuard.test.js" timestamp="2025-12-21T15:18:08.899Z" hostname="MacBook-Pro-Piotr.local" tests="31" failures="0" errors="0" skipped="0" time="0.12457425">
        <testcase classname="tests/unit/regulatoryModeGuard.test.js" name="Regulatory Mode Guard &gt; Action Classification &gt; ALLOWED_ACTIONS &gt; should include all advisory-only actions" time="0.001173292">
        </testcase>
        <testcase classname="tests/unit/regulatoryModeGuard.test.js" name="Regulatory Mode Guard &gt; Action Classification &gt; BLOCKED_ACTIONS &gt; should include all mutation actions" time="0.000219833">
        </testcase>
        <testcase classname="tests/unit/regulatoryModeGuard.test.js" name="Regulatory Mode Guard &gt; isActionAllowed &gt; should allow EXPLAIN_CONTEXT in regulatory mode" time="0.000111792">
        </testcase>
        <testcase classname="tests/unit/regulatoryModeGuard.test.js" name="Regulatory Mode Guard &gt; isActionAllowed &gt; should allow ANALYZE_RISKS in regulatory mode" time="0.000080917">
        </testcase>
        <testcase classname="tests/unit/regulatoryModeGuard.test.js" name="Regulatory Mode Guard &gt; isActionAllowed &gt; should allow EDUCATE in regulatory mode" time="0.000058">
        </testcase>
        <testcase classname="tests/unit/regulatoryModeGuard.test.js" name="Regulatory Mode Guard &gt; isActionAllowed &gt; should BLOCK CREATE_DRAFT_TASK in regulatory mode" time="0.000039875">
        </testcase>
        <testcase classname="tests/unit/regulatoryModeGuard.test.js" name="Regulatory Mode Guard &gt; isActionAllowed &gt; should BLOCK CREATE_DRAFT_INITIATIVE in regulatory mode" time="0.000044875">
        </testcase>
        <testcase classname="tests/unit/regulatoryModeGuard.test.js" name="Regulatory Mode Guard &gt; isActionAllowed &gt; should BLOCK UPDATE_STATUS in regulatory mode" time="0.000068625">
        </testcase>
        <testcase classname="tests/unit/regulatoryModeGuard.test.js" name="Regulatory Mode Guard &gt; isActionAllowed &gt; should BLOCK EXECUTE_ACTION in regulatory mode" time="0.000047834">
        </testcase>
        <testcase classname="tests/unit/regulatoryModeGuard.test.js" name="Regulatory Mode Guard &gt; isActionAllowed &gt; should BLOCK MODIFY_ENTITY in regulatory mode" time="0.000058458">
        </testcase>
        <testcase classname="tests/unit/regulatoryModeGuard.test.js" name="Regulatory Mode Guard &gt; isActionAllowed &gt; should BLOCK DELETE_ENTITY in regulatory mode" time="0.000035292">
        </testcase>
        <testcase classname="tests/unit/regulatoryModeGuard.test.js" name="Regulatory Mode Guard &gt; isActionAllowed &gt; should block actions containing mutation keywords" time="0.000066667">
        </testcase>
        <testcase classname="tests/unit/regulatoryModeGuard.test.js" name="Regulatory Mode Guard &gt; isActionAllowed &gt; should allow actions without mutation keywords" time="0.000048292">
        </testcase>
        <testcase classname="tests/unit/regulatoryModeGuard.test.js" name="Regulatory Mode Guard &gt; isActionAllowed &gt; should handle null/undefined action gracefully" time="0.000034292">
        </testcase>
        <testcase classname="tests/unit/regulatoryModeGuard.test.js" name="Regulatory Mode Guard &gt; Regulatory Mode Prompt &gt; should contain prohibition statements" time="0.000056541">
        </testcase>
        <testcase classname="tests/unit/regulatoryModeGuard.test.js" name="Regulatory Mode Guard &gt; Regulatory Mode Prompt &gt; should forbid action verbs" time="0.000041125">
        </testcase>
        <testcase classname="tests/unit/regulatoryModeGuard.test.js" name="Regulatory Mode Guard &gt; Regulatory Mode Prompt &gt; should require advisory language" time="0.000034458">
        </testcase>
        <testcase classname="tests/unit/regulatoryModeGuard.test.js" name="Regulatory Mode Guard &gt; Regulatory Mode Prompt &gt; should include example responses" time="0.00002775">
        </testcase>
        <testcase classname="tests/unit/regulatoryModeGuard.test.js" name="Regulatory Mode Guard &gt; Forbidden Verbs List &gt; should contain all dangerous verbs" time="0.000139166">
        </testcase>
        <testcase classname="tests/unit/regulatoryModeGuard.test.js" name="Regulatory Mode Guard &gt; Advisory Phrases List &gt; should contain recommended advisory language" time="0.000050708">
        </testcase>
        <testcase classname="tests/unit/regulatoryModeGuard.test.js" name="Regulatory Mode Guard &gt; enforceRegulatoryMode (with mocked isEnabled) &gt; should block CREATE_DRAFT_TASK when regulatory mode is enabled" time="0.00017625">
        </testcase>
        <testcase classname="tests/unit/regulatoryModeGuard.test.js" name="Regulatory Mode Guard &gt; enforceRegulatoryMode (with mocked isEnabled) &gt; should block UPDATE_STATUS when regulatory mode is enabled" time="0.000061958">
        </testcase>
        <testcase classname="tests/unit/regulatoryModeGuard.test.js" name="Regulatory Mode Guard &gt; enforceRegulatoryMode (with mocked isEnabled) &gt; should allow EXPLAIN_CONTEXT when regulatory mode is enabled" time="0.000057834">
        </testcase>
        <testcase classname="tests/unit/regulatoryModeGuard.test.js" name="Regulatory Mode Guard &gt; enforceRegulatoryMode (with mocked isEnabled) &gt; should allow ANALYZE_RISKS when regulatory mode is enabled" time="0.000061834">
        </testcase>
        <testcase classname="tests/unit/regulatoryModeGuard.test.js" name="Regulatory Mode Guard &gt; enforceRegulatoryMode (with mocked isEnabled) &gt; should NOT block actions when regulatory mode is disabled" time="0.000040542">
        </testcase>
        <testcase classname="tests/unit/regulatoryModeGuard.test.js" name="Regulatory Mode Guard &gt; enforceRegulatoryMode (with mocked isEnabled) &gt; should NOT block when no projectId is provided" time="0.000035583">
        </testcase>
        <testcase classname="tests/unit/regulatoryModeGuard.test.js" name="Regulatory Mode Guard &gt; enforceRegulatoryMode (with mocked isEnabled) &gt; should log blocked attempts to audit trail" time="0.000500916">
        </testcase>
        <testcase classname="tests/unit/regulatoryModeGuard.test.js" name="Regulatory Mode Guard &gt; getStatus &gt; should return full status object when enabled" time="0.000098708">
        </testcase>
        <testcase classname="tests/unit/regulatoryModeGuard.test.js" name="Regulatory Mode Guard &gt; getStatus &gt; should return full status object when disabled" time="0.000042042">
        </testcase>
        <testcase classname="tests/unit/regulatoryModeGuard.test.js" name="Regulatory Mode Guard &gt; Integration with AI Role System &gt; should override ANY role when regulatory mode is active" time="0.000106917">
        </testcase>
        <testcase classname="tests/unit/regulatoryModeGuard.test.js" name="Regulatory Mode Guard &gt; Safety: Fail-Safe Behavior &gt; should default to blocking when database error occurs" time="0.000025167">
        </testcase>
    </testsuite>
    <testsuite name="tests/unit/roi.test.ts" timestamp="2025-12-21T15:18:08.901Z" hostname="MacBook-Pro-Piotr.local" tests="3" failures="0" errors="0" skipped="0" time="0.193233834">
        <testcase classname="tests/unit/roi.test.ts" name="Unit Test: ROI Calculation &gt; should calculate ROI correctly for positive values" time="0.000488125">
        </testcase>
        <testcase classname="tests/unit/roi.test.ts" name="Unit Test: ROI Calculation &gt; should handle zero cost to avoid infinity" time="0.000082458">
        </testcase>
        <testcase classname="tests/unit/roi.test.ts" name="Unit Test: ROI Calculation &gt; should return 0 for break-even" time="0.000068959">
        </testcase>
    </testsuite>
    <testsuite name="tests/unit/secretsVault.test.js" timestamp="2025-12-21T15:18:08.901Z" hostname="MacBook-Pro-Piotr.local" tests="12" failures="0" errors="0" skipped="0" time="0.164395792">
        <testcase classname="tests/unit/secretsVault.test.js" name="SecretsVault Service &gt; Encryption/Decryption &gt; should encrypt and decrypt a string successfully" time="0.00150775">
        </testcase>
        <testcase classname="tests/unit/secretsVault.test.js" name="SecretsVault Service &gt; Encryption/Decryption &gt; should encrypt and decrypt an object successfully" time="0.000232917">
        </testcase>
        <testcase classname="tests/unit/secretsVault.test.js" name="SecretsVault Service &gt; Encryption/Decryption &gt; should return null when decrypting null/undefined" time="0.000086334">
        </testcase>
        <testcase classname="tests/unit/secretsVault.test.js" name="SecretsVault Service &gt; Encryption/Decryption &gt; should throw on invalid encrypted data" time="0.000306958">
        </testcase>
        <testcase classname="tests/unit/secretsVault.test.js" name="SecretsVault Service &gt; Encryption/Decryption &gt; should produce different ciphertext for same plaintext (random IV)" time="0.000164708">
        </testcase>
        <testcase classname="tests/unit/secretsVault.test.js" name="SecretsVault Service &gt; Redaction &gt; should redact string values showing only last 4 characters" time="0.000085667">
        </testcase>
        <testcase classname="tests/unit/secretsVault.test.js" name="SecretsVault Service &gt; Redaction &gt; should fully redact short strings" time="0.000050833">
        </testcase>
        <testcase classname="tests/unit/secretsVault.test.js" name="SecretsVault Service &gt; Redaction &gt; should recursively redact nested objects" time="0.000059291">
        </testcase>
        <testcase classname="tests/unit/secretsVault.test.js" name="SecretsVault Service &gt; Redaction &gt; should return empty object for null/undefined" time="0.000062">
        </testcase>
        <testcase classname="tests/unit/secretsVault.test.js" name="SecretsVault Service &gt; Validation &gt; should validate present fields as valid" time="0.000091042">
        </testcase>
        <testcase classname="tests/unit/secretsVault.test.js" name="SecretsVault Service &gt; Validation &gt; should identify missing fields" time="0.000337042">
        </testcase>
        <testcase classname="tests/unit/secretsVault.test.js" name="SecretsVault Service &gt; Validation &gt; should handle null/undefined secrets" time="0.000058291">
        </testcase>
    </testsuite>
    <testsuite name="tests/unit/slaService.test.js" timestamp="2025-12-21T15:18:08.901Z" hostname="MacBook-Pro-Piotr.local" tests="7" failures="0" errors="0" skipped="0" time="0.200634416">
        <testcase classname="tests/unit/slaService.test.js" name="SLAService Constants and Logic &gt; SLA_CHECK_INTERVAL_MS &gt; should be 10 minutes in milliseconds" time="0.005605875">
        </testcase>
        <testcase classname="tests/unit/slaService.test.js" name="SLAService Constants and Logic &gt; Service Methods Existence &gt; should export findExpiredAssignments" time="0.000963458">
        </testcase>
        <testcase classname="tests/unit/slaService.test.js" name="SLAService Constants and Logic &gt; Service Methods Existence &gt; should export markExpired" time="0.000916791">
        </testcase>
        <testcase classname="tests/unit/slaService.test.js" name="SLAService Constants and Logic &gt; Service Methods Existence &gt; should export findOrgAdmin" time="0.00109325">
        </testcase>
        <testcase classname="tests/unit/slaService.test.js" name="SLAService Constants and Logic &gt; Service Methods Existence &gt; should export escalateAssignment" time="0.000759333">
        </testcase>
        <testcase classname="tests/unit/slaService.test.js" name="SLAService Constants and Logic &gt; Service Methods Existence &gt; should export runSlaCheck" time="0.000843834">
        </testcase>
        <testcase classname="tests/unit/slaService.test.js" name="SLAService Constants and Logic &gt; Service Methods Existence &gt; should export getSlaHealth" time="0.001046584">
        </testcase>
    </testsuite>
    <testsuite name="tests/unit/store.test.ts" timestamp="2025-12-21T15:18:08.902Z" hostname="MacBook-Pro-Piotr.local" tests="19" failures="0" errors="0" skipped="0" time="0.190479459">
        <testcase classname="tests/unit/store.test.ts" name="Store Test: useAppStore &gt; initializes with correct default values" time="0.000850875">
        </testcase>
        <testcase classname="tests/unit/store.test.ts" name="Store Test: useAppStore &gt; sets current view" time="0.000160541">
        </testcase>
        <testcase classname="tests/unit/store.test.ts" name="Store Test: useAppStore &gt; sets session mode" time="0.000113417">
        </testcase>
        <testcase classname="tests/unit/store.test.ts" name="Store Test: useAppStore &gt; sets current user" time="0.000317084">
        </testcase>
        <testcase classname="tests/unit/store.test.ts" name="Store Test: useAppStore &gt; toggles sidebar open state" time="0.000103334">
        </testcase>
        <testcase classname="tests/unit/store.test.ts" name="Store Test: useAppStore &gt; toggles sidebar collapse" time="0.00008275">
        </testcase>
        <testcase classname="tests/unit/store.test.ts" name="Store Test: useAppStore &gt; adds chat message" time="0.000495">
        </testcase>
        <testcase classname="tests/unit/store.test.ts" name="Store Test: useAppStore &gt; sets chat messages" time="0.000160958">
        </testcase>
        <testcase classname="tests/unit/store.test.ts" name="Store Test: useAppStore &gt; clears chat" time="0.000135375">
        </testcase>
        <testcase classname="tests/unit/store.test.ts" name="Store Test: useAppStore &gt; sets bot typing state" time="0.00008875">
        </testcase>
        <testcase classname="tests/unit/store.test.ts" name="Store Test: useAppStore &gt; sets current stream content" time="0.000067833">
        </testcase>
        <testcase classname="tests/unit/store.test.ts" name="Store Test: useAppStore &gt; updates free session data" time="0.000072292">
        </testcase>
        <testcase classname="tests/unit/store.test.ts" name="Store Test: useAppStore &gt; updates free session data with function" time="0.000081708">
        </testcase>
        <testcase classname="tests/unit/store.test.ts" name="Store Test: useAppStore &gt; updates full session data" time="0.000080375">
        </testcase>
        <testcase classname="tests/unit/store.test.ts" name="Store Test: useAppStore &gt; sets AI config" time="0.000084375">
        </testcase>
        <testcase classname="tests/unit/store.test.ts" name="Store Test: useAppStore &gt; toggles theme" time="0.000066042">
        </testcase>
        <testcase classname="tests/unit/store.test.ts" name="Store Test: useAppStore &gt; updates last chat message" time="0.00009425">
        </testcase>
        <testcase classname="tests/unit/store.test.ts" name="Store Test: useAppStore &gt; logout resets state" time="0.000121792">
        </testcase>
        <testcase classname="tests/unit/store.test.ts" name="Store Test: useAppStore &gt; sets current project ID" time="0.0000755">
        </testcase>
    </testsuite>
    <testsuite name="tests/unit/templateGraphService.test.js" timestamp="2025-12-21T15:18:08.903Z" hostname="MacBook-Pro-Piotr.local" tests="16" failures="0" errors="0" skipped="0" time="0.265681166">
        <testcase classname="tests/unit/templateGraphService.test.js" name="templateGraphService &gt; createEmptyGraph &gt; creates a graph with START and END nodes connected" time="0.000974667">
        </testcase>
        <testcase classname="tests/unit/templateGraphService.test.js" name="templateGraphService &gt; stepsToGraph &gt; converts empty steps to START → END graph" time="0.00022025">
        </testcase>
        <testcase classname="tests/unit/templateGraphService.test.js" name="templateGraphService &gt; stepsToGraph &gt; converts steps array to linear graph" time="0.000236167">
        </testcase>
        <testcase classname="tests/unit/templateGraphService.test.js" name="templateGraphService &gt; stepsToGraph &gt; preserves step data in nodes" time="0.000326584">
        </testcase>
        <testcase classname="tests/unit/templateGraphService.test.js" name="templateGraphService &gt; graphToSteps &gt; returns empty array for invalid graph" time="0.000124042">
        </testcase>
        <testcase classname="tests/unit/templateGraphService.test.js" name="templateGraphService &gt; graphToSteps &gt; skips START and END nodes in output" time="0.000076333">
        </testcase>
        <testcase classname="tests/unit/templateGraphService.test.js" name="templateGraphService &gt; graphToSteps &gt; converts linear graph to ordered steps" time="0.000111708">
        </testcase>
        <testcase classname="tests/unit/templateGraphService.test.js" name="templateGraphService &gt; validateDAG &gt; returns valid for acyclic graph" time="0.000137291">
        </testcase>
        <testcase classname="tests/unit/templateGraphService.test.js" name="templateGraphService &gt; validateDAG &gt; detects simple cycle" time="0.00007">
        </testcase>
        <testcase classname="tests/unit/templateGraphService.test.js" name="templateGraphService &gt; validateDAG &gt; returns invalid for null graph" time="0.000052333">
        </testcase>
        <testcase classname="tests/unit/templateGraphService.test.js" name="templateGraphService &gt; findDeadEnds &gt; returns empty for valid graph" time="0.000079083">
        </testcase>
        <testcase classname="tests/unit/templateGraphService.test.js" name="templateGraphService &gt; findDeadEnds &gt; finds nodes without outgoing edges" time="0.000137416">
        </testcase>
        <testcase classname="tests/unit/templateGraphService.test.js" name="templateGraphService &gt; findBranchesWithoutElse &gt; returns empty when no BRANCH nodes" time="0.000069667">
        </testcase>
        <testcase classname="tests/unit/templateGraphService.test.js" name="templateGraphService &gt; findBranchesWithoutElse &gt; finds BRANCH node without else path" time="0.000061334">
        </testcase>
        <testcase classname="tests/unit/templateGraphService.test.js" name="templateGraphService &gt; findBranchesWithoutElse &gt; passes when BRANCH has else path" time="0.000047375">
        </testcase>
        <testcase classname="tests/unit/templateGraphService.test.js" name="templateGraphService &gt; roundtrip: steps → graph → steps &gt; preserves data through roundtrip" time="0.000080541">
        </testcase>
    </testsuite>
    <testsuite name="tests/unit/templateValidationService.test.js" timestamp="2025-12-21T15:18:08.903Z" hostname="MacBook-Pro-Piotr.local" tests="9" failures="0" errors="0" skipped="0" time="0.169933416">
        <testcase classname="tests/unit/templateValidationService.test.js" name="templateValidationService &gt; validate &gt; returns error for missing template graph" time="0.000903125">
        </testcase>
        <testcase classname="tests/unit/templateValidationService.test.js" name="templateValidationService &gt; validate &gt; returns error for invalid JSON in graph" time="0.000231666">
        </testcase>
        <testcase classname="tests/unit/templateValidationService.test.js" name="templateValidationService &gt; validate &gt; validates empty trigger_signal" time="0.00036325">
        </testcase>
        <testcase classname="tests/unit/templateValidationService.test.js" name="templateValidationService &gt; validateGraph &gt; returns error for missing nodes array" time="0.000116292">
        </testcase>
        <testcase classname="tests/unit/templateValidationService.test.js" name="templateValidationService &gt; validateGraph &gt; returns error for missing edges array" time="0.000160708">
        </testcase>
        <testcase classname="tests/unit/templateValidationService.test.js" name="templateValidationService &gt; validateGraph &gt; returns error when no START node exists" time="0.000110417">
        </testcase>
        <testcase classname="tests/unit/templateValidationService.test.js" name="templateValidationService &gt; validateGraph &gt; calls validateDAG and reports cycles" time="0.000214708">
        </testcase>
        <testcase classname="tests/unit/templateValidationService.test.js" name="templateValidationService &gt; validateGraph &gt; calls findDeadEnds and reports dead-end nodes" time="0.0001495">
        </testcase>
        <testcase classname="tests/unit/templateValidationService.test.js" name="templateValidationService &gt; validateGraph &gt; calls findBranchesWithoutElse and reports missing else" time="0.000131709">
        </testcase>
    </testsuite>
    <testsuite name="tests/unit/transformationEngine.test.ts" timestamp="2025-12-21T15:18:08.904Z" hostname="MacBook-Pro-Piotr.local" tests="6" failures="0" errors="0" skipped="0" time="0.17724075">
        <testcase classname="tests/unit/transformationEngine.test.ts" name="Service Test: transformationEngine &gt; generates initiatives from session" time="0.000623917">
        </testcase>
        <testcase classname="tests/unit/transformationEngine.test.ts" name="Service Test: transformationEngine &gt; generates initiatives with required properties" time="0.001627709">
        </testcase>
        <testcase classname="tests/unit/transformationEngine.test.ts" name="Service Test: transformationEngine &gt; generates initiatives only for levels above current" time="0.000371333">
        </testcase>
        <testcase classname="tests/unit/transformationEngine.test.ts" name="Service Test: transformationEngine &gt; handles session with no gaps" time="0.000080709">
        </testcase>
        <testcase classname="tests/unit/transformationEngine.test.ts" name="Service Test: transformationEngine &gt; assigns priority based on current level" time="0.000090209">
        </testcase>
        <testcase classname="tests/unit/transformationEngine.test.ts" name="Service Test: transformationEngine &gt; assigns complexity based on target level" time="0.000773">
        </testcase>
    </testsuite>
    <testsuite name="tests/unit/transformationScenarios.test.ts" timestamp="2025-12-21T15:18:08.904Z" hostname="MacBook-Pro-Piotr.local" tests="5" failures="0" errors="0" skipped="0" time="0.183225042">
        <testcase classname="tests/unit/transformationScenarios.test.ts" name="Transformation Scenarios Logic &gt; should have 6 unique scenarios" time="0.000526625">
        </testcase>
        <testcase classname="tests/unit/transformationScenarios.test.ts" name="Transformation Scenarios Logic &gt; recommendScenario should return stabilize for high risk &amp; low budget" time="0.0000985">
        </testcase>
        <testcase classname="tests/unit/transformationScenarios.test.ts" name="Transformation Scenarios Logic &gt; recommendScenario should return quickwins for low risk &amp; low budget" time="0.00008">
        </testcase>
        <testcase classname="tests/unit/transformationScenarios.test.ts" name="Transformation Scenarios Logic &gt; recommendScenario should return foundation for high risk &amp; high budget" time="0.000062083">
        </testcase>
        <testcase classname="tests/unit/transformationScenarios.test.ts" name="Transformation Scenarios Logic &gt; recommendScenario should default to hybrid" time="0.000061792">
        </testcase>
    </testsuite>
    <testsuite name="tests/unit/utils.test.ts" timestamp="2025-12-21T15:18:08.904Z" hostname="MacBook-Pro-Piotr.local" tests="1" failures="0" errors="0" skipped="0" time="0.205719708">
        <testcase classname="tests/unit/utils.test.ts" name="Unit Test: Utilities &gt; should have utility functions available" time="0.000559542">
        </testcase>
    </testsuite>
    <testsuite name="tests/unit/workqueueService.test.js" timestamp="2025-12-21T15:18:08.904Z" hostname="MacBook-Pro-Piotr.local" tests="13" failures="0" errors="0" skipped="0" time="0.242591625">
        <testcase classname="tests/unit/workqueueService.test.js" name="WorkqueueService Constants and Logic &gt; ASSIGNMENT_STATUSES Constants &gt; should export PENDING status" time="0.007834">
        </testcase>
        <testcase classname="tests/unit/workqueueService.test.js" name="WorkqueueService Constants and Logic &gt; ASSIGNMENT_STATUSES Constants &gt; should export ACKED status" time="0.002131459">
        </testcase>
        <testcase classname="tests/unit/workqueueService.test.js" name="WorkqueueService Constants and Logic &gt; ASSIGNMENT_STATUSES Constants &gt; should export DONE status" time="0.001715792">
        </testcase>
        <testcase classname="tests/unit/workqueueService.test.js" name="WorkqueueService Constants and Logic &gt; ASSIGNMENT_STATUSES Constants &gt; should export EXPIRED status" time="0.001330917">
        </testcase>
        <testcase classname="tests/unit/workqueueService.test.js" name="WorkqueueService Constants and Logic &gt; ASSIGNMENT_STATUSES Constants &gt; should have 4 status types" time="0.001607333">
        </testcase>
        <testcase classname="tests/unit/workqueueService.test.js" name="WorkqueueService Constants and Logic &gt; DEFAULT_SLA_HOURS &gt; should default to 48 hours" time="0.001915417">
        </testcase>
        <testcase classname="tests/unit/workqueueService.test.js" name="WorkqueueService Constants and Logic &gt; Service Methods Existence &gt; should export assignApproval" time="0.001628084">
        </testcase>
        <testcase classname="tests/unit/workqueueService.test.js" name="WorkqueueService Constants and Logic &gt; Service Methods Existence &gt; should export acknowledgeApproval" time="0.002162041">
        </testcase>
        <testcase classname="tests/unit/workqueueService.test.js" name="WorkqueueService Constants and Logic &gt; Service Methods Existence &gt; should export completeApproval" time="0.001921542">
        </testcase>
        <testcase classname="tests/unit/workqueueService.test.js" name="WorkqueueService Constants and Logic &gt; Service Methods Existence &gt; should export getMyApprovals" time="0.001093042">
        </testcase>
        <testcase classname="tests/unit/workqueueService.test.js" name="WorkqueueService Constants and Logic &gt; Service Methods Existence &gt; should export getOrgApprovals" time="0.002074458">
        </testcase>
[...]
        </testcase>
        <testcase classname="tests/unit/backend/usageService.test.js" name="UsageService &gt; checkQuota() &gt; should allow when overage enabled even if quota exceeded" time="0.000144042">
        </testcase>
        <testcase classname="tests/unit/backend/usageService.test.js" name="UsageService &gt; checkQuota() &gt; should allow unlimited when limit is 0" time="0.000094583">
        </testcase>
        <testcase classname="tests/unit/backend/usageService.test.js" name="UsageService &gt; calculateOverage() &gt; should calculate overage charges correctly" time="0.000220583">
        </testcase>
        <testcase classname="tests/unit/backend/usageService.test.js" name="UsageService &gt; calculateOverage() &gt; should return zero overage when within limits" time="0.000098333">
        </testcase>
        <testcase classname="tests/unit/backend/usageService.test.js" name="UsageService &gt; updateUsageSummary() &gt; should create or update usage summary" time="0.000160375">
        </testcase>
        <testcase classname="tests/unit/backend/usageService.test.js" name="UsageService &gt; getUsageHistory() &gt; should retrieve usage history" time="0.000284875">
        </testcase>
        <testcase classname="tests/unit/backend/usageService.test.js" name="UsageService &gt; getUsageHistory() &gt; should respect limit parameter" time="0.000069666">
        </testcase>
        <testcase classname="tests/unit/backend/usageService.test.js" name="UsageService &gt; getGlobalUsageStats() &gt; should return global usage statistics" time="0.000126834">
        </testcase>
        <testcase classname="tests/unit/backend/usageService.test.js" name="UsageService &gt; checkProjectQuota() &gt; should check project storage quota" time="0.000136917">
        </testcase>
        <testcase classname="tests/unit/backend/usageService.test.js" name="UsageService &gt; checkProjectQuota() &gt; should allow unlimited when limit is null" time="0.000083584">
        </testcase>
        <testcase classname="tests/unit/backend/usageService.test.js" name="UsageService &gt; checkProjectQuota() &gt; should reject when project not found" time="0.000129166">
        </testcase>
        <testcase classname="tests/unit/backend/usageService.test.js" name="UsageService &gt; Multi-Tenant Isolation &gt; should filter usage by organization_id" time="0.00017">
        </testcase>
    </testsuite>
    <testsuite name="tests/unit/backend/webhookService.test.js" timestamp="2025-12-21T15:18:08.965Z" hostname="MacBook-Pro-Piotr.local" tests="21" failures="0" errors="0" skipped="0" time="0.18774975">
        <testcase classname="tests/unit/backend/webhookService.test.js" name="WebhookService &gt; trigger() &gt; should trigger webhooks for matching event type" time="0.001649708">
        </testcase>
        <testcase classname="tests/unit/backend/webhookService.test.js" name="WebhookService &gt; trigger() &gt; should return zero triggered when no webhooks match" time="0.000199458">
        </testcase>
        <testcase classname="tests/unit/backend/webhookService.test.js" name="WebhookService &gt; trigger() &gt; should handle multiple webhooks" time="0.000266166">
        </testcase>
        <testcase classname="tests/unit/backend/webhookService.test.js" name="WebhookService &gt; trigger() &gt; should handle webhook failures gracefully" time="0.0004175">
            <system-err>
[Webhook] Failed to send to https://example.com/webhook: Network error

            </system-err>
        </testcase>
        <testcase classname="tests/unit/backend/webhookService.test.js" name="WebhookService &gt; trigger() &gt; should handle database errors" time="0.002531459">
            <system-err>
[Webhook] Query error: Error: Database error
    at Object.&lt;anonymous&gt; (/Users/piotrwisniewski/Documents/Antygracity/DRD/consultify/tests/unit/backend/webhookService.test.js:144:26)
    at Object.Mock [as all] (file:///Users/piotrwisniewski/Documents/Antygracity/DRD/consultify/node_modules/@vitest/spy/dist/index.js:285:34)
    at /Users/piotrwisniewski/Documents/Antygracity/DRD/consultify/server/services/webhookService.js:25:21
    at new Promise (&lt;anonymous&gt;)
    at WebhookService.trigger (/Users/piotrwisniewski/Documents/Antygracity/DRD/consultify/server/services/webhookService.js:23:16)
    at /Users/piotrwisniewski/Documents/Antygracity/DRD/consultify/tests/unit/backend/webhookService.test.js:147:41
    at file:///Users/piotrwisniewski/Documents/Antygracity/DRD/consultify/node_modules/@vitest/runner/dist/index.js:145:11
    at file:///Users/piotrwisniewski/Documents/Antygracity/DRD/consultify/node_modules/@vitest/runner/dist/index.js:915:26
    at file:///Users/piotrwisniewski/Documents/Antygracity/DRD/consultify/node_modules/@vitest/runner/dist/index.js:1243:20
    at new Promise (&lt;anonymous&gt;)

            </system-err>
        </testcase>
        <testcase classname="tests/unit/backend/webhookService.test.js" name="WebhookService &gt; trigger() &gt; should only trigger webhooks for specified organization" time="0.000162959">
        </testcase>
        <testcase classname="tests/unit/backend/webhookService.test.js" name="WebhookService &gt; sendWebhook() &gt; should send webhook with correct headers" time="0.000184625">
        </testcase>
        <testcase classname="tests/unit/backend/webhookService.test.js" name="WebhookService &gt; sendWebhook() &gt; should include payload in body" time="0.00032025">
        </testcase>
        <testcase classname="tests/unit/backend/webhookService.test.js" name="WebhookService &gt; sendWebhook() &gt; should throw on non-ok response" time="0.000155875">
        </testcase>
        <testcase classname="tests/unit/backend/webhookService.test.js" name="WebhookService &gt; sendSlackNotification() &gt; should send Slack notification" time="0.000785834">
        </testcase>
        <testcase classname="tests/unit/backend/webhookService.test.js" name="WebhookService &gt; sendSlackNotification() &gt; should handle Slack API errors" time="0.000086875">
        </testcase>
        <testcase classname="tests/unit/backend/webhookService.test.js" name="WebhookService &gt; sendSlackNotification() &gt; should handle network errors" time="0.000360125">
            <system-err>
[Slack] Notification failed: Error: Network error
    at /Users/piotrwisniewski/Documents/Antygracity/DRD/consultify/tests/unit/backend/webhookService.test.js:256:45
    at file:///Users/piotrwisniewski/Documents/Antygracity/DRD/consultify/node_modules/@vitest/runner/dist/index.js:145:11
    at file:///Users/piotrwisniewski/Documents/Antygracity/DRD/consultify/node_modules/@vitest/runner/dist/index.js:915:26
    at file:///Users/piotrwisniewski/Documents/Antygracity/DRD/consultify/node_modules/@vitest/runner/dist/index.js:1243:20
    at new Promise (&lt;anonymous&gt;)
    at runWithTimeout (file:///Users/piotrwisniewski/Documents/Antygracity/DRD/consultify/node_modules/@vitest/runner/dist/index.js:1209:10)
    at file:///Users/piotrwisniewski/Documents/Antygracity/DRD/consultify/node_modules/@vitest/runner/dist/index.js:1653:37
    at Traces.$ (file:///Users/piotrwisniewski/Documents/Antygracity/DRD/consultify/node_modules/vitest/dist/chunks/traces.U4xDYhzZ.js:115:27)
    at trace (file:///Users/piotrwisniewski/Documents/Antygracity/DRD/consultify/node_modules/vitest/dist/chunks/test.B8ej_ZHS.js:239:21)
    at runTest (file:///Users/piotrwisniewski/Documents/Antygracity/DRD/consultify/node_modules/@vitest/runner/dist/index.js:1653:12)

            </system-err>
        </testcase>
        <testcase classname="tests/unit/backend/webhookService.test.js" name="WebhookService &gt; Multi-tenant Isolation &gt; should not leak webhooks between organizations" time="0.000152917">
        </testcase>
        <testcase classname="tests/unit/backend/webhookService.test.js" name="WebhookService &gt; Multi-tenant Isolation &gt; should filter webhooks by organization_id" time="0.000068">
        </testcase>
        <testcase classname="tests/unit/backend/webhookService.test.js" name="WebhookService &gt; Multi-tenant Isolation &gt; should only query active webhooks" time="0.000063375">
        </testcase>
        <testcase classname="tests/unit/backend/webhookService.test.js" name="WebhookService &gt; Security &gt; should generate HMAC signature for each webhook" time="0.000110917">
        </testcase>
        <testcase classname="tests/unit/backend/webhookService.test.js" name="WebhookService &gt; Security &gt; should include event type in headers" time="0.0000925">
        </testcase>
        <testcase classname="tests/unit/backend/webhookService.test.js" name="WebhookService &gt; Security &gt; should generate different signatures for different secrets" time="0.000108666">
        </testcase>
        <testcase classname="tests/unit/backend/webhookService.test.js" name="WebhookService &gt; formatInitiativeMessage() &gt; should format initiative message correctly" time="0.000156167">
        </testcase>
        <testcase classname="tests/unit/backend/webhookService.test.js" name="WebhookService &gt; formatTaskMessage() &gt; should format task message with status emoji" time="0.000132292">
        </testcase>
        <testcase classname="tests/unit/backend/webhookService.test.js" name="WebhookService &gt; formatTaskMessage() &gt; should handle completed status" time="0.000058792">
        </testcase>
    </testsuite>
    <testsuite name="tests/unit/backend/middleware/adminMiddleware.test.js" timestamp="2025-12-21T15:18:08.966Z" hostname="MacBook-Pro-Piotr.local" tests="4" failures="0" errors="0" skipped="0" time="0.188845667">
        <testcase classname="tests/unit/backend/middleware/adminMiddleware.test.js" name="AdminMiddleware &gt; should call next() if user is admin" time="0.002132834">
        </testcase>
        <testcase classname="tests/unit/backend/middleware/adminMiddleware.test.js" name="AdminMiddleware &gt; should call next() if user is superadmin" time="0.000374916">
        </testcase>
        <testcase classname="tests/unit/backend/middleware/adminMiddleware.test.js" name="AdminMiddleware &gt; should return 403 if user is not admin" time="0.001067208">
        </testcase>
        <testcase classname="tests/unit/backend/middleware/adminMiddleware.test.js" name="AdminMiddleware &gt; should return 401 if verify failed (bad signature)" time="0.000244958">
        </testcase>
    </testsuite>
    <testsuite name="tests/unit/backend/middleware/auditLog.test.js" timestamp="2025-12-21T15:18:08.966Z" hostname="MacBook-Pro-Piotr.local" tests="3" failures="0" errors="0" skipped="0" time="0.248108375">
        <testcase classname="tests/unit/backend/middleware/auditLog.test.js" name="AuditLog Middleware &gt; should call next() and override res.end" time="0.004448708">
            <system-out>
[Database] Selected: SQLite

            </system-out>
        </testcase>
        <testcase classname="tests/unit/backend/middleware/auditLog.test.js" name="AuditLog Middleware &gt; should log activity when res.end is called for 2xx POST" time="0.052868375">
            <system-out>
[Database] Selected: SQLite

            </system-out>
        </testcase>
        <testcase classname="tests/unit/backend/middleware/auditLog.test.js" name="AuditLog Middleware &gt; should NOT log for GET requests" time="0.001055417">
            <system-out>
[Database] Selected: SQLite

            </system-out>
        </testcase>
    </testsuite>
    <testsuite name="tests/unit/backend/middleware/authMiddleware.test.js" timestamp="2025-12-21T15:18:08.966Z" hostname="MacBook-Pro-Piotr.local" tests="6" failures="0" errors="0" skipped="4" time="0.075507708">
        <testcase classname="tests/unit/backend/middleware/authMiddleware.test.js" name="AuthMiddleware &gt; should return 403 if no token provided" time="0.001396292">
        </testcase>
        <testcase classname="tests/unit/backend/middleware/authMiddleware.test.js" name="AuthMiddleware &gt; should return 401 if token expired" time="0">
            <skipped/>
        </testcase>
        <testcase classname="tests/unit/backend/middleware/authMiddleware.test.js" name="AuthMiddleware &gt; should return 401 if token invalid" time="0.000283584">
        </testcase>
        <testcase classname="tests/unit/backend/middleware/authMiddleware.test.js" name="AuthMiddleware &gt; should call next() if token valid and no revocation check needed (no jti)" time="0">
            <skipped/>
        </testcase>
        <testcase classname="tests/unit/backend/middleware/authMiddleware.test.js" name="AuthMiddleware &gt; should check revocation if jti is present" time="0">
            <skipped/>
        </testcase>
        <testcase classname="tests/unit/backend/middleware/authMiddleware.test.js" name="AuthMiddleware &gt; should return 401 if token is revoked" time="0">
            <skipped/>
        </testcase>
    </testsuite>
    <testsuite name="tests/unit/backend/middleware/planLimits.test.js" timestamp="2025-12-21T15:18:08.966Z" hostname="MacBook-Pro-Piotr.local" tests="8" failures="0" errors="0" skipped="0" time="0.217085208">
        <testcase classname="tests/unit/backend/middleware/planLimits.test.js" name="PlanLimits Middleware &gt; should return 403 if no organization found in user" time="0.008419708">
            <system-out>
[Database] Selected: SQLite

            </system-out>
        </testcase>
        <testcase classname="tests/unit/backend/middleware/planLimits.test.js" name="PlanLimits Middleware &gt; should return 404 if organization does not exist in DB" time="0.001067041">
        </testcase>
        <testcase classname="tests/unit/backend/middleware/planLimits.test.js" name="PlanLimits Middleware &gt; should allow request if within limit (Free plan)" time="0.001408333">
        </testcase>
        <testcase classname="tests/unit/backend/middleware/planLimits.test.js" name="PlanLimits Middleware &gt; should block request if limit reached (Free plan)" time="0.001681541">
        </testcase>
        <testcase classname="tests/unit/backend/middleware/planLimits.test.js" name="PlanLimits Middleware &gt; should allow request if within limit (Pro plan)" time="0.001261792">
        </testcase>
        <testcase classname="tests/unit/backend/middleware/planLimits.test.js" name="PlanLimits Middleware &gt; should treat trial status as pro plan" time="0.001427666">
        </testcase>
        <testcase classname="tests/unit/backend/middleware/planLimits.test.js" name="PlanLimits Middleware &gt; should handle undefined limits gracefully (warn and allow)" time="0.001342">
            <system-err>
Limit key unknown_limit_key not found for plan free

            </system-err>
        </testcase>
        <testcase classname="tests/unit/backend/middleware/planLimits.test.js" name="PlanLimits Middleware &gt; should check max_members limit" time="0.001303167">
        </testcase>
    </testsuite>
    <testsuite name="tests/unit/backend/middleware/projectQuotaMiddleware.test.js" timestamp="2025-12-21T15:18:08.967Z" hostname="MacBook-Pro-Piotr.local" tests="6" failures="0" errors="0" skipped="0" time="0.222972666">
        <testcase classname="tests/unit/backend/middleware/projectQuotaMiddleware.test.js" name="Project Quota Middleware (Integration) &gt; should skip check if no project_id provided" time="0.000876333">
        </testcase>
        <testcase classname="tests/unit/backend/middleware/projectQuotaMiddleware.test.js" name="Project Quota Middleware (Integration) &gt; should allow request if quota is sufficient" time="0.001728875">
        </testcase>
        <testcase classname="tests/unit/backend/middleware/projectQuotaMiddleware.test.js" name="Project Quota Middleware (Integration) &gt; should allow request if limit is NULL (unlimited)" time="0.00114925">
        </testcase>
        <testcase classname="tests/unit/backend/middleware/projectQuotaMiddleware.test.js" name="Project Quota Middleware (Integration) &gt; should block 429 if quota exceeded" time="0.003312916">
        </testcase>
        <testcase classname="tests/unit/backend/middleware/projectQuotaMiddleware.test.js" name="Project Quota Middleware (Integration) &gt; should cleanup temp file if quota exceeded" time="0.001204042">
        </testcase>
        <testcase classname="tests/unit/backend/middleware/projectQuotaMiddleware.test.js" name="Project Quota Middleware (Integration) &gt; should handle errors gracefully (e.g. project not found)" time="0.001416667">
            <system-err>
Project quota check error: Error: Project not found
    at Statement.&lt;anonymous&gt; (/Users/piotrwisniewski/Documents/Antygracity/DRD/consultify/server/services/usageService.js:303:41)
    at Statement.replacement (/Users/piotrwisniewski/Documents/Antygracity/DRD/consultify/server/node_modules/sqlite3/lib/trace.js:25:27)
    at Statement.replacement (/Users/piotrwisniewski/Documents/Antygracity/DRD/consultify/server/node_modules/sqlite3/lib/trace.js:25:27)

            </system-err>
        </testcase>
    </testsuite>
    <testsuite name="tests/unit/backend/middleware/quotaMiddleware.test.js" timestamp="2025-12-21T15:18:08.967Z" hostname="MacBook-Pro-Piotr.local" tests="8" failures="0" errors="0" skipped="0" time="0.268505125">
        <testcase classname="tests/unit/backend/middleware/quotaMiddleware.test.js" name="Quota Middleware (Integration) &gt; enforceTokenQuota &gt; should return 401 if no orgId" time="0.000977875">
        </testcase>
        <testcase classname="tests/unit/backend/middleware/quotaMiddleware.test.js" name="Quota Middleware (Integration) &gt; enforceTokenQuota &gt; should allow if usage is below limit" time="0.0025925">
        </testcase>
        <testcase classname="tests/unit/backend/middleware/quotaMiddleware.test.js" name="Quota Middleware (Integration) &gt; enforceTokenQuota &gt; should block 429 if usage exceeds limit" time="0.00171575">
        </testcase>
        <testcase classname="tests/unit/backend/middleware/quotaMiddleware.test.js" name="Quota Middleware (Integration) &gt; enforceTokenQuota &gt; should allow if overage is enabled even if exceeded" time="0.001212958">
        </testcase>
        <testcase classname="tests/unit/backend/middleware/quotaMiddleware.test.js" name="Quota Middleware (Integration) &gt; enforceTokenQuota &gt; should set warning headers if &gt; 80%" time="0.001461167">
        </testcase>
        <testcase classname="tests/unit/backend/middleware/quotaMiddleware.test.js" name="Quota Middleware (Integration) &gt; enforceStorageQuota &gt; should allow if allowed" time="0.001313">
        </testcase>
        <testcase classname="tests/unit/backend/middleware/quotaMiddleware.test.js" name="Quota Middleware (Integration) &gt; enforceStorageQuota &gt; should block 429 if exceeded" time="0.001288208">
        </testcase>
        <testcase classname="tests/unit/backend/middleware/quotaMiddleware.test.js" name="Quota Middleware (Integration) &gt; recordTokenUsageAfterResponse &gt; should insert usage record into DB" time="0.051798167">
        </testcase>
    </testsuite>
    <testsuite name="tests/unit/backend/middleware/superAdminMiddleware.test.js" timestamp="2025-12-21T15:18:08.967Z" hostname="MacBook-Pro-Piotr.local" tests="3" failures="0" errors="0" skipped="0" time="0.194024959">
        <testcase classname="tests/unit/backend/middleware/superAdminMiddleware.test.js" name="SuperAdminMiddleware &gt; should call next() if user is superadmin" time="0.002104709">
        </testcase>
        <testcase classname="tests/unit/backend/middleware/superAdminMiddleware.test.js" name="SuperAdminMiddleware &gt; should return 403 if user is admin (not super)" time="0.001209334">
        </testcase>
        <testcase classname="tests/unit/backend/middleware/superAdminMiddleware.test.js" name="SuperAdminMiddleware &gt; should return 401 if token is invalid (bad signature)" time="0.000281583">
        </testcase>
    </testsuite>
</testsuites>
