{"numTotalTestSuites":336,"numPassedTestSuites":336,"numFailedTestSuites":0,"numPendingTestSuites":0,"numTotalTests":535,"numPass    <testsuite name="tests/performance/ai-load.test.ts" timestamp="2026-02-07T20:48:17.297Z" hostname="MacBook-Pro-Piotr.local" tests="16" failures="0" errors="0" skipped="0" time="0.140878541">
        <testcase classname="tests/performance/ai-load.test.ts" name="AI Load Testing &gt; Concurrent Request Handling &gt; should handle 10 concurrent requests" time="0.07600575">
        </testcase>
        <testcase classname="tests/performance/ai-load.test.ts" name="AI Load Testing &gt; Concurrent Request Handling &gt; should handle 50 concurrent requests" time="0.002426042">
        </testcase>
        <testcase classname="tests/performance/ai-load.test.ts" name="AI Load Testing &gt; Concurrent Request Handling &gt; should handle 100 concurrent requests under stress" time="0.001290375">
        </testcase>
        <testcase classname="tests/performance/ai-load.test.ts" name="AI Load Testing &gt; Token Throughput &gt; should process tokens within acceptable time" time="0.001613625">
        </testcase>
        <testcase classname="tests/performance/ai-load.test.ts" name="AI Load Testing &gt; Token Throughput &gt; should track token usage accurately" time="0.000437167">
        </testcase>
        <testcase classname="tests/performance/ai-load.test.ts" name="AI Load Testing &gt; Response Latency &gt; should maintain P50 latency under 100ms" time="0.00080925">
        </testcase>
        <testcase classname="tests/performance/ai-load.test.ts" name="AI Load Testing &gt; Response Latency &gt; should maintain P95 latency under 500ms" time="0.000901209">
        </testcase>
        <testcase classname="tests/performance/ai-load.test.ts" name="AI Load Testing &gt; Response Latency &gt; should maintain P99 latency under 1000ms" time="0.000367292">
        </testcase>
        <testcase classname="tests/performance/ai-load.test.ts" name="AI Load Testing &gt; Memory Usage &gt; should not increase memory significantly under load" time="0.001147916">
        </testcase>
        <testcase classname="tests/performance/ai-load.test.ts" name="AI Load Testing &gt; Memory Usage &gt; should release memory after request completion" time="0.00042775">
        </testcase>
        <testcase classname="tests/performance/ai-load.test.ts" name="AI Load Testing &gt; Graceful Degradation &gt; should queue requests when rate limited" time="0.000285667">
        </testcase>
        <testcase classname="tests/performance/ai-load.test.ts" name="AI Load Testing &gt; Graceful Degradation &gt; should fallback to alternative model on primary failure" time="0.000272834">
        </testcase>
        <testcase classname="tests/performance/ai-load.test.ts" name="AI Load Testing &gt; Graceful Degradation &gt; should return cached response when available" time="0.000179375">
        </testcase>
        <testcase classname="tests/performance/ai-load.test.ts" name="AI Load Testing &gt; Error Recovery &gt; should retry on transient errors" time="0.000174875">
        </testcase>
        <testcase classname="tests/performance/ai-load.test.ts" name="AI Load Testing &gt; Error Recovery &gt; should timeout long-running requests" time="0.051274917">
        </testcase>
        <testcase classname="tests/performance/ai-load.test.ts" name="AI Load Testing &gt; Load Distribution &gt; should distribute load across available endpoints" time="0.001284709">
        </testcase>
    </testsuite>
    <testsuite name="tests/performance/aiResponseTime.test.js" timestamp="2026-02-07T20:48:17.298Z" hostname="MacBook-Pro-Piotr.local" tests="3" failures="0" errors="0" skipped="0" time="0.04173075">
        <testcase classname="tests/performance/aiResponseTime.test.js" name="AI Response Time Tests &gt; should have low overhead for AI service routing" time="0.039958208">
            <system-out>
AI Mock Response: 0.19ms

            </system-out>
        </testcase>
        <testcase classname="tests/performance/aiResponseTime.test.js" name="AI Response Time Tests &gt; should handle concurrent AI requests (simulating multi-user)" time="0.000415541">
        </testcase>
        <testcase classname="tests/performance/aiResponseTime.test.js" name="AI Response Time Tests &gt; should maintain stable response time for large context" time="0.000220583">
        </testcase>
    </testsuite>
    <testsuite name="tests/performance/api-latency-baseline.test.ts" timestamp="2026-02-07T20:48:17.299Z" hostname="MacBook-Pro-Piotr.local" tests="17" failures="0" errors="0" skipped="0" time="4.401024625">
        <testcase classname="tests/performance/api-latency-baseline.test.ts" name="API Latency Baselines &gt; Authentication Endpoints &gt; should respond to login within acceptable time" time="1.297417959">
        </testcase>
        <testcase classname="tests/performance/api-latency-baseline.test.ts" name="API Latency Baselines &gt; Authentication Endpoints &gt; should respond to token refresh within acceptable time" time="0.080915417">
        </testcase>
        <testcase classname="tests/performance/api-latency-baseline.test.ts" name="API Latency Baselines &gt; Data Retrieval Endpoints &gt; should fetch user profile quickly" time="0.051406875">
        </testcase>
        <testcase classname="tests/performance/api-latency-baseline.test.ts" name="API Latency Baselines &gt; Data Retrieval Endpoints &gt; should handle paginated list endpoints efficiently" time="0.69437525">
        </testcase>
        <testcase classname="tests/performance/api-latency-baseline.test.ts" name="API Latency Baselines &gt; Data Retrieval Endpoints &gt; should fetch dashboard aggregations within threshold" time="0.201382834">
        </testcase>
        <testcase classname="tests/performance/api-latency-baseline.test.ts" name="API Latency Baselines &gt; Industrial Module Endpoints &gt; should fetch MES list within baseline" time="0.120845667">
        </testcase>
        <testcase classname="tests/performance/api-latency-baseline.test.ts" name="API Latency Baselines &gt; Industrial Module Endpoints &gt; should fetch WMS list within baseline" time="0.1055005">
        </testcase>
        <testcase classname="tests/performance/api-latency-baseline.test.ts" name="API Latency Baselines &gt; Industrial Module Endpoints &gt; should fetch QMS list within baseline" time="0.114776542">
        </testcase>
        <testcase classname="tests/performance/api-latency-baseline.test.ts" name="API Latency Baselines &gt; Industrial Module Endpoints &gt; should fetch CMMS list within baseline" time="0.100215834">
        </testcase>
        <testcase classname="tests/performance/api-latency-baseline.test.ts" name="API Latency Baselines &gt; Industrial Module Endpoints &gt; should fetch IOT list within baseline" time="0.115971334">
        </testcase>
        <testcase classname="tests/performance/api-latency-baseline.test.ts" name="API Latency Baselines &gt; Industrial Module Endpoints &gt; should fetch GEMBA list within baseline" time="0.116333791">
        </testcase>
        <testcase classname="tests/performance/api-latency-baseline.test.ts" name="API Latency Baselines &gt; Concurrent Request Handling &gt; should handle 10 concurrent requests efficiently" time="0.101864875">
        </testcase>
        <testcase classname="tests/performance/api-latency-baseline.test.ts" name="API Latency Baselines &gt; Concurrent Request Handling &gt; should maintain response times under load" time="0.929907375">
        </testcase>
        <testcase classname="tests/performance/api-latency-baseline.test.ts" name="API Latency Baselines &gt; Write Operation Latencies &gt; should complete create operations within threshold" time="0.102243208">
        </testcase>
        <testcase classname="tests/performance/api-latency-baseline.test.ts" name="API Latency Baselines &gt; Write Operation Latencies &gt; should complete update operations within threshold" time="0.081323625">
        </testcase>
        <testcase classname="tests/performance/api-latency-baseline.test.ts" name="API Latency Baselines &gt; Write Operation Latencies &gt; should complete delete operations within threshold" time="0.078891125">
        </testcase>
        <testcase classname="tests/performance/api-latency-baseline.test.ts" name="API Latency Baselines &gt; Cache Performance &gt; should serve cached responses significantly faster" time="0.101411541">
        </testcase>
    </testsuite>
    <testsuite name="tests/performance/batchOperations.test.js" timestamp="2026-02-07T20:48:17.300Z" hostname="MacBook-Pro-Piotr.local" tests="2" failures="0" errors="0" skipped="0" time="0.036850125">
        <testcase classname="tests/performance/batchOperations.test.js" name="Batch Operations Performance Tests &gt; should handle bulk creation efficiently" time="0.035544083">
        </testcase>
        <testcase classname="tests/performance/batchOperations.test.js" name="Batch Operations Performance Tests &gt; should handle bulk updates efficiently" time="0.00029375">
        </testcase>
    </testsuite>
    <testsuite name="tests/performance/bundle-size.test.ts" timestamp="2026-02-07T20:48:17.300Z" hostname="MacBook-Pro-Piotr.local" tests="14" failures="0" errors="0" skipped="0" time="0.04318975">
        <testcase classname="tests/performance/bundle-size.test.ts" name="Bundle Size Regression &gt; Main Bundle Limits &gt; should keep main bundle under size limit" time="0.039260333">
        </testcase>
        <testcase classname="tests/performance/bundle-size.test.ts" name="Bundle Size Regression &gt; Main Bundle Limits &gt; should keep vendor bundle under size limit" time="0.000230417">
        </testcase>
        <testcase classname="tests/performance/bundle-size.test.ts" name="Bundle Size Regression &gt; Main Bundle Limits &gt; should keep total chunks under size limit" time="0.000142125">
        </testcase>
        <testcase classname="tests/performance/bundle-size.test.ts" name="Bundle Size Regression &gt; Lazy Loading Verification &gt; should verify lazy-loaded routes are in separate chunks" time="0.000286667">
        </testcase>
        <testcase classname="tests/performance/bundle-size.test.ts" name="Bundle Size Regression &gt; Lazy Loading Verification &gt; should keep industrial modules as separate chunks" time="0.00026025">
        </testcase>
        <testcase classname="tests/performance/bundle-size.test.ts" name="Bundle Size Regression &gt; CSS Bundle Size &gt; should keep CSS bundle under size limit" time="0.000100375">
        </testcase>
        <testcase classname="tests/performance/bundle-size.test.ts" name="Bundle Size Regression &gt; CSS Bundle Size &gt; should not have duplicate CSS rules" time="0.000091125">
        </testcase>
        <testcase classname="tests/performance/bundle-size.test.ts" name="Bundle Size Regression &gt; Tree Shaking Effectiveness &gt; should not include unused exports" time="0.000648792">
        </testcase>
        <testcase classname="tests/performance/bundle-size.test.ts" name="Bundle Size Regression &gt; Tree Shaking Effectiveness &gt; should use ESM imports for tree shaking" time="0.000204208">
        </testcase>
        <testcase classname="tests/performance/bundle-size.test.ts" name="Bundle Size Regression &gt; Source Map Size &gt; should not generate source maps in production by default" time="0.000118292">
        </testcase>
        <testcase classname="tests/performance/bundle-size.test.ts" name="Bundle Size Regression &gt; Image and Asset Size &gt; should keep images under reasonable size limits" time="0.000104542">
        </testcase>
        <testcase classname="tests/performance/bundle-size.test.ts" name="Bundle Size Regression &gt; Image and Asset Size &gt; should use WebP format for large images" time="0.000161417">
        </testcase>
        <testcase classname="tests/performance/bundle-size.test.ts" name="Bundle Size Regression &gt; Compression Effectiveness &gt; should achieve good gzip compression ratio" time="0.00008775">
        </testcase>
        <testcase classname="tests/performance/bundle-size.test.ts" name="Bundle Size Regression &gt; Bundle Size Comparison &gt; should not regress more than 5% from baseline" time="0.000101917">
        </testcase>
    </testsuite>
    <testsuite name="tests/performance/cachePerformance.test.js" timestamp="2026-02-07T20:48:17.301Z" hostname="MacBook-Pro-Piotr.local" tests="3" failures="0" errors="0" skipped="0" time="0.053463958">
        <testcase classname="tests/performance/cachePerformance.test.js" name="Cache Performance Tests &gt; should be significantly faster on cache hit vs cache miss" time="0.0510375">
            <system-out>
Cache Perf: Miss=0.24ms, Hit=0.02ms

            </system-out>
        </testcase>
        <testcase classname="tests/performance/cachePerformance.test.js" name="Cache Performance Tests &gt; should handle rapid repeated access to same resource without degradation" time="0.000576541">
        </testcase>
        <testcase classname="tests/performance/cachePerformance.test.js" name="Cache Performance Tests &gt; should not allow cache size to impact response time significantly" time="0.000258333">
        </testcase>
    </testsuite>
    <testsuite name="tests/performance/concurrentOperations.test.js" timestamp="2026-02-07T20:48:17.302Z" hostname="MacBook-Pro-Piotr.local" tests="9" failures="0" errors="0" skipped="0" time="3.480127959">
        <testcase classname="tests/performance/concurrentOperations.test.js" name="Concurrent Operations Performance &gt; Concurrent Database Operations &gt; should handle concurrent SELECT queries" time="0.073379042">
        </testcase>
        <testcase classname="tests/performance/concurrentOperations.test.js" name="Concurrent Operations Performance &gt; Concurrent Database Operations &gt; should handle concurrent INSERT operations" time="0.006554292">
        </testcase>
        <testcase classname="tests/performance/concurrentOperations.test.js" name="Concurrent Operations Performance &gt; Concurrent Database Operations &gt; should handle concurrent UPDATE operations" time="0.006564291">
        </testcase>
        <testcase classname="tests/performance/concurrentOperations.test.js" name="Concurrent Operations Performance &gt; Concurrent Service Operations &gt; should handle concurrent usage tracking" time="0.000444459">
        </testcase>
        <testcase classname="tests/performance/concurrentOperations.test.js" name="Concurrent Operations Performance &gt; Concurrent Service Operations &gt; should handle concurrent permission checks" time="0.000536625">
        </testcase>
        <testcase classname="tests/performance/concurrentOperations.test.js" name="Concurrent Operations Performance &gt; Race Condition Tests &gt; should handle race conditions in token billing" time="0.000331667">
        </testcase>
        <testcase classname="tests/performance/concurrentOperations.test.js" name="Concurrent Operations Performance &gt; Race Condition Tests &gt; should prevent double-spending in concurrent operations" time="0.000296333">
        </testcase>
        <testcase classname="tests/performance/concurrentOperations.test.js" name="Concurrent Operations Performance &gt; Load Test Scenarios &gt; should handle burst traffic (100 requests in 1 second)" time="0.000304958">
        </testcase>
        <testcase classname="tests/performance/concurrentOperations.test.js" name="Concurrent Operations Performance &gt; Load Test Scenarios &gt; should maintain performance under sustained load" time="3.389381709">
        </testcase>
    </testsuite>
    <testsuite name="tests/performance/databaseConnectionPool.test.js" timestamp="2026-02-07T20:48:17.302Z" hostname="MacBook-Pro-Piotr.local" tests="2" failures="0" errors="0" skipped="0" time="0.045320458">
        <testcase classname="tests/performance/databaseConnectionPool.test.js" name="Database Connection Pool Performance &gt; should handle concurrent requests exceeding pool size without failure" time="0.043723209">
            <system-out>
DB Pool Test: 20/20 successful in 0.37ms

            </system-out>
        </testcase>
        <testcase classname="tests/performance/databaseConnectionPool.test.js" name="Database Connection Pool Performance &gt; should release connections back to pool quickly" time="0.000377458">
        </testcase>
    </testsuite>
    <testsuite name="tests/performance/edge-cases-extended.test.js" timestamp="2026-02-07T20:48:17.302Z" hostname="MacBook-Pro-Piotr.local" tests="36" failures="0" errors="0" skipped="0" time="0.296517125">
        <testcase classname="tests/performance/edge-cases-extended.test.js" name="Edge Cases &amp; Boundary Conditions &gt; Null/Undefined Handling &gt; should handle null input gracefully" time="0.032415458">
        </testcase>
        <testcase classname="tests/performance/edge-cases-extended.test.js" name="Edge Cases &amp; Boundary Conditions &gt; Null/Undefined Handling &gt; should handle nested null values" time="0.000333459">
        </testcase>
        <testcase classname="tests/performance/edge-cases-extended.test.js" name="Edge Cases &amp; Boundary Conditions &gt; Null/Undefined Handling &gt; should handle array with null elements" time="0.000175209">
        </testcase>
        <testcase classname="tests/performance/edge-cases-extended.test.js" name="Edge Cases &amp; Boundary Conditions &gt; Empty Data Handling &gt; should handle empty string" time="0.000200917">
        </testcase>
        <testcase classname="tests/performance/edge-cases-extended.test.js" name="Edge Cases &amp; Boundary Conditions &gt; Empty Data Handling &gt; should handle empty array" time="0.000160791">
        </testcase>
        <testcase classname="tests/performance/edge-cases-extended.test.js" name="Edge Cases &amp; Boundary Conditions &gt; Empty Data Handling &gt; should handle empty object" time="0.000122875">
        </testcase>
        <testcase classname="tests/performance/edge-cases-extended.test.js" name="Edge Cases &amp; Boundary Conditions &gt; Boundary Values &gt; should handle maximum safe integer" time="0.000094208">
        </testcase>
        <testcase classname="tests/performance/edge-cases-extended.test.js" name="Edge Cases &amp; Boundary Conditions &gt; Boundary Values &gt; should handle minimum safe integer" time="0.000073167">
        </testcase>
        <testcase classname="tests/performance/edge-cases-extended.test.js" name="Edge Cases &amp; Boundary Conditions &gt; Boundary Values &gt; should handle very small numbers" time="0.000225167">
        </testcase>
        <testcase classname="tests/performance/edge-cases-extended.test.js" name="Edge Cases &amp; Boundary Conditions &gt; Boundary Values &gt; should handle zero and negative zero" time="0.000104792">
        </testcase>
        <testcase classname="tests/performance/edge-cases-extended.test.js" name="Edge Cases &amp; Boundary Conditions &gt; Boundary Values &gt; should handle Infinity" time="0.000085417">
        </testcase>
        <testcase classname="tests/performance/edge-cases-extended.test.js" name="Edge Cases &amp; Boundary Conditions &gt; String Edge Cases &gt; should handle very long strings" time="0.000070917">
        </testcase>
        <testcase classname="tests/performance/edge-cases-extended.test.js" name="Edge Cases &amp; Boundary Conditions &gt; String Edge Cases &gt; should handle unicode characters" time="0.000111375">
        </testcase>
        <testcase classname="tests/performance/edge-cases-extended.test.js" name="Edge Cases &amp; Boundary Conditions &gt; String Edge Cases &gt; should handle special characters" time="0.000062584">
        </testcase>
        <testcase classname="tests/performance/edge-cases-extended.test.js" name="Edge Cases &amp; Boundary Conditions &gt; String Edge Cases &gt; should handle newlines and whitespace" time="0.000094625">
        </testcase>
        <testcase classname="tests/performance/edge-cases-extended.test.js" name="Edge Cases &amp; Boundary Conditions &gt; Date Edge Cases &gt; should handle epoch time" time="0.000194375">
        </testcase>
        <testcase classname="tests/performance/edge-cases-extended.test.js" name="Edge Cases &amp; Boundary Conditions &gt; Date Edge Cases &gt; should handle far future dates" time="0.000064375">
        </testcase>
        <testcase classname="tests/performance/edge-cases-extended.test.js" name="Edge Cases &amp; Boundary Conditions &gt; Date Edge Cases &gt; should handle invalid dates" time="0.000053709">
        </testcase>
        <testcase classname="tests/performance/edge-cases-extended.test.js" name="Edge Cases &amp; Boundary Conditions &gt; Date Edge Cases &gt; should handle leap year edge cases" time="0.00006">
        </testcase>
        <testcase classname="tests/performance/edge-cases-extended.test.js" name="Edge Cases &amp; Boundary Conditions &gt; Array Edge Cases &gt; should handle sparse arrays" time="0.000088833">
        </testcase>
        <testcase classname="tests/performance/edge-cases-extended.test.js" name="Edge Cases &amp; Boundary Conditions &gt; Array Edge Cases &gt; should handle array-like objects" time="0.000079958">
        </testcase>
        <testcase classname="tests/performance/edge-cases-extended.test.js" name="Edge Cases &amp; Boundary Conditions &gt; Array Edge Cases &gt; should handle large arrays" time="0.000185917">
        </testcase>
        <testcase classname="tests/performance/edge-cases-extended.test.js" name="Edge Cases &amp; Boundary Conditions &gt; Array Edge Cases &gt; should handle array with mixed types" time="0.000101917">
        </testcase>
        <testcase classname="tests/performance/edge-cases-extended.test.js" name="Edge Cases &amp; Boundary Conditions &gt; Async Edge Cases &gt; should handle promise rejection" time="0.000695375">
        </testcase>
        <testcase classname="tests/performance/edge-cases-extended.test.js" name="Edge Cases &amp; Boundary Conditions &gt; Async Edge Cases &gt; should handle concurrent promises" time="0.150519917">
        </testcase>
        <testcase classname="tests/performance/edge-cases-extended.test.js" name="Edge Cases &amp; Boundary Conditions &gt; Async Edge Cases &gt; should handle promise timeout" time="0.103801334">
        </testcase>
        <testcase classname="tests/performance/edge-cases-extended.test.js" name="Edge Cases &amp; Boundary Conditions &gt; Async Edge Cases &gt; should handle promise.allSettled" time="0.000576625">
        </testcase>
        <testcase classname="tests/performance/edge-cases-extended.test.js" name="Edge Cases &amp; Boundary Conditions &gt; Object Edge Cases &gt; should handle circular references" time="0.0007615">
        </testcase>
        <testcase classname="tests/performance/edge-cases-extended.test.js" name="Edge Cases &amp; Boundary Conditions &gt; Object Edge Cases &gt; should handle frozen objects" time="0.000316792">
        </testcase>
        <testcase classname="tests/performance/edge-cases-extended.test.js" name="Edge Cases &amp; Boundary Conditions &gt; Object Edge Cases &gt; should handle prototype pollution prevention" time="0.000349375">
        </testcase>
        <testcase classname="tests/performance/edge-cases-extended.test.js" name="Edge Cases &amp; Boundary Conditions &gt; Object Edge Cases &gt; should handle Symbol properties" time="0.000379834">
        </testcase>
        <testcase classname="tests/performance/edge-cases-extended.test.js" name="Edge Cases &amp; Boundary Conditions &gt; Regex Edge Cases &gt; should handle ReDoS-safe patterns" time="0.000463541">
        </testcase>
        <testcase classname="tests/performance/edge-cases-extended.test.js" name="Edge Cases &amp; Boundary Conditions &gt; Regex Edge Cases &gt; should handle email validation edge cases" time="0.000548209">
        </testcase>
        <testcase classname="tests/performance/edge-cases-extended.test.js" name="Edge Cases &amp; Boundary Conditions &gt; Type Coercion Edge Cases &gt; should handle truthy/falsy values" time="0.000507375">
        </testcase>
        <testcase classname="tests/performance/edge-cases-extended.test.js" name="Edge Cases &amp; Boundary Conditions &gt; Type Coercion Edge Cases &gt; should handle loose vs strict equality" time="0.000264583">
        </testcase>
        <testcase classname="tests/performance/edge-cases-extended.test.js" name="Edge Cases &amp; Boundary Conditions &gt; Type Coercion Edge Cases &gt; should handle NaN comparisons" time="0.00022625">
        </testcase>
    </testsuite>
    <testsuite name="tests/performance/endurance.test.js" timestamp="2026-02-07T20:48:17.304Z" hostname="MacBook-Pro-Piotr.local" tests="1" failures="0" errors="0" skipped="0" time="3.049206208">
        <testcase classname="tests/performance/endurance.test.js" name="Endurance Performance Tests &gt; should maintain stable response times over a sustained period" time="3.048012333">
            <system-out>
Endurance: 254 reqs. Avg1: 0.10ms, Avg2: 0.05ms

            </system-out>
        </testcase>
    </testsuite>
    <testsuite name="tests/performance/exportPerformance.test.js" timestamp="2026-02-07T20:48:17.305Z" hostname="MacBook-Pro-Piotr.local" tests="2" failures="0" errors="0" skipped="0" time="0.036955666">
        <testcase classname="tests/performance/exportPerformance.test.js" name="Export Performance Tests &gt; should generate standard PDF report within acceptable time" time="0.035506708">
        </testcase>
        <testcase classname="tests/performance/exportPerformance.test.js" name="Export Performance Tests &gt; should stream large CSV exports efficiently" time="0.000300375">
        </testcase>
    </testsuite>
    <testsuite name="tests/performance/fileUploadPerformance.test.js" timestamp="2026-02-07T20:48:17.305Z" hostname="MacBook-Pro-Piotr.local" tests="3" failures="0" errors="0" skipped="0" time="0.176247625">
        <testcase classname="tests/performance/fileUploadPerformance.test.js" name="File Upload Performance Tests &gt; should upload small files (&lt; 1MB) instantly" time="0.046592833">
        </testcase>
        <testcase classname="tests/performance/fileUploadPerformance.test.js" name="File Upload Performance Tests &gt; should handle larger files (5MB) within acceptable time" time="0.127845125">
        </testcase>
        <testcase classname="tests/performance/fileUploadPerformance.test.js" name="File Upload Performance Tests &gt; should reject too large files quickly (Fail Fast)" time="0.000530667">
        </testcase>
    </testsuite>
    <testsuite name="tests/performance/latency.test.js" timestamp="2026-02-07T20:48:17.305Z" hostname="MacBook-Pro-Piotr.local" tests="3" failures="0" errors="0" skipped="0" time="0.662821041">
        <testcase classname="tests/performance/latency.test.js" name="Latency Performance Tests &gt; should maintain acceptable latency distribution under normal load" time="0.560923042">
            <system-out>
Latency Stats: P50=11.11ms, P95=18.23ms, P99=19.90ms

            </system-out>
        </testcase>
        <testcase classname="tests/performance/latency.test.js" name="Latency Performance Tests &gt; should not degrade significantly under simulated high latency" time="0.100641334">
        </testcase>
        <testcase classname="tests/performance/latency.test.js" name="Latency Performance Tests &gt; should handle sequential API calls with acceptable cumulative latency" time="0.0002525">
        </testcase>
    </testsuite>
    <testsuite name="tests/performance/lazy-loading.test.js" timestamp="2026-02-07T20:48:17.305Z" hostname="MacBook-Pro-Piotr.local" tests="9" failures="0" errors="0" skipped="0" time="0.03516275">
        <testcase classname="tests/performance/lazy-loading.test.js" name="Lazy Loader Tests &gt; should load and cache" time="0.032453791">
        </testcase>
        <testcase classname="tests/performance/lazy-loading.test.js" name="Lazy Loader Tests &gt; should deduplicate concurrent loads" time="0.000284416">
        </testcase>
        <testcase classname="tests/performance/lazy-loading.test.js" name="Lazy Loader Tests &gt; should invalidate" time="0.000132916">
        </testcase>
        <testcase classname="tests/performance/lazy-loading.test.js" name="Module Registry Tests &gt; should register and import" time="0.000195417">
        </testcase>
        <testcase classname="tests/performance/lazy-loading.test.js" name="Module Registry Tests &gt; should cache imports" time="0.00013075">
        </testcase>
        <testcase classname="tests/performance/lazy-loading.test.js" name="Module Registry Tests &gt; should preload all" time="0.000133709">
        </testcase>
        <testcase classname="tests/performance/lazy-loading.test.js" name="Priority Loader Tests &gt; should process by priority" time="0.000216375">
        </testcase>
        <testcase classname="tests/performance/lazy-loading.test.js" name="Chunked Loader Tests &gt; should load in chunks" time="0.000157083">
        </testcase>
        <testcase classname="tests/performance/lazy-loading.test.js" name="Chunked Loader Tests &gt; should report progress" time="0.000477875">
        </testcase>
    </testsuite>
    <testsuite name="tests/performance/llmPerformance.test.js" timestamp="2026-02-07T20:48:17.306Z" hostname="MacBook-Pro-Piotr.local" tests="7" failures="0" errors="0" skipped="0" time="0.070451458">
        <testcase classname="tests/performance/llmPerformance.test.js" name="Performance Test: LLM &gt; Latency Benchmarks &gt; should complete simple LLM call in &lt; 5 seconds" time="0.067634875">
        </testcase>
        <testcase classname="tests/performance/llmPerformance.test.js" name="Performance Test: LLM &gt; Latency Benchmarks &gt; should handle streaming with acceptable latency" time="0.000316458">
        </testcase>
        <testcase classname="tests/performance/llmPerformance.test.js" name="Performance Test: LLM &gt; Throughput Tests &gt; should handle multiple sequential calls efficiently" time="0.000185291">
        </testcase>
        <testcase classname="tests/performance/llmPerformance.test.js" name="Performance Test: LLM &gt; Throughput Tests &gt; should handle batch processing efficiently" time="0.000328083">
        </testcase>
        <testcase classname="tests/performance/llmPerformance.test.js" name="Performance Test: LLM &gt; Token Efficiency &gt; should handle token limits correctly" time="0.00018375">
        </testcase>
        <testcase classname="tests/performance/llmPerformance.test.js" name="Performance Test: LLM &gt; Token Efficiency &gt; should handle context window efficiently" time="0.000136167">
        </testcase>
        <testcase classname="tests/performance/llmPerformance.test.js" name="Performance Test: LLM &gt; Error Recovery &gt; should recover from transient errors" time="0.000130667">
        </testcase>
    </testsuite>
    <testsuite name="tests/performance/memory-leak-detector.test.ts" timestamp="2026-02-07T20:48:17.306Z" hostname="MacBook-Pro-Piotr.local" tests="9" failures="0" errors="0" skipped="0" time="0.057255791">
        <testcase classname="tests/performance/memory-leak-detector.test.ts" name="Memory Leak Detection &gt; Heap Growth Monitoring &gt; should not grow memory excessively during repeated operations" time="0.052524875">
        </testcase>
        <testcase classname="tests/performance/memory-leak-detector.test.ts" name="Memory Leak Detection &gt; Heap Growth Monitoring &gt; should properly release memory after large object processing" time="0.000352333">
        </testcase>
        <testcase classname="tests/performance/memory-leak-detector.test.ts" name="Memory Leak Detection &gt; Event Listener Cleanup &gt; should track and clean up event listeners" time="0.000276292">
        </testcase>
        <testcase classname="tests/performance/memory-leak-detector.test.ts" name="Memory Leak Detection &gt; Event Listener Cleanup &gt; should warn when too many listeners are added" time="0.001639125">
        </testcase>
        <testcase classname="tests/performance/memory-leak-detector.test.ts" name="Memory Leak Detection &gt; Timer and Interval Cleanup &gt; should track and cleanup timers" time="0.000297959">
        </testcase>
        <testcase classname="tests/performance/memory-leak-detector.test.ts" name="Memory Leak Detection &gt; Timer and Interval Cleanup &gt; should cleanup intervals on component unmount" time="0.000192625">
        </testcase>
        <testcase classname="tests/performance/memory-leak-detector.test.ts" name="Memory Leak Detection &gt; Cache Size Management &gt; should enforce cache size limits" time="0.000230583">
        </testcase>
        <testcase classname="tests/performance/memory-leak-detector.test.ts" name="Memory Leak Detection &gt; Cache Size Management &gt; should expire stale cache entries" time="0.000168458">
        </testcase>
        <testcase classname="tests/performance/memory-leak-detector.test.ts" name="Memory Leak Detection &gt; Subscription Cleanup &gt; should cleanup all subscriptions on disposal" time="0.000184583">
        </testcase>
    </testsuite>
    <testsuite name="tests/performance/memoryLeak.test.js" timestamp="2026-02-07T20:48:17.307Z" hostname="MacBook-Pro-Piotr.local" tests="5" failures="0" errors="0" skipped="0" time="0.438456917">
        <testcase classname="tests/performance/memoryLeak.test.js" name="Memory Leak Tests &gt; Database Connection Leaks &gt; should not leak database connections on repeated queries" time="0.132005916">
        </testcase>
        <testcase classname="tests/performance/memoryLeak.test.js" name="Memory Leak Tests &gt; Database Connection Leaks &gt; should properly close database connections" time="0.101873083">
        </testcase>
        <testcase classname="tests/performance/memoryLeak.test.js" name="Memory Leak Tests &gt; Event Listener Leaks &gt; should not accumulate event listeners" time="0.000284375">
        </testcase>
        <testcase classname="tests/performance/memoryLeak.test.js" name="Memory Leak Tests &gt; Promise Leaks &gt; should not accumulate unresolved promises" time="0.101157375">
        </testcase>
        <testcase classname="tests/performance/memoryLeak.test.js" name="Memory Leak Tests &gt; Timer Leaks &gt; should clean up timers" time="0.101839584">
        </testcase>
    </testsuite>
    <testsuite name="tests/performance/queuePerformance.test.js" timestamp="2026-02-07T20:48:17.307Z" hostname="MacBook-Pro-Piotr.local" tests="2" failures="0" errors="0" skipped="0" time="0.041708542">
        <testcase classname="tests/performance/queuePerformance.test.js" name="Queue Performance Tests &gt; should enqueue jobs quickly" time="0.039274708">
        </testcase>
        <testcase classname="tests/performance/queuePerformance.test.js" name="Queue Performance Tests &gt; should handle burst job submission without blocking main thread" time="0.001253375">
            <system-out>
Queue Burst: 20 jobs enqueued in 0.23ms (Avg: 0.01ms)

            </system-out>
        </testcase>
    </testsuite>
    <testsuite name="tests/performance/realTimePerformance.test.js" timestamp="2026-02-07T20:48:17.307Z" hostname="MacBook-Pro-Piotr.local" tests="2" failures="0" errors="0" skipped="0" time="0.034597375">
        <testcase classname="tests/performance/realTimePerformance.test.js" name="Real-Time Performance Tests &gt; should accept event broadcasts instantly" time="0.033363416">
        </testcase>
        <testcase classname="tests/performance/realTimePerformance.test.js" name="Real-Time Performance Tests &gt; should not block when broadcasting to many users" time="0.000281875">
        </testcase>
    </testsuite>
    <testsuite name="tests/performance/searchPerformance.test.js" timestamp="2026-02-07T20:48:17.308Z" hostname="MacBook-Pro-Piotr.local" tests="2" failures="0" errors="0" skipped="0" time="0.0561225">
        <testcase classname="tests/performance/searchPerformance.test.js" name="Search Performance Tests &gt; should return search results under 200ms" time="0.054186334">
            <system-out>
Search Request: 0.22ms

            </system-out>
        </testcase>
        <testcase classname="tests/performance/searchPerformance.test.js" name="Search Performance Tests &gt; should not degrade significantly with complex filters" time="0.00037125">
        </testcase>
    </testsuite>
    <testsuite name="tests/performance/stress.test.js" timestamp="2026-02-07T20:48:17.308Z" hostname="MacBook-Pro-Piotr.local" tests="4" failures="0" errors="0" skipped="0" time="0.0045295">
        <testcase classname="tests/performance/stress.test.js" name="Performance Test: Stress &gt; High Volume Operations &gt; should handle 1000 sequential inserts" time="0.00192925">
        </testcase>
        <testcase classname="tests/performance/stress.test.js" name="Performance Test: Stress &gt; High Volume Operations &gt; should handle 500 concurrent queries" time="0.000544375">
        </testcase>
        <testcase classname="tests/performance/stress.test.js" name="Performance Test: Stress &gt; Memory Leak Detection &gt; should not leak memory with repeated queries" time="0.000251417">
        </testcase>
        <testcase classname="tests/performance/stress.test.js" name="Performance Test: Stress &gt; Connection Pool Stress &gt; should handle many concurrent connections" time="0.000721834">
        </testcase>
    </testsuite>
    <testsuite name="tests/performance/superadmin-api-throughput.test.js" timestamp="2026-02-07T20:48:17.308Z" hostname="MacBook-Pro-Piotr.local" tests="18" failures="0" errors="0" skipped="0" time="1.159194792">
        <testcase classname="tests/performance/superadmin-api-throughput.test.js" name="SuperAdmin API Throughput Performance &gt; Health Endpoint Performance &gt; should respond to health check under 100ms" time="0.031530833">
        </testcase>
        <testcase classname="tests/performance/superadmin-api-throughput.test.js" name="SuperAdmin API Throughput Performance &gt; Health Endpoint Performance &gt; should handle 20 concurrent health checks" time="0.000457334">
        </testcase>
        <testcase classname="tests/performance/superadmin-api-throughput.test.js" name="SuperAdmin API Throughput Performance &gt; SuperAdmin Dashboard API Performance &gt; should load dashboard stats under 500ms" time="0.00012825">
        </testcase>
        <testcase classname="tests/performance/superadmin-api-throughput.test.js" name="SuperAdmin API Throughput Performance &gt; SuperAdmin Dashboard API Performance &gt; should handle concurrent dashboard requests" time="0.000204584">
        </testcase>
        <testcase classname="tests/performance/superadmin-api-throughput.test.js" name="SuperAdmin API Throughput Performance &gt; SuperAdmin Dashboard API Performance &gt; should measure dashboard p95 latency" time="0.000185167">
        </testcase>
        <testcase classname="tests/performance/superadmin-api-throughput.test.js" name="SuperAdmin API Throughput Performance &gt; Customer List API Performance &gt; should fetch customer list under 500ms" time="0.000086041">
        </testcase>
        <testcase classname="tests/performance/superadmin-api-throughput.test.js" name="SuperAdmin API Throughput Performance &gt; Customer List API Performance &gt; should handle paginated customer requests" time="0.000079167">
        </testcase>
        <testcase classname="tests/performance/superadmin-api-throughput.test.js" name="SuperAdmin API Throughput Performance &gt; Customer List API Performance &gt; should handle concurrent customer list requests" time="0.000117375">
        </testcase>
        <testcase classname="tests/performance/superadmin-api-throughput.test.js" name="SuperAdmin API Throughput Performance &gt; Analytics API Performance &gt; should fetch analytics under 1000ms" time="0.000082084">
        </testcase>
        <testcase classname="tests/performance/superadmin-api-throughput.test.js" name="SuperAdmin API Throughput Performance &gt; Analytics API Performance &gt; should handle analytics with date range" time="0.000241875">
        </testcase>
        <testcase classname="tests/performance/superadmin-api-throughput.test.js" name="SuperAdmin API Throughput Performance &gt; Revenue API Performance &gt; should fetch revenue data under 500ms" time="0.000068084">
        </testcase>
        <testcase classname="tests/performance/superadmin-api-throughput.test.js" name="SuperAdmin API Throughput Performance &gt; Revenue API Performance &gt; should handle revenue metrics request" time="0.000063792">
        </testcase>
        <testcase classname="tests/performance/superadmin-api-throughput.test.js" name="SuperAdmin API Throughput Performance &gt; System Health API Performance &gt; should fetch system health under 300ms" time="0.000063833">
        </testcase>
        <testcase classname="tests/performance/superadmin-api-throughput.test.js" name="SuperAdmin API Throughput Performance &gt; System Health API Performance &gt; should handle audit log requests" time="0.000060083">
        </testcase>
        <testcase classname="tests/performance/superadmin-api-throughput.test.js" name="SuperAdmin API Throughput Performance &gt; Sustained Load Performance &gt; should maintain performance under sustained load" time="1.022467541">
        </testcase>
        <testcase classname="tests/performance/superadmin-api-throughput.test.js" name="SuperAdmin API Throughput Performance &gt; Sustained Load Performance &gt; should handle burst traffic" time="0.000762667">
        </testcase>
        <testcase classname="tests/performance/superadmin-api-throughput.test.js" name="SuperAdmin API Throughput Performance &gt; Error Rate Performance &gt; should have low error rate under normal load" time="0.000349875">
        </testcase>
        <testcase classname="tests/performance/superadmin-api-throughput.test.js" name="SuperAdmin API Throughput Performance &gt; Memory and Resource Usage &gt; should not leak memory over multiple requests" time="0.100647625">
        </testcase>
    </testsuite>
    <testsuite name="tests/security/ai-multi-tenant.test.js" timestamp="2026-02-07T20:48:17.309Z" hostname="MacBook-Pro-Piotr.local" tests="13" failures="0" errors="0" skipped="0" time="0.078830417">
        <testcase classname="tests/security/ai-multi-tenant.test.js" name="AI Multi-Tenant Security Tests &gt; Memory Isolation &gt; should not leak project memory across organizations" time="0.061218708">
        </testcase>
        <testcase classname="tests/security/ai-multi-tenant.test.js" name="AI Multi-Tenant Security Tests &gt; Memory Isolation &gt; should not leak organization memory to other orgs" time="0.0028415">
        </testcase>
        <testcase classname="tests/security/ai-multi-tenant.test.js" name="AI Multi-Tenant Security Tests &gt; Memory Isolation &gt; should isolate user preferences by organization" time="0.00088175">
        </testcase>
        <testcase classname="tests/security/ai-multi-tenant.test.js" name="AI Multi-Tenant Security Tests &gt; Context Builder Isolation &gt; should not include cross-org data in AI context" time="0.001188917">
        </testcase>
        <testcase classname="tests/security/ai-multi-tenant.test.js" name="AI Multi-Tenant Security Tests &gt; Context Builder Isolation &gt; should filter relevant memory by organization" time="0.000441833">
        </testcase>
        <testcase classname="tests/security/ai-multi-tenant.test.js" name="AI Multi-Tenant Security Tests &gt; Action Executor Isolation &gt; should not return pending actions from other organizations" time="0.00029225">
        </testcase>
        <testcase classname="tests/security/ai-multi-tenant.test.js" name="AI Multi-Tenant Security Tests &gt; Action Executor Isolation &gt; should not allow cross-org action approval" time="0.001708875">
        </testcase>
        <testcase classname="tests/security/ai-multi-tenant.test.js" name="AI Multi-Tenant Security Tests &gt; Action Executor Isolation &gt; should enforce org boundary on action creation" time="0.001371667">
        </testcase>
        <testcase classname="tests/security/ai-multi-tenant.test.js" name="AI Multi-Tenant Security Tests &gt; Data Query Isolation &gt; should include organization filter in all AI data queries" time="0.002573583">
        </testcase>
        <testcase classname="tests/security/ai-multi-tenant.test.js" name="AI Multi-Tenant Security Tests &gt; Session Isolation &gt; should not share session data between organizations" time="0.000707958">
        </testcase>
        <testcase classname="tests/security/ai-multi-tenant.test.js" name="AI Multi-Tenant Security Tests &gt; Audit Trail Integrity &gt; should log organization context for all AI operations" time="0.000895875">
        </testcase>
        <testcase classname="tests/security/ai-multi-tenant.test.js" name="Token Leakage Prevention &gt; should not expose API keys in error messages" time="0.000543625">
        </testcase>
        <testcase classname="tests/security/ai-multi-tenant.test.js" name="Token Leakage Prevention &gt; should sanitize user data in error responses" time="0.000786041">
        </testcase>
    </testsuite>
    <testsuite name="tests/security/ai-pentest-suite.test.js" timestamp="2026-02-07T20:48:17.310Z" hostname="MacBook-Pro-Piotr.local" tests="17" failures="0" errors="0" skipped="0" time="0.067626167">
        <testcase classname="tests/security/ai-pentest-suite.test.js" name="AI Security Penetration Tests &gt; SQL Injection Prevention &gt; should sanitize SQL injection attempts in user prompts" time="0.057765667">
        </testcase>
        <testcase classname="tests/security/ai-pentest-suite.test.js" name="AI Security Penetration Tests &gt; SQL Injection Prevention &gt; should use parameterized queries for AI context storage" time="0.000820625">
        </testcase>
        <testcase classname="tests/security/ai-pentest-suite.test.js" name="AI Security Penetration Tests &gt; SQL Injection Prevention &gt; should reject JSON injection in AI memory storage" time="0.000472125">
        </testcase>
        <testcase classname="tests/security/ai-pentest-suite.test.js" name="AI Security Penetration Tests &gt; SSRF Prevention &gt; should block internal network URLs in AI-generated content" time="0.002173875">
        </testcase>
        <testcase classname="tests/security/ai-pentest-suite.test.js" name="AI Security Penetration Tests &gt; SSRF Prevention &gt; should validate AI-requested external resources" time="0.000360125">
        </testcase>
        <testcase classname="tests/security/ai-pentest-suite.test.js" name="AI Security Penetration Tests &gt; Token Leakage Prevention &gt; should mask API keys in logs" time="0.000665833">
        </testcase>
        <testcase classname="tests/security/ai-pentest-suite.test.js" name="AI Security Penetration Tests &gt; Token Leakage Prevention &gt; should prevent token exposure in AI responses" time="0.000589667">
        </testcase>
        <testcase classname="tests/security/ai-pentest-suite.test.js" name="AI Security Penetration Tests &gt; Token Leakage Prevention &gt; should validate JWT tokens are not exposed in prompts" time="0.000362375">
        </testcase>
        <testcase classname="tests/security/ai-pentest-suite.test.js" name="AI Security Penetration Tests &gt; Memory Dump Attack Prevention &gt; should not expose system memory in AI context" time="0.000318">
        </testcase>
        <testcase classname="tests/security/ai-pentest-suite.test.js" name="AI Security Penetration Tests &gt; Memory Dump Attack Prevention &gt; should clear sensitive data after processing" time="0.000254125">
        </testcase>
        <testcase classname="tests/security/ai-pentest-suite.test.js" name="AI Security Penetration Tests &gt; Memory Dump Attack Prevention &gt; should limit response size to prevent memory exhaustion" time="0.001004084">
        </testcase>
        <testcase classname="tests/security/ai-pentest-suite.test.js" name="AI Security Penetration Tests &gt; Privilege Escalation Prevention &gt; should validate AI actions against user permissions" time="0.000168">
        </testcase>
        <testcase classname="tests/security/ai-pentest-suite.test.js" name="AI Security Penetration Tests &gt; Privilege Escalation Prevention &gt; should prevent AI from bypassing RBAC" time="0.000118209">
        </testcase>
        <testcase classname="tests/security/ai-pentest-suite.test.js" name="AI Security Penetration Tests &gt; Privilege Escalation Prevention &gt; should validate AI-proposed actions have proper authorization" time="0.000151583">
        </testcase>
        <testcase classname="tests/security/ai-pentest-suite.test.js" name="AI Security Penetration Tests &gt; Input Validation &gt; should validate and limit prompt length" time="0.00012975">
        </testcase>
        <testcase classname="tests/security/ai-pentest-suite.test.js" name="AI Security Penetration Tests &gt; Input Validation &gt; should sanitize special characters in prompts" time="0.000145458">
        </testcase>
        <testcase classname="tests/security/ai-pentest-suite.test.js" name="AI Security Penetration Tests &gt; Input Validation &gt; should detect and block encoded attacks" time="0.000289083">
        </testcase>
    </testsuite>
    <testsuite name="tests/security/ai-prompt-injection.test.js" timestamp="2026-02-07T20:48:17.311Z" hostname="MacBook-Pro-Piotr.local" tests="17" failures="0" errors="0" skipped="0" time="0.047473333">
        <testcase classname="tests/security/ai-prompt-injection.test.js" name="Prompt Injection Attack Prevention &gt; Input Sanitization &gt; should filter system prompt override attempts" time="0.041676083">
        </testcase>
        <testcase classname="tests/security/ai-prompt-injection.test.js" name="Prompt Injection Attack Prevention &gt; Input Sanitization &gt; should filter role switching attempts" time="0.000331042">
        </testcase>
        <testcase classname="tests/security/ai-prompt-injection.test.js" name="Prompt Injection Attack Prevention &gt; Input Sanitization &gt; should filter delimiter injection" time="0.000297958">
        </testcase>
        <testcase classname="tests/security/ai-prompt-injection.test.js" name="Prompt Injection Attack Prevention &gt; Input Sanitization &gt; should preserve legitimate content" time="0.000349417">
        </testcase>
        <testcase classname="tests/security/ai-prompt-injection.test.js" name="Prompt Injection Attack Prevention &gt; Input Sanitization &gt; should handle empty and null inputs" time="0.000146334">
        </testcase>
        <testcase classname="tests/security/ai-prompt-injection.test.js" name="Prompt Injection Attack Prevention &gt; Jailbreak Detection &gt; should detect DAN-style jailbreak attempts" time="0.000538625">
        </testcase>
        <testcase classname="tests/security/ai-prompt-injection.test.js" name="Prompt Injection Attack Prevention &gt; Jailbreak Detection &gt; should not flag legitimate prompts" time="0.000300875">
        </testcase>
        <testcase classname="tests/security/ai-prompt-injection.test.js" name="Prompt Injection Attack Prevention &gt; System Prompt Protection &gt; should not expose system prompt content in responses" time="0.000163958">
        </testcase>
        <testcase classname="tests/security/ai-prompt-injection.test.js" name="Prompt Injection Attack Prevention &gt; System Prompt Protection &gt; should validate system prompt integrity before use" time="0.000128125">
        </testcase>
        <testcase classname="tests/security/ai-prompt-injection.test.js" name="Prompt Injection Attack Prevention &gt; Context Injection Prevention &gt; should escape special characters in user context" time="0.000350583">
        </testcase>
        <testcase classname="tests/security/ai-prompt-injection.test.js" name="Prompt Injection Attack Prevention &gt; Context Injection Prevention &gt; should limit context size to prevent overflow attacks" time="0.000159">
        </testcase>
        <testcase classname="tests/security/ai-prompt-injection.test.js" name="Prompt Injection Attack Prevention &gt; Response Filtering &gt; should filter potentially harmful response content" time="0.000237375">
        </testcase>
        <testcase classname="tests/security/ai-prompt-injection.test.js" name="Prompt Injection Attack Prevention &gt; Response Filtering &gt; should not leak internal errors or stack traces" time="0.000458875">
        </testcase>
        <testcase classname="tests/security/ai-prompt-injection.test.js" name="Rate Limiting for Suspicious Activity &gt; should detect repeated injection attempts" time="0.000235375">
        </testcase>
        <testcase classname="tests/security/ai-prompt-injection.test.js" name="Rate Limiting for Suspicious Activity &gt; should log and alert on high-severity attempts" time="0.000319958">
        </testcase>
        <testcase classname="tests/security/ai-prompt-injection.test.js" name="Input Validation &gt; should reject oversized inputs" time="0.000122375">
        </testcase>
        <testcase classname="tests/security/ai-prompt-injection.test.js" name="Input Validation &gt; should validate input encoding" time="0.000158584">
        </testcase>
    </testsuite>
    <testsuite name="tests/security/ai-zero-trust.test.js" timestamp="2026-02-07T20:48:17.312Z" hostname="MacBook-Pro-Piotr.local" tests="16" failures="0" errors="0" skipped="0" time="0.058369625">
        <testcase classname="tests/security/ai-zero-trust.test.js" name="AI Zero-Trust Security Tests &gt; Multi-Layer Token Validation &gt; should validate token at API gateway layer" time="0.052074042">
        </testcase>
        <testcase classname="tests/security/ai-zero-trust.test.js" name="AI Zero-Trust Security Tests &gt; Multi-Layer Token Validation &gt; should validate token at service layer" time="0.000849125">
        </testcase>
        <testcase classname="tests/security/ai-zero-trust.test.js" name="AI Zero-Trust Security Tests &gt; Multi-Layer Token Validation &gt; should reject expired tokens" time="0.00052025">
        </testcase>
        <testcase classname="tests/security/ai-zero-trust.test.js" name="AI Zero-Trust Security Tests &gt; Multi-Layer Token Validation &gt; should reject tokens with invalid signature" time="0.000358667">
        </testcase>
        <testcase classname="tests/security/ai-zero-trust.test.js" name="AI Zero-Trust Security Tests &gt; Multi-Layer Token Validation &gt; should reject tokens with missing claims" time="0.000268458">
        </testcase>
        <testcase classname="tests/security/ai-zero-trust.test.js" name="AI Zero-Trust Security Tests &gt; Request Signing &gt; should sign and verify valid requests" time="0.000391583">
        </testcase>
        <testcase classname="tests/security/ai-zero-trust.test.js" name="AI Zero-Trust Security Tests &gt; Request Signing &gt; should reject tampered requests" time="0.000155834">
        </testcase>
        <testcase classname="tests/security/ai-zero-trust.test.js" name="AI Zero-Trust Security Tests &gt; Request Signing &gt; should reject old requests (replay attack prevention)" time="0.000172584">
        </testcase>
        <testcase classname="tests/security/ai-zero-trust.test.js" name="AI Zero-Trust Security Tests &gt; Session Isolation &gt; should isolate user sessions" time="0.00041575">
        </testcase>
        <testcase classname="tests/security/ai-zero-trust.test.js" name="AI Zero-Trust Security Tests &gt; Session Isolation &gt; should isolate AI conversation history between users" time="0.00024025">
        </testcase>
        <testcase classname="tests/security/ai-zero-trust.test.js" name="AI Zero-Trust Security Tests &gt; Session Isolation &gt; should enforce organization boundaries" time="0.000127084">
        </testcase>
        <testcase classname="tests/security/ai-zero-trust.test.js" name="AI Zero-Trust Security Tests &gt; Cross-Boundary Authentication &gt; should verify service-to-service authentication" time="0.000463208">
        </testcase>
        <testcase classname="tests/security/ai-zero-trust.test.js" name="AI Zero-Trust Security Tests &gt; Cross-Boundary Authentication &gt; should require re-authentication for sensitive operations" time="0.000209708">
        </testcase>
        <testcase classname="tests/security/ai-zero-trust.test.js" name="AI Zero-Trust Security Tests &gt; Cross-Boundary Authentication &gt; should validate request context at each boundary" time="0.000224458">
        </testcase>
        <testcase classname="tests/security/ai-zero-trust.test.js" name="AI Zero-Trust Security Tests &gt; Least Privilege Enforcement &gt; should enforce minimal permissions for AI operations" time="0.00017275">
        </testcase>
        <testcase classname="tests/security/ai-zero-trust.test.js" name="AI Zero-Trust Security Tests &gt; Least Privilege Enforcement &gt; should audit permission escalation attempts" time="0.000146666">
        </testcase>
    </testsuite>
    <testsuite name="tests/security/csrf-protection.test.js" timestamp="2026-02-07T20:48:17.313Z" hostname="MacBook-Pro-Piotr.local" tests="10" failures="0" errors="0" skipped="0" time="0.543157375">
        <testcase classname="tests/security/csrf-protection.test.js" name="CSRF Protection Security Tests &gt; Origin Validation &gt; should handle requests with same-origin" time="0.036700625">
            <system-out>
2026-02-07 21:47:38:4738 [35mhttp[39m: [35mGET /api/users/me[39m
2026-02-07 21:47:38:4738 [32minfo[39m: [32m[Index] Pre-Gateway: GET /api/users/me[39m
2026-02-07 21:47:38:4738 [37mdebug[39m: [37m[AuthMiddleware] Verifying token for path: /me[39m

2026-02-07 21:47:38:4738 [37mdebug[39m: [37m[AuthMiddleware] Token extracted: YES[39m

2026-02-07 21:47:38:4738 [32minfo[39m: [32m[AuthMiddleware] Verifying token: eyJhbGciOi... with secret length: 52[39m

2026-02-07 21:47:38:4738 [33mwarn[39m: [33mPerformance metric[39m {&quot;method&quot;:&quot;GET&quot;,&quot;path&quot;:&quot;/api/users/me&quot;,&quot;statusCode&quot;:404,&quot;responseTime&quot;:2,&quot;dbQueryCount&quot;:0,&quot;dbQueryTime&quot;:0,&quot;memoryDelta&quot;:{&quot;heapUsed&quot;:248344,&quot;external&quot;:864,&quot;rss&quot;:114688},&quot;userId&quot;:&quot;84c2b60f-9f54-4222-9f1c-0638b3b9dedf&quot;,&quot;organizationId&quot;:&quot;dcbfdc87-195d-4ec8-829f-98876e74ec0e&quot;,&quot;isSlow&quot;:false,&quot;isError&quot;:true}

            </system-out>
        </testcase>
        <testcase classname="tests/security/csrf-protection.test.js" name="CSRF Protection Security Tests &gt; Origin Validation &gt; should flag cross-origin requests appropriately" time="0.004128333">
            <system-out>
2026-02-07 21:47:38:4738 [35mhttp[39m: [35mPOST /api/auth/logout[39m
2026-02-07 21:47:38:4738 [32minfo[39m: [32m[Index] Pre-Gateway: POST /api/auth/logout[39m
2026-02-07 21:47:38:4738 [37mdebug[39m: [37m[AuthMiddleware] Verifying token for path: /logout[39m

2026-02-07 21:47:38:4738 [37mdebug[39m: [37m[AuthMiddleware] Token extracted: YES[39m

2026-02-07 21:47:38:4738 [32minfo[39m: [32m[AuthMiddleware] Verifying token: eyJhbGciOi... with secret length: 52[39m

            </system-out>
        </testcase>
        <testcase classname="tests/security/csrf-protection.test.js" name="CSRF Protection Security Tests &gt; Sensitive Actions Protection &gt; should require authentication for sensitive endpoints" time="0.002702916">
            <system-out>
2026-02-07 21:47:38:4738 [35mhttp[39m: [35mPOST /api/settings[39m
2026-02-07 21:47:38:4738 [32minfo[39m: [32m[Index] Pre-Gateway: POST /api/settings[39m
2026-02-07 21:47:38:4738 [37mdebug[39m: [37m[AuthMiddleware] Verifying token for path: /[39m

2026-02-07 21:47:38:4738 [37mdebug[39m: [37m[AuthMiddleware] Token extracted: NO[39m

2026-02-07 21:47:38:4738 [33mwarn[39m: [33mPerformance metric[39m {&quot;method&quot;:&quot;POST&quot;,&quot;path&quot;:&quot;/api/settings&quot;,&quot;statusCode&quot;:401,&quot;responseTime&quot;:1,&quot;dbQueryCount&quot;:0,&quot;dbQueryTime&quot;:0,&quot;memoryDelta&quot;:{&quot;heapUsed&quot;:118832,&quot;external&quot;:610,&quot;rss&quot;:49152},&quot;userId&quot;:null,&quot;organizationId&quot;:null,&quot;isSlow&quot;:false,&quot;isError&quot;:true}

            </system-out>
        </testcase>
        <testcase classname="tests/security/csrf-protection.test.js" name="CSRF Protection Security Tests &gt; Sensitive Actions Protection &gt; should protect password changes" time="0.002023833">
            <system-out>
2026-02-07 21:47:38:4738 [35mhttp[39m: [35mPOST /api/auth/change-password[39m
2026-02-07 21:47:38:4738 [32minfo[39m: [32m[Index] Pre-Gateway: POST /api/auth/change-password[39m
2026-02-07 21:47:38:4738 [37mdebug[39m: [37m[AuthMiddleware] Verifying token for path: /change-password[39m

2026-02-07 21:47:38:4738 [37mdebug[39m: [37m[AuthMiddleware] Token extracted: NO[39m

2026-02-07 21:47:38:4738 [33mwarn[39m: [33mPerformance metric[39m {&quot;method&quot;:&quot;POST&quot;,&quot;path&quot;:&quot;/api/auth/change-password&quot;,&quot;statusCode&quot;:401,&quot;responseTime&quot;:0,&quot;dbQueryCount&quot;:0,&quot;dbQueryTime&quot;:0,&quot;memoryDelta&quot;:{&quot;heapUsed&quot;:-111688,&quot;external&quot;:649,&quot;rss&quot;:49152},&quot;userId&quot;:null,&quot;organizationId&quot;:null,&quot;isSlow&quot;:false,&quot;isError&quot;:true}

            </system-out>
        </testcase>
        <testcase classname="tests/security/csrf-protection.test.js" name="CSRF Protection Security Tests &gt; Sensitive Actions Protection &gt; should protect logout with proper auth" time="0.08629125">
            <system-out>
2026-02-07 21:47:38:4738 [35mhttp[39m: [35mPOST /api/auth/login[39m

2026-02-07 21:47:38:4738 [32minfo[39m: [32m[Index] Pre-Gateway: POST /api/auth/login[39m
2026-02-07 21:47:38:4738 [32minfo[39m: [32m[Index] Login Request Body:[39m
2026-02-07 21:47:38:4738 [32minfo[39m: [32m[Index] Login Request Headers:[39m

[AuthController] Login request received for email: csrf-test-1770497258727@test.com
2026-02-07 21:47:38:4738 [32minfo[39m: [32m[Auth] Login request received for email: csrf-test-1770497258727@test.com[39m
2026-02-07 21:47:38:4738 [32minfo[39m: [32m[Auth] Resetting rate limit...[39m

2026-02-07 21:47:38:4738 [32minfo[39m: [32m[Auth] Rate limit reset done.[39m
2026-02-07 21:47:38:4738 [32minfo[39m: [32m[Auth] Querying user from DB: csrf-test-1770497258727@test.com[39m

2026-02-07 21:47:38:4738 [32minfo[39m: [32m[Auth] DB Query Success. Found user: YES[39m

2026-02-07 21:47:38:4738 [32minfo[39m: [32m[Auth] Verifying password...[39m
2026-02-07 21:47:39:4739 [32minfo[39m: [32m[Auth] Password valid: true[39m

[AuthController] Sending response: {&quot;user&quot;:{&quot;id&quot;:&quot;84c2b60f-9f54-4222-9f1c-0638b3b9dedf&quot;,&quot;email&quot;:&quot;csrf-test-1770497258727@test.com&quot;,&quot;firstName&quot;:null,&quot;lastName&quot;:null,&quot;role&quot;:&quot;ADMIN&quot;,&quot;status&quot;:&quot;active&quot;,&quot;organizationId&quot;:&quot;dcbfdc87-195d-4ec8-829f-98876e74ec0e&quot;,&quot;companyName&quot;:&quot;CSRF Test Org&quot;,&quot;mfaEnabled&quot;:false,&quot;isAuthenticated&quot;:true,&quot;accessLevel&quot;:&quot;free&quot;},&quot;token&quot;:&quot;eyJhbGciOiJIUzI1NiIsInR5cCI6IkpXVCJ9.eyJpZCI6Ijg0YzJiNjBmLTlmNTQtNDIyMi05ZjFjLTA2MzhiM2I5ZGVkZiIsImVtYWlsIjoiY3NyZi10ZXN0LTE3NzA0OTcyNTg3MjdAdGVzdC5jb20iLCJyb2xlIjoiQURNSU4iLCJvcmdhbml6YXRpb25JZCI6ImRjYmZkYzg3LTE5NWQtNGVjOC04MjlmLTk4ODc2ZTc0ZWMwZSIsImlzU3VwZXJBZG1pbiI6ZmFsc2UsImp0aSI6IjQ4MmYyOTE2LWI3MDQtNDZjMy1hY2FjLTZhYTcwNDIwMTc4NSIsImlhdCI6MTc3MDQ5NzI1OSwiZXhwIjoxODAyMDMzMjU5fQ.oNEWCjElyAU31LSHIrrqHPJZqVfg6yw-dAqxKNL1jTY&quot;}
[AuthController] Sending response with res.send

2026-02-07 21:47:39:4739 [35mhttp[39m: [35mPOST /api/auth/logout[39m
2026-02-07 21:47:39:4739 [32minfo[39m: [32m[Index] Pre-Gateway: POST /api/auth/logout[39m
2026-02-07 21:47:39:4739 [37mdebug[39m: [37m[AuthMiddleware] Verifying token for path: /logout[39m

2026-02-07 21:47:39:4739 [37mdebug[39m: [37m[AuthMiddleware] Token extracted: YES[39m

2026-02-07 21:47:39:4739 [32minfo[39m: [32m[AuthMiddleware] Verifying token: eyJhbGciOi... with secret length: 52[39m

            </system-out>
        </testcase>
        <testcase classname="tests/security/csrf-protection.test.js" name="CSRF Protection Security Tests &gt; Cookie Security &gt; should set secure flags on cookies" time="0.08030225">
            <system-out>
2026-02-07 21:47:39:4739 [35mhttp[39m: [35mPOST /api/auth/login[39m

2026-02-07 21:47:39:4739 [32minfo[39m: [32m[Index] Pre-Gateway: POST /api/auth/login[39m
2026-02-07 21:47:39:4739 [32minfo[39m: [32m[Index] Login Request Body:[39m
2026-02-07 21:47:39:4739 [32minfo[39m: [32m[Index] Login Request Headers:[39m

[AuthController] Login request received for email: csrf-test-1770497258727@test.com
2026-02-07 21:47:39:4739 [32minfo[39m: [32m[Auth] Login request received for email: csrf-test-1770497258727@test.com[39m
2026-02-07 21:47:39:4739 [32minfo[39m: [32m[Auth] Resetting rate limit...[39m

2026-02-07 21:47:39:4739 [32minfo[39m: [32m[Auth] Rate limit reset done.[39m
2026-02-07 21:47:39:4739 [32minfo[39m: [32m[Auth] Querying user from DB: csrf-test-1770497258727@test.com[39m

2026-02-07 21:47:39:4739 [32minfo[39m: [32m[Auth] DB Query Success. Found user: YES[39m

2026-02-07 21:47:39:4739 [32minfo[39m: [32m[Auth] Verifying password...[39m
2026-02-07 21:47:39:4739 [32minfo[39m: [32m[Auth] Password valid: true[39m

[AuthController] Sending response: {&quot;user&quot;:{&quot;id&quot;:&quot;84c2b60f-9f54-4222-9f1c-0638b3b9dedf&quot;,&quot;email&quot;:&quot;csrf-test-1770497258727@test.com&quot;,&quot;firstName&quot;:null,&quot;lastName&quot;:null,&quot;role&quot;:&quot;ADMIN&quot;,&quot;status&quot;:&quot;active&quot;,&quot;organizationId&quot;:&quot;dcbfdc87-195d-4ec8-829f-98876e74ec0e&quot;,&quot;companyName&quot;:&quot;CSRF Test Org&quot;,&quot;mfaEnabled&quot;:false,&quot;isAuthenticated&quot;:true,&quot;accessLevel&quot;:&quot;free&quot;},&quot;token&quot;:&quot;eyJhbGciOiJIUzI1NiIsInR5cCI6IkpXVCJ9.eyJpZCI6Ijg0YzJiNjBmLTlmNTQtNDIyMi05ZjFjLTA2MzhiM2I5ZGVkZiIsImVtYWlsIjoiY3NyZi10ZXN0LTE3NzA0OTcyNTg3MjdAdGVzdC5jb20iLCJyb2xlIjoiQURNSU4iLCJvcmdhbml6YXRpb25JZCI6ImRjYmZkYzg3LTE5NWQtNGVjOC04MjlmLTk4ODc2ZTc0ZWMwZSIsImlzU3VwZXJBZG1pbiI6ZmFsc2UsImp0aSI6IjgyNjllNjNkLWI5YzgtNDRkMi05YzUxLTRjNmYzNjNkNTJhZSIsImlhdCI6MTc3MDQ5NzI1OSwiZXhwIjoxODAyMDMzMjU5fQ.8NKH9aLImpR-XLzcnz6xqCp1WkS5-543jD_IfaXQ-SI&quot;}
[AuthController] Sending response with res.send

            </system-out>
        </testcase>
        <testcase classname="tests/security/csrf-protection.test.js" name="CSRF Protection Security Tests &gt; State-Changing Request Validation &gt; should reject unauthenticated POST requests" time="0.002749541">
            <system-out>
2026-02-07 21:47:39:4739 [35mhttp[39m: [35mPOST /api/projects[39m
2026-02-07 21:47:39:4739 [32minfo[39m: [32m[Index] Pre-Gateway: POST /api/projects[39m
2026-02-07 21:47:39:4739 [37mdebug[39m: [37m[AuthMiddleware] Verifying token for path: /[39m

2026-02-07 21:47:39:4739 [37mdebug[39m: [37m[AuthMiddleware] Token extracted: NO[39m

2026-02-07 21:47:39:4739 [33mwarn[39m: [33mPerformance metric[39m {&quot;method&quot;:&quot;POST&quot;,&quot;path&quot;:&quot;/api/projects&quot;,&quot;statusCode&quot;:401,&quot;responseTime&quot;:1,&quot;dbQueryCount&quot;:0,&quot;dbQueryTime&quot;:0,&quot;memoryDelta&quot;:{&quot;heapUsed&quot;:-317128,&quot;external&quot;:610,&quot;rss&quot;:180224},&quot;userId&quot;:null,&quot;organizationId&quot;:null,&quot;isSlow&quot;:false,&quot;isError&quot;:true}

            </system-out>
        </testcase>
        <testcase classname="tests/security/csrf-protection.test.js" name="CSRF Protection Security Tests &gt; State-Changing Request Validation &gt; should reject unauthenticated DELETE requests" time="0.001751917">
            <system-out>
2026-02-07 21:47:39:4739 [35mhttp[39m: [35mDELETE /api/projects/some-id[39m
2026-02-07 21:47:39:4739 [32minfo[39m: [32m[Index] Pre-Gateway: DELETE /api/projects/some-id[39m
2026-02-07 21:47:39:4739 [37mdebug[39m: [37m[AuthMiddleware] Verifying token for path: /some-id[39m

2026-02-07 21:47:39:4739 [37mdebug[39m: [37m[AuthMiddleware] Token extracted: NO[39m

2026-02-07 21:47:39:4739 [33mwarn[39m: [33mPerformance metric[39m {&quot;method&quot;:&quot;DELETE&quot;,&quot;path&quot;:&quot;/api/projects/some-id&quot;,&quot;statusCode&quot;:401,&quot;responseTime&quot;:1,&quot;dbQueryCount&quot;:0,&quot;dbQueryTime&quot;:0,&quot;memoryDelta&quot;:{&quot;heapUsed&quot;:86856,&quot;external&quot;:637,&quot;rss&quot;:16384},&quot;userId&quot;:null,&quot;organizationId&quot;:null,&quot;isSlow&quot;:false,&quot;isError&quot;:true}

            </system-out>
        </testcase>
        <testcase classname="tests/security/csrf-protection.test.js" name="CSRF Protection Security Tests &gt; State-Changing Request Validation &gt; should require valid token for state changes" time="0.001661958">
            <system-out>
2026-02-07 21:47:39:4739 [35mhttp[39m: [35mPOST /api/projects[39m
2026-02-07 21:47:39:4739 [32minfo[39m: [32m[Index] Pre-Gateway: POST /api/projects[39m
2026-02-07 21:47:39:4739 [37mdebug[39m: [37m[AuthMiddleware] Verifying token for path: /[39m

2026-02-07 21:47:39:4739 [37mdebug[39m: [37m[AuthMiddleware] Token extracted: YES[39m

2026-02-07 21:47:39:4739 [32minfo[39m: [32m[AuthMiddleware] Verifying token: invalid-to... with secret length: 52[39m

2026-02-07 21:47:39:4739 [31merror[39m: [31m[AuthMiddleware] Verification failed:[39m

2026-02-07 21:47:39:4739 [33mwarn[39m: [33mPerformance metric[39m {&quot;method&quot;:&quot;POST&quot;,&quot;path&quot;:&quot;/api/projects&quot;,&quot;statusCode&quot;:401,&quot;responseTime&quot;:0,&quot;dbQueryCount&quot;:0,&quot;dbQueryTime&quot;:0,&quot;memoryDelta&quot;:{&quot;heapUsed&quot;:92864,&quot;external&quot;:1085,&quot;rss&quot;:16384},&quot;userId&quot;:null,&quot;organizationId&quot;:null,&quot;isSlow&quot;:false,&quot;isError&quot;:true}

            </system-out>
        </testcase>
        <testcase classname="tests/security/csrf-protection.test.js" name="CSRF Protection Security Tests &gt; Referer Validation &gt; should handle requests with valid referer" time="0.001569916">
            <system-out>
2026-02-07 21:47:39:4739 [35mhttp[39m: [35mGET /api/users/me[39m
2026-02-07 21:47:39:4739 [32minfo[39m: [32m[Index] Pre-Gateway: GET /api/users/me[39m
2026-02-07 21:47:39:4739 [37mdebug[39m: [37m[AuthMiddleware] Verifying token for path: /me[39m

2026-02-07 21:47:39:4739 [37mdebug[39m: [37m[AuthMiddleware] Token extracted: YES[39m

2026-02-07 21:47:39:4739 [32minfo[39m: [32m[AuthMiddleware] Verifying token: eyJhbGciOi... with secret length: 52[39m

2026-02-07 21:47:39:4739 [33mwarn[39m: [33mPerformance metric[39m {&quot;method&quot;:&quot;GET&quot;,&quot;path&quot;:&quot;/api/users/me&quot;,&quot;statusCode&quot;:401,&quot;responseTime&quot;:1,&quot;dbQueryCount&quot;:0,&quot;dbQueryTime&quot;:0,&quot;memoryDelta&quot;:{&quot;heapUsed&quot;:106704,&quot;external&quot;:864,&quot;rss&quot;:16384},&quot;userId&quot;:null,&quot;organizationId&quot;:null,&quot;isSlow&quot;:false,&quot;isError&quot;:true}

            </system-out>
        </testcase>
    </testsuite>
    <testsuite name="tests/security/csrf-protection.test.ts" timestamp="2026-02-07T20:48:17.314Z" hostname="MacBook-Pro-Piotr.local" tests="16" failures="0" errors="0" skipped="0" time="0.049718458">
        <testcase classname="tests/security/csrf-protection.test.ts" name="CSRF Protection &gt; Token Generation &gt; should generate unique tokens for each session" time="0.044606709">
        </testcase>
        <testcase classname="tests/security/csrf-protection.test.ts" name="CSRF Protection &gt; Token Generation &gt; should generate cryptographically secure tokens" time="0.00088075">
        </testcase>
        <testcase classname="tests/security/csrf-protection.test.ts" name="CSRF Protection &gt; Token Generation &gt; should bind tokens to user session" time="0.000308375">
        </testcase>
        <testcase classname="tests/security/csrf-protection.test.ts" name="CSRF Protection &gt; Token Validation &gt; should accept valid matching tokens" time="0.000200541">
        </testcase>
        <testcase classname="tests/security/csrf-protection.test.ts" name="CSRF Protection &gt; Token Validation &gt; should reject mismatched tokens" time="0.000196">
        </testcase>
        <testcase classname="tests/security/csrf-protection.test.ts" name="CSRF Protection &gt; Token Validation &gt; should reject empty or undefined tokens" time="0.000168833">
        </testcase>
        <testcase classname="tests/security/csrf-protection.test.ts" name="CSRF Protection &gt; Token Validation &gt; should use timing-safe comparison to prevent timing attacks" time="0.000159417">
        </testcase>
        <testcase classname="tests/security/csrf-protection.test.ts" name="CSRF Protection &gt; Origin Header Verification &gt; should accept requests from allowed origins" time="0.000146583">
        </testcase>
        <testcase classname="tests/security/csrf-protection.test.ts" name="CSRF Protection &gt; Origin Header Verification &gt; should reject requests from unknown origins" time="0.000152042">
        </testcase>
        <testcase classname="tests/security/csrf-protection.test.ts" name="CSRF Protection &gt; Origin Header Verification &gt; should verify Referer header as fallback when Origin is missing" time="0.000204">
        </testcase>
        <testcase classname="tests/security/csrf-protection.test.ts" name="CSRF Protection &gt; SameSite Cookie Attribute &gt; should set SameSite=Strict for session cookies" time="0.000127667">
        </testcase>
        <testcase classname="tests/security/csrf-protection.test.ts" name="CSRF Protection &gt; SameSite Cookie Attribute &gt; should use SameSite=Lax for CSRF tokens in cookies" time="0.000146166">
        </testcase>
        <testcase classname="tests/security/csrf-protection.test.ts" name="CSRF Protection &gt; Double Submit Cookie Pattern &gt; should validate token from both cookie and header" time="0.000265666">
        </testcase>
        <testcase classname="tests/security/csrf-protection.test.ts" name="CSRF Protection &gt; Double Submit Cookie Pattern &gt; should extract CSRF token from X-CSRF-Token header" time="0.000167958">
        </testcase>
        <testcase classname="tests/security/csrf-protection.test.ts" name="CSRF Protection &gt; Custom Header Verification &gt; should require custom header for state-changing requests" time="0.000131916">
        </testcase>
        <testcase classname="tests/security/csrf-protection.test.ts" name="CSRF Protection &gt; Method-Based Protection &gt; should require CSRF validation for state-changing methods" time="0.000269708">
        </testcase>
    </testsuite>
    <testsuite name="tests/security/encryption-audit.test.js" timestamp="2026-02-07T20:48:17.315Z" hostname="MacBook-Pro-Piotr.local" tests="14" failures="0" errors="0" skipped="0" time="0.038905709">
        <testcase classname="tests/security/encryption-audit.test.js" name="Encryption Audit Tests &gt; TLS Version Verification &gt; should require TLS 1.2 or higher" time="0.034211625">
        </testcase>
        <testcase classname="tests/security/encryption-audit.test.js" name="Encryption Audit Tests &gt; TLS Version Verification &gt; should use secure cipher suites" time="0.000397917">
        </testcase>
        <testcase classname="tests/security/encryption-audit.test.js" name="Encryption Audit Tests &gt; TLS Version Verification &gt; should reject self-signed certificates in production" time="0.000329916">
        </testcase>
        <testcase classname="tests/security/encryption-audit.test.js" name="Encryption Audit Tests &gt; Encryption at Rest &gt; should encrypt sensitive data before storage" time="0.000771917">
        </testcase>
        <testcase classname="tests/security/encryption-audit.test.js" name="Encryption Audit Tests &gt; Encryption at Rest &gt; should use authenticated encryption (GCM/CCM)" time="0.000190417">
        </testcase>
        <testcase classname="tests/security/encryption-audit.test.js" name="Encryption Audit Tests &gt; Encryption at Rest &gt; should verify database encryption settings" time="0.000156209">
        </testcase>
        <testcase classname="tests/security/encryption-audit.test.js" name="Encryption Audit Tests &gt; Key Management &gt; should use secure key derivation" time="0.000227">
        </testcase>
        <testcase classname="tests/security/encryption-audit.test.js" name="Encryption Audit Tests &gt; Key Management &gt; should never store plaintext keys" time="0.00035">
        </testcase>
        <testcase classname="tests/security/encryption-audit.test.js" name="Encryption Audit Tests &gt; Key Management &gt; should enforce minimum key lengths" time="0.000171125">
        </testcase>
        <testcase classname="tests/security/encryption-audit.test.js" name="Encryption Audit Tests &gt; Key Management &gt; should verify key rotation schedule" time="0.000184541">
        </testcase>
        <testcase classname="tests/security/encryption-audit.test.js" name="Encryption Audit Tests &gt; Secure Random Generation &gt; should use cryptographically secure random" time="0.000464333">
        </testcase>
        <testcase classname="tests/security/encryption-audit.test.js" name="Encryption Audit Tests &gt; Secure Random Generation &gt; should reject Math.random for security purposes" time="0.000094958">
        </testcase>
        <testcase classname="tests/security/encryption-audit.test.js" name="Encryption Audit Tests &gt; Secure Configuration &gt; should verify HTTPS is enforced" time="0.000092333">
        </testcase>
        <testcase classname="tests/security/encryption-audit.test.js" name="Encryption Audit Tests &gt; Secure Configuration &gt; should verify secure headers are set" time="0.00008875">
        </testcase>
    </testsuite>
    <testsuite name="tests/security/idor.test.js" timestamp="2026-02-07T20:48:17.315Z" hostname="MacBook-Pro-Piotr.local" tests="14" failures="0" errors="0" skipped="0" time="0.034713875">
        <testcase classname="tests/security/idor.test.js" name="IDOR Prevention &gt; Cross-Tenant Resource Access &gt; should prevent user from accessing another tenant project by ID" time="0.03124225">
        </testcase>
        <testcase classname="tests/security/idor.test.js" name="IDOR Prevention &gt; Cross-Tenant Resource Access &gt; should allow user to access their own tenant project" time="0.000209541">
        </testcase>
        <testcase classname="tests/security/idor.test.js" name="IDOR Prevention &gt; Cross-Tenant Resource Access &gt; should prevent enumeration via sequential IDs" time="0.0005625">
        </testcase>
        <testcase classname="tests/security/idor.test.js" name="IDOR Prevention &gt; Cross-Tenant Resource Access &gt; should prevent access via UUID manipulation" time="0.000417">
        </testcase>
        <testcase classname="tests/security/idor.test.js" name="IDOR Prevention &gt; Random ID Access &gt; should return null for non-existent resource" time="0.000121291">
        </testcase>
        <testcase classname="tests/security/idor.test.js" name="IDOR Prevention &gt; Random ID Access &gt; should not leak resource existence via timing" time="0.000122792">
        </testcase>
        <testcase classname="tests/security/idor.test.js" name="IDOR Prevention &gt; Resource Ownership Verification &gt; should verify organization_id in all queries" time="0.000138666">
        </testcase>
        <testcase classname="tests/security/idor.test.js" name="IDOR Prevention &gt; Resource Ownership Verification &gt; should prevent access via user_id manipulation" time="0.000087333">
        </testcase>
[...]
        </testcase>
    </testsuite>
    <testsuite name="tests/performance/encryption/encryption-performance.test.ts" timestamp="2026-02-07T20:48:17.337Z" hostname="MacBook-Pro-Piotr.local" tests="6" failures="0" errors="0" skipped="0" time="0.233548834">
        <testcase classname="tests/performance/encryption/encryption-performance.test.ts" name="Encryption Performance Tests &gt; Hashing Performance &gt; should hash 1000 passwords under 100ms" time="0.088905333">
        </testcase>
        <testcase classname="tests/performance/encryption/encryption-performance.test.ts" name="Encryption Performance Tests &gt; Hashing Performance &gt; should generate 100 random bytes under 10ms" time="0.000885458">
        </testcase>
        <testcase classname="tests/performance/encryption/encryption-performance.test.ts" name="Encryption Performance Tests &gt; UUID Generation &gt; should generate 10000 UUIDs under 50ms" time="0.006093208">
        </testcase>
        <testcase classname="tests/performance/encryption/encryption-performance.test.ts" name="Encryption Performance Tests &gt; HMAC Performance &gt; should compute 1000 HMACs under 50ms" time="0.004775209">
        </testcase>
        <testcase classname="tests/performance/encryption/encryption-performance.test.ts" name="Encryption Performance Tests &gt; AES Encryption &gt; should encrypt/decrypt 100 times under 50ms" time="0.004847583">
        </testcase>
        <testcase classname="tests/performance/encryption/encryption-performance.test.ts" name="Encryption Performance Tests &gt; Base64 Encoding &gt; should encode/decode 10000 times under 30ms" time="0.125673459">
        </testcase>
    </testsuite>
    <testsuite name="tests/performance/memory/memory-usage.test.ts" timestamp="2026-02-07T20:48:17.337Z" hostname="MacBook-Pro-Piotr.local" tests="6" failures="0" errors="0" skipped="0" time="0.081446042">
        <testcase classname="tests/performance/memory/memory-usage.test.ts" name="Memory Performance Tests &gt; Array Operations &gt; should handle large array creation without excessive memory" time="0.06040075">
        </testcase>
        <testcase classname="tests/performance/memory/memory-usage.test.ts" name="Memory Performance Tests &gt; Array Operations &gt; should release memory after array deallocation" time="0.003311209">
        </testcase>
        <testcase classname="tests/performance/memory/memory-usage.test.ts" name="Memory Performance Tests &gt; String Operations &gt; should handle string concatenation efficiently" time="0.000978583">
        </testcase>
        <testcase classname="tests/performance/memory/memory-usage.test.ts" name="Memory Performance Tests &gt; Object Operations &gt; should handle deep object nesting" time="0.000359834">
        </testcase>
        <testcase classname="tests/performance/memory/memory-usage.test.ts" name="Memory Performance Tests &gt; Object Operations &gt; should handle Map with many entries" time="0.014353042">
        </testcase>
        <testcase classname="tests/performance/memory/memory-usage.test.ts" name="Memory Performance Tests &gt; Initial Memory State &gt; should start with reasonable memory usage" time="0.000253542">
        </testcase>
    </testsuite>
    <testsuite name="tests/performance/load/load-testing.test.ts" timestamp="2026-02-07T20:48:17.338Z" hostname="MacBook-Pro-Piotr.local" tests="5" failures="0" errors="0" skipped="0" time="0.250801333">
        <testcase classname="tests/performance/load/load-testing.test.ts" name="Load Performance Tests &gt; Concurrent Request Load &gt; should handle 20 concurrent requests" time="0.096902875">
        </testcase>
        <testcase classname="tests/performance/load/load-testing.test.ts" name="Load Performance Tests &gt; Concurrent Request Load &gt; should handle 50 concurrent POST requests" time="0.036126667">
        </testcase>
        <testcase classname="tests/performance/load/load-testing.test.ts" name="Load Performance Tests &gt; Sequential Load &gt; should handle 100 sequential requests under 5s" time="0.096577458">
        </testcase>
        <testcase classname="tests/performance/load/load-testing.test.ts" name="Load Performance Tests &gt; Compute-Heavy Load &gt; should handle 10 compute requests concurrently" time="0.004727041">
        </testcase>
        <testcase classname="tests/performance/load/load-testing.test.ts" name="Load Performance Tests &gt; Mixed Load &gt; should handle mixed GET and POST under load" time="0.012759167">
        </testcase>
    </testsuite>
    <testsuite name="tests/performance/network/network-performance.test.ts" timestamp="2026-02-07T20:48:17.338Z" hostname="MacBook-Pro-Piotr.local" tests="5" failures="0" errors="0" skipped="0" time="0.193506583">
        <testcase classname="tests/performance/network/network-performance.test.ts" name="Network Performance Tests &gt; URL Parsing Performance &gt; should parse 10000 URLs under 100ms" time="0.088554042">
        </testcase>
        <testcase classname="tests/performance/network/network-performance.test.ts" name="Network Performance Tests &gt; Query String Performance &gt; should build query strings efficiently" time="0.004223708">
        </testcase>
        <testcase classname="tests/performance/network/network-performance.test.ts" name="Network Performance Tests &gt; Query String Performance &gt; should parse query strings efficiently" time="0.009760417">
        </testcase>
        <testcase classname="tests/performance/network/network-performance.test.ts" name="Network Performance Tests &gt; Header Processing Performance &gt; should process headers efficiently" time="0.085478417">
        </testcase>
        <testcase classname="tests/performance/network/network-performance.test.ts" name="Network Performance Tests &gt; Request Body Processing &gt; should process large request bodies" time="0.004393166">
        </testcase>
    </testsuite>
    <testsuite name="tests/performance/rendering/render-performance.test.ts" timestamp="2026-02-07T20:48:17.338Z" hostname="MacBook-Pro-Piotr.local" tests="5" failures="0" errors="0" skipped="0" time="0.047199666">
        <testcase classname="tests/performance/rendering/render-performance.test.ts" name="Rendering Performance Tests &gt; JSON Serialization Performance &gt; should serialize large object under 50ms" time="0.042083541">
        </testcase>
        <testcase classname="tests/performance/rendering/render-performance.test.ts" name="Rendering Performance Tests &gt; JSON Serialization Performance &gt; should parse large JSON under 30ms" time="0.000892167">
        </testcase>
        <testcase classname="tests/performance/rendering/render-performance.test.ts" name="Rendering Performance Tests &gt; Template Rendering Performance &gt; should render template with 100 items under 20ms" time="0.000243542">
        </testcase>
        <testcase classname="tests/performance/rendering/render-performance.test.ts" name="Rendering Performance Tests &gt; Template Rendering Performance &gt; should render nested templates under 30ms" time="0.000411125">
        </testcase>
        <testcase classname="tests/performance/rendering/render-performance.test.ts" name="Rendering Performance Tests &gt; Data Transformation Performance &gt; should transform 10000 records under 50ms" time="0.002221">
        </testcase>
    </testsuite>
    <testsuite name="tests/performance/sorting/sorting-performance.test.ts" timestamp="2026-02-07T20:48:17.339Z" hostname="MacBook-Pro-Piotr.local" tests="6" failures="0" errors="0" skipped="0" time="0.2074695">
        <testcase classname="tests/performance/sorting/sorting-performance.test.ts" name="Sorting Performance Tests &gt; Array Sorting &gt; should sort 100000 numbers under 100ms" time="0.070207208">
        </testcase>
        <testcase classname="tests/performance/sorting/sorting-performance.test.ts" name="Sorting Performance Tests &gt; Array Sorting &gt; should sort 50000 strings under 100ms" time="0.030192542">
        </testcase>
        <testcase classname="tests/performance/sorting/sorting-performance.test.ts" name="Sorting Performance Tests &gt; Object Sorting &gt; should sort 50000 objects by property under 100ms" time="0.030130083">
        </testcase>
        <testcase classname="tests/performance/sorting/sorting-performance.test.ts" name="Sorting Performance Tests &gt; Object Sorting &gt; should sort by multiple properties under 100ms" time="0.013482667">
        </testcase>
        <testcase classname="tests/performance/sorting/sorting-performance.test.ts" name="Sorting Performance Tests &gt; Partial Sorting &gt; should find top 100 from 100000 elements under 50ms" time="0.048558875">
        </testcase>
        <testcase classname="tests/performance/sorting/sorting-performance.test.ts" name="Sorting Performance Tests &gt; Stable Sorting &gt; should maintain stable sort order" time="0.013745417">
        </testcase>
    </testsuite>
    <testsuite name="tests/performance/startup/startup-performance.test.ts" timestamp="2026-02-07T20:48:17.339Z" hostname="MacBook-Pro-Piotr.local" tests="6" failures="0" errors="0" skipped="0" time="0.0595585">
        <testcase classname="tests/performance/startup/startup-performance.test.ts" name="Startup Performance Tests &gt; Module Loading &gt; should load modules efficiently" time="0.053313042">
        </testcase>
        <testcase classname="tests/performance/startup/startup-performance.test.ts" name="Startup Performance Tests &gt; Object Initialization &gt; should initialize 1000 objects under 10ms" time="0.00068075">
        </testcase>
        <testcase classname="tests/performance/startup/startup-performance.test.ts" name="Startup Performance Tests &gt; Object Initialization &gt; should initialize Map with 10000 entries under 20ms" time="0.002411583">
        </testcase>
        <testcase classname="tests/performance/startup/startup-performance.test.ts" name="Startup Performance Tests &gt; Configuration Loading &gt; should parse configuration under 5ms" time="0.000660542">
        </testcase>
        <testcase classname="tests/performance/startup/startup-performance.test.ts" name="Startup Performance Tests &gt; Event Emitter Initialization &gt; should setup 100 event listeners under 10ms" time="0.000426333">
        </testcase>
        <testcase classname="tests/performance/startup/startup-performance.test.ts" name="Startup Performance Tests &gt; Buffer Operations &gt; should allocate buffers efficiently" time="0.000292333">
        </testcase>
    </testsuite>
    <testsuite name="tests/performance/validation/validation-performance.test.ts" timestamp="2026-02-07T20:48:17.339Z" hostname="MacBook-Pro-Piotr.local" tests="5" failures="0" errors="0" skipped="0" time="0.129096583">
        <testcase classname="tests/performance/validation/validation-performance.test.ts" name="Validation Performance Tests &gt; Object Validation &gt; should validate 10000 objects under 50ms" time="0.074736792">
        </testcase>
        <testcase classname="tests/performance/validation/validation-performance.test.ts" name="Validation Performance Tests &gt; String Validation &gt; should validate 10000 emails under 30ms" time="0.002584334">
        </testcase>
        <testcase classname="tests/performance/validation/validation-performance.test.ts" name="Validation Performance Tests &gt; String Validation &gt; should validate 10000 UUIDs under 30ms" time="0.034499958">
        </testcase>
        <testcase classname="tests/performance/validation/validation-performance.test.ts" name="Validation Performance Tests &gt; Array Validation &gt; should validate nested arrays under 50ms" time="0.013943542">
        </testcase>
        <testcase classname="tests/performance/validation/validation-performance.test.ts" name="Validation Performance Tests &gt; Schema Validation &gt; should validate schema 5000 times under 50ms" time="0.001690333">
        </testcase>
    </testsuite>
    <testsuite name="tests/security/compliance/gdpr.test.js" timestamp="2026-02-07T20:48:17.340Z" hostname="MacBook-Pro-Piotr.local" tests="13" failures="0" errors="0" skipped="0" time="0.244753625">
        <testcase classname="tests/security/compliance/gdpr.test.js" name="GDPR Compliance &gt; Right to Access (Article 15) &gt; should allow users to access their personal data" time="0.112282167">
        </testcase>
        <testcase classname="tests/security/compliance/gdpr.test.js" name="GDPR Compliance &gt; Right to Access (Article 15) &gt; should require authentication for data access" time="0.003192083">
        </testcase>
        <testcase classname="tests/security/compliance/gdpr.test.js" name="GDPR Compliance &gt; Right to Erasure (Article 17) &gt; should allow users to delete their account" time="0.001938042">
        </testcase>
        <testcase classname="tests/security/compliance/gdpr.test.js" name="GDPR Compliance &gt; Right to Erasure (Article 17) &gt; should delete all personal data when account is deleted" time="0.003028042">
        </testcase>
        <testcase classname="tests/security/compliance/gdpr.test.js" name="GDPR Compliance &gt; Data Portability (Article 20) &gt; should allow users to export their data in machine-readable format (JSON)" time="0.002974458">
        </testcase>
        <testcase classname="tests/security/compliance/gdpr.test.js" name="GDPR Compliance &gt; Data Portability (Article 20) &gt; should allow users to export their data in CSV format" time="0.002393">
        </testcase>
        <testcase classname="tests/security/compliance/gdpr.test.js" name="GDPR Compliance &gt; Consent Management (Articles 6-7) &gt; should return current consent status" time="0.002204125">
        </testcase>
        <testcase classname="tests/security/compliance/gdpr.test.js" name="GDPR Compliance &gt; Consent Management (Articles 6-7) &gt; should require explicit consent for data processing" time="0.002698916">
        </testcase>
        <testcase classname="tests/security/compliance/gdpr.test.js" name="GDPR Compliance &gt; Consent Management (Articles 6-7) &gt; should allow users to grant consent" time="0.009155334">
        </testcase>
        <testcase classname="tests/security/compliance/gdpr.test.js" name="GDPR Compliance &gt; Consent Management (Articles 6-7) &gt; should allow users to withdraw consent" time="0.002022083">
        </testcase>
        <testcase classname="tests/security/compliance/gdpr.test.js" name="GDPR Compliance &gt; Data Minimization (Article 5) &gt; should only collect necessary data" time="0.000171667">
        </testcase>
        <testcase classname="tests/security/compliance/gdpr.test.js" name="GDPR Compliance &gt; Data Protection (Articles 32-34) &gt; should protect personal data with authentication" time="0.003753958">
        </testcase>
        <testcase classname="tests/security/compliance/gdpr.test.js" name="GDPR Compliance &gt; Data Protection (Articles 32-34) &gt; should have breach notification mechanism" time="0.003666208">
        </testcase>
    </testsuite>
    <testsuite name="tests/security/compliance/soc2.test.js" timestamp="2026-02-07T20:48:17.340Z" hostname="MacBook-Pro-Piotr.local" tests="14" failures="0" errors="0" skipped="0" time="0.096920833">
        <testcase classname="tests/security/compliance/soc2.test.js" name="SOC2 Compliance &gt; Security Controls (CC.6) &gt; should enforce authentication on protected API endpoints" time="0.045608875">
        </testcase>
        <testcase classname="tests/security/compliance/soc2.test.js" name="SOC2 Compliance &gt; Security Controls (CC.6) &gt; should allow access to public endpoints without auth" time="0.001868875">
        </testcase>
        <testcase classname="tests/security/compliance/soc2.test.js" name="SOC2 Compliance &gt; Security Controls (CC.6) &gt; should allow access to protected endpoints with valid token" time="0.001292583">
        </testcase>
        <testcase classname="tests/security/compliance/soc2.test.js" name="SOC2 Compliance &gt; Security Controls (CC.6) &gt; should have encryption configuration documented" time="0.000269875">
        </testcase>
        <testcase classname="tests/security/compliance/soc2.test.js" name="SOC2 Compliance &gt; Security Controls (CC.6) &gt; should use HTTPS headers correctly" time="0.001343375">
        </testcase>
        <testcase classname="tests/security/compliance/soc2.test.js" name="SOC2 Compliance &gt; Availability Controls (A.1) &gt; should have health check endpoint" time="0.001156416">
        </testcase>
        <testcase classname="tests/security/compliance/soc2.test.js" name="SOC2 Compliance &gt; Availability Controls (A.1) &gt; should respond within reasonable time" time="0.001384333">
        </testcase>
        <testcase classname="tests/security/compliance/soc2.test.js" name="SOC2 Compliance &gt; Availability Controls (A.1) &gt; should have backup configuration documented" time="0.00013625">
        </testcase>
        <testcase classname="tests/security/compliance/soc2.test.js" name="SOC2 Compliance &gt; Processing Integrity Controls (PI.1) &gt; should validate input data - email format" time="0.006834083">
        </testcase>
        <testcase classname="tests/security/compliance/soc2.test.js" name="SOC2 Compliance &gt; Processing Integrity Controls (PI.1) &gt; should reject potentially malicious input" time="0.001346667">
        </testcase>
        <testcase classname="tests/security/compliance/soc2.test.js" name="SOC2 Compliance &gt; Processing Integrity Controls (PI.1) &gt; should handle errors gracefully with request ID" time="0.001496458">
            <system-err>
Error: Test error

            </system-err>
        </testcase>
        <testcase classname="tests/security/compliance/soc2.test.js" name="SOC2 Compliance &gt; Confidentiality Controls (C.1) &gt; should not expose sensitive data in error responses" time="0.000984333">
            <system-err>
Error: Test error

            </system-err>
        </testcase>
        <testcase classname="tests/security/compliance/soc2.test.js" name="SOC2 Compliance &gt; Confidentiality Controls (C.1) &gt; should require authentication for data access" time="0.004558916">
        </testcase>
        <testcase classname="tests/security/compliance/soc2.test.js" name="SOC2 Compliance &gt; Privacy Controls (P.1) &gt; should comply with data minimization principle" time="0.000118375">
        </testcase>
    </testsuite>
    <testsuite name="tests/performance/concurrency/concurrency-performance.test.ts" timestamp="2026-02-07T20:48:17.341Z" hostname="MacBook-Pro-Piotr.local" tests="5" failures="0" errors="0" skipped="0" time="0.107969792">
        <testcase classname="tests/performance/concurrency/concurrency-performance.test.ts" name="Concurrency Performance Tests &gt; Promise Concurrency &gt; should handle 100 concurrent promises" time="0.074825542">
        </testcase>
        <testcase classname="tests/performance/concurrency/concurrency-performance.test.ts" name="Concurrency Performance Tests &gt; Promise Concurrency &gt; should handle Promise.allSettled efficiently" time="0.000740584">
        </testcase>
        <testcase classname="tests/performance/concurrency/concurrency-performance.test.ts" name="Concurrency Performance Tests &gt; Worker-like Operations &gt; should batch process 1000 items efficiently" time="0.001325042">
        </testcase>
        <testcase classname="tests/performance/concurrency/concurrency-performance.test.ts" name="Concurrency Performance Tests &gt; Queue Processing &gt; should process queue items concurrently" time="0.028590667">
        </testcase>
        <testcase classname="tests/performance/concurrency/concurrency-performance.test.ts" name="Concurrency Performance Tests &gt; Mutex-like Patterns &gt; should handle sequential critical section" time="0.000367041">
        </testcase>
    </testsuite>
</testsuites>
