<?xml version="1.0" encoding="UTF-8" ?>
<testsuites name="vitest tests" tests="21" failures="9" errors="0" time="0.21880975">
    <testsuite name="tests/components/AssessmentModuleHub.test.tsx" timestamp="2025-12-25T21:48:28.475Z" hostname="MacBook-Pro-Piotr.local" tests="21" failures="9" errors="0" skipped="0" time="0.21880975">
        <testcase classname="tests/components/AssessmentModuleHub.test.tsx" name="AssessmentModuleHub &gt; Tab Navigation &gt; should render all 4 tabs" time="0.018024792">
            <failure message="Found multiple elements with the text: Assessment

Here are the matching elements:

Ignored nodes: comments, script, style
[36m&lt;span&gt;[39m
  [0mAssessment[0m
[36m&lt;/span&gt;[39m

Ignored nodes: comments, script, style
[36m&lt;div[39m
  [33mclass[39m=[32m&quot;flex items-center gap-1 text-purple-600 dark:text-purple-400 font-medium&quot;[39m
[36m&gt;[39m
  [36m&lt;span[39m
    [33mclass[39m=[32m&quot;w-5 h-5 rounded-full bg-purple-100 dark:bg-purple-900/30 flex items-center justify-center text-purple-600 dark:text-purple-400&quot;[39m
  [36m&gt;[39m
    [0m1[0m
  [36m&lt;/span&gt;[39m
  [0mAssessment[0m
[36m&lt;/div&gt;[39m

(If this is intentional, then use the `*AllBy*` variant of the query (like `queryAllByText`, `getAllByText`, or `findAllByText`)).

Ignored nodes: comments, script, style
[36m&lt;body&gt;[39m
  [36m&lt;div&gt;[39m
    [36m&lt;div[39m
      [33mclass[39m=[32m&quot;flex flex-col h-full bg-white dark:bg-navy-900&quot;[39m
    [36m&gt;[39m
      [36m&lt;div[39m
        [33mclass[39m=[32m&quot;shrink-0 px-6 py-4 bg-gradient-to-r from-slate-50 to-white dark:from-navy-950 dark:to-navy-900 border-b border-slate-200 dark:border-white/10&quot;[39m
      [36m&gt;[39m
        [36m&lt;div[39m
          [33mclass[39m=[32m&quot;flex items-center gap-4&quot;[39m
        [36m&gt;[39m
          [36m&lt;div[39m
            [33mclass[39m=[32m&quot;w-12 h-12 rounded-xl bg-purple-100 dark:bg-purple-900/30 flex items-center justify-center text-purple-600 dark:text-purple-400&quot;[39m
          [36m&gt;[39m
            [36m&lt;svg[39m
              [33maria-hidden[39m=[32m&quot;true&quot;[39m
              [33mclass[39m=[32m&quot;lucide lucide-activity&quot;[39m
              [33mfill[39m=[32m&quot;none&quot;[39m
              [33mheight[39m=[32m&quot;24&quot;[39m
              [33mstroke[39m=[32m&quot;currentColor&quot;[39m
              [33mstroke-linecap[39m=[32m&quot;round&quot;[39m
              [33mstroke-linejoin[39m=[32m&quot;round&quot;[39m
              [33mstroke-width[39m=[32m&quot;2&quot;[39m
              [33mviewBox[39m=[32m&quot;0 0 24 24&quot;[39m
              [33mwidth[39m=[32m&quot;24&quot;[39m
              [33mxmlns[39m=[32m&quot;http://www.w3.org/2000/svg&quot;[39m
            [36m&gt;[39m
              [36m&lt;path[39m
                [33md[39m=[32m&quot;M22 12h-2.48a2 2 0 0 0-1.93 1.46l-2.35 8.36a.25.25 0 0 1-.48 0L9.24 2.18a.25.25 0 0 0-.48 0l-2.35 8.36A2 2 0 0 1 4.49 12H2&quot;[39m
              [36m/&gt;[39m
            [36m&lt;/svg&gt;[39m
          [36m&lt;/div&gt;[39m
          [36m&lt;div&gt;[39m
            [36m&lt;h1[39m
              [33mclass[39m=[32m&quot;text-xl font-bold text-navy-900 dark:text-white&quot;[39m
            [36m&gt;[39m
              [0mDRD[0m
            [36m&lt;/h1&gt;[39m
            [36m&lt;p[39m
              [33mclass[39m=[32m&quot;text-sm text-slate-500 dark:text-slate-400&quot;[39m
            [36m&gt;[39m
              [0mDigital Readiness Diagnosis[0m
            [36m&lt;/p&gt;[39m
          [36m&lt;/div&gt;[39m
        [36m&lt;/div&gt;[39m
      [36m&lt;/div&gt;[39m
      [36m&lt;div[39m
        [33mclass[39m=[32m&quot;shrink-0 border-b border-slate-200 dark:border-white/10 bg-slate-50 dark:bg-navy-950&quot;[39m
      [36m&gt;[39m
        [36m&lt;div[39m
          [33mclass[39m=[32m&quot;flex items-center justify-start gap-2 p-2 px-6&quot;[39m
        [36m&gt;[39m
          [36m&lt;button[39m
            [33mclass[39m=[32m&quot;
                                    flex items-center justify-center gap-2 min-w-[130px] px-4 py-2 rounded-lg text-sm font-medium transition-all
                                    bg-purple-600 text-white shadow-md shadow-purple-600/20
                                &quot;[39m
          [36m&gt;[39m
            [36m&lt;svg[39m
              [33maria-hidden[39m=[32m&quot;true&quot;[39m
              [33mclass[39m=[32m&quot;lucide lucide-file-text&quot;[39m
              [33mfill[39m=[32m&quot;none&quot;[39m
              [33mheight[39m=[32m&quot;16&quot;[39m
              [33mstroke[39m=[32m&quot;currentColor&quot;[39m
              [33mstroke-linecap[39m=[32m&quot;round&quot;[39m
              [33mstroke-linejoin[39m=[32m&quot;round&quot;[39m
              [33mstroke-width[39m=[32m&quot;2&quot;[39m
              [33mviewBox[39m=[32m&quot;0 0 24 24&quot;[39m
              [33mwidth[39m=[32m&quot;16&quot;[39m
              [33mxmlns[39m=[32m&quot;http://www.w3.org/2000/svg&quot;[39m
            [36m&gt;[39m
              [36m&lt;path[39m
                [33md[39m=[32m&quot;M6 22a2 2 0 0 1-2-2V4a2 2 0 0 1 2-2h8a2.4 2.4 0 0 1 1.704.706l3.588 3.588A2.4 2.4 0 0 1 20 8v12a2 2 0 0 1-2 2z&quot;[39m
              [36m/&gt;[39m
              [36m&lt;path[39m
                [33md[39m=[32m&quot;M14 2v5a1 1 0 0 0 1 1h5&quot;[39m
              [36m/&gt;[39m
              [36m&lt;path[39m
                [33md[39m=[32m&quot;M10 9H8&quot;[39m
              [36m/&gt;[39m
              [36m&lt;path[39m
                [33md[39m=[32m&quot;M16 13H8&quot;[39m
              [36m/&gt;[39m
              [36m&lt;path[39m
                [33md[39m=[32m&quot;M16 17H8&quot;[39m
              [36m/&gt;[39m
            [36m&lt;/svg&gt;[39m
            [36m&lt;span&gt;[39m
              [0mAssessment[0m
            [36m&lt;/span&gt;[39m
          [36m&lt;/button&gt;[39m
          [36m&lt;button[39m
            [33mclass[39m=[32m&quot;
                                    flex items-center justify-center gap-2 min-w-[130px] px-4 py-2 rounded-lg text-sm font-medium transition-all
                                    bg-white dark:bg-navy-900 text-slate-600 dark:text-slate-400 hover:bg-slate-100 dark:hover:bg-white/5 border border-slate-200 dark:border-white/10
                                &quot;[39m
          [36m&gt;[39m
            [36m&lt;svg[39m
              [33maria-hidden[39m=[32m&quot;true&quot;[39m
              [33mclass[39m=[32m&quot;lucide lucide-map&quot;[39m
              [33mfill[39m=[32m&quot;none&quot;[39m
              [33mheight[39m=[32m&quot;16&quot;[39m
              [33mstroke[39m=[32m&quot;currentColor&quot;[39m
              [33mstroke-linecap[39m=[32m&quot;round&quot;[39m
              [33mstroke-linejoin[39m=[32m&quot;round&quot;[39m
              [33mstroke-width[39m=[32m&quot;2&quot;[39m
              [33mviewBox[39m=[32m&quot;0 0 24 24&quot;[39m
              [33mwidth[39m=[32m&quot;16&quot;[39m
              [33mxmlns[39m=[32m&quot;http://www.w3.org/2000/svg&quot;[39m
            [36m&gt;[39m
              [36m&lt;path[39m
                [33md[39m=[32m&quot;M14.106 5.553a2 2 0 0 0 1.788 0l3.659-1.83A1 1 0 0 1 21 4.619v12.764a1 1 0 0 1-.553.894l-4.553 2.277a2 2 0 0 1-1.788 0l-4.212-2.106a2 2 0 0 0-1.788 0l-3.659 1.83A1 1 0 0 1 3 19.381V6.618a1 1 0 0 1 .553-.894l4.553-2.277a2 2 0 0 1 1.788 0z&quot;[39m
              [36m/&gt;[39m
              [36m&lt;path[39m
                [33md[39m=[32m&quot;M15 5.764v15&quot;[39m
              [36m/&gt;[39m
              [36m&lt;path[39m
                [33md[39m=[32m&quot;M9 3.236v15&quot;[39m
              [36m/&gt;[39m
            [36m&lt;/svg&gt;[39m
            [36m&lt;span&gt;[39m
              [0mMap[0m
            [36m&lt;/span&gt;[39m
          [36m&lt;/button&gt;[39m
          [36m&lt;button[39m
            [33mclass[39m=[32m&quot;
                                    flex items-center justify-center gap-2 min-w-[130px] px-4 py-2 rounded-lg text-sm font-medium transition-all
                                    bg-white dark:bg-navy-900 text-slate-600 dark:text-slate-400 hover:bg-slate-100 dark:hover:bg-white/5 border border-slate-200 dark:border-white/10
                                &quot;[39m
          [36m&gt;[39m
            [36m&lt;svg[39m
              [33maria-hidden[39m=[32m&quot;true&quot;[39m
              [33mclass[39m=[32m&quot;lucide lucide-file-output&quot;[39m
              [33mfill[39m=[32m&quot;none&quot;[39m
              [33mheight[39m=[32m&quot;16&quot;[39m
              [33mstroke[39m=[32m&quot;currentColor&quot;[39m
              [33mstroke-linecap[39m=[32m&quot;round&quot;[39m
              [33mstroke-linejoin[39m=[32m&quot;round&quot;[39m
              [33mstroke-width[39m=[32m&quot;2&quot;[39m
              [33mviewBox[39m=[32m&quot;0 0 24 24&quot;[39m
              [33mwidth[39m=[32m&quot;16&quot;[39m
              [33mxmlns[39m=[32m&quot;http://www.w3.org/2000/svg&quot;[39m
            [36m&gt;[39m
              [36m&lt;path[39m
                [33md[39m=[32m&quot;M4.226 20.925A2 2 0 0 0 6 22h12a2 2 0 0 0 2-2V8a2.4 2.4 0 0 0-.706-1.706l-3.588-3.588A2.4 2.4 0 0 0 14 2H6a2 2 0 0 0-2 2v3.127&quot;[39m
              [36m/&gt;[39m
              [36m&lt;path[39m
                [33md[39m=[32m&quot;M14 2v5a1 1 0 0 0 1 1h5&quot;[39m
              [36m/&gt;[39m
              [36m&lt;path[39m
                [33md[39m=[32m&quot;m5 11-3 3&quot;[39m
              [36m/&gt;[39m
              [36m&lt;path[39m
                [33md[39m=[32m&quot;m5 17-3-3h10&quot;[39m
              [36m/&gt;[39m
            [36m&lt;/svg&gt;[39m
            [36m&lt;span&gt;[39m
              [0mReports[0m
            [36m&lt;/span&gt;[39m
          [36m&lt;/button&gt;[39m
          [36m&lt;button[39m
            [33mclass[39m=[32m&quot;
                                    flex items-center justify-center gap-2 min-w-[130px] px-4 py-2 rounded-lg text-sm font-medium transition-all
                                    bg-white dark:bg-navy-900 text-slate-600 dark:text-slate-400 hover:bg-slate-100 dark:hover:bg-white/5 border border-slate-200 dark:border-white/10
                                &quot;[39m
          [36m&gt;[39m
            [36m&lt;svg[39m
              [33maria-hidden[39m=[32m&quot;true&quot;[39m
              [33mclass[39m=[32m&quot;lucide lucide-lightbulb&quot;[39m
              [33mfill[39m=[32m&quot;none&quot;[39m
              [33mheight[39m=[32m&quot;16&quot;[39m
              [33mstroke[39m=[32m&quot;currentColor&quot;[39m
              [33mstroke-linecap[39m=[32m&quot;round&quot;[39m
              [33mstroke-linejoin[39m=[32m&quot;round&quot;[39m
              [33mstroke-width[39m=[32m&quot;2&quot;[39m
              [33mviewBox[39m=[32m&quot;0 0 24 24&quot;[39m
              [33mwidth[39m=[32m&quot;16&quot;[39m
              [33mxmlns[39m=[32m&quot;http://www.w3.org/2000/svg&quot;[39m
            [36m&gt;[39m
              [36m&lt;path[39m
                [33md[39m=[32m&quot;M15 14c.2-1 .7-1.7 1.5-2.5 1-.9 1.5-2.2 1.5-3.5A6 6 0 0 0 6 8c0 1 .2 2.2 1.5 3.5.7.7 1.3 1.5 1.5 2.5&quot;[39m
              [36m/&gt;[39m
              [36m&lt;path[39m
                [33md[39m=[32m&quot;M9 18h6&quot;[39m
              [36m/&gt;[39m
              [36m&lt;path[39m
                [33md[39m=[32m&quot;M10 22h4&quot;[39m
              [36m/&gt;[39m
            [36m&lt;/svg&gt;[39m
            [36m&lt;span&gt;[39m
              [0mInitiatives[0m
            [36m&lt;/span&gt;[39m
          [36m&lt;/button&gt;[39m
        [36m&lt;/div&gt;[39m
      [36m&lt;/div&gt;[39m
      [36m&lt;div[39m
        [33mclass[39m=[32m&quot;shrink-0 px-6 py-2 bg-slate-100 dark:bg-navy-950/50 border-b border-slate-200 dark:border-white/10&quot;[39m
      [36m&gt;[39m
        [36m&lt;div[39m
          [33mclass[39m=[32m&quot;flex items-center justify-center gap-4 text-xs&quot;[39m
        [36m&gt;[39m
          [36m&lt;div[39m
            [33mclass[39m=[32m&quot;flex items-center gap-1 text-purple-600 dark:text-purple-400 font-medium&quot;[39m
          [36m&gt;[39m
            [36m&lt;span[39m
              [33mclass[39m=[32m&quot;w-5 h-5 rounded-full bg-purple-100 dark:bg-purple-900/30 flex items-center justify-center text-purple-600 dark:text-purple-400&quot;[39m
            [36m&gt;[39m
              [0m1[0m
            [36m&lt;/span&gt;[39m
            [0mAssessment[0m
          [36m&lt;/div&gt;[39m
          [36m&lt;svg[39m
            [33maria-hidden[39m=[32m&quot;true&quot;[39m
            [33mclass[39m=[32m&quot;lucide lucide-arrow-right text-slate-300 dark:text-slate-600&quot;[39m
            [33mfill[39m=[32m&quot;none&quot;[39m
            [33mheight[39m=[32m&quot;14&quot;[39m
            [33mstroke[39m=[32m&quot;currentColor&quot;[39m
            [33mstroke-linecap[39m=[32m&quot;round&quot;[39m
            [33mstroke-linejoin[39m=[32m&quot;round&quot;[39m
            [33mstroke-width[39m=[32m&quot;2&quot;[39m
            [33mviewBox[39m=[32m&quot;0 0 24 24&quot;[39m
            [33mwidth[39m=[32m&quot;14&quot;[39m
            [33mxmlns[39m=[32m&quot;http://www.w3.org/2000/svg&quot;[39m
          [36m&gt;[39m
            [36m&lt;path[39m
              [33md[39m=[32m&quot;M5 12h14&quot;[39m
            [36m/&gt;[39m
            [36m&lt;path[39m
              [33md[39m=[32m&quot;m12 5 7 7-7 7&quot;[39m
            [36m/&gt;[39m
          [36m&lt;/svg&gt;[39m
          [36m&lt;div[39m
            [33mclass[39m=[32m&quot;flex items-center gap-1 text-slate-400&quot;[39m
          [36m&gt;[39m
            [36m&lt;span[39m
              [33mclass[39m=[32m&quot;w-5 h-5 rounded-full bg-purple-100 dark:bg-purple-900/30 flex items-center justify-center text-purple-600 dark:text-purple-400&quot;[39m
            [36m&gt;[39m
              [0m2[0m
            [36m&lt;/span&gt;[39m
            [0mMap (Edit)[0m
          [36m&lt;/div&gt;[39m
          [36m&lt;svg[39m
            [33maria-hidden[39m=[32m&quot;true&quot;[39m
            [33mclass[39m=[32m&quot;lucide lucide-arrow-right text-slate-300 dark:text-slate-600&quot;[39m
            [33mfill[39m=[32m&quot;none&quot;[39m
            [33mheight[39m=[32m&quot;14&quot;[39m
            [33mstroke[39m=[32m&quot;currentColor&quot;[39m
            [33mstroke-linecap[39m=[32m&quot;round&quot;[39m
            [33mstroke-linejoin[39m=[32m&quot;round&quot;[39m
            [33mstroke-width[39m=[32m&quot;2&quot;[39m
            [33mviewBox[39m=[32m&quot;0 0 24 24&quot;[39m
            [33mwidth[39m=[32m&quot;14&quot;[39m
            [33mxmlns[39m=[32m&quot;http://www.w3.org/2000/svg&quot;[39m
          [36m&gt;[39m
            [36m&lt;path[39m
              [33md[39m=[32m&quot;M5 12h14&quot;[39m
            [36m/&gt;[39m
            [36m&lt;path[39m
              [33md[39m=[32m&quot;m12 5 7 7-7 7&quot;[39m
            [36m/&gt;[39m
          [36m&lt;/svg&gt;[39m
          [36m&lt;div[39m
            [33mclass[39m=[32m&quot;flex items-center gap-1 text-slate-400&quot;[39m
          [36m&gt;[39m
            [36m&lt;span[39m
              [33mclass[39m=[32m&quot;w-5 h-5 rounded-full bg-purple-100 dark:bg-purple-900/30 flex items-center justify-center text-purple-600 dark:text-purple-400&quot;[39m
            [36m&gt;[39m
              [0m3[0m
            [36m&lt;/span&gt;[39m
            [0mReports[0m
          [36m&lt;/div&gt;[39m
          [36m&lt;svg[39m
            [33maria-hidden[39m=[32m&quot;true&quot;[39m
            [33mclass[39m=[32m&quot;lucide lucide-arrow-right text-slate-300 dark:text-slate-600&quot;[39m
            [33mfill[39m=[32m&quot;none&quot;[39m
            [33mheight[39m=[32m&quot;14&quot;[39m
            [33mstroke[39m=[32m&quot;currentColor&quot;[39m
            [33mstroke-linecap[39m=[32m&quot;round&quot;[39m
            [33mstroke-linejoin[39m=[32m&quot;round&quot;[39m
            [33mstroke-width[39m=[32m&quot;2&quot;[39m
            [33mviewBox[39m=[32m&quot;0 0 24 24&quot;[39m
            [33mwidth[39m=[32m&quot;14&quot;[39m
            [33mxmlns[39m=[32m&quot;http://www.w3.org/2000/svg&quot;[39m
          [36m&gt;[39m
            [36m&lt;path[39m
              [33md[39m=[32m&quot;M5 12h14&quot;[39m
            [36m/&gt;[39m
            [36m&lt;path[39m
              [33md[39m=[32m&quot;m12 5 7 7-7 7&quot;[39m
            [36m/&gt;[39m
          [36m&lt;/svg&gt;[39m
          [36m&lt;div[39m
            [33mclass[39m=[32m&quot;flex items-center gap-1 text-slate-400&quot;[39m
          [36m&gt;[39m
            [36m&lt;span[39m
              [33mclass[39m=[32m&quot;w-5 h-5 rounded-full bg-purple-100 dark:bg-purple-900/30 flex items-center justify-center text-purple-600 dark:text-purple-400&quot;[39m
            [36m&gt;[39m
              [0m4[0m
            [36m&lt;/span&gt;[39m
            [0mInitiatives[0m
          [36m&lt;/div&gt;[39m
        [36m&lt;/div&gt;[39m
      [36m&lt;/div&gt;[39m
      [36m&lt;div[39m
        [33mclass[39m=[32m&quot;flex-1 overflow-hidden&quot;[39m
      [36m&gt;[39m
        [36m&lt;div[39m
          [33mdata-testid[39m=[32m&quot;assessment-table&quot;[39m
        [36m&gt;[39m
          [36m&lt;button[39m
            [33mdata-testid[39m=[32m&quot;open-in-map-btn&quot;[39m
          [36m&gt;[39m
            [0mOpen in Map[0m
          [36m&lt;/button&gt;[39m
          [36m&lt;button[39m
            [33mdata-testid[39m=[32m&quot;new-assessment-btn&quot;[39m
          [36m&gt;[39m
            [0mNew Assessment[0m
          [36m&lt;/button&gt;[39m
          [36m&lt;button[39m
            [33mdata-testid[39m=[32m&quot;create-report-btn&quot;[39m
          [36m&gt;[39m
            [0mCreate Report[0m
          [36m&lt;/button&gt;[39m
        [36m&lt;/div&gt;[39m
      [36m&lt;/div&gt;[39m
    [36m&lt;/div&gt;[39m
  [36m&lt;/div&gt;[39m
[36m&lt;/body&gt;[39m" type="TestingLibraryElementError">
TestingLibraryElementError: Found multiple elements with the text: Assessment

Here are the matching elements:

Ignored nodes: comments, script, style
&lt;span&gt;
  Assessment
&lt;/span&gt;

Ignored nodes: comments, script, style
&lt;div
  class=&quot;flex items-center gap-1 text-purple-600 dark:text-purple-400 font-medium&quot;
&gt;
  &lt;span
    class=&quot;w-5 h-5 rounded-full bg-purple-100 dark:bg-purple-900/30 flex items-center justify-center text-purple-600 dark:text-purple-400&quot;
  &gt;
    1
  &lt;/span&gt;
  Assessment
&lt;/div&gt;

(If this is intentional, then use the `*AllBy*` variant of the query (like `queryAllByText`, `getAllByText`, or `findAllByText`)).

Ignored nodes: comments, script, style
&lt;body&gt;
  &lt;div&gt;
    &lt;div
      class=&quot;flex flex-col h-full bg-white dark:bg-navy-900&quot;
    &gt;
      &lt;div
        class=&quot;shrink-0 px-6 py-4 bg-gradient-to-r from-slate-50 to-white dark:from-navy-950 dark:to-navy-900 border-b border-slate-200 dark:border-white/10&quot;
      &gt;
        &lt;div
          class=&quot;flex items-center gap-4&quot;
        &gt;
          &lt;div
            class=&quot;w-12 h-12 rounded-xl bg-purple-100 dark:bg-purple-900/30 flex items-center justify-center text-purple-600 dark:text-purple-400&quot;
          &gt;
            &lt;svg
              aria-hidden=&quot;true&quot;
              class=&quot;lucide lucide-activity&quot;
              fill=&quot;none&quot;
              height=&quot;24&quot;
              stroke=&quot;currentColor&quot;
              stroke-linecap=&quot;round&quot;
              stroke-linejoin=&quot;round&quot;
              stroke-width=&quot;2&quot;
              viewBox=&quot;0 0 24 24&quot;
              width=&quot;24&quot;
              xmlns=&quot;http://www.w3.org/2000/svg&quot;
            &gt;
              &lt;path
                d=&quot;M22 12h-2.48a2 2 0 0 0-1.93 1.46l-2.35 8.36a.25.25 0 0 1-.48 0L9.24 2.18a.25.25 0 0 0-.48 0l-2.35 8.36A2 2 0 0 1 4.49 12H2&quot;
              /&gt;
            &lt;/svg&gt;
          &lt;/div&gt;
          &lt;div&gt;
            &lt;h1
              class=&quot;text-xl font-bold text-navy-900 dark:text-white&quot;
            &gt;
              DRD
            &lt;/h1&gt;
            &lt;p
              class=&quot;text-sm text-slate-500 dark:text-slate-400&quot;
            &gt;
              Digital Readiness Diagnosis
            &lt;/p&gt;
          &lt;/div&gt;
        &lt;/div&gt;
      &lt;/div&gt;
      &lt;div
        class=&quot;shrink-0 border-b border-slate-200 dark:border-white/10 bg-slate-50 dark:bg-navy-950&quot;
      &gt;
        &lt;div
          class=&quot;flex items-center justify-start gap-2 p-2 px-6&quot;
        &gt;
          &lt;button
            class=&quot;
                                    flex items-center justify-center gap-2 min-w-[130px] px-4 py-2 rounded-lg text-sm font-medium transition-all
                                    bg-purple-600 text-white shadow-md shadow-purple-600/20
                                &quot;
          &gt;
            &lt;svg
              aria-hidden=&quot;true&quot;
              class=&quot;lucide lucide-file-text&quot;
              fill=&quot;none&quot;
              height=&quot;16&quot;
              stroke=&quot;currentColor&quot;
              stroke-linecap=&quot;round&quot;
              stroke-linejoin=&quot;round&quot;
              stroke-width=&quot;2&quot;
              viewBox=&quot;0 0 24 24&quot;
              width=&quot;16&quot;
              xmlns=&quot;http://www.w3.org/2000/svg&quot;
            &gt;
              &lt;path
                d=&quot;M6 22a2 2 0 0 1-2-2V4a2 2 0 0 1 2-2h8a2.4 2.4 0 0 1 1.704.706l3.588 3.588A2.4 2.4 0 0 1 20 8v12a2 2 0 0 1-2 2z&quot;
              /&gt;
              &lt;path
                d=&quot;M14 2v5a1 1 0 0 0 1 1h5&quot;
              /&gt;
              &lt;path
                d=&quot;M10 9H8&quot;
              /&gt;
              &lt;path
                d=&quot;M16 13H8&quot;
              /&gt;
              &lt;path
                d=&quot;M16 17H8&quot;
              /&gt;
            &lt;/svg&gt;
            &lt;span&gt;
              Assessment
            &lt;/span&gt;
          &lt;/button&gt;
          &lt;button
            class=&quot;
                                    flex items-center justify-center gap-2 min-w-[130px] px-4 py-2 rounded-lg text-sm font-medium transition-all
                                    bg-white dark:bg-navy-900 text-slate-600 dark:text-slate-400 hover:bg-slate-100 dark:hover:bg-white/5 border border-slate-200 dark:border-white/10
                                &quot;
          &gt;
            &lt;svg
              aria-hidden=&quot;true&quot;
              class=&quot;lucide lucide-map&quot;
              fill=&quot;none&quot;
              height=&quot;16&quot;
              stroke=&quot;currentColor&quot;
              stroke-linecap=&quot;round&quot;
              stroke-linejoin=&quot;round&quot;
              stroke-width=&quot;2&quot;
              viewBox=&quot;0 0 24 24&quot;
              width=&quot;16&quot;
              xmlns=&quot;http://www.w3.org/2000/svg&quot;
            &gt;
              &lt;path
                d=&quot;M14.106 5.553a2 2 0 0 0 1.788 0l3.659-1.83A1 1 0 0 1 21 4.619v12.764a1 1 0 0 1-.553.894l-4.553 2.277a2 2 0 0 1-1.788 0l-4.212-2.106a2 2 0 0 0-1.788 0l-3.659 1.83A1 1 0 0 1 3 19.381V6.618a1 1 0 0 1 .553-.894l4.553-2.277a2 2 0 0 1 1.788 0z&quot;
              /&gt;
              &lt;path
                d=&quot;M15 5.764v15&quot;
              /&gt;
              &lt;path
                d=&quot;M9 3.236v15&quot;
              /&gt;
            &lt;/svg&gt;
            &lt;span&gt;
              Map
            &lt;/span&gt;
          &lt;/button&gt;
          &lt;button
            class=&quot;
                                    flex items-center justify-center gap-2 min-w-[130px] px-4 py-2 rounded-lg text-sm font-medium transition-all
                                    bg-white dark:bg-navy-900 text-slate-600 dark:text-slate-400 hover:bg-slate-100 dark:hover:bg-white/5 border border-slate-200 dark:border-white/10
                                &quot;
          &gt;
            &lt;svg
              aria-hidden=&quot;true&quot;
              class=&quot;lucide lucide-file-output&quot;
              fill=&quot;none&quot;
              height=&quot;16&quot;
              stroke=&quot;currentColor&quot;
              stroke-linecap=&quot;round&quot;
              stroke-linejoin=&quot;round&quot;
              stroke-width=&quot;2&quot;
              viewBox=&quot;0 0 24 24&quot;
              width=&quot;16&quot;
              xmlns=&quot;http://www.w3.org/2000/svg&quot;
            &gt;
              &lt;path
                d=&quot;M4.226 20.925A2 2 0 0 0 6 22h12a2 2 0 0 0 2-2V8a2.4 2.4 0 0 0-.706-1.706l-3.588-3.588A2.4 2.4 0 0 0 14 2H6a2 2 0 0 0-2 2v3.127&quot;
              /&gt;
              &lt;path
                d=&quot;M14 2v5a1 1 0 0 0 1 1h5&quot;
              /&gt;
              &lt;path
                d=&quot;m5 11-3 3&quot;
              /&gt;
              &lt;path
                d=&quot;m5 17-3-3h10&quot;
              /&gt;
            &lt;/svg&gt;
            &lt;span&gt;
              Reports
            &lt;/span&gt;
          &lt;/button&gt;
          &lt;button
            class=&quot;
                                    flex items-center justify-center gap-2 min-w-[130px] px-4 py-2 rounded-lg text-sm font-medium transition-all
                                    bg-white dark:bg-navy-900 text-slate-600 dark:text-slate-400 hover:bg-slate-100 dark:hover:bg-white/5 border border-slate-200 dark:border-white/10
                                &quot;
          &gt;
            &lt;svg
              aria-hidden=&quot;true&quot;
              class=&quot;lucide lucide-lightbulb&quot;
              fill=&quot;none&quot;
              height=&quot;16&quot;
              stroke=&quot;currentColor&quot;
              stroke-linecap=&quot;round&quot;
              stroke-linejoin=&quot;round&quot;
              stroke-width=&quot;2&quot;
              viewBox=&quot;0 0 24 24&quot;
              width=&quot;16&quot;
              xmlns=&quot;http://www.w3.org/2000/svg&quot;
            &gt;
              &lt;path
                d=&quot;M15 14c.2-1 .7-1.7 1.5-2.5 1-.9 1.5-2.2 1.5-3.5A6 6 0 0 0 6 8c0 1 .2 2.2 1.5 3.5.7.7 1.3 1.5 1.5 2.5&quot;
              /&gt;
              &lt;path
                d=&quot;M9 18h6&quot;
              /&gt;
              &lt;path
                d=&quot;M10 22h4&quot;
              /&gt;
            &lt;/svg&gt;
            &lt;span&gt;
              Initiatives
            &lt;/span&gt;
          &lt;/button&gt;
        &lt;/div&gt;
      &lt;/div&gt;
      &lt;div
        class=&quot;shrink-0 px-6 py-2 bg-slate-100 dark:bg-navy-950/50 border-b border-slate-200 dark:border-white/10&quot;
      &gt;
        &lt;div
          class=&quot;flex items-center justify-center gap-4 text-xs&quot;
        &gt;
          &lt;div
            class=&quot;flex items-center gap-1 text-purple-600 dark:text-purple-400 font-medium&quot;
          &gt;
            &lt;span
              class=&quot;w-5 h-5 rounded-full bg-purple-100 dark:bg-purple-900/30 flex items-center justify-center text-purple-600 dark:text-purple-400&quot;
            &gt;
              1
            &lt;/span&gt;
            Assessment
          &lt;/div&gt;
          &lt;svg
            aria-hidden=&quot;true&quot;
            class=&quot;lucide lucide-arrow-right text-slate-300 dark:text-slate-600&quot;
            fill=&quot;none&quot;
            height=&quot;14&quot;
            stroke=&quot;currentColor&quot;
            stroke-linecap=&quot;round&quot;
            stroke-linejoin=&quot;round&quot;
            stroke-width=&quot;2&quot;
            viewBox=&quot;0 0 24 24&quot;
            width=&quot;14&quot;
            xmlns=&quot;http://www.w3.org/2000/svg&quot;
          &gt;
            &lt;path
              d=&quot;M5 12h14&quot;
            /&gt;
            &lt;path
              d=&quot;m12 5 7 7-7 7&quot;
            /&gt;
          &lt;/svg&gt;
          &lt;div
            class=&quot;flex items-center gap-1 text-slate-400&quot;
          &gt;
            &lt;span
              class=&quot;w-5 h-5 rounded-full bg-purple-100 dark:bg-purple-900/30 flex items-center justify-center text-purple-600 dark:text-purple-400&quot;
            &gt;
              2
            &lt;/span&gt;
            Map (Edit)
          &lt;/div&gt;
          &lt;svg
            aria-hidden=&quot;true&quot;
            class=&quot;lucide lucide-arrow-right text-slate-300 dark:text-slate-600&quot;
            fill=&quot;none&quot;
            height=&quot;14&quot;
            stroke=&quot;currentColor&quot;
            stroke-linecap=&quot;round&quot;
            stroke-linejoin=&quot;round&quot;
            stroke-width=&quot;2&quot;
            viewBox=&quot;0 0 24 24&quot;
            width=&quot;14&quot;
            xmlns=&quot;http://www.w3.org/2000/svg&quot;
          &gt;
            &lt;path
              d=&quot;M5 12h14&quot;
            /&gt;
            &lt;path
              d=&quot;m12 5 7 7-7 7&quot;
            /&gt;
          &lt;/svg&gt;
          &lt;div
            class=&quot;flex items-center gap-1 text-slate-400&quot;
          &gt;
            &lt;span
              class=&quot;w-5 h-5 rounded-full bg-purple-100 dark:bg-purple-900/30 flex items-center justify-center text-purple-600 dark:text-purple-400&quot;
            &gt;
              3
            &lt;/span&gt;
            Reports
          &lt;/div&gt;
          &lt;svg
            aria-hidden=&quot;true&quot;
            class=&quot;lucide lucide-arrow-right text-slate-300 dark:text-slate-600&quot;
            fill=&quot;none&quot;
            height=&quot;14&quot;
            stroke=&quot;currentColor&quot;
            stroke-linecap=&quot;round&quot;
            stroke-linejoin=&quot;round&quot;
            stroke-width=&quot;2&quot;
            viewBox=&quot;0 0 24 24&quot;
            width=&quot;14&quot;
            xmlns=&quot;http://www.w3.org/2000/svg&quot;
          &gt;
            &lt;path
              d=&quot;M5 12h14&quot;
            /&gt;
            &lt;path
              d=&quot;m12 5 7 7-7 7&quot;
            /&gt;
          &lt;/svg&gt;
          &lt;div
            class=&quot;flex items-center gap-1 text-slate-400&quot;
          &gt;
            &lt;span
              class=&quot;w-5 h-5 rounded-full bg-purple-100 dark:bg-purple-900/30 flex items-center justify-center text-purple-600 dark:text-purple-400&quot;
            &gt;
              4
            &lt;/span&gt;
            Initiatives
          &lt;/div&gt;
        &lt;/div&gt;
      &lt;/div&gt;
      &lt;div
        class=&quot;flex-1 overflow-hidden&quot;
      &gt;
        &lt;div
          data-testid=&quot;assessment-table&quot;
        &gt;
          &lt;button
            data-testid=&quot;open-in-map-btn&quot;
          &gt;
            Open in Map
          &lt;/button&gt;
          &lt;button
            data-testid=&quot;new-assessment-btn&quot;
          &gt;
            New Assessment
          &lt;/button&gt;
          &lt;button
            data-testid=&quot;create-report-btn&quot;
          &gt;
            Create Report
          &lt;/button&gt;
        &lt;/div&gt;
      &lt;/div&gt;
    &lt;/div&gt;
  &lt;/div&gt;
&lt;/body&gt;
 ❯ Object.getElementError node_modules/@testing-library/dom/dist/config.js:37:19
 ❯ getElementError node_modules/@testing-library/dom/dist/query-helpers.js:20:35
 ❯ getMultipleElementsFoundError node_modules/@testing-library/dom/dist/query-helpers.js:23:10
 ❯ node_modules/@testing-library/dom/dist/query-helpers.js:55:13
 ❯ node_modules/@testing-library/dom/dist/query-helpers.js:95:19
 ❯ tests/components/AssessmentModuleHub.test.tsx:69:27
            </failure>
        </testcase>
        <testcase classname="tests/components/AssessmentModuleHub.test.tsx" name="AssessmentModuleHub &gt; Tab Navigation &gt; should default to assessment tab" time="0.00364975">
        </testcase>
        <testcase classname="tests/components/AssessmentModuleHub.test.tsx" name="AssessmentModuleHub &gt; Tab Navigation &gt; should switch to map tab on click" time="0.006683">
        </testcase>
        <testcase classname="tests/components/AssessmentModuleHub.test.tsx" name="AssessmentModuleHub &gt; Tab Navigation &gt; should switch to reports tab on click" time="0.003904167">
            <failure message="Found multiple elements with the text: Reports

Here are the matching elements:

Ignored nodes: comments, script, style
[36m&lt;span&gt;[39m
  [0mReports[0m
[36m&lt;/span&gt;[39m

Ignored nodes: comments, script, style
[36m&lt;div[39m
  [33mclass[39m=[32m&quot;flex items-center gap-1 text-slate-400&quot;[39m
[36m&gt;[39m
  [36m&lt;span[39m
    [33mclass[39m=[32m&quot;w-5 h-5 rounded-full bg-purple-100 dark:bg-purple-900/30 flex items-center justify-center text-purple-600 dark:text-purple-400&quot;[39m
  [36m&gt;[39m
    [0m3[0m
  [36m&lt;/span&gt;[39m
  [0mReports[0m
[36m&lt;/div&gt;[39m

(If this is intentional, then use the `*AllBy*` variant of the query (like `queryAllByText`, `getAllByText`, or `findAllByText`)).

Ignored nodes: comments, script, style
[36m&lt;body&gt;[39m
  [36m&lt;div&gt;[39m
    [36m&lt;div[39m
      [33mclass[39m=[32m&quot;flex flex-col h-full bg-white dark:bg-navy-900&quot;[39m
    [36m&gt;[39m
      [36m&lt;div[39m
        [33mclass[39m=[32m&quot;shrink-0 px-6 py-4 bg-gradient-to-r from-slate-50 to-white dark:from-navy-950 dark:to-navy-900 border-b border-slate-200 dark:border-white/10&quot;[39m
      [36m&gt;[39m
        [36m&lt;div[39m
          [33mclass[39m=[32m&quot;flex items-center gap-4&quot;[39m
        [36m&gt;[39m
          [36m&lt;div[39m
            [33mclass[39m=[32m&quot;w-12 h-12 rounded-xl bg-purple-100 dark:bg-purple-900/30 flex items-center justify-center text-purple-600 dark:text-purple-400&quot;[39m
          [36m&gt;[39m
            [36m&lt;svg[39m
              [33maria-hidden[39m=[32m&quot;true&quot;[39m
              [33mclass[39m=[32m&quot;lucide lucide-activity&quot;[39m
              [33mfill[39m=[32m&quot;none&quot;[39m
              [33mheight[39m=[32m&quot;24&quot;[39m
              [33mstroke[39m=[32m&quot;currentColor&quot;[39m
              [33mstroke-linecap[39m=[32m&quot;round&quot;[39m
              [33mstroke-linejoin[39m=[32m&quot;round&quot;[39m
              [33mstroke-width[39m=[32m&quot;2&quot;[39m
              [33mviewBox[39m=[32m&quot;0 0 24 24&quot;[39m
              [33mwidth[39m=[32m&quot;24&quot;[39m
              [33mxmlns[39m=[32m&quot;http://www.w3.org/2000/svg&quot;[39m
            [36m&gt;[39m
              [36m&lt;path[39m
                [33md[39m=[32m&quot;M22 12h-2.48a2 2 0 0 0-1.93 1.46l-2.35 8.36a.25.25 0 0 1-.48 0L9.24 2.18a.25.25 0 0 0-.48 0l-2.35 8.36A2 2 0 0 1 4.49 12H2&quot;[39m
              [36m/&gt;[39m
            [36m&lt;/svg&gt;[39m
          [36m&lt;/div&gt;[39m
          [36m&lt;div&gt;[39m
            [36m&lt;h1[39m
              [33mclass[39m=[32m&quot;text-xl font-bold text-navy-900 dark:text-white&quot;[39m
            [36m&gt;[39m
              [0mDRD[0m
            [36m&lt;/h1&gt;[39m
            [36m&lt;p[39m
              [33mclass[39m=[32m&quot;text-sm text-slate-500 dark:text-slate-400&quot;[39m
            [36m&gt;[39m
              [0mDigital Readiness Diagnosis[0m
            [36m&lt;/p&gt;[39m
          [36m&lt;/div&gt;[39m
        [36m&lt;/div&gt;[39m
      [36m&lt;/div&gt;[39m
      [36m&lt;div[39m
        [33mclass[39m=[32m&quot;shrink-0 border-b border-slate-200 dark:border-white/10 bg-slate-50 dark:bg-navy-950&quot;[39m
      [36m&gt;[39m
        [36m&lt;div[39m
          [33mclass[39m=[32m&quot;flex items-center justify-start gap-2 p-2 px-6&quot;[39m
        [36m&gt;[39m
          [36m&lt;button[39m
            [33mclass[39m=[32m&quot;
                                    flex items-center justify-center gap-2 min-w-[130px] px-4 py-2 rounded-lg text-sm font-medium transition-all
                                    bg-purple-600 text-white shadow-md shadow-purple-600/20
                                &quot;[39m
          [36m&gt;[39m
            [36m&lt;svg[39m
              [33maria-hidden[39m=[32m&quot;true&quot;[39m
              [33mclass[39m=[32m&quot;lucide lucide-file-text&quot;[39m
              [33mfill[39m=[32m&quot;none&quot;[39m
              [33mheight[39m=[32m&quot;16&quot;[39m
              [33mstroke[39m=[32m&quot;currentColor&quot;[39m
              [33mstroke-linecap[39m=[32m&quot;round&quot;[39m
              [33mstroke-linejoin[39m=[32m&quot;round&quot;[39m
              [33mstroke-width[39m=[32m&quot;2&quot;[39m
              [33mviewBox[39m=[32m&quot;0 0 24 24&quot;[39m
              [33mwidth[39m=[32m&quot;16&quot;[39m
              [33mxmlns[39m=[32m&quot;http://www.w3.org/2000/svg&quot;[39m
            [36m&gt;[39m
              [36m&lt;path[39m
                [33md[39m=[32m&quot;M6 22a2 2 0 0 1-2-2V4a2 2 0 0 1 2-2h8a2.4 2.4 0 0 1 1.704.706l3.588 3.588A2.4 2.4 0 0 1 20 8v12a2 2 0 0 1-2 2z&quot;[39m
              [36m/&gt;[39m
              [36m&lt;path[39m
                [33md[39m=[32m&quot;M14 2v5a1 1 0 0 0 1 1h5&quot;[39m
              [36m/&gt;[39m
              [36m&lt;path[39m
                [33md[39m=[32m&quot;M10 9H8&quot;[39m
              [36m/&gt;[39m
              [36m&lt;path[39m
                [33md[39m=[32m&quot;M16 13H8&quot;[39m
              [36m/&gt;[39m
              [36m&lt;path[39m
                [33md[39m=[32m&quot;M16 17H8&quot;[39m
              [36m/&gt;[39m
            [36m&lt;/svg&gt;[39m
            [36m&lt;span&gt;[39m
              [0mAssessment[0m
            [36m&lt;/span&gt;[39m
          [36m&lt;/button&gt;[39m
          [36m&lt;button[39m
            [33mclass[39m=[32m&quot;
                                    flex items-center justify-center gap-2 min-w-[130px] px-4 py-2 rounded-lg text-sm font-medium transition-all
                                    bg-white dark:bg-navy-900 text-slate-600 dark:text-slate-400 hover:bg-slate-100 dark:hover:bg-white/5 border border-slate-200 dark:border-white/10
                                &quot;[39m
          [36m&gt;[39m
            [36m&lt;svg[39m
              [33maria-hidden[39m=[32m&quot;true&quot;[39m
              [33mclass[39m=[32m&quot;lucide lucide-map&quot;[39m
              [33mfill[39m=[32m&quot;none&quot;[39m
              [33mheight[39m=[32m&quot;16&quot;[39m
              [33mstroke[39m=[32m&quot;currentColor&quot;[39m
              [33mstroke-linecap[39m=[32m&quot;round&quot;[39m
              [33mstroke-linejoin[39m=[32m&quot;round&quot;[39m
              [33mstroke-width[39m=[32m&quot;2&quot;[39m
              [33mviewBox[39m=[32m&quot;0 0 24 24&quot;[39m
              [33mwidth[39m=[32m&quot;16&quot;[39m
              [33mxmlns[39m=[32m&quot;http://www.w3.org/2000/svg&quot;[39m
            [36m&gt;[39m
              [36m&lt;path[39m
                [33md[39m=[32m&quot;M14.106 5.553a2 2 0 0 0 1.788 0l3.659-1.83A1 1 0 0 1 21 4.619v12.764a1 1 0 0 1-.553.894l-4.553 2.277a2 2 0 0 1-1.788 0l-4.212-2.106a2 2 0 0 0-1.788 0l-3.659 1.83A1 1 0 0 1 3 19.381V6.618a1 1 0 0 1 .553-.894l4.553-2.277a2 2 0 0 1 1.788 0z&quot;[39m
              [36m/&gt;[39m
              [36m&lt;path[39m
                [33md[39m=[32m&quot;M15 5.764v15&quot;[39m
              [36m/&gt;[39m
              [36m&lt;path[39m
                [33md[39m=[32m&quot;M9 3.236v15&quot;[39m
              [36m/&gt;[39m
            [36m&lt;/svg&gt;[39m
            [36m&lt;span&gt;[39m
              [0mMap[0m
            [36m&lt;/span&gt;[39m
          [36m&lt;/button&gt;[39m
          [36m&lt;button[39m
            [33mclass[39m=[32m&quot;
                                    flex items-center justify-center gap-2 min-w-[130px] px-4 py-2 rounded-lg text-sm font-medium transition-all
                                    bg-white dark:bg-navy-900 text-slate-600 dark:text-slate-400 hover:bg-slate-100 dark:hover:bg-white/5 border border-slate-200 dark:border-white/10
                                &quot;[39m
          [36m&gt;[39m
            [36m&lt;svg[39m
              [33maria-hidden[39m=[32m&quot;true&quot;[39m
              [33mclass[39m=[32m&quot;lucide lucide-file-output&quot;[39m
              [33mfill[39m=[32m&quot;none&quot;[39m
              [33mheight[39m=[32m&quot;16&quot;[39m
              [33mstroke[39m=[32m&quot;currentColor&quot;[39m
              [33mstroke-linecap[39m=[32m&quot;round&quot;[39m
              [33mstroke-linejoin[39m=[32m&quot;round&quot;[39m
              [33mstroke-width[39m=[32m&quot;2&quot;[39m
              [33mviewBox[39m=[32m&quot;0 0 24 24&quot;[39m
              [33mwidth[39m=[32m&quot;16&quot;[39m
              [33mxmlns[39m=[32m&quot;http://www.w3.org/2000/svg&quot;[39m
            [36m&gt;[39m
              [36m&lt;path[39m
                [33md[39m=[32m&quot;M4.226 20.925A2 2 0 0 0 6 22h12a2 2 0 0 0 2-2V8a2.4 2.4 0 0 0-.706-1.706l-3.588-3.588A2.4 2.4 0 0 0 14 2H6a2 2 0 0 0-2 2v3.127&quot;[39m
              [36m/&gt;[39m
              [36m&lt;path[39m
                [33md[39m=[32m&quot;M14 2v5a1 1 0 0 0 1 1h5&quot;[39m
              [36m/&gt;[39m
              [36m&lt;path[39m
                [33md[39m=[32m&quot;m5 11-3 3&quot;[39m
              [36m/&gt;[39m
              [36m&lt;path[39m
                [33md[39m=[32m&quot;m5 17-3-3h10&quot;[39m
              [36m/&gt;[39m
            [36m&lt;/svg&gt;[39m
            [36m&lt;span&gt;[39m
              [0mReports[0m
            [36m&lt;/span&gt;[39m
          [36m&lt;/button&gt;[39m
          [36m&lt;button[39m
            [33mclass[39m=[32m&quot;
                                    flex items-center justify-center gap-2 min-w-[130px] px-4 py-2 rounded-lg text-sm font-medium transition-all
                                    bg-white dark:bg-navy-900 text-slate-600 dark:text-slate-400 hover:bg-slate-100 dark:hover:bg-white/5 border border-slate-200 dark:border-white/10
                                &quot;[39m
          [36m&gt;[39m
            [36m&lt;svg[39m
              [33maria-hidden[39m=[32m&quot;true&quot;[39m
              [33mclass[39m=[32m&quot;lucide lucide-lightbulb&quot;[39m
              [33mfill[39m=[32m&quot;none&quot;[39m
              [33mheight[39m=[32m&quot;16&quot;[39m
              [33mstroke[39m=[32m&quot;currentColor&quot;[39m
              [33mstroke-linecap[39m=[32m&quot;round&quot;[39m
              [33mstroke-linejoin[39m=[32m&quot;round&quot;[39m
              [33mstroke-width[39m=[32m&quot;2&quot;[39m
              [33mviewBox[39m=[32m&quot;0 0 24 24&quot;[39m
              [33mwidth[39m=[32m&quot;16&quot;[39m
              [33mxmlns[39m=[32m&quot;http://www.w3.org/2000/svg&quot;[39m
            [36m&gt;[39m
              [36m&lt;path[39m
                [33md[39m=[32m&quot;M15 14c.2-1 .7-1.7 1.5-2.5 1-.9 1.5-2.2 1.5-3.5A6 6 0 0 0 6 8c0 1 .2 2.2 1.5 3.5.7.7 1.3 1.5 1.5 2.5&quot;[39m
              [36m/&gt;[39m
              [36m&lt;path[39m
                [33md[39m=[32m&quot;M9 18h6&quot;[39m
              [36m/&gt;[39m
              [36m&lt;path[39m
                [33md[39m=[32m&quot;M10 22h4&quot;[39m
              [36m/&gt;[39m
            [36m&lt;/svg&gt;[39m
            [36m&lt;span&gt;[39m
              [0mInitiatives[0m
            [36m&lt;/span&gt;[39m
          [36m&lt;/button&gt;[39m
        [36m&lt;/div&gt;[39m
      [36m&lt;/div&gt;[39m
      [36m&lt;div[39m
        [33mclass[39m=[32m&quot;shrink-0 px-6 py-2 bg-slate-100 dark:bg-navy-950/50 border-b border-slate-200 dark:border-white/10&quot;[39m
      [36m&gt;[39m
        [36m&lt;div[39m
          [33mclass[39m=[32m&quot;flex items-center justify-center gap-4 text-xs&quot;[39m
        [36m&gt;[39m
          [36m&lt;div[39m
            [33mclass[39m=[32m&quot;flex items-center gap-1 text-purple-600 dark:text-purple-400 font-medium&quot;[39m
          [36m&gt;[39m
            [36m&lt;span[39m
              [33mclass[39m=[32m&quot;w-5 h-5 rounded-full bg-purple-100 dark:bg-purple-900/30 flex items-center justify-center text-purple-600 dark:text-purple-400&quot;[39m
            [36m&gt;[39m
              [0m1[0m
            [36m&lt;/span&gt;[39m
            [0mAssessment[0m
          [36m&lt;/div&gt;[39m
          [36m&lt;svg[39m
            [33maria-hidden[39m=[32m&quot;true&quot;[39m
            [33mclass[39m=[32m&quot;lucide lucide-arrow-right text-slate-300 dark:text-slate-600&quot;[39m
            [33mfill[39m=[32m&quot;none&quot;[39m
            [33mheight[39m=[32m&quot;14&quot;[39m
            [33mstroke[39m=[32m&quot;currentColor&quot;[39m
            [33mstroke-linecap[39m=[32m&quot;round&quot;[39m
            [33mstroke-linejoin[39m=[32m&quot;round&quot;[39m
            [33mstroke-width[39m=[32m&quot;2&quot;[39m
            [33mviewBox[39m=[32m&quot;0 0 24 24&quot;[39m
            [33mwidth[39m=[32m&quot;14&quot;[39m
            [33mxmlns[39m=[32m&quot;http://www.w3.org/2000/svg&quot;[39m
          [36m&gt;[39m
            [36m&lt;path[39m
              [33md[39m=[32m&quot;M5 12h14&quot;[39m
            [36m/&gt;[39m
            [36m&lt;path[39m
              [33md[39m=[32m&quot;m12 5 7 7-7 7&quot;[39m
            [36m/&gt;[39m
          [36m&lt;/svg&gt;[39m
          [36m&lt;div[39m
            [33mclass[39m=[32m&quot;flex items-center gap-1 text-slate-400&quot;[39m
          [36m&gt;[39m
            [36m&lt;span[39m
              [33mclass[39m=[32m&quot;w-5 h-5 rounded-full bg-purple-100 dark:bg-purple-900/30 flex items-center justify-center text-purple-600 dark:text-purple-400&quot;[39m
            [36m&gt;[39m
              [0m2[0m
            [36m&lt;/span&gt;[39m
            [0mMap (Edit)[0m
          [36m&lt;/div&gt;[39m
          [36m&lt;svg[39m
            [33maria-hidden[39m=[32m&quot;true&quot;[39m
            [33mclass[39m=[32m&quot;lucide lucide-arrow-right text-slate-300 dark:text-slate-600&quot;[39m
            [33mfill[39m=[32m&quot;none&quot;[39m
            [33mheight[39m=[32m&quot;14&quot;[39m
            [33mstroke[39m=[32m&quot;currentColor&quot;[39m
            [33mstroke-linecap[39m=[32m&quot;round&quot;[39m
            [33mstroke-linejoin[39m=[32m&quot;round&quot;[39m
            [33mstroke-width[39m=[32m&quot;2&quot;[39m
            [33mviewBox[39m=[32m&quot;0 0 24 24&quot;[39m
            [33mwidth[39m=[32m&quot;14&quot;[39m
            [33mxmlns[39m=[32m&quot;http://www.w3.org/2000/svg&quot;[39m
          [36m&gt;[39m
            [36m&lt;path[39m
              [33md[39m=[32m&quot;M5 12h14&quot;[39m
            [36m/&gt;[39m
            [36m&lt;path[39m
              [33md[39m=[32m&quot;m12 5 7 7-7 7&quot;[39m
            [36m/&gt;[39m
          [36m&lt;/svg&gt;[39m
          [36m&lt;div[39m
            [33mclass[39m=[32m&quot;flex items-center gap-1 text-slate-400&quot;[39m
          [36m&gt;[39m
            [36m&lt;span[39m
              [33mclass[39m=[32m&quot;w-5 h-5 rounded-full bg-purple-100 dark:bg-purple-900/30 flex items-center justify-center text-purple-600 dark:text-purple-400&quot;[39m
            [36m&gt;[39m
              [0m3[0m
            [36m&lt;/span&gt;[39m
            [0mReports[0m
          [36m&lt;/div&gt;[39m
          [36m&lt;svg[39m
            [33maria-hidden[39m=[32m&quot;true&quot;[39m
            [33mclass[39m=[32m&quot;lucide lucide-arrow-right text-slate-300 dark:text-slate-600&quot;[39m
            [33mfill[39m=[32m&quot;none&quot;[39m
            [33mheight[39m=[32m&quot;14&quot;[39m
            [33mstroke[39m=[32m&quot;currentColor&quot;[39m
            [33mstroke-linecap[39m=[32m&quot;round&quot;[39m
            [33mstroke-linejoin[39m=[32m&quot;round&quot;[39m
            [33mstroke-width[39m=[32m&quot;2&quot;[39m
            [33mviewBox[39m=[32m&quot;0 0 24 24&quot;[39m
            [33mwidth[39m=[32m&quot;14&quot;[39m
            [33mxmlns[39m=[32m&quot;http://www.w3.org/2000/svg&quot;[39m
          [36m&gt;[39m
            [36m&lt;path[39m
              [33md[39m=[32m&quot;M5 12h14&quot;[39m
            [36m/&gt;[39m
            [36m&lt;path[39m
              [33md[39m=[32m&quot;m12 5 7 7-7 7&quot;[39m
            [36m/&gt;[39m
          [36m&lt;/svg&gt;[39m
          [36m&lt;div[39m
            [33mclass[39m=[32m&quot;flex items-center gap-1 text-slate-400&quot;[39m
          [36m&gt;[39m
            [36m&lt;span[39m
              [33mclass[39m=[32m&quot;w-5 h-5 rounded-full bg-purple-100 dark:bg-purple-900/30 flex items-center justify-center text-purple-600 dark:text-purple-400&quot;[39m
            [36m&gt;[39m
              [0m4[0m
            [36m&lt;/span&gt;[39m
            [0mInitiatives[0m
          [36m&lt;/div&gt;[39m
        [36m&lt;/div&gt;[39m
      [36m&lt;/div&gt;[39m
      [36m&lt;div[39m
        [33mclass[39m=[32m&quot;flex-1 overflow-hidden&quot;[39m
      [36m&gt;[39m
        [36m&lt;div[39m
          [33mdata-testid[39m=[32m&quot;assessment-table&quot;[39m
        [36m&gt;[39m
          [36m&lt;button[39m
            [33mdata-testid[39m=[32m&quot;open-in-map-btn&quot;[39m
          [36m&gt;[39m
            [0mOpen in Map[0m
          [36m&lt;/button&gt;[39m
          [36m&lt;button[39m
            [33mdata-testid[39m=[32m&quot;new-assessment-btn&quot;[39m
          [36m&gt;[39m
            [0mNew Assessment[0m
          [36m&lt;/button&gt;[39m
          [36m&lt;button[39m
            [33mdata-testid[39m=[32m&quot;create-report-btn&quot;[39m
          [36m&gt;[39m
            [0mCreate Report[0m
          [36m&lt;/button&gt;[39m
        [36m&lt;/div&gt;[39m
      [36m&lt;/div&gt;[39m
    [36m&lt;/div&gt;[39m
  [36m&lt;/div&gt;[39m
[36m&lt;/body&gt;[39m" type="TestingLibraryElementError">
TestingLibraryElementError: Found multiple elements with the text: Reports

Here are the matching elements:

Ignored nodes: comments, script, style
&lt;span&gt;
  Reports
&lt;/span&gt;

Ignored nodes: comments, script, style
&lt;div
  class=&quot;flex items-center gap-1 text-slate-400&quot;
&gt;
  &lt;span
    class=&quot;w-5 h-5 rounded-full bg-purple-100 dark:bg-purple-900/30 flex items-center justify-center text-purple-600 dark:text-purple-400&quot;
  &gt;
    3
  &lt;/span&gt;
  Reports
&lt;/div&gt;

(If this is intentional, then use the `*AllBy*` variant of the query (like `queryAllByText`, `getAllByText`, or `findAllByText`)).

Ignored nodes: comments, script, style
&lt;body&gt;
  &lt;div&gt;
    &lt;div
      class=&quot;flex flex-col h-full bg-white dark:bg-navy-900&quot;
    &gt;
      &lt;div
        class=&quot;shrink-0 px-6 py-4 bg-gradient-to-r from-slate-50 to-white dark:from-navy-950 dark:to-navy-900 border-b border-slate-200 dark:border-white/10&quot;
      &gt;
        &lt;div
          class=&quot;flex items-center gap-4&quot;
        &gt;
          &lt;div
            class=&quot;w-12 h-12 rounded-xl bg-purple-100 dark:bg-purple-900/30 flex items-center justify-center text-purple-600 dark:text-purple-400&quot;
          &gt;
            &lt;svg
              aria-hidden=&quot;true&quot;
              class=&quot;lucide lucide-activity&quot;
              fill=&quot;none&quot;
              height=&quot;24&quot;
              stroke=&quot;currentColor&quot;
              stroke-linecap=&quot;round&quot;
              stroke-linejoin=&quot;round&quot;
              stroke-width=&quot;2&quot;
              viewBox=&quot;0 0 24 24&quot;
              width=&quot;24&quot;
              xmlns=&quot;http://www.w3.org/2000/svg&quot;
            &gt;
              &lt;path
                d=&quot;M22 12h-2.48a2 2 0 0 0-1.93 1.46l-2.35 8.36a.25.25 0 0 1-.48 0L9.24 2.18a.25.25 0 0 0-.48 0l-2.35 8.36A2 2 0 0 1 4.49 12H2&quot;
              /&gt;
            &lt;/svg&gt;
          &lt;/div&gt;
          &lt;div&gt;
            &lt;h1
              class=&quot;text-xl font-bold text-navy-900 dark:text-white&quot;
            &gt;
              DRD
            &lt;/h1&gt;
            &lt;p
              class=&quot;text-sm text-slate-500 dark:text-slate-400&quot;
            &gt;
              Digital Readiness Diagnosis
            &lt;/p&gt;
          &lt;/div&gt;
        &lt;/div&gt;
      &lt;/div&gt;
      &lt;div
        class=&quot;shrink-0 border-b border-slate-200 dark:border-white/10 bg-slate-50 dark:bg-navy-950&quot;
      &gt;
        &lt;div
          class=&quot;flex items-center justify-start gap-2 p-2 px-6&quot;
        &gt;
          &lt;button
            class=&quot;
                                    flex items-center justify-center gap-2 min-w-[130px] px-4 py-2 rounded-lg text-sm font-medium transition-all
                                    bg-purple-600 text-white shadow-md shadow-purple-600/20
                                &quot;
          &gt;
            &lt;svg
              aria-hidden=&quot;true&quot;
              class=&quot;lucide lucide-file-text&quot;
              fill=&quot;none&quot;
              height=&quot;16&quot;
              stroke=&quot;currentColor&quot;
              stroke-linecap=&quot;round&quot;
              stroke-linejoin=&quot;round&quot;
              stroke-width=&quot;2&quot;
              viewBox=&quot;0 0 24 24&quot;
              width=&quot;16&quot;
              xmlns=&quot;http://www.w3.org/2000/svg&quot;
            &gt;
              &lt;path
                d=&quot;M6 22a2 2 0 0 1-2-2V4a2 2 0 0 1 2-2h8a2.4 2.4 0 0 1 1.704.706l3.588 3.588A2.4 2.4 0 0 1 20 8v12a2 2 0 0 1-2 2z&quot;
              /&gt;
              &lt;path
                d=&quot;M14 2v5a1 1 0 0 0 1 1h5&quot;
              /&gt;
              &lt;path
                d=&quot;M10 9H8&quot;
              /&gt;
              &lt;path
                d=&quot;M16 13H8&quot;
              /&gt;
              &lt;path
                d=&quot;M16 17H8&quot;
              /&gt;
            &lt;/svg&gt;
            &lt;span&gt;
              Assessment
            &lt;/span&gt;
          &lt;/button&gt;
          &lt;button
            class=&quot;
                                    flex items-center justify-center gap-2 min-w-[130px] px-4 py-2 rounded-lg text-sm font-medium transition-all
                                    bg-white dark:bg-navy-900 text-slate-600 dark:text-slate-400 hover:bg-slate-100 dark:hover:bg-white/5 border border-slate-200 dark:border-white/10
                                &quot;
          &gt;
            &lt;svg
              aria-hidden=&quot;true&quot;
              class=&quot;lucide lucide-map&quot;
              fill=&quot;none&quot;
              height=&quot;16&quot;
              stroke=&quot;currentColor&quot;
              stroke-linecap=&quot;round&quot;
              stroke-linejoin=&quot;round&quot;
              stroke-width=&quot;2&quot;
              viewBox=&quot;0 0 24 24&quot;
              width=&quot;16&quot;
              xmlns=&quot;http://www.w3.org/2000/svg&quot;
            &gt;
              &lt;path
                d=&quot;M14.106 5.553a2 2 0 0 0 1.788 0l3.659-1.83A1 1 0 0 1 21 4.619v12.764a1 1 0 0 1-.553.894l-4.553 2.277a2 2 0 0 1-1.788 0l-4.212-2.106a2 2 0 0 0-1.788 0l-3.659 1.83A1 1 0 0 1 3 19.381V6.618a1 1 0 0 1 .553-.894l4.553-2.277a2 2 0 0 1 1.788 0z&quot;
              /&gt;
              &lt;path
                d=&quot;M15 5.764v15&quot;
              /&gt;
              &lt;path
                d=&quot;M9 3.236v15&quot;
              /&gt;
            &lt;/svg&gt;
            &lt;span&gt;
              Map
            &lt;/span&gt;
          &lt;/button&gt;
          &lt;button
            class=&quot;
                                    flex items-center justify-center gap-2 min-w-[130px] px-4 py-2 rounded-lg text-sm font-medium transition-all
                                    bg-white dark:bg-navy-900 text-slate-600 dark:text-slate-400 hover:bg-slate-100 dark:hover:bg-white/5 border border-slate-200 dark:border-white/10
                                &quot;
          &gt;
            &lt;svg
              aria-hidden=&quot;true&quot;
              class=&quot;lucide lucide-file-output&quot;
              fill=&quot;none&quot;
              height=&quot;16&quot;
              stroke=&quot;currentColor&quot;
              stroke-linecap=&quot;round&quot;
              stroke-linejoin=&quot;round&quot;
              stroke-width=&quot;2&quot;
              viewBox=&quot;0 0 24 24&quot;
              width=&quot;16&quot;
              xmlns=&quot;http://www.w3.org/2000/svg&quot;
            &gt;
              &lt;path
                d=&quot;M4.226 20.925A2 2 0 0 0 6 22h12a2 2 0 0 0 2-2V8a2.4 2.4 0 0 0-.706-1.706l-3.588-3.588A2.4 2.4 0 0 0 14 2H6a2 2 0 0 0-2 2v3.127&quot;
              /&gt;
              &lt;path
                d=&quot;M14 2v5a1 1 0 0 0 1 1h5&quot;
              /&gt;
              &lt;path
                d=&quot;m5 11-3 3&quot;
              /&gt;
              &lt;path
                d=&quot;m5 17-3-3h10&quot;
              /&gt;
            &lt;/svg&gt;
            &lt;span&gt;
              Reports
            &lt;/span&gt;
          &lt;/button&gt;
          &lt;button
            class=&quot;
                                    flex items-center justify-center gap-2 min-w-[130px] px-4 py-2 rounded-lg text-sm font-medium transition-all
                                    bg-white dark:bg-navy-900 text-slate-600 dark:text-slate-400 hover:bg-slate-100 dark:hover:bg-white/5 border border-slate-200 dark:border-white/10
                                &quot;
          &gt;
            &lt;svg
              aria-hidden=&quot;true&quot;
              class=&quot;lucide lucide-lightbulb&quot;
              fill=&quot;none&quot;
              height=&quot;16&quot;
              stroke=&quot;currentColor&quot;
              stroke-linecap=&quot;round&quot;
              stroke-linejoin=&quot;round&quot;
              stroke-width=&quot;2&quot;
              viewBox=&quot;0 0 24 24&quot;
              width=&quot;16&quot;
              xmlns=&quot;http://www.w3.org/2000/svg&quot;
            &gt;
              &lt;path
                d=&quot;M15 14c.2-1 .7-1.7 1.5-2.5 1-.9 1.5-2.2 1.5-3.5A6 6 0 0 0 6 8c0 1 .2 2.2 1.5 3.5.7.7 1.3 1.5 1.5 2.5&quot;
              /&gt;
              &lt;path
                d=&quot;M9 18h6&quot;
              /&gt;
              &lt;path
                d=&quot;M10 22h4&quot;
              /&gt;
            &lt;/svg&gt;
            &lt;span&gt;
              Initiatives
            &lt;/span&gt;
          &lt;/button&gt;
        &lt;/div&gt;
      &lt;/div&gt;
      &lt;div
        class=&quot;shrink-0 px-6 py-2 bg-slate-100 dark:bg-navy-950/50 border-b border-slate-200 dark:border-white/10&quot;
      &gt;
        &lt;div
          class=&quot;flex items-center justify-center gap-4 text-xs&quot;
        &gt;
          &lt;div
            class=&quot;flex items-center gap-1 text-purple-600 dark:text-purple-400 font-medium&quot;
          &gt;
            &lt;span
              class=&quot;w-5 h-5 rounded-full bg-purple-100 dark:bg-purple-900/30 flex items-center justify-center text-purple-600 dark:text-purple-400&quot;
            &gt;
              1
            &lt;/span&gt;
            Assessment
          &lt;/div&gt;
          &lt;svg
            aria-hidden=&quot;true&quot;
            class=&quot;lucide lucide-arrow-right text-slate-300 dark:text-slate-600&quot;
            fill=&quot;none&quot;
            height=&quot;14&quot;
            stroke=&quot;currentColor&quot;
            stroke-linecap=&quot;round&quot;
            stroke-linejoin=&quot;round&quot;
            stroke-width=&quot;2&quot;
            viewBox=&quot;0 0 24 24&quot;
            width=&quot;14&quot;
            xmlns=&quot;http://www.w3.org/2000/svg&quot;
          &gt;
            &lt;path
              d=&quot;M5 12h14&quot;
            /&gt;
            &lt;path
              d=&quot;m12 5 7 7-7 7&quot;
            /&gt;
          &lt;/svg&gt;
          &lt;div
            class=&quot;flex items-center gap-1 text-slate-400&quot;
          &gt;
            &lt;span
              class=&quot;w-5 h-5 rounded-full bg-purple-100 dark:bg-purple-900/30 flex items-center justify-center text-purple-600 dark:text-purple-400&quot;
            &gt;
              2
            &lt;/span&gt;
            Map (Edit)
          &lt;/div&gt;
          &lt;svg
            aria-hidden=&quot;true&quot;
            class=&quot;lucide lucide-arrow-right text-slate-300 dark:text-slate-600&quot;
            fill=&quot;none&quot;
            height=&quot;14&quot;
            stroke=&quot;currentColor&quot;
            stroke-linecap=&quot;round&quot;
            stroke-linejoin=&quot;round&quot;
            stroke-width=&quot;2&quot;
            viewBox=&quot;0 0 24 24&quot;
            width=&quot;14&quot;
            xmlns=&quot;http://www.w3.org/2000/svg&quot;
          &gt;
            &lt;path
              d=&quot;M5 12h14&quot;
            /&gt;
            &lt;path
              d=&quot;m12 5 7 7-7 7&quot;
            /&gt;
          &lt;/svg&gt;
          &lt;div
            class=&quot;flex items-center gap-1 text-slate-400&quot;
          &gt;
            &lt;span
              class=&quot;w-5 h-5 rounded-full bg-purple-100 dark:bg-purple-900/30 flex items-center justify-center text-purple-600 dark:text-purple-400&quot;
            &gt;
              3
            &lt;/span&gt;
            Reports
          &lt;/div&gt;
          &lt;svg
            aria-hidden=&quot;true&quot;
            class=&quot;lucide lucide-arrow-right text-slate-300 dark:text-slate-600&quot;
            fill=&quot;none&quot;
            height=&quot;14&quot;
            stroke=&quot;currentColor&quot;
            stroke-linecap=&quot;round&quot;
            stroke-linejoin=&quot;round&quot;
            stroke-width=&quot;2&quot;
            viewBox=&quot;0 0 24 24&quot;
            width=&quot;14&quot;
            xmlns=&quot;http://www.w3.org/2000/svg&quot;
          &gt;
            &lt;path
              d=&quot;M5 12h14&quot;
            /&gt;
            &lt;path
              d=&quot;m12 5 7 7-7 7&quot;
            /&gt;
          &lt;/svg&gt;
          &lt;div
            class=&quot;flex items-center gap-1 text-slate-400&quot;
          &gt;
            &lt;span
              class=&quot;w-5 h-5 rounded-full bg-purple-100 dark:bg-purple-900/30 flex items-center justify-center text-purple-600 dark:text-purple-400&quot;
            &gt;
              4
            &lt;/span&gt;
            Initiatives
          &lt;/div&gt;
        &lt;/div&gt;
      &lt;/div&gt;
      &lt;div
        class=&quot;flex-1 overflow-hidden&quot;
      &gt;
        &lt;div
          data-testid=&quot;assessment-table&quot;
        &gt;
          &lt;button
            data-testid=&quot;open-in-map-btn&quot;
          &gt;
            Open in Map
          &lt;/button&gt;
          &lt;button
            data-testid=&quot;new-assessment-btn&quot;
          &gt;
            New Assessment
          &lt;/button&gt;
          &lt;button
            data-testid=&quot;create-report-btn&quot;
          &gt;
            Create Report
          &lt;/button&gt;
        &lt;/div&gt;
      &lt;/div&gt;
    &lt;/div&gt;
  &lt;/div&gt;
&lt;/body&gt;
 ❯ Object.getElementError node_modules/@testing-library/dom/dist/config.js:37:19
 ❯ getElementError node_modules/@testing-library/dom/dist/query-helpers.js:20:35
 ❯ getMultipleElementsFoundError node_modules/@testing-library/dom/dist/query-helpers.js:23:10
 ❯ node_modules/@testing-library/dom/dist/query-helpers.js:55:13
 ❯ node_modules/@testing-library/dom/dist/query-helpers.js:95:19
 ❯ tests/components/AssessmentModuleHub.test.tsx:92:36
            </failure>
        </testcase>
        <testcase classname="tests/components/AssessmentModuleHub.test.tsx" name="AssessmentModuleHub &gt; Tab Navigation &gt; should switch to initiatives tab on click" time="0.003241125">
            <failure message="Found multiple elements with the text: Initiatives

Here are the matching elements:

Ignored nodes: comments, script, style
[36m&lt;span&gt;[39m
  [0mInitiatives[0m
[36m&lt;/span&gt;[39m

Ignored nodes: comments, script, style
[36m&lt;div[39m
  [33mclass[39m=[32m&quot;flex items-center gap-1 text-slate-400&quot;[39m
[36m&gt;[39m
  [36m&lt;span[39m
    [33mclass[39m=[32m&quot;w-5 h-5 rounded-full bg-purple-100 dark:bg-purple-900/30 flex items-center justify-center text-purple-600 dark:text-purple-400&quot;[39m
  [36m&gt;[39m
    [0m4[0m
  [36m&lt;/span&gt;[39m
  [0mInitiatives[0m
[36m&lt;/div&gt;[39m

(If this is intentional, then use the `*AllBy*` variant of the query (like `queryAllByText`, `getAllByText`, or `findAllByText`)).

Ignored nodes: comments, script, style
[36m&lt;body&gt;[39m
  [36m&lt;div&gt;[39m
    [36m&lt;div[39m
      [33mclass[39m=[32m&quot;flex flex-col h-full bg-white dark:bg-navy-900&quot;[39m
    [36m&gt;[39m
      [36m&lt;div[39m
        [33mclass[39m=[32m&quot;shrink-0 px-6 py-4 bg-gradient-to-r from-slate-50 to-white dark:from-navy-950 dark:to-navy-900 border-b border-slate-200 dark:border-white/10&quot;[39m
      [36m&gt;[39m
        [36m&lt;div[39m
          [33mclass[39m=[32m&quot;flex items-center gap-4&quot;[39m
        [36m&gt;[39m
          [36m&lt;div[39m
            [33mclass[39m=[32m&quot;w-12 h-12 rounded-xl bg-purple-100 dark:bg-purple-900/30 flex items-center justify-center text-purple-600 dark:text-purple-400&quot;[39m
          [36m&gt;[39m
            [36m&lt;svg[39m
              [33maria-hidden[39m=[32m&quot;true&quot;[39m
              [33mclass[39m=[32m&quot;lucide lucide-activity&quot;[39m
              [33mfill[39m=[32m&quot;none&quot;[39m
              [33mheight[39m=[32m&quot;24&quot;[39m
              [33mstroke[39m=[32m&quot;currentColor&quot;[39m
              [33mstroke-linecap[39m=[32m&quot;round&quot;[39m
              [33mstroke-linejoin[39m=[32m&quot;round&quot;[39m
              [33mstroke-width[39m=[32m&quot;2&quot;[39m
              [33mviewBox[39m=[32m&quot;0 0 24 24&quot;[39m
              [33mwidth[39m=[32m&quot;24&quot;[39m
              [33mxmlns[39m=[32m&quot;http://www.w3.org/2000/svg&quot;[39m
            [36m&gt;[39m
              [36m&lt;path[39m
                [33md[39m=[32m&quot;M22 12h-2.48a2 2 0 0 0-1.93 1.46l-2.35 8.36a.25.25 0 0 1-.48 0L9.24 2.18a.25.25 0 0 0-.48 0l-2.35 8.36A2 2 0 0 1 4.49 12H2&quot;[39m
              [36m/&gt;[39m
            [36m&lt;/svg&gt;[39m
          [36m&lt;/div&gt;[39m
          [36m&lt;div&gt;[39m
            [36m&lt;h1[39m
              [33mclass[39m=[32m&quot;text-xl font-bold text-navy-900 dark:text-white&quot;[39m
            [36m&gt;[39m
              [0mDRD[0m
            [36m&lt;/h1&gt;[39m
            [36m&lt;p[39m
              [33mclass[39m=[32m&quot;text-sm text-slate-500 dark:text-slate-400&quot;[39m
            [36m&gt;[39m
              [0mDigital Readiness Diagnosis[0m
            [36m&lt;/p&gt;[39m
          [36m&lt;/div&gt;[39m
        [36m&lt;/div&gt;[39m
      [36m&lt;/div&gt;[39m
      [36m&lt;div[39m
        [33mclass[39m=[32m&quot;shrink-0 border-b border-slate-200 dark:border-white/10 bg-slate-50 dark:bg-navy-950&quot;[39m
      [36m&gt;[39m
        [36m&lt;div[39m
          [33mclass[39m=[32m&quot;flex items-center justify-start gap-2 p-2 px-6&quot;[39m
        [36m&gt;[39m
          [36m&lt;button[39m
            [33mclass[39m=[32m&quot;
                                    flex items-center justify-center gap-2 min-w-[130px] px-4 py-2 rounded-lg text-sm font-medium transition-all
                                    bg-purple-600 text-white shadow-md shadow-purple-600/20
                                &quot;[39m
          [36m&gt;[39m
            [36m&lt;svg[39m
              [33maria-hidden[39m=[32m&quot;true&quot;[39m
              [33mclass[39m=[32m&quot;lucide lucide-file-text&quot;[39m
              [33mfill[39m=[32m&quot;none&quot;[39m
              [33mheight[39m=[32m&quot;16&quot;[39m
              [33mstroke[39m=[32m&quot;currentColor&quot;[39m
              [33mstroke-linecap[39m=[32m&quot;round&quot;[39m
              [33mstroke-linejoin[39m=[32m&quot;round&quot;[39m
              [33mstroke-width[39m=[32m&quot;2&quot;[39m
              [33mviewBox[39m=[32m&quot;0 0 24 24&quot;[39m
              [33mwidth[39m=[32m&quot;16&quot;[39m
              [33mxmlns[39m=[32m&quot;http://www.w3.org/2000/svg&quot;[39m
            [36m&gt;[39m
              [36m&lt;path[39m
                [33md[39m=[32m&quot;M6 22a2 2 0 0 1-2-2V4a2 2 0 0 1 2-2h8a2.4 2.4 0 0 1 1.704.706l3.588 3.588A2.4 2.4 0 0 1 20 8v12a2 2 0 0 1-2 2z&quot;[39m
              [36m/&gt;[39m
              [36m&lt;path[39m
                [33md[39m=[32m&quot;M14 2v5a1 1 0 0 0 1 1h5&quot;[39m
              [36m/&gt;[39m
              [36m&lt;path[39m
                [33md[39m=[32m&quot;M10 9H8&quot;[39m
              [36m/&gt;[39m
              [36m&lt;path[39m
                [33md[39m=[32m&quot;M16 13H8&quot;[39m
              [36m/&gt;[39m
              [36m&lt;path[39m
                [33md[39m=[32m&quot;M16 17H8&quot;[39m
              [36m/&gt;[39m
            [36m&lt;/svg&gt;[39m
            [36m&lt;span&gt;[39m
              [0mAssessment[0m
            [36m&lt;/span&gt;[39m
          [36m&lt;/button&gt;[39m
          [36m&lt;button[39m
            [33mclass[39m=[32m&quot;
                                    flex items-center justify-center gap-2 min-w-[130px] px-4 py-2 rounded-lg text-sm font-medium transition-all
                                    bg-white dark:bg-navy-900 text-slate-600 dark:text-slate-400 hover:bg-slate-100 dark:hover:bg-white/5 border border-slate-200 dark:border-white/10
                                &quot;[39m
          [36m&gt;[39m
            [36m&lt;svg[39m
              [33maria-hidden[39m=[32m&quot;true&quot;[39m
              [33mclass[39m=[32m&quot;lucide lucide-map&quot;[39m
              [33mfill[39m=[32m&quot;none&quot;[39m
              [33mheight[39m=[32m&quot;16&quot;[39m
              [33mstroke[39m=[32m&quot;currentColor&quot;[39m
              [33mstroke-linecap[39m=[32m&quot;round&quot;[39m
              [33mstroke-linejoin[39m=[32m&quot;round&quot;[39m
              [33mstroke-width[39m=[32m&quot;2&quot;[39m
              [33mviewBox[39m=[32m&quot;0 0 24 24&quot;[39m
              [33mwidth[39m=[32m&quot;16&quot;[39m
              [33mxmlns[39m=[32m&quot;http://www.w3.org/2000/svg&quot;[39m
            [36m&gt;[39m
              [36m&lt;path[39m
                [33md[39m=[32m&quot;M14.106 5.553a2 2 0 0 0 1.788 0l3.659-1.83A1 1 0 0 1 21 4.619v12.764a1 1 0 0 1-.553.894l-4.553 2.277a2 2 0 0 1-1.788 0l-4.212-2.106a2 2 0 0 0-1.788 0l-3.659 1.83A1 1 0 0 1 3 19.381V6.618a1 1 0 0 1 .553-.894l4.553-2.277a2 2 0 0 1 1.788 0z&quot;[39m
              [36m/&gt;[39m
              [36m&lt;path[39m
                [33md[39m=[32m&quot;M15 5.764v15&quot;[39m
              [36m/&gt;[39m
              [36m&lt;path[39m
                [33md[39m=[32m&quot;M9 3.236v15&quot;[39m
              [36m/&gt;[39m
            [36m&lt;/svg&gt;[39m
            [36m&lt;span&gt;[39m
              [0mMap[0m
            [36m&lt;/span&gt;[39m
          [36m&lt;/button&gt;[39m
          [36m&lt;button[39m
            [33mclass[39m=[32m&quot;
                                    flex items-center justify-center gap-2 min-w-[130px] px-4 py-2 rounded-lg text-sm font-medium transition-all
                                    bg-white dark:bg-navy-900 text-slate-600 dark:text-slate-400 hover:bg-slate-100 dark:hover:bg-white/5 border border-slate-200 dark:border-white/10
                                &quot;[39m
          [36m&gt;[39m
            [36m&lt;svg[39m
              [33maria-hidden[39m=[32m&quot;true&quot;[39m
              [33mclass[39m=[32m&quot;lucide lucide-file-output&quot;[39m
              [33mfill[39m=[32m&quot;none&quot;[39m
              [33mheight[39m=[32m&quot;16&quot;[39m
              [33mstroke[39m=[32m&quot;currentColor&quot;[39m
              [33mstroke-linecap[39m=[32m&quot;round&quot;[39m
              [33mstroke-linejoin[39m=[32m&quot;round&quot;[39m
              [33mstroke-width[39m=[32m&quot;2&quot;[39m
              [33mviewBox[39m=[32m&quot;0 0 24 24&quot;[39m
              [33mwidth[39m=[32m&quot;16&quot;[39m
              [33mxmlns[39m=[32m&quot;http://www.w3.org/2000/svg&quot;[39m
            [36m&gt;[39m
              [36m&lt;path[39m
                [33md[39m=[32m&quot;M4.226 20.925A2 2 0 0 0 6 22h12a2 2 0 0 0 2-2V8a2.4 2.4 0 0 0-.706-1.706l-3.588-3.588A2.4 2.4 0 0 0 14 2H6a2 2 0 0 0-2 2v3.127&quot;[39m
              [36m/&gt;[39m
              [36m&lt;path[39m
                [33md[39m=[32m&quot;M14 2v5a1 1 0 0 0 1 1h5&quot;[39m
              [36m/&gt;[39m
              [36m&lt;path[39m
                [33md[39m=[32m&quot;m5 11-3 3&quot;[39m
              [36m/&gt;[39m
              [36m&lt;path[39m
                [33md[39m=[32m&quot;m5 17-3-3h10&quot;[39m
              [36m/&gt;[39m
            [36m&lt;/svg&gt;[39m
            [36m&lt;span&gt;[39m
              [0mReports[0m
            [36m&lt;/span&gt;[39m
          [36m&lt;/button&gt;[39m
          [36m&lt;button[39m
            [33mclass[39m=[32m&quot;
                                    flex items-center justify-center gap-2 min-w-[130px] px-4 py-2 rounded-lg text-sm font-medium transition-all
                                    bg-white dark:bg-navy-900 text-slate-600 dark:text-slate-400 hover:bg-slate-100 dark:hover:bg-white/5 border border-slate-200 dark:border-white/10
                                &quot;[39m
          [36m&gt;[39m
            [36m&lt;svg[39m
              [33maria-hidden[39m=[32m&quot;true&quot;[39m
              [33mclass[39m=[32m&quot;lucide lucide-lightbulb&quot;[39m
              [33mfill[39m=[32m&quot;none&quot;[39m
              [33mheight[39m=[32m&quot;16&quot;[39m
              [33mstroke[39m=[32m&quot;currentColor&quot;[39m
              [33mstroke-linecap[39m=[32m&quot;round&quot;[39m
              [33mstroke-linejoin[39m=[32m&quot;round&quot;[39m
              [33mstroke-width[39m=[32m&quot;2&quot;[39m
              [33mviewBox[39m=[32m&quot;0 0 24 24&quot;[39m
              [33mwidth[39m=[32m&quot;16&quot;[39m
              [33mxmlns[39m=[32m&quot;http://www.w3.org/2000/svg&quot;[39m
            [36m&gt;[39m
              [36m&lt;path[39m
                [33md[39m=[32m&quot;M15 14c.2-1 .7-1.7 1.5-2.5 1-.9 1.5-2.2 1.5-3.5A6 6 0 0 0 6 8c0 1 .2 2.2 1.5 3.5.7.7 1.3 1.5 1.5 2.5&quot;[39m
              [36m/&gt;[39m
              [36m&lt;path[39m
                [33md[39m=[32m&quot;M9 18h6&quot;[39m
              [36m/&gt;[39m
              [36m&lt;path[39m
                [33md[39m=[32m&quot;M10 22h4&quot;[39m
              [36m/&gt;[39m
            [36m&lt;/svg&gt;[39m
            [36m&lt;span&gt;[39m
              [0mInitiatives[0m
            [36m&lt;/span&gt;[39m
          [36m&lt;/button&gt;[39m
        [36m&lt;/div&gt;[39m
      [36m&lt;/div&gt;[39m
      [36m&lt;div[39m
        [33mclass[39m=[32m&quot;shrink-0 px-6 py-2 bg-slate-100 dark:bg-navy-950/50 border-b border-slate-200 dark:border-white/10&quot;[39m
      [36m&gt;[39m
        [36m&lt;div[39m
          [33mclass[39m=[32m&quot;flex items-center justify-center gap-4 text-xs&quot;[39m
        [36m&gt;[39m
          [36m&lt;div[39m
            [33mclass[39m=[32m&quot;flex items-center gap-1 text-purple-600 dark:text-purple-400 font-medium&quot;[39m
          [36m&gt;[39m
            [36m&lt;span[39m
              [33mclass[39m=[32m&quot;w-5 h-5 rounded-full bg-purple-100 dark:bg-purple-900/30 flex items-center justify-center text-purple-600 dark:text-purple-400&quot;[39m
            [36m&gt;[39m
              [0m1[0m
            [36m&lt;/span&gt;[39m
            [0mAssessment[0m
          [36m&lt;/div&gt;[39m
          [36m&lt;svg[39m
            [33maria-hidden[39m=[32m&quot;true&quot;[39m
            [33mclass[39m=[32m&quot;lucide lucide-arrow-right text-slate-300 dark:text-slate-600&quot;[39m
            [33mfill[39m=[32m&quot;none&quot;[39m
            [33mheight[39m=[32m&quot;14&quot;[39m
            [33mstroke[39m=[32m&quot;currentColor&quot;[39m
            [33mstroke-linecap[39m=[32m&quot;round&quot;[39m
            [33mstroke-linejoin[39m=[32m&quot;round&quot;[39m
            [33mstroke-width[39m=[32m&quot;2&quot;[39m
            [33mviewBox[39m=[32m&quot;0 0 24 24&quot;[39m
            [33mwidth[39m=[32m&quot;14&quot;[39m
            [33mxmlns[39m=[32m&quot;http://www.w3.org/2000/svg&quot;[39m
          [36m&gt;[39m
            [36m&lt;path[39m
              [33md[39m=[32m&quot;M5 12h14&quot;[39m
            [36m/&gt;[39m
            [36m&lt;path[39m
              [33md[39m=[32m&quot;m12 5 7 7-7 7&quot;[39m
            [36m/&gt;[39m
          [36m&lt;/svg&gt;[39m
          [36m&lt;div[39m
            [33mclass[39m=[32m&quot;flex items-center gap-1 text-slate-400&quot;[39m
          [36m&gt;[39m
            [36m&lt;span[39m
              [33mclass[39m=[32m&quot;w-5 h-5 rounded-full bg-purple-100 dark:bg-purple-900/30 flex items-center justify-center text-purple-600 dark:text-purple-400&quot;[39m
            [36m&gt;[39m
              [0m2[0m
            [36m&lt;/span&gt;[39m
            [0mMap (Edit)[0m
          [36m&lt;/div&gt;[39m
          [36m&lt;svg[39m
            [33maria-hidden[39m=[32m&quot;true&quot;[39m
            [33mclass[39m=[32m&quot;lucide lucide-arrow-right text-slate-300 dark:text-slate-600&quot;[39m
            [33mfill[39m=[32m&quot;none&quot;[39m
            [33mheight[39m=[32m&quot;14&quot;[39m
            [33mstroke[39m=[32m&quot;currentColor&quot;[39m
            [33mstroke-linecap[39m=[32m&quot;round&quot;[39m
            [33mstroke-linejoin[39m=[32m&quot;round&quot;[39m
            [33mstroke-width[39m=[32m&quot;2&quot;[39m
            [33mviewBox[39m=[32m&quot;0 0 24 24&quot;[39m
            [33mwidth[39m=[32m&quot;14&quot;[39m
            [33mxmlns[39m=[32m&quot;http://www.w3.org/2000/svg&quot;[39m
          [36m&gt;[39m
            [36m&lt;path[39m
              [33md[39m=[32m&quot;M5 12h14&quot;[39m
            [36m/&gt;[39m
            [36m&lt;path[39m
              [33md[39m=[32m&quot;m12 5 7 7-7 7&quot;[39m
            [36m/&gt;[39m
          [36m&lt;/svg&gt;[39m
          [36m&lt;div[39m
            [33mclass[39m=[32m&quot;flex items-center gap-1 text-slate-400&quot;[39m
          [36m&gt;[39m
            [36m&lt;span[39m
              [33mclass[39m=[32m&quot;w-5 h-5 rounded-full bg-purple-100 dark:bg-purple-900/30 flex items-center justify-center text-purple-600 dark:text-purple-400&quot;[39m
            [36m&gt;[39m
              [0m3[0m
            [36m&lt;/span&gt;[39m
            [0mReports[0m
          [36m&lt;/div&gt;[39m
          [36m&lt;svg[39m
            [33maria-hidden[39m=[32m&quot;true&quot;[39m
            [33mclass[39m=[32m&quot;lucide lucide-arrow-right text-slate-300 dark:text-slate-600&quot;[39m
            [33mfill[39m=[32m&quot;none&quot;[39m
            [33mheight[39m=[32m&quot;14&quot;[39m
            [33mstroke[39m=[32m&quot;currentColor&quot;[39m
            [33mstroke-linecap[39m=[32m&quot;round&quot;[39m
            [33mstroke-linejoin[39m=[32m&quot;round&quot;[39m
            [33mstroke-width[39m=[32m&quot;2&quot;[39m
            [33mviewBox[39m=[32m&quot;0 0 24 24&quot;[39m
            [33mwidth[39m=[32m&quot;14&quot;[39m
            [33mxmlns[39m=[32m&quot;http://www.w3.org/2000/svg&quot;[39m
          [36m&gt;[39m
            [36m&lt;path[39m
              [33md[39m=[32m&quot;M5 12h14&quot;[39m
            [36m/&gt;[39m
            [36m&lt;path[39m
              [33md[39m=[32m&quot;m12 5 7 7-7 7&quot;[39m
            [36m/&gt;[39m
          [36m&lt;/svg&gt;[39m
          [36m&lt;div[39m
            [33mclass[39m=[32m&quot;flex items-center gap-1 text-slate-400&quot;[39m
          [36m&gt;[39m
            [36m&lt;span[39m
              [33mclass[39m=[32m&quot;w-5 h-5 rounded-full bg-purple-100 dark:bg-purple-900/30 flex items-center justify-center text-purple-600 dark:text-purple-400&quot;[39m
            [36m&gt;[39m
              [0m4[0m
            [36m&lt;/span&gt;[39m
            [0mInitiatives[0m
          [36m&lt;/div&gt;[39m
        [36m&lt;/div&gt;[39m
      [36m&lt;/div&gt;[39m
[...]
        [36m&gt;[39m
          [36m&lt;div[39m
            [33mclass[39m=[32m&quot;flex items-center gap-1 text-purple-600 dark:text-purple-400 font-medium&quot;[39m
          [36m&gt;[39m
            [36m&lt;span[39m
              [33mclass[39m=[32m&quot;w-5 h-5 rounded-full bg-purple-100 dark:bg-purple-900/30 flex items-center justify-center text-purple-600 dark:text-purple-400&quot;[39m
            [36m&gt;[39m
              [0m1[0m
            [36m&lt;/span&gt;[39m
            [0mAssessment[0m
          [36m&lt;/div&gt;[39m
          [36m&lt;svg[39m
            [33maria-hidden[39m=[32m&quot;true&quot;[39m
            [33mclass[39m=[32m&quot;lucide lucide-arrow-right text-slate-300 dark:text-slate-600&quot;[39m
            [33mfill[39m=[32m&quot;none&quot;[39m
            [33mheight[39m=[32m&quot;14&quot;[39m
            [33mstroke[39m=[32m&quot;currentColor&quot;[39m
            [33mstroke-linecap[39m=[32m&quot;round&quot;[39m
            [33mstroke-linejoin[39m=[32m&quot;round&quot;[39m
            [33mstroke-width[39m=[32m&quot;2&quot;[39m
            [33mviewBox[39m=[32m&quot;0 0 24 24&quot;[39m
            [33mwidth[39m=[32m&quot;14&quot;[39m
            [33mxmlns[39m=[32m&quot;http://www.w3.org/2000/svg&quot;[39m
          [36m&gt;[39m
            [36m&lt;path[39m
              [33md[39m=[32m&quot;M5 12h14&quot;[39m
            [36m/&gt;[39m
            [36m&lt;path[39m
              [33md[39m=[32m&quot;m12 5 7 7-7 7&quot;[39m
            [36m/&gt;[39m
          [36m&lt;/svg&gt;[39m
          [36m&lt;div[39m
            [33mclass[39m=[32m&quot;flex items-center gap-1 text-slate-400&quot;[39m
          [36m&gt;[39m
            [36m&lt;span[39m
              [33mclass[39m=[32m&quot;w-5 h-5 rounded-full bg-purple-100 dark:bg-purple-900/30 flex items-center justify-center text-purple-600 dark:text-purple-400&quot;[39m
            [36m&gt;[39m
              [0m2[0m
            [36m&lt;/span&gt;[39m
            [0mMap (Edit)[0m
          [36m&lt;/div&gt;[39m
          [36m&lt;svg[39m
            [33maria-hidden[39m=[32m&quot;true&quot;[39m
            [33mclass[39m=[32m&quot;lucide lucide-arrow-right text-slate-300 dark:text-slate-600&quot;[39m
            [33mfill[39m=[32m&quot;none&quot;[39m
            [33mheight[39m=[32m&quot;14&quot;[39m
            [33mstroke[39m=[32m&quot;currentColor&quot;[39m
            [33mstroke-linecap[39m=[32m&quot;round&quot;[39m
            [33mstroke-linejoin[39m=[32m&quot;round&quot;[39m
            [33mstroke-width[39m=[32m&quot;2&quot;[39m
            [33mviewBox[39m=[32m&quot;0 0 24 24&quot;[39m
            [33mwidth[39m=[32m&quot;14&quot;[39m
            [33mxmlns[39m=[32m&quot;http://www.w3.org/2000/svg&quot;[39m
          [36m&gt;[39m
            [36m&lt;path[39m
              [33md[39m=[32m&quot;M5 12h14&quot;[39m
            [36m/&gt;[39m
            [36m&lt;path[39m
              [33md[39m=[32m&quot;m12 5 7 7-7 7&quot;[39m
            [36m/&gt;[39m
          [36m&lt;/svg&gt;[39m
          [36m&lt;div[39m
            [33mclass[39m=[32m&quot;flex items-center gap-1 text-slate-400&quot;[39m
          [36m&gt;[39m
            [36m&lt;span[39m
              [33mclass[39m=[32m&quot;w-5 h-5 rounded-full bg-purple-100 dark:bg-purple-900/30 flex items-center justify-center text-purple-600 dark:text-purple-400&quot;[39m
            [36m&gt;[39m
              [0m3[0m
            [36m&lt;/span&gt;[39m
            [0mReports[0m
          [36m&lt;/div&gt;[39m
          [36m&lt;svg[39m
            [33maria-hidden[39m=[32m&quot;true&quot;[39m
            [33mclass[39m=[32m&quot;lucide lucide-arrow-right text-slate-300 dark:text-slate-600&quot;[39m
            [33mfill[39m=[32m&quot;none&quot;[39m
            [33mheight[39m=[32m&quot;14&quot;[39m
            [33mstroke[39m=[32m&quot;currentColor&quot;[39m
            [33mstroke-linecap[39m=[32m&quot;round&quot;[39m
            [33mstroke-linejoin[39m=[32m&quot;round&quot;[39m
            [33mstroke-width[39m=[32m&quot;2&quot;[39m
            [33mviewBox[39m=[32m&quot;0 0 24 24&quot;[39m
            [33mwidth[39m=[32m&quot;14&quot;[39m
            [33mxmlns[39m=[32m&quot;http://www.w3.org/2000/svg&quot;[39m
          [36m&gt;[39m
            [36m&lt;path[39m
              [33md[39m=[32m&quot;M5 12h14&quot;[39m
            [36m/&gt;[39m
            [36m&lt;path[39m
              [33md[39m=[32m&quot;m12 5 7 7-7 7&quot;[39m
            [36m/&gt;[39m
          [36m&lt;/svg&gt;[39m
          [36m&lt;div[39m
            [33mclass[39m=[32m&quot;flex items-center gap-1 text-slate-400&quot;[39m
          [36m&gt;[39m
            [36m&lt;span[39m
              [33mclass[39m=[32m&quot;w-5 h-5 rounded-full bg-purple-100 dark:bg-purple-900/30 flex items-center justify-center text-purple-600 dark:text-purple-400&quot;[39m
            [36m&gt;[39m
              [0m4[0m
            [36m&lt;/span&gt;[39m
            [0mInitiatives[0m
          [36m&lt;/div&gt;[39m
        [36m&lt;/div&gt;[39m
      [36m&lt;/div&gt;[39m
      [36m&lt;div[39m
        [33mclass[39m=[32m&quot;flex-1 overflow-hidden&quot;[39m
      [36m&gt;[39m
        [36m&lt;div[39m
          [33mdata-testid[39m=[32m&quot;assessment-table&quot;[39m
        [36m&gt;[39m
          [36m&lt;button[39m
            [33mdata-testid[39m=[32m&quot;open-in-map-btn&quot;[39m
          [36m&gt;[39m
            [0mOpen in Map[0m
          [36m&lt;/button&gt;[39m
          [36m&lt;button[39m
            [33mdata-testid[39m=[32m&quot;new-assessment-btn&quot;[39m
          [36m&gt;[39m
            [0mNew Assessment[0m
          [36m&lt;/button&gt;[39m
          [36m&lt;button[39m
            [33mdata-testid[39m=[32m&quot;create-report-btn&quot;[39m
          [36m&gt;[39m
            [0mCreate Report[0m
          [36m&lt;/button&gt;[39m
        [36m&lt;/div&gt;[39m
      [36m&lt;/div&gt;[39m
    [36m&lt;/div&gt;[39m
  [36m&lt;/div&gt;[39m
[36m&lt;/body&gt;[39m" type="TestingLibraryElementError">
TestingLibraryElementError: Found multiple elements with the text: Assessment

Here are the matching elements:

Ignored nodes: comments, script, style
&lt;span&gt;
  Assessment
&lt;/span&gt;

Ignored nodes: comments, script, style
&lt;div
  class=&quot;flex items-center gap-1 text-purple-600 dark:text-purple-400 font-medium&quot;
&gt;
  &lt;span
    class=&quot;w-5 h-5 rounded-full bg-purple-100 dark:bg-purple-900/30 flex items-center justify-center text-purple-600 dark:text-purple-400&quot;
  &gt;
    1
  &lt;/span&gt;
  Assessment
&lt;/div&gt;

(If this is intentional, then use the `*AllBy*` variant of the query (like `queryAllByText`, `getAllByText`, or `findAllByText`)).

Ignored nodes: comments, script, style
&lt;body&gt;
  &lt;div&gt;
    &lt;div
      class=&quot;flex flex-col h-full bg-white dark:bg-navy-900&quot;
    &gt;
      &lt;div
        class=&quot;shrink-0 px-6 py-4 bg-gradient-to-r from-slate-50 to-white dark:from-navy-950 dark:to-navy-900 border-b border-slate-200 dark:border-white/10&quot;
      &gt;
        &lt;div
          class=&quot;flex items-center gap-4&quot;
        &gt;
          &lt;div
            class=&quot;w-12 h-12 rounded-xl bg-purple-100 dark:bg-purple-900/30 flex items-center justify-center text-purple-600 dark:text-purple-400&quot;
          &gt;
            &lt;svg
              aria-hidden=&quot;true&quot;
              class=&quot;lucide lucide-activity&quot;
              fill=&quot;none&quot;
              height=&quot;24&quot;
              stroke=&quot;currentColor&quot;
              stroke-linecap=&quot;round&quot;
              stroke-linejoin=&quot;round&quot;
              stroke-width=&quot;2&quot;
              viewBox=&quot;0 0 24 24&quot;
              width=&quot;24&quot;
              xmlns=&quot;http://www.w3.org/2000/svg&quot;
            &gt;
              &lt;path
                d=&quot;M22 12h-2.48a2 2 0 0 0-1.93 1.46l-2.35 8.36a.25.25 0 0 1-.48 0L9.24 2.18a.25.25 0 0 0-.48 0l-2.35 8.36A2 2 0 0 1 4.49 12H2&quot;
              /&gt;
            &lt;/svg&gt;
          &lt;/div&gt;
          &lt;div&gt;
            &lt;h1
              class=&quot;text-xl font-bold text-navy-900 dark:text-white&quot;
            &gt;
              DRD
            &lt;/h1&gt;
            &lt;p
              class=&quot;text-sm text-slate-500 dark:text-slate-400&quot;
            &gt;
              Digital Readiness Diagnosis
            &lt;/p&gt;
          &lt;/div&gt;
        &lt;/div&gt;
      &lt;/div&gt;
      &lt;div
        class=&quot;shrink-0 border-b border-slate-200 dark:border-white/10 bg-slate-50 dark:bg-navy-950&quot;
      &gt;
        &lt;div
          class=&quot;flex items-center justify-start gap-2 p-2 px-6&quot;
        &gt;
          &lt;button
            class=&quot;
                                    flex items-center justify-center gap-2 min-w-[130px] px-4 py-2 rounded-lg text-sm font-medium transition-all
                                    bg-purple-600 text-white shadow-md shadow-purple-600/20
                                &quot;
          &gt;
            &lt;svg
              aria-hidden=&quot;true&quot;
              class=&quot;lucide lucide-file-text&quot;
              fill=&quot;none&quot;
              height=&quot;16&quot;
              stroke=&quot;currentColor&quot;
              stroke-linecap=&quot;round&quot;
              stroke-linejoin=&quot;round&quot;
              stroke-width=&quot;2&quot;
              viewBox=&quot;0 0 24 24&quot;
              width=&quot;16&quot;
              xmlns=&quot;http://www.w3.org/2000/svg&quot;
            &gt;
              &lt;path
                d=&quot;M6 22a2 2 0 0 1-2-2V4a2 2 0 0 1 2-2h8a2.4 2.4 0 0 1 1.704.706l3.588 3.588A2.4 2.4 0 0 1 20 8v12a2 2 0 0 1-2 2z&quot;
              /&gt;
              &lt;path
                d=&quot;M14 2v5a1 1 0 0 0 1 1h5&quot;
              /&gt;
              &lt;path
                d=&quot;M10 9H8&quot;
              /&gt;
              &lt;path
                d=&quot;M16 13H8&quot;
              /&gt;
              &lt;path
                d=&quot;M16 17H8&quot;
              /&gt;
            &lt;/svg&gt;
            &lt;span&gt;
              Assessment
            &lt;/span&gt;
          &lt;/button&gt;
          &lt;button
            class=&quot;
                                    flex items-center justify-center gap-2 min-w-[130px] px-4 py-2 rounded-lg text-sm font-medium transition-all
                                    bg-white dark:bg-navy-900 text-slate-600 dark:text-slate-400 hover:bg-slate-100 dark:hover:bg-white/5 border border-slate-200 dark:border-white/10
                                &quot;
          &gt;
            &lt;svg
              aria-hidden=&quot;true&quot;
              class=&quot;lucide lucide-map&quot;
              fill=&quot;none&quot;
              height=&quot;16&quot;
              stroke=&quot;currentColor&quot;
              stroke-linecap=&quot;round&quot;
              stroke-linejoin=&quot;round&quot;
              stroke-width=&quot;2&quot;
              viewBox=&quot;0 0 24 24&quot;
              width=&quot;16&quot;
              xmlns=&quot;http://www.w3.org/2000/svg&quot;
            &gt;
              &lt;path
                d=&quot;M14.106 5.553a2 2 0 0 0 1.788 0l3.659-1.83A1 1 0 0 1 21 4.619v12.764a1 1 0 0 1-.553.894l-4.553 2.277a2 2 0 0 1-1.788 0l-4.212-2.106a2 2 0 0 0-1.788 0l-3.659 1.83A1 1 0 0 1 3 19.381V6.618a1 1 0 0 1 .553-.894l4.553-2.277a2 2 0 0 1 1.788 0z&quot;
              /&gt;
              &lt;path
                d=&quot;M15 5.764v15&quot;
              /&gt;
              &lt;path
                d=&quot;M9 3.236v15&quot;
              /&gt;
            &lt;/svg&gt;
            &lt;span&gt;
              Map
            &lt;/span&gt;
          &lt;/button&gt;
          &lt;button
            class=&quot;
                                    flex items-center justify-center gap-2 min-w-[130px] px-4 py-2 rounded-lg text-sm font-medium transition-all
                                    bg-white dark:bg-navy-900 text-slate-600 dark:text-slate-400 hover:bg-slate-100 dark:hover:bg-white/5 border border-slate-200 dark:border-white/10
                                &quot;
          &gt;
            &lt;svg
              aria-hidden=&quot;true&quot;
              class=&quot;lucide lucide-file-output&quot;
              fill=&quot;none&quot;
              height=&quot;16&quot;
              stroke=&quot;currentColor&quot;
              stroke-linecap=&quot;round&quot;
              stroke-linejoin=&quot;round&quot;
              stroke-width=&quot;2&quot;
              viewBox=&quot;0 0 24 24&quot;
              width=&quot;16&quot;
              xmlns=&quot;http://www.w3.org/2000/svg&quot;
            &gt;
              &lt;path
                d=&quot;M4.226 20.925A2 2 0 0 0 6 22h12a2 2 0 0 0 2-2V8a2.4 2.4 0 0 0-.706-1.706l-3.588-3.588A2.4 2.4 0 0 0 14 2H6a2 2 0 0 0-2 2v3.127&quot;
              /&gt;
              &lt;path
                d=&quot;M14 2v5a1 1 0 0 0 1 1h5&quot;
              /&gt;
              &lt;path
                d=&quot;m5 11-3 3&quot;
              /&gt;
              &lt;path
                d=&quot;m5 17-3-3h10&quot;
              /&gt;
            &lt;/svg&gt;
            &lt;span&gt;
              Reports
            &lt;/span&gt;
          &lt;/button&gt;
          &lt;button
            class=&quot;
                                    flex items-center justify-center gap-2 min-w-[130px] px-4 py-2 rounded-lg text-sm font-medium transition-all
                                    bg-white dark:bg-navy-900 text-slate-600 dark:text-slate-400 hover:bg-slate-100 dark:hover:bg-white/5 border border-slate-200 dark:border-white/10
                                &quot;
          &gt;
            &lt;svg
              aria-hidden=&quot;true&quot;
              class=&quot;lucide lucide-lightbulb&quot;
              fill=&quot;none&quot;
              height=&quot;16&quot;
              stroke=&quot;currentColor&quot;
              stroke-linecap=&quot;round&quot;
              stroke-linejoin=&quot;round&quot;
              stroke-width=&quot;2&quot;
              viewBox=&quot;0 0 24 24&quot;
              width=&quot;16&quot;
              xmlns=&quot;http://www.w3.org/2000/svg&quot;
            &gt;
              &lt;path
                d=&quot;M15 14c.2-1 .7-1.7 1.5-2.5 1-.9 1.5-2.2 1.5-3.5A6 6 0 0 0 6 8c0 1 .2 2.2 1.5 3.5.7.7 1.3 1.5 1.5 2.5&quot;
              /&gt;
              &lt;path
                d=&quot;M9 18h6&quot;
              /&gt;
              &lt;path
                d=&quot;M10 22h4&quot;
              /&gt;
            &lt;/svg&gt;
            &lt;span&gt;
              Initiatives
            &lt;/span&gt;
          &lt;/button&gt;
        &lt;/div&gt;
      &lt;/div&gt;
      &lt;div
        class=&quot;shrink-0 px-6 py-2 bg-slate-100 dark:bg-navy-950/50 border-b border-slate-200 dark:border-white/10&quot;
      &gt;
        &lt;div
          class=&quot;flex items-center justify-center gap-4 text-xs&quot;
        &gt;
          &lt;div
            class=&quot;flex items-center gap-1 text-purple-600 dark:text-purple-400 font-medium&quot;
          &gt;
            &lt;span
              class=&quot;w-5 h-5 rounded-full bg-purple-100 dark:bg-purple-900/30 flex items-center justify-center text-purple-600 dark:text-purple-400&quot;
            &gt;
              1
            &lt;/span&gt;
            Assessment
          &lt;/div&gt;
          &lt;svg
            aria-hidden=&quot;true&quot;
            class=&quot;lucide lucide-arrow-right text-slate-300 dark:text-slate-600&quot;
            fill=&quot;none&quot;
            height=&quot;14&quot;
            stroke=&quot;currentColor&quot;
            stroke-linecap=&quot;round&quot;
            stroke-linejoin=&quot;round&quot;
            stroke-width=&quot;2&quot;
            viewBox=&quot;0 0 24 24&quot;
            width=&quot;14&quot;
            xmlns=&quot;http://www.w3.org/2000/svg&quot;
          &gt;
            &lt;path
              d=&quot;M5 12h14&quot;
            /&gt;
            &lt;path
              d=&quot;m12 5 7 7-7 7&quot;
            /&gt;
          &lt;/svg&gt;
          &lt;div
            class=&quot;flex items-center gap-1 text-slate-400&quot;
          &gt;
            &lt;span
              class=&quot;w-5 h-5 rounded-full bg-purple-100 dark:bg-purple-900/30 flex items-center justify-center text-purple-600 dark:text-purple-400&quot;
            &gt;
              2
            &lt;/span&gt;
            Map (Edit)
          &lt;/div&gt;
          &lt;svg
            aria-hidden=&quot;true&quot;
            class=&quot;lucide lucide-arrow-right text-slate-300 dark:text-slate-600&quot;
            fill=&quot;none&quot;
            height=&quot;14&quot;
            stroke=&quot;currentColor&quot;
            stroke-linecap=&quot;round&quot;
            stroke-linejoin=&quot;round&quot;
            stroke-width=&quot;2&quot;
            viewBox=&quot;0 0 24 24&quot;
            width=&quot;14&quot;
            xmlns=&quot;http://www.w3.org/2000/svg&quot;
          &gt;
            &lt;path
              d=&quot;M5 12h14&quot;
            /&gt;
            &lt;path
              d=&quot;m12 5 7 7-7 7&quot;
            /&gt;
          &lt;/svg&gt;
          &lt;div
            class=&quot;flex items-center gap-1 text-slate-400&quot;
          &gt;
            &lt;span
              class=&quot;w-5 h-5 rounded-full bg-purple-100 dark:bg-purple-900/30 flex items-center justify-center text-purple-600 dark:text-purple-400&quot;
            &gt;
              3
            &lt;/span&gt;
            Reports
          &lt;/div&gt;
          &lt;svg
            aria-hidden=&quot;true&quot;
            class=&quot;lucide lucide-arrow-right text-slate-300 dark:text-slate-600&quot;
            fill=&quot;none&quot;
            height=&quot;14&quot;
            stroke=&quot;currentColor&quot;
            stroke-linecap=&quot;round&quot;
            stroke-linejoin=&quot;round&quot;
            stroke-width=&quot;2&quot;
            viewBox=&quot;0 0 24 24&quot;
            width=&quot;14&quot;
            xmlns=&quot;http://www.w3.org/2000/svg&quot;
          &gt;
            &lt;path
              d=&quot;M5 12h14&quot;
            /&gt;
            &lt;path
              d=&quot;m12 5 7 7-7 7&quot;
            /&gt;
          &lt;/svg&gt;
          &lt;div
            class=&quot;flex items-center gap-1 text-slate-400&quot;
          &gt;
            &lt;span
              class=&quot;w-5 h-5 rounded-full bg-purple-100 dark:bg-purple-900/30 flex items-center justify-center text-purple-600 dark:text-purple-400&quot;
            &gt;
              4
            &lt;/span&gt;
            Initiatives
          &lt;/div&gt;
        &lt;/div&gt;
      &lt;/div&gt;
      &lt;div
        class=&quot;flex-1 overflow-hidden&quot;
      &gt;
        &lt;div
          data-testid=&quot;assessment-table&quot;
        &gt;
          &lt;button
            data-testid=&quot;open-in-map-btn&quot;
          &gt;
            Open in Map
          &lt;/button&gt;
          &lt;button
            data-testid=&quot;new-assessment-btn&quot;
          &gt;
            New Assessment
          &lt;/button&gt;
          &lt;button
            data-testid=&quot;create-report-btn&quot;
          &gt;
            Create Report
          &lt;/button&gt;
        &lt;/div&gt;
      &lt;/div&gt;
    &lt;/div&gt;
  &lt;/div&gt;
&lt;/body&gt;
 ❯ Object.getElementError node_modules/@testing-library/dom/dist/config.js:37:19
 ❯ getElementError node_modules/@testing-library/dom/dist/query-helpers.js:20:35
 ❯ getMultipleElementsFoundError node_modules/@testing-library/dom/dist/query-helpers.js:23:10
 ❯ node_modules/@testing-library/dom/dist/query-helpers.js:55:13
 ❯ node_modules/@testing-library/dom/dist/query-helpers.js:95:19
 ❯ tests/components/AssessmentModuleHub.test.tsx:273:27
            </failure>
        </testcase>
    </testsuite>
</testsuites>
