<?xml version="1.0" encoding="UTF-8" ?>
<testsuites name="vitest tests" tests="20" failures="0" errors="0" time="0.016768">
    <testsuite name="tests/unit/backend/aiSimulationEngine.test.js" timestamp="2026-01-03T20:31:14.789Z" hostname="MacBook-Pro-Piotr.local" tests="20" failures="0" errors="0" skipped="0" time="0.016768">
        <testcase classname="tests/unit/backend/aiSimulationEngine.test.js" name="AISimulationEngine &gt; runScenarioSimulation &gt; should run basic project scenario simulation" time="0.007452084">
        </testcase>
        <testcase classname="tests/unit/backend/aiSimulationEngine.test.js" name="AISimulationEngine &gt; runScenarioSimulation &gt; should handle risk scenario simulations" time="0.000342167">
        </testcase>
        <testcase classname="tests/unit/backend/aiSimulationEngine.test.js" name="AISimulationEngine &gt; runScenarioSimulation &gt; should validate scenario parameters" time="0.000811208">
        </testcase>
        <testcase classname="tests/unit/backend/aiSimulationEngine.test.js" name="AISimulationEngine &gt; generateWhatIfScenarios &gt; should generate multiple what-if scenarios" time="0.000563">
        </testcase>
        <testcase classname="tests/unit/backend/aiSimulationEngine.test.js" name="AISimulationEngine &gt; generateWhatIfScenarios &gt; should handle complex multi-variable scenarios" time="0.000158708">
        </testcase>
        <testcase classname="tests/unit/backend/aiSimulationEngine.test.js" name="AISimulationEngine &gt; calculateProbabilities &gt; should calculate outcome probabilities" time="0.000225458">
        </testcase>
        <testcase classname="tests/unit/backend/aiSimulationEngine.test.js" name="AISimulationEngine &gt; calculateProbabilities &gt; should handle risk probability calculations" time="0.000266542">
        </testcase>
        <testcase classname="tests/unit/backend/aiSimulationEngine.test.js" name="AISimulationEngine &gt; monteCarloSimulation &gt; should run Monte Carlo simulations" time="0.000182958">
        </testcase>
        <testcase classname="tests/unit/backend/aiSimulationEngine.test.js" name="AISimulationEngine &gt; monteCarloSimulation &gt; should handle different probability distributions" time="0.003771959">
        </testcase>
        <testcase classname="tests/unit/backend/aiSimulationEngine.test.js" name="AISimulationEngine &gt; sensitivityAnalysis &gt; should perform sensitivity analysis" time="0.00024575">
        </testcase>
        <testcase classname="tests/unit/backend/aiSimulationEngine.test.js" name="AISimulationEngine &gt; sensitivityAnalysis &gt; should identify most influential variables" time="0.000132875">
        </testcase>
        <testcase classname="tests/unit/backend/aiSimulationEngine.test.js" name="AISimulationEngine &gt; scenarioComparison &gt; should compare multiple scenarios" time="0.000135792">
        </testcase>
        <testcase classname="tests/unit/backend/aiSimulationEngine.test.js" name="AISimulationEngine &gt; scenarioComparison &gt; should analyze scenario trade-offs" time="0.000113917">
        </testcase>
        <testcase classname="tests/unit/backend/aiSimulationEngine.test.js" name="AISimulationEngine &gt; storeSimulationResults &gt; should store simulation results" time="0.000180625">
        </testcase>
        <testcase classname="tests/unit/backend/aiSimulationEngine.test.js" name="AISimulationEngine &gt; storeSimulationResults &gt; should retrieve stored simulations" time="0.000151584">
        </testcase>
        <testcase classname="tests/unit/backend/aiSimulationEngine.test.js" name="AISimulationEngine &gt; Error Handling &gt; should handle simulation service failures" time="0.000211417">
        </testcase>
        <testcase classname="tests/unit/backend/aiSimulationEngine.test.js" name="AISimulationEngine &gt; Error Handling &gt; should validate simulation parameters" time="0.000355958">
        </testcase>
        <testcase classname="tests/unit/backend/aiSimulationEngine.test.js" name="AISimulationEngine &gt; Error Handling &gt; should handle database errors" time="0.000337584">
        </testcase>
        <testcase classname="tests/unit/backend/aiSimulationEngine.test.js" name="AISimulationEngine &gt; Performance &gt; should optimize simulation performance" time="0.000214458">
        </testcase>
        <testcase classname="tests/unit/backend/aiSimulationEngine.test.js" name="AISimulationEngine &gt; Performance &gt; should cache simulation results" time="0.000150834">
        </testcase>
    </testsuite>
</testsuites>
