<?xml version="1.0" encoding="UTF-8" ?>
<testsuites name="vitest tests" tests="9" failures="0" errors="0" time="0.045763207">
    <testsuite name="tests/unit/backend/notificationService.test.js" timestamp="2026-01-02T07:28:37.504Z" hostname="MacBook-Pro-Piotr.local" tests="5" failures="0" errors="0" skipped="0" time="0.035176291">
        <testcase classname="tests/unit/backend/notificationService.test.js" name="NotificationService &gt; create &gt; should create a notification" time="0.033819708">
            <system-out>
[Database] Mocking database for tests

            </system-out>
        </testcase>
        <testcase classname="tests/unit/backend/notificationService.test.js" name="NotificationService &gt; create &gt; should not create notification if muted" time="0.000180083">
        </testcase>
        <testcase classname="tests/unit/backend/notificationService.test.js" name="NotificationService &gt; getForUser &gt; should get notifications for user" time="0.000222875">
        </testcase>
        <testcase classname="tests/unit/backend/notificationService.test.js" name="NotificationService &gt; getForUser &gt; should filter unread notifications" time="0.000077083">
        </testcase>
        <testcase classname="tests/unit/backend/notificationService.test.js" name="NotificationService &gt; NOTIFICATION_TYPES &gt; should have all notification types defined" time="0.000083916">
        </testcase>
    </testsuite>
    <testsuite name="tests/unit/backend/versioningService.test.js" timestamp="2026-01-02T07:28:37.505Z" hostname="MacBook-Pro-Piotr.local" tests="4" failures="0" errors="0" skipped="0" time="0.010586916">
        <testcase classname="tests/unit/backend/versioningService.test.js" name="VersioningService &gt; getNextVersionNumber &gt; should return next version number" time="0.008523875">
            <system-out>
[Database] Mocking database for tests

            </system-out>
        </testcase>
        <testcase classname="tests/unit/backend/versioningService.test.js" name="VersioningService &gt; getNextVersionNumber &gt; should return 1 for first version" time="0.00019475">
        </testcase>
        <testcase classname="tests/unit/backend/versioningService.test.js" name="VersioningService &gt; createVersion &gt; should create a version snapshot" time="0.000555083">
        </testcase>
        <testcase classname="tests/unit/backend/versioningService.test.js" name="VersioningService &gt; createVersion &gt; should throw error if analysis not found" time="0.000547959">
        </testcase>
    </testsuite>
</testsuites>
