{"numTotalTestSuites":398,"numPassedTestSuites":110,"numFailedTestSuites":288,"numPendingTestSuites":0,"numTotalTests":463,"numPass    <testsuite name="tests/integration/MyWorkWorkflow.test.tsx" timestamp="2026-01-05T22:48:00.562Z" hostname="MacBook-Pro-Piotr.local" tests="1" failures="1" errors="0" skipped="0" time="0">
        <testcase classname="tests/integration/MyWorkWorkflow.test.tsx" name="tests/integration/MyWorkWorkflow.test.tsx" time="0">
            <failure message="Failed to resolve import &quot;../../services/api&quot; from &quot;tests/integration/MyWorkWorkflow.test.tsx&quot;. Does the file exist?" type="Error">
Error: Failed to resolve import &quot;../../services/api&quot; from &quot;tests/integration/MyWorkWorkflow.test.tsx&quot;. Does the file exist?
  Plugin: vite:import-analysis
  File: /Users/piotrwisniewski/Documents/Antygracity/DRD/consultify/tests/integration/MyWorkWorkflow.test.tsx:6:0
  74 |  const __vi_import_1__ = await import(&quot;@testing-library/react&quot;);
  75 |  const __vi_import_2__ = await import(&quot;@/views/MyWorkView&quot;);
  76 |  const __vi_import_3__ = await import(&quot;../../services/api&quot;);
     |                                       ^
  77 |  &quot;use strict&quot;;
  78 |  
 ❯ TransformPluginContext._formatLog node_modules/vite/dist/node/chunks/dep-D4NMHUTW.js:42528:41
 ❯ TransformPluginContext.error node_modules/vite/dist/node/chunks/dep-D4NMHUTW.js:42525:16
 ❯ normalizeUrl node_modules/vite/dist/node/chunks/dep-D4NMHUTW.js:40504:23
 ❯ node_modules/vite/dist/node/chunks/dep-D4NMHUTW.js:40623:37
 ❯ TransformPluginContext.transform node_modules/vite/dist/node/chunks/dep-D4NMHUTW.js:40550:7
 ❯ EnvironmentPluginContainer.transform node_modules/vite/dist/node/chunks/dep-D4NMHUTW.js:42323:18
 ❯ loadAndTransform node_modules/vite/dist/node/chunks/dep-D4NMHUTW.js:35739:27
            </failure>
        </testcase>
    </testsuite>
    <testsuite name="tests/integration/actionDecision.test.js" timestamp="2026-01-05T22:48:00.563Z" hostname="MacBook-Pro-Piotr.local" tests="1" failures="1" errors="0" skipped="0" time="0">
        <testcase classname="tests/integration/actionDecision.test.js" name="tests/integration/actionDecision.test.js" time="0">
            <failure message="Cannot find module &apos;/Users/piotrwisniewski/Documents/Antygracity/DRD/consultify/server/src/config/index.js&apos; imported from /Users/piotrwisniewski/Documents/Antygracity/DRD/consultify/server/src/index.ts" type="Error">
Error: Cannot find module &apos;/Users/piotrwisniewski/Documents/Antygracity/DRD/consultify/server/src/config/index.js&apos; imported from /Users/piotrwisniewski/Documents/Antygracity/DRD/consultify/server/src/index.ts
⎯⎯⎯⎯⎯⎯⎯⎯⎯⎯⎯⎯⎯⎯⎯⎯⎯⎯⎯⎯⎯⎯⎯⎯⎯⎯⎯⎯⎯⎯
Serialized Error: { code: &apos;ERR_MODULE_NOT_FOUND&apos;, url: &apos;file:///Users/piotrwisniewski/Documents/Antygracity/DRD/consultify/server/src/config/index.js&apos; }
            </failure>
        </testcase>
    </testsuite>
    <testsuite name="tests/integration/actionExecution.test.js" timestamp="2026-01-05T22:48:00.563Z" hostname="MacBook-Pro-Piotr.local" tests="1" failures="1" errors="0" skipped="0" time="0">
        <testcase classname="tests/integration/actionExecution.test.js" name="tests/integration/actionExecution.test.js" time="0">
            <failure message="Cannot find module &apos;/Users/piotrwisniewski/Documents/Antygracity/DRD/consultify/server/src/config/index.js&apos; imported from /Users/piotrwisniewski/Documents/Antygracity/DRD/consultify/server/src/index.ts" type="Error">
Error: Cannot find module &apos;/Users/piotrwisniewski/Documents/Antygracity/DRD/consultify/server/src/config/index.js&apos; imported from /Users/piotrwisniewski/Documents/Antygracity/DRD/consultify/server/src/index.ts
⎯⎯⎯⎯⎯⎯⎯⎯⎯⎯⎯⎯⎯⎯⎯⎯⎯⎯⎯⎯⎯⎯⎯⎯⎯⎯⎯⎯⎯⎯
Serialized Error: { code: &apos;ERR_MODULE_NOT_FOUND&apos;, url: &apos;file:///Users/piotrwisniewski/Documents/Antygracity/DRD/consultify/server/src/config/index.js&apos; }
            </failure>
        </testcase>
    </testsuite>
    <testsuite name="tests/integration/ai-enterprise-verification.test.js" timestamp="2026-01-05T22:48:00.563Z" hostname="MacBook-Pro-Piotr.local" tests="50" failures="48" errors="0" skipped="0" time="0.019463042">
        <testcase classname="tests/integration/ai-enterprise-verification.test.js" name="RAG Excellence Verification &gt; 1.1 Hybrid Search (BM25 + Vector) &gt; should have ragService with hybrid search capability" time="0.003315">
            <failure message="ENOENT: no such file or directory, open &apos;/Users/piotrwisniewski/Documents/Antygracity/DRD/consultify/server/services/ragService.js&apos;" type="Error">
Error: ENOENT: no such file or directory, open &apos;/Users/piotrwisniewski/Documents/Antygracity/DRD/consultify/server/services/ragService.js&apos;
 ❯ tests/integration/ai-enterprise-verification.test.js:34:32

⎯⎯⎯⎯⎯⎯⎯⎯⎯⎯⎯⎯⎯⎯⎯⎯⎯⎯⎯⎯⎯⎯⎯⎯⎯⎯⎯⎯⎯⎯
Serialized Error: { errno: -2, code: &apos;ENOENT&apos;, syscall: &apos;open&apos;, path: &apos;/Users/piotrwisniewski/Documents/Antygracity/DRD/consultify/server/services/ragService.js&apos; }
            </failure>
            <failure message="ENOENT: no such file or directory, open &apos;/Users/piotrwisniewski/Documents/Antygracity/DRD/consultify/server/services/ragService.js&apos;" type="Error">
Error: ENOENT: no such file or directory, open &apos;/Users/piotrwisniewski/Documents/Antygracity/DRD/consultify/server/services/ragService.js&apos;
 ❯ tests/integration/ai-enterprise-verification.test.js:34:32

⎯⎯⎯⎯⎯⎯⎯⎯⎯⎯⎯⎯⎯⎯⎯⎯⎯⎯⎯⎯⎯⎯⎯⎯⎯⎯⎯⎯⎯⎯
Serialized Error: { errno: -2, code: &apos;ENOENT&apos;, syscall: &apos;open&apos;, path: &apos;/Users/piotrwisniewski/Documents/Antygracity/DRD/consultify/server/services/ragService.js&apos; }
            </failure>
        </testcase>
        <testcase classname="tests/integration/ai-enterprise-verification.test.js" name="RAG Excellence Verification &gt; 1.1 Hybrid Search (BM25 + Vector) &gt; should have weighted scoring logic" time="0.000323792">
            <failure message="ENOENT: no such file or directory, open &apos;/Users/piotrwisniewski/Documents/Antygracity/DRD/consultify/server/services/ragService.js&apos;" type="Error">
Error: ENOENT: no such file or directory, open &apos;/Users/piotrwisniewski/Documents/Antygracity/DRD/consultify/server/services/ragService.js&apos;
 ❯ tests/integration/ai-enterprise-verification.test.js:42:32

⎯⎯⎯⎯⎯⎯⎯⎯⎯⎯⎯⎯⎯⎯⎯⎯⎯⎯⎯⎯⎯⎯⎯⎯⎯⎯⎯⎯⎯⎯
Serialized Error: { errno: -2, code: &apos;ENOENT&apos;, syscall: &apos;open&apos;, path: &apos;/Users/piotrwisniewski/Documents/Antygracity/DRD/consultify/server/services/ragService.js&apos; }
            </failure>
            <failure message="ENOENT: no such file or directory, open &apos;/Users/piotrwisniewski/Documents/Antygracity/DRD/consultify/server/services/ragService.js&apos;" type="Error">
Error: ENOENT: no such file or directory, open &apos;/Users/piotrwisniewski/Documents/Antygracity/DRD/consultify/server/services/ragService.js&apos;
 ❯ tests/integration/ai-enterprise-verification.test.js:42:32

⎯⎯⎯⎯⎯⎯⎯⎯⎯⎯⎯⎯⎯⎯⎯⎯⎯⎯⎯⎯⎯⎯⎯⎯⎯⎯⎯⎯⎯⎯
Serialized Error: { errno: -2, code: &apos;ENOENT&apos;, syscall: &apos;open&apos;, path: &apos;/Users/piotrwisniewski/Documents/Antygracity/DRD/consultify/server/services/ragService.js&apos; }
            </failure>
        </testcase>
        <testcase classname="tests/integration/ai-enterprise-verification.test.js" name="RAG Excellence Verification &gt; 1.2 LLM Re-ranking Service &gt; should have rerankerService file" time="0.0017805">
            <failure message="expected false to be true // Object.is equality" type="AssertionError">
AssertionError: expected false to be true // Object.is equality

- Expected
+ Received

- true
+ false

 ❯ tests/integration/ai-enterprise-verification.test.js:52:49
            </failure>
            <failure message="expected false to be true // Object.is equality" type="AssertionError">
AssertionError: expected false to be true // Object.is equality

- Expected
+ Received

- true
+ false

 ❯ tests/integration/ai-enterprise-verification.test.js:52:49
            </failure>
        </testcase>
        <testcase classname="tests/integration/ai-enterprise-verification.test.js" name="RAG Excellence Verification &gt; 1.2 LLM Re-ranking Service &gt; should export rerankDocuments function" time="0.000249791">
            <failure message="ENOENT: no such file or directory, open &apos;/Users/piotrwisniewski/Documents/Antygracity/DRD/consultify/server/services/ai/rerankerService.js&apos;" type="Error">
Error: ENOENT: no such file or directory, open &apos;/Users/piotrwisniewski/Documents/Antygracity/DRD/consultify/server/services/ai/rerankerService.js&apos;
 ❯ tests/integration/ai-enterprise-verification.test.js:57:32

⎯⎯⎯⎯⎯⎯⎯⎯⎯⎯⎯⎯⎯⎯⎯⎯⎯⎯⎯⎯⎯⎯⎯⎯⎯⎯⎯⎯⎯⎯
Serialized Error: { errno: -2, code: &apos;ENOENT&apos;, syscall: &apos;open&apos;, path: &apos;/Users/piotrwisniewski/Documents/Antygracity/DRD/consultify/server/services/ai/rerankerService.js&apos; }
            </failure>
            <failure message="ENOENT: no such file or directory, open &apos;/Users/piotrwisniewski/Documents/Antygracity/DRD/consultify/server/services/ai/rerankerService.js&apos;" type="Error">
Error: ENOENT: no such file or directory, open &apos;/Users/piotrwisniewski/Documents/Antygracity/DRD/consultify/server/services/ai/rerankerService.js&apos;
 ❯ tests/integration/ai-enterprise-verification.test.js:57:32

⎯⎯⎯⎯⎯⎯⎯⎯⎯⎯⎯⎯⎯⎯⎯⎯⎯⎯⎯⎯⎯⎯⎯⎯⎯⎯⎯⎯⎯⎯
Serialized Error: { errno: -2, code: &apos;ENOENT&apos;, syscall: &apos;open&apos;, path: &apos;/Users/piotrwisniewski/Documents/Antygracity/DRD/consultify/server/services/ai/rerankerService.js&apos; }
            </failure>
        </testcase>
        <testcase classname="tests/integration/ai-enterprise-verification.test.js" name="RAG Excellence Verification &gt; 1.3 Hallucination Detection &gt; should have ragMetricsService with detectHallucination" time="0.000232916">
            <failure message="ENOENT: no such file or directory, open &apos;/Users/piotrwisniewski/Documents/Antygracity/DRD/consultify/server/services/ai/ragMetricsService.js&apos;" type="Error">
Error: ENOENT: no such file or directory, open &apos;/Users/piotrwisniewski/Documents/Antygracity/DRD/consultify/server/services/ai/ragMetricsService.js&apos;
 ❯ tests/integration/ai-enterprise-verification.test.js:65:32

⎯⎯⎯⎯⎯⎯⎯⎯⎯⎯⎯⎯⎯⎯⎯⎯⎯⎯⎯⎯⎯⎯⎯⎯⎯⎯⎯⎯⎯⎯
Serialized Error: { errno: -2, code: &apos;ENOENT&apos;, syscall: &apos;open&apos;, path: &apos;/Users/piotrwisniewski/Documents/Antygracity/DRD/consultify/server/services/ai/ragMetricsService.js&apos; }
            </failure>
            <failure message="ENOENT: no such file or directory, open &apos;/Users/piotrwisniewski/Documents/Antygracity/DRD/consultify/server/services/ai/ragMetricsService.js&apos;" type="Error">
Error: ENOENT: no such file or directory, open &apos;/Users/piotrwisniewski/Documents/Antygracity/DRD/consultify/server/services/ai/ragMetricsService.js&apos;
 ❯ tests/integration/ai-enterprise-verification.test.js:65:32

⎯⎯⎯⎯⎯⎯⎯⎯⎯⎯⎯⎯⎯⎯⎯⎯⎯⎯⎯⎯⎯⎯⎯⎯⎯⎯⎯⎯⎯⎯
Serialized Error: { errno: -2, code: &apos;ENOENT&apos;, syscall: &apos;open&apos;, path: &apos;/Users/piotrwisniewski/Documents/Antygracity/DRD/consultify/server/services/ai/ragMetricsService.js&apos; }
            </failure>
        </testcase>
        <testcase classname="tests/integration/ai-enterprise-verification.test.js" name="RAG Excellence Verification &gt; 1.3 Hallucination Detection &gt; should have calculateGroundedness function" time="0.000196375">
            <failure message="ENOENT: no such file or directory, open &apos;/Users/piotrwisniewski/Documents/Antygracity/DRD/consultify/server/services/ai/ragMetricsService.js&apos;" type="Error">
Error: ENOENT: no such file or directory, open &apos;/Users/piotrwisniewski/Documents/Antygracity/DRD/consultify/server/services/ai/ragMetricsService.js&apos;
 ❯ tests/integration/ai-enterprise-verification.test.js:71:32

⎯⎯⎯⎯⎯⎯⎯⎯⎯⎯⎯⎯⎯⎯⎯⎯⎯⎯⎯⎯⎯⎯⎯⎯⎯⎯⎯⎯⎯⎯
Serialized Error: { errno: -2, code: &apos;ENOENT&apos;, syscall: &apos;open&apos;, path: &apos;/Users/piotrwisniewski/Documents/Antygracity/DRD/consultify/server/services/ai/ragMetricsService.js&apos; }
            </failure>
            <failure message="ENOENT: no such file or directory, open &apos;/Users/piotrwisniewski/Documents/Antygracity/DRD/consultify/server/services/ai/ragMetricsService.js&apos;" type="Error">
Error: ENOENT: no such file or directory, open &apos;/Users/piotrwisniewski/Documents/Antygracity/DRD/consultify/server/services/ai/ragMetricsService.js&apos;
 ❯ tests/integration/ai-enterprise-verification.test.js:71:32

⎯⎯⎯⎯⎯⎯⎯⎯⎯⎯⎯⎯⎯⎯⎯⎯⎯⎯⎯⎯⎯⎯⎯⎯⎯⎯⎯⎯⎯⎯
Serialized Error: { errno: -2, code: &apos;ENOENT&apos;, syscall: &apos;open&apos;, path: &apos;/Users/piotrwisniewski/Documents/Antygracity/DRD/consultify/server/services/ai/ragMetricsService.js&apos; }
            </failure>
        </testcase>
        <testcase classname="tests/integration/ai-enterprise-verification.test.js" name="RAG Excellence Verification &gt; 1.4 Citation Verification &gt; should have citationVerifier file" time="0.000390583">
            <failure message="expected false to be true // Object.is equality" type="AssertionError">
AssertionError: expected false to be true // Object.is equality

- Expected
+ Received

- true
+ false

 ❯ tests/integration/ai-enterprise-verification.test.js:79:49
            </failure>
            <failure message="expected false to be true // Object.is equality" type="AssertionError">
AssertionError: expected false to be true // Object.is equality

- Expected
+ Received

- true
+ false

 ❯ tests/integration/ai-enterprise-verification.test.js:79:49
            </failure>
        </testcase>
        <testcase classname="tests/integration/ai-enterprise-verification.test.js" name="RAG Excellence Verification &gt; 1.4 Citation Verification &gt; should have verifyCitations function" time="0.000192375">
            <failure message="ENOENT: no such file or directory, open &apos;/Users/piotrwisniewski/Documents/Antygracity/DRD/consultify/server/services/ai/citationVerifier.js&apos;" type="Error">
Error: ENOENT: no such file or directory, open &apos;/Users/piotrwisniewski/Documents/Antygracity/DRD/consultify/server/services/ai/citationVerifier.js&apos;
 ❯ tests/integration/ai-enterprise-verification.test.js:84:32

⎯⎯⎯⎯⎯⎯⎯⎯⎯⎯⎯⎯⎯⎯⎯⎯⎯⎯⎯⎯⎯⎯⎯⎯⎯⎯⎯⎯⎯⎯
Serialized Error: { errno: -2, code: &apos;ENOENT&apos;, syscall: &apos;open&apos;, path: &apos;/Users/piotrwisniewski/Documents/Antygracity/DRD/consultify/server/services/ai/citationVerifier.js&apos; }
            </failure>
            <failure message="ENOENT: no such file or directory, open &apos;/Users/piotrwisniewski/Documents/Antygracity/DRD/consultify/server/services/ai/citationVerifier.js&apos;" type="Error">
Error: ENOENT: no such file or directory, open &apos;/Users/piotrwisniewski/Documents/Antygracity/DRD/consultify/server/services/ai/citationVerifier.js&apos;
 ❯ tests/integration/ai-enterprise-verification.test.js:84:32

⎯⎯⎯⎯⎯⎯⎯⎯⎯⎯⎯⎯⎯⎯⎯⎯⎯⎯⎯⎯⎯⎯⎯⎯⎯⎯⎯⎯⎯⎯
Serialized Error: { errno: -2, code: &apos;ENOENT&apos;, syscall: &apos;open&apos;, path: &apos;/Users/piotrwisniewski/Documents/Antygracity/DRD/consultify/server/services/ai/citationVerifier.js&apos; }
            </failure>
        </testcase>
        <testcase classname="tests/integration/ai-enterprise-verification.test.js" name="Stability &amp; Reliability Verification &gt; 2.1 Circuit Breaker Consolidation &gt; should have circuitBreakerService file" time="0.000341625">
            <failure message="expected false to be true // Object.is equality" type="AssertionError">
AssertionError: expected false to be true // Object.is equality

- Expected
+ Received

- true
+ false

 ❯ tests/integration/ai-enterprise-verification.test.js:99:48
            </failure>
            <failure message="expected false to be true // Object.is equality" type="AssertionError">
AssertionError: expected false to be true // Object.is equality

- Expected
+ Received

- true
+ false

 ❯ tests/integration/ai-enterprise-verification.test.js:99:48
            </failure>
        </testcase>
        <testcase classname="tests/integration/ai-enterprise-verification.test.js" name="Stability &amp; Reliability Verification &gt; 2.1 Circuit Breaker Consolidation &gt; should have execute and getBreaker functions" time="0.00018175">
            <failure message="ENOENT: no such file or directory, open &apos;/Users/piotrwisniewski/Documents/Antygracity/DRD/consultify/server/services/circuitBreakerService.js&apos;" type="Error">
Error: ENOENT: no such file or directory, open &apos;/Users/piotrwisniewski/Documents/Antygracity/DRD/consultify/server/services/circuitBreakerService.js&apos;
 ❯ tests/integration/ai-enterprise-verification.test.js:104:32

⎯⎯⎯⎯⎯⎯⎯⎯⎯⎯⎯⎯⎯⎯⎯⎯⎯⎯⎯⎯⎯⎯⎯⎯⎯⎯⎯⎯⎯⎯
Serialized Error: { errno: -2, code: &apos;ENOENT&apos;, syscall: &apos;open&apos;, path: &apos;/Users/piotrwisniewski/Documents/Antygracity/DRD/consultify/server/services/circuitBreakerService.js&apos; }
            </failure>
            <failure message="ENOENT: no such file or directory, open &apos;/Users/piotrwisniewski/Documents/Antygracity/DRD/consultify/server/services/circuitBreakerService.js&apos;" type="Error">
Error: ENOENT: no such file or directory, open &apos;/Users/piotrwisniewski/Documents/Antygracity/DRD/consultify/server/services/circuitBreakerService.js&apos;
 ❯ tests/integration/ai-enterprise-verification.test.js:104:32

⎯⎯⎯⎯⎯⎯⎯⎯⎯⎯⎯⎯⎯⎯⎯⎯⎯⎯⎯⎯⎯⎯⎯⎯⎯⎯⎯⎯⎯⎯
Serialized Error: { errno: -2, code: &apos;ENOENT&apos;, syscall: &apos;open&apos;, path: &apos;/Users/piotrwisniewski/Documents/Antygracity/DRD/consultify/server/services/circuitBreakerService.js&apos; }
            </failure>
        </testcase>
        <testcase classname="tests/integration/ai-enterprise-verification.test.js" name="Stability &amp; Reliability Verification &gt; 2.1 Circuit Breaker Consolidation &gt; should have STATES" time="0.0001735">
            <failure message="ENOENT: no such file or directory, open &apos;/Users/piotrwisniewski/Documents/Antygracity/DRD/consultify/server/services/circuitBreakerService.js&apos;" type="Error">
Error: ENOENT: no such file or directory, open &apos;/Users/piotrwisniewski/Documents/Antygracity/DRD/consultify/server/services/circuitBreakerService.js&apos;
 ❯ tests/integration/ai-enterprise-verification.test.js:111:32

⎯⎯⎯⎯⎯⎯⎯⎯⎯⎯⎯⎯⎯⎯⎯⎯⎯⎯⎯⎯⎯⎯⎯⎯⎯⎯⎯⎯⎯⎯
Serialized Error: { errno: -2, code: &apos;ENOENT&apos;, syscall: &apos;open&apos;, path: &apos;/Users/piotrwisniewski/Documents/Antygracity/DRD/consultify/server/services/circuitBreakerService.js&apos; }
            </failure>
            <failure message="ENOENT: no such file or directory, open &apos;/Users/piotrwisniewski/Documents/Antygracity/DRD/consultify/server/services/circuitBreakerService.js&apos;" type="Error">
Error: ENOENT: no such file or directory, open &apos;/Users/piotrwisniewski/Documents/Antygracity/DRD/consultify/server/services/circuitBreakerService.js&apos;
 ❯ tests/integration/ai-enterprise-verification.test.js:111:32

⎯⎯⎯⎯⎯⎯⎯⎯⎯⎯⎯⎯⎯⎯⎯⎯⎯⎯⎯⎯⎯⎯⎯⎯⎯⎯⎯⎯⎯⎯
Serialized Error: { errno: -2, code: &apos;ENOENT&apos;, syscall: &apos;open&apos;, path: &apos;/Users/piotrwisniewski/Documents/Antygracity/DRD/consultify/server/services/circuitBreakerService.js&apos; }
            </failure>
        </testcase>
        <testcase classname="tests/integration/ai-enterprise-verification.test.js" name="Stability &amp; Reliability Verification &gt; 2.2 Streaming Resilience &gt; should have partial response handling in ai routes" time="0.000176708">
            <failure message="ENOENT: no such file or directory, open &apos;/Users/piotrwisniewski/Documents/Antygracity/DRD/consultify/server/routes/ai.js&apos;" type="Error">
Error: ENOENT: no such file or directory, open &apos;/Users/piotrwisniewski/Documents/Antygracity/DRD/consultify/server/routes/ai.js&apos;
 ❯ tests/integration/ai-enterprise-verification.test.js:119:32

⎯⎯⎯⎯⎯⎯⎯⎯⎯⎯⎯⎯⎯⎯⎯⎯⎯⎯⎯⎯⎯⎯⎯⎯⎯⎯⎯⎯⎯⎯
Serialized Error: { errno: -2, code: &apos;ENOENT&apos;, syscall: &apos;open&apos;, path: &apos;/Users/piotrwisniewski/Documents/Antygracity/DRD/consultify/server/routes/ai.js&apos; }
            </failure>
            <failure message="ENOENT: no such file or directory, open &apos;/Users/piotrwisniewski/Documents/Antygracity/DRD/consultify/server/routes/ai.js&apos;" type="Error">
Error: ENOENT: no such file or directory, open &apos;/Users/piotrwisniewski/Documents/Antygracity/DRD/consultify/server/routes/ai.js&apos;
 ❯ tests/integration/ai-enterprise-verification.test.js:119:32

⎯⎯⎯⎯⎯⎯⎯⎯⎯⎯⎯⎯⎯⎯⎯⎯⎯⎯⎯⎯⎯⎯⎯⎯⎯⎯⎯⎯⎯⎯
Serialized Error: { errno: -2, code: &apos;ENOENT&apos;, syscall: &apos;open&apos;, path: &apos;/Users/piotrwisniewski/Documents/Antygracity/DRD/consultify/server/routes/ai.js&apos; }
            </failure>
        </testcase>
        <testcase classname="tests/integration/ai-enterprise-verification.test.js" name="Stability &amp; Reliability Verification &gt; 2.3 Auto-Recovery Enhancement &gt; circuit breaker should have configuration capability" time="0.000171833">
            <failure message="ENOENT: no such file or directory, open &apos;/Users/piotrwisniewski/Documents/Antygracity/DRD/consultify/server/services/ai/circuitBreaker.js&apos;" type="Error">
Error: ENOENT: no such file or directory, open &apos;/Users/piotrwisniewski/Documents/Antygracity/DRD/consultify/server/services/ai/circuitBreaker.js&apos;
 ❯ tests/integration/ai-enterprise-verification.test.js:128:32

⎯⎯⎯⎯⎯⎯⎯⎯⎯⎯⎯⎯⎯⎯⎯⎯⎯⎯⎯⎯⎯⎯⎯⎯⎯⎯⎯⎯⎯⎯
Serialized Error: { errno: -2, code: &apos;ENOENT&apos;, syscall: &apos;open&apos;, path: &apos;/Users/piotrwisniewski/Documents/Antygracity/DRD/consultify/server/services/ai/circuitBreaker.js&apos; }
            </failure>
            <failure message="ENOENT: no such file or directory, open &apos;/Users/piotrwisniewski/Documents/Antygracity/DRD/consultify/server/services/ai/circuitBreaker.js&apos;" type="Error">
Error: ENOENT: no such file or directory, open &apos;/Users/piotrwisniewski/Documents/Antygracity/DRD/consultify/server/services/ai/circuitBreaker.js&apos;
 ❯ tests/integration/ai-enterprise-verification.test.js:128:32

⎯⎯⎯⎯⎯⎯⎯⎯⎯⎯⎯⎯⎯⎯⎯⎯⎯⎯⎯⎯⎯⎯⎯⎯⎯⎯⎯⎯⎯⎯
Serialized Error: { errno: -2, code: &apos;ENOENT&apos;, syscall: &apos;open&apos;, path: &apos;/Users/piotrwisniewski/Documents/Antygracity/DRD/consultify/server/services/ai/circuitBreaker.js&apos; }
            </failure>
        </testcase>
        <testcase classname="tests/integration/ai-enterprise-verification.test.js" name="Stability &amp; Reliability Verification &gt; 2.3 Auto-Recovery Enhancement &gt; should support health check probes" time="0.000181291">
            <failure message="ENOENT: no such file or directory, open &apos;/Users/piotrwisniewski/Documents/Antygracity/DRD/consultify/server/services/ai/circuitBreaker.js&apos;" type="Error">
Error: ENOENT: no such file or directory, open &apos;/Users/piotrwisniewski/Documents/Antygracity/DRD/consultify/server/services/ai/circuitBreaker.js&apos;
 ❯ tests/integration/ai-enterprise-verification.test.js:135:32

⎯⎯⎯⎯⎯⎯⎯⎯⎯⎯⎯⎯⎯⎯⎯⎯⎯⎯⎯⎯⎯⎯⎯⎯⎯⎯⎯⎯⎯⎯
Serialized Error: { errno: -2, code: &apos;ENOENT&apos;, syscall: &apos;open&apos;, path: &apos;/Users/piotrwisniewski/Documents/Antygracity/DRD/consultify/server/services/ai/circuitBreaker.js&apos; }
            </failure>
            <failure message="ENOENT: no such file or directory, open &apos;/Users/piotrwisniewski/Documents/Antygracity/DRD/consultify/server/services/ai/circuitBreaker.js&apos;" type="Error">
Error: ENOENT: no such file or directory, open &apos;/Users/piotrwisniewski/Documents/Antygracity/DRD/consultify/server/services/ai/circuitBreaker.js&apos;
 ❯ tests/integration/ai-enterprise-verification.test.js:135:32

⎯⎯⎯⎯⎯⎯⎯⎯⎯⎯⎯⎯⎯⎯⎯⎯⎯⎯⎯⎯⎯⎯⎯⎯⎯⎯⎯⎯⎯⎯
Serialized Error: { errno: -2, code: &apos;ENOENT&apos;, syscall: &apos;open&apos;, path: &apos;/Users/piotrwisniewski/Documents/Antygracity/DRD/consultify/server/services/ai/circuitBreaker.js&apos; }
            </failure>
        </testcase>
        <testcase classname="tests/integration/ai-enterprise-verification.test.js" name="Stability &amp; Reliability Verification &gt; 2.4 P95/P99 Latency Tracking &gt; should have latency recording in health service" time="0.000179709">
            <failure message="ENOENT: no such file or directory, open &apos;/Users/piotrwisniewski/Documents/Antygracity/DRD/consultify/server/services/ai/aiHealthService.js&apos;" type="Error">
Error: ENOENT: no such file or directory, open &apos;/Users/piotrwisniewski/Documents/Antygracity/DRD/consultify/server/services/ai/aiHealthService.js&apos;
 ❯ tests/integration/ai-enterprise-verification.test.js:143:32

⎯⎯⎯⎯⎯⎯⎯⎯⎯⎯⎯⎯⎯⎯⎯⎯⎯⎯⎯⎯⎯⎯⎯⎯⎯⎯⎯⎯⎯⎯
Serialized Error: { errno: -2, code: &apos;ENOENT&apos;, syscall: &apos;open&apos;, path: &apos;/Users/piotrwisniewski/Documents/Antygracity/DRD/consultify/server/services/ai/aiHealthService.js&apos; }
            </failure>
            <failure message="ENOENT: no such file or directory, open &apos;/Users/piotrwisniewski/Documents/Antygracity/DRD/consultify/server/services/ai/aiHealthService.js&apos;" type="Error">
Error: ENOENT: no such file or directory, open &apos;/Users/piotrwisniewski/Documents/Antygracity/DRD/consultify/server/services/ai/aiHealthService.js&apos;
 ❯ tests/integration/ai-enterprise-verification.test.js:143:32

⎯⎯⎯⎯⎯⎯⎯⎯⎯⎯⎯⎯⎯⎯⎯⎯⎯⎯⎯⎯⎯⎯⎯⎯⎯⎯⎯⎯⎯⎯
Serialized Error: { errno: -2, code: &apos;ENOENT&apos;, syscall: &apos;open&apos;, path: &apos;/Users/piotrwisniewski/Documents/Antygracity/DRD/consultify/server/services/ai/aiHealthService.js&apos; }
            </failure>
        </testcase>
        <testcase classname="tests/integration/ai-enterprise-verification.test.js" name="Stability &amp; Reliability Verification &gt; 2.4 P95/P99 Latency Tracking &gt; should have percentile calculation" time="0.000347375">
            <failure message="ENOENT: no such file or directory, open &apos;/Users/piotrwisniewski/Documents/Antygracity/DRD/consultify/server/services/ai/aiHealthService.js&apos;" type="Error">
Error: ENOENT: no such file or directory, open &apos;/Users/piotrwisniewski/Documents/Antygracity/DRD/consultify/server/services/ai/aiHealthService.js&apos;
 ❯ tests/integration/ai-enterprise-verification.test.js:149:32

⎯⎯⎯⎯⎯⎯⎯⎯⎯⎯⎯⎯⎯⎯⎯⎯⎯⎯⎯⎯⎯⎯⎯⎯⎯⎯⎯⎯⎯⎯
Serialized Error: { errno: -2, code: &apos;ENOENT&apos;, syscall: &apos;open&apos;, path: &apos;/Users/piotrwisniewski/Documents/Antygracity/DRD/consultify/server/services/ai/aiHealthService.js&apos; }
            </failure>
            <failure message="ENOENT: no such file or directory, open &apos;/Users/piotrwisniewski/Documents/Antygracity/DRD/consultify/server/services/ai/aiHealthService.js&apos;" type="Error">
Error: ENOENT: no such file or directory, open &apos;/Users/piotrwisniewski/Documents/Antygracity/DRD/consultify/server/services/ai/aiHealthService.js&apos;
 ❯ tests/integration/ai-enterprise-verification.test.js:149:32

⎯⎯⎯⎯⎯⎯⎯⎯⎯⎯⎯⎯⎯⎯⎯⎯⎯⎯⎯⎯⎯⎯⎯⎯⎯⎯⎯⎯⎯⎯
Serialized Error: { errno: -2, code: &apos;ENOENT&apos;, syscall: &apos;open&apos;, path: &apos;/Users/piotrwisniewski/Documents/Antygracity/DRD/consultify/server/services/ai/aiHealthService.js&apos; }
            </failure>
        </testcase>
        <testcase classname="tests/integration/ai-enterprise-verification.test.js" name="Stability &amp; Reliability Verification &gt; 2.5 Chaos Engineering Tests Exist &gt; should have chaos tests file" time="0.000459375">
            <failure message="expected false to be true // Object.is equality" type="AssertionError">
AssertionError: expected false to be true // Object.is equality

- Expected
+ Received

- true
+ false

 ❯ tests/integration/ai-enterprise-verification.test.js:157:50
            </failure>
            <failure message="expected false to be true // Object.is equality" type="AssertionError">
AssertionError: expected false to be true // Object.is equality

- Expected
+ Received

- true
+ false

 ❯ tests/integration/ai-enterprise-verification.test.js:157:50
            </failure>
        </testcase>
        <testcase classname="tests/integration/ai-enterprise-verification.test.js" name="Stability &amp; Reliability Verification &gt; 2.6 Distributed Tracing (OpenTelemetry) &gt; logger should have tracing capabilities" time="0.000345209">
            <failure message="ENOENT: no such file or directory, open &apos;/Users/piotrwisniewski/Documents/Antygracity/DRD/consultify/server/services/ai/logger.js&apos;" type="Error">
Error: ENOENT: no such file or directory, open &apos;/Users/piotrwisniewski/Documents/Antygracity/DRD/consultify/server/services/ai/logger.js&apos;
 ❯ tests/integration/ai-enterprise-verification.test.js:164:32

⎯⎯⎯⎯⎯⎯⎯⎯⎯⎯⎯⎯⎯⎯⎯⎯⎯⎯⎯⎯⎯⎯⎯⎯⎯⎯⎯⎯⎯⎯
Serialized Error: { errno: -2, code: &apos;ENOENT&apos;, syscall: &apos;open&apos;, path: &apos;/Users/piotrwisniewski/Documents/Antygracity/DRD/consultify/server/services/ai/logger.js&apos; }
            </failure>
            <failure message="ENOENT: no such file or directory, open &apos;/Users/piotrwisniewski/Documents/Antygracity/DRD/consultify/server/services/ai/logger.js&apos;" type="Error">
Error: ENOENT: no such file or directory, open &apos;/Users/piotrwisniewski/Documents/Antygracity/DRD/consultify/server/services/ai/logger.js&apos;
 ❯ tests/integration/ai-enterprise-verification.test.js:164:32

⎯⎯⎯⎯⎯⎯⎯⎯⎯⎯⎯⎯⎯⎯⎯⎯⎯⎯⎯⎯⎯⎯⎯⎯⎯⎯⎯⎯⎯⎯
Serialized Error: { errno: -2, code: &apos;ENOENT&apos;, syscall: &apos;open&apos;, path: &apos;/Users/piotrwisniewski/Documents/Antygracity/DRD/consultify/server/services/ai/logger.js&apos; }
            </failure>
        </testcase>
        <testcase classname="tests/integration/ai-enterprise-verification.test.js" name="Security &amp; Governance Verification &gt; 3.1 Multi-Tenant Security Tests Exist &gt; should have multi-tenant security tests" time="0.000163167">
        </testcase>
        <testcase classname="tests/integration/ai-enterprise-verification.test.js" name="Security &amp; Governance Verification &gt; 3.2 Penetration Test Suite Exists &gt; should have pentest suite" time="0.000434042">
            <failure message="expected false to be true // Object.is equality" type="AssertionError">
AssertionError: expected false to be true // Object.is equality

- Expected
+ Received

- true
+ false

 ❯ tests/integration/ai-enterprise-verification.test.js:186:45
            </failure>
            <failure message="expected false to be true // Object.is equality" type="AssertionError">
AssertionError: expected false to be true // Object.is equality

- Expected
+ Received

- true
+ false

 ❯ tests/integration/ai-enterprise-verification.test.js:186:45
            </failure>
        </testcase>
        <testcase classname="tests/integration/ai-enterprise-verification.test.js" name="Security &amp; Governance Verification &gt; 3.3 Secret Manager &gt; should have secretManager service file" time="0.000305417">
            <failure message="expected false to be true // Object.is equality" type="AssertionError">
AssertionError: expected false to be true // Object.is equality

- Expected
+ Received

- true
+ false

 ❯ tests/integration/ai-enterprise-verification.test.js:193:54
            </failure>
            <failure message="expected false to be true // Object.is equality" type="AssertionError">
AssertionError: expected false to be true // Object.is equality

- Expected
+ Received

- true
+ false

 ❯ tests/integration/ai-enterprise-verification.test.js:193:54
            </failure>
        </testcase>
        <testcase classname="tests/integration/ai-enterprise-verification.test.js" name="Security &amp; Governance Verification &gt; 3.3 Secret Manager &gt; should have secret rotation functionality" time="0.000281042">
            <failure message="ENOENT: no such file or directory, open &apos;/Users/piotrwisniewski/Documents/Antygracity/DRD/consultify/server/services/secretManager.js&apos;" type="Error">
Error: ENOENT: no such file or directory, open &apos;/Users/piotrwisniewski/Documents/Antygracity/DRD/consultify/server/services/secretManager.js&apos;
 ❯ tests/integration/ai-enterprise-verification.test.js:198:32

⎯⎯⎯⎯⎯⎯⎯⎯⎯⎯⎯⎯⎯⎯⎯⎯⎯⎯⎯⎯⎯⎯⎯⎯⎯⎯⎯⎯⎯⎯
Serialized Error: { errno: -2, code: &apos;ENOENT&apos;, syscall: &apos;open&apos;, path: &apos;/Users/piotrwisniewski/Documents/Antygracity/DRD/consultify/server/services/secretManager.js&apos; }
            </failure>
            <failure message="ENOENT: no such file or directory, open &apos;/Users/piotrwisniewski/Documents/Antygracity/DRD/consultify/server/services/secretManager.js&apos;" type="Error">
Error: ENOENT: no such file or directory, open &apos;/Users/piotrwisniewski/Documents/Antygracity/DRD/consultify/server/services/secretManager.js&apos;
 ❯ tests/integration/ai-enterprise-verification.test.js:198:32

⎯⎯⎯⎯⎯⎯⎯⎯⎯⎯⎯⎯⎯⎯⎯⎯⎯⎯⎯⎯⎯⎯⎯⎯⎯⎯⎯⎯⎯⎯
Serialized Error: { errno: -2, code: &apos;ENOENT&apos;, syscall: &apos;open&apos;, path: &apos;/Users/piotrwisniewski/Documents/Antygracity/DRD/consultify/server/services/secretManager.js&apos; }
            </failure>
        </testcase>
        <testcase classname="tests/integration/ai-enterprise-verification.test.js" name="Security &amp; Governance Verification &gt; 3.4 Encryption Audit &gt; should have encryption audit tests" time="0.0002705">
            <failure message="expected false to be true // Object.is equality" type="AssertionError">
AssertionError: expected false to be true // Object.is equality

- Expected
+ Received

- true
+ false

 ❯ tests/integration/ai-enterprise-verification.test.js:206:45
            </failure>
            <failure message="expected false to be true // Object.is equality" type="AssertionError">
AssertionError: expected false to be true // Object.is equality

- Expected
+ Received

- true
+ false

 ❯ tests/integration/ai-enterprise-verification.test.js:206:45
            </failure>
        </testcase>
        <testcase classname="tests/integration/ai-enterprise-verification.test.js" name="Security &amp; Governance Verification &gt; 3.5 Zero-Trust Verification &gt; should have zero-trust tests" time="0.000269333">
            <failure message="expected false to be true // Object.is equality" type="AssertionError">
AssertionError: expected false to be true // Object.is equality

- Expected
+ Received

- true
+ false

 ❯ tests/integration/ai-enterprise-verification.test.js:213:45
            </failure>
            <failure message="expected false to be true // Object.is equality" type="AssertionError">
AssertionError: expected false to be true // Object.is equality

- Expected
+ Received

- true
+ false

 ❯ tests/integration/ai-enterprise-verification.test.js:213:45
            </failure>
        </testcase>
        <testcase classname="tests/integration/ai-enterprise-verification.test.js" name="Functional Intelligence Verification &gt; 4.1 Memory Token Control &gt; should have estimateTokens function" time="0.000204875">
            <failure message="ENOENT: no such file or directory, open &apos;/Users/piotrwisniewski/Documents/Antygracity/DRD/consultify/server/services/aiMemoryManager.js&apos;" type="Error">
Error: ENOENT: no such file or directory, open &apos;/Users/piotrwisniewski/Documents/Antygracity/DRD/consultify/server/services/aiMemoryManager.js&apos;
 ❯ tests/integration/ai-enterprise-verification.test.js:227:32

⎯⎯⎯⎯⎯⎯⎯⎯⎯⎯⎯⎯⎯⎯⎯⎯⎯⎯⎯⎯⎯⎯⎯⎯⎯⎯⎯⎯⎯⎯
Serialized Error: { errno: -2, code: &apos;ENOENT&apos;, syscall: &apos;open&apos;, path: &apos;/Users/piotrwisniewski/Documents/Antygracity/DRD/consultify/server/services/aiMemoryManager.js&apos; }
            </failure>
            <failure message="ENOENT: no such file or directory, open &apos;/Users/piotrwisniewski/Documents/Antygracity/DRD/consultify/server/services/aiMemoryManager.js&apos;" type="Error">
Error: ENOENT: no such file or directory, open &apos;/Users/piotrwisniewski/Documents/Antygracity/DRD/consultify/server/services/aiMemoryManager.js&apos;
 ❯ tests/integration/ai-enterprise-verification.test.js:227:32

⎯⎯⎯⎯⎯⎯⎯⎯⎯⎯⎯⎯⎯⎯⎯⎯⎯⎯⎯⎯⎯⎯⎯⎯⎯⎯⎯⎯⎯⎯
Serialized Error: { errno: -2, code: &apos;ENOENT&apos;, syscall: &apos;open&apos;, path: &apos;/Users/piotrwisniewski/Documents/Antygracity/DRD/consultify/server/services/aiMemoryManager.js&apos; }
            </failure>
        </testcase>
        <testcase classname="tests/integration/ai-enterprise-verification.test.js" name="Functional Intelligence Verification &gt; 4.1 Memory Token Control &gt; should have trimMemory function" time="0.0002195">
            <failure message="ENOENT: no such file or directory, open &apos;/Users/piotrwisniewski/Documents/Antygracity/DRD/consultify/server/services/aiMemoryManager.js&apos;" type="Error">
Error: ENOENT: no such file or directory, open &apos;/Users/piotrwisniewski/Documents/Antygracity/DRD/consultify/server/services/aiMemoryManager.js&apos;
 ❯ tests/integration/ai-enterprise-verification.test.js:233:32

⎯⎯⎯⎯⎯⎯⎯⎯⎯⎯⎯⎯⎯⎯⎯⎯⎯⎯⎯⎯⎯⎯⎯⎯⎯⎯⎯⎯⎯⎯
Serialized Error: { errno: -2, code: &apos;ENOENT&apos;, syscall: &apos;open&apos;, path: &apos;/Users/piotrwisniewski/Documents/Antygracity/DRD/consultify/server/services/aiMemoryManager.js&apos; }
            </failure>
            <failure message="ENOENT: no such file or directory, open &apos;/Users/piotrwisniewski/Documents/Antygracity/DRD/consultify/server/services/aiMemoryManager.js&apos;" type="Error">
Error: ENOENT: no such file or directory, open &apos;/Users/piotrwisniewski/Documents/Antygracity/DRD/consultify/server/services/aiMemoryManager.js&apos;
 ❯ tests/integration/ai-enterprise-verification.test.js:233:32

⎯⎯⎯⎯⎯⎯⎯⎯⎯⎯⎯⎯⎯⎯⎯⎯⎯⎯⎯⎯⎯⎯⎯⎯⎯⎯⎯⎯⎯⎯
Serialized Error: { errno: -2, code: &apos;ENOENT&apos;, syscall: &apos;open&apos;, path: &apos;/Users/piotrwisniewski/Documents/Antygracity/DRD/consultify/server/services/aiMemoryManager.js&apos; }
            </failure>
        </testcase>
        <testcase classname="tests/integration/ai-enterprise-verification.test.js" name="Functional Intelligence Verification &gt; 4.2 Memory Cleanup &gt; should have cleanup functions" time="0.000212333">
            <failure message="ENOENT: no such file or directory, open &apos;/Users/piotrwisniewski/Documents/Antygracity/DRD/consultify/server/services/aiMemoryManager.js&apos;" type="Error">
Error: ENOENT: no such file or directory, open &apos;/Users/piotrwisniewski/Documents/Antygracity/DRD/consultify/server/services/aiMemoryManager.js&apos;
 ❯ tests/integration/ai-enterprise-verification.test.js:241:32

⎯⎯⎯⎯⎯⎯⎯⎯⎯⎯⎯⎯⎯⎯⎯⎯⎯⎯⎯⎯⎯⎯⎯⎯⎯⎯⎯⎯⎯⎯
Serialized Error: { errno: -2, code: &apos;ENOENT&apos;, syscall: &apos;open&apos;, path: &apos;/Users/piotrwisniewski/Documents/Antygracity/DRD/consultify/server/services/aiMemoryManager.js&apos; }
            </failure>
            <failure message="ENOENT: no such file or directory, open &apos;/Users/piotrwisniewski/Documents/Antygracity/DRD/consultify/server/services/aiMemoryManager.js&apos;" type="Error">
Error: ENOENT: no such file or directory, open &apos;/Users/piotrwisniewski/Documents/Antygracity/DRD/consultify/server/services/aiMemoryManager.js&apos;
 ❯ tests/integration/ai-enterprise-verification.test.js:241:32

⎯⎯⎯⎯⎯⎯⎯⎯⎯⎯⎯⎯⎯⎯⎯⎯⎯⎯⎯⎯⎯⎯⎯⎯⎯⎯⎯⎯⎯⎯
Serialized Error: { errno: -2, code: &apos;ENOENT&apos;, syscall: &apos;open&apos;, path: &apos;/Users/piotrwisniewski/Documents/Antygracity/DRD/consultify/server/services/aiMemoryManager.js&apos; }
            </failure>
        </testcase>
        <testcase classname="tests/integration/ai-enterprise-verification.test.js" name="Functional Intelligence Verification &gt; 4.3 Memory Relevance Filtering &gt; should have relevance filtering" time="0.000232459">
            <failure message="ENOENT: no such file or directory, open &apos;/Users/piotrwisniewski/Documents/Antygracity/DRD/consultify/server/services/aiMemoryManager.js&apos;" type="Error">
Error: ENOENT: no such file or directory, open &apos;/Users/piotrwisniewski/Documents/Antygracity/DRD/consultify/server/services/aiMemoryManager.js&apos;
 ❯ tests/integration/ai-enterprise-verification.test.js:249:32

⎯⎯⎯⎯⎯⎯⎯⎯⎯⎯⎯⎯⎯⎯⎯⎯⎯⎯⎯⎯⎯⎯⎯⎯⎯⎯⎯⎯⎯⎯
Serialized Error: { errno: -2, code: &apos;ENOENT&apos;, syscall: &apos;open&apos;, path: &apos;/Users/piotrwisniewski/Documents/Antygracity/DRD/consultify/server/services/aiMemoryManager.js&apos; }
            </failure>
            <failure message="ENOENT: no such file or directory, open &apos;/Users/piotrwisniewski/Documents/Antygracity/DRD/consultify/server/services/aiMemoryManager.js&apos;" type="Error">
Error: ENOENT: no such file or directory, open &apos;/Users/piotrwisniewski/Documents/Antygracity/DRD/consultify/server/services/aiMemoryManager.js&apos;
 ❯ tests/integration/ai-enterprise-verification.test.js:249:32

⎯⎯⎯⎯⎯⎯⎯⎯⎯⎯⎯⎯⎯⎯⎯⎯⎯⎯⎯⎯⎯⎯⎯⎯⎯⎯⎯⎯⎯⎯
Serialized Error: { errno: -2, code: &apos;ENOENT&apos;, syscall: &apos;open&apos;, path: &apos;/Users/piotrwisniewski/Documents/Antygracity/DRD/consultify/server/services/aiMemoryManager.js&apos; }
            </failure>
        </testcase>
        <testcase classname="tests/integration/ai-enterprise-verification.test.js" name="Functional Intelligence Verification &gt; 4.4 Cost Control &gt; should have budget enforcement in orchestrator" time="0.000206333">
            <failure message="ENOENT: no such file or directory, open &apos;/Users/piotrwisniewski/Documents/Antygracity/DRD/consultify/server/services/aiOrchestrator.js&apos;" type="Error">
Error: ENOENT: no such file or directory, open &apos;/Users/piotrwisniewski/Documents/Antygracity/DRD/consultify/server/services/aiOrchestrator.js&apos;
 ❯ tests/integration/ai-enterprise-verification.test.js:257:32

⎯⎯⎯⎯⎯⎯⎯⎯⎯⎯⎯⎯⎯⎯⎯⎯⎯⎯⎯⎯⎯⎯⎯⎯⎯⎯⎯⎯⎯⎯
Serialized Error: { errno: -2, code: &apos;ENOENT&apos;, syscall: &apos;open&apos;, path: &apos;/Users/piotrwisniewski/Documents/Antygracity/DRD/consultify/server/services/aiOrchestrator.js&apos; }
            </failure>
            <failure message="ENOENT: no such file or directory, open &apos;/Users/piotrwisniewski/Documents/Antygracity/DRD/consultify/server/services/aiOrchestrator.js&apos;" type="Error">
Error: ENOENT: no such file or directory, open &apos;/Users/piotrwisniewski/Documents/Antygracity/DRD/consultify/server/services/aiOrchestrator.js&apos;
 ❯ tests/integration/ai-enterprise-verification.test.js:257:32

⎯⎯⎯⎯⎯⎯⎯⎯⎯⎯⎯⎯⎯⎯⎯⎯⎯⎯⎯⎯⎯⎯⎯⎯⎯⎯⎯⎯⎯⎯
Serialized Error: { errno: -2, code: &apos;ENOENT&apos;, syscall: &apos;open&apos;, path: &apos;/Users/piotrwisniewski/Documents/Antygracity/DRD/consultify/server/services/aiOrchestrator.js&apos; }
            </failure>
        </testcase>
        <testcase classname="tests/integration/ai-enterprise-verification.test.js" name="User Experience Verification &gt; 5.1 Feedback Integration &gt; UnifiedChatPanel should import InlineResponseFeedback" time="0.000249333">
            <failure message="ENOENT: no such file or directory, open &apos;/Users/piotrwisniewski/Documents/Antygracity/DRD/consultify/tests/integration/@/components/AIChat/UnifiedChatPanel.tsx&apos;" type="Error">
Error: ENOENT: no such file or directory, open &apos;/Users/piotrwisniewski/Documents/Antygracity/DRD/consultify/tests/integration/@/components/AIChat/UnifiedChatPanel.tsx&apos;
 ❯ tests/integration/ai-enterprise-verification.test.js:273:32

⎯⎯⎯⎯⎯⎯⎯⎯⎯⎯⎯⎯⎯⎯⎯⎯⎯⎯⎯⎯⎯⎯⎯⎯⎯⎯⎯⎯⎯⎯
Serialized Error: { errno: -2, code: &apos;ENOENT&apos;, syscall: &apos;open&apos;, path: &apos;/Users/piotrwisniewski/Documents/Antygracity/DRD/consultify/tests/integration/@/components/AIChat/UnifiedChatPanel.tsx&apos; }
            </failure>
            <failure message="ENOENT: no such file or directory, open &apos;/Users/piotrwisniewski/Documents/Antygracity/DRD/consultify/tests/integration/@/components/AIChat/UnifiedChatPanel.tsx&apos;" type="Error">
Error: ENOENT: no such file or directory, open &apos;/Users/piotrwisniewski/Documents/Antygracity/DRD/consultify/tests/integration/@/components/AIChat/UnifiedChatPanel.tsx&apos;
 ❯ tests/integration/ai-enterprise-verification.test.js:273:32

⎯⎯⎯⎯⎯⎯⎯⎯⎯⎯⎯⎯⎯⎯⎯⎯⎯⎯⎯⎯⎯⎯⎯⎯⎯⎯⎯⎯⎯⎯
Serialized Error: { errno: -2, code: &apos;ENOENT&apos;, syscall: &apos;open&apos;, path: &apos;/Users/piotrwisniewski/Documents/Antygracity/DRD/consultify/tests/integration/@/components/AIChat/UnifiedChatPanel.tsx&apos; }
            </failure>
        </testcase>
        <testcase classname="tests/integration/ai-enterprise-verification.test.js" name="User Experience Verification &gt; 5.1 Feedback Integration &gt; UnifiedChatPanel should have feedback handling" time="0.000226833">
            <failure message="ENOENT: no such file or directory, open &apos;/Users/piotrwisniewski/Documents/Antygracity/DRD/consultify/tests/integration/@/components/AIChat/UnifiedChatPanel.tsx&apos;" type="Error">
Error: ENOENT: no such file or directory, open &apos;/Users/piotrwisniewski/Documents/Antygracity/DRD/consultify/tests/integration/@/components/AIChat/UnifiedChatPanel.tsx&apos;
 ❯ tests/integration/ai-enterprise-verification.test.js:280:32

⎯⎯⎯⎯⎯⎯⎯⎯⎯⎯⎯⎯⎯⎯⎯⎯⎯⎯⎯⎯⎯⎯⎯⎯⎯⎯⎯⎯⎯⎯
Serialized Error: { errno: -2, code: &apos;ENOENT&apos;, syscall: &apos;open&apos;, path: &apos;/Users/piotrwisniewski/Documents/Antygracity/DRD/consultify/tests/integration/@/components/AIChat/UnifiedChatPanel.tsx&apos; }
            </failure>
            <failure message="ENOENT: no such file or directory, open &apos;/Users/piotrwisniewski/Documents/Antygracity/DRD/consultify/tests/integration/@/components/AIChat/UnifiedChatPanel.tsx&apos;" type="Error">
Error: ENOENT: no such file or directory, open &apos;/Users/piotrwisniewski/Documents/Antygracity/DRD/consultify/tests/integration/@/components/AIChat/UnifiedChatPanel.tsx&apos;
 ❯ tests/integration/ai-enterprise-verification.test.js:280:32

⎯⎯⎯⎯⎯⎯⎯⎯⎯⎯⎯⎯⎯⎯⎯⎯⎯⎯⎯⎯⎯⎯⎯⎯⎯⎯⎯⎯⎯⎯
Serialized Error: { errno: -2, code: &apos;ENOENT&apos;, syscall: &apos;open&apos;, path: &apos;/Users/piotrwisniewski/Documents/Antygracity/DRD/consultify/tests/integration/@/components/AIChat/UnifiedChatPanel.tsx&apos; }
            </failure>
        </testcase>
        <testcase classname="tests/integration/ai-enterprise-verification.test.js" name="User Experience Verification &gt; 5.2 Learning System Bug Fix &gt; aiService should check examples properly" time="0.000201">
            <failure message="ENOENT: no such file or directory, open &apos;/Users/piotrwisniewski/Documents/Antygracity/DRD/consultify/server/services/aiService.js&apos;" type="Error">
Error: ENOENT: no such file or directory, open &apos;/Users/piotrwisniewski/Documents/Antygracity/DRD/consultify/server/services/aiService.js&apos;
 ❯ tests/integration/ai-enterprise-verification.test.js:289:32

⎯⎯⎯⎯⎯⎯⎯⎯⎯⎯⎯⎯⎯⎯⎯⎯⎯⎯⎯⎯⎯⎯⎯⎯⎯⎯⎯⎯⎯⎯
Serialized Error: { errno: -2, code: &apos;ENOENT&apos;, syscall: &apos;open&apos;, path: &apos;/Users/piotrwisniewski/Documents/Antygracity/DRD/consultify/server/services/aiService.js&apos; }
            </failure>
            <failure message="ENOENT: no such file or directory, open &apos;/Users/piotrwisniewski/Documents/Antygracity/DRD/consultify/server/services/aiService.js&apos;" type="Error">
Error: ENOENT: no such file or directory, open &apos;/Users/piotrwisniewski/Documents/Antygracity/DRD/consultify/server/services/aiService.js&apos;
 ❯ tests/integration/ai-enterprise-verification.test.js:289:32

⎯⎯⎯⎯⎯⎯⎯⎯⎯⎯⎯⎯⎯⎯⎯⎯⎯⎯⎯⎯⎯⎯⎯⎯⎯⎯⎯⎯⎯⎯
Serialized Error: { errno: -2, code: &apos;ENOENT&apos;, syscall: &apos;open&apos;, path: &apos;/Users/piotrwisniewski/Documents/Antygracity/DRD/consultify/server/services/aiService.js&apos; }
            </failure>
        </testcase>
        <testcase classname="tests/integration/ai-enterprise-verification.test.js" name="User Experience Verification &gt; 5.3 Proactive Suggestions Service &gt; should have proactiveSuggestionsService file" time="0.000262208">
            <failure message="expected false to be true // Object.is equality" type="AssertionError">
AssertionError: expected false to be true // Object.is equality

- Expected
+ Received

- true
+ false

 ❯ tests/integration/ai-enterprise-verification.test.js:299:48
            </failure>
            <failure message="expected false to be true // Object.is equality" type="AssertionError">
AssertionError: expected false to be true // Object.is equality

- Expected
+ Received

- true
+ false

 ❯ tests/integration/ai-enterprise-verification.test.js:299:48
            </failure>
        </testcase>
        <testcase classname="tests/integration/ai-enterprise-verification.test.js" name="User Experience Verification &gt; 5.3 Proactive Suggestions Service &gt; should have generateSuggestions function" time="0.000209167">
            <failure message="ENOENT: no such file or directory, open &apos;/Users/piotrwisniewski/Documents/Antygracity/DRD/consultify/server/services/ai/proactiveSuggestionsService.js&apos;" type="Error">
Error: ENOENT: no such file or directory, open &apos;/Users/piotrwisniewski/Documents/Antygracity/DRD/consultify/server/services/ai/proactiveSuggestionsService.js&apos;
 ❯ tests/integration/ai-enterprise-verification.test.js:304:32

⎯⎯⎯⎯⎯⎯⎯⎯⎯⎯⎯⎯⎯⎯⎯⎯⎯⎯⎯⎯⎯⎯⎯⎯⎯⎯⎯⎯⎯⎯
Serialized Error: { errno: -2, code: &apos;ENOENT&apos;, syscall: &apos;open&apos;, path: &apos;/Users/piotrwisniewski/Documents/Antygracity/DRD/consultify/server/services/ai/proactiveSuggestionsService.js&apos; }
            </failure>
            <failure message="ENOENT: no such file or directory, open &apos;/Users/piotrwisniewski/Documents/Antygracity/DRD/consultify/server/services/ai/proactiveSuggestionsService.js&apos;" type="Error">
Error: ENOENT: no such file or directory, open &apos;/Users/piotrwisniewski/Documents/Antygracity/DRD/consultify/server/services/ai/proactiveSuggestionsService.js&apos;
 ❯ tests/integration/ai-enterprise-verification.test.js:304:32

⎯⎯⎯⎯⎯⎯⎯⎯⎯⎯⎯⎯⎯⎯⎯⎯⎯⎯⎯⎯⎯⎯⎯⎯⎯⎯⎯⎯⎯⎯
Serialized Error: { errno: -2, code: &apos;ENOENT&apos;, syscall: &apos;open&apos;, path: &apos;/Users/piotrwisniewski/Documents/Antygracity/DRD/consultify/server/services/ai/proactiveSuggestionsService.js&apos; }
            </failure>
        </testcase>
        <testcase classname="tests/integration/ai-enterprise-verification.test.js" name="User Experience Verification &gt; 5.4 Response Quality Service &gt; should have responseQualityService file" time="0.000273875">
            <failure message="expected false to be true // Object.is equality" type="AssertionError">
AssertionError: expected false to be true // Object.is equality

- Expected
+ Received

- true
+ false

 ❯ tests/integration/ai-enterprise-verification.test.js:312:48
            </failure>
            <failure message="expected false to be true // Object.is equality" type="AssertionError">
AssertionError: expected false to be true // Object.is equality

- Expected
+ Received

- true
+ false

 ❯ tests/integration/ai-enterprise-verification.test.js:312:48
            </failure>
        </testcase>
        <testcase classname="tests/integration/ai-enterprise-verification.test.js" name="User Experience Verification &gt; 5.4 Response Quality Service &gt; should have calculateQuality function" time="0.000237959">
            <failure message="ENOENT: no such file or directory, open &apos;/Users/piotrwisniewski/Documents/Antygracity/DRD/consultify/server/services/ai/responseQualityService.js&apos;" type="Error">
Error: ENOENT: no such file or directory, open &apos;/Users/piotrwisniewski/Documents/Antygracity/DRD/consultify/server/services/ai/responseQualityService.js&apos;
 ❯ tests/integration/ai-enterprise-verification.test.js:317:32

⎯⎯⎯⎯⎯⎯⎯⎯⎯⎯⎯⎯⎯⎯⎯⎯⎯⎯⎯⎯⎯⎯⎯⎯⎯⎯⎯⎯⎯⎯
Serialized Error: { errno: -2, code: &apos;ENOENT&apos;, syscall: &apos;open&apos;, path: &apos;/Users/piotrwisniewski/Documents/Antygracity/DRD/consultify/server/services/ai/responseQualityService.js&apos; }
            </failure>
            <failure message="ENOENT: no such file or directory, open &apos;/Users/piotrwisniewski/Documents/Antygracity/DRD/consultify/server/services/ai/responseQualityService.js&apos;" type="Error">
Error: ENOENT: no such file or directory, open &apos;/Users/piotrwisniewski/Documents/Antygracity/DRD/consultify/server/services/ai/responseQualityService.js&apos;
 ❯ tests/integration/ai-enterprise-verification.test.js:317:32

⎯⎯⎯⎯⎯⎯⎯⎯⎯⎯⎯⎯⎯⎯⎯⎯⎯⎯⎯⎯⎯⎯⎯⎯⎯⎯⎯⎯⎯⎯
Serialized Error: { errno: -2, code: &apos;ENOENT&apos;, syscall: &apos;open&apos;, path: &apos;/Users/piotrwisniewski/Documents/Antygracity/DRD/consultify/server/services/ai/responseQualityService.js&apos; }
            </failure>
        </testcase>
        <testcase classname="tests/integration/ai-enterprise-verification.test.js" name="User Experience Verification &gt; 5.5 Personalization Engine &gt; aiMemoryManager should have personalization functions" time="0.000208291">
            <failure message="ENOENT: no such file or directory, open &apos;/Users/piotrwisniewski/Documents/Antygracity/DRD/consultify/server/services/aiMemoryManager.js&apos;" type="Error">
Error: ENOENT: no such file or directory, open &apos;/Users/piotrwisniewski/Documents/Antygracity/DRD/consultify/server/services/aiMemoryManager.js&apos;
 ❯ tests/integration/ai-enterprise-verification.test.js:325:32

⎯⎯⎯⎯⎯⎯⎯⎯⎯⎯⎯⎯⎯⎯⎯⎯⎯⎯⎯⎯⎯⎯⎯⎯⎯⎯⎯⎯⎯⎯
Serialized Error: { errno: -2, code: &apos;ENOENT&apos;, syscall: &apos;open&apos;, path: &apos;/Users/piotrwisniewski/Documents/Antygracity/DRD/consultify/server/services/aiMemoryManager.js&apos; }
            </failure>
            <failure message="ENOENT: no such file or directory, open &apos;/Users/piotrwisniewski/Documents/Antygracity/DRD/consultify/server/services/aiMemoryManager.js&apos;" type="Error">
Error: ENOENT: no such file or directory, open &apos;/Users/piotrwisniewski/Documents/Antygracity/DRD/consultify/server/services/aiMemoryManager.js&apos;
 ❯ tests/integration/ai-enterprise-verification.test.js:325:32

⎯⎯⎯⎯⎯⎯⎯⎯⎯⎯⎯⎯⎯⎯⎯⎯⎯⎯⎯⎯⎯⎯⎯⎯⎯⎯⎯⎯⎯⎯
Serialized Error: { errno: -2, code: &apos;ENOENT&apos;, syscall: &apos;open&apos;, path: &apos;/Users/piotrwisniewski/Documents/Antygracity/DRD/consultify/server/services/aiMemoryManager.js&apos; }
            </failure>
        </testcase>
        <testcase classname="tests/integration/ai-enterprise-verification.test.js" name="User Experience Verification &gt; 5.6 Pending Actions Indicator &gt; should have PendingActionsIndicator component" time="0.000276917">
            <failure message="expected false to be true // Object.is equality" type="AssertionError">
AssertionError: expected false to be true // Object.is equality

- Expected
+ Received

- true
+ false

 ❯ tests/integration/ai-enterprise-verification.test.js:334:50
            </failure>
            <failure message="expected false to be true // Object.is equality" type="AssertionError">
AssertionError: expected false to be true // Object.is equality

- Expected
+ Received

- true
+ false

 ❯ tests/integration/ai-enterprise-verification.test.js:334:50
            </failure>
        </testcase>
        <testcase classname="tests/integration/ai-enterprise-verification.test.js" name="User Experience Verification &gt; 5.7 Response Quality Indicator &gt; should have ResponseQualityIndicator component" time="0.000258958">
            <failure message="expected false to be true // Object.is equality" type="AssertionError">
AssertionError: expected false to be true // Object.is equality

- Expected
+ Received

- true
+ false

 ❯ tests/integration/ai-enterprise-verification.test.js:341:50
            </failure>
            <failure message="expected false to be true // Object.is equality" type="AssertionError">
AssertionError: expected false to be true // Object.is equality

- Expected
+ Received

- true
+ false

 ❯ tests/integration/ai-enterprise-verification.test.js:341:50
            </failure>
        </testcase>
        <testcase classname="tests/integration/ai-enterprise-verification.test.js" name="API Routes Verification &gt; 6.1 Proactive Suggestions Routes &gt; should have suggestions routes in ai.js" time="0.000234041">
            <failure message="ENOENT: no such file or directory, open &apos;/Users/piotrwisniewski/Documents/Antygracity/DRD/consultify/server/routes/ai.js&apos;" type="Error">
Error: ENOENT: no such file or directory, open &apos;/Users/piotrwisniewski/Documents/Antygracity/DRD/consultify/server/routes/ai.js&apos;
 ❯ tests/integration/ai-enterprise-verification.test.js:355:32

⎯⎯⎯⎯⎯⎯⎯⎯⎯⎯⎯⎯⎯⎯⎯⎯⎯⎯⎯⎯⎯⎯⎯⎯⎯⎯⎯⎯⎯⎯
Serialized Error: { errno: -2, code: &apos;ENOENT&apos;, syscall: &apos;open&apos;, path: &apos;/Users/piotrwisniewski/Documents/Antygracity/DRD/consultify/server/routes/ai.js&apos; }
            </failure>
            <failure message="ENOENT: no such file or directory, open &apos;/Users/piotrwisniewski/Documents/Antygracity/DRD/consultify/server/routes/ai.js&apos;" type="Error">
Error: ENOENT: no such file or directory, open &apos;/Users/piotrwisniewski/Documents/Antygracity/DRD/consultify/server/routes/ai.js&apos;
 ❯ tests/integration/ai-enterprise-verification.test.js:355:32

⎯⎯⎯⎯⎯⎯⎯⎯⎯⎯⎯⎯⎯⎯⎯⎯⎯⎯⎯⎯⎯⎯⎯⎯⎯⎯⎯⎯⎯⎯
Serialized Error: { errno: -2, code: &apos;ENOENT&apos;, syscall: &apos;open&apos;, path: &apos;/Users/piotrwisniewski/Documents/Antygracity/DRD/consultify/server/routes/ai.js&apos; }
            </failure>
        </testcase>
        <testcase classname="tests/integration/ai-enterprise-verification.test.js" name="API Routes Verification &gt; 6.2 Quality Routes &gt; should have quality routes in ai.js" time="0.000213291">
            <failure message="ENOENT: no such file or directory, open &apos;/Users/piotrwisniewski/Documents/Antygracity/DRD/consultify/server/routes/ai.js&apos;" type="Error">
Error: ENOENT: no such file or directory, open &apos;/Users/piotrwisniewski/Documents/Antygracity/DRD/consultify/server/routes/ai.js&apos;
 ❯ tests/integration/ai-enterprise-verification.test.js:366:32

⎯⎯⎯⎯⎯⎯⎯⎯⎯⎯⎯⎯⎯⎯⎯⎯⎯⎯⎯⎯⎯⎯⎯⎯⎯⎯⎯⎯⎯⎯
Serialized Error: { errno: -2, code: &apos;ENOENT&apos;, syscall: &apos;open&apos;, path: &apos;/Users/piotrwisniewski/Documents/Antygracity/DRD/consultify/server/routes/ai.js&apos; }
            </failure>
            <failure message="ENOENT: no such file or directory, open &apos;/Users/piotrwisniewski/Documents/Antygracity/DRD/consultify/server/routes/ai.js&apos;" type="Error">
Error: ENOENT: no such file or directory, open &apos;/Users/piotrwisniewski/Documents/Antygracity/DRD/consultify/server/routes/ai.js&apos;
 ❯ tests/integration/ai-enterprise-verification.test.js:366:32

⎯⎯⎯⎯⎯⎯⎯⎯⎯⎯⎯⎯⎯⎯⎯⎯⎯⎯⎯⎯⎯⎯⎯⎯⎯⎯⎯⎯⎯⎯
Serialized Error: { errno: -2, code: &apos;ENOENT&apos;, syscall: &apos;open&apos;, path: &apos;/Users/piotrwisniewski/Documents/Antygracity/DRD/consultify/server/routes/ai.js&apos; }
            </failure>
        </testcase>
        <testcase classname="tests/integration/ai-enterprise-verification.test.js" name="Database Migrations Verification &gt; should have partial responses migration" time="0.000398458">
            <failure message="expected false to be true // Object.is equality" type="AssertionError">
AssertionError: expected false to be true // Object.is equality

- Expected
+ Received

- true
+ false

 ❯ tests/integration/ai-enterprise-verification.test.js:385:37
            </failure>
            <failure message="expected false to be true // Object.is equality" type="AssertionError">
AssertionError: expected false to be true // Object.is equality

- Expected
+ Received

- true
+ false

 ❯ tests/integration/ai-enterprise-verification.test.js:385:37
            </failure>
        </testcase>
        <testcase classname="tests/integration/ai-enterprise-verification.test.js" name="Database Migrations Verification &gt; should have latency metrics migration" time="0.000362208">
            <failure message="expected false to be true // Object.is equality" type="AssertionError">
AssertionError: expected false to be true // Object.is equality

- Expected
+ Received

- true
+ false

 ❯ tests/integration/ai-enterprise-verification.test.js:391:35
            </failure>
            <failure message="expected false to be true // Object.is equality" type="AssertionError">
AssertionError: expected false to be true // Object.is equality

- Expected
+ Received

- true
+ false

 ❯ tests/integration/ai-enterprise-verification.test.js:391:35
            </failure>
        </testcase>
        <testcase classname="tests/integration/ai-enterprise-verification.test.js" name="Database Migrations Verification &gt; should have memory metrics migration" time="0.000366917">
            <failure message="expected false to be true // Object.is equality" type="AssertionError">
AssertionError: expected false to be true // Object.is equality

- Expected
+ Received

- true
+ false

 ❯ tests/integration/ai-enterprise-verification.test.js:397:34
            </failure>
            <failure message="expected false to be true // Object.is equality" type="AssertionError">
AssertionError: expected false to be true // Object.is equality

- Expected
+ Received

- true
+ false

 ❯ tests/integration/ai-enterprise-verification.test.js:397:34
            </failure>
        </testcase>
        <testcase classname="tests/integration/ai-enterprise-verification.test.js" name="Database Migrations Verification &gt; should have RAG quality metrics migration" time="0.000563208">
            <failure message="expected false to be true // Object.is equality" type="AssertionError">
AssertionError: expected false to be true // Object.is equality

- Expected
+ Received

- true
+ false

 ❯ tests/integration/ai-enterprise-verification.test.js:403:31
            </failure>
            <failure message="expected false to be true // Object.is equality" type="AssertionError">
AssertionError: expected false to be true // Object.is equality

- Expected
+ Received

- true
+ false

 ❯ tests/integration/ai-enterprise-verification.test.js:403:31
            </failure>
        </testcase>
        <testcase classname="tests/integration/ai-enterprise-verification.test.js" name="Database Migrations Verification &gt; should have citation verification migration" time="0.000389958">
            <failure message="expected false to be true // Object.is equality" type="AssertionError">
AssertionError: expected false to be true // Object.is equality

- Expected
+ Received

- true
+ false

 ❯ tests/integration/ai-enterprise-verification.test.js:409:41
            </failure>
            <failure message="expected false to be true // Object.is equality" type="AssertionError">
AssertionError: expected false to be true // Object.is equality

- Expected
+ Received

- true
+ false

 ❯ tests/integration/ai-enterprise-verification.test.js:409:41
            </failure>
        </testcase>
        <testcase classname="tests/integration/ai-enterprise-verification.test.js" name="Database Migrations Verification &gt; should have proactive suggestions migration" time="0.000371208">
            <failure message="expected false to be true // Object.is equality" type="AssertionError">
AssertionError: expected false to be true // Object.is equality

- Expected
+ Received

- true
+ false

 ❯ tests/integration/ai-enterprise-verification.test.js:415:32
            </failure>
            <failure message="expected false to be true // Object.is equality" type="AssertionError">
AssertionError: expected false to be true // Object.is equality

- Expected
+ Received

- true
+ false

 ❯ tests/integration/ai-enterprise-verification.test.js:415:32
            </failure>
        </testcase>
        <testcase classname="tests/integration/ai-enterprise-verification.test.js" name="Scheduled Jobs Verification &gt; scheduler should have memory cleanup job" time="0.00022675">
            <failure message="ENOENT: no such file or directory, open &apos;/Users/piotrwisniewski/Documents/Antygracity/DRD/consultify/server/cron/scheduler.js&apos;" type="Error">
Error: ENOENT: no such file or directory, open &apos;/Users/piotrwisniewski/Documents/Antygracity/DRD/consultify/server/cron/scheduler.js&apos;
 ❯ tests/integration/ai-enterprise-verification.test.js:427:28

⎯⎯⎯⎯⎯⎯⎯⎯⎯⎯⎯⎯⎯⎯⎯⎯⎯⎯⎯⎯⎯⎯⎯⎯⎯⎯⎯⎯⎯⎯
Serialized Error: { errno: -2, code: &apos;ENOENT&apos;, syscall: &apos;open&apos;, path: &apos;/Users/piotrwisniewski/Documents/Antygracity/DRD/consultify/server/cron/scheduler.js&apos; }
            </failure>
            <failure message="ENOENT: no such file or directory, open &apos;/Users/piotrwisniewski/Documents/Antygracity/DRD/consultify/server/cron/scheduler.js&apos;" type="Error">
Error: ENOENT: no such file or directory, open &apos;/Users/piotrwisniewski/Documents/Antygracity/DRD/consultify/server/cron/scheduler.js&apos;
 ❯ tests/integration/ai-enterprise-verification.test.js:427:28

⎯⎯⎯⎯⎯⎯⎯⎯⎯⎯⎯⎯⎯⎯⎯⎯⎯⎯⎯⎯⎯⎯⎯⎯⎯⎯⎯⎯⎯⎯
Serialized Error: { errno: -2, code: &apos;ENOENT&apos;, syscall: &apos;open&apos;, path: &apos;/Users/piotrwisniewski/Documents/Antygracity/DRD/consultify/server/cron/scheduler.js&apos; }
            </failure>
        </testcase>
        <testcase classname="tests/integration/ai-enterprise-verification.test.js" name="Scheduled Jobs Verification &gt; scheduler should have feedback consolidation job" time="0.000199167">
            <failure message="ENOENT: no such file or directory, open &apos;/Users/piotrwisniewski/Documents/Antygracity/DRD/consultify/server/cron/scheduler.js&apos;" type="Error">
Error: ENOENT: no such file or directory, open &apos;/Users/piotrwisniewski/Documents/Antygracity/DRD/consultify/server/cron/scheduler.js&apos;
 ❯ tests/integration/ai-enterprise-verification.test.js:435:28

⎯⎯⎯⎯⎯⎯⎯⎯⎯⎯⎯⎯⎯⎯⎯⎯⎯⎯⎯⎯⎯⎯⎯⎯⎯⎯⎯⎯⎯⎯
Serialized Error: { errno: -2, code: &apos;ENOENT&apos;, syscall: &apos;open&apos;, path: &apos;/Users/piotrwisniewski/Documents/Antygracity/DRD/consultify/server/cron/scheduler.js&apos; }
            </failure>
            <failure message="ENOENT: no such file or directory, open &apos;/Users/piotrwisniewski/Documents/Antygracity/DRD/consultify/server/cron/scheduler.js&apos;" type="Error">
Error: ENOENT: no such file or directory, open &apos;/Users/piotrwisniewski/Documents/Antygracity/DRD/consultify/server/cron/scheduler.js&apos;
 ❯ tests/integration/ai-enterprise-verification.test.js:435:28

⎯⎯⎯⎯⎯⎯⎯⎯⎯⎯⎯⎯⎯⎯⎯⎯⎯⎯⎯⎯⎯⎯⎯⎯⎯⎯⎯⎯⎯⎯
Serialized Error: { errno: -2, code: &apos;ENOENT&apos;, syscall: &apos;open&apos;, path: &apos;/Users/piotrwisniewski/Documents/Antygracity/DRD/consultify/server/cron/scheduler.js&apos; }
            </failure>
        </testcase>
        <testcase classname="tests/integration/ai-enterprise-verification.test.js" name="Implementation Summary &gt; All implementations present" time="0.000604292">
            <system-out>

✅ ALL IMPLEMENTATIONS VERIFIED:
================================
  ✅ hybridSearch
  ✅ reranker
  ✅ hallucinationDetection
  ✅ citationVerification
  ✅ circuitBreakerConsolidation
  ✅ streamingResilience
  ✅ autoRecovery
  ✅ latencyTracking
  ✅ chaosEngineering
  ✅ distributedTracing
  ✅ multiTenantTests
  ✅ pentestSuite
  ✅ secretManager
  ✅ encryptionAudit
  ✅ zeroTrustTests
  ✅ memoryTokenControl
  ✅ memoryCleanup
  ✅ memoryRelevance
  ✅ feedbackIntegration
  ✅ learningBugFix
  ✅ proactiveSuggestions
  ✅ responseQuality
  ✅ personalization
  ✅ pendingActionsIndicator
  ✅ qualityIndicator
================================


            </system-out>
        </testcase>
    </testsuite>
    <testsuite name="tests/integration/aiExplainability.test.js" timestamp="2026-01-05T22:48:00.574Z" hostname="MacBook-Pro-Piotr.local" tests="1" failures="1" errors="0" skipped="0" time="0">
        <testcase classname="tests/integration/aiExplainability.test.js" name="tests/integration/aiExplainability.test.js" time="0">
            <failure message="Cannot find module &apos;/Users/piotrwisniewski/Documents/Antygracity/DRD/consultify/server/src/config/index.js&apos; imported from /Users/piotrwisniewski/Documents/Antygracity/DRD/consultify/server/src/index.ts" type="Error">
Error: Cannot find module &apos;/Users/piotrwisniewski/Documents/Antygracity/DRD/consultify/server/src/config/index.js&apos; imported from /Users/piotrwisniewski/Documents/Antygracity/DRD/consultify/server/src/index.ts
⎯⎯⎯⎯⎯⎯⎯⎯⎯⎯⎯⎯⎯⎯⎯⎯⎯⎯⎯⎯⎯⎯⎯⎯⎯⎯⎯⎯⎯⎯
Serialized Error: { code: &apos;ERR_MODULE_NOT_FOUND&apos;, url: &apos;file:///Users/piotrwisniewski/Documents/Antygracity/DRD/consultify/server/src/config/index.js&apos; }
            </failure>
        </testcase>
    </testsuite>
    <testsuite name="tests/integration/aiFailure.test.js" timestamp="2026-01-05T22:48:00.574Z" hostname="MacBook-Pro-Piotr.local" tests="7" failures="0" errors="0" skipped="0" time="0.003385958">
        <testcase classname="tests/integration/aiFailure.test.js" name="AI Failure Resilience &gt; PMO Routes Without AI &gt; should return initiatives even when AI service fails" time="0.000828459">
        </testcase>
        <testcase classname="tests/integration/aiFailure.test.js" name="AI Failure Resilience &gt; PMO Routes Without AI &gt; should return tasks when AI context fails" time="0.000186625">
        </testcase>
        <testcase classname="tests/integration/aiFailure.test.js" name="AI Failure Resilience &gt; PMO Routes Without AI &gt; should handle stage gate evaluation without AI" time="0.000125041">
        </testcase>
        <testcase classname="tests/integration/aiFailure.test.js" name="AI Failure Resilience &gt; PMO Routes Without AI &gt; should allow status transitions without AI policy check failure" time="0.000095709">
        </testcase>
        <testcase classname="tests/integration/aiFailure.test.js" name="AI Failure Resilience &gt; PMO Routes Without AI &gt; should serve My Work aggregation without AI" time="0.000110709">
        </testcase>
        <testcase classname="tests/integration/aiFailure.test.js" name="AI Failure Resilience &gt; Graceful Degradation &gt; should return default context when AI memory fails" time="0.000117708">
        </testcase>
        <testcase classname="tests/integration/aiFailure.test.js" name="AI Failure Resilience &gt; Graceful Degradation &gt; should log AI failures for monitoring" time="0.001150875">
        </testcase>
    </testsuite>
    <testsuite name="tests/integration/aiLayersIntegration.test.js" timestamp="2026-01-05T22:48:00.575Z" hostname="MacBook-Pro-Piotr.local" tests="1" failures="1" errors="0" skipped="0" time="0">
        <testcase classname="tests/integration/aiLayersIntegration.test.js" name="tests/integration/aiLayersIntegration.test.js" time="0">
            <failure message="Cannot find module &apos;/Users/piotrwisniewski/Documents/Antygracity/DRD/consultify/server/src/config/DatabaseConfig.js&apos; imported from /Users/piotrwisniewski/Documents/Antygracity/DRD/consultify/server/src/database/Database.ts" type="Error">
Error: Cannot find module &apos;/Users/piotrwisniewski/Documents/Antygracity/DRD/consultify/server/src/config/DatabaseConfig.js&apos; imported from /Users/piotrwisniewski/Documents/Antygracity/DRD/consultify/server/src/database/Database.ts
⎯⎯⎯⎯⎯⎯⎯⎯⎯⎯⎯⎯⎯⎯⎯⎯⎯⎯⎯⎯⎯⎯⎯⎯⎯⎯⎯⎯⎯⎯
Serialized Error: { code: &apos;ERR_MODULE_NOT_FOUND&apos;, url: &apos;file:///Users/piotrwisniewski/Documents/Antygracity/DRD/consultify/server/src/config/DatabaseConfig.js&apos; }
            </failure>
        </testcase>
    </testsuite>
    <testsuite name="tests/integration/aiPlaybookBranching.test.js" timestamp="2026-01-05T22:48:00.575Z" hostname="MacBook-Pro-Piotr.local" tests="1" failures="1" errors="0" skipped="0" time="0">
        <testcase classname="tests/integration/aiPlaybookBranching.test.js" name="tests/integration/aiPlaybookBranching.test.js" time="0">
            <failure message="Cannot find module &apos;../../server/ai/aiPlaybookExecutor&apos;
Require stack:
- /Users/piotrwisniewski/Documents/Antygracity/DRD/consultify/tests/integration/aiPlaybookBranching.test.js" type="Error">
Error: Cannot find module &apos;../../server/ai/aiPlaybookExecutor&apos;
Require stack:
- /Users/piotrwisniewski/Documents/Antygracity/DRD/consultify/tests/integration/aiPlaybookBranching.test.js
 ❯ tests/integration/aiPlaybookBranching.test.js:28:28

⎯⎯⎯⎯⎯⎯⎯⎯⎯⎯⎯⎯⎯⎯⎯⎯⎯⎯⎯⎯⎯⎯⎯⎯⎯⎯⎯⎯⎯⎯
Serialized Error: { code: &apos;MODULE_NOT_FOUND&apos;, requireStack: [ &apos;/Users/piotrwisniewski/Documents/Antygracity/DRD/consultify/tests/integration/aiPlaybookBranching.test.js&apos; ] }
            </failure>
        </testcase>
    </testsuite>
    <testsuite name="tests/integration/api.test.ts" timestamp="2026-01-05T22:48:00.575Z" hostname="MacBook-Pro-Piotr.local" tests="2" failures="0" errors="0" skipped="0" time="0.261986375">
        <testcase classname="tests/integration/api.test.ts" name="API Integration &gt; GET /ping should return 200 pong" time="0.007754084">
            <system-out>
Testing /ping...

Ping result: [33m200[39m pong

            </system-out>
        </testcase>
        <testcase classname="tests/integration/api.test.ts" name="API Integration &gt; GET /health should return 200 OK" time="0.017373167">
            <system-out>
Testing /api/health...

Health result: [33m200[39m

            </system-out>
        </testcase>
    </testsuite>
    <testsuite name="tests/integration/apiFullFlow.test.js" timestamp="2026-01-05T22:48:00.575Z" hostname="MacBook-Pro-Piotr.local" tests="4" failures="1" errors="0" skipped="3" time="0.189652416">
        <testcase classname="tests/integration/apiFullFlow.test.js" name="Integration Test: Full API Flow &gt; Project Lifecycle &gt; should create, read, update, and delete a project" time="0">
            <skipped/>
        </testcase>
        <testcase classname="tests/integration/apiFullFlow.test.js" name="Integration Test: Full API Flow &gt; Task Lifecycle &gt; should create and manage tasks" time="0">
            <skipped/>
        </testcase>
        <testcase classname="tests/integration/apiFullFlow.test.js" name="Integration Test: Full API Flow &gt; Session Management &gt; should save and retrieve session data" time="0">
            <skipped/>
        </testcase>
        <testcase classname="tests/integration/apiFullFlow.test.js" name="Integration Test: Full API Flow" time="0.189075625">
            <system-out>
[DB Config] Loading config. SQLITE_PATH env: :memory:
[DB Config] Resolved sqlitePath: :memory:

            </system-out>
            <failure message="[vitest] There was an error when mocking a module. If you are using &quot;vi.mock&quot; factory, make sure there are no top level variables inside, since this call is hoisted to top of the file. Read more: https://vitest.dev/api/vi.html#vi-mock" type="Error">
Error: [vitest] There was an error when mocking a module. If you are using &quot;vi.mock&quot; factory, make sure there are no top level variables inside, since this call is hoisted to top of the file. Read more: https://vitest.dev/api/vi.html#vi-mock
 ❯ server/src/index.ts:27:1
 ❯ tests/integration/apiFullFlow.test.js:78:27

Caused by: Caused by: Caused by: Error: Cannot find module &apos;/server/src/routes/projects.routes.js&apos; imported from &apos;/Users/piotrwisniewski/Documents/Antygracity/DRD/consultify/tests/integration/apiFullFlow.test.js&apos;
 ❯ tests/integration/apiFullFlow.test.js:19:27

⎯⎯⎯⎯⎯⎯⎯⎯⎯⎯⎯⎯⎯⎯⎯⎯⎯⎯⎯⎯⎯⎯⎯⎯⎯⎯⎯⎯⎯⎯
Serialized Error: { code: &apos;ERR_MODULE_NOT_FOUND&apos; }
            </failure>
        </testcase>
    </testsuite>
    <testsuite name="tests/integration/apiOptimization.test.ts" timestamp="2026-01-05T22:48:00.576Z" hostname="MacBook-Pro-Piotr.local" tests="5" failures="1" errors="0" skipped="4" time="30.002293041">
        <testcase classname="tests/integration/apiOptimization.test.ts" name="API Optimization &gt; should return compressed response for large payloads" time="0">
            <skipped/>
        </testcase>
        <testcase classname="tests/integration/apiOptimization.test.ts" name="API Optimization &gt; should paginate tasks correctly (default limit 100)" time="0">
            <skipped/>
        </testcase>
        <testcase classname="tests/integration/apiOptimization.test.ts" name="API Optimization &gt; should respect custom limit and page" time="0">
            <skipped/>
        </testcase>
        <testcase classname="tests/integration/apiOptimization.test.ts" name="API Optimization &gt; should apply rate limits (skip in test env normally, but logic is there)" time="0">
            <skipped/>
        </testcase>
        <testcase classname="tests/integration/apiOptimization.test.ts" name="API Optimization" time="30.001374833">
            <system-out>
[Database] getDatabaseInstance() (SYNC) needs initialization.
[Legacy DB] database.sqlite.js module LOADED. SQLITE_PATH: :memory:
[SQLite] Connecting. PID: [33m65958[39m CWD: /Users/piotrwisniewski/Documents/Antygracity/DRD/consultify Path: :memory:
Using MOCKED DB (No connection)

2026-01-05 23:44:52:4452 [33mwarn[39m: [33m[DB:Promise] Statement timeout[39m

2026-01-05 23:44:57:4457 [33mwarn[39m: [33m[DB:Promise] Statement timeout[39m

2026-01-05 23:45:02:452 [33mwarn[39m: [33m[DB:Promise] Statement timeout[39m

2026-01-05 23:45:07:457 [33mwarn[39m: [33m[DB:Promise] Statement timeout[39m

2026-01-05 23:45:12:4512 [33mwarn[39m: [33m[DB:Promise] Statement timeout[39m

            </system-out>
            <failure message="Hook timed out in 30000ms.
If this is a long-running hook, pass a timeout value as the last argument or configure it globally with &quot;hookTimeout&quot;." type="Error">
Error: Hook timed out in 30000ms.
If this is a long-running hook, pass a timeout value as the last argument or configure it globally with &quot;hookTimeout&quot;.
 ❯ tests/integration/apiOptimization.test.ts:52:5
            </failure>
        </testcase>
    </testsuite>
    <testsuite name="tests/integration/apiResilience.test.js" timestamp="2026-01-05T22:48:00.576Z" hostname="MacBook-Pro-Piotr.local" tests="1" failures="1" errors="0" skipped="0" time="0">
        <testcase classname="tests/integration/apiResilience.test.js" name="tests/integration/apiResilience.test.js" time="0">
            <failure message="Cannot find module &apos;/Users/piotrwisniewski/Documents/Antygracity/DRD/consultify/server/src/config/index.js&apos; imported from /Users/piotrwisniewski/Documents/Antygracity/DRD/consultify/server/src/index.ts" type="Error">
Error: Cannot find module &apos;/Users/piotrwisniewski/Documents/Antygracity/DRD/consultify/server/src/config/index.js&apos; imported from /Users/piotrwisniewski/Documents/Antygracity/DRD/consultify/server/src/index.ts
⎯⎯⎯⎯⎯⎯⎯⎯⎯⎯⎯⎯⎯⎯⎯⎯⎯⎯⎯⎯⎯⎯⎯⎯⎯⎯⎯⎯⎯⎯
Serialized Error: { code: &apos;ERR_MODULE_NOT_FOUND&apos;, url: &apos;file:///Users/piotrwisniewski/Documents/Antygracity/DRD/consultify/server/src/config/index.js&apos; }
            </failure>
        </testcase>
    </testsuite>
    <testsuite name="tests/integration/assessmentOverview.integration.test.js" timestamp="2026-01-05T22:48:00.576Z" hostname="MacBook-Pro-Piotr.local" tests="1" failures="1" errors="0" skipped="0" time="0">
        <testcase classname="tests/integration/assessmentOverview.integration.test.js" name="tests/integration/assessmentOverview.integration.test.js" time="0">
            <failure message="Cannot find module &apos;../../../server/index&apos;
Require stack:
- /Users/piotrwisniewski/Documents/Antygracity/DRD/consultify/tests/integration/assessmentOverview.integration.test.js" type="Error">
Error: Cannot find module &apos;../../../server/index&apos;
Require stack:
- /Users/piotrwisniewski/Documents/Antygracity/DRD/consultify/tests/integration/assessmentOverview.integration.test.js
 ❯ tests/integration/assessmentOverview.integration.test.js:6:13

⎯⎯⎯⎯⎯⎯⎯⎯⎯⎯⎯⎯⎯⎯⎯⎯⎯⎯⎯⎯⎯⎯⎯⎯⎯⎯⎯⎯⎯⎯
Serialized Error: { code: &apos;MODULE_NOT_FOUND&apos;, requireStack: [ &apos;/Users/piotrwisniewski/Documents/Antygracity/DRD/consultify/tests/integration/assessmentOverview.integration.test.js&apos; ] }
            </failure>
        </testcase>
    </testsuite>
    <testsuite name="tests/integration/auth.test.ts" timestamp="2026-01-05T22:48:00.577Z" hostname="MacBook-Pro-Piotr.local" tests="7" failures="0" errors="0" skipped="0" time="0.210409708">
[...]
ndex.js:1520:25)\n    at callSuiteHook (file:///Users/piotrwisniewski/Documents/Antygracity/DRD/consultify/node_modules/@vitest/runner/dist/index.js:1507:21)"],"meta":{}},{"ancestorTitles":["Tasks Routes","GET /api/tasks"],"fullName":"Tasks Routes GET /api/tasks orders by priority and due date","status":"failed","title":"orders by priority and due date","duration":0.41829200000006495,"failureMessages":["Error: The property \"all\" is not defined on the object.\n    at assert (file:///Users/piotrwisniewski/Documents/Antygracity/DRD/consultify/node_modules/@vitest/spy/dist/index.js:232:9)\n    at Object.spyOn (file:///Users/piotrwisniewski/Documents/Antygracity/DRD/consultify/node_modules/@vitest/spy/dist/index.js:153:2)\n    at /Users/piotrwisniewski/Documents/Antygracity/DRD/consultify/tests/integration/routes/tasks.test.js:76:12\n    at file:///Users/piotrwisniewski/Documents/Antygracity/DRD/consultify/node_modules/@vitest/runner/dist/index.js:145:11\n    at file:///Users/piotrwisniewski/Documents/Antygracity/DRD/consultify/node_modules/@vitest/runner/dist/index.js:1243:20\n    at new Promise (<anonymous>)\n    at runWithTimeout (file:///Users/piotrwisniewski/Documents/Antygracity/DRD/consultify/node_modules/@vitest/runner/dist/index.js:1209:10)\n    at runHook (file:///Users/piotrwisniewski/Documents/Antygracity/DRD/consultify/node_modules/@vitest/runner/dist/index.js:1514:51)\n    at callSuiteHook (file:///Users/piotrwisniewski/Documents/Antygracity/DRD/consultify/node_modules/@vitest/runner/dist/index.js:1520:25)\n    at callSuiteHook (file:///Users/piotrwisniewski/Documents/Antygracity/DRD/consultify/node_modules/@vitest/runner/dist/index.js:1507:21)","Error: The property \"all\" is not defined on the object.\n    at assert (file:///Users/piotrwisniewski/Documents/Antygracity/DRD/consultify/node_modules/@vitest/spy/dist/index.js:232:9)\n    at Object.spyOn (file:///Users/piotrwisniewski/Documents/Antygracity/DRD/consultify/node_modules/@vitest/spy/dist/index.js:153:2)\n    at /Users/piotrwisniewski/Documents/Antygracity/DRD/consultify/tests/integration/routes/tasks.test.js:76:12\n    at file:///Users/piotrwisniewski/Documents/Antygracity/DRD/consultify/node_modules/@vitest/runner/dist/index.js:145:11\n    at file:///Users/piotrwisniewski/Documents/Antygracity/DRD/consultify/node_modules/@vitest/runner/dist/index.js:1243:20\n    at new Promise (<anonymous>)\n    at runWithTimeout (file:///Users/piotrwisniewski/Documents/Antygracity/DRD/consultify/node_modules/@vitest/runner/dist/index.js:1209:10)\n    at runHook (file:///Users/piotrwisniewski/Documents/Antygracity/DRD/consultify/node_modules/@vitest/runner/dist/index.js:1514:51)\n    at callSuiteHook (file:///Users/piotrwisniewski/Documents/Antygracity/DRD/consultify/node_modules/@vitest/runner/dist/index.js:1520:25)\n    at callSuiteHook (file:///Users/piotrwisniewski/Documents/Antygracity/DRD/consultify/node_modules/@vitest/runner/dist/index.js:1507:21)"],"meta":{}},{"ancestorTitles":["Tasks Routes","GET /api/tasks"],"fullName":"Tasks Routes GET /api/tasks handles database errors","status":"failed","title":"handles database errors","duration":0.45129100000008293,"failureMessages":["Error: The property \"all\" is not defined on the object.\n    at assert (file:///Users/piotrwisniewski/Documents/Antygracity/DRD/consultify/node_modules/@vitest/spy/dist/index.js:232:9)\n    at Object.spyOn (file:///Users/piotrwisniewski/Documents/Antygracity/DRD/consultify/node_modules/@vitest/spy/dist/index.js:153:2)\n    at /Users/piotrwisniewski/Documents/Antygracity/DRD/consultify/tests/integration/routes/tasks.test.js:76:12\n    at file:///Users/piotrwisniewski/Documents/Antygracity/DRD/consultify/node_modules/@vitest/runner/dist/index.js:145:11\n    at file:///Users/piotrwisniewski/Documents/Antygracity/DRD/consultify/node_modules/@vitest/runner/dist/index.js:1243:20\n    at new Promise (<anonymous>)\n    at runWithTimeout (file:///Users/piotrwisniewski/Documents/Antygracity/DRD/consultify/node_modules/@vitest/runner/dist/index.js:1209:10)\n    at runHook (file:///Users/piotrwisniewski/Documents/Antygracity/DRD/consultify/node_modules/@vitest/runner/dist/index.js:1514:51)\n    at callSuiteHook (file:///Users/piotrwisniewski/Documents/Antygracity/DRD/consultify/node_modules/@vitest/runner/dist/index.js:1520:25)\n    at callSuiteHook (file:///Users/piotrwisniewski/Documents/Antygracity/DRD/consultify/node_modules/@vitest/runner/dist/index.js:1507:21)","Error: The property \"all\" is not defined on the object.\n    at assert (file:///Users/piotrwisniewski/Documents/Antygracity/DRD/consultify/node_modules/@vitest/spy/dist/index.js:232:9)\n    at Object.spyOn (file:///Users/piotrwisniewski/Documents/Antygracity/DRD/consultify/node_modules/@vitest/spy/dist/index.js:153:2)\n    at /Users/piotrwisniewski/Documents/Antygracity/DRD/consultify/tests/integration/routes/tasks.test.js:76:12\n    at file:///Users/piotrwisniewski/Documents/Antygracity/DRD/consultify/node_modules/@vitest/runner/dist/index.js:145:11\n    at file:///Users/piotrwisniewski/Documents/Antygracity/DRD/consultify/node_modules/@vitest/runner/dist/index.js:1243:20\n    at new Promise (<anonymous>)\n    at runWithTimeout (file:///Users/piotrwisniewski/Documents/Antygracity/DRD/consultify/node_modules/@vitest/runner/dist/index.js:1209:10)\n    at runHook (file:///Users/piotrwisniewski/Documents/Antygracity/DRD/consultify/node_modules/@vitest/runner/dist/index.js:1514:51)\n    at callSuiteHook (file:///Users/piotrwisniewski/Documents/Antygracity/DRD/consultify/node_modules/@vitest/runner/dist/index.js:1520:25)\n    at callSuiteHook (file:///Users/piotrwisniewski/Documents/Antygracity/DRD/consultify/node_modules/@vitest/runner/dist/index.js:1507:21)"],"meta":{}},{"ancestorTitles":["Tasks Routes","GET /api/tasks/:id"],"fullName":"Tasks Routes GET /api/tasks/:id returns single task","status":"failed","title":"returns single task","duration":0.6639580000000933,"failureMessages":["Error: The property \"all\" is not defined on the object.\n    at assert (file:///Users/piotrwisniewski/Documents/Antygracity/DRD/consultify/node_modules/@vitest/spy/dist/index.js:232:9)\n    at Object.spyOn (file:///Users/piotrwisniewski/Documents/Antygracity/DRD/consultify/node_modules/@vitest/spy/dist/index.js:153:2)\n    at /Users/piotrwisniewski/Documents/Antygracity/DRD/consultify/tests/integration/routes/tasks.test.js:76:12\n    at file:///Users/piotrwisniewski/Documents/Antygracity/DRD/consultify/node_modules/@vitest/runner/dist/index.js:145:11\n    at file:///Users/piotrwisniewski/Documents/Antygracity/DRD/consultify/node_modules/@vitest/runner/dist/index.js:1243:20\n    at new Promise (<anonymous>)\n    at runWithTimeout (file:///Users/piotrwisniewski/Documents/Antygracity/DRD/consultify/node_modules/@vitest/runner/dist/index.js:1209:10)\n    at runHook (file:///Users/piotrwisniewski/Documents/Antygracity/DRD/consultify/node_modules/@vitest/runner/dist/index.js:1514:51)\n    at callSuiteHook (file:///Users/piotrwisniewski/Documents/Antygracity/DRD/consultify/node_modules/@vitest/runner/dist/index.js:1520:25)\n    at callSuiteHook (file:///Users/piotrwisniewski/Documents/Antygracity/DRD/consultify/node_modules/@vitest/runner/dist/index.js:1507:21)","Error: The property \"all\" is not defined on the object.\n    at assert (file:///Users/piotrwisniewski/Documents/Antygracity/DRD/consultify/node_modules/@vitest/spy/dist/index.js:232:9)\n    at Object.spyOn (file:///Users/piotrwisniewski/Documents/Antygracity/DRD/consultify/node_modules/@vitest/spy/dist/index.js:153:2)\n    at /Users/piotrwisniewski/Documents/Antygracity/DRD/consultify/tests/integration/routes/tasks.test.js:76:12\n    at file:///Users/piotrwisniewski/Documents/Antygracity/DRD/consultify/node_modules/@vitest/runner/dist/index.js:145:11\n    at file:///Users/piotrwisniewski/Documents/Antygracity/DRD/consultify/node_modules/@vitest/runner/dist/index.js:1243:20\n    at new Promise (<anonymous>)\n    at runWithTimeout (file:///Users/piotrwisniewski/Documents/Antygracity/DRD/consultify/node_modules/@vitest/runner/dist/index.js:1209:10)\n    at runHook (file:///Users/piotrwisniewski/Documents/Antygracity/DRD/consultify/node_modules/@vitest/runner/dist/index.js:1514:51)\n    at callSuiteHook (file:///Users/piotrwisniewski/Documents/Antygracity/DRD/consultify/node_modules/@vitest/runner/dist/index.js:1520:25)\n    at callSuiteHook (file:///Users/piotrwisniewski/Documents/Antygracity/DRD/consultify/node_modules/@vitest/runner/dist/index.js:1507:21)"],"meta":{}},{"ancestorTitles":["Tasks Routes","GET /api/tasks/:id"],"fullName":"Tasks Routes GET /api/tasks/:id returns 404 for non-existent task","status":"failed","title":"returns 404 for non-existent task","duration":0.43629200000009405,"failureMessages":["Error: The property \"all\" is not defined on the object.\n    at assert (file:///Users/piotrwisniewski/Documents/Antygracity/DRD/consultify/node_modules/@vitest/spy/dist/index.js:232:9)\n    at Object.spyOn (file:///Users/piotrwisniewski/Documents/Antygracity/DRD/consultify/node_modules/@vitest/spy/dist/index.js:153:2)\n    at /Users/piotrwisniewski/Documents/Antygracity/DRD/consultify/tests/integration/routes/tasks.test.js:76:12\n    at file:///Users/piotrwisniewski/Documents/Antygracity/DRD/consultify/node_modules/@vitest/runner/dist/index.js:145:11\n    at file:///Users/piotrwisniewski/Documents/Antygracity/DRD/consultify/node_modules/@vitest/runner/dist/index.js:1243:20\n    at new Promise (<anonymous>)\n    at runWithTimeout (file:///Users/piotrwisniewski/Documents/Antygracity/DRD/consultify/node_modules/@vitest/runner/dist/index.js:1209:10)\n    at runHook (file:///Users/piotrwisniewski/Documents/Antygracity/DRD/consultify/node_modules/@vitest/runner/dist/index.js:1514:51)\n    at callSuiteHook (file:///Users/piotrwisniewski/Documents/Antygracity/DRD/consultify/node_modules/@vitest/runner/dist/index.js:1520:25)\n    at callSuiteHook (file:///Users/piotrwisniewski/Documents/Antygracity/DRD/consultify/node_modules/@vitest/runner/dist/index.js:1507:21)","Error: The property \"all\" is not defined on the object.\n    at assert (file:///Users/piotrwisniewski/Documents/Antygracity/DRD/consultify/node_modules/@vitest/spy/dist/index.js:232:9)\n    at Object.spyOn (file:///Users/piotrwisniewski/Documents/Antygracity/DRD/consultify/node_modules/@vitest/spy/dist/index.js:153:2)\n    at /Users/piotrwisniewski/Documents/Antygracity/DRD/consultify/tests/integration/routes/tasks.test.js:76:12\n    at file:///Users/piotrwisniewski/Documents/Antygracity/DRD/consultify/node_modules/@vitest/runner/dist/index.js:145:11\n    at file:///Users/piotrwisniewski/Documents/Antygracity/DRD/consultify/node_modules/@vitest/runner/dist/index.js:1243:20\n    at new Promise (<anonymous>)\n    at runWithTimeout (file:///Users/piotrwisniewski/Documents/Antygracity/DRD/consultify/node_modules/@vitest/runner/dist/index.js:1209:10)\n    at runHook (file:///Users/piotrwisniewski/Documents/Antygracity/DRD/consultify/node_modules/@vitest/runner/dist/index.js:1514:51)\n    at callSuiteHook (file:///Users/piotrwisniewski/Documents/Antygracity/DRD/consultify/node_modules/@vitest/runner/dist/index.js:1520:25)\n    at callSuiteHook (file:///Users/piotrwisniewski/Documents/Antygracity/DRD/consultify/node_modules/@vitest/runner/dist/index.js:1507:21)"],"meta":{}}],"startTime":1767653243270,"endTime":1767653243282.4363,"status":"failed","message":"","name":"/Users/piotrwisniewski/Documents/Antygracity/DRD/consultify/tests/integration/routes/tasks.test.js"},{"assertionResults":[{"ancestorTitles":["Integration Test: Teams Routes","GET /api/teams"],"fullName":"Integration Test: Teams Routes GET /api/teams should return list of teams","status":"passed","title":"should return list of teams","duration":5.075500000000034,"failureMessages":[],"meta":{}},{"ancestorTitles":["Integration Test: Teams Routes","GET /api/teams"],"fullName":"Integration Test: Teams Routes GET /api/teams should require authentication","status":"passed","title":"should require authentication","duration":2.607833000000028,"failureMessages":[],"meta":{}},{"ancestorTitles":["Integration Test: Teams Routes","POST /api/teams"],"fullName":"Integration Test: Teams Routes POST /api/teams should create a new team","status":"passed","title":"should create a new team","duration":2.114708999999948,"failureMessages":[],"meta":{}}],"startTime":1767653277396,"endTime":1767653277406.1147,"status":"passed","message":"","name":"/Users/piotrwisniewski/Documents/Antygracity/DRD/consultify/tests/integration/routes/teams.test.js"},{"assertionResults":[{"ancestorTitles":["Integration Test: Token Billing Routes","GET /api/token-billing/balance"],"fullName":"Integration Test: Token Billing Routes GET /api/token-billing/balance should return user token balance","status":"failed","title":"should return user token balance","duration":12.188540999999987,"failureMessages":["AssertionError: expected 500 to be 200 // Object.is equality\n    at /Users/piotrwisniewski/Documents/Antygracity/DRD/consultify/tests/integration/routes/tokenBilling.test.js:76:32\n    at processTicksAndRejections (node:internal/process/task_queues:103:5)\n    at file:///Users/piotrwisniewski/Documents/Antygracity/DRD/consultify/node_modules/@vitest/runner/dist/index.js:915:20","AssertionError: expected 500 to be 200 // Object.is equality\n    at /Users/piotrwisniewski/Documents/Antygracity/DRD/consultify/tests/integration/routes/tokenBilling.test.js:76:32\n    at processTicksAndRejections (node:internal/process/task_queues:103:5)\n    at file:///Users/piotrwisniewski/Documents/Antygracity/DRD/consultify/node_modules/@vitest/runner/dist/index.js:915:20"],"meta":{}},{"ancestorTitles":["Integration Test: Token Billing Routes","GET /api/token-billing/balance"],"fullName":"Integration Test: Token Billing Routes GET /api/token-billing/balance should require authentication","status":"passed","title":"should require authentication","duration":1.8229160000000775,"failureMessages":[],"meta":{}},{"ancestorTitles":["Integration Test: Token Billing Routes","GET /api/token-billing/packages"],"fullName":"Integration Test: Token Billing Routes GET /api/token-billing/packages should return available token packages","status":"failed","title":"should return available token packages","duration":4.651916000000028,"failureMessages":["AssertionError: expected 500 to be 200 // Object.is equality\n    at /Users/piotrwisniewski/Documents/Antygracity/DRD/consultify/tests/integration/routes/tokenBilling.test.js:102:32\n    at processTicksAndRejections (node:internal/process/task_queues:103:5)\n    at file:///Users/piotrwisniewski/Documents/Antygracity/DRD/consultify/node_modules/@vitest/runner/dist/index.js:915:20","AssertionError: expected 500 to be 200 // Object.is equality\n    at /Users/piotrwisniewski/Documents/Antygracity/DRD/consultify/tests/integration/routes/tokenBilling.test.js:102:32\n    at processTicksAndRejections (node:internal/process/task_queues:103:5)\n    at file:///Users/piotrwisniewski/Documents/Antygracity/DRD/consultify/node_modules/@vitest/runner/dist/index.js:915:20"],"meta":{}},{"ancestorTitles":["Integration Test: Token Billing Routes","GET /api/token-billing/transactions"],"fullName":"Integration Test: Token Billing Routes GET /api/token-billing/transactions should return token usage history","status":"failed","title":"should return token usage history","duration":3.3942500000000564,"failureMessages":["AssertionError: expected 503 to be 200 // Object.is equality\n    at /Users/piotrwisniewski/Documents/Antygracity/DRD/consultify/tests/integration/routes/tokenBilling.test.js:120:32\n    at processTicksAndRejections (node:internal/process/task_queues:103:5)\n    at file:///Users/piotrwisniewski/Documents/Antygracity/DRD/consultify/node_modules/@vitest/runner/dist/index.js:915:20","AssertionError: expected 503 to be 200 // Object.is equality\n    at /Users/piotrwisniewski/Documents/Antygracity/DRD/consultify/tests/integration/routes/tokenBilling.test.js:120:32\n    at processTicksAndRejections (node:internal/process/task_queues:103:5)\n    at file:///Users/piotrwisniewski/Documents/Antygracity/DRD/consultify/node_modules/@vitest/runner/dist/index.js:915:20"],"meta":{}},{"ancestorTitles":["Integration Test: Token Billing Routes","GET /api/token-billing/margins"],"fullName":"Integration Test: Token Billing Routes GET /api/token-billing/margins should return margins (admin only)","status":"failed","title":"should return margins (admin only)","duration":5.120958999999971,"failureMessages":["AssertionError: expected [ 200, 403 ] to include 500\n    at Proxy.<anonymous> (file:///Users/piotrwisniewski/Documents/Antygracity/DRD/consultify/node_modules/@vitest/expect/dist/index.js:1252:15)\n    at Proxy.<anonymous> (file:///Users/piotrwisniewski/Documents/Antygracity/DRD/consultify/node_modules/@vitest/expect/dist/index.js:1090:14)\n    at Proxy.methodWrapper (file:///Users/piotrwisniewski/Documents/Antygracity/DRD/consultify/node_modules/chai/index.js:1700:25)\n    at /Users/piotrwisniewski/Documents/Antygracity/DRD/consultify/tests/integration/routes/tokenBilling.test.js:139:32\n    at processTicksAndRejections (node:internal/process/task_queues:103:5)\n    at file:///Users/piotrwisniewski/Documents/Antygracity/DRD/consultify/node_modules/@vitest/runner/dist/index.js:915:20","AssertionError: expected [ 200, 403 ] to include 500\n    at Proxy.<anonymous> (file:///Users/piotrwisniewski/Documents/Antygracity/DRD/consultify/node_modules/@vitest/expect/dist/index.js:1252:15)\n    at Proxy.<anonymous> (file:///Users/piotrwisniewski/Documents/Antygracity/DRD/consultify/node_modules/@vitest/expect/dist/index.js:1090:14)\n    at Proxy.methodWrapper (file:///Users/piotrwisniewski/Documents/Antygracity/DRD/consultify/node_modules/chai/index.js:1700:25)\n    at /Users/piotrwisniewski/Documents/Antygracity/DRD/consultify/tests/integration/routes/tokenBilling.test.js:139:32\n    at processTicksAndRejections (node:internal/process/task_queues:103:5)\n    at file:///Users/piotrwisniewski/Documents/Antygracity/DRD/consultify/node_modules/@vitest/runner/dist/index.js:915:20"],"meta":{}}],"startTime":1767653244506,"endTime":1767653244533.1208,"status":"failed","message":"","name":"/Users/piotrwisniewski/Documents/Antygracity/DRD/consultify/tests/integration/routes/tokenBilling.test.js"},{"assertionResults":[{"ancestorTitles":["Integration Test: Users Routes","GET /api/users"],"fullName":"Integration Test: Users Routes GET /api/users should return list of users","status":"passed","title":"should return list of users","duration":6.103749999999991,"failureMessages":[],"meta":{}},{"ancestorTitles":["Integration Test: Users Routes","GET /api/users"],"fullName":"Integration Test: Users Routes GET /api/users should require authentication","status":"passed","title":"should require authentication","duration":2.3947090000000344,"failureMessages":[],"meta":{}},{"ancestorTitles":["Integration Test: Users Routes","GET /api/auth/me"],"fullName":"Integration Test: Users Routes GET /api/auth/me should return current user","status":"passed","title":"should return current user","duration":3.1467910000000074,"failureMessages":[],"meta":{}},{"ancestorTitles":["Integration Test: Users Routes","GET /api/users/:id"],"fullName":"Integration Test: Users Routes GET /api/users/:id should return user by id","status":"passed","title":"should return user by id","duration":2.2695830000000115,"failureMessages":[],"meta":{}},{"ancestorTitles":["Integration Test: Users Routes","PUT /api/users/:id"],"fullName":"Integration Test: Users Routes PUT /api/users/:id should update user","status":"passed","title":"should update user","duration":2.2022080000000415,"failureMessages":[],"meta":{}}],"startTime":1767653276744,"endTime":1767653276761.2021,"status":"passed","message":"","name":"/Users/piotrwisniewski/Documents/Antygracity/DRD/consultify/tests/integration/routes/users.test.js"}]}