<?xml version="1.0" encoding="UTF-8" ?>
<testsuites name="vitest tests" tests="24" failures="1" errors="0" time="0.441018959">
    <testsuite name="tests/backend/ai/aiPipeline.integration.test.js" timestamp="2026-01-01T15:03:33.335Z" hostname="MacBook-Pro-Piotr.local" tests="24" failures="1" errors="0" skipped="0" time="0.441018959">
        <testcase classname="tests/backend/ai/aiPipeline.integration.test.js" name="AI Pipeline Integration Tests &gt; CAPABILITY_REGISTRY &gt; should have all 48 capabilities registered" time="0.185940625">
            <system-out>
[WebResearch] Initialized with backend: mock

            </system-out>
            <system-err>
Warning: Cannot access the `require` function: &quot;TypeError [ERR_INVALID_ARG_VALUE]: The argument &apos;filename&apos; must be a file URL object, file URL string, or absolute path string. Received &apos;http://localhost:3000/index.cjs&apos;&quot;.
Warning: Cannot polyfill `ImageData`, rendering may be broken.
Warning: Cannot polyfill `Path2D`, rendering may be broken.

            </system-err>
        </testcase>
        <testcase classname="tests/backend/ai/aiPipeline.integration.test.js" name="AI Pipeline Integration Tests &gt; CAPABILITY_REGISTRY &gt; should have valid role for each capability" time="0.002220333">
        </testcase>
        <testcase classname="tests/backend/ai/aiPipeline.integration.test.js" name="AI Pipeline Integration Tests &gt; CAPABILITY_REGISTRY &gt; should have maxTokens defined for each capability" time="0.001674">
        </testcase>
        <testcase classname="tests/backend/ai/aiPipeline.integration.test.js" name="AI Pipeline Integration Tests &gt; CAPABILITY_REGISTRY &gt; should have outputFormat for each capability" time="0.001609167">
        </testcase>
        <testcase classname="tests/backend/ai/aiPipeline.integration.test.js" name="AI Pipeline Integration Tests &gt; getCapabilityConfig &gt; should return correct config for known capability" time="0.001036625">
        </testcase>
        <testcase classname="tests/backend/ai/aiPipeline.integration.test.js" name="AI Pipeline Integration Tests &gt; getCapabilityConfig &gt; should return default config for unknown capability" time="0.005384834">
        </testcase>
        <testcase classname="tests/backend/ai/aiPipeline.integration.test.js" name="AI Pipeline Integration Tests &gt; Domain Methods &gt; suggestTasks &gt; should generate tasks from initiative context" time="0.0128285">
            <system-out>
[2026-01-01T15:03:33.249Z] [INFO] [AI:Pipeline] Starting process {&quot;capability&quot;:&quot;suggestTasks&quot;,&quot;traceId&quot;:&quot;trace_1767279813249_nujr8suko&quot;}

[2026-01-01T15:03:33.250Z] [INFO] [AI:Pipeline] Effective settings loaded {&quot;proactivityMode&quot;:&quot;BALANCED&quot;,&quot;maxTokens&quot;:4096}

[2026-01-01T15:03:33.251Z] [DEBUG] [AI:Cache] get: MISS

[2026-01-01T15:03:33.252Z] [DEBUG] [AI:MemoryManager] Retrieving from layers: session, project, organization, knowledge

[2026-01-01T15:03:33.253Z] [DEBUG] [AI:MemoryManager] Retrieved 0 chunks in 1ms

[2026-01-01T15:03:33.253Z] [INFO] [AI:EnhancedContextBuilder] Building context for phase: discovery

[2026-01-01T15:03:33.257Z] [INFO] [AI:Pipeline] Response mode: quick (auto-detected)

[2026-01-01T15:03:33.259Z] [INFO] [AI:Pipeline] Calling LLM Service {&quot;model&quot;:&quot;gpt-4o-mini&quot;,&quot;toolsEnabled&quot;:false,&quot;streaming&quot;:false}
[2026-01-01T15:03:33.259Z] [INFO] [AI:Pipeline] LLM attempt 1/3 {&quot;model&quot;:&quot;gpt-4o-mini&quot;}

[2026-01-01T15:03:33.259Z] [INFO] [AI:Observability] Generation recorded {&quot;traceId&quot;:&quot;trace_1767279813249_nujr8suko&quot;,&quot;model&quot;:&quot;gpt-4o-mini&quot;,&quot;tokens&quot;:150,&quot;cost&quot;:0.000045}
[2026-01-01T15:03:33.259Z] [INFO] [AI:LLMConfigService] Initializing...

[2026-01-01T15:03:33.260Z] [DEBUG] [AI:Cache] set: HIT

[2026-01-01T15:03:33.260Z] [INFO] [AI:Observability] Trace completed {&quot;traceId&quot;:&quot;trace_1767279813249_nujr8suko&quot;,&quot;duration&quot;:11,&quot;status&quot;:&quot;success&quot;}
[2026-01-01T15:03:33.260Z] [INFO] [AI:Pipeline] Process complete {&quot;latency&quot;:10,&quot;tokensUsed&quot;:150,&quot;costUsd&quot;:0.000045,&quot;qualityScore&quot;:0.92,&quot;traceId&quot;:&quot;trace_1767279813249_nujr8suko&quot;}

            </system-out>
            <system-err>
[RagService] searchRelevantChunks error: OpenAI API key not configured

[2026-01-01T15:03:33.252Z] [ERROR] [AI:OrgMemoryStore] Search error: OpenAI API key not configured

[2026-01-01T15:03:33.252Z] [WARN] [AI:MemoryManager] Layer knowledge retrieval failed: OpenAI API key not configured

[RagService] searchRelevantChunks error: OpenAI API key not configured

[2026-01-01T15:03:33.256Z] [ERROR] [AI:KnowledgeIndexer] Keyword search error: SQLITE_ERROR: no such column: c.metadata

[AIPipeline] Audit log failed: SQLITE_ERROR: table ai_audit_logs has no column named timestamp

[2026-01-01T15:03:33.260Z] [WARN] [AI:Pipeline] Enhanced learning record sync error (non-blocking): this.learningSystem.recordWithAutoFeedback is not a function

            </system-err>
        </testcase>
        <testcase classname="tests/backend/ai/aiPipeline.integration.test.js" name="AI Pipeline Integration Tests &gt; Domain Methods &gt; validateInitiative &gt; should validate initiative structure" time="0.005137708">
            <system-out>
[2026-01-01T15:03:33.262Z] [INFO] [AI:Pipeline] Starting process {&quot;capability&quot;:&quot;validateInitiative&quot;,&quot;traceId&quot;:&quot;trace_1767279813262_mond3bbg1&quot;}

[2026-01-01T15:03:33.263Z] [INFO] [AI:Pipeline] Effective settings loaded {&quot;proactivityMode&quot;:&quot;BALANCED&quot;,&quot;maxTokens&quot;:4096}

[2026-01-01T15:03:33.263Z] [INFO] [AI:LLMConfigService] Syncing database with environment definitions...

[2026-01-01T15:03:33.263Z] [DEBUG] [AI:Cache] get: MISS

[2026-01-01T15:03:33.264Z] [DEBUG] [AI:MemoryManager] Retrieving from layers: session, project, organization, knowledge

[2026-01-01T15:03:33.264Z] [INFO] [AI:LLMConfigService] Created provider openai (Active: false)

[2026-01-01T15:03:33.264Z] [DEBUG] [AI:MemoryManager] Retrieved 2 chunks in 0ms

[2026-01-01T15:03:33.264Z] [DEBUG] [AI:Pipeline] Memory retrieved: 2 chunks, 110 tokens
[2026-01-01T15:03:33.264Z] [INFO] [AI:EnhancedContextBuilder] Building context for phase: discovery
[2026-01-01T15:03:33.264Z] [DEBUG] [AI:EnhancedContextBuilder] Using cached context

[2026-01-01T15:03:33.264Z] [INFO] [AI:Pipeline] Response mode: quick (auto-detected)

[2026-01-01T15:03:33.265Z] [INFO] [AI:LLMConfigService] Created provider google (Active: false)

[2026-01-01T15:03:33.265Z] [INFO] [AI:LLMConfigService] Created provider deepseek (Active: false)

[2026-01-01T15:03:33.265Z] [INFO] [AI:Pipeline] Calling LLM Service {&quot;model&quot;:&quot;gpt-4o&quot;,&quot;toolsEnabled&quot;:false,&quot;streaming&quot;:false}
[2026-01-01T15:03:33.265Z] [INFO] [AI:Pipeline] LLM attempt 1/3 {&quot;model&quot;:&quot;gpt-4o&quot;}

[2026-01-01T15:03:33.265Z] [INFO] [AI:Observability] Generation recorded {&quot;traceId&quot;:&quot;trace_1767279813262_mond3bbg1&quot;,&quot;model&quot;:&quot;gpt-4o&quot;,&quot;tokens&quot;:150,&quot;cost&quot;:0.00075}
[2026-01-01T15:03:33.265Z] [INFO] [AI:LLMConfigService] Initializing...

[2026-01-01T15:03:33.265Z] [DEBUG] [AI:Cache] set: HIT

[2026-01-01T15:03:33.266Z] [INFO] [AI:Observability] Trace completed {&quot;traceId&quot;:&quot;trace_1767279813262_mond3bbg1&quot;,&quot;duration&quot;:4,&quot;status&quot;:&quot;success&quot;}
[2026-01-01T15:03:33.266Z] [INFO] [AI:Pipeline] Process complete {&quot;latency&quot;:3,&quot;tokensUsed&quot;:150,&quot;costUsd&quot;:0.00075,&quot;qualityScore&quot;:0.92,&quot;traceId&quot;:&quot;trace_1767279813262_mond3bbg1&quot;}

            </system-out>
            <system-err>
[2026-01-01T15:03:33.261Z] [WARN] [AI:LLMConfigService] Migration warning (might be expected): SQLITE_ERROR: duplicate column name: priority

[2026-01-01T15:03:33.262Z] [WARN] [AI:LLMConfigService] Migration warning (might be expected): SQLITE_ERROR: duplicate column name: last_health_check

[2026-01-01T15:03:33.263Z] [WARN] [AI:LLMConfigService] Migration warning (might be expected): SQLITE_ERROR: duplicate column name: health_status

[2026-01-01T15:03:33.263Z] [WARN] [AI:LLMConfigService] Migration warning (might be expected): SQLITE_ERROR: duplicate column name: updated_at

[2026-01-01T15:03:33.263Z] [WARN] [AI:LLMConfigService] Migration warning (might be expected): SQLITE_ERROR: duplicate column name: description

[RagService] searchRelevantChunks error: OpenAI API key not configured

[2026-01-01T15:03:33.264Z] [ERROR] [AI:OrgMemoryStore] Search error: OpenAI API key not configured

[2026-01-01T15:03:33.264Z] [WARN] [AI:MemoryManager] Layer knowledge retrieval failed: OpenAI API key not configured

[AIPipeline] Audit log failed: SQLITE_ERROR: table ai_audit_logs has no column named timestamp

[2026-01-01T15:03:33.266Z] [WARN] [AI:Pipeline] Enhanced learning record sync error (non-blocking): this.learningSystem.recordWithAutoFeedback is not a function

            </system-err>
        </testcase>
        <testcase classname="tests/backend/ai/aiPipeline.integration.test.js" name="AI Pipeline Integration Tests &gt; Domain Methods &gt; enrichInitiative &gt; should enrich with market context" time="0.00553625">
            <system-out>
[2026-01-01T15:03:33.266Z] [INFO] [AI:LLMConfigService] Created provider anthropic (Active: false)

[2026-01-01T15:03:33.267Z] [INFO] [AI:Pipeline] Starting process {&quot;capability&quot;:&quot;enrichInitiative&quot;,&quot;traceId&quot;:&quot;trace_1767279813267_x6ll68dfc&quot;}

[2026-01-01T15:03:33.268Z] [INFO] [AI:LLMConfigService] Created provider nvidia (Active: false)

[2026-01-01T15:03:33.268Z] [INFO] [AI:Pipeline] Effective settings loaded {&quot;proactivityMode&quot;:&quot;BALANCED&quot;,&quot;maxTokens&quot;:4096}

[2026-01-01T15:03:33.268Z] [INFO] [AI:LLMConfigService] Syncing database with environment definitions...

[2026-01-01T15:03:33.268Z] [DEBUG] [AI:Cache] get: MISS

[2026-01-01T15:03:33.269Z] [DEBUG] [AI:MemoryManager] Retrieving from layers: session, project, organization, knowledge, external

[2026-01-01T15:03:33.269Z] [INFO] [AI:LLMConfigService] Created provider cohere (Active: false)

[2026-01-01T15:03:33.269Z] [DEBUG] [AI:MemoryManager] Retrieved 4 chunks in 0ms

[2026-01-01T15:03:33.269Z] [DEBUG] [AI:Pipeline] Memory retrieved: 4 chunks, 223 tokens
[2026-01-01T15:03:33.269Z] [INFO] [AI:EnhancedContextBuilder] Building context for phase: discovery
[2026-01-01T15:03:33.269Z] [DEBUG] [AI:EnhancedContextBuilder] Using cached context

[2026-01-01T15:03:33.270Z] [INFO] [AI:Pipeline] Response mode: quick (auto-detected)

[2026-01-01T15:03:33.270Z] [INFO] [AI:LLMConfigService] Updated provider openai (Active: false)

[2026-01-01T15:03:33.270Z] [INFO] [AI:LLMConfigService] Created provider qwen (Active: false)

[2026-01-01T15:03:33.270Z] [INFO] [AI:LLMConfigService] Updated provider google (Active: false)

[2026-01-01T15:03:33.271Z] [INFO] [AI:LLMConfigService] Created provider zai (Active: false)

[2026-01-01T15:03:33.271Z] [INFO] [AI:Pipeline] Calling LLM Service {&quot;model&quot;:&quot;gpt-4o&quot;,&quot;toolsEnabled&quot;:false,&quot;streaming&quot;:false}
[2026-01-01T15:03:33.271Z] [INFO] [AI:Pipeline] LLM attempt 1/3 {&quot;model&quot;:&quot;gpt-4o&quot;}

[2026-01-01T15:03:33.271Z] [INFO] [AI:Observability] Generation recorded {&quot;traceId&quot;:&quot;trace_1767279813267_x6ll68dfc&quot;,&quot;model&quot;:&quot;gpt-4o&quot;,&quot;tokens&quot;:150,&quot;cost&quot;:0.00075}
[2026-01-01T15:03:33.271Z] [INFO] [AI:LLMConfigService] Initializing...

[2026-01-01T15:03:33.271Z] [DEBUG] [AI:Cache] set: HIT

[2026-01-01T15:03:33.271Z] [INFO] [AI:LLMConfigService] Updated provider deepseek (Active: false)

[2026-01-01T15:03:33.271Z] [INFO] [AI:Observability] Trace completed {&quot;traceId&quot;:&quot;trace_1767279813267_x6ll68dfc&quot;,&quot;duration&quot;:4,&quot;status&quot;:&quot;success&quot;}
[2026-01-01T15:03:33.271Z] [INFO] [AI:Pipeline] Process complete {&quot;latency&quot;:4,&quot;tokensUsed&quot;:150,&quot;costUsd&quot;:0.00075,&quot;qualityScore&quot;:0.92,&quot;traceId&quot;:&quot;trace_1767279813267_x6ll68dfc&quot;}

            </system-out>
            <system-err>
[2026-01-01T15:03:33.266Z] [WARN] [AI:LLMConfigService] Migration warning (might be expected): SQLITE_ERROR: duplicate column name: priority

[2026-01-01T15:03:33.268Z] [WARN] [AI:LLMConfigService] Migration warning (might be expected): SQLITE_ERROR: duplicate column name: last_health_check

[2026-01-01T15:03:33.268Z] [WARN] [AI:LLMConfigService] Migration warning (might be expected): SQLITE_ERROR: duplicate column name: health_status

[2026-01-01T15:03:33.268Z] [WARN] [AI:LLMConfigService] Migration warning (might be expected): SQLITE_ERROR: duplicate column name: updated_at

[2026-01-01T15:03:33.268Z] [WARN] [AI:LLMConfigService] Migration warning (might be expected): SQLITE_ERROR: duplicate column name: description

[RagService] searchRelevantChunks error: OpenAI API key not configured

[2026-01-01T15:03:33.269Z] [ERROR] [AI:OrgMemoryStore] Search error: OpenAI API key not configured

[2026-01-01T15:03:33.269Z] [WARN] [AI:MemoryManager] Layer knowledge retrieval failed: OpenAI API key not configured

[AIPipeline] Audit log failed: SQLITE_ERROR: table ai_audit_logs has no column named timestamp

[2026-01-01T15:03:33.271Z] [WARN] [AI:Pipeline] Enhanced learning record sync error (non-blocking): this.learningSystem.recordWithAutoFeedback is not a function

            </system-err>
        </testcase>
        <testcase classname="tests/backend/ai/aiPipeline.integration.test.js" name="AI Pipeline Integration Tests &gt; Domain Methods &gt; generateObservations &gt; should analyze assessment data" time="0.011107">
            <system-out>
[2026-01-01T15:03:33.272Z] [INFO] [AI:LLMConfigService] Created provider ollama (Active: false)

[2026-01-01T15:03:33.276Z] [INFO] [AI:Pipeline] Starting process {&quot;capability&quot;:&quot;generateObservations&quot;,&quot;traceId&quot;:&quot;trace_1767279813276_802ul5a5l&quot;}

[2026-01-01T15:03:33.278Z] [INFO] [AI:LLMConfigService] Updated provider anthropic (Active: false)

[2026-01-01T15:03:33.279Z] [INFO] [AI:Pipeline] Effective settings loaded {&quot;proactivityMode&quot;:&quot;BALANCED&quot;,&quot;maxTokens&quot;:4096}

[2026-01-01T15:03:33.279Z] [INFO] [AI:LLMConfigService] Syncing database with environment definitions...

[2026-01-01T15:03:33.279Z] [DEBUG] [AI:Cache] get: MISS

[2026-01-01T15:03:33.279Z] [INFO] [AI:LLMConfigService] Updated provider nvidia (Active: false)

[2026-01-01T15:03:33.280Z] [DEBUG] [AI:MemoryManager] Retrieving from layers: session, project, organization, knowledge

[2026-01-01T15:03:33.280Z] [INFO] [AI:LLMConfigService] LLM Config Service initialized with analytics storage

[2026-01-01T15:03:33.280Z] [DEBUG] [AI:MemoryManager] Retrieved 6 chunks in 0ms

[2026-01-01T15:03:33.280Z] [DEBUG] [AI:Pipeline] Memory retrieved: 6 chunks, 345 tokens
[2026-01-01T15:03:33.280Z] [INFO] [AI:EnhancedContextBuilder] Building context for phase: discovery
[2026-01-01T15:03:33.280Z] [DEBUG] [AI:EnhancedContextBuilder] Using cached context

[2026-01-01T15:03:33.280Z] [INFO] [AI:LLMConfigService] Updated provider openai (Active: false)

[2026-01-01T15:03:33.281Z] [INFO] [AI:Pipeline] Response mode: standard (default)

[2026-01-01T15:03:33.281Z] [INFO] [AI:LLMConfigService] Updated provider cohere (Active: false)

[2026-01-01T15:03:33.281Z] [INFO] [AI:LLMConfigService] Updated provider google (Active: false)

[2026-01-01T15:03:33.281Z] [INFO] [AI:LLMConfigService] Updated provider qwen (Active: false)

[2026-01-01T15:03:33.282Z] [INFO] [AI:Pipeline] Calling LLM Service {&quot;model&quot;:&quot;gpt-4o&quot;,&quot;toolsEnabled&quot;:false,&quot;streaming&quot;:false}
[2026-01-01T15:03:33.282Z] [INFO] [AI:Pipeline] LLM attempt 1/3 {&quot;model&quot;:&quot;gpt-4o&quot;}

[2026-01-01T15:03:33.282Z] [INFO] [AI:Observability] Generation recorded {&quot;traceId&quot;:&quot;trace_1767279813276_802ul5a5l&quot;,&quot;model&quot;:&quot;gpt-4o&quot;,&quot;tokens&quot;:150,&quot;cost&quot;:0.00075}

[2026-01-01T15:03:33.282Z] [DEBUG] [AI:Cache] set: HIT

[2026-01-01T15:03:33.282Z] [INFO] [AI:LLMConfigService] Updated provider deepseek (Active: false)

[2026-01-01T15:03:33.282Z] [INFO] [AI:LLMConfigService] Updated provider zai (Active: false)

[2026-01-01T15:03:33.283Z] [INFO] [AI:Observability] Trace completed {&quot;traceId&quot;:&quot;trace_1767279813276_802ul5a5l&quot;,&quot;duration&quot;:7,&quot;status&quot;:&quot;success&quot;}
[2026-01-01T15:03:33.283Z] [INFO] [AI:Pipeline] Process complete {&quot;latency&quot;:6,&quot;tokensUsed&quot;:150,&quot;costUsd&quot;:0.00075,&quot;qualityScore&quot;:0.92,&quot;traceId&quot;:&quot;trace_1767279813276_802ul5a5l&quot;}

            </system-out>
            <system-err>
[2026-01-01T15:03:33.274Z] [WARN] [AI:LLMConfigService] Migration warning (might be expected): SQLITE_ERROR: duplicate column name: priority

[2026-01-01T15:03:33.277Z] [WARN] [AI:LLMConfigService] Migration warning (might be expected): SQLITE_ERROR: duplicate column name: last_health_check

[2026-01-01T15:03:33.278Z] [WARN] [AI:LLMConfigService] Migration warning (might be expected): SQLITE_ERROR: duplicate column name: health_status

[2026-01-01T15:03:33.279Z] [WARN] [AI:LLMConfigService] Migration warning (might be expected): SQLITE_ERROR: duplicate column name: updated_at

[2026-01-01T15:03:33.279Z] [WARN] [AI:LLMConfigService] Migration warning (might be expected): SQLITE_ERROR: duplicate column name: description

[RagService] searchRelevantChunks error: OpenAI API key not configured

[2026-01-01T15:03:33.280Z] [ERROR] [AI:OrgMemoryStore] Search error: OpenAI API key not configured

[2026-01-01T15:03:33.280Z] [WARN] [AI:MemoryManager] Layer knowledge retrieval failed: OpenAI API key not configured

[AIPipeline] Audit log failed: SQLITE_ERROR: table ai_audit_logs has no column named timestamp

[2026-01-01T15:03:33.282Z] [WARN] [AI:Pipeline] Enhanced learning record sync error (non-blocking): this.learningSystem.recordWithAutoFeedback is not a function

            </system-err>
        </testcase>
        <testcase classname="tests/backend/ai/aiPipeline.integration.test.js" name="AI Pipeline Integration Tests &gt; parseJsonResponse &gt; should parse valid JSON" time="0.001360542">
            <system-out>
[2026-01-01T15:03:33.283Z] [INFO] [AI:LLMConfigService] Updated provider ollama (Active: false)

[2026-01-01T15:03:33.283Z] [INFO] [AI:LLMConfigService] Updated provider anthropic (Active: false)

            </system-out>
        </testcase>
        <testcase classname="tests/backend/ai/aiPipeline.integration.test.js" name="AI Pipeline Integration Tests &gt; parseJsonResponse &gt; should handle JSON wrapped in code blocks" time="0.001011333">
        </testcase>
        <testcase classname="tests/backend/ai/aiPipeline.integration.test.js" name="AI Pipeline Integration Tests &gt; parseJsonResponse &gt; should extract JSON from mixed text" time="0.000808625">
            <system-out>
[2026-01-01T15:03:33.285Z] [INFO] [AI:LLMConfigService] Updated provider nvidia (Active: false)

            </system-out>
        </testcase>
        <testcase classname="tests/backend/ai/aiPipeline.integration.test.js" name="AI Pipeline Integration Tests &gt; parseJsonResponse &gt; should return error object for invalid JSON" time="0.000940583">
            <system-out>
[2026-01-01T15:03:33.286Z] [INFO] [AI:LLMConfigService] LLM Config Service initialized with analytics storage

[2026-01-01T15:03:33.286Z] [INFO] [AI:LLMConfigService] Updated provider cohere (Active: false)

            </system-out>
        </testcase>
        <testcase classname="tests/backend/ai/aiPipeline.integration.test.js" name="AI Pipeline Integration Tests &gt; parseJsonResponse &gt; should handle empty input" time="0.000657542">
            <system-out>
[2026-01-01T15:03:33.287Z] [INFO] [AI:LLMConfigService] Updated provider qwen (Active: false)

            </system-out>
        </testcase>
        <testcase classname="tests/backend/ai/aiPipeline.integration.test.js" name="AI Pipeline Integration Tests &gt; parseJsonResponse &gt; should handle null input" time="0.0008175">
            <system-out>
[2026-01-01T15:03:33.288Z] [INFO] [AI:LLMConfigService] Updated provider zai (Active: false)

            </system-out>
        </testcase>
        <testcase classname="tests/backend/ai/aiPipeline.integration.test.js" name="AI Pipeline Integration Tests &gt; Pipeline Process &gt; should handle basic chat request" time="0.006895042">
            <system-out>
[2026-01-01T15:03:33.289Z] [INFO] [AI:LLMConfigService] Updated provider ollama (Active: false)

[2026-01-01T15:03:33.289Z] [INFO] [AI:Pipeline] Starting process {&quot;capability&quot;:&quot;chat&quot;,&quot;traceId&quot;:&quot;trace_1767279813289_efibpautu&quot;}

[2026-01-01T15:03:33.290Z] [INFO] [AI:Pipeline] Effective settings loaded {&quot;proactivityMode&quot;:&quot;BALANCED&quot;,&quot;maxTokens&quot;:4096}

[2026-01-01T15:03:33.290Z] [DEBUG] [AI:Cache] get: MISS

[2026-01-01T15:03:33.290Z] [INFO] [AI:LLMConfigService] LLM Config Service initialized with analytics storage

[2026-01-01T15:03:33.290Z] [DEBUG] [AI:MemoryManager] Retrieving from layers: session, project, organization, knowledge

[2026-01-01T15:03:33.290Z] [DEBUG] [AI:MemoryManager] Retrieved 8 chunks in 0ms

[2026-01-01T15:03:33.291Z] [DEBUG] [AI:Pipeline] Memory retrieved: 8 chunks, 442 tokens
[2026-01-01T15:03:33.291Z] [INFO] [AI:EnhancedContextBuilder] Building context for phase: discovery
[2026-01-01T15:03:33.291Z] [DEBUG] [AI:EnhancedContextBuilder] Using cached context

[2026-01-01T15:03:33.291Z] [INFO] [AI:Pipeline] Response mode: standard (default)

[2026-01-01T15:03:33.293Z] [DEBUG] [AI:MCP] Handler registered for: get_project_details
[2026-01-01T15:03:33.293Z] [DEBUG] [AI:MCP] Handler registered for: search_knowledge_base
[2026-01-01T15:03:33.293Z] [DEBUG] [AI:MCP] Handler registered for: calculate_roi_draft
[2026-01-01T15:03:33.293Z] [DEBUG] [AI:MCP] Handler registered for: create_initiative
[2026-01-01T15:03:33.293Z] [DEBUG] [AI:MCP] Handler registered for: update_assessment_score
[MCP] Registered tools: get_project_details, search_knowledge_base, calculate_roi_draft, create_initiative, update_assessment_score
[2026-01-01T15:03:33.294Z] [INFO] [AI:Pipeline] Calling LLM Service {&quot;model&quot;:&quot;gpt-4o-mini&quot;,&quot;toolsEnabled&quot;:true,&quot;streaming&quot;:false}
[2026-01-01T15:03:33.294Z] [INFO] [AI:Pipeline] LLM attempt 1/3 {&quot;model&quot;:&quot;gpt-4o-mini&quot;}

[2026-01-01T15:03:33.295Z] [INFO] [AI:Observability] Generation recorded {&quot;traceId&quot;:&quot;trace_1767279813289_efibpautu&quot;,&quot;model&quot;:&quot;gpt-4o-mini&quot;,&quot;tokens&quot;:150,&quot;cost&quot;:0.000045}

[2026-01-01T15:03:33.295Z] [DEBUG] [AI:Cache] set: HIT

[2026-01-01T15:03:33.295Z] [INFO] [AI:Observability] Trace completed {&quot;traceId&quot;:&quot;trace_1767279813289_efibpautu&quot;,&quot;duration&quot;:6,&quot;status&quot;:&quot;success&quot;}
[2026-01-01T15:03:33.295Z] [INFO] [AI:Pipeline] Process complete {&quot;latency&quot;:5,&quot;tokensUsed&quot;:150,&quot;costUsd&quot;:0.000045,&quot;qualityScore&quot;:0.92,&quot;traceId&quot;:&quot;trace_1767279813289_efibpautu&quot;}

            </system-out>
            <system-err>
[RagService] searchRelevantChunks error: OpenAI API key not configured

[2026-01-01T15:03:33.290Z] [ERROR] [AI:OrgMemoryStore] Search error: OpenAI API key not configured

[2026-01-01T15:03:33.290Z] [WARN] [AI:MemoryManager] Layer knowledge retrieval failed: OpenAI API key not configured

[AIPipeline] Audit log failed: SQLITE_ERROR: table ai_audit_logs has no column named timestamp

[2026-01-01T15:03:33.295Z] [WARN] [AI:Pipeline] Enhanced learning record sync error (non-blocking): this.learningSystem.recordWithAutoFeedback is not a function

            </system-err>
        </testcase>
        <testcase classname="tests/backend/ai/aiPipeline.integration.test.js" name="AI Pipeline Integration Tests &gt; Pipeline Process &gt; should check rate limits" time="0.004095709">
            <system-out>
[2026-01-01T15:03:33.296Z] [INFO] [AI:Pipeline] Starting process {&quot;capability&quot;:&quot;chat&quot;,&quot;traceId&quot;:&quot;trace_1767279813296_mxqq8k9f6&quot;}

[2026-01-01T15:03:33.297Z] [INFO] [AI:Pipeline] Effective settings loaded {&quot;proactivityMode&quot;:&quot;BALANCED&quot;,&quot;maxTokens&quot;:4096}

[2026-01-01T15:03:33.297Z] [DEBUG] [AI:Cache] get: MISS

[2026-01-01T15:03:33.297Z] [DEBUG] [AI:MemoryManager] Retrieving from layers: session, project, organization, knowledge

[2026-01-01T15:03:33.297Z] [DEBUG] [AI:MemoryManager] Retrieved 10 chunks in 0ms

[2026-01-01T15:03:33.297Z] [DEBUG] [AI:Pipeline] Memory retrieved: 10 chunks, 464 tokens
[2026-01-01T15:03:33.297Z] [INFO] [AI:EnhancedContextBuilder] Building context for phase: discovery
[2026-01-01T15:03:33.297Z] [DEBUG] [AI:EnhancedContextBuilder] Using cached context

[2026-01-01T15:03:33.297Z] [INFO] [AI:Pipeline] Response mode: standard (default)

[2026-01-01T15:03:33.298Z] [INFO] [AI:Pipeline] Calling LLM Service {&quot;model&quot;:&quot;gpt-4o-mini&quot;,&quot;toolsEnabled&quot;:true,&quot;streaming&quot;:false}
[2026-01-01T15:03:33.298Z] [INFO] [AI:Pipeline] LLM attempt 1/3 {&quot;model&quot;:&quot;gpt-4o-mini&quot;}

[2026-01-01T15:03:33.298Z] [INFO] [AI:Observability] Generation recorded {&quot;traceId&quot;:&quot;trace_1767279813296_mxqq8k9f6&quot;,&quot;model&quot;:&quot;gpt-4o-mini&quot;,&quot;tokens&quot;:150,&quot;cost&quot;:0.000045}

[2026-01-01T15:03:33.298Z] [DEBUG] [AI:Cache] set: HIT

[2026-01-01T15:03:33.299Z] [INFO] [AI:Observability] Trace completed {&quot;traceId&quot;:&quot;trace_1767279813296_mxqq8k9f6&quot;,&quot;duration&quot;:3,&quot;status&quot;:&quot;success&quot;}
[2026-01-01T15:03:33.299Z] [INFO] [AI:Pipeline] Process complete {&quot;latency&quot;:2,&quot;tokensUsed&quot;:150,&quot;costUsd&quot;:0.000045,&quot;qualityScore&quot;:0.92,&quot;traceId&quot;:&quot;trace_1767279813296_mxqq8k9f6&quot;}

            </system-out>
            <system-err>
[RagService] searchRelevantChunks error: OpenAI API key not configured

[2026-01-01T15:03:33.297Z] [ERROR] [AI:OrgMemoryStore] Search error: OpenAI API key not configured

[2026-01-01T15:03:33.297Z] [WARN] [AI:MemoryManager] Layer knowledge retrieval failed: OpenAI API key not configured

[AIPipeline] Audit log failed: SQLITE_ERROR: table ai_audit_logs has no column named timestamp

[2026-01-01T15:03:33.299Z] [WARN] [AI:Pipeline] Enhanced learning record sync error (non-blocking): this.learningSystem.recordWithAutoFeedback is not a function

            </system-err>
        </testcase>
        <testcase classname="tests/backend/ai/aiPipeline.integration.test.js" name="AI Pipeline Integration Tests &gt; Pipeline Process &gt; should check quota" time="0.003766208">
            <system-out>
[2026-01-01T15:03:33.300Z] [INFO] [AI:Pipeline] Starting process {&quot;capability&quot;:&quot;chat&quot;,&quot;traceId&quot;:&quot;trace_1767279813300_8qbrmci1i&quot;}

[2026-01-01T15:03:33.301Z] [INFO] [AI:Pipeline] Effective settings loaded {&quot;proactivityMode&quot;:&quot;BALANCED&quot;,&quot;maxTokens&quot;:4096}

[2026-01-01T15:03:33.301Z] [DEBUG] [AI:Cache] get: MISS

[2026-01-01T15:03:33.301Z] [DEBUG] [AI:MemoryManager] Retrieving from layers: session, project, organization, knowledge

[2026-01-01T15:03:33.302Z] [DEBUG] [AI:MemoryManager] Retrieved 10 chunks in 1ms

[2026-01-01T15:03:33.302Z] [DEBUG] [AI:Pipeline] Memory retrieved: 10 chunks, 464 tokens
[2026-01-01T15:03:33.302Z] [INFO] [AI:EnhancedContextBuilder] Building context for phase: discovery
[2026-01-01T15:03:33.302Z] [DEBUG] [AI:EnhancedContextBuilder] Using cached context

[2026-01-01T15:03:33.302Z] [INFO] [AI:Pipeline] Response mode: standard (default)

[2026-01-01T15:03:33.302Z] [INFO] [AI:Pipeline] Calling LLM Service {&quot;model&quot;:&quot;gpt-4o-mini&quot;,&quot;toolsEnabled&quot;:true,&quot;streaming&quot;:false}
[2026-01-01T15:03:33.302Z] [INFO] [AI:Pipeline] LLM attempt 1/3 {&quot;model&quot;:&quot;gpt-4o-mini&quot;}

[2026-01-01T15:03:33.303Z] [INFO] [AI:Observability] Generation recorded {&quot;traceId&quot;:&quot;trace_1767279813300_8qbrmci1i&quot;,&quot;model&quot;:&quot;gpt-4o-mini&quot;,&quot;tokens&quot;:150,&quot;cost&quot;:0.000045}

[2026-01-01T15:03:33.303Z] [DEBUG] [AI:Cache] set: HIT

[2026-01-01T15:03:33.303Z] [INFO] [AI:Observability] Trace completed {&quot;traceId&quot;:&quot;trace_1767279813300_8qbrmci1i&quot;,&quot;duration&quot;:3,&quot;status&quot;:&quot;success&quot;}
[2026-01-01T15:03:33.303Z] [INFO] [AI:Pipeline] Process complete {&quot;latency&quot;:3,&quot;tokensUsed&quot;:150,&quot;costUsd&quot;:0.000045,&quot;qualityScore&quot;:0.92,&quot;traceId&quot;:&quot;trace_1767279813300_8qbrmci1i&quot;}

            </system-out>
            <system-err>
[RagService] searchRelevantChunks error: OpenAI API key not configured

[2026-01-01T15:03:33.301Z] [ERROR] [AI:OrgMemoryStore] Search error: OpenAI API key not configured

[2026-01-01T15:03:33.301Z] [WARN] [AI:MemoryManager] Layer knowledge retrieval failed: OpenAI API key not configured

[AIPipeline] Audit log failed: SQLITE_ERROR: table ai_audit_logs has no column named timestamp

[2026-01-01T15:03:33.303Z] [WARN] [AI:Pipeline] Enhanced learning record sync error (non-blocking): this.learningSystem.recordWithAutoFeedback is not a function

            </system-err>
        </testcase>
        <testcase classname="tests/backend/ai/aiPipeline.integration.test.js" name="AI Pipeline Integration Tests &gt; Pipeline Process &gt; should perform quality check on response" time="0.002954083">
            <system-out>
[2026-01-01T15:03:33.304Z] [INFO] [AI:Pipeline] Starting process {&quot;capability&quot;:&quot;chat&quot;,&quot;traceId&quot;:&quot;trace_1767279813304_x6gn4rge2&quot;}

[2026-01-01T15:03:33.304Z] [INFO] [AI:Pipeline] Effective settings loaded {&quot;proactivityMode&quot;:&quot;BALANCED&quot;,&quot;maxTokens&quot;:4096}

[2026-01-01T15:03:33.304Z] [DEBUG] [AI:Cache] get: MISS

[2026-01-01T15:03:33.304Z] [DEBUG] [AI:MemoryManager] Retrieving from layers: session, project, organization, knowledge

[2026-01-01T15:03:33.305Z] [DEBUG] [AI:MemoryManager] Retrieved 10 chunks in 1ms

[2026-01-01T15:03:33.305Z] [DEBUG] [AI:Pipeline] Memory retrieved: 10 chunks, 464 tokens
[2026-01-01T15:03:33.305Z] [INFO] [AI:EnhancedContextBuilder] Building context for phase: discovery
[2026-01-01T15:03:33.305Z] [DEBUG] [AI:EnhancedContextBuilder] Using cached context

[2026-01-01T15:03:33.305Z] [INFO] [AI:Pipeline] Response mode: standard (default)

[2026-01-01T15:03:33.305Z] [INFO] [AI:Pipeline] Calling LLM Service {&quot;model&quot;:&quot;gpt-4o-mini&quot;,&quot;toolsEnabled&quot;:true,&quot;streaming&quot;:false}
[2026-01-01T15:03:33.305Z] [INFO] [AI:Pipeline] LLM attempt 1/3 {&quot;model&quot;:&quot;gpt-4o-mini&quot;}

[2026-01-01T15:03:33.305Z] [INFO] [AI:Observability] Generation recorded {&quot;traceId&quot;:&quot;trace_1767279813304_x6gn4rge2&quot;,&quot;model&quot;:&quot;gpt-4o-mini&quot;,&quot;tokens&quot;:150,&quot;cost&quot;:0.000045}

[2026-01-01T15:03:33.305Z] [DEBUG] [AI:Cache] set: HIT

[2026-01-01T15:03:33.306Z] [INFO] [AI:Observability] Trace completed {&quot;traceId&quot;:&quot;trace_1767279813304_x6gn4rge2&quot;,&quot;duration&quot;:2,&quot;status&quot;:&quot;success&quot;}
[2026-01-01T15:03:33.306Z] [INFO] [AI:Pipeline] Process complete {&quot;latency&quot;:1,&quot;tokensUsed&quot;:150,&quot;costUsd&quot;:0.000045,&quot;qualityScore&quot;:0.92,&quot;traceId&quot;:&quot;trace_1767279813304_x6gn4rge2&quot;}

            </system-out>
            <system-err>
[RagService] searchRelevantChunks error: OpenAI API key not configured

[2026-01-01T15:03:33.304Z] [ERROR] [AI:OrgMemoryStore] Search error: OpenAI API key not configured

[2026-01-01T15:03:33.305Z] [WARN] [AI:MemoryManager] Layer knowledge retrieval failed: OpenAI API key not configured

[AIPipeline] Audit log failed: SQLITE_ERROR: table ai_audit_logs has no column named timestamp

[2026-01-01T15:03:33.306Z] [WARN] [AI:Pipeline] Enhanced learning record sync error (non-blocking): this.learningSystem.recordWithAutoFeedback is not a function

            </system-err>
        </testcase>
        <testcase classname="tests/backend/ai/aiPipeline.integration.test.js" name="AI Pipeline Integration Tests &gt; Pipeline Process &gt; should log to audit" time="0.003883084">
            <system-out>
[2026-01-01T15:03:33.307Z] [INFO] [AI:Pipeline] Starting process {&quot;capability&quot;:&quot;chat&quot;,&quot;traceId&quot;:&quot;trace_1767279813307_gygtafn1n&quot;}

[2026-01-01T15:03:33.307Z] [INFO] [AI:Pipeline] Effective settings loaded {&quot;proactivityMode&quot;:&quot;BALANCED&quot;,&quot;maxTokens&quot;:4096}

[2026-01-01T15:03:33.308Z] [DEBUG] [AI:Cache] get: MISS

[2026-01-01T15:03:33.308Z] [DEBUG] [AI:MemoryManager] Retrieving from layers: session, project, organization, knowledge

[2026-01-01T15:03:33.308Z] [DEBUG] [AI:MemoryManager] Retrieved 10 chunks in 0ms

[2026-01-01T15:03:33.308Z] [DEBUG] [AI:Pipeline] Memory retrieved: 10 chunks, 464 tokens
[2026-01-01T15:03:33.308Z] [INFO] [AI:EnhancedContextBuilder] Building context for phase: discovery
[2026-01-01T15:03:33.308Z] [DEBUG] [AI:EnhancedContextBuilder] Using cached context

[2026-01-01T15:03:33.308Z] [INFO] [AI:Pipeline] Response mode: standard (default)

[2026-01-01T15:03:33.309Z] [INFO] [AI:Pipeline] Calling LLM Service {&quot;model&quot;:&quot;gpt-4o-mini&quot;,&quot;toolsEnabled&quot;:true,&quot;streaming&quot;:false}
[2026-01-01T15:03:33.309Z] [INFO] [AI:Pipeline] LLM attempt 1/3 {&quot;model&quot;:&quot;gpt-4o-mini&quot;}

[2026-01-01T15:03:33.309Z] [INFO] [AI:Observability] Generation recorded {&quot;traceId&quot;:&quot;trace_1767279813307_gygtafn1n&quot;,&quot;model&quot;:&quot;gpt-4o-mini&quot;,&quot;tokens&quot;:150,&quot;cost&quot;:0.000045}

[2026-01-01T15:03:33.309Z] [DEBUG] [AI:Cache] set: HIT

[2026-01-01T15:03:33.310Z] [INFO] [AI:Observability] Trace completed {&quot;traceId&quot;:&quot;trace_1767279813307_gygtafn1n&quot;,&quot;duration&quot;:3,&quot;status&quot;:&quot;success&quot;}
[2026-01-01T15:03:33.310Z] [INFO] [AI:Pipeline] Process complete {&quot;latency&quot;:2,&quot;tokensUsed&quot;:150,&quot;costUsd&quot;:0.000045,&quot;qualityScore&quot;:0.92,&quot;traceId&quot;:&quot;trace_1767279813307_gygtafn1n&quot;}

            </system-out>
            <system-err>
[RagService] searchRelevantChunks error: OpenAI API key not configured

[2026-01-01T15:03:33.308Z] [ERROR] [AI:OrgMemoryStore] Search error: OpenAI API key not configured

[2026-01-01T15:03:33.308Z] [WARN] [AI:MemoryManager] Layer knowledge retrieval failed: OpenAI API key not configured

[AIPipeline] Audit log failed: SQLITE_ERROR: table ai_audit_logs has no column named timestamp

[2026-01-01T15:03:33.310Z] [WARN] [AI:Pipeline] Enhanced learning record sync error (non-blocking): this.learningSystem.recordWithAutoFeedback is not a function

            </system-err>
        </testcase>
        <testcase classname="tests/backend/ai/aiPipeline.integration.test.js" name="AI Pipeline Integration Tests &gt; Pipeline Process &gt; should record to learning system" time="0.00522375">
            <system-out>
[2026-01-01T15:03:33.311Z] [INFO] [AI:Pipeline] Starting process {&quot;capability&quot;:&quot;chat&quot;,&quot;traceId&quot;:&quot;trace_1767279813311_ad5oej8rw&quot;}

[2026-01-01T15:03:33.312Z] [INFO] [AI:Pipeline] Effective settings loaded {&quot;proactivityMode&quot;:&quot;BALANCED&quot;,&quot;maxTokens&quot;:4096}

[2026-01-01T15:03:33.312Z] [DEBUG] [AI:Cache] get: MISS

[2026-01-01T15:03:33.312Z] [DEBUG] [AI:MemoryManager] Retrieving from layers: session, project, organization, knowledge

[2026-01-01T15:03:33.313Z] [DEBUG] [AI:MemoryManager] Retrieved 10 chunks in 1ms

[2026-01-01T15:03:33.313Z] [DEBUG] [AI:Pipeline] Memory retrieved: 10 chunks, 464 tokens
[2026-01-01T15:03:33.313Z] [INFO] [AI:EnhancedContextBuilder] Building context for phase: discovery
[2026-01-01T15:03:33.313Z] [DEBUG] [AI:EnhancedContextBuilder] Using cached context

[2026-01-01T15:03:33.313Z] [INFO] [AI:Pipeline] Response mode: standard (default)

[2026-01-01T15:03:33.314Z] [INFO] [AI:Pipeline] Calling LLM Service {&quot;model&quot;:&quot;gpt-4o-mini&quot;,&quot;toolsEnabled&quot;:true,&quot;streaming&quot;:false}
[2026-01-01T15:03:33.314Z] [INFO] [AI:Pipeline] LLM attempt 1/3 {&quot;model&quot;:&quot;gpt-4o-mini&quot;}

[2026-01-01T15:03:33.314Z] [INFO] [AI:Observability] Generation recorded {&quot;traceId&quot;:&quot;trace_1767279813311_ad5oej8rw&quot;,&quot;model&quot;:&quot;gpt-4o-mini&quot;,&quot;tokens&quot;:150,&quot;cost&quot;:0.000045}

[2026-01-01T15:03:33.314Z] [DEBUG] [AI:Cache] set: HIT

[2026-01-01T15:03:33.314Z] [INFO] [AI:Observability] Trace completed {&quot;traceId&quot;:&quot;trace_1767279813311_ad5oej8rw&quot;,&quot;duration&quot;:3,&quot;status&quot;:&quot;success&quot;}
[2026-01-01T15:03:33.314Z] [INFO] [AI:Pipeline] Process complete {&quot;latency&quot;:3,&quot;tokensUsed&quot;:150,&quot;costUsd&quot;:0.000045,&quot;qualityScore&quot;:0.92,&quot;traceId&quot;:&quot;trace_1767279813311_ad5oej8rw&quot;}

            </system-out>
            <system-err>
[RagService] searchRelevantChunks error: OpenAI API key not configured

[2026-01-01T15:03:33.312Z] [ERROR] [AI:OrgMemoryStore] Search error: OpenAI API key not configured

[2026-01-01T15:03:33.313Z] [WARN] [AI:MemoryManager] Layer knowledge retrieval failed: OpenAI API key not configured

[AIPipeline] Audit log failed: SQLITE_ERROR: table ai_audit_logs has no column named timestamp

[2026-01-01T15:03:33.314Z] [WARN] [AI:Pipeline] Enhanced learning record sync error (non-blocking): this.learningSystem.recordWithAutoFeedback is not a function

            </system-err>
            <failure message="expected &quot;vi.fn()&quot; to be called at least once" type="AssertionError">
AssertionError: expected &quot;vi.fn()&quot; to be called at least once
 ❯ tests/backend/ai/aiPipeline.integration.test.js:323:52
            </failure>
        </testcase>
        <testcase classname="tests/backend/ai/aiPipeline.integration.test.js" name="AI Pipeline Integration Tests &gt; Pipeline Process &gt; Backward Compatibility &gt; should export all required functions for route compatibility" time="0.001912458">
        </testcase>
        <testcase classname="tests/backend/ai/aiPipeline.integration.test.js" name="AI Pipeline Integration Tests &gt; Pipeline Process &gt; Backward Compatibility &gt; should export CAPABILITY_REGISTRY for inspection" time="0.000885208">
        </testcase>
    </testsuite>
</testsuites>
