<?xml version="1.0" encoding="UTF-8" ?>
<testsuites name="vitest tests" tests="23" failures="0" errors="0" time="0.436010916">
    <testsuite name="tests/integration/routes/analytics.test.js" timestamp="2025-12-20T17:59:14.534Z" hostname="MacBook-Pro-Piotr.local" tests="4" failures="0" errors="0" skipped="0" time="0.085118792">
        <testcase classname="tests/integration/routes/analytics.test.js" name="Integration Test: Analytics Routes &gt; GET /api/analytics/stats &gt; should return analytics statistics" time="0.002950667">
        </testcase>
        <testcase classname="tests/integration/routes/analytics.test.js" name="Integration Test: Analytics Routes &gt; GET /api/analytics/stats &gt; should require authentication" time="0.001313083">
        </testcase>
        <testcase classname="tests/integration/routes/analytics.test.js" name="Integration Test: Analytics Routes &gt; GET /api/analytics/usage &gt; should return usage analytics" time="0.001353">
        </testcase>
        <testcase classname="tests/integration/routes/analytics.test.js" name="Integration Test: Analytics Routes &gt; GET /api/analytics/maturity &gt; should return maturity scores" time="0.001543667">
        </testcase>
    </testsuite>
    <testsuite name="tests/integration/routes/notifications.test.js" timestamp="2025-12-20T17:59:14.535Z" hostname="MacBook-Pro-Piotr.local" tests="6" failures="0" errors="0" skipped="0" time="0.090364166">
        <testcase classname="tests/integration/routes/notifications.test.js" name="Integration Test: Notifications Routes &gt; GET /api/notifications &gt; should return user notifications" time="0.002836417">
        </testcase>
        <testcase classname="tests/integration/routes/notifications.test.js" name="Integration Test: Notifications Routes &gt; GET /api/notifications &gt; should require authentication" time="0.001237583">
        </testcase>
        <testcase classname="tests/integration/routes/notifications.test.js" name="Integration Test: Notifications Routes &gt; GET /api/notifications/counts &gt; should return notification counts" time="0.001598167">
        </testcase>
        <testcase classname="tests/integration/routes/notifications.test.js" name="Integration Test: Notifications Routes &gt; PATCH /api/notifications/:id/read &gt; should mark notification as read" time="0.002743041">
        </testcase>
        <testcase classname="tests/integration/routes/notifications.test.js" name="Integration Test: Notifications Routes &gt; POST /api/notifications/mark-all-read &gt; should mark all notifications as read" time="0.001520834">
        </testcase>
        <testcase classname="tests/integration/routes/notifications.test.js" name="Integration Test: Notifications Routes &gt; DELETE /api/notifications/:id &gt; should delete notification" time="0.00189375">
        </testcase>
    </testsuite>
    <testsuite name="tests/integration/routes/pmoContext.test.js" timestamp="2025-12-20T17:59:14.536Z" hostname="MacBook-Pro-Piotr.local" tests="5" failures="0" errors="0" skipped="0" time="0.090757">
        <testcase classname="tests/integration/routes/pmoContext.test.js" name="PMO Context API &gt; GET /api/pmo-context/:projectId &gt; should return PMO context with phase information" time="0.005412625">
        </testcase>
        <testcase classname="tests/integration/routes/pmoContext.test.js" name="PMO Context API &gt; GET /api/pmo-context/:projectId &gt; should return 404 for non-existent project" time="0.001690125">
        </testcase>
        <testcase classname="tests/integration/routes/pmoContext.test.js" name="PMO Context API &gt; GET /api/pmo-context/:projectId &gt; should include allowed actions for current phase" time="0.00198725">
        </testcase>
        <testcase classname="tests/integration/routes/pmoContext.test.js" name="PMO Context API &gt; GET /api/pmo-context/:projectId &gt; should include system messages based on phase" time="0.00177975">
        </testcase>
        <testcase classname="tests/integration/routes/pmoContext.test.js" name="PMO Context API &gt; GET /api/pmo-context/:projectId/task-labels &gt; should return task labels with PMO relevance" time="0.001124375">
        </testcase>
    </testsuite>
    <testsuite name="tests/integration/routes/sessions.test.js" timestamp="2025-12-20T17:59:14.536Z" hostname="MacBook-Pro-Piotr.local" tests="5" failures="0" errors="0" skipped="0" time="0.086933125">
        <testcase classname="tests/integration/routes/sessions.test.js" name="Integration Test: Sessions Routes &gt; GET /api/sessions &gt; should return user sessions" time="0.002834875">
            <system-out>
[Sessions] GET request for user: sessions-user-1766253554370, type: free, project: NULL

[Sessions] No session found, returning null.

            </system-out>
        </testcase>
        <testcase classname="tests/integration/routes/sessions.test.js" name="Integration Test: Sessions Routes &gt; GET /api/sessions &gt; should require authentication" time="0.00120925">
        </testcase>
        <testcase classname="tests/integration/routes/sessions.test.js" name="Integration Test: Sessions Routes &gt; POST /api/sessions &gt; should create a new session" time="0.001770833">
            <system-out>
[Sessions] SAVE Request for user: sessions-user-1766253554370, type: free, project: NULL

[Sessions] Creating new session 6edcfadf-7f92-46d0-b591-9ecddf303209

            </system-out>
        </testcase>
        <testcase classname="tests/integration/routes/sessions.test.js" name="Integration Test: Sessions Routes &gt; GET /api/sessions/:userId &gt; should return session by user id" time="0.001388125">
            <system-out>
[Sessions] GET request for user: sessions-user-1766253554370, type: free, project: NULL

[Sessions] Session found. Keys: step

            </system-out>
        </testcase>
        <testcase classname="tests/integration/routes/sessions.test.js" name="Integration Test: Sessions Routes &gt; PUT /api/sessions/:id &gt; should update session" time="0.00158825">
            <system-out>
[Sessions] SAVE Request for user: sessions-user-1766253554370, type: free, project: NULL

[Sessions] Updating existing session 6edcfadf-7f92-46d0-b591-9ecddf303209

            </system-out>
        </testcase>
    </testsuite>
    <testsuite name="tests/integration/routes/settings.test.js" timestamp="2025-12-20T17:59:14.538Z" hostname="MacBook-Pro-Piotr.local" tests="3" failures="0" errors="0" skipped="0" time="0.082837833">
        <testcase classname="tests/integration/routes/settings.test.js" name="Integration Test: Settings Routes &gt; GET /api/settings &gt; should return user settings" time="0.001812125">
        </testcase>
        <testcase classname="tests/integration/routes/settings.test.js" name="Integration Test: Settings Routes &gt; GET /api/settings &gt; should require authentication" time="0.001444792">
        </testcase>
        <testcase classname="tests/integration/routes/settings.test.js" name="Integration Test: Settings Routes &gt; PUT /api/settings &gt; should update user settings" time="0.001149">
        </testcase>
    </testsuite>
</testsuites>
