<?xml version="1.0" encoding="UTF-8" ?>
<testsuites name="vitest tests" tests="1" failures="1" errors="0" time="0">
    <testsuite name="tests/backend/trial_limits.test.js" timestamp="2025-12-21T09:27:30.778Z" hostname="MacBook-Pro-Piotr.local" tests="1" failures="1" errors="0" skipped="0" time="0">
        <testcase classname="tests/backend/trial_limits.test.js" name="tests/backend/trial_limits.test.js" time="0">
            <system-out>
[Database] Selected: SQLite

[DB:ra4w5r] Initializing database at :memory:
Connected to the SQLite database.
Created billing tables and seeded default subscription plans.
Seeded SuperAdmin and DBR77 Users.

            </system-out>
            <failure message="jest is not defined" type="ReferenceError">
ReferenceError: jest is not defined
 ❯ tests/backend/trial_limits.test.js:4:1
            </failure>
        </testcase>
    </testsuite>
</testsuites>
