<?xml version="1.0" encoding="UTF-8" ?>
<testsuites name="vitest tests" tests="1475" failures="32" errors="0" time="94.751522293">
    <testsuite name="tests/unit/actionProposalEngine.test.js" timestamp="2025-12-21T19:48:14.568Z" hostname="MacBook-Pro-Piotr.local" tests="6" failures="0" errors="0" skipped="0" time="0.214127916">
        <testcase classname="tests/unit/actionProposalEngine.test.js" name="ActionProposalEngine &gt; should generate proposals for USER_AT_RISK" time="0.007826209">
        </testcase>
        <testcase classname="tests/unit/actionProposalEngine.test.js" name="ActionProposalEngine &gt; should generate proposals for BLOCKED_INITIATIVE" time="0.000282834">
        </testcase>
        <testcase classname="tests/unit/actionProposalEngine.test.js" name="ActionProposalEngine &gt; should generate proposals for STRONG_TEAM_MEMBER" time="0.000412125">
        </testcase>
        <testcase classname="tests/unit/actionProposalEngine.test.js" name="ActionProposalEngine &gt; should be deterministic (return same output for same input)" time="0.000280041">
        </testcase>
        <testcase classname="tests/unit/actionProposalEngine.test.js" name="ActionProposalEngine &gt; should return sorted proposals by proposal_id" time="0.000494791">
        </testcase>
        <testcase classname="tests/unit/actionProposalEngine.test.js" name="ActionProposalEngine &gt; should adhere to the mandatory output model" time="0.0003755">
        </testcase>
    </testsuite>
    <testsuite name="tests/unit/aiModeResolver.test.js" timestamp="2025-12-21T19:48:14.570Z" hostname="MacBook-Pro-Piotr.local" tests="29" failures="0" errors="0" skipped="0" time="0.194992792">
        <testcase classname="tests/unit/aiModeResolver.test.js" name="AIModeResolver &gt; Mode Constants &gt; should have all 6 AI modes" time="0.00066725">
        </testcase>
        <testcase classname="tests/unit/aiModeResolver.test.js" name="AIModeResolver &gt; Phase to Mode Mapping &gt; Phase A maps to OFF (no AI)" time="0.000117416">
        </testcase>
        <testcase classname="tests/unit/aiModeResolver.test.js" name="AIModeResolver &gt; Phase to Mode Mapping &gt; Phase B maps to NARRATOR" time="0.000069833">
        </testcase>
        <testcase classname="tests/unit/aiModeResolver.test.js" name="AIModeResolver &gt; Phase to Mode Mapping &gt; Phase C maps to GUIDE" time="0.000054334">
        </testcase>
        <testcase classname="tests/unit/aiModeResolver.test.js" name="AIModeResolver &gt; Phase to Mode Mapping &gt; Phase D maps to GUIDE" time="0.000058708">
        </testcase>
        <testcase classname="tests/unit/aiModeResolver.test.js" name="AIModeResolver &gt; Phase to Mode Mapping &gt; Phase E maps to THINKING_PARTNER" time="0.000044">
        </testcase>
        <testcase classname="tests/unit/aiModeResolver.test.js" name="AIModeResolver &gt; Phase to Mode Mapping &gt; Phase F maps to FACILITATOR" time="0.000038292">
        </testcase>
        <testcase classname="tests/unit/aiModeResolver.test.js" name="AIModeResolver &gt; Phase to Mode Mapping &gt; Phase G maps to META_ANALYST" time="0.000036125">
        </testcase>
        <testcase classname="tests/unit/aiModeResolver.test.js" name="AIModeResolver &gt; Mode Capabilities &gt; OFF mode cannot respond" time="0.000080083">
        </testcase>
        <testcase classname="tests/unit/aiModeResolver.test.js" name="AIModeResolver &gt; Mode Capabilities &gt; NARRATOR can explain but not recommend" time="0.000077041">
        </testcase>
        <testcase classname="tests/unit/aiModeResolver.test.js" name="AIModeResolver &gt; Mode Capabilities &gt; GUIDE can explain but not recommend or analyze" time="0.000058333">
        </testcase>
        <testcase classname="tests/unit/aiModeResolver.test.js" name="AIModeResolver &gt; Mode Capabilities &gt; THINKING_PARTNER can recommend and analyze" time="0.0000645">
        </testcase>
        <testcase classname="tests/unit/aiModeResolver.test.js" name="AIModeResolver &gt; Mode Capabilities &gt; FACILITATOR can facilitate but not benchmark" time="0.000047375">
        </testcase>
        <testcase classname="tests/unit/aiModeResolver.test.js" name="AIModeResolver &gt; Mode Capabilities &gt; META_ANALYST has all capabilities" time="0.000049167">
        </testcase>
        <testcase classname="tests/unit/aiModeResolver.test.js" name="AIModeResolver &gt; canAIRespond &gt; returns false for OFF mode" time="0.000043916">
        </testcase>
        <testcase classname="tests/unit/aiModeResolver.test.js" name="AIModeResolver &gt; canAIRespond &gt; returns true for all other modes" time="0.000062125">
        </testcase>
        <testcase classname="tests/unit/aiModeResolver.test.js" name="AIModeResolver &gt; Request Validation &gt; OFF mode blocks all requests" time="0.00011075">
        </testcase>
        <testcase classname="tests/unit/aiModeResolver.test.js" name="AIModeResolver &gt; Request Validation &gt; NARRATOR blocks recommendations" time="0.000037375">
        </testcase>
        <testcase classname="tests/unit/aiModeResolver.test.js" name="AIModeResolver &gt; Request Validation &gt; GUIDE blocks analysis" time="0.000031125">
        </testcase>
        <testcase classname="tests/unit/aiModeResolver.test.js" name="AIModeResolver &gt; Request Validation &gt; THINKING_PARTNER allows recommendations" time="0.000031459">
        </testcase>
        <testcase classname="tests/unit/aiModeResolver.test.js" name="AIModeResolver &gt; Request Validation &gt; THINKING_PARTNER blocks benchmarks" time="0.000028625">
        </testcase>
        <testcase classname="tests/unit/aiModeResolver.test.js" name="AIModeResolver &gt; Request Validation &gt; META_ANALYST allows benchmarks" time="0.00002675">
        </testcase>
        <testcase classname="tests/unit/aiModeResolver.test.js" name="AIModeResolver &gt; System Instructions &gt; OFF mode returns null" time="0.000040209">
        </testcase>
        <testcase classname="tests/unit/aiModeResolver.test.js" name="AIModeResolver &gt; System Instructions &gt; NARRATOR instruction contains mode declaration" time="0.000037875">
        </testcase>
        <testcase classname="tests/unit/aiModeResolver.test.js" name="AIModeResolver &gt; System Instructions &gt; GUIDE instruction contains forbidden actions" time="0.000036375">
        </testcase>
        <testcase classname="tests/unit/aiModeResolver.test.js" name="AIModeResolver &gt; System Instructions &gt; THINKING_PARTNER instruction contains 5-7 questions rule" time="0.000027625">
        </testcase>
        <testcase classname="tests/unit/aiModeResolver.test.js" name="AIModeResolver &gt; System Instructions &gt; FACILITATOR instruction forbids taking sides" time="0.000026583">
        </testcase>
        <testcase classname="tests/unit/aiModeResolver.test.js" name="AIModeResolver &gt; System Instructions &gt; META_ANALYST instruction forbids exposing identities" time="0.00002525">
        </testcase>
        <testcase classname="tests/unit/aiModeResolver.test.js" name="AIModeResolver &gt; Off Mode Response &gt; returns appropriate message for Phase A users" time="0.000039125">
        </testcase>
    </testsuite>
    <testsuite name="tests/unit/aiPlaybookRoutingEngine.test.js" timestamp="2025-12-21T19:48:14.573Z" hostname="MacBook-Pro-Piotr.local" tests="29" failures="0" errors="0" skipped="0" time="0.091119458">
        <testcase classname="tests/unit/aiPlaybookRoutingEngine.test.js" name="AIPlaybookRoutingEngine &gt; evaluateCondition &gt; metric_lte &gt; should match when metric is less than threshold" time="0.000688792">
        </testcase>
        <testcase classname="tests/unit/aiPlaybookRoutingEngine.test.js" name="AIPlaybookRoutingEngine &gt; evaluateCondition &gt; metric_lte &gt; should match when metric equals threshold" time="0.000091584">
        </testcase>
        <testcase classname="tests/unit/aiPlaybookRoutingEngine.test.js" name="AIPlaybookRoutingEngine &gt; evaluateCondition &gt; metric_lte &gt; should not match when metric is greater than threshold" time="0.000079666">
        </testcase>
        <testcase classname="tests/unit/aiPlaybookRoutingEngine.test.js" name="AIPlaybookRoutingEngine &gt; evaluateCondition &gt; metric_lte &gt; should not match when metric is not found" time="0.00008425">
        </testcase>
        <testcase classname="tests/unit/aiPlaybookRoutingEngine.test.js" name="AIPlaybookRoutingEngine &gt; evaluateCondition &gt; metric_lte &gt; should return false for invalid format" time="0.000071416">
        </testcase>
        <testcase classname="tests/unit/aiPlaybookRoutingEngine.test.js" name="AIPlaybookRoutingEngine &gt; evaluateCondition &gt; metric_gte &gt; should match when metric is greater than threshold" time="0.00006025">
        </testcase>
        <testcase classname="tests/unit/aiPlaybookRoutingEngine.test.js" name="AIPlaybookRoutingEngine &gt; evaluateCondition &gt; metric_gte &gt; should match when metric equals threshold" time="0.000044875">
        </testcase>
        <testcase classname="tests/unit/aiPlaybookRoutingEngine.test.js" name="AIPlaybookRoutingEngine &gt; evaluateCondition &gt; metric_gte &gt; should not match when metric is less than threshold" time="0.000038041">
        </testcase>
        <testcase classname="tests/unit/aiPlaybookRoutingEngine.test.js" name="AIPlaybookRoutingEngine &gt; evaluateCondition &gt; flag_eq &gt; should match when flag equals expected value" time="0.000046083">
        </testcase>
        <testcase classname="tests/unit/aiPlaybookRoutingEngine.test.js" name="AIPlaybookRoutingEngine &gt; evaluateCondition &gt; flag_eq &gt; should not match when flag does not equal expected value" time="0.000053792">
        </testcase>
        <testcase classname="tests/unit/aiPlaybookRoutingEngine.test.js" name="AIPlaybookRoutingEngine &gt; evaluateCondition &gt; flag_eq &gt; should work with string values" time="0.0000405">
        </testcase>
        <testcase classname="tests/unit/aiPlaybookRoutingEngine.test.js" name="AIPlaybookRoutingEngine &gt; evaluateCondition &gt; has_open_tasks &gt; should match when open tasks exist and condition is true" time="0.000048791">
        </testcase>
        <testcase classname="tests/unit/aiPlaybookRoutingEngine.test.js" name="AIPlaybookRoutingEngine &gt; evaluateCondition &gt; has_open_tasks &gt; should match when no open tasks and condition is false" time="0.000034">
        </testcase>
        <testcase classname="tests/unit/aiPlaybookRoutingEngine.test.js" name="AIPlaybookRoutingEngine &gt; evaluateCondition &gt; has_open_tasks &gt; should recognize in_progress as open" time="0.000029375">
        </testcase>
        <testcase classname="tests/unit/aiPlaybookRoutingEngine.test.js" name="AIPlaybookRoutingEngine &gt; evaluateCondition &gt; has_open_tasks &gt; should recognize PENDING as open" time="0.000027375">
        </testcase>
        <testcase classname="tests/unit/aiPlaybookRoutingEngine.test.js" name="AIPlaybookRoutingEngine &gt; evaluateCondition &gt; signal_present &gt; should match when signal is present" time="0.000037042">
        </testcase>
        <testcase classname="tests/unit/aiPlaybookRoutingEngine.test.js" name="AIPlaybookRoutingEngine &gt; evaluateCondition &gt; signal_present &gt; should not match when signal is not present" time="0.000030708">
        </testcase>
        <testcase classname="tests/unit/aiPlaybookRoutingEngine.test.js" name="AIPlaybookRoutingEngine &gt; evaluateCondition &gt; signal_present &gt; should handle simple string signals" time="0.000041958">
        </testcase>
        <testcase classname="tests/unit/aiPlaybookRoutingEngine.test.js" name="AIPlaybookRoutingEngine &gt; evaluateCondition &gt; time_since_step_gte &gt; should match when enough time has passed" time="0.00016625">
        </testcase>
        <testcase classname="tests/unit/aiPlaybookRoutingEngine.test.js" name="AIPlaybookRoutingEngine &gt; evaluateCondition &gt; time_since_step_gte &gt; should not match when not enough time has passed" time="0.000044542">
        </testcase>
        <testcase classname="tests/unit/aiPlaybookRoutingEngine.test.js" name="AIPlaybookRoutingEngine &gt; evaluateCondition &gt; time_since_step_gte &gt; should not match when step timestamp not found" time="0.000038959">
        </testcase>
        <testcase classname="tests/unit/aiPlaybookRoutingEngine.test.js" name="AIPlaybookRoutingEngine &gt; evaluateCondition &gt; unknown conditions &gt; should fail safely for unknown condition type" time="0.000165125">
            <system-err>
[AIPlaybookRoutingEngine] Unknown condition type: unknown_condition

            </system-err>
        </testcase>
        <testcase classname="tests/unit/aiPlaybookRoutingEngine.test.js" name="AIPlaybookRoutingEngine &gt; evaluateCondition &gt; unknown conditions &gt; should fail safely for empty condition" time="0.000036833">
        </testcase>
        <testcase classname="tests/unit/aiPlaybookRoutingEngine.test.js" name="AIPlaybookRoutingEngine &gt; evaluateRouting &gt; should select first matching rule in first_match mode" time="0.0001205">
        </testcase>
        <testcase classname="tests/unit/aiPlaybookRoutingEngine.test.js" name="AIPlaybookRoutingEngine &gt; evaluateRouting &gt; should use else_goto when no rules match" time="0.00004475">
        </testcase>
        <testcase classname="tests/unit/aiPlaybookRoutingEngine.test.js" name="AIPlaybookRoutingEngine &gt; evaluateRouting &gt; should return null when no rules match and no else_goto" time="0.000050333">
        </testcase>
        <testcase classname="tests/unit/aiPlaybookRoutingEngine.test.js" name="AIPlaybookRoutingEngine &gt; evaluateRouting &gt; should use linear flow when no branch_rules defined" time="0.00003425">
        </testcase>
        <testcase classname="tests/unit/aiPlaybookRoutingEngine.test.js" name="AIPlaybookRoutingEngine &gt; evaluateRouting &gt; should record evaluation trace" time="0.000327958">
        </testcase>
        <testcase classname="tests/unit/aiPlaybookRoutingEngine.test.js" name="AIPlaybookRoutingEngine &gt; evaluateRouting &gt; should skip rules with invalid conditions" time="0.000042833">
        </testcase>
    </testsuite>
    <testsuite name="tests/unit/aiResponsePostProcessor.test.js" timestamp="2025-12-21T19:48:14.575Z" hostname="MacBook-Pro-Piotr.local" tests="20" failures="0" errors="0" skipped="0" time="0.31134675">
        <testcase classname="tests/unit/aiResponsePostProcessor.test.js" name="aiResponsePostProcessor &gt; Memory Prefix &gt; should add memory prefix when memory count &gt; 0" time="0.00078575">
        </testcase>
        <testcase classname="tests/unit/aiResponsePostProcessor.test.js" name="aiResponsePostProcessor &gt; Memory Prefix &gt; should NOT add memory prefix when memory count is 0" time="0.000166333">
        </testcase>
        <testcase classname="tests/unit/aiResponsePostProcessor.test.js" name="aiResponsePostProcessor &gt; Memory Prefix &gt; should NOT duplicate memory prefix if already present" time="0.000091375">
        </testcase>
        <testcase classname="tests/unit/aiResponsePostProcessor.test.js" name="aiResponsePostProcessor &gt; External Sources Prefix &gt; should add external prefix when external sources are used" time="0.000091417">
        </testcase>
        <testcase classname="tests/unit/aiResponsePostProcessor.test.js" name="aiResponsePostProcessor &gt; External Sources Prefix &gt; should NOT add external prefix when no external sources" time="0.000080917">
        </testcase>
        <testcase classname="tests/unit/aiResponsePostProcessor.test.js" name="aiResponsePostProcessor &gt; External Sources Prefix &gt; should NOT duplicate external prefix if already present" time="0.000163708">
        </testcase>
        <testcase classname="tests/unit/aiResponsePostProcessor.test.js" name="aiResponsePostProcessor &gt; Combined Prefixes &gt; should add both prefixes when both memory and external sources exist" time="0.000078125">
        </testcase>
        <testcase classname="tests/unit/aiResponsePostProcessor.test.js" name="aiResponsePostProcessor &gt; Combined Prefixes &gt; should maintain correct order: memory first, then external" time="0.000067">
        </testcase>
        <testcase classname="tests/unit/aiResponsePostProcessor.test.js" name="aiResponsePostProcessor &gt; Edge Cases &gt; should handle empty response safely" time="0.000044666">
        </testcase>
        <testcase classname="tests/unit/aiResponsePostProcessor.test.js" name="aiResponsePostProcessor &gt; Edge Cases &gt; should handle null response safely" time="0.000053333">
        </testcase>
        <testcase classname="tests/unit/aiResponsePostProcessor.test.js" name="aiResponsePostProcessor &gt; Edge Cases &gt; should handle undefined context safely" time="0.000038958">
        </testcase>
        <testcase classname="tests/unit/aiResponsePostProcessor.test.js" name="aiResponsePostProcessor &gt; Edge Cases &gt; should handle null context safely" time="0.000031083">
        </testcase>
        <testcase classname="tests/unit/aiResponsePostProcessor.test.js" name="aiResponsePostProcessor &gt; Edge Cases &gt; should trim whitespace from response" time="0.000034917">
        </testcase>
        <testcase classname="tests/unit/aiResponsePostProcessor.test.js" name="aiResponsePostProcessor &gt; Helper Functions &gt; getMemoryCount &gt; should count previous decisions" time="0.000129125">
        </testcase>
        <testcase classname="tests/unit/aiResponsePostProcessor.test.js" name="aiResponsePostProcessor &gt; Helper Functions &gt; getMemoryCount &gt; should return memoryCount from projectMemory" time="0.000074542">
        </testcase>
        <testcase classname="tests/unit/aiResponsePostProcessor.test.js" name="aiResponsePostProcessor &gt; Helper Functions &gt; getMemoryCount &gt; should return 1 when PMO health snapshot exists" time="0.000049208">
        </testcase>
        <testcase classname="tests/unit/aiResponsePostProcessor.test.js" name="aiResponsePostProcessor &gt; Helper Functions &gt; getExternalSources &gt; should return externalSourcesUsed array" time="0.000675292">
        </testcase>
        <testcase classname="tests/unit/aiResponsePostProcessor.test.js" name="aiResponsePostProcessor &gt; Helper Functions &gt; getExternalSources &gt; should derive sources from fetchedData" time="0.000392917">
        </testcase>
        <testcase classname="tests/unit/aiResponsePostProcessor.test.js" name="aiResponsePostProcessor &gt; Helper Functions &gt; stripPrefixes &gt; should remove memory and external prefixes" time="0.000097667">
        </testcase>
        <testcase classname="tests/unit/aiResponsePostProcessor.test.js" name="aiResponsePostProcessor &gt; Helper Functions &gt; stripPrefixes &gt; should handle text without prefixes" time="0.000044334">
        </testcase>
    </testsuite>
    <testsuite name="tests/unit/aiRoleGuard.test.js" timestamp="2025-12-21T19:48:14.576Z" hostname="MacBook-Pro-Piotr.local" tests="16" failures="0" errors="0" skipped="0" time="0.135847542">
        <testcase classname="tests/unit/aiRoleGuard.test.js" name="AI Role Guard &gt; Role Definitions &gt; should define three roles in correct hierarchy" time="0.000819167">
        </testcase>
        <testcase classname="tests/unit/aiRoleGuard.test.js" name="AI Role Guard &gt; Role Definitions &gt; should define capabilities for each role" time="0.000192458">
        </testcase>
        <testcase classname="tests/unit/aiRoleGuard.test.js" name="AI Role Guard &gt; Role Descriptions &gt; should return correct description for each role" time="0.000125834">
        </testcase>
        <testcase classname="tests/unit/aiRoleGuard.test.js" name="AI Role Guard &gt; Role Descriptions &gt; should default to ADVISOR description for unknown role" time="0.000052">
        </testcase>
        <testcase classname="tests/unit/aiRoleGuard.test.js" name="AI Role Guard &gt; Action Capability Checks &gt; ADVISOR Role &gt; should allow explain actions" time="0.000177291">
        </testcase>
        <testcase classname="tests/unit/aiRoleGuard.test.js" name="AI Role Guard &gt; Action Capability Checks &gt; ADVISOR Role &gt; should block draft creation" time="0.000080041">
        </testcase>
        <testcase classname="tests/unit/aiRoleGuard.test.js" name="AI Role Guard &gt; Action Capability Checks &gt; ADVISOR Role &gt; should block execution actions" time="0.000053917">
        </testcase>
        <testcase classname="tests/unit/aiRoleGuard.test.js" name="AI Role Guard &gt; Action Capability Checks &gt; MANAGER Role &gt; should allow draft creation with approval required" time="0.00006075">
        </testcase>
        <testcase classname="tests/unit/aiRoleGuard.test.js" name="AI Role Guard &gt; Action Capability Checks &gt; MANAGER Role &gt; should block execution actions" time="0.000057625">
        </testcase>
        <testcase classname="tests/unit/aiRoleGuard.test.js" name="AI Role Guard &gt; Action Capability Checks &gt; OPERATOR Role &gt; should allow execution actions" time="0.000074167">
        </testcase>
        <testcase classname="tests/unit/aiRoleGuard.test.js" name="AI Role Guard &gt; Action Capability Checks &gt; OPERATOR Role &gt; should allow entity modifications" time="0.000060041">
        </testcase>
        <testcase classname="tests/unit/aiRoleGuard.test.js" name="AI Role Guard &gt; Mutation Validation &gt; should block all mutations for ADVISOR" time="0.000072334">
        </testcase>
        <testcase classname="tests/unit/aiRoleGuard.test.js" name="AI Role Guard &gt; Mutation Validation &gt; should allow mutations as drafts for MANAGER" time="0.000059458">
        </testcase>
        <testcase classname="tests/unit/aiRoleGuard.test.js" name="AI Role Guard &gt; Mutation Validation &gt; should allow direct mutations for OPERATOR" time="0.000052166">
        </testcase>
        <testcase classname="tests/unit/aiRoleGuard.test.js" name="AI Role Guard &gt; isActionBlocked &gt; should return blocked with required role for insufficient permissions" time="0.000091417">
        </testcase>
        <testcase classname="tests/unit/aiRoleGuard.test.js" name="AI Role Guard &gt; isActionBlocked &gt; should return not blocked for allowed actions" time="0.000050667">
        </testcase>
    </testsuite>
    <testsuite name="tests/unit/analytics.service.test.ts" timestamp="2025-12-21T19:48:14.577Z" hostname="MacBook-Pro-Piotr.local" tests="8" failures="0" errors="0" skipped="0" time="0.236101042">
        <testcase classname="tests/unit/analytics.service.test.ts" name="Service Test: Analytics &gt; calculateAnalytics &gt; calculates analytics for empty arrays" time="0.000732166">
        </testcase>
        <testcase classname="tests/unit/analytics.service.test.ts" name="Service Test: Analytics &gt; calculateAnalytics &gt; calculates completion rate correctly" time="0.000171958">
        </testcase>
        <testcase classname="tests/unit/analytics.service.test.ts" name="Service Test: Analytics &gt; calculateAnalytics &gt; calculates initiative statistics" time="0.000141834">
        </testcase>
        <testcase classname="tests/unit/analytics.service.test.ts" name="Service Test: Analytics &gt; calculateAnalytics &gt; calculates total cost and benefit" time="0.00007525">
        </testcase>
        <testcase classname="tests/unit/analytics.service.test.ts" name="Service Test: Analytics &gt; generateBurnDownData &gt; generates burn down data for date range" time="0.000231875">
        </testcase>
        <testcase classname="tests/unit/analytics.service.test.ts" name="Service Test: Analytics &gt; generateBurnDownData &gt; handles empty task list" time="0.000057458">
        </testcase>
        <testcase classname="tests/unit/analytics.service.test.ts" name="Service Test: Analytics &gt; generateVelocityData &gt; generates velocity data for specified weeks" time="0.000116625">
        </testcase>
        <testcase classname="tests/unit/analytics.service.test.ts" name="Service Test: Analytics &gt; generateVelocityData &gt; uses default 8 weeks when not specified" time="0.00005475">
        </testcase>
    </testsuite>
    <testsuite name="tests/unit/api.service.test.ts" timestamp="2025-12-21T19:48:14.577Z" hostname="MacBook-Pro-Piotr.local" tests="6" failures="0" errors="0" skipped="0" time="0.185553666">
        <testcase classname="tests/unit/api.service.test.ts" name="Api Service Unit Tests &gt; login: should store token and return user on success" time="0.001727667">
            <system-out>
Api.login called: { email: &apos;test@test.com&apos;, url: &apos;/api/auth/login&apos; }

            </system-out>
        </testcase>
        <testcase classname="tests/unit/api.service.test.ts" name="Api Service Unit Tests &gt; login: should throw error on failure" time="0.00070425">
            <system-out>
Api.login called: { email: &apos;test@test.com&apos;, url: &apos;/api/auth/login&apos; }

            </system-out>
        </testcase>
        <testcase classname="tests/unit/api.service.test.ts" name="Api Service Unit Tests &gt; getUsers: should send Authorization header" time="0.000335916">
        </testcase>
        <testcase classname="tests/unit/api.service.test.ts" name="Api Service Unit Tests &gt; getLLMProviders: should return list" time="0.000149875">
        </testcase>
        <testcase classname="tests/unit/api.service.test.ts" name="Api Service Unit Tests &gt; indexKnowledgeFiles: should trigger indexing" time="0.000167459">
        </testcase>
        <testcase classname="tests/unit/api.service.test.ts" name="Api Service Unit Tests &gt; saveSession: should post data" time="0.000150667">
        </testcase>
    </testsuite>
    <testsuite name="tests/unit/asyncJobService.test.js" timestamp="2025-12-21T19:48:14.578Z" hostname="MacBook-Pro-Piotr.local" tests="16" failures="0" errors="0" skipped="0" time="0.412702584">
        <testcase classname="tests/unit/asyncJobService.test.js" name="AsyncJobService Constants and Logic &gt; JOB_TYPES Constants &gt; should export EXECUTE_DECISION type" time="0.063333834">
            <system-out>
[Queue] Using Mock Queue for ai-tasks

            </system-out>
        </testcase>
        <testcase classname="tests/unit/asyncJobService.test.js" name="AsyncJobService Constants and Logic &gt; JOB_TYPES Constants &gt; should export ADVANCE_PLAYBOOK_STEP type" time="0.001881833">
        </testcase>
        <testcase classname="tests/unit/asyncJobService.test.js" name="AsyncJobService Constants and Logic &gt; JOB_STATUSES Constants &gt; should export all required statuses" time="0.001648875">
        </testcase>
        <testcase classname="tests/unit/asyncJobService.test.js" name="AsyncJobService Constants and Logic &gt; JOB_STATUSES Constants &gt; should have 6 status types" time="0.001474042">
        </testcase>
        <testcase classname="tests/unit/asyncJobService.test.js" name="AsyncJobService Constants and Logic &gt; Service Methods Existence &gt; should export enqueueActionExecution" time="0.001064875">
        </testcase>
        <testcase classname="tests/unit/asyncJobService.test.js" name="AsyncJobService Constants and Logic &gt; Service Methods Existence &gt; should export enqueuePlaybookAdvance" time="0.003128125">
        </testcase>
        <testcase classname="tests/unit/asyncJobService.test.js" name="AsyncJobService Constants and Logic &gt; Service Methods Existence &gt; should export getJob" time="0.001105958">
        </testcase>
        <testcase classname="tests/unit/asyncJobService.test.js" name="AsyncJobService Constants and Logic &gt; Service Methods Existence &gt; should export listJobs" time="0.002370166">
        </testcase>
        <testcase classname="tests/unit/asyncJobService.test.js" name="AsyncJobService Constants and Logic &gt; Service Methods Existence &gt; should export retryJob" time="0.000806375">
        </testcase>
        <testcase classname="tests/unit/asyncJobService.test.js" name="AsyncJobService Constants and Logic &gt; Service Methods Existence &gt; should export cancelJob" time="0.000750958">
        </testcase>
        <testcase classname="tests/unit/asyncJobService.test.js" name="AsyncJobService Constants and Logic &gt; Service Methods Existence &gt; should export updateJobStatus" time="0.000531458">
        </testcase>
        <testcase classname="tests/unit/asyncJobService.test.js" name="AsyncJobService Constants and Logic &gt; Service Methods Existence &gt; should export markDeadLetter" time="0.002358">
        </testcase>
        <testcase classname="tests/unit/asyncJobService.test.js" name="AsyncJobService Constants and Logic &gt; Service Methods Existence &gt; should export incrementAttempts" time="0.000688584">
        </testcase>
        <testcase classname="tests/unit/asyncJobService.test.js" name="Action Error Codes &gt; should include async job error codes" time="0.002934542">
        </testcase>
        <testcase classname="tests/unit/asyncJobService.test.js" name="AsyncJobProcessor &gt; should export processDecisionExecution" time="0.142651333">
            <system-out>
[Redis] Initializing client...
[Redis] Using Mock Client

            </system-out>
        </testcase>
        <testcase classname="tests/unit/asyncJobService.test.js" name="AsyncJobProcessor &gt; should export processPlaybookAdvance" time="0.0007225">
        </testcase>
    </testsuite>
    <testsuite name="tests/unit/breakGlassService.test.js" timestamp="2025-12-21T19:48:14.578Z" hostname="MacBook-Pro-Piotr.local" tests="15" failures="0" errors="0" skipped="0" time="0.109932459">
        <testcase classname="tests/unit/breakGlassService.test.js" name="BreakGlassService &gt; SCOPES &gt; should define all break-glass scopes" time="0.000591917">
        </testcase>
        <testcase classname="tests/unit/breakGlassService.test.js" name="BreakGlassService &gt; DEFAULT_DURATION_MINUTES &gt; should be 2 hours (120 minutes)" time="0.000087416">
        </testcase>
        <testcase classname="tests/unit/breakGlassService.test.js" name="BreakGlassService &gt; MAX_DURATION_MINUTES &gt; should be 24 hours (1440 minutes)" time="0.000064167">
        </testcase>
        <testcase classname="tests/unit/breakGlassService.test.js" name="BreakGlassService &gt; startSession &gt; should throw error for missing required parameters" time="0.000612458">
        </testcase>
        <testcase classname="tests/unit/breakGlassService.test.js" name="BreakGlassService &gt; startSession &gt; should throw error for invalid scope" time="0.000125792">
        </testcase>
        <testcase classname="tests/unit/breakGlassService.test.js" name="BreakGlassService &gt; startSession &gt; should throw error if session already exists for scope" time="0.000268292">
        </testcase>
        <testcase classname="tests/unit/breakGlassService.test.js" name="BreakGlassService &gt; startSession &gt; should create session successfully" time="0.000230459">
            <system-out>
[BreakGlass] Session started: test-uuid-1234 (scope: policy_engine_disabled) by user-1

            </system-out>
        </testcase>
        <testcase classname="tests/unit/breakGlassService.test.js" name="BreakGlassService &gt; startSession &gt; should cap duration at MAX_DURATION_MINUTES" time="0.000121708">
            <system-out>
[BreakGlass] Session started: test-uuid-1234 (scope: emergency_access) by user-1

            </system-out>
        </testcase>
        <testcase classname="tests/unit/breakGlassService.test.js" name="BreakGlassService &gt; closeSession &gt; should throw error for non-existent session" time="0.000156917">
        </testcase>
        <testcase classname="tests/unit/breakGlassService.test.js" name="BreakGlassService &gt; closeSession &gt; should throw error for already closed session" time="0.00012675">
        </testcase>
        <testcase classname="tests/unit/breakGlassService.test.js" name="BreakGlassService &gt; closeSession &gt; should close session successfully" time="0.000190833">
            <system-out>
[BreakGlass] Session closed: session-1 by user-1

            </system-out>
        </testcase>
        <testcase classname="tests/unit/breakGlassService.test.js" name="BreakGlassService &gt; isBreakGlassActive &gt; should return false when no active session" time="0.000064708">
        </testcase>
        <testcase classname="tests/unit/breakGlassService.test.js" name="BreakGlassService &gt; isBreakGlassActive &gt; should return true when active session exists" time="0.0000435">
        </testcase>
        <testcase classname="tests/unit/breakGlassService.test.js" name="BreakGlassService &gt; getActiveSessions &gt; should return empty array when no sessions" time="0.000250875">
        </testcase>
        <testcase classname="tests/unit/breakGlassService.test.js" name="BreakGlassService &gt; getActiveSessions &gt; should return active sessions" time="0.000291583">
        </testcase>
    </testsuite>
    <testsuite name="tests/unit/connectorAdapter.test.js" timestamp="2025-12-21T19:48:14.580Z" hostname="MacBook-Pro-Piotr.local" tests="11" failures="0" errors="0" skipped="0" time="0.203358958">
        <testcase classname="tests/unit/connectorAdapter.test.js" name="ConnectorAdapter &gt; Dry-run Mode &gt; should return plan without execution in dry-run mode" time="0.006213875">
        </testcase>
        <testcase classname="tests/unit/connectorAdapter.test.js" name="ConnectorAdapter &gt; Dry-run Mode &gt; should respect sandbox_mode flag on config" time="0.000364458">
        </testcase>
        <testcase classname="tests/unit/connectorAdapter.test.js" name="ConnectorAdapter &gt; Error Handling &gt; should return error for unknown connector" time="0.000204584">
        </testcase>
        <testcase classname="tests/unit/connectorAdapter.test.js" name="ConnectorAdapter &gt; Error Handling &gt; should return error for unsupported action" time="0.000188458">
        </testcase>
        <testcase classname="tests/unit/connectorAdapter.test.js" name="ConnectorAdapter &gt; Error Handling &gt; should return error when connector not configured" time="0.0002225">
        </testcase>
        <testcase classname="tests/unit/connectorAdapter.test.js" name="ConnectorAdapter &gt; Error Handling &gt; should return error when connector disconnected" time="0.000178709">
        </testcase>
        <testcase classname="tests/unit/connectorAdapter.test.js" name="ConnectorAdapter &gt; Plan Generation &gt; should generate Jira plan for issue_create" time="0.000777125">
        </testcase>
        <testcase classname="tests/unit/connectorAdapter.test.js" name="ConnectorAdapter &gt; Plan Generation &gt; should generate Slack plan for message_send" time="0.0003305">
        </testcase>
        <testcase classname="tests/unit/connectorAdapter.test.js" name="ConnectorAdapter &gt; Plan Generation &gt; should generate Google Calendar plan for event_create" time="0.000247583">
        </testcase>
        <testcase classname="tests/unit/connectorAdapter.test.js" name="ConnectorAdapter &gt; Execution (Mock) &gt; should execute Slack message_send successfully" time="0.00029975">
        </testcase>
        <testcase classname="tests/unit/connectorAdapter.test.js" name="ConnectorAdapter &gt; Execution (Mock) &gt; should include duration_ms in result" time="0.000167292">
        </testcase>
    </testsuite>
    <testsuite name="tests/unit/connectorRegistry.test.js" timestamp="2025-12-21T19:48:14.580Z" hostname="MacBook-Pro-Piotr.local" tests="14" failures="0" errors="0" skipped="0" time="0.193576583">
        <testcase classname="tests/unit/connectorRegistry.test.js" name="ConnectorRegistry &gt; getAllConnectors &gt; should return all available connectors" time="0.001513208">
        </testcase>
        <testcase classname="tests/unit/connectorRegistry.test.js" name="ConnectorRegistry &gt; getConnector &gt; should return connector by key" time="0.000160875">
        </testcase>
        <testcase classname="tests/unit/connectorRegistry.test.js" name="ConnectorRegistry &gt; getConnector &gt; should return null for unknown connector" time="0.00008025">
        </testcase>
        <testcase classname="tests/unit/connectorRegistry.test.js" name="ConnectorRegistry &gt; getConnectorsByCategory &gt; should return connectors filtered by category" time="0.000110042">
        </testcase>
        <testcase classname="tests/unit/connectorRegistry.test.js" name="ConnectorRegistry &gt; getConnectorsByCategory &gt; should return empty array for unknown category" time="0.000250542">
        </testcase>
        <testcase classname="tests/unit/connectorRegistry.test.js" name="ConnectorRegistry &gt; hasCapability &gt; should return true for supported capability" time="0.000081292">
        </testcase>
        <testcase classname="tests/unit/connectorRegistry.test.js" name="ConnectorRegistry &gt; hasCapability &gt; should return false for unsupported capability" time="0.000058208">
        </testcase>
        <testcase classname="tests/unit/connectorRegistry.test.js" name="ConnectorRegistry &gt; hasCapability &gt; should return false for unknown connector" time="0.000042292">
        </testcase>
        <testcase classname="tests/unit/connectorRegistry.test.js" name="ConnectorRegistry &gt; validateCredentials &gt; should validate all required credentials present" time="0.000097708">
        </testcase>
        <testcase classname="tests/unit/connectorRegistry.test.js" name="ConnectorRegistry &gt; validateCredentials &gt; should identify missing required credentials" time="0.000203834">
        </testcase>
        <testcase classname="tests/unit/connectorRegistry.test.js" name="ConnectorRegistry &gt; validateCredentials &gt; should handle unknown connector" time="0.000078">
        </testcase>
        <testcase classname="tests/unit/connectorRegistry.test.js" name="ConnectorRegistry &gt; getRequiredCredentials &gt; should return required credentials for connector" time="0.000060167">
        </testcase>
        <testcase classname="tests/unit/connectorRegistry.test.js" name="ConnectorRegistry &gt; getRequiredCredentials &gt; should return empty array for unknown connector" time="0.000039791">
        </testcase>
        <testcase classname="tests/unit/connectorRegistry.test.js" name="ConnectorRegistry &gt; getAllCategories &gt; should return all categories" time="0.000114084">
        </testcase>
    </testsuite>
    <testsuite name="tests/unit/demoGuard.test.js" timestamp="2025-12-21T19:48:14.581Z" hostname="MacBook-Pro-Piotr.local" tests="6" failures="0" errors="0" skipped="0" time="0.327678084">
        <testcase classname="tests/unit/demoGuard.test.js" name="Demo Guard Middleware &gt; should allow regular users to perform write operations" time="0.008077208">
        </testcase>
        <testcase classname="tests/unit/demoGuard.test.js" name="Demo Guard Middleware &gt; should allow demo users to perform read operations" time="0.001469208">
        </testcase>
        <testcase classname="tests/unit/demoGuard.test.js" name="Demo Guard Middleware &gt; should BLOCK demo users from performing write operations on protected routes" time="0.001157125">
            <system-err>
[DemoGuard] Blocked POST /api/tasks for Demo User undefined (Action: CREATE_TASKS)

            </system-err>
        </testcase>
        <testcase classname="tests/unit/demoGuard.test.js" name="Demo Guard Middleware &gt; should ALLOW demo users to perform write operations on ALLOWED routes (AI Chat)" time="0.000829208">
        </testcase>
        <testcase classname="tests/unit/demoGuard.test.js" name="Demo Guard Middleware &gt; should ALLOW demo users to perform write operations on ALLOWED routes (Logout)" time="0.001239583">
        </testcase>
        <testcase classname="tests/unit/demoGuard.test.js" name="Demo Guard Middleware &gt; should passthrough if no user matches (unauthenticated requests handled elsewhere)" time="0.000955709">
        </testcase>
    </testsuite>
    <testsuite name="tests/unit/demoIsolation.test.js" timestamp="2025-12-21T19:48:14.582Z" hostname="MacBook-Pro-Piotr.local" tests="3" failures="0" errors="0" skipped="0" time="0.217218125">
        <testcase classname="tests/unit/demoIsolation.test.js" name="Demo Guard Isolation Extension &gt; should allow Normal GET for demo user" time="0.007138958">
        </testcase>
        <testcase classname="tests/unit/demoIsolation.test.js" name="Demo Guard Isolation Extension &gt; should BLOCK demo user if they try to switch context via Query Param" time="0.001574625">
            <system-err>
[DemoGuard] Blocked cross-tenant access attempt by Demo User undefined (Target: org-real, Actual: org-demo)

            </system-err>
        </testcase>
        <testcase classname="tests/unit/demoIsolation.test.js" name="Demo Guard Isolation Extension &gt; should BLOCK demo user if they try to switch context via Body" time="0.008988167">
            <system-err>
[DemoGuard] Blocked cross-tenant access attempt by Demo User undefined (Target: org-real, Actual: org-demo)

            </system-err>
        </testcase>
    </testsuite>
    <testsuite name="tests/unit/drdStructure.test.ts" timestamp="2025-12-21T19:48:14.582Z" hostname="MacBook-Pro-Piotr.local" tests="7" failures="0" errors="0" skipped="0" time="0.248371958">
        <testcase classname="tests/unit/drdStructure.test.ts" name="Service Test: drdStructure &gt; exports DRD_STRUCTURE as array" time="0.000497667">
        </testcase>
        <testcase classname="tests/unit/drdStructure.test.ts" name="Service Test: drdStructure &gt; each axis has required properties" time="0.000365709">
        </testcase>
        <testcase classname="tests/unit/drdStructure.test.ts" name="Service Test: drdStructure &gt; each area has required properties" time="0.000868583">
        </testcase>
        <testcase classname="tests/unit/drdStructure.test.ts" name="Service Test: drdStructure &gt; each level has required properties" time="0.003192583">
        </testcase>
        <testcase classname="tests/unit/drdStructure.test.ts" name="Service Test: drdStructure &gt; getQuestionsForAxis &gt; returns areas for valid axis ID" time="0.000080709">
        </testcase>
        <testcase classname="tests/unit/drdStructure.test.ts" name="Service Test: drdStructure &gt; getQuestionsForAxis &gt; returns empty array for invalid axis ID" time="0.000235208">
        </testcase>
        <testcase classname="tests/unit/drdStructure.test.ts" name="Service Test: drdStructure &gt; getQuestionsForAxis &gt; returns areas for different axis IDs" time="0.000139792">
        </testcase>
    </testsuite>
    <testsuite name="tests/unit/governanceAudit.test.js" timestamp="2025-12-21T19:48:14.583Z" hostname="MacBook-Pro-Piotr.local" tests="8" failures="0" errors="0" skipped="0" time="0.1295145">
        <testcase classname="tests/unit/governanceAudit.test.js" name="GovernanceAuditService &gt; logAudit &gt; should throw error for missing required parameters" time="0.00122125">
        </testcase>
        <testcase classname="tests/unit/governanceAudit.test.js" name="GovernanceAuditService &gt; logAudit &gt; should throw error for invalid action" time="0.000262375">
        </testcase>
        <testcase classname="tests/unit/governanceAudit.test.js" name="GovernanceAuditService &gt; logAudit &gt; should log audit entry successfully" time="0.000723166">
            <system-out>
[GovernanceAudit] Logged: CREATE on POLICY_RULE/rule-1 by user-1

            </system-out>
        </testcase>
        <testcase classname="tests/unit/governanceAudit.test.js" name="GovernanceAuditService &gt; getAuditLog &gt; should query with organization filter" time="0.000225125">
        </testcase>
        <testcase classname="tests/unit/governanceAudit.test.js" name="GovernanceAuditService &gt; getAuditLog &gt; should bypass org filter for superadmin" time="0.000127458">
        </testcase>
        <testcase classname="tests/unit/governanceAudit.test.js" name="GovernanceAuditService &gt; getAuditLog &gt; should support action filter" time="0.000289584">
        </testcase>
        <testcase classname="tests/unit/governanceAudit.test.js" name="GovernanceAuditService &gt; exportAuditLog &gt; should export as JSON by default" time="0.000147666">
        </testcase>
        <testcase classname="tests/unit/governanceAudit.test.js" name="GovernanceAuditService &gt; exportAuditLog &gt; should export as CSV when specified" time="0.000174959">
        </testcase>
    </testsuite>
    <testsuite name="tests/unit/notificationOutboxService.test.js" timestamp="2025-12-21T19:48:14.583Z" hostname="MacBook-Pro-Piotr.local" tests="16" failures="0" errors="0" skipped="0" time="0.23396425">
        <testcase classname="tests/unit/notificationOutboxService.test.js" name="NotificationOutboxService Constants and Logic &gt; NOTIFICATION_TYPES Constants &gt; should export APPROVAL_DUE type" time="0.006496333">
        </testcase>
        <testcase classname="tests/unit/notificationOutboxService.test.js" name="NotificationOutboxService Constants and Logic &gt; NOTIFICATION_TYPES Constants &gt; should export PLAYBOOK_STUCK type" time="0.001429292">
        </testcase>
        <testcase classname="tests/unit/notificationOutboxService.test.js" name="NotificationOutboxService Constants and Logic &gt; NOTIFICATION_TYPES Constants &gt; should export DEAD_LETTER type" time="0.001329833">
        </testcase>
        <testcase classname="tests/unit/notificationOutboxService.test.js" name="NotificationOutboxService Constants and Logic &gt; NOTIFICATION_TYPES Constants &gt; should export ESCALATION type" time="0.001261125">
        </testcase>
        <testcase classname="tests/unit/notificationOutboxService.test.js" name="NotificationOutboxService Constants and Logic &gt; NOTIFICATION_TYPES Constants &gt; should have 4 notification types" time="0.0018045">
        </testcase>
        <testcase classname="tests/unit/notificationOutboxService.test.js" name="NotificationOutboxService Constants and Logic &gt; OUTBOX_STATUSES Constants &gt; should export QUEUED status" time="0.001684125">
        </testcase>
        <testcase classname="tests/unit/notificationOutboxService.test.js" name="NotificationOutboxService Constants and Logic &gt; OUTBOX_STATUSES Constants &gt; should export SENT status" time="0.001187375">
        </testcase>
        <testcase classname="tests/unit/notificationOutboxService.test.js" name="NotificationOutboxService Constants and Logic &gt; OUTBOX_STATUSES Constants &gt; should export FAILED status" time="0.001344875">
        </testcase>
        <testcase classname="tests/unit/notificationOutboxService.test.js" name="NotificationOutboxService Constants and Logic &gt; MAX_ATTEMPTS &gt; should be 3" time="0.001127958">
        </testcase>
        <testcase classname="tests/unit/notificationOutboxService.test.js" name="NotificationOutboxService Constants and Logic &gt; Service Methods Existence &gt; should export enqueue" time="0.000942583">
        </testcase>
        <testcase classname="tests/unit/notificationOutboxService.test.js" name="NotificationOutboxService Constants and Logic &gt; Service Methods Existence &gt; should export shouldNotify" time="0.001419125">
        </testcase>
        <testcase classname="tests/unit/notificationOutboxService.test.js" name="NotificationOutboxService Constants and Logic &gt; Service Methods Existence &gt; should export getUserPreferences" time="0.001055792">
        </testcase>
        <testcase classname="tests/unit/notificationOutboxService.test.js" name="NotificationOutboxService Constants and Logic &gt; Service Methods Existence &gt; should export updateUserPreferences" time="0.001026375">
        </testcase>
        <testcase classname="tests/unit/notificationOutboxService.test.js" name="NotificationOutboxService Constants and Logic &gt; Service Methods Existence &gt; should export processQueue" time="0.001074708">
        </testcase>
        <testcase classname="tests/unit/notificationOutboxService.test.js" name="NotificationOutboxService Constants and Logic &gt; Service Methods Existence &gt; should export getOutboxStats" time="0.001174958">
        </testcase>
        <testcase classname="tests/unit/notificationOutboxService.test.js" name="NotificationOutboxService User Preferences &gt; should return true when no preferences set (default behavior)" time="0.001613083">
        </testcase>
    </testsuite>
    <testsuite name="tests/unit/pdfExport.test.ts" timestamp="2025-12-21T19:48:14.584Z" hostname="MacBook-Pro-Piotr.local" tests="5" failures="0" errors="0" skipped="0" time="0.229494292">
        <testcase classname="tests/unit/pdfExport.test.ts" name="Service Test: pdfExport &gt; exportReportToPDF &gt; returns false when element is not found" time="0.001094333">
            <system-err>
Element with id non-existent not found

            </system-err>
        </testcase>
        <testcase classname="tests/unit/pdfExport.test.ts" name="Service Test: pdfExport &gt; exportReportToPDF &gt; exports PDF successfully" time="0.000469708">
        </testcase>
        <testcase classname="tests/unit/pdfExport.test.ts" name="Service Test: pdfExport &gt; exportReportToPDF &gt; handles errors gracefully" time="0.001201334">
            <system-err>
PDF Export failed: Error: Canvas error
    at /Users/piotrwisniewski/Documents/Antygracity/DRD/consultify/tests/unit/pdfExport.test.ts:89:52
    at file:///Users/piotrwisniewski/Documents/Antygracity/DRD/consultify/node_modules/@vitest/runner/dist/index.js:145:11
    at file:///Users/piotrwisniewski/Documents/Antygracity/DRD/consultify/node_modules/@vitest/runner/dist/index.js:915:26
    at file:///Users/piotrwisniewski/Documents/Antygracity/DRD/consultify/node_modules/@vitest/runner/dist/index.js:1243:20
    at new Promise (&lt;anonymous&gt;)
    at runWithTimeout (file:///Users/piotrwisniewski/Documents/Antygracity/DRD/consultify/node_modules/@vitest/runner/dist/index.js:1209:10)
    at file:///Users/piotrwisniewski/Documents/Antygracity/DRD/consultify/node_modules/@vitest/runner/dist/index.js:1653:37
    at Traces.$ (file:///Users/piotrwisniewski/Documents/Antygracity/DRD/consultify/node_modules/vitest/dist/chunks/traces.U4xDYhzZ.js:115:27)
    at trace (file:///Users/piotrwisniewski/Documents/Antygracity/DRD/consultify/node_modules/vitest/dist/chunks/test.B8ej_ZHS.js:239:21)
    at runTest (file:///Users/piotrwisniewski/Documents/Antygracity/DRD/consultify/node_modules/@vitest/runner/dist/index.js:1653:12)

            </system-err>
        </testcase>
        <testcase classname="tests/unit/pdfExport.test.ts" name="Service Test: pdfExport &gt; exportDashboardToPDF &gt; creates PDF with metadata" time="0.008906583">
        </testcase>
        <testcase classname="tests/unit/pdfExport.test.ts" name="Service Test: pdfExport &gt; exportDashboardToPDF &gt; handles optional metadata" time="0.0002995">
        </testcase>
    </testsuite>
    <testsuite name="tests/unit/piiRedactor.test.js" timestamp="2025-12-21T19:48:14.584Z" hostname="MacBook-Pro-Piotr.local" tests="17" failures="0" errors="0" skipped="0" time="0.304796208">
        <testcase classname="tests/unit/piiRedactor.test.js" name="PII Redactor &gt; redactEmails &gt; should redact email addresses" time="0.000556625">
        </testcase>
        <testcase classname="tests/unit/piiRedactor.test.js" name="PII Redactor &gt; redactEmails &gt; should redact multiple emails" time="0.000085">
        </testcase>
        <testcase classname="tests/unit/piiRedactor.test.js" name="PII Redactor &gt; redactEmails &gt; should return non-string values unchanged" time="0.00007825">
        </testcase>
        <testcase classname="tests/unit/piiRedactor.test.js" name="PII Redactor &gt; redactTokens &gt; should redact JWT-like tokens" time="0.000187083">
        </testcase>
        <testcase classname="tests/unit/piiRedactor.test.js" name="PII Redactor &gt; redactTokens &gt; should handle partial JWT patterns" time="0.000060875">
        </testcase>
        <testcase classname="tests/unit/piiRedactor.test.js" name="PII Redactor &gt; redact (deep object redaction) &gt; should redact email fields" time="0.000126334">
        </testcase>
        <testcase classname="tests/unit/piiRedactor.test.js" name="PII Redactor &gt; redact (deep object redaction) &gt; should redact name fields" time="0.000058541">
        </testcase>
        <testcase classname="tests/unit/piiRedactor.test.js" name="PII Redactor &gt; redact (deep object redaction) &gt; should redact password fields" time="0.000060917">
        </testcase>
        <testcase classname="tests/unit/piiRedactor.test.js" name="PII Redactor &gt; redact (deep object redaction) &gt; should redact token and secret fields" time="0.000217792">
        </testcase>
        <testcase classname="tests/unit/piiRedactor.test.js" name="PII Redactor &gt; redact (deep object redaction) &gt; should redact inline emails in string values" time="0.000208666">
        </testcase>
        <testcase classname="tests/unit/piiRedactor.test.js" name="PII Redactor &gt; redact (deep object redaction) &gt; should handle arrays with email strings" time="0.000180625">
        </testcase>
        <testcase classname="tests/unit/piiRedactor.test.js" name="PII Redactor &gt; redact (deep object redaction) &gt; should handle nested objects" time="0.000102625">
        </testcase>
        <testcase classname="tests/unit/piiRedactor.test.js" name="PII Redactor &gt; redact (deep object redaction) &gt; should not mutate original object" time="0.000054584">
        </testcase>
        <testcase classname="tests/unit/piiRedactor.test.js" name="PII Redactor &gt; redact (deep object redaction) &gt; should handle null and undefined" time="0.000053291">
        </testcase>
        <testcase classname="tests/unit/piiRedactor.test.js" name="PII Redactor &gt; redactKeys &gt; should redact specific keys" time="0.0001035">
        </testcase>
        <testcase classname="tests/unit/piiRedactor.test.js" name="PII Redactor &gt; createAuditSnapshot &gt; should return JSON string with redacted PII" time="0.000074584">
        </testcase>
        <testcase classname="tests/unit/piiRedactor.test.js" name="PII Redactor &gt; DEFAULT_PII_FIELDS &gt; should include common PII fields" time="0.000413958">
        </testcase>
    </testsuite>
    <testsuite name="tests/unit/policyEngine.test.js" timestamp="2025-12-21T19:48:14.585Z" hostname="MacBook-Pro-Piotr.local" tests="21" failures="0" errors="0" skipped="0" time="0.243396417">
        <testcase classname="tests/unit/policyEngine.test.js" name="PolicyEngine Core Logic &gt; Safety Guardrails Constants &gt; NEVER_AUTO_APPROVE_RISK_LEVELS should include HIGH" time="0.00149825">
        </testcase>
        <testcase classname="tests/unit/policyEngine.test.js" name="PolicyEngine Core Logic &gt; Safety Guardrails Constants &gt; ALWAYS_MANUAL_ACTION_TYPES should include MEETING_SCHEDULE" time="0.000141334">
        </testcase>
        <testcase classname="tests/unit/policyEngine.test.js" name="PolicyEngine Core Logic &gt; Safety Guardrails Constants &gt; should not include LOW in NEVER_AUTO_APPROVE_RISK_LEVELS" time="0.000124291">
        </testcase>
        <testcase classname="tests/unit/policyEngine.test.js" name="PolicyEngine Core Logic &gt; CONDITION_HANDLERS (Pure Functions) &gt; risk_level_lte &gt; should match when proposal risk is lower or equal" time="0.000156583">
        </testcase>
        <testcase classname="tests/unit/policyEngine.test.js" name="PolicyEngine Core Logic &gt; CONDITION_HANDLERS (Pure Functions) &gt; risk_level_lte &gt; should not match when proposal risk is higher" time="0.000088833">
        </testcase>
        <testcase classname="tests/unit/policyEngine.test.js" name="PolicyEngine Core Logic &gt; CONDITION_HANDLERS (Pure Functions) &gt; action_type_in &gt; should match when action type is in list" time="0.00007225">
        </testcase>
        <testcase classname="tests/unit/policyEngine.test.js" name="PolicyEngine Core Logic &gt; CONDITION_HANDLERS (Pure Functions) &gt; action_type_in &gt; should not match when action type is not in list" time="0.00006">
        </testcase>
        <testcase classname="tests/unit/policyEngine.test.js" name="PolicyEngine Core Logic &gt; CONDITION_HANDLERS (Pure Functions) &gt; action_type_in &gt; should return false for non-array input" time="0.000041291">
        </testcase>
        <testcase classname="tests/unit/policyEngine.test.js" name="PolicyEngine Core Logic &gt; CONDITION_HANDLERS (Pure Functions) &gt; scope_eq &gt; should match when scope equals" time="0.0000715">
        </testcase>
        <testcase classname="tests/unit/policyEngine.test.js" name="PolicyEngine Core Logic &gt; CONDITION_HANDLERS (Pure Functions) &gt; scope_eq &gt; should not match when scope differs" time="0.000075459">
        </testcase>
        <testcase classname="tests/unit/policyEngine.test.js" name="PolicyEngine Core Logic &gt; CONDITION_HANDLERS (Pure Functions) &gt; signal_in &gt; should match when signal is in list" time="0.000057417">
        </testcase>
        <testcase classname="tests/unit/policyEngine.test.js" name="PolicyEngine Core Logic &gt; CONDITION_HANDLERS (Pure Functions) &gt; signal_in &gt; should not match when signal is not in list" time="0.000045666">
        </testcase>
        <testcase classname="tests/unit/policyEngine.test.js" name="PolicyEngine Core Logic &gt; CONDITION_HANDLERS (Pure Functions) &gt; signal_in &gt; should return false for non-array input" time="0.000042458">
        </testcase>
        <testcase classname="tests/unit/policyEngine.test.js" name="PolicyEngine Core Logic &gt; CONDITION_HANDLERS (Pure Functions) &gt; time_window &gt; should always match for anytime" time="0.000049125">
        </testcase>
        <testcase classname="tests/unit/policyEngine.test.js" name="PolicyEngine Core Logic &gt; CONDITION_HANDLERS (Pure Functions) &gt; time_window &gt; should return false for unrecognized values" time="0.000034458">
        </testcase>
        <testcase classname="tests/unit/policyEngine.test.js" name="PolicyEngine Core Logic &gt; evaluateConditions (Logic Tests) &gt; should return true when all conditions match" time="0.000149833">
        </testcase>
        <testcase classname="tests/unit/policyEngine.test.js" name="PolicyEngine Core Logic &gt; evaluateConditions (Logic Tests) &gt; should return false when any condition fails" time="0.000052708">
        </testcase>
        <testcase classname="tests/unit/policyEngine.test.js" name="PolicyEngine Core Logic &gt; evaluateConditions (Logic Tests) &gt; should return false for unknown conditions (safety)" time="0.0001585">
            <system-err>
[PolicyEngine] Unknown condition: unknown_condition

            </system-err>
        </testcase>
        <testcase classname="tests/unit/policyEngine.test.js" name="PolicyEngine Core Logic &gt; evaluateConditions (Logic Tests) &gt; should return true for empty conditions" time="0.000034792">
        </testcase>
        <testcase classname="tests/unit/policyEngine.test.js" name="PolicyEngine Safety Checks &gt; HIGH risk is in NEVER_AUTO_APPROVE list" time="0.000034834">
        </testcase>
        <testcase classname="tests/unit/policyEngine.test.js" name="PolicyEngine Safety Checks &gt; MEETING_SCHEDULE is in ALWAYS_MANUAL list" time="0.000033625">
        </testcase>
    </testsuite>
    <testsuite name="tests/unit/regulatoryModeGuard.test.js" timestamp="2025-12-21T19:48:14.586Z" hostname="MacBook-Pro-Piotr.local" tests="31" failures="0" errors="0" skipped="0" time="0.121390208">
        <testcase classname="tests/unit/regulatoryModeGuard.test.js" name="Regulatory Mode Guard &gt; Action Classification &gt; ALLOWED_ACTIONS &gt; should include all advisory-only actions" time="0.000834875">
        </testcase>
        <testcase classname="tests/unit/regulatoryModeGuard.test.js" name="Regulatory Mode Guard &gt; Action Classification &gt; BLOCKED_ACTIONS &gt; should include all mutation actions" time="0.000201416">
        </testcase>
        <testcase classname="tests/unit/regulatoryModeGuard.test.js" name="Regulatory Mode Guard &gt; isActionAllowed &gt; should allow EXPLAIN_CONTEXT in regulatory mode" time="0.00010075">
        </testcase>
        <testcase classname="tests/unit/regulatoryModeGuard.test.js" name="Regulatory Mode Guard &gt; isActionAllowed &gt; should allow ANALYZE_RISKS in regulatory mode" time="0.00005025">
        </testcase>
        <testcase classname="tests/unit/regulatoryModeGuard.test.js" name="Regulatory Mode Guard &gt; isActionAllowed &gt; should allow EDUCATE in regulatory mode" time="0.000057416">
        </testcase>
        <testcase classname="tests/unit/regulatoryModeGuard.test.js" name="Regulatory Mode Guard &gt; isActionAllowed &gt; should BLOCK CREATE_DRAFT_TASK in regulatory mode" time="0.000039">
        </testcase>
        <testcase classname="tests/unit/regulatoryModeGuard.test.js" name="Regulatory Mode Guard &gt; isActionAllowed &gt; should BLOCK CREATE_DRAFT_INITIATIVE in regulatory mode" time="0.000045167">
        </testcase>
        <testcase classname="tests/unit/regulatoryModeGuard.test.js" name="Regulatory Mode Guard &gt; isActionAllowed &gt; should BLOCK UPDATE_STATUS in regulatory mode" time="0.000040875">
        </testcase>
        <testcase classname="tests/unit/regulatoryModeGuard.test.js" name="Regulatory Mode Guard &gt; isActionAllowed &gt; should BLOCK EXECUTE_ACTION in regulatory mode" time="0.000038709">
        </testcase>
        <testcase classname="tests/unit/regulatoryModeGuard.test.js" name="Regulatory Mode Guard &gt; isActionAllowed &gt; should BLOCK MODIFY_ENTITY in regulatory mode" time="0.00005">
        </testcase>
        <testcase classname="tests/unit/regulatoryModeGuard.test.js" name="Regulatory Mode Guard &gt; isActionAllowed &gt; should BLOCK DELETE_ENTITY in regulatory mode" time="0.000034208">
        </testcase>
        <testcase classname="tests/unit/regulatoryModeGuard.test.js" name="Regulatory Mode Guard &gt; isActionAllowed &gt; should block actions containing mutation keywords" time="0.000074417">
        </testcase>
        <testcase classname="tests/unit/regulatoryModeGuard.test.js" name="Regulatory Mode Guard &gt; isActionAllowed &gt; should allow actions without mutation keywords" time="0.000049125">
        </testcase>
        <testcase classname="tests/unit/regulatoryModeGuard.test.js" name="Regulatory Mode Guard &gt; isActionAllowed &gt; should handle null/undefined action gracefully" time="0.000034333">
        </testcase>
        <testcase classname="tests/unit/regulatoryModeGuard.test.js" name="Regulatory Mode Guard &gt; Regulatory Mode Prompt &gt; should contain prohibition statements" time="0.000077459">
        </testcase>
        <testcase classname="tests/unit/regulatoryModeGuard.test.js" name="Regulatory Mode Guard &gt; Regulatory Mode Prompt &gt; should forbid action verbs" time="0.000061125">
        </testcase>
        <testcase classname="tests/unit/regulatoryModeGuard.test.js" name="Regulatory Mode Guard &gt; Regulatory Mode Prompt &gt; should require advisory language" time="0.000052417">
        </testcase>
        <testcase classname="tests/unit/regulatoryModeGuard.test.js" name="Regulatory Mode Guard &gt; Regulatory Mode Prompt &gt; should include example responses" time="0.000029709">
        </testcase>
        <testcase classname="tests/unit/regulatoryModeGuard.test.js" name="Regulatory Mode Guard &gt; Forbidden Verbs List &gt; should contain all dangerous verbs" time="0.000145792">
        </testcase>
        <testcase classname="tests/unit/regulatoryModeGuard.test.js" name="Regulatory Mode Guard &gt; Advisory Phrases List &gt; should contain recommended advisory language" time="0.000051333">
        </testcase>
        <testcase classname="tests/unit/regulatoryModeGuard.test.js" name="Regulatory Mode Guard &gt; enforceRegulatoryMode (with mocked isEnabled) &gt; should block CREATE_DRAFT_TASK when regulatory mode is enabled" time="0.000169375">
        </testcase>
        <testcase classname="tests/unit/regulatoryModeGuard.test.js" name="Regulatory Mode Guard &gt; enforceRegulatoryMode (with mocked isEnabled) &gt; should block UPDATE_STATUS when regulatory mode is enabled" time="0.000060042">
        </testcase>
        <testcase classname="tests/unit/regulatoryModeGuard.test.js" name="Regulatory Mode Guard &gt; enforceRegulatoryMode (with mocked isEnabled) &gt; should allow EXPLAIN_CONTEXT when regulatory mode is enabled" time="0.000053958">
        </testcase>
        <testcase classname="tests/unit/regulatoryModeGuard.test.js" name="Regulatory Mode Guard &gt; enforceRegulatoryMode (with mocked isEnabled) &gt; should allow ANALYZE_RISKS when regulatory mode is enabled" time="0.00005675">
        </testcase>
        <testcase classname="tests/unit/regulatoryModeGuard.test.js" name="Regulatory Mode Guard &gt; enforceRegulatoryMode (with mocked isEnabled) &gt; should NOT block actions when regulatory mode is disabled" time="0.000040334">
        </testcase>
        <testcase classname="tests/unit/regulatoryModeGuard.test.js" name="Regulatory Mode Guard &gt; enforceRegulatoryMode (with mocked isEnabled) &gt; should NOT block when no projectId is provided" time="0.000034166">
        </testcase>
        <testcase classname="tests/unit/regulatoryModeGuard.test.js" name="Regulatory Mode Guard &gt; enforceRegulatoryMode (with mocked isEnabled) &gt; should log blocked attempts to audit trail" time="0.00047775">
        </testcase>
        <testcase classname="tests/unit/regulatoryModeGuard.test.js" name="Regulatory Mode Guard &gt; getStatus &gt; should return full status object when enabled" time="0.000094084">
        </testcase>
        <testcase classname="tests/unit/regulatoryModeGuard.test.js" name="Regulatory Mode Guard &gt; getStatus &gt; should return full status object when disabled" time="0.000041458">
        </testcase>
        <testcase classname="tests/unit/regulatoryModeGuard.test.js" name="Regulatory Mode Guard &gt; Integration with AI Role System &gt; should override ANY role when regulatory mode is active" time="0.000101791">
        </testcase>
        <testcase classname="tests/unit/regulatoryModeGuard.test.js" name="Regulatory Mode Guard &gt; Safety: Fail-Safe Behavior &gt; should default to blocking when database error occurs" time="0.000024333">
        </testcase>
    </testsuite>
    <testsuite name="tests/unit/roi.test.ts" timestamp="2025-12-21T19:48:14.588Z" hostname="MacBook-Pro-Piotr.local" tests="3" failures="0" errors="0" skipped="0" time="0.17431025">
        <testcase classname="tests/unit/roi.test.ts" name="Unit Test: ROI Calculation &gt; should calculate ROI correctly for positive values" time="0.00047575">
        </testcase>
        <testcase classname="tests/unit/roi.test.ts" name="Unit Test: ROI Calculation &gt; should handle zero cost to avoid infinity" time="0.000080417">
        </testcase>
        <testcase classname="tests/unit/roi.test.ts" name="Unit Test: ROI Calculation &gt; should return 0 for break-even" time="0.000068209">
        </testcase>
    </testsuite>
    <testsuite name="tests/unit/secretsVault.test.js" timestamp="2025-12-21T19:48:14.588Z" hostname="MacBook-Pro-Piotr.local" tests="12" failures="0" errors="0" skipped="0" time="0.196651583">
        <testcase classname="tests/unit/secretsVault.test.js" name="SecretsVault Service &gt; Encryption/Decryption &gt; should encrypt and decrypt a string successfully" time="0.001850791">
        </testcase>
        <testcase classname="tests/unit/secretsVault.test.js" name="SecretsVault Service &gt; Encryption/Decryption &gt; should encrypt and decrypt an object successfully" time="0.000256875">
        </testcase>
        <testcase classname="tests/unit/secretsVault.test.js" name="SecretsVault Service &gt; Encryption/Decryption &gt; should return null when decrypting null/undefined" time="0.000093209">
        </testcase>
        <testcase classname="tests/unit/secretsVault.test.js" name="SecretsVault Service &gt; Encryption/Decryption &gt; should throw on invalid encrypted data" time="0.000327959">
        </testcase>
        <testcase classname="tests/unit/secretsVault.test.js" name="SecretsVault Service &gt; Encryption/Decryption &gt; should produce different ciphertext for same plaintext (random IV)" time="0.000175708">
        </testcase>
        <testcase classname="tests/unit/secretsVault.test.js" name="SecretsVault Service &gt; Redaction &gt; should redact string values showing only last 4 characters" time="0.000080875">
        </testcase>
        <testcase classname="tests/unit/secretsVault.test.js" name="SecretsVault Service &gt; Redaction &gt; should fully redact short strings" time="0.000052041">
        </testcase>
        <testcase classname="tests/unit/secretsVault.test.js" name="SecretsVault Service &gt; Redaction &gt; should recursively redact nested objects" time="0.000061084">
        </testcase>
        <testcase classname="tests/unit/secretsVault.test.js" name="SecretsVault Service &gt; Redaction &gt; should return empty object for null/undefined" time="0.000062917">
        </testcase>
        <testcase classname="tests/unit/secretsVault.test.js" name="SecretsVault Service &gt; Validation &gt; should validate present fields as valid" time="0.000090667">
        </testcase>
        <testcase classname="tests/unit/secretsVault.test.js" name="SecretsVault Service &gt; Validation &gt; should identify missing fields" time="0.000348084">
        </testcase>
        <testcase classname="tests/unit/secretsVault.test.js" name="SecretsVault Service &gt; Validation &gt; should handle null/undefined secrets" time="0.000059583">
        </testcase>
    </testsuite>
    <testsuite name="tests/unit/slaService.test.js" timestamp="2025-12-21T19:48:14.588Z" hostname="MacBook-Pro-Piotr.local" tests="7" failures="0" errors="0" skipped="0" time="0.505601333">
        <testcase classname="tests/unit/slaService.test.js" name="SLAService Constants and Logic &gt; SLA_CHECK_INTERVAL_MS &gt; should be 10 minutes in milliseconds" time="0.00679025">
        </testcase>
        <testcase classname="tests/unit/slaService.test.js" name="SLAService Constants and Logic &gt; Service Methods Existence &gt; should export findExpiredAssignments" time="0.001793125">
        </testcase>
        <testcase classname="tests/unit/slaService.test.js" name="SLAService Constants and Logic &gt; Service Methods Existence &gt; should export markExpired" time="0.001332416">
        </testcase>
        <testcase classname="tests/unit/slaService.test.js" name="SLAService Constants and Logic &gt; Service Methods Existence &gt; should export findOrgAdmin" time="0.0010425">
        </testcase>
        <testcase classname="tests/unit/slaService.test.js" name="SLAService Constants and Logic &gt; Service Methods Existence &gt; should export escalateAssignment" time="0.002023708">
        </testcase>
        <testcase classname="tests/unit/slaService.test.js" name="SLAService Constants and Logic &gt; Service Methods Existence &gt; should export runSlaCheck" time="0.002487792">
        </testcase>
        <testcase classname="tests/unit/slaService.test.js" name="SLAService Constants and Logic &gt; Service Methods Existence &gt; should export getSlaHealth" time="0.002169959">
        </testcase>
    </testsuite>
    <testsuite name="tests/unit/store.test.ts" timestamp="2025-12-21T19:48:14.589Z" hostname="MacBook-Pro-Piotr.local" tests="19" failures="0" errors="0" skipped="0" time="0.325461708">
        <testcase classname="tests/unit/store.test.ts" name="Store Test: useAppStore &gt; initializes with correct default values" time="0.001051667">
        </testcase>
        <testcase classname="tests/unit/store.test.ts" name="Store Test: useAppStore &gt; sets current view" time="0.000173666">
        </testcase>
        <testcase classname="tests/unit/store.test.ts" name="Store Test: useAppStore &gt; sets session mode" time="0.000112875">
        </testcase>
        <testcase classname="tests/unit/store.test.ts" name="Store Test: useAppStore &gt; sets current user" time="0.000276083">
        </testcase>
        <testcase classname="tests/unit/store.test.ts" name="Store Test: useAppStore &gt; toggles sidebar open state" time="0.000106">
        </testcase>
        <testcase classname="tests/unit/store.test.ts" name="Store Test: useAppStore &gt; toggles sidebar collapse" time="0.000084833">
        </testcase>
        <testcase classname="tests/unit/store.test.ts" name="Store Test: useAppStore &gt; adds chat message" time="0.000577292">
        </testcase>
        <testcase classname="tests/unit/store.test.ts" name="Store Test: useAppStore &gt; sets chat messages" time="0.000161375">
        </testcase>
        <testcase classname="tests/unit/store.test.ts" name="Store Test: useAppStore &gt; clears chat" time="0.000147541">
        </testcase>
        <testcase classname="tests/unit/store.test.ts" name="Store Test: useAppStore &gt; sets bot typing state" time="0.000092209">
        </testcase>
        <testcase classname="tests/unit/store.test.ts" name="Store Test: useAppStore &gt; sets current stream content" time="0.000073375">
        </testcase>
        <testcase classname="tests/unit/store.test.ts" name="Store Test: useAppStore &gt; updates free session data" time="0.000074083">
        </testcase>
        <testcase classname="tests/unit/store.test.ts" name="Store Test: useAppStore &gt; updates free session data with function" time="0.000076833">
        </testcase>
        <testcase classname="tests/unit/store.test.ts" name="Store Test: useAppStore &gt; updates full session data" time="0.000078583">
        </testcase>
        <testcase classname="tests/unit/store.test.ts" name="Store Test: useAppStore &gt; sets AI config" time="0.000072542">
        </testcase>
        <testcase classname="tests/unit/store.test.ts" name="Store Test: useAppStore &gt; toggles theme" time="0.000062208">
        </testcase>
        <testcase classname="tests/unit/store.test.ts" name="Store Test: useAppStore &gt; updates last chat message" time="0.00008325">
        </testcase>
        <testcase classname="tests/unit/store.test.ts" name="Store Test: useAppStore &gt; logout resets state" time="0.0001735">
        </testcase>
        <testcase classname="tests/unit/store.test.ts" name="Store Test: useAppStore &gt; sets current project ID" time="0.000326792">
        </testcase>
    </testsuite>
    <testsuite name="tests/unit/templateGraphService.test.js" timestamp="2025-12-21T19:48:14.590Z" hostname="MacBook-Pro-Piotr.local" tests="16" failures="0" errors="0" skipped="0" time="0.186676875">
        <testcase classname="tests/unit/templateGraphService.test.js" name="templateGraphService &gt; createEmptyGraph &gt; creates a graph with START and END nodes connected" time="0.000921792">
        </testcase>
        <testcase classname="tests/unit/templateGraphService.test.js" name="templateGraphService &gt; stepsToGraph &gt; converts empty steps to START → END graph" time="0.00022075">
        </testcase>
        <testcase classname="tests/unit/templateGraphService.test.js" name="templateGraphService &gt; stepsToGraph &gt; converts steps array to linear graph" time="0.000216041">
        </testcase>
        <testcase classname="tests/unit/templateGraphService.test.js" name="templateGraphService &gt; stepsToGraph &gt; preserves step data in nodes" time="0.0003345">
        </testcase>
        <testcase classname="tests/unit/templateGraphService.test.js" name="templateGraphService &gt; graphToSteps &gt; returns empty array for invalid graph" time="0.0001255">
        </testcase>
        <testcase classname="tests/unit/templateGraphService.test.js" name="templateGraphService &gt; graphToSteps &gt; skips START and END nodes in output" time="0.000081208">
        </testcase>
        <testcase classname="tests/unit/templateGraphService.test.js" name="templateGraphService &gt; graphToSteps &gt; converts linear graph to ordered steps" time="0.000117959">
        </testcase>
        <testcase classname="tests/unit/templateGraphService.test.js" name="templateGraphService &gt; validateDAG &gt; returns valid for acyclic graph" time="0.000128209">
        </testcase>
        <testcase classname="tests/unit/templateGraphService.test.js" name="templateGraphService &gt; validateDAG &gt; detects simple cycle" time="0.000067791">
        </testcase>
        <testcase classname="tests/unit/templateGraphService.test.js" name="templateGraphService &gt; validateDAG &gt; returns invalid for null graph" time="0.000047917">
        </testcase>
        <testcase classname="tests/unit/templateGraphService.test.js" name="templateGraphService &gt; findDeadEnds &gt; returns empty for valid graph" time="0.000080958">
        </testcase>
        <testcase classname="tests/unit/templateGraphService.test.js" name="templateGraphService &gt; findDeadEnds &gt; finds nodes without outgoing edges" time="0.0001325">
        </testcase>
        <testcase classname="tests/unit/templateGraphService.test.js" name="templateGraphService &gt; findBranchesWithoutElse &gt; returns empty when no BRANCH nodes" time="0.000068542">
        </testcase>
        <testcase classname="tests/unit/templateGraphService.test.js" name="templateGraphService &gt; findBranchesWithoutElse &gt; finds BRANCH node without else path" time="0.00006225">
        </testcase>
        <testcase classname="tests/unit/templateGraphService.test.js" name="templateGraphService &gt; findBranchesWithoutElse &gt; passes when BRANCH has else path" time="0.000047792">
        </testcase>
        <testcase classname="tests/unit/templateGraphService.test.js" name="templateGraphService &gt; roundtrip: steps → graph → steps &gt; preserves data through roundtrip" time="0.00008625">
        </testcase>
    </testsuite>
    <testsuite name="tests/unit/templateValidationService.test.js" timestamp="2025-12-21T19:48:14.590Z" hostname="MacBook-Pro-Piotr.local" tests="9" failures="0" errors="0" skipped="0" time="0.188496959">
        <testcase classname="tests/unit/templateValidationService.test.js" name="templateValidationService &gt; validate &gt; returns error for missing template graph" time="0.000986416">
        </testcase>
        <testcase classname="tests/unit/templateValidationService.test.js" name="templateValidationService &gt; validate &gt; returns error for invalid JSON in graph" time="0.000225042">
        </testcase>
        <testcase classname="tests/unit/templateValidationService.test.js" name="templateValidationService &gt; validate &gt; validates empty trigger_signal" time="0.000389791">
        </testcase>
        <testcase classname="tests/unit/templateValidationService.test.js" name="templateValidationService &gt; validateGraph &gt; returns error for missing nodes array" time="0.000108958">
        </testcase>
        <testcase classname="tests/unit/templateValidationService.test.js" name="templateValidationService &gt; validateGraph &gt; returns error for missing edges array" time="0.000098916">
        </testcase>
        <testcase classname="tests/unit/templateValidationService.test.js" name="templateValidationService &gt; validateGraph &gt; returns error when no START node exists" time="0.000112416">
        </testcase>
        <testcase classname="tests/unit/templateValidationService.test.js" name="templateValidationService &gt; validateGraph &gt; calls validateDAG and reports cycles" time="0.00021625">
        </testcase>
        <testcase classname="tests/unit/templateValidationService.test.js" name="templateValidationService &gt; validateGraph &gt; calls findDeadEnds and reports dead-end nodes" time="0.000148583">
        </testcase>
[...]
        </testcase>
        <testcase classname="tests/unit/backend/usageService.test.js" name="UsageService &gt; checkQuota() &gt; should allow when overage enabled even if quota exceeded" time="0.000120625">
        </testcase>
        <testcase classname="tests/unit/backend/usageService.test.js" name="UsageService &gt; checkQuota() &gt; should allow unlimited when limit is 0" time="0.000089958">
        </testcase>
        <testcase classname="tests/unit/backend/usageService.test.js" name="UsageService &gt; calculateOverage() &gt; should calculate overage charges correctly" time="0.000248125">
        </testcase>
        <testcase classname="tests/unit/backend/usageService.test.js" name="UsageService &gt; calculateOverage() &gt; should return zero overage when within limits" time="0.000095875">
        </testcase>
        <testcase classname="tests/unit/backend/usageService.test.js" name="UsageService &gt; updateUsageSummary() &gt; should create or update usage summary" time="0.000205292">
        </testcase>
        <testcase classname="tests/unit/backend/usageService.test.js" name="UsageService &gt; getUsageHistory() &gt; should retrieve usage history" time="0.0002885">
        </testcase>
        <testcase classname="tests/unit/backend/usageService.test.js" name="UsageService &gt; getUsageHistory() &gt; should respect limit parameter" time="0.000065625">
        </testcase>
        <testcase classname="tests/unit/backend/usageService.test.js" name="UsageService &gt; getGlobalUsageStats() &gt; should return global usage statistics" time="0.0001235">
        </testcase>
        <testcase classname="tests/unit/backend/usageService.test.js" name="UsageService &gt; checkProjectQuota() &gt; should check project storage quota" time="0.000131125">
        </testcase>
        <testcase classname="tests/unit/backend/usageService.test.js" name="UsageService &gt; checkProjectQuota() &gt; should allow unlimited when limit is null" time="0.000069084">
        </testcase>
        <testcase classname="tests/unit/backend/usageService.test.js" name="UsageService &gt; checkProjectQuota() &gt; should reject when project not found" time="0.000137667">
        </testcase>
        <testcase classname="tests/unit/backend/usageService.test.js" name="UsageService &gt; Multi-Tenant Isolation &gt; should filter usage by organization_id" time="0.000294333">
        </testcase>
    </testsuite>
    <testsuite name="tests/unit/backend/webhookService.test.js" timestamp="2025-12-21T19:48:14.641Z" hostname="MacBook-Pro-Piotr.local" tests="21" failures="0" errors="0" skipped="0" time="0.353144166">
        <testcase classname="tests/unit/backend/webhookService.test.js" name="WebhookService &gt; trigger() &gt; should trigger webhooks for matching event type" time="0.001665334">
        </testcase>
        <testcase classname="tests/unit/backend/webhookService.test.js" name="WebhookService &gt; trigger() &gt; should return zero triggered when no webhooks match" time="0.000195334">
        </testcase>
        <testcase classname="tests/unit/backend/webhookService.test.js" name="WebhookService &gt; trigger() &gt; should handle multiple webhooks" time="0.000180167">
        </testcase>
        <testcase classname="tests/unit/backend/webhookService.test.js" name="WebhookService &gt; trigger() &gt; should handle webhook failures gracefully" time="0.000296792">
            <system-err>
[Webhook] Failed to send to https://example.com/webhook: Network error

            </system-err>
        </testcase>
        <testcase classname="tests/unit/backend/webhookService.test.js" name="WebhookService &gt; trigger() &gt; should handle database errors" time="0.002425625">
            <system-err>
[Webhook] Query error: Error: Database error
    at Object.&lt;anonymous&gt; (/Users/piotrwisniewski/Documents/Antygracity/DRD/consultify/tests/unit/backend/webhookService.test.js:144:26)
    at Object.Mock [as all] (file:///Users/piotrwisniewski/Documents/Antygracity/DRD/consultify/node_modules/@vitest/spy/dist/index.js:285:34)
    at /Users/piotrwisniewski/Documents/Antygracity/DRD/consultify/server/services/webhookService.js:25:21
    at new Promise (&lt;anonymous&gt;)
    at WebhookService.trigger (/Users/piotrwisniewski/Documents/Antygracity/DRD/consultify/server/services/webhookService.js:23:16)
    at /Users/piotrwisniewski/Documents/Antygracity/DRD/consultify/tests/unit/backend/webhookService.test.js:147:41
    at file:///Users/piotrwisniewski/Documents/Antygracity/DRD/consultify/node_modules/@vitest/runner/dist/index.js:145:11
    at file:///Users/piotrwisniewski/Documents/Antygracity/DRD/consultify/node_modules/@vitest/runner/dist/index.js:915:26
    at file:///Users/piotrwisniewski/Documents/Antygracity/DRD/consultify/node_modules/@vitest/runner/dist/index.js:1243:20
    at new Promise (&lt;anonymous&gt;)

            </system-err>
        </testcase>
        <testcase classname="tests/unit/backend/webhookService.test.js" name="WebhookService &gt; trigger() &gt; should only trigger webhooks for specified organization" time="0.000154625">
        </testcase>
        <testcase classname="tests/unit/backend/webhookService.test.js" name="WebhookService &gt; sendWebhook() &gt; should send webhook with correct headers" time="0.000183167">
        </testcase>
        <testcase classname="tests/unit/backend/webhookService.test.js" name="WebhookService &gt; sendWebhook() &gt; should include payload in body" time="0.000306042">
        </testcase>
        <testcase classname="tests/unit/backend/webhookService.test.js" name="WebhookService &gt; sendWebhook() &gt; should throw on non-ok response" time="0.000164584">
        </testcase>
        <testcase classname="tests/unit/backend/webhookService.test.js" name="WebhookService &gt; sendSlackNotification() &gt; should send Slack notification" time="0.000828166">
        </testcase>
        <testcase classname="tests/unit/backend/webhookService.test.js" name="WebhookService &gt; sendSlackNotification() &gt; should handle Slack API errors" time="0.000097083">
        </testcase>
        <testcase classname="tests/unit/backend/webhookService.test.js" name="WebhookService &gt; sendSlackNotification() &gt; should handle network errors" time="0.000336167">
            <system-err>
[Slack] Notification failed: Error: Network error
    at /Users/piotrwisniewski/Documents/Antygracity/DRD/consultify/tests/unit/backend/webhookService.test.js:256:45
    at file:///Users/piotrwisniewski/Documents/Antygracity/DRD/consultify/node_modules/@vitest/runner/dist/index.js:145:11
    at file:///Users/piotrwisniewski/Documents/Antygracity/DRD/consultify/node_modules/@vitest/runner/dist/index.js:915:26
    at file:///Users/piotrwisniewski/Documents/Antygracity/DRD/consultify/node_modules/@vitest/runner/dist/index.js:1243:20
    at new Promise (&lt;anonymous&gt;)
    at runWithTimeout (file:///Users/piotrwisniewski/Documents/Antygracity/DRD/consultify/node_modules/@vitest/runner/dist/index.js:1209:10)
    at file:///Users/piotrwisniewski/Documents/Antygracity/DRD/consultify/node_modules/@vitest/runner/dist/index.js:1653:37
    at Traces.$ (file:///Users/piotrwisniewski/Documents/Antygracity/DRD/consultify/node_modules/vitest/dist/chunks/traces.U4xDYhzZ.js:115:27)
    at trace (file:///Users/piotrwisniewski/Documents/Antygracity/DRD/consultify/node_modules/vitest/dist/chunks/test.B8ej_ZHS.js:239:21)
    at runTest (file:///Users/piotrwisniewski/Documents/Antygracity/DRD/consultify/node_modules/@vitest/runner/dist/index.js:1653:12)

            </system-err>
        </testcase>
        <testcase classname="tests/unit/backend/webhookService.test.js" name="WebhookService &gt; Multi-tenant Isolation &gt; should not leak webhooks between organizations" time="0.0001405">
        </testcase>
        <testcase classname="tests/unit/backend/webhookService.test.js" name="WebhookService &gt; Multi-tenant Isolation &gt; should filter webhooks by organization_id" time="0.00006325">
        </testcase>
        <testcase classname="tests/unit/backend/webhookService.test.js" name="WebhookService &gt; Multi-tenant Isolation &gt; should only query active webhooks" time="0.000064417">
        </testcase>
        <testcase classname="tests/unit/backend/webhookService.test.js" name="WebhookService &gt; Security &gt; should generate HMAC signature for each webhook" time="0.00013375">
        </testcase>
        <testcase classname="tests/unit/backend/webhookService.test.js" name="WebhookService &gt; Security &gt; should include event type in headers" time="0.000078375">
        </testcase>
        <testcase classname="tests/unit/backend/webhookService.test.js" name="WebhookService &gt; Security &gt; should generate different signatures for different secrets" time="0.000110917">
        </testcase>
        <testcase classname="tests/unit/backend/webhookService.test.js" name="WebhookService &gt; formatInitiativeMessage() &gt; should format initiative message correctly" time="0.00016375">
        </testcase>
        <testcase classname="tests/unit/backend/webhookService.test.js" name="WebhookService &gt; formatTaskMessage() &gt; should format task message with status emoji" time="0.00013325">
        </testcase>
        <testcase classname="tests/unit/backend/webhookService.test.js" name="WebhookService &gt; formatTaskMessage() &gt; should handle completed status" time="0.000067042">
        </testcase>
    </testsuite>
    <testsuite name="tests/unit/backend/middleware/adminMiddleware.test.js" timestamp="2025-12-21T19:48:14.642Z" hostname="MacBook-Pro-Piotr.local" tests="4" failures="0" errors="0" skipped="0" time="0.25562525">
        <testcase classname="tests/unit/backend/middleware/adminMiddleware.test.js" name="AdminMiddleware &gt; should call next() if user is admin" time="0.002126292">
        </testcase>
        <testcase classname="tests/unit/backend/middleware/adminMiddleware.test.js" name="AdminMiddleware &gt; should call next() if user is superadmin" time="0.000369917">
        </testcase>
        <testcase classname="tests/unit/backend/middleware/adminMiddleware.test.js" name="AdminMiddleware &gt; should return 403 if user is not admin" time="0.001047959">
        </testcase>
        <testcase classname="tests/unit/backend/middleware/adminMiddleware.test.js" name="AdminMiddleware &gt; should return 401 if verify failed (bad signature)" time="0.000227667">
        </testcase>
    </testsuite>
    <testsuite name="tests/unit/backend/middleware/auditLog.test.js" timestamp="2025-12-21T19:48:14.642Z" hostname="MacBook-Pro-Piotr.local" tests="3" failures="0" errors="0" skipped="0" time="0.374074166">
        <testcase classname="tests/unit/backend/middleware/auditLog.test.js" name="AuditLog Middleware &gt; should call next() and override res.end" time="0.057005458">
            <system-out>
[Database] Selected: SQLite

            </system-out>
        </testcase>
        <testcase classname="tests/unit/backend/middleware/auditLog.test.js" name="AuditLog Middleware &gt; should log activity when res.end is called for 2xx POST" time="0.064539375">
            <system-out>
[Database] Selected: SQLite

            </system-out>
        </testcase>
        <testcase classname="tests/unit/backend/middleware/auditLog.test.js" name="AuditLog Middleware &gt; should NOT log for GET requests" time="0.004539">
            <system-out>
[Database] Selected: SQLite

            </system-out>
        </testcase>
    </testsuite>
    <testsuite name="tests/unit/backend/middleware/authMiddleware.test.js" timestamp="2025-12-21T19:48:14.642Z" hostname="MacBook-Pro-Piotr.local" tests="6" failures="0" errors="0" skipped="0" time="0">
        <testcase classname="tests/unit/backend/middleware/authMiddleware.test.js" name="AuthMiddleware &gt; should return 403 if no token provided" time="0">
        </testcase>
        <testcase classname="tests/unit/backend/middleware/authMiddleware.test.js" name="AuthMiddleware &gt; should return 401 if token expired" time="0">
        </testcase>
        <testcase classname="tests/unit/backend/middleware/authMiddleware.test.js" name="AuthMiddleware &gt; should return 401 if token invalid" time="0">
        </testcase>
        <testcase classname="tests/unit/backend/middleware/authMiddleware.test.js" name="AuthMiddleware &gt; should call next() if token valid and no revocation check needed (no jti)" time="0">
        </testcase>
        <testcase classname="tests/unit/backend/middleware/authMiddleware.test.js" name="AuthMiddleware &gt; should check revocation if jti is present" time="0">
        </testcase>
        <testcase classname="tests/unit/backend/middleware/authMiddleware.test.js" name="AuthMiddleware &gt; should return 401 if token is revoked" time="0">
        </testcase>
    </testsuite>
    <testsuite name="tests/unit/backend/middleware/planLimits.test.js" timestamp="2025-12-21T19:48:14.643Z" hostname="MacBook-Pro-Piotr.local" tests="8" failures="0" errors="0" skipped="0" time="0.200571917">
        <testcase classname="tests/unit/backend/middleware/planLimits.test.js" name="PlanLimits Middleware &gt; should return 403 if no organization found in user" time="0.006058625">
            <system-out>
[Database] Selected: SQLite

            </system-out>
        </testcase>
        <testcase classname="tests/unit/backend/middleware/planLimits.test.js" name="PlanLimits Middleware &gt; should return 404 if organization does not exist in DB" time="0.002235666">
        </testcase>
        <testcase classname="tests/unit/backend/middleware/planLimits.test.js" name="PlanLimits Middleware &gt; should allow request if within limit (Free plan)" time="0.0017225">
        </testcase>
        <testcase classname="tests/unit/backend/middleware/planLimits.test.js" name="PlanLimits Middleware &gt; should block request if limit reached (Free plan)" time="0.001595042">
        </testcase>
        <testcase classname="tests/unit/backend/middleware/planLimits.test.js" name="PlanLimits Middleware &gt; should allow request if within limit (Pro plan)" time="0.001772">
        </testcase>
        <testcase classname="tests/unit/backend/middleware/planLimits.test.js" name="PlanLimits Middleware &gt; should treat trial status as pro plan" time="0.002313875">
        </testcase>
        <testcase classname="tests/unit/backend/middleware/planLimits.test.js" name="PlanLimits Middleware &gt; should handle undefined limits gracefully (warn and allow)" time="0.000967917">
            <system-err>
Limit key unknown_limit_key not found for plan free

            </system-err>
        </testcase>
        <testcase classname="tests/unit/backend/middleware/planLimits.test.js" name="PlanLimits Middleware &gt; should check max_members limit" time="0.001456833">
        </testcase>
    </testsuite>
    <testsuite name="tests/unit/backend/middleware/projectQuotaMiddleware.test.js" timestamp="2025-12-21T19:48:14.643Z" hostname="MacBook-Pro-Piotr.local" tests="6" failures="0" errors="0" skipped="0" time="0.2170835">
        <testcase classname="tests/unit/backend/middleware/projectQuotaMiddleware.test.js" name="Project Quota Middleware (Integration) &gt; should skip check if no project_id provided" time="0.000981292">
        </testcase>
        <testcase classname="tests/unit/backend/middleware/projectQuotaMiddleware.test.js" name="Project Quota Middleware (Integration) &gt; should allow request if quota is sufficient" time="0.001255166">
        </testcase>
        <testcase classname="tests/unit/backend/middleware/projectQuotaMiddleware.test.js" name="Project Quota Middleware (Integration) &gt; should allow request if limit is NULL (unlimited)" time="0.000814042">
        </testcase>
        <testcase classname="tests/unit/backend/middleware/projectQuotaMiddleware.test.js" name="Project Quota Middleware (Integration) &gt; should block 429 if quota exceeded" time="0.001809958">
        </testcase>
        <testcase classname="tests/unit/backend/middleware/projectQuotaMiddleware.test.js" name="Project Quota Middleware (Integration) &gt; should cleanup temp file if quota exceeded" time="0.002064208">
        </testcase>
        <testcase classname="tests/unit/backend/middleware/projectQuotaMiddleware.test.js" name="Project Quota Middleware (Integration) &gt; should handle errors gracefully (e.g. project not found)" time="0.001068334">
            <system-err>
Project quota check error: Error: Project not found
    at Statement.&lt;anonymous&gt; (/Users/piotrwisniewski/Documents/Antygracity/DRD/consultify/server/services/usageService.js:303:41)
    at Statement.replacement (/Users/piotrwisniewski/Documents/Antygracity/DRD/consultify/server/node_modules/sqlite3/lib/trace.js:25:27)
    at Statement.replacement (/Users/piotrwisniewski/Documents/Antygracity/DRD/consultify/server/node_modules/sqlite3/lib/trace.js:25:27)

            </system-err>
        </testcase>
    </testsuite>
    <testsuite name="tests/unit/backend/middleware/quotaMiddleware.test.js" timestamp="2025-12-21T19:48:14.643Z" hostname="MacBook-Pro-Piotr.local" tests="8" failures="0" errors="0" skipped="0" time="0.255142541">
        <testcase classname="tests/unit/backend/middleware/quotaMiddleware.test.js" name="Quota Middleware (Integration) &gt; enforceTokenQuota &gt; should return 401 if no orgId" time="0.00102675">
        </testcase>
        <testcase classname="tests/unit/backend/middleware/quotaMiddleware.test.js" name="Quota Middleware (Integration) &gt; enforceTokenQuota &gt; should allow if usage is below limit" time="0.002178916">
        </testcase>
        <testcase classname="tests/unit/backend/middleware/quotaMiddleware.test.js" name="Quota Middleware (Integration) &gt; enforceTokenQuota &gt; should block 429 if usage exceeds limit" time="0.00158025">
        </testcase>
        <testcase classname="tests/unit/backend/middleware/quotaMiddleware.test.js" name="Quota Middleware (Integration) &gt; enforceTokenQuota &gt; should allow if overage is enabled even if exceeded" time="0.001801625">
        </testcase>
        <testcase classname="tests/unit/backend/middleware/quotaMiddleware.test.js" name="Quota Middleware (Integration) &gt; enforceTokenQuota &gt; should set warning headers if &gt; 80%" time="0.002081083">
        </testcase>
        <testcase classname="tests/unit/backend/middleware/quotaMiddleware.test.js" name="Quota Middleware (Integration) &gt; enforceStorageQuota &gt; should allow if allowed" time="0.001468917">
        </testcase>
        <testcase classname="tests/unit/backend/middleware/quotaMiddleware.test.js" name="Quota Middleware (Integration) &gt; enforceStorageQuota &gt; should block 429 if exceeded" time="0.001593833">
        </testcase>
        <testcase classname="tests/unit/backend/middleware/quotaMiddleware.test.js" name="Quota Middleware (Integration) &gt; recordTokenUsageAfterResponse &gt; should insert usage record into DB" time="0.051421584">
        </testcase>
    </testsuite>
    <testsuite name="tests/unit/backend/middleware/superAdminMiddleware.test.js" timestamp="2025-12-21T19:48:14.644Z" hostname="MacBook-Pro-Piotr.local" tests="3" failures="0" errors="0" skipped="0" time="0.214207292">
        <testcase classname="tests/unit/backend/middleware/superAdminMiddleware.test.js" name="SuperAdminMiddleware &gt; should call next() if user is superadmin" time="0.002126917">
        </testcase>
        <testcase classname="tests/unit/backend/middleware/superAdminMiddleware.test.js" name="SuperAdminMiddleware &gt; should return 403 if user is admin (not super)" time="0.001186791">
        </testcase>
        <testcase classname="tests/unit/backend/middleware/superAdminMiddleware.test.js" name="SuperAdminMiddleware &gt; should return 401 if token is invalid (bad signature)" time="0.000277458">
        </testcase>
    </testsuite>
</testsuites>
