{"numTotalTestSuites":1509,"numPassedTestSuites":1474,"numFailedTestSuites":35,"numPendingTestSuites":0,"numTotalTests":2180,"numPa    <testsuite name="tests/unit/backend/InitiativeService.test.ts" timestamp="2026-01-26T21:12:40.662Z" hostname="MacBook-Pro-Piotr.local" tests="3" failures="0" errors="0" skipped="0" time="0.012060459">
        <testcase classname="tests/unit/backend/InitiativeService.test.ts" name="InitiativeService &gt; should create initiative" time="0.004184959">
        </testcase>
        <testcase classname="tests/unit/backend/InitiativeService.test.ts" name="InitiativeService &gt; should track progress" time="0.000663041">
        </testcase>
        <testcase classname="tests/unit/backend/InitiativeService.test.ts" name="InitiativeService &gt; should list initiatives" time="0.000485666">
        </testcase>
    </testsuite>
    <testsuite name="tests/unit/backend/accessPolicyService.test.js" timestamp="2026-01-26T21:12:40.663Z" hostname="MacBook-Pro-Piotr.local" tests="10" failures="0" errors="0" skipped="0" time="0.012653292">
        <testcase classname="tests/unit/backend/accessPolicyService.test.js" name="AccessPolicyService &gt; Role Management &gt; should create role" time="0.007836417">
        </testcase>
        <testcase classname="tests/unit/backend/accessPolicyService.test.js" name="AccessPolicyService &gt; Role Management &gt; should get existing role" time="0.000608875">
        </testcase>
        <testcase classname="tests/unit/backend/accessPolicyService.test.js" name="AccessPolicyService &gt; Role Management &gt; should list all roles" time="0.000321792">
        </testcase>
        <testcase classname="tests/unit/backend/accessPolicyService.test.js" name="AccessPolicyService &gt; Permission Checking &gt; should allow superadmin all actions" time="0.000236">
        </testcase>
        <testcase classname="tests/unit/backend/accessPolicyService.test.js" name="AccessPolicyService &gt; Permission Checking &gt; should allow admin read access" time="0.00021875">
        </testcase>
        <testcase classname="tests/unit/backend/accessPolicyService.test.js" name="AccessPolicyService &gt; Permission Checking &gt; should allow viewer read-only" time="0.000218167">
        </testcase>
        <testcase classname="tests/unit/backend/accessPolicyService.test.js" name="AccessPolicyService &gt; Permission Checking &gt; should check ownership context" time="0.000761166">
        </testcase>
        <testcase classname="tests/unit/backend/accessPolicyService.test.js" name="AccessPolicyService &gt; Permission Checking &gt; should deny unknown role" time="0.000171708">
        </testcase>
        <testcase classname="tests/unit/backend/accessPolicyService.test.js" name="AccessPolicyService &gt; Policy Management &gt; should create policy" time="0.000290791">
        </testcase>
        <testcase classname="tests/unit/backend/accessPolicyService.test.js" name="AccessPolicyService &gt; Policy Management &gt; should evaluate policy with conditions" time="0.000295">
        </testcase>
    </testsuite>
    <testsuite name="tests/unit/backend/actionDecision.service.test.js" timestamp="2026-01-26T21:12:40.664Z" hostname="MacBook-Pro-Piotr.local" tests="8" failures="0" errors="0" skipped="0" time="0.006407416">
        <testcase classname="tests/unit/backend/actionDecision.service.test.js" name="ActionDecisionService &gt; Decision Making &gt; should make decision based on rules" time="0.001748084">
        </testcase>
        <testcase classname="tests/unit/backend/actionDecision.service.test.js" name="ActionDecisionService &gt; Decision Making &gt; should apply highest priority rule" time="0.000843458">
        </testcase>
        <testcase classname="tests/unit/backend/actionDecision.service.test.js" name="ActionDecisionService &gt; Decision Making &gt; should calculate weighted confidence" time="0.0002085">
        </testcase>
        <testcase classname="tests/unit/backend/actionDecision.service.test.js" name="ActionDecisionService &gt; Rule Processing &gt; should evaluate condition objects" time="0.000344459">
        </testcase>
        <testcase classname="tests/unit/backend/actionDecision.service.test.js" name="ActionDecisionService &gt; Rule Processing &gt; should evaluate function conditions" time="0.000362">
        </testcase>
        <testcase classname="tests/unit/backend/actionDecision.service.test.js" name="ActionDecisionService &gt; Input Validation &gt; should validate context" time="0.000611625">
        </testcase>
        <testcase classname="tests/unit/backend/actionDecision.service.test.js" name="ActionDecisionService &gt; Input Validation &gt; should validate options array" time="0.000250709">
        </testcase>
        <testcase classname="tests/unit/backend/actionDecision.service.test.js" name="ActionDecisionService &gt; Decision History &gt; should track decision history" time="0.000495333">
        </testcase>
    </testsuite>
    <testsuite name="tests/unit/backend/activityService.test.js" timestamp="2026-01-26T21:12:40.664Z" hostname="MacBook-Pro-Piotr.local" tests="8" failures="1" errors="0" skipped="7" time="0.05561125">
        <testcase classname="tests/unit/backend/activityService.test.js" name="ActivityService &gt; Activity Logging &gt; should log user activity data" time="0">
            <skipped/>
        </testcase>
        <testcase classname="tests/unit/backend/activityService.test.js" name="ActivityService &gt; Activity Logging &gt; should support different activity types" time="0">
            <skipped/>
        </testcase>
        <testcase classname="tests/unit/backend/activityService.test.js" name="ActivityService &gt; Event Tracking &gt; should track event with timestamp" time="0">
            <skipped/>
        </testcase>
        <testcase classname="tests/unit/backend/activityService.test.js" name="ActivityService &gt; Event Tracking &gt; should track event metadata" time="0">
            <skipped/>
        </testcase>
        <testcase classname="tests/unit/backend/activityService.test.js" name="ActivityService &gt; Activity Feed &gt; should structure activity feed items" time="0">
            <skipped/>
        </testcase>
        <testcase classname="tests/unit/backend/activityService.test.js" name="ActivityService &gt; Activity Feed &gt; should sort by timestamp descending" time="0">
            <skipped/>
        </testcase>
        <testcase classname="tests/unit/backend/activityService.test.js" name="ActivityService &gt; Activity Aggregation &gt; should count activities by type" time="0">
            <skipped/>
        </testcase>
        <testcase classname="tests/unit/backend/activityService.test.js" name="ActivityService" time="0.054977833">
            <system-out>
2026-01-26 16:12:31:1231 [32minfo[39m: [32m[DatabaseInitializer] Starting database initialization...[39m
[Database] createDatabase() called. MOCK_DB: false
2026-01-26 16:12:31:1231 [32minfo[39m: [32m[DB Config] DATABASE_URL: NOT SET[39m
2026-01-26 16:12:31:1231 [32minfo[39m: [32m[DB Config] DB_TYPE: sqlite[39m
2026-01-26 16:12:31:1231 [32minfo[39m: [32m[DB Config] Using SQLite (DB_TYPE=sqlite)[39m
[DB Config] Loading config. SQLITE_PATH env: ./test-activity-2.db
[DB Config] Resolved sqlitePath: ./test-activity-2.db
[Database] Loading SQLite legacy module...

2026-01-26 16:12:31:1231 [31merror[39m: [31m[DatabaseInitializer] Database initialization failed: Cannot find module &apos;/server/legacy_archive/database.sqlite.js&apos; imported from &apos;/Users/piotrwisniewski/Documents/Antygracity/DRD/consultify/server/src/database/Database.ts&apos;[39m

[Database] getDatabaseInstance() (SYNC) needs initialization.
[Legacy DB] database.sqlite.js module LOADED. SQLITE_PATH: ./test-activity-2.db
[SQLite] Connecting. PID: 29281 CWD: /Users/piotrwisniewski/Documents/Antygracity/DRD/consultify Path: ./test-activity-2.db

Connected to the SQLite database.

            </system-out>
            <failure message="SQLITE_ERROR: no such table: organizations" type="Error">
Error: SQLITE_ERROR: no such table: organizations
 ❯ callWithRetry server/src/database/Database.ts:221:19
 ❯ Proxy.&lt;anonymous&gt; server/src/database/Database.ts:264:12
 ❯ tests/unit/backend/activityService.test.js:26:10
 ❯ tests/unit/backend/activityService.test.js:25:11

⎯⎯⎯⎯⎯⎯⎯⎯⎯⎯⎯⎯⎯⎯⎯⎯⎯⎯⎯⎯⎯⎯⎯⎯⎯⎯⎯⎯⎯⎯
Serialized Error: { errno: 1, code: &apos;SQLITE_ERROR&apos;, __augmented: true }
            </failure>
        </testcase>
    </testsuite>
    <testsuite name="tests/unit/backend/adkarService.test.js" timestamp="2026-01-26T21:12:40.666Z" hostname="MacBook-Pro-Piotr.local" tests="10" failures="0" errors="0" skipped="0" time="0.00607225">
        <testcase classname="tests/unit/backend/adkarService.test.js" name="ADKARService &gt; Assessment Creation &gt; should create assessment" time="0.001707542">
        </testcase>
        <testcase classname="tests/unit/backend/adkarService.test.js" name="ADKARService &gt; Assessment Creation &gt; should initialize all phase scores to 0" time="0.000372">
        </testcase>
        <testcase classname="tests/unit/backend/adkarService.test.js" name="ADKARService &gt; Phase Scoring &gt; should update phase score" time="0.000202625">
        </testcase>
        <testcase classname="tests/unit/backend/adkarService.test.js" name="ADKARService &gt; Phase Scoring &gt; should reject invalid phase" time="0.000735208">
        </testcase>
        <testcase classname="tests/unit/backend/adkarService.test.js" name="ADKARService &gt; Phase Scoring &gt; should validate score range" time="0.000280208">
        </testcase>
        <testcase classname="tests/unit/backend/adkarService.test.js" name="ADKARService &gt; Progress Tracking &gt; should calculate overall progress" time="0.000230416">
        </testcase>
        <testcase classname="tests/unit/backend/adkarService.test.js" name="ADKARService &gt; Progress Tracking &gt; should identify weakest phase" time="0.000204417">
        </testcase>
        <testcase classname="tests/unit/backend/adkarService.test.js" name="ADKARService &gt; Report Generation &gt; should generate report" time="0.000295416">
        </testcase>
        <testcase classname="tests/unit/backend/adkarService.test.js" name="ADKARService &gt; Report Generation &gt; should provide recommendations for weak areas" time="0.000170375">
        </testcase>
        <testcase classname="tests/unit/backend/adkarService.test.js" name="ADKARService &gt; Assessment Completion &gt; should complete assessment" time="0.000184416">
        </testcase>
    </testsuite>
    <testsuite name="tests/unit/backend/aiActionExecutor.test.js" timestamp="2026-01-26T21:12:40.667Z" hostname="MacBook-Pro-Piotr.local" tests="11" failures="0" errors="0" skipped="0" time="0.008196208">
        <testcase classname="tests/unit/backend/aiActionExecutor.test.js" name="AIActionExecutor &gt; Action Execution &gt; should execute registered action" time="0.001913083">
        </testcase>
        <testcase classname="tests/unit/backend/aiActionExecutor.test.js" name="AIActionExecutor &gt; Action Execution &gt; should track execution ID" time="0.0003065">
        </testcase>
        <testcase classname="tests/unit/backend/aiActionExecutor.test.js" name="AIActionExecutor &gt; Action Execution &gt; should throw for unknown action" time="0.001189708">
        </testcase>
        <testcase classname="tests/unit/backend/aiActionExecutor.test.js" name="AIActionExecutor &gt; Error Handling &gt; should handle action error" time="0.000258958">
        </testcase>
        <testcase classname="tests/unit/backend/aiActionExecutor.test.js" name="AIActionExecutor &gt; Error Handling &gt; should mark recoverable errors" time="0.000239583">
        </testcase>
        <testcase classname="tests/unit/backend/aiActionExecutor.test.js" name="AIActionExecutor &gt; Permission Checking &gt; should deny action without permission" time="0.000223625">
        </testcase>
        <testcase classname="tests/unit/backend/aiActionExecutor.test.js" name="AIActionExecutor &gt; Permission Checking &gt; should allow action with permission" time="0.000177166">
        </testcase>
        <testcase classname="tests/unit/backend/aiActionExecutor.test.js" name="AIActionExecutor &gt; Action Validation &gt; should validate known action" time="0.000143666">
        </testcase>
        <testcase classname="tests/unit/backend/aiActionExecutor.test.js" name="AIActionExecutor &gt; Action Validation &gt; should reject unknown action" time="0.000141375">
        </testcase>
        <testcase classname="tests/unit/backend/aiActionExecutor.test.js" name="AIActionExecutor &gt; Execution History &gt; should track execution history" time="0.000696125">
        </testcase>
        <testcase classname="tests/unit/backend/aiActionExecutor.test.js" name="AIActionExecutor &gt; Execution History &gt; should filter by status" time="0.000262334">
        </testcase>
    </testsuite>
    <testsuite name="tests/unit/backend/aiAuditLogger.test.js" timestamp="2026-01-26T21:12:40.668Z" hostname="MacBook-Pro-Piotr.local" tests="10" failures="0" errors="0" skipped="0" time="0.011753875">
        <testcase classname="tests/unit/backend/aiAuditLogger.test.js" name="AIAuditLogger &gt; Action Logging &gt; should log AI action" time="0.001751416">
        </testcase>
        <testcase classname="tests/unit/backend/aiAuditLogger.test.js" name="AIAuditLogger &gt; Action Logging &gt; should track timestamp" time="0.000291542">
        </testcase>
        <testcase classname="tests/unit/backend/aiAuditLogger.test.js" name="AIAuditLogger &gt; Action Logging &gt; should support different actions" time="0.000289791">
        </testcase>
        <testcase classname="tests/unit/backend/aiAuditLogger.test.js" name="AIAuditLogger &gt; Usage Tracking &gt; should track tokens used" time="0.00024375">
        </testcase>
        <testcase classname="tests/unit/backend/aiAuditLogger.test.js" name="AIAuditLogger &gt; Usage Tracking &gt; should track cost" time="0.000287666">
        </testcase>
        <testcase classname="tests/unit/backend/aiAuditLogger.test.js" name="AIAuditLogger &gt; Usage Tracking &gt; should track usage by organization" time="0.000240625">
        </testcase>
        <testcase classname="tests/unit/backend/aiAuditLogger.test.js" name="AIAuditLogger &gt; Usage Tracking &gt; should track by model" time="0.0002085">
        </testcase>
        <testcase classname="tests/unit/backend/aiAuditLogger.test.js" name="AIAuditLogger &gt; Log Filtering &gt; should filter by organization" time="0.000728125">
        </testcase>
        <testcase classname="tests/unit/backend/aiAuditLogger.test.js" name="AIAuditLogger &gt; Log Filtering &gt; should filter by action" time="0.000230917">
        </testcase>
        <testcase classname="tests/unit/backend/aiAuditLogger.test.js" name="AIAuditLogger &gt; Compliance Export &gt; should export for compliance" time="0.003948292">
        </testcase>
    </testsuite>
    <testsuite name="tests/unit/backend/aiCostControlService.test.js" timestamp="2026-01-26T21:12:40.668Z" hostname="MacBook-Pro-Piotr.local" tests="12" failures="0" errors="0" skipped="0" time="0.008398125">
        <testcase classname="tests/unit/backend/aiCostControlService.test.js" name="AICostControlService &gt; Budget Management &gt; should set budget" time="0.002073958">
        </testcase>
        <testcase classname="tests/unit/backend/aiCostControlService.test.js" name="AICostControlService &gt; Budget Management &gt; should get budget" time="0.00042725">
        </testcase>
        <testcase classname="tests/unit/backend/aiCostControlService.test.js" name="AICostControlService &gt; Budget Management &gt; should use default limits" time="0.000227458">
        </testcase>
        <testcase classname="tests/unit/backend/aiCostControlService.test.js" name="AICostControlService &gt; Usage Tracking &gt; should record usage" time="0.000731792">
        </testcase>
        <testcase classname="tests/unit/backend/aiCostControlService.test.js" name="AICostControlService &gt; Budget Checking &gt; should check budget status" time="0.000414">
        </testcase>
        <testcase classname="tests/unit/backend/aiCostControlService.test.js" name="AICostControlService &gt; Budget Checking &gt; should block when daily limit exceeded" time="0.000250542">
        </testcase>
        <testcase classname="tests/unit/backend/aiCostControlService.test.js" name="AICostControlService &gt; Budget Checking &gt; should block when monthly limit exceeded" time="0.000502792">
        </testcase>
        <testcase classname="tests/unit/backend/aiCostControlService.test.js" name="AICostControlService &gt; Request Authorization &gt; should allow request within budget" time="0.000208625">
        </testcase>
        <testcase classname="tests/unit/backend/aiCostControlService.test.js" name="AICostControlService &gt; Request Authorization &gt; should deny request exceeding daily limit" time="0.000401125">
        </testcase>
        <testcase classname="tests/unit/backend/aiCostControlService.test.js" name="AICostControlService &gt; Alert Thresholds &gt; should detect alert threshold" time="0.000359375">
        </testcase>
        <testcase classname="tests/unit/backend/aiCostControlService.test.js" name="AICostControlService &gt; Alert Thresholds &gt; should not alert below threshold" time="0.000423042">
        </testcase>
        <testcase classname="tests/unit/backend/aiCostControlService.test.js" name="AICostControlService &gt; Usage Reset &gt; should reset daily usage" time="0.000240584">
        </testcase>
    </testsuite>
    <testsuite name="tests/unit/backend/aiExplainabilityService.test.js" timestamp="2026-01-26T21:12:40.669Z" hostname="MacBook-Pro-Piotr.local" tests="7" failures="0" errors="0" skipped="0" time="0.005889">
        <testcase classname="tests/unit/backend/aiExplainabilityService.test.js" name="AIExplainabilityService &gt; Decision Explanation &gt; should explain decision" time="0.002274542">
        </testcase>
        <testcase classname="tests/unit/backend/aiExplainabilityService.test.js" name="AIExplainabilityService &gt; Decision Explanation &gt; should track reasoning steps" time="0.000352334">
        </testcase>
        <testcase classname="tests/unit/backend/aiExplainabilityService.test.js" name="AIExplainabilityService &gt; Factor Breakdown &gt; should get factor breakdown" time="0.000320792">
        </testcase>
        <testcase classname="tests/unit/backend/aiExplainabilityService.test.js" name="AIExplainabilityService &gt; Reasoning Trace &gt; should get reasoning trace" time="0.000297542">
        </testcase>
        <testcase classname="tests/unit/backend/aiExplainabilityService.test.js" name="AIExplainabilityService &gt; Human Readable &gt; should generate human readable summary" time="0.000373625">
        </testcase>
        <testcase classname="tests/unit/backend/aiExplainabilityService.test.js" name="AIExplainabilityService &gt; Confidence Levels &gt; should categorize confidence levels" time="0.000287792">
        </testcase>
        <testcase classname="tests/unit/backend/aiExplainabilityService.test.js" name="AIExplainabilityService &gt; Decision Comparison &gt; should compare two decisions" time="0.000308292">
        </testcase>
    </testsuite>
    <testsuite name="tests/unit/backend/aiExternalData.test.js" timestamp="2026-01-26T21:12:40.669Z" hostname="MacBook-Pro-Piotr.local" tests="9" failures="0" errors="0" skipped="0" time="0.008243291">
        <testcase classname="tests/unit/backend/aiExternalData.test.js" name="AIExternalDataService &gt; Source Registration &gt; should register data source" time="0.002310333">
        </testcase>
        <testcase classname="tests/unit/backend/aiExternalData.test.js" name="AIExternalDataService &gt; Source Registration &gt; should validate source config" time="0.000339958">
        </testcase>
        <testcase classname="tests/unit/backend/aiExternalData.test.js" name="AIExternalDataService &gt; Data Fetching &gt; should fetch data from registered source" time="0.000386291">
        </testcase>
        <testcase classname="tests/unit/backend/aiExternalData.test.js" name="AIExternalDataService &gt; Data Fetching &gt; should throw for unknown source" time="0.00115825">
        </testcase>
        <testcase classname="tests/unit/backend/aiExternalData.test.js" name="AIExternalDataService &gt; Data Fetching &gt; should apply transform function" time="0.000256792">
        </testcase>
        <testcase classname="tests/unit/backend/aiExternalData.test.js" name="AIExternalDataService &gt; Caching &gt; should cache results" time="0.000253708">
        </testcase>
        <testcase classname="tests/unit/backend/aiExternalData.test.js" name="AIExternalDataService &gt; Caching &gt; should return cache stats" time="0.000688875">
        </testcase>
        <testcase classname="tests/unit/backend/aiExternalData.test.js" name="AIExternalDataService &gt; Caching &gt; should clear cache" time="0.00017075">
        </testcase>
        <testcase classname="tests/unit/backend/aiExternalData.test.js" name="AIExternalDataService &gt; Context Enrichment &gt; should enrich context with external data" time="0.000185792">
        </testcase>
    </testsuite>
    <testsuite name="tests/unit/backend/aiOrchestrator.test.js" timestamp="2026-01-26T21:12:40.670Z" hostname="MacBook-Pro-Piotr.local" tests="1" failures="1" errors="0" skipped="0" time="0">
        <testcase classname="tests/unit/backend/aiOrchestrator.test.js" name="tests/unit/backend/aiOrchestrator.test.js" time="0">
            <failure message="Cannot find module &apos;/server/node_modules/ioredis/built/index.js&apos; imported from &apos;/Users/piotrwisniewski/Documents/Antygracity/DRD/consultify/server/src/services/redis/RedisClient.ts&apos;" type="Error">
Error: Cannot find module &apos;/server/node_modules/ioredis/built/index.js&apos; imported from &apos;/Users/piotrwisniewski/Documents/Antygracity/DRD/consultify/server/src/services/redis/RedisClient.ts&apos;
 ❯ server/src/services/redis/RedisClient.ts:1:1
 ❯ server/src/services/redis/CacheService.ts:1:1

⎯⎯⎯⎯⎯⎯⎯⎯⎯⎯⎯⎯⎯⎯⎯⎯⎯⎯⎯⎯⎯⎯⎯⎯⎯⎯⎯⎯⎯⎯
Serialized Error: { code: &apos;ERR_MODULE_NOT_FOUND&apos; }
            </failure>
        </testcase>
    </testsuite>
    <testsuite name="tests/unit/backend/aiPolicyEngine.test.ts" timestamp="2026-01-26T21:12:40.670Z" hostname="MacBook-Pro-Piotr.local" tests="13" failures="6" errors="0" skipped="0" time="0.068570792">
        <testcase classname="tests/unit/backend/aiPolicyEngine.test.ts" name="AIPolicyEngine &gt; getPolicySummary &gt; should return policy summary for ADVISORY level" time="0.055536375">
        </testcase>
        <testcase classname="tests/unit/backend/aiPolicyEngine.test.ts" name="AIPolicyEngine &gt; getPolicySummary &gt; should return policy summary for AUTOPILOT level" time="0.004141125">
            <failure message="expected &apos;ADVISORY&apos; to be &apos;AUTOPILOT&apos; // Object.is equality" type="AssertionError">
AssertionError: expected &apos;ADVISORY&apos; to be &apos;AUTOPILOT&apos; // Object.is equality

Expected: &quot;AUTOPILOT&quot;
Received: &quot;ADVISORY&quot;

 ❯ tests/unit/backend/aiPolicyEngine.test.ts:78:36
            </failure>
            <failure message="expected &apos;ADVISORY&apos; to be &apos;AUTOPILOT&apos; // Object.is equality" type="AssertionError">
AssertionError: expected &apos;ADVISORY&apos; to be &apos;AUTOPILOT&apos; // Object.is equality

Expected: &quot;AUTOPILOT&quot;
Received: &quot;ADVISORY&quot;

 ❯ tests/unit/backend/aiPolicyEngine.test.ts:78:36
            </failure>
        </testcase>
        <testcase classname="tests/unit/backend/aiPolicyEngine.test.ts" name="AIPolicyEngine &gt; getPolicySummary &gt; should handle missing policy setting" time="0.000208292">
        </testcase>
        <testcase classname="tests/unit/backend/aiPolicyEngine.test.ts" name="AIPolicyEngine &gt; getEffectivePolicy &gt; should return effective policy for organization" time="0.001407208">
            <failure message="RegulatoryModeGuard.isEnabled is not a function" type="TypeError">
TypeError: RegulatoryModeGuard.isEnabled is not a function
 ❯ Object.getEffectivePolicy server/src/services/aiPolicyEngine.ts:140:63
 ❯ tests/unit/backend/aiPolicyEngine.test.ts:97:22
            </failure>
            <failure message="RegulatoryModeGuard.isEnabled is not a function" type="TypeError">
TypeError: RegulatoryModeGuard.isEnabled is not a function
 ❯ Object.getEffectivePolicy server/src/services/aiPolicyEngine.ts:140:63
 ❯ tests/unit/backend/aiPolicyEngine.test.ts:97:22
            </failure>
        </testcase>
        <testcase classname="tests/unit/backend/aiPolicyEngine.test.ts" name="AIPolicyEngine &gt; getEffectivePolicy &gt; should include regulatory mode if enabled" time="0.000558542">
            <failure message="RegulatoryModeGuard.isEnabled is not a function" type="TypeError">
TypeError: RegulatoryModeGuard.isEnabled is not a function
 ❯ Object.getEffectivePolicy server/src/services/aiPolicyEngine.ts:140:63
 ❯ tests/unit/backend/aiPolicyEngine.test.ts:109:22
            </failure>
            <failure message="RegulatoryModeGuard.isEnabled is not a function" type="TypeError">
TypeError: RegulatoryModeGuard.isEnabled is not a function
 ❯ Object.getEffectivePolicy server/src/services/aiPolicyEngine.ts:140:63
 ❯ tests/unit/backend/aiPolicyEngine.test.ts:109:22
            </failure>
        </testcase>
        <testcase classname="tests/unit/backend/aiPolicyEngine.test.ts" name="AIPolicyEngine &gt; canPerformAction &gt; should allow ADVISORY actions at ADVISORY level" time="0.000210625">
        </testcase>
        <testcase classname="tests/unit/backend/aiPolicyEngine.test.ts" name="AIPolicyEngine &gt; canPerformAction &gt; should allow ASSISTED actions at ASSISTED level" time="0.002760875">
            <failure message="expected false to be true // Object.is equality" type="AssertionError">
AssertionError: expected false to be true // Object.is equality

- Expected
+ Received

- true
+ false

 ❯ tests/unit/backend/aiPolicyEngine.test.ts:131:21
            </failure>
            <failure message="expected false to be true // Object.is equality" type="AssertionError">
AssertionError: expected false to be true // Object.is equality

- Expected
+ Received

- true
+ false

 ❯ tests/unit/backend/aiPolicyEngine.test.ts:131:21
            </failure>
        </testcase>
        <testcase classname="tests/unit/backend/aiPolicyEngine.test.ts" name="AIPolicyEngine &gt; canPerformAction &gt; should deny ASSISTED actions at ADVISORY level" time="0.000143">
        </testcase>
        <testcase classname="tests/unit/backend/aiPolicyEngine.test.ts" name="AIPolicyEngine &gt; canPerformAction &gt; should allow all actions at AUTOPILOT level" time="0.001177416">
            <failure message="expected false to be true // Object.is equality" type="AssertionError">
AssertionError: expected false to be true // Object.is equality

- Expected
+ Received

- true
+ false

 ❯ tests/unit/backend/aiPolicyEngine.test.ts:149:21
            </failure>
            <failure message="expected false to be true // Object.is equality" type="AssertionError">
AssertionError: expected false to be true // Object.is equality

- Expected
+ Received

- true
+ false

 ❯ tests/unit/backend/aiPolicyEngine.test.ts:149:21
            </failure>
        </testcase>
        <testcase classname="tests/unit/backend/aiPolicyEngine.test.ts" name="AIPolicyEngine &gt; canPerformAction &gt; should handle unknown action" time="0.000471083">
            <failure message="canPerformAction is not defined" type="ReferenceError">
ReferenceError: canPerformAction is not defined
 ❯ tests/unit/backend/aiPolicyEngine.test.ts:155:21
            </failure>
            <failure message="canPerformAction is not defined" type="ReferenceError">
ReferenceError: canPerformAction is not defined
 ❯ tests/unit/backend/aiPolicyEngine.test.ts:155:21
            </failure>
        </testcase>
        <testcase classname="tests/unit/backend/aiPolicyEngine.test.ts" name="AIPolicyEngine &gt; POLICY_LEVELS and POLICY_HIERARCHY &gt; should have correct policy levels" time="0.000156584">
        </testcase>
        <testcase classname="tests/unit/backend/aiPolicyEngine.test.ts" name="AIPolicyEngine &gt; POLICY_LEVELS and POLICY_HIERARCHY &gt; should have correct policy hierarchy order" time="0.000122958">
        </testcase>
        <testcase classname="tests/unit/backend/aiPolicyEngine.test.ts" name="AIPolicyEngine &gt; ACTION_POLICY_REQUIREMENTS &gt; should have correct requirements for actions" time="0.000112916">
        </testcase>
    </testsuite>
    <testsuite name="tests/unit/backend/aiProactivityEngine.test.js" timestamp="2026-01-26T21:12:40.673Z" hostname="MacBook-Pro-Piotr.local" tests="8" failures="0" errors="0" skipped="0" time="0.009925209">
        <testcase classname="tests/unit/backend/aiProactivityEngine.test.js" name="AIProactivityEngine &gt; Suggestion Generation &gt; should generate suggestion" time="0.001916959">
        </testcase>
        <testcase classname="tests/unit/backend/aiProactivityEngine.test.js" name="AIProactivityEngine &gt; Suggestion Generation &gt; should use default values" time="0.000319417">
        </testcase>
        <testcase classname="tests/unit/backend/aiProactivityEngine.test.js" name="AIProactivityEngine &gt; Suggestion Retrieval &gt; should get user suggestions" time="0.000806">
        </testcase>
        <testcase classname="tests/unit/backend/aiProactivityEngine.test.js" name="AIProactivityEngine &gt; Suggestion Retrieval &gt; should filter by priority" time="0.000234125">
        </testcase>
        <testcase classname="tests/unit/backend/aiProactivityEngine.test.js" name="AIProactivityEngine &gt; Suggestion Retrieval &gt; should sort by priority" time="0.000256166">
        </testcase>
        <testcase classname="tests/unit/backend/aiProactivityEngine.test.js" name="AIProactivityEngine &gt; Feedback Learning &gt; should record feedback" time="0.000282125">
        </testcase>
        <testcase classname="tests/unit/backend/aiProactivityEngine.test.js" name="AIProactivityEngine &gt; Feedback Learning &gt; should track acceptance rate" time="0.000210958">
        </testcase>
        <testcase classname="tests/unit/backend/aiProactivityEngine.test.js" name="AIProactivityEngine &gt; Pattern Analysis &gt; should analyze user patterns" time="0.000475334">
        </testcase>
    </testsuite>
    <testsuite name="tests/unit/backend/aiResponsePostProcessor.test.js" timestamp="2026-01-26T21:12:40.673Z" hostname="MacBook-Pro-Piotr.local" tests="13" failures="0" errors="0" skipped="0" time="0.008514">
        <testcase classname="tests/unit/backend/aiResponsePostProcessor.test.js" name="AIResponsePostProcessor &gt; Response Cleaning &gt; should clean extra whitespace" time="0.002196209">
        </testcase>
        <testcase classname="tests/unit/backend/aiResponsePostProcessor.test.js" name="AIResponsePostProcessor &gt; Response Cleaning &gt; should normalize line breaks" time="0.000326875">
        </testcase>
        <testcase classname="tests/unit/backend/aiResponsePostProcessor.test.js" name="AIResponsePostProcessor &gt; Markdown Formatting &gt; should format code blocks" time="0.001356584">
        </testcase>
        <testcase classname="tests/unit/backend/aiResponsePostProcessor.test.js" name="AIResponsePostProcessor &gt; Markdown Formatting &gt; should fix list items" time="0.000268667">
        </testcase>
        <testcase classname="tests/unit/backend/aiResponsePostProcessor.test.js" name="AIResponsePostProcessor &gt; Sensitive Content Filtering &gt; should filter password patterns" time="0.00064">
        </testcase>
        <testcase classname="tests/unit/backend/aiResponsePostProcessor.test.js" name="AIResponsePostProcessor &gt; Sensitive Content Filtering &gt; should filter script tags" time="0.000227667">
        </testcase>
        <testcase classname="tests/unit/backend/aiResponsePostProcessor.test.js" name="AIResponsePostProcessor &gt; Sensitive Content Filtering &gt; should pass safe content" time="0.000142708">
        </testcase>
        <testcase classname="tests/unit/backend/aiResponsePostProcessor.test.js" name="AIResponsePostProcessor &gt; Safety Check &gt; should mark safe content" time="0.00016025">
        </testcase>
        <testcase classname="tests/unit/backend/aiResponsePostProcessor.test.js" name="AIResponsePostProcessor &gt; Safety Check &gt; should detect unsafe content" time="0.000152709">
        </testcase>
        <testcase classname="tests/unit/backend/aiResponsePostProcessor.test.js" name="AIResponsePostProcessor &gt; Structure Extraction &gt; should extract markdown structure" time="0.000424">
        </testcase>
        <testcase classname="tests/unit/backend/aiResponsePostProcessor.test.js" name="AIResponsePostProcessor &gt; Truncation &gt; should not truncate short content" time="0.000277209">
        </testcase>
        <testcase classname="tests/unit/backend/aiResponsePostProcessor.test.js" name="AIResponsePostProcessor &gt; Truncation &gt; should truncate long content" time="0.000211875">
        </testcase>
        <testcase classname="tests/unit/backend/aiResponsePostProcessor.test.js" name="AIResponsePostProcessor &gt; Metadata &gt; should add metadata to response" time="0.000259667">
        </testcase>
    </testsuite>
    <testsuite name="tests/unit/backend/aiService.test.js" timestamp="2026-01-26T21:12:40.674Z" hostname="MacBook-Pro-Piotr.local" tests="26" failures="0" errors="0" skipped="0" time="0.015720291">
        <testcase classname="tests/unit/backend/aiService.test.js" name="AIService &gt; complete() &gt; should complete prompt successfully" time="0.007254667">
        </testcase>
        <testcase classname="tests/unit/backend/aiService.test.js" name="AIService &gt; complete() &gt; should use specified model" time="0.000345125">
        </testcase>
        <testcase classname="tests/unit/backend/aiService.test.js" name="AIService &gt; complete() &gt; should throw for unknown model" time="0.001233083">
        </testcase>
        <testcase classname="tests/unit/backend/aiService.test.js" name="AIService &gt; complete() &gt; should cache responses by default" time="0.000216125">
        </testcase>
        <testcase classname="tests/unit/backend/aiService.test.js" name="AIService &gt; complete() &gt; should skip cache when disabled" time="0.000252292">
        </testcase>
        <testcase classname="tests/unit/backend/aiService.test.js" name="AIService &gt; chat() &gt; should handle chat conversation" time="0.000326459">
        </testcase>
        <testcase classname="tests/unit/backend/aiService.test.js" name="AIService &gt; chat() &gt; should use specified model for chat" time="0.000161">
        </testcase>
        <testcase classname="tests/unit/backend/aiService.test.js" name="AIService &gt; embed() &gt; should generate embeddings" time="0.000361">
        </testcase>
        <testcase classname="tests/unit/backend/aiService.test.js" name="AIService &gt; embed() &gt; should return consistent dimension size" time="0.00033275">
        </testcase>
        <testcase classname="tests/unit/backend/aiService.test.js" name="AIService &gt; streamComplete() &gt; should stream response chunks" time="0.000281041">
        </testcase>
        <testcase classname="tests/unit/backend/aiService.test.js" name="AIService &gt; streamComplete() &gt; should include token usage in final chunk" time="0.000158042">
        </testcase>
        <testcase classname="tests/unit/backend/aiService.test.js" name="AIService &gt; getTokenUsage() &gt; should track token usage across requests" time="0.000183708">
        </testcase>
        <testcase classname="tests/unit/backend/aiService.test.js" name="AIService &gt; getCacheStats() &gt; should return cache statistics" time="0.000214958">
        </testcase>
        <testcase classname="tests/unit/backend/aiService.test.js" name="AIService &gt; clearCache() &gt; should clear the cache" time="0.000171584">
        </testcase>
        <testcase classname="tests/unit/backend/aiService.test.js" name="AIService &gt; getRequestHistory() &gt; should return request history" time="0.0001695">
        </testcase>
        <testcase classname="tests/unit/backend/aiService.test.js" name="AIService &gt; getRequestHistory() &gt; should limit history results" time="0.00017025">
        </testcase>
        <testcase classname="tests/unit/backend/aiService.test.js" name="AIService &gt; getAvailableModels() &gt; should return list of available models" time="0.000705917">
        </testcase>
        <testcase classname="tests/unit/backend/aiService.test.js" name="AIService &gt; getModelConfig() &gt; should return model configuration" time="0.000167166">
        </testcase>
        <testcase classname="tests/unit/backend/aiService.test.js" name="AIService &gt; getModelConfig() &gt; should return null for unknown model" time="0.00012275">
        </testcase>
        <testcase classname="tests/unit/backend/aiService.test.js" name="AIService &gt; estimateCost() &gt; should estimate cost for token usage" time="0.000128792">
        </testcase>
        <testcase classname="tests/unit/backend/aiService.test.js" name="AIService &gt; estimateCost() &gt; should calculate proportional cost" time="0.000119125">
        </testcase>
        <testcase classname="tests/unit/backend/aiService.test.js" name="AIService &gt; estimateCost() &gt; should return null for unknown model" time="0.000108833">
        </testcase>
        <testcase classname="tests/unit/backend/aiService.test.js" name="AIService &gt; validatePrompt() &gt; should validate prompt within limits" time="0.000163292">
        </testcase>
        <testcase classname="tests/unit/backend/aiService.test.js" name="AIService &gt; validatePrompt() &gt; should reject prompt exceeding token limit" time="0.00013625">
        </testcase>
        <testcase classname="tests/unit/backend/aiService.test.js" name="AIService &gt; validatePrompt() &gt; should validate for specific model" time="0.000127208">
        </testcase>
        <testcase classname="tests/unit/backend/aiService.test.js" name="AIService &gt; addModel() &gt; should add new model configuration" time="0.000169">
        </testcase>
    </testsuite>
    <testsuite name="tests/unit/backend/alertService.test.js" timestamp="2026-01-26T21:12:40.675Z" hostname="MacBook-Pro-Piotr.local" tests="12" failures="0" errors="0" skipped="0" time="0.00688975">
        <testcase classname="tests/unit/backend/alertService.test.js" name="AlertService &gt; Alert Creation &gt; should create alert" time="0.001750416">
        </testcase>
        <testcase classname="tests/unit/backend/alertService.test.js" name="AlertService &gt; Alert Creation &gt; should support different levels" time="0.000393791">
        </testcase>
        <testcase classname="tests/unit/backend/alertService.test.js" name="AlertService &gt; Alert Creation &gt; should set read status to false initially" time="0.00016325">
        </testcase>
        <testcase classname="tests/unit/backend/alertService.test.js" name="AlertService &gt; Alert Listing &gt; should list all alerts" time="0.000921958">
        </testcase>
        <testcase classname="tests/unit/backend/alertService.test.js" name="AlertService &gt; Alert Listing &gt; should filter by user" time="0.000384708">
        </testcase>
        <testcase classname="tests/unit/backend/alertService.test.js" name="AlertService &gt; Alert Listing &gt; should filter by level" time="0.000296708">
        </testcase>
        <testcase classname="tests/unit/backend/alertService.test.js" name="AlertService &gt; Alert Listing &gt; should filter unread only" time="0.00024175">
        </testcase>
        <testcase classname="tests/unit/backend/alertService.test.js" name="AlertService &gt; Read Status &gt; should mark alert as read" time="0.000137166">
        </testcase>
        <testcase classname="tests/unit/backend/alertService.test.js" name="AlertService &gt; Read Status &gt; should mark all as read for user" time="0.000194542">
        </testcase>
        <testcase classname="tests/unit/backend/alertService.test.js" name="AlertService &gt; Read Status &gt; should track unread count" time="0.000227542">
        </testcase>
        <testcase classname="tests/unit/backend/alertService.test.js" name="AlertService &gt; Notifications &gt; should send notification" time="0.000313792">
        </testcase>
        <testcase classname="tests/unit/backend/alertService.test.js" name="AlertService &gt; Notifications &gt; should track notification history" time="0.000171458">
        </testcase>
    </testsuite>
    <testsuite name="tests/unit/backend/assessment.test.ts" timestamp="2026-01-26T21:12:40.676Z" hostname="MacBook-Pro-Piotr.local" tests="33" failures="0" errors="0" skipped="0" time="0.013471666">
        <testcase classname="tests/unit/backend/assessment.test.ts" name="Assessment Validators &gt; CreateAssessmentSchema &gt; should validate valid assessment type DRD" time="0.002593041">
        </testcase>
        <testcase classname="tests/unit/backend/assessment.test.ts" name="Assessment Validators &gt; CreateAssessmentSchema &gt; should validate valid assessment type SIRI" time="0.000473167">
        </testcase>
        <testcase classname="tests/unit/backend/assessment.test.ts" name="Assessment Validators &gt; CreateAssessmentSchema &gt; should reject invalid assessment type" time="0.000819833">
        </testcase>
        <testcase classname="tests/unit/backend/assessment.test.ts" name="Assessment Validators &gt; CreateAssessmentSchema &gt; should reject empty name" time="0.000413459">
        </testcase>
        <testcase classname="tests/unit/backend/assessment.test.ts" name="Assessment Validators &gt; UpdateAssessmentSchema &gt; should validate valid update payload" time="0.000828291">
        </testcase>
        <testcase classname="tests/unit/backend/assessment.test.ts" name="Assessment Validators &gt; UpdateAssessmentSchema &gt; should reject invalid completion percent" time="0.000340833">
        </testcase>
        <testcase classname="tests/unit/backend/assessment.test.ts" name="Assessment Validators &gt; UpdateAssessmentSchema &gt; should reject invalid confidence" time="0.000239584">
        </testcase>
        <testcase classname="tests/unit/backend/assessment.test.ts" name="Assessment Validators &gt; RequestReviewSchema &gt; should validate empty payload" time="0.000323166">
        </testcase>
        <testcase classname="tests/unit/backend/assessment.test.ts" name="Assessment Validators &gt; RequestReviewSchema &gt; should validate with optional fields" time="0.000181708">
        </testcase>
        <testcase classname="tests/unit/backend/assessment.test.ts" name="Assessment Validators &gt; RequestReviewSchema &gt; should reject invalid priority" time="0.000258958">
        </testcase>
        <testcase classname="tests/unit/backend/assessment.test.ts" name="Assessment Validators &gt; ApproveReportSchema &gt; should validate with comment" time="0.000369666">
        </testcase>
        <testcase classname="tests/unit/backend/assessment.test.ts" name="Assessment Validators &gt; ApproveAssessmentSchema &gt; should validate with all fields" time="0.000154792">
        </testcase>
        <testcase classname="tests/unit/backend/assessment.test.ts" name="Assessment Validators &gt; SendBackSchema &gt; should validate with valid comment" time="0.0002685">
        </testcase>
        <testcase classname="tests/unit/backend/assessment.test.ts" name="Assessment Validators &gt; SendBackSchema &gt; should reject short comment" time="0.000208166">
        </testcase>
        <testcase classname="tests/unit/backend/assessment.test.ts" name="Assessment Validators &gt; SendBackSchema &gt; should reject empty comment" time="0.00018675">
        </testcase>
        <testcase classname="tests/unit/backend/assessment.test.ts" name="Assessment Validators &gt; GenerateInitiativesSchema &gt; should validate valid generation request" time="0.000414708">
        </testcase>
        <testcase classname="tests/unit/backend/assessment.test.ts" name="Assessment Validators &gt; GenerateInitiativesSchema &gt; should reject count &gt; 7" time="0.00020625">
        </testcase>
        <testcase classname="tests/unit/backend/assessment.test.ts" name="Assessment Validators &gt; GenerateInitiativesSchema &gt; should reject count &lt; 1" time="0.000199041">
        </testcase>
        <testcase classname="tests/unit/backend/assessment.test.ts" name="Assessment Validators &gt; GenerateInitiativesSchema &gt; should reject missing methodologyId" time="0.000226208">
        </testcase>
        <testcase classname="tests/unit/backend/assessment.test.ts" name="Assessment Workflow States &gt; should have all required workflow statuses" time="0.000268792">
        </testcase>
        <testcase classname="tests/unit/backend/assessment.test.ts" name="Assessment Workflow States &gt; should map workflow transitions correctly" time="0.00016225">
        </testcase>
        <testcase classname="tests/unit/backend/assessment.test.ts" name="Assessment Gate Decisions &gt; should have all 4 gate decisions defined" time="0.000138375">
        </testcase>
        <testcase classname="tests/unit/backend/assessment.test.ts" name="Assessment Gate Decisions &gt; should have unique decision types" time="0.000159">
        </testcase>
        <testcase classname="tests/unit/backend/assessment.test.ts" name="Assessment Gate Decisions &gt; should require approve-report before approve-assessment" time="0.000179333">
        </testcase>
        <testcase classname="tests/unit/backend/assessment.test.ts" name="Assessment Gate Decisions &gt; should only allow generate-initiatives as last gate" time="0.000143709">
        </testcase>
        <testcase classname="tests/unit/backend/assessment.test.ts" name="Assessment Types &gt; should support all 5 assessment types" time="0.000177541">
        </testcase>
        <testcase classname="tests/unit/backend/assessment.test.ts" name="Assessment Types &gt; DRD Assessment &gt; should have 7 DRD axes" time="0.000145542">
        </testcase>
        <testcase classname="tests/unit/backend/assessment.test.ts" name="Assessment Types &gt; SIRI Assessment &gt; should have 8 SIRI dimensions" time="0.000117833">
        </testcase>
        <testcase classname="tests/unit/backend/assessment.test.ts" name="Initiative Generation &gt; should support all 5 methodologies" time="0.0001065">
        </testcase>
        <testcase classname="tests/unit/backend/assessment.test.ts" name="Initiative Generation &gt; should limit initiatives to max 7 per batch" time="0.000101667">
        </testcase>
        <testcase classname="tests/unit/backend/assessment.test.ts" name="Initiative Generation &gt; should generate initiatives as DRAFT status" time="0.000099959">
        </testcase>
        <testcase classname="tests/unit/backend/assessment.test.ts" name="DoD (Definition of Done) &gt; should require completion &gt;= 100%" time="0.00015975">
        </testcase>
        <testcase classname="tests/unit/backend/assessment.test.ts" name="DoD (Definition of Done) &gt; should require confidence &gt;= 3" time="0.000149708">
        </testcase>
    </testsuite>
    <testsuite name="tests/unit/backend/assessmentServices.test.js" timestamp="2026-01-26T21:12:40.678Z" hostname="MacBook-Pro-Piotr.local" tests="6" failures="0" errors="0" skipped="0" time="0.00652175">
        <testcase classname="tests/unit/backend/assessmentServices.test.js" name="AssessmentServices &gt; Assessment Creation &gt; should create assessment" time="0.002020792">
        </testcase>
        <testcase classname="tests/unit/backend/assessmentServices.test.js" name="AssessmentServices &gt; Assessment Creation &gt; should support different assessment types" time="0.000311583">
        </testcase>
        <testcase classname="tests/unit/backend/assessmentServices.test.js" name="AssessmentServices &gt; Section Management &gt; should add section to assessment" time="0.000793708">
        </testcase>
        <testcase classname="tests/unit/backend/assessmentServices.test.js" name="AssessmentServices &gt; Response Submission &gt; should submit response" time="0.000214542">
        </testcase>
        <testcase classname="tests/unit/backend/assessmentServices.test.js" name="AssessmentServices &gt; Score Calculation &gt; should calculate scores" time="0.000333542">
        </testcase>
        <testcase classname="tests/unit/backend/assessmentServices.test.js" name="AssessmentServices &gt; Report Generation &gt; should generate report" time="0.000292542">
        </testcase>
    </testsuite>
    <testsuite name="tests/unit/backend/attributionService.test.js" timestamp="2026-01-26T21:12:40.678Z" hostname="MacBook-Pro-Piotr.local" tests="10" failures="0" errors="0" skipped="0" time="0.031030167">
        <testcase classname="tests/unit/backend/attributionService.test.js" name="AttributionService &gt; Attribution Tracking &gt; should track attribution" time="0.00391525">
        </testcase>
        <testcase classname="tests/unit/backend/attributionService.test.js" name="AttributionService &gt; Attribution Tracking &gt; should default to direct source" time="0.001029">
        </testcase>
        <testcase classname="tests/unit/backend/attributionService.test.js" name="AttributionService &gt; UTM Parsing &gt; should parse UTM parameters" time="0.001028167">
        </testcase>
        <testcase classname="tests/unit/backend/attributionService.test.js" name="AttributionService &gt; UTM Parsing &gt; should handle missing UTM params" time="0.000502833">
        </testcase>
        <testcase classname="tests/unit/backend/attributionService.test.js" name="AttributionService &gt; Conversion Tracking &gt; should record conversion" time="0.000577083">
        </testcase>
        <testcase classname="tests/unit/backend/attributionService.test.js" name="AttributionService &gt; Conversion Rate &gt; should calculate conversion rate" time="0.003946834">
        </testcase>
        <testcase classname="tests/unit/backend/attributionService.test.js" name="AttributionService &gt; Conversion Rate &gt; should filter by source" time="0.0004055">
        </testcase>
        <testcase classname="tests/unit/backend/attributionService.test.js" name="AttributionService &gt; Attribution Analytics &gt; should group by source" time="0.006886875">
        </testcase>
        <testcase classname="tests/unit/backend/attributionService.test.js" name="AttributionService &gt; Touch Attribution &gt; should get first touch attribution" time="0.000362208">
        </testcase>
        <testcase classname="tests/unit/backend/attributionService.test.js" name="AttributionService &gt; Touch Attribution &gt; should get last touch attribution" time="0.000817084">
        </testcase>
    </testsuite>
    <testsuite name="tests/unit/backend/auditService.test.ts" timestamp="2026-01-26T21:12:40.679Z" hostname="MacBook-Pro-Piotr.local" tests="1" failures="1" errors="0" skipped="0" time="0">
        <testcase classname="tests/unit/backend/auditService.test.ts" name="tests/unit/backend/auditService.test.ts" time="0">
            <failure message="[vitest] There was an error when mocking a module. If you are using &quot;vi.mock&quot; factory, make sure there are no top level variables inside, since this call is hoisted to top of the file. Read more: https://vitest.dev/api/vi.html#vi-mock" type="Error">
Error: [vitest] There was an error when mocking a module. If you are using &quot;vi.mock&quot; factory, make sure there are no top level variables inside, since this call is hoisted to top of the file. Read more: https://vitest.dev/api/vi.html#vi-mock
 ❯ server/src/services/auditService.ts:6:1

Caused by: Caused by: Caused by: ReferenceError: Cannot access &apos;mockDb&apos; before initialization
 ❯ tests/unit/backend/auditService.test.ts:18:42
            </failure>
        </testcase>
    </testsuite>
    <testsuite name="tests/unit/backend/backupService.test.js" timestamp="2026-01-26T21:12:40.679Z" hostname="MacBook-Pro-Piotr.local" tests="10" failures="0" errors="0" skipped="0" time="0.007103709">
        <testcase classname="tests/unit/backend/backupService.test.js" name="BackupService &gt; Backup Creation &gt; should create backup" time="0.001740208">
        </testcase>
        <testcase classname="tests/unit/backend/backupService.test.js" name="BackupService &gt; Backup Creation &gt; should support different backup types" time="0.00032125">
        </testcase>
        <testcase classname="tests/unit/backend/backupService.test.js" name="BackupService &gt; Backup Creation &gt; should store metadata" time="0.000195792">
        </testcase>
        <testcase classname="tests/unit/backend/backupService.test.js" name="BackupService &gt; Backup Listing &gt; should list all backups" time="0.0007965">
        </testcase>
        <testcase classname="tests/unit/backend/backupService.test.js" name="BackupService &gt; Backup Listing &gt; should filter by type" time="0.000289875">
        </testcase>
        <testcase classname="tests/unit/backend/backupService.test.js" name="BackupService &gt; Backup Restoration &gt; should restore from backup" time="0.000243667">
        </testcase>
        <testcase classname="tests/unit/backend/backupService.test.js" name="BackupService &gt; Backup Restoration &gt; should reject invalid backup" time="0.001027375">
        </testcase>
        <testcase classname="tests/unit/backend/backupService.test.js" name="BackupService &gt; Backup Restoration &gt; should track restore history" time="0.000236917">
        </testcase>
        <testcase classname="tests/unit/backend/backupService.test.js" name="BackupService &gt; Backup Deletion &gt; should delete backup" time="0.00017675">
        </testcase>
        <testcase classname="tests/unit/backend/backupService.test.js" name="BackupService &gt; Scheduled Backups &gt; should create backup schedule" time="0.000211084">
        </testcase>
    </testsuite>
    <testsuite name="tests/unit/backend/billingService.test.js" timestamp="2026-01-26T21:12:40.680Z" hostname="MacBook-Pro-Piotr.local" tests="9" failures="0" errors="0" skipped="0" time="0.005483958">
        <testcase classname="tests/unit/backend/billingService.test.js" name="BillingService &gt; Plan Management &gt; should get all subscription plans" time="0.002127084">
        </testcase>
        <testcase classname="tests/unit/backend/billingService.test.js" name="BillingService &gt; Plan Management &gt; should return correct plan details" time="0.000296375">
        </testcase>
        <testcase classname="tests/unit/backend/billingService.test.js" name="BillingService &gt; Organization Billing &gt; should get organization billing status" time="0.000230417">
        </testcase>
        <testcase classname="tests/unit/backend/billingService.test.js" name="BillingService &gt; Organization Billing &gt; should include next billing date" time="0.000210042">
        </testcase>
        <testcase classname="tests/unit/backend/billingService.test.js" name="BillingService &gt; Subscription Management &gt; should create new subscription" time="0.00023325">
        </testcase>
        <testcase classname="tests/unit/backend/billingService.test.js" name="BillingService &gt; Subscription Management &gt; should cancel subscription" time="0.000185666">
        </testcase>
        <testcase classname="tests/unit/backend/billingService.test.js" name="BillingService &gt; Payment Methods &gt; should update payment method" time="0.000174958">
        </testcase>
        <testcase classname="tests/unit/backend/billingService.test.js" name="BillingService &gt; Usage Calculations &gt; should calculate prorated amount" time="0.000215708">
        </testcase>
        <testcase classname="tests/unit/backend/billingService.test.js" name="BillingService &gt; Usage Calculations &gt; should calculate usage-based overage" time="0.000192833">
        </testcase>
    </testsuite>
    <testsuite name="tests/unit/backend/brandingService.test.js" timestamp="2026-01-26T21:12:40.680Z" hostname="MacBook-Pro-Piotr.local" tests="10" failures="1" errors="0" skipped="9" time="0.0762905">
        <testcase classname="tests/unit/backend/brandingService.test.js" name="BrandingService &gt; Brand Settings &gt; should get default brand settings" time="0">
            <skipped/>
        </testcase>
        <testcase classname="tests/unit/backend/brandingService.test.js" name="BrandingService &gt; Brand Settings &gt; should validate color format" time="0">
            <skipped/>
        </testcase>
        <testcase classname="tests/unit/backend/brandingService.test.js" name="BrandingService &gt; Brand Settings &gt; should support brand customization" time="0">
            <skipped/>
        </testcase>
        <testcase classname="tests/unit/backend/brandingService.test.js" name="BrandingService &gt; Theme Management &gt; should support light and dark modes" time="0">
            <skipped/>
        </testcase>
        <testcase classname="tests/unit/backend/brandingService.test.js" name="BrandingService &gt; Theme Management &gt; should define color palette for theme" time="0">
            <skipped/>
        </testcase>
        <testcase classname="tests/unit/backend/brandingService.test.js" name="BrandingService &gt; Theme Management &gt; should generate contrast color" time="0">
            <skipped/>
        </testcase>
        <testcase classname="tests/unit/backend/brandingService.test.js" name="BrandingService &gt; White Label &gt; should support white label config" time="0">
            <skipped/>
        </testcase>
        <testcase classname="tests/unit/backend/brandingService.test.js" name="BrandingService &gt; White Label &gt; should validate custom domain format" time="0">
            <skipped/>
        </testcase>
        <testcase classname="tests/unit/backend/brandingService.test.js" name="BrandingService &gt; Email Templates &gt; should apply branding to email templates" time="0">
            <skipped/>
        </testcase>
        <testcase classname="tests/unit/backend/brandingService.test.js" name="BrandingService" time="0.075183916">
            <system-out>
2026-01-26 16:12:33:1233 [32minfo[39m: [32m[DatabaseInitializer] Starting database initialization...[39m
[Database] createDatabase() called. MOCK_DB: false
2026-01-26 16:12:33:1233 [32minfo[39m: [32m[DB Config] DATABASE_URL: NOT SET[39m
2026-01-26 16:12:33:1233 [32minfo[39m: [32m[DB Config] DB_TYPE: sqlite[39m
2026-01-26 16:12:33:1233 [32minfo[39m: [32m[DB Config] Using SQLite (DB_TYPE=sqlite)[39m
[DB Config] Loading config. SQLITE_PATH env: ./test-branding-57.db
[DB Config] Resolved sqlitePath: ./test-branding-57.db
[Database] Loading SQLite legacy module...

2026-01-26 16:12:33:1233 [31merror[39m: [31m[DatabaseInitializer] Database initialization failed: Cannot find module &apos;/server/legacy_archive/database.sqlite.js&apos; imported from &apos;/Users/piotrwisniewski/Documents/Antygracity/DRD/consultify/server/src/database/Database.ts&apos;[39m

[Database] getDatabaseInstance() (SYNC) needs initialization.
[Legacy DB] database.sqlite.js module LOADED. SQLITE_PATH: ./test-branding-57.db
[SQLite] Connecting. PID: 29352 CWD: /Users/piotrwisniewski/Documents/Antygracity/DRD/consultify Path: ./test-branding-57.db

Connected to the SQLite database.

            </system-out>
            <failure message="SQLITE_ERROR: no such table: organizations" type="Error">
Error: SQLITE_ERROR: no such table: organizations
 ❯ callWithRetry server/src/database/Database.ts:221:19
 ❯ Proxy.&lt;anonymous&gt; server/src/database/Database.ts:264:12
 ❯ tests/unit/backend/brandingService.test.js:25:10
 ❯ tests/unit/backend/brandingService.test.js:24:11

⎯⎯⎯⎯⎯⎯⎯⎯⎯⎯⎯⎯⎯⎯⎯⎯⎯⎯⎯⎯⎯⎯⎯⎯⎯⎯⎯⎯⎯⎯
Serialized Error: { errno: 1, code: &apos;SQLITE_ERROR&apos;, __augmented: true }
            </failure>
        </testcase>
    </testsuite>
    <testsuite name="tests/unit/backend/budgetManagementService.test.js" timestamp="2026-01-26T21:12:40.681Z" hostname="MacBook-Pro-Piotr.local" tests="7" failures="0" errors="0" skipped="0" time="0.005125542">
        <testcase classname="tests/unit/backend/budgetManagementService.test.js" name="BudgetManagementService &gt; Budget Creation &gt; should create budget" time="0.001641875">
        </testcase>
        <testcase classname="tests/unit/backend/budgetManagementService.test.js" name="BudgetManagementService &gt; Budget Creation &gt; should use default values" time="0.000314">
        </testcase>
        <testcase classname="tests/unit/backend/budgetManagementService.test.js" name="BudgetManagementService &gt; Expense Tracking &gt; should track budget spending" time="0.00026">
        </testcase>
        <testcase classname="tests/unit/backend/budgetManagementService.test.js" name="BudgetManagementService &gt; Expense Tracking &gt; should calculate remaining" time="0.000174958">
        </testcase>
        <testcase classname="tests/unit/backend/budgetManagementService.test.js" name="BudgetManagementService &gt; Expense Tracking &gt; should detect over budget" time="0.000233917">
        </testcase>
        <testcase classname="tests/unit/backend/budgetManagementService.test.js" name="BudgetManagementService &gt; Alert Thresholds &gt; should alert on threshold breach" time="0.00077375">
        </testcase>
        <testcase classname="tests/unit/backend/budgetManagementService.test.js" name="BudgetManagementService &gt; Budget Reporting &gt; should generate budget report" time="0.000241167">
        </testcase>
    </testsuite>
    <testsuite name="tests/unit/backend/complianceService.test.js" timestamp="2026-01-26T21:12:40.682Z" hostname="MacBook-Pro-Piotr.local" tests="8" failures="0" errors="0" skipped="0" time="0.028614125">
        <testcase classname="tests/unit/backend/complianceService.test.js" name="ComplianceService &gt; Rule Registration &gt; should register compliance rule" time="0.002181833">
        </testcase>
        <testcase classname="tests/unit/backend/complianceService.test.js" name="ComplianceService &gt; Compliance Checking &gt; should check compliance" time="0.000352917">
        </testcase>
        <testcase classname="tests/unit/backend/complianceService.test.js" name="ComplianceService &gt; Compliance Checking &gt; should detect violations" time="0.000208917">
        </testcase>
        <testcase classname="tests/unit/backend/complianceService.test.js" name="ComplianceService &gt; Compliance Checking &gt; should return detailed results" time="0.0003315">
        </testcase>
        <testcase classname="tests/unit/backend/complianceService.test.js" name="ComplianceService &gt; Violation Tracking &gt; should track violations" time="0.000292958">
        </testcase>
        <testcase classname="tests/unit/backend/complianceService.test.js" name="ComplianceService &gt; Violation Tracking &gt; should clear violations" time="0.000261125">
        </testcase>
        <testcase classname="tests/unit/backend/complianceService.test.js" name="ComplianceService &gt; Report Generation &gt; should generate report" time="0.023119584">
        </testcase>
        <testcase classname="tests/unit/backend/complianceService.test.js" name="ComplianceService &gt; Report Generation &gt; should report needs_attention for failures" time="0.00027775">
        </testcase>
    </testsuite>
    <testsuite name="tests/unit/backend/connectorRegistry.test.js" timestamp="2026-01-26T21:12:40.682Z" hostname="MacBook-Pro-Piotr.local" tests="10" failures="0" errors="0" skipped="0" time="0.0357825">
        <testcase classname="tests/unit/backend/connectorRegistry.test.js" name="ConnectorRegistry &gt; Connector Registration &gt; should register connector" time="0.00182425">
        </testcase>
        <testcase classname="tests/unit/backend/connectorRegistry.test.js" name="ConnectorRegistry &gt; Connector Registration &gt; should list connectors" time="0.010772708">
        </testcase>
        <testcase classname="tests/unit/backend/connectorRegistry.test.js" name="ConnectorRegistry &gt; Connector Registration &gt; should filter by type" time="0.001912125">
        </testcase>
        <testcase classname="tests/unit/backend/connectorRegistry.test.js" name="ConnectorRegistry &gt; Enable/Disable &gt; should enable connector" time="0.000356625">
        </testcase>
        <testcase classname="tests/unit/backend/connectorRegistry.test.js" name="ConnectorRegistry &gt; Enable/Disable &gt; should disable connector" time="0.00281275">
        </testcase>
        <testcase classname="tests/unit/backend/connectorRegistry.test.js" name="ConnectorRegistry &gt; Configuration Validation &gt; should validate config" time="0.000395792">
        </testcase>
        <testcase classname="tests/unit/backend/connectorRegistry.test.js" name="ConnectorRegistry &gt; Connection Management &gt; should connect to connector" time="0.000235208">
        </testcase>
        <testcase classname="tests/unit/backend/connectorRegistry.test.js" name="ConnectorRegistry &gt; Connection Management &gt; should reject connection to disabled connector" time="0.008204458">
        </testcase>
        <testcase classname="tests/unit/backend/connectorRegistry.test.js" name="ConnectorRegistry &gt; Connection Management &gt; should disconnect" time="0.000274292">
        </testcase>
        <testcase classname="tests/unit/backend/connectorRegistry.test.js" name="ConnectorRegistry &gt; Unregistration &gt; should unregister connector" time="0.000231042">
        </testcase>
    </testsuite>
    <testsuite name="tests/unit/backend/connectorService.test.js" timestamp="2026-01-26T21:12:40.683Z" hostname="MacBook-Pro-Piotr.local" tests="9" failures="0" errors="0" skipped="0" time="0.011205458">
        <testcase classname="tests/unit/backend/connectorService.test.js" name="ConnectorService &gt; Connection Management &gt; should connect to provider" time="0.003785834">
        </testcase>
        <testcase classname="tests/unit/backend/connectorService.test.js" name="ConnectorService &gt; Connection Management &gt; should fail without credentials" time="0.001415208">
        </testcase>
        <testcase classname="tests/unit/backend/connectorService.test.js" name="ConnectorService &gt; Connection Management &gt; should disconnect" time="0.000247417">
        </testcase>
        <testcase classname="tests/unit/backend/connectorService.test.js" name="ConnectorService &gt; Data Sync &gt; should sync data" time="0.000266916">
        </testcase>
        <testcase classname="tests/unit/backend/connectorService.test.js" name="ConnectorService &gt; Data Sync &gt; should track sync history" time="0.00071325">
        </testcase>
        <testcase classname="tests/unit/backend/connectorService.test.js" name="ConnectorService &gt; Data Sync &gt; should fail sync for disconnected" time="0.00096675">
        </testcase>
        <testcase classname="tests/unit/backend/connectorService.test.js" name="ConnectorService &gt; Connection Testing &gt; should test valid connection" time="0.000244083">
        </testcase>
        <testcase classname="tests/unit/backend/connectorService.test.js" name="ConnectorService &gt; Connection Testing &gt; should fail test without credentials" time="0.000152084">
        </testcase>
        <testcase classname="tests/unit/backend/connectorService.test.js" name="ConnectorService &gt; Provider Listing &gt; should list available providers" time="0.000548666">
        </testcase>
    </testsuite>
    <testsuite name="tests/unit/backend/currencyService.test.js" timestamp="2026-01-26T21:12:40.684Z" hostname="MacBook-Pro-Piotr.local" tests="11" failures="0" errors="0" skipped="0" time="0.030670042">
        <testcase classname="tests/unit/backend/currencyService.test.js" name="CurrencyService &gt; Exchange Rates &gt; should get all rates" time="0.002079916">
        </testcase>
        <testcase classname="tests/unit/backend/currencyService.test.js" name="CurrencyService &gt; Exchange Rates &gt; should get specific rate" time="0.000409458">
        </testcase>
        <testcase classname="tests/unit/backend/currencyService.test.js" name="CurrencyService &gt; Exchange Rates &gt; should update rate" time="0.000212542">
        </testcase>
        <testcase classname="tests/unit/backend/currencyService.test.js" name="CurrencyService &gt; Currency Conversion &gt; should convert currency" time="0.000430709">
        </testcase>
        <testcase classname="tests/unit/backend/currencyService.test.js" name="CurrencyService &gt; Currency Conversion &gt; should handle reverse conversion" time="0.000672833">
        </testcase>
        <testcase classname="tests/unit/backend/currencyService.test.js" name="CurrencyService &gt; Currency Conversion &gt; should throw for unsupported currency" time="0.000951167">
        </testcase>
        <testcase classname="tests/unit/backend/currencyService.test.js" name="CurrencyService &gt; Formatting &gt; should format currency" time="0.022803542">
        </testcase>
        <testcase classname="tests/unit/backend/currencyService.test.js" name="CurrencyService &gt; Formatting &gt; should format with locale" time="0.000282541">
        </testcase>
        <testcase classname="tests/unit/backend/currencyService.test.js" name="CurrencyService &gt; Formatting &gt; should format compact" time="0.000307208">
        </testcase>
        <testcase classname="tests/unit/backend/currencyService.test.js" name="CurrencyService &gt; Currency Support &gt; should list supported currencies" time="0.000683583">
        </testcase>
        <testcase classname="tests/unit/backend/currencyService.test.js" name="CurrencyService &gt; Currency Support &gt; should check if currency is supported" time="0.000174292">
        </testcase>
    </testsuite>
    <testsuite name="tests/unit/backend/dataRetentionService.test.js" timestamp="2026-01-26T21:12:40.684Z" hostname="MacBook-Pro-Piotr.local" tests="8" failures="0" errors="0" skipped="0" time="0.015655542">
        <testcase classname="tests/unit/backend/dataRetentionService.test.js" name="DataRetentionService &gt; Policy Management &gt; should create retention policy" time="0.001683917">
        </testcase>
        <testcase classname="tests/unit/backend/dataRetentionService.test.js" name="DataRetentionService &gt; Policy Management &gt; should use default retention days" time="0.000275291">
        </testcase>
        <testcase classname="tests/unit/backend/dataRetentionService.test.js" name="DataRetentionService &gt; Policy Management &gt; should list policies" time="0.000739333">
        </testcase>
        <testcase classname="tests/unit/backend/dataRetentionService.test.js" name="DataRetentionService &gt; Policy Application &gt; should apply retention policy" time="0.002668875">
        </testcase>
        <testcase classname="tests/unit/backend/dataRetentionService.test.js" name="DataRetentionService &gt; Policy Application &gt; should skip disabled policy" time="0.000315959">
        </testcase>
        <testcase classname="tests/unit/backend/dataRetentionService.test.js" name="DataRetentionService &gt; Deletion Tracking &gt; should track deletions" time="0.006146083">
        </testcase>
        <testcase classname="tests/unit/backend/dataRetentionService.test.js" name="DataRetentionService &gt; Statistics &gt; should get retention stats" time="0.000310917">
        </testcase>
        <testcase classname="tests/unit/backend/dataRetentionService.test.js" name="DataRetentionService &gt; Policy Preview &gt; should preview policy effects" time="0.000815209">
        </testcase>
    </testsuite>
    <testsuite name="tests/unit/backend/decisions.test.ts" timestamp="2026-01-26T21:12:40.685Z" hostname="MacBook-Pro-Piotr.local" tests="53" failures="0" errors="0" skipped="0" time="0.034981292">
        <testcase classname="tests/unit/backend/decisions.test.ts" name="Decision Management &gt; calculateEscalationLevel &gt; should return &quot;none&quot; when no due date is provided" time="0.001641292">
        </testcase>
        <testcase classname="tests/unit/backend/decisions.test.ts" name="Decision Management &gt; calculateEscalationLevel &gt; should return &quot;none&quot; when due date is invalid" time="0.000341625">
        </testcase>
        <testcase classname="tests/unit/backend/decisions.test.ts" name="Decision Management &gt; calculateEscalationLevel &gt; should return &quot;none&quot; when not overdue" time="0.002048208">
        </testcase>
        <testcase classname="tests/unit/backend/decisions.test.ts" name="Decision Management &gt; calculateEscalationLevel &gt; should return &quot;amber&quot; when overdue by 1-5 days" time="0.000361917">
        </testcase>
        <testcase classname="tests/unit/backend/decisions.test.ts" name="Decision Management &gt; calculateEscalationLevel &gt; should return &quot;amber&quot; when overdue by 6-7 days" time="0.000269584">
        </testcase>
        <testcase classname="tests/unit/backend/decisions.test.ts" name="Decision Management &gt; calculateEscalationLevel &gt; should return &quot;red&quot; when overdue by more than 7 days" time="0.000196834">
        </testcase>
        <testcase classname="tests/unit/backend/decisions.test.ts" name="Decision Management &gt; calculateEscalationLevel &gt; should return &quot;red&quot; immediately for CRITICAL priority" time="0.000185667">
        </testcase>
        <testcase classname="tests/unit/backend/decisions.test.ts" name="Decision Management &gt; calculateEscalationLevel &gt; should return &quot;red&quot; immediately for HIGH impact" time="0.00015175">
        </testcase>
        <testcase classname="tests/unit/backend/decisions.test.ts" name="Decision Management &gt; calculateEscalationLevel &gt; should respect custom thresholds" time="0.000179458">
        </testcase>
        <testcase classname="tests/unit/backend/decisions.test.ts" name="Decision Management &gt; calculateEscalationLevel &gt; should return &quot;red&quot; when exceeding custom red threshold" time="0.000176792">
        </testcase>
        <testcase classname="tests/unit/backend/decisions.test.ts" name="Decision Management &gt; getDefaultThresholds &gt; should return default thresholds for unknown type" time="0.000227708">
        </testcase>
        <testcase classname="tests/unit/backend/decisions.test.ts" name="Decision Management &gt; getDefaultThresholds &gt; should return specific thresholds for BLOCKER_RESOLUTION" time="0.000166291">
        </testcase>
        <testcase classname="tests/unit/backend/decisions.test.ts" name="Decision Management &gt; getDefaultThresholds &gt; should return specific thresholds for INITIATIVE_APPROVAL" time="0.000154">
        </testcase>
        <testcase classname="tests/unit/backend/decisions.test.ts" name="Decision Management &gt; getDefaultThresholds &gt; should return specific thresholds for PHASE_TRANSITION" time="0.000148708">
        </testcase>
        <testcase classname="tests/unit/backend/decisions.test.ts" name="Decision Management &gt; EscalationService &gt; getEscalationStatus &gt; should return none level for decision without deadline" time="0.000351084">
        </testcase>
        <testcase classname="tests/unit/backend/decisions.test.ts" name="Decision Management &gt; EscalationService &gt; getEscalationStatus &gt; should return blocking status when decision has blockers" time="0.000177709">
        </testcase>
        <testcase classname="tests/unit/backend/decisions.test.ts" name="Decision Management &gt; EscalationService &gt; getEscalationStatus &gt; should return none for non-existent decision" time="0.000170667">
        </testcase>
        <testcase classname="tests/unit/backend/decisions.test.ts" name="Decision Management &gt; EscalationService &gt; processEscalations &gt; should return empty summary when no decisions" time="0.00023475">
        </testcase>
        <testcase classname="tests/unit/backend/decisions.test.ts" name="Decision Management &gt; EscalationService &gt; processEscalations &gt; should process decisions and update escalation levels" time="0.000720708">
        </testcase>
        <testcase classname="tests/unit/backend/decisions.test.ts" name="Decision Management &gt; EscalationService &gt; getDecisionsNeedingAttention &gt; should categorize decisions by escalation level" time="0.0007">
        </testcase>
        <testcase classname="tests/unit/backend/decisions.test.ts" name="Decision Management &gt; EscalationService &gt; getDecisionsNeedingAttention &gt; should return empty arrays when no decisions" time="0.000786">
        </testcase>
        <testcase classname="tests/unit/backend/decisions.test.ts" name="Decision Management &gt; EscalationService &gt; escalateDecision &gt; should manually escalate a decision" time="0.00205875">
        </testcase>
        <testcase classname="tests/unit/backend/decisions.test.ts" name="Decision Management &gt; EscalationService &gt; escalateDecision &gt; should throw error for non-existent decision" time="0.001600625">
        </testcase>
        <testcase classname="tests/unit/backend/decisions.test.ts" name="Decision Lifecycle &gt; Status Transitions &gt; should allow PENDING -&gt; APPROVED transition" time="0.000551958">
        </testcase>
        <testcase classname="tests/unit/backend/decisions.test.ts" name="Decision Lifecycle &gt; Status Transitions &gt; should allow PENDING -&gt; REJECTED transition" time="0.000201458">
        </testcase>
        <testcase classname="tests/unit/backend/decisions.test.ts" name="Decision Lifecycle &gt; Status Transitions &gt; should allow ESCALATED -&gt; APPROVED transition" time="0.000182458">
        </testcase>
        <testcase classname="tests/unit/backend/decisions.test.ts" name="Decision Lifecycle &gt; Status Transitions &gt; should not allow transitions from APPROVED" time="0.000135875">
        </testcase>
        <testcase classname="tests/unit/backend/decisions.test.ts" name="Decision Lifecycle &gt; Decision Types &gt; should recognize INITIATIVE_APPROVAL as valid decision type" time="0.000169416">
        </testcase>
        <testcase classname="tests/unit/backend/decisions.test.ts" name="Decision Lifecycle &gt; Decision Types &gt; should recognize PHASE_TRANSITION as valid decision type" time="0.00013625">
        </testcase>
        <testcase classname="tests/unit/backend/decisions.test.ts" name="Decision Lifecycle &gt; Decision Types &gt; should recognize BUDGET as valid decision type" time="0.000150625">
        </testcase>
        <testcase classname="tests/unit/backend/decisions.test.ts" name="Decision Lifecycle &gt; Decision Types &gt; should recognize SCOPE_CHANGE as valid decision type" time="0.000135417">
        </testcase>
        <testcase classname="tests/unit/backend/decisions.test.ts" name="Decision Lifecycle &gt; Decision Types &gt; should recognize RISK_ACCEPTANCE as valid decision type" time="0.000135708">
        </testcase>
        <testcase classname="tests/unit/backend/decisions.test.ts" name="Decision Lifecycle &gt; Decision Types &gt; should recognize BLOCKER_RESOLUTION as valid decision type" time="0.000154">
        </testcase>
        <testcase classname="tests/unit/backend/decisions.test.ts" name="Decision Lifecycle &gt; Decision Types &gt; should recognize RESOURCE_ALLOCATION as valid decision type" time="0.000140417">
        </testcase>
        <testcase classname="tests/unit/backend/decisions.test.ts" name="Decision Lifecycle &gt; Decision Types &gt; should recognize EXECUTION as valid decision type" time="0.000130791">
        </testcase>
[...]
hurn Analysis"],"fullName":"SubscriptionAnalyticsService Churn Analysis should identify churned subscriptions","status":"passed","title":"should identify churned subscriptions","duration":3.0777080000000296,"failureMessages":[],"meta":{}},{"ancestorTitles":["SubscriptionAnalyticsService","Churn Analysis"],"fullName":"SubscriptionAnalyticsService Churn Analysis should calculate churn rate","status":"passed","title":"should calculate churn rate","duration":16.110415999999987,"failureMessages":[],"meta":{}},{"ancestorTitles":["SubscriptionAnalyticsService","Plan Distribution"],"fullName":"SubscriptionAnalyticsService Plan Distribution should analyze subscription distribution by plan","status":"passed","title":"should analyze subscription distribution by plan","duration":8.15258300000005,"failureMessages":[],"meta":{}}],"startTime":1769461955569,"endTime":1769461955670.1526,"status":"passed","message":"","name":"/Users/piotrwisniewski/Documents/Antygracity/DRD/consultify/tests/unit/backend/services/subscriptionAnalyticsService.test.ts"},{"assertionResults":[{"ancestorTitles":["SubscriptionService","Subscription CRUD"],"fullName":"SubscriptionService Subscription CRUD should create subscription","status":"passed","title":"should create subscription","duration":4.42920799999996,"failureMessages":[],"meta":{}},{"ancestorTitles":["SubscriptionService","Subscription CRUD"],"fullName":"SubscriptionService Subscription CRUD should cancel subscription","status":"passed","title":"should cancel subscription","duration":2.183958999999959,"failureMessages":[],"meta":{}},{"ancestorTitles":["SubscriptionService","Subscription Queries"],"fullName":"SubscriptionService Subscription Queries should get active subscriptions","status":"passed","title":"should get active subscriptions","duration":1.8059169999999654,"failureMessages":[],"meta":{}}],"startTime":1769461955994,"endTime":1769461956001.806,"status":"passed","message":"","name":"/Users/piotrwisniewski/Documents/Antygracity/DRD/consultify/tests/unit/backend/services/subscriptionService.test.ts"},{"assertionResults":[{"ancestorTitles":["SupportTicketService"],"fullName":"SupportTicketService should create ticket","status":"passed","title":"should create ticket","duration":2.459959000000026,"failureMessages":[],"meta":{}},{"ancestorTitles":["SupportTicketService"],"fullName":"SupportTicketService should get ticket by ID","status":"passed","title":"should get ticket by ID","duration":1.0749999999999318,"failureMessages":[],"meta":{}},{"ancestorTitles":["SupportTicketService"],"fullName":"SupportTicketService should update ticket status","status":"passed","title":"should update ticket status","duration":0.38200000000006185,"failureMessages":[],"meta":{}},{"ancestorTitles":["SupportTicketService"],"fullName":"SupportTicketService should list tickets with filter","status":"passed","title":"should list tickets with filter","duration":0.9082500000000664,"failureMessages":[],"meta":{}}],"startTime":1769461959113,"endTime":1769461959117.9082,"status":"passed","message":"","name":"/Users/piotrwisniewski/Documents/Antygracity/DRD/consultify/tests/unit/backend/services/supportTicketService.test.js"},{"assertionResults":[{"ancestorTitles":["SurveyService","Survey CRUD"],"fullName":"SurveyService Survey CRUD should create survey","status":"passed","title":"should create survey","duration":13.46795800000001,"failureMessages":[],"meta":{}},{"ancestorTitles":["SurveyService","Survey CRUD"],"fullName":"SurveyService Survey CRUD should publish survey","status":"passed","title":"should publish survey","duration":8.101042000000007,"failureMessages":[],"meta":{}},{"ancestorTitles":["SurveyService","Survey Responses"],"fullName":"SurveyService Survey Responses should submit response","status":"passed","title":"should submit response","duration":6.562792000000002,"failureMessages":[],"meta":{}}],"startTime":1769461954998,"endTime":1769461955027.5627,"status":"passed","message":"","name":"/Users/piotrwisniewski/Documents/Antygracity/DRD/consultify/tests/unit/backend/services/surveyService.test.ts"},{"assertionResults":[{"ancestorTitles":["SystemAuditService","Audit Logging"],"fullName":"SystemAuditService Audit Logging should create audit log entry","status":"passed","title":"should create audit log entry","duration":13.02420799999993,"failureMessages":[],"meta":{}},{"ancestorTitles":["SystemAuditService","Audit Logging"],"fullName":"SystemAuditService Audit Logging should store change details","status":"passed","title":"should store change details","duration":10.51608299999998,"failureMessages":[],"meta":{}},{"ancestorTitles":["SystemAuditService","Severity Filtering"],"fullName":"SystemAuditService Severity Filtering should filter by severity level","status":"passed","title":"should filter by severity level","duration":38.73237500000005,"failureMessages":[],"meta":{}}],"startTime":1769461957917,"endTime":1769461957979.7324,"status":"passed","message":"","name":"/Users/piotrwisniewski/Documents/Antygracity/DRD/consultify/tests/unit/backend/services/systemAuditService.test.ts"},{"assertionResults":[{"ancestorTitles":["TagService","Tag CRUD"],"fullName":"TagService Tag CRUD should create tag","status":"passed","title":"should create tag","duration":3.9929169999999203,"failureMessages":[],"meta":{}},{"ancestorTitles":["TagService","Tag CRUD"],"fullName":"TagService Tag CRUD should update tag","status":"passed","title":"should update tag","duration":1.0537500000000364,"failureMessages":[],"meta":{}},{"ancestorTitles":["TagService","Tag Assignment"],"fullName":"TagService Tag Assignment should assign tag to entity","status":"passed","title":"should assign tag to entity","duration":2.391666999999984,"failureMessages":[],"meta":{}}],"startTime":1769461953290,"endTime":1769461953298.3916,"status":"passed","message":"","name":"/Users/piotrwisniewski/Documents/Antygracity/DRD/consultify/tests/unit/backend/services/tagService.test.ts"},{"assertionResults":[{"ancestorTitles":["TaskService","Task CRUD operations"],"fullName":"TaskService Task CRUD operations should create a task with required fields","status":"passed","title":"should create a task with required fields","duration":2.469000000000051,"failureMessages":[],"meta":{}},{"ancestorTitles":["TaskService","Task CRUD operations"],"fullName":"TaskService Task CRUD operations should update task status","status":"passed","title":"should update task status","duration":2.816332999999986,"failureMessages":[],"meta":{}},{"ancestorTitles":["TaskService","Task CRUD operations"],"fullName":"TaskService Task CRUD operations should filter tasks by organization","status":"passed","title":"should filter tasks by organization","duration":2.362916000000041,"failureMessages":[],"meta":{}},{"ancestorTitles":["TaskService","Task CRUD operations"],"fullName":"TaskService Task CRUD operations should soft delete a task","status":"passed","title":"should soft delete a task","duration":3.0994160000000193,"failureMessages":[],"meta":{}},{"ancestorTitles":["TaskService","Task CRUD operations"],"fullName":"TaskService Task CRUD operations should filter by priority","status":"passed","title":"should filter by priority","duration":3.5679999999999836,"failureMessages":[],"meta":{}}],"startTime":1769461956553,"endTime":1769461956567.568,"status":"passed","message":"","name":"/Users/piotrwisniewski/Documents/Antygracity/DRD/consultify/tests/unit/backend/services/taskService.test.ts"},{"assertionResults":[{"ancestorTitles":["TemplateService","Template CRUD"],"fullName":"TemplateService Template CRUD should create template","status":"passed","title":"should create template","duration":7.150582999999983,"failureMessages":[],"meta":{}},{"ancestorTitles":["TemplateService","Template CRUD"],"fullName":"TemplateService Template CRUD should update template version","status":"passed","title":"should update template version","duration":1.1592089999999757,"failureMessages":[],"meta":{}},{"ancestorTitles":["TemplateService","Template Queries"],"fullName":"TemplateService Template Queries should find templates by category","status":"passed","title":"should find templates by category","duration":2.5038749999999936,"failureMessages":[],"meta":{}}],"startTime":1769461952363,"endTime":1769461952374.504,"status":"passed","message":"","name":"/Users/piotrwisniewski/Documents/Antygracity/DRD/consultify/tests/unit/backend/services/templateService.test.ts"},{"assertionResults":[{"ancestorTitles":["ThreatIntelligenceService"],"fullName":"ThreatIntelligenceService should report threat","status":"passed","title":"should report threat","duration":2.000165999999979,"failureMessages":[],"meta":{}},{"ancestorTitles":["ThreatIntelligenceService"],"fullName":"ThreatIntelligenceService should get threats by severity","status":"passed","title":"should get threats by severity","duration":0.9208750000000236,"failureMessages":[],"meta":{}},{"ancestorTitles":["ThreatIntelligenceService"],"fullName":"ThreatIntelligenceService should add and check indicator","status":"passed","title":"should add and check indicator","duration":0.26237499999996317,"failureMessages":[],"meta":{}},{"ancestorTitles":["ThreatIntelligenceService"],"fullName":"ThreatIntelligenceService should return false for unknown indicator","status":"passed","title":"should return false for unknown indicator","duration":0.1857090000000312,"failureMessages":[],"meta":{}}],"startTime":1769461956609,"endTime":1769461956612.2625,"status":"passed","message":"","name":"/Users/piotrwisniewski/Documents/Antygracity/DRD/consultify/tests/unit/backend/services/threatIntelligenceService.test.js"},{"assertionResults":[{"ancestorTitles":["TicketService","Ticket CRUD"],"fullName":"TicketService Ticket CRUD should create ticket","status":"passed","title":"should create ticket","duration":5.846000000000004,"failureMessages":[],"meta":{}},{"ancestorTitles":["TicketService","Ticket CRUD"],"fullName":"TicketService Ticket CRUD should resolve ticket","status":"passed","title":"should resolve ticket","duration":12.059500000000014,"failureMessages":[],"meta":{}},{"ancestorTitles":["TicketService","Ticket Queries"],"fullName":"TicketService Ticket Queries should get open tickets","status":"passed","title":"should get open tickets","duration":28.852582999999925,"failureMessages":[],"meta":{}}],"startTime":1769461957268,"endTime":1769461957316.8525,"status":"passed","message":"","name":"/Users/piotrwisniewski/Documents/Antygracity/DRD/consultify/tests/unit/backend/services/ticketService.test.ts"},{"assertionResults":[{"ancestorTitles":["TokenBillingService","getOrgBalance"],"fullName":"TokenBillingService getOrgBalance should return organization balance","status":"passed","title":"should return organization balance","duration":2.360541000000012,"failureMessages":[],"meta":{}},{"ancestorTitles":["TokenBillingService","getOrgBalance"],"fullName":"TokenBillingService getOrgBalance should handle organization not found","status":"passed","title":"should handle organization not found","duration":1.4386250000000018,"failureMessages":[],"meta":{}},{"ancestorTitles":["TokenBillingService","hasOrgSufficientBalance"],"fullName":"TokenBillingService hasOrgSufficientBalance should check if organization has sufficient balance","status":"passed","title":"should check if organization has sufficient balance","duration":0.4080829999999196,"failureMessages":[],"meta":{}},{"ancestorTitles":["TokenBillingService","hasOrgSufficientBalance"],"fullName":"TokenBillingService hasOrgSufficientBalance should detect insufficient balance for trial","status":"passed","title":"should detect insufficient balance for trial","duration":0.2984169999999722,"failureMessages":[],"meta":{}},{"ancestorTitles":["TokenBillingService","getLedger"],"fullName":"TokenBillingService getLedger should return ledger entries for organization","status":"passed","title":"should return ledger entries for organization","duration":0.5567500000000791,"failureMessages":[],"meta":{}}],"startTime":1769461958779,"endTime":1769461958784.5566,"status":"passed","message":"","name":"/Users/piotrwisniewski/Documents/Antygracity/DRD/consultify/tests/unit/backend/services/tokenBillingService.test.ts"},{"assertionResults":[{"ancestorTitles":["UserSessionService","Session Creation"],"fullName":"UserSessionService Session Creation should create session","status":"passed","title":"should create session","duration":2.623540999999989,"failureMessages":[],"meta":{}},{"ancestorTitles":["UserSessionService","Session Creation"],"fullName":"UserSessionService Session Creation should reject without user ID","status":"passed","title":"should reject without user ID","duration":0.3148750000000291,"failureMessages":[],"meta":{}},{"ancestorTitles":["UserSessionService","Session Retrieval"],"fullName":"UserSessionService Session Retrieval should get session by ID","status":"passed","title":"should get session by ID","duration":0.24875000000002956,"failureMessages":[],"meta":{}},{"ancestorTitles":["UserSessionService","Session Retrieval"],"fullName":"UserSessionService Session Retrieval should return 404 for non-existent session","status":"passed","title":"should return 404 for non-existent session","duration":0.20083299999998871,"failureMessages":[],"meta":{}},{"ancestorTitles":["UserSessionService","Session Retrieval"],"fullName":"UserSessionService Session Retrieval should get all user sessions","status":"passed","title":"should get all user sessions","duration":0.8732080000000337,"failureMessages":[],"meta":{}},{"ancestorTitles":["UserSessionService","Session Management"],"fullName":"UserSessionService Session Management should update last activity","status":"passed","title":"should update last activity","duration":2.381832999999972,"failureMessages":[],"meta":{}},{"ancestorTitles":["UserSessionService","Session Management"],"fullName":"UserSessionService Session Management should invalidate session","status":"passed","title":"should invalidate session","duration":0.2819579999999746,"failureMessages":[],"meta":{}},{"ancestorTitles":["UserSessionService","Session Management"],"fullName":"UserSessionService Session Management should invalidate all user sessions","status":"passed","title":"should invalidate all user sessions","duration":0.955833000000041,"failureMessages":[],"meta":{}}],"startTime":1769461958012,"endTime":1769461958020.3818,"status":"passed","message":"","name":"/Users/piotrwisniewski/Documents/Antygracity/DRD/consultify/tests/unit/backend/services/userSessionService.test.js"},{"assertionResults":[{"ancestorTitles":["VendorService","Vendor CRUD"],"fullName":"VendorService Vendor CRUD should create vendor","status":"passed","title":"should create vendor","duration":2.235541000000012,"failureMessages":[],"meta":{}},{"ancestorTitles":["VendorService","Vendor CRUD"],"fullName":"VendorService Vendor CRUD should update vendor rating","status":"passed","title":"should update vendor rating","duration":0.9048340000000508,"failureMessages":[],"meta":{}}],"startTime":1769461954626,"endTime":1769461954628.9048,"status":"passed","message":"","name":"/Users/piotrwisniewski/Documents/Antygracity/DRD/consultify/tests/unit/backend/services/vendorService.test.ts"},{"assertionResults":[{"ancestorTitles":["Phase 4 Verification","AlertService"],"fullName":"Phase 4 Verification AlertService should exist and have required methods","status":"passed","title":"should exist and have required methods","duration":0.9373749999999745,"failureMessages":[],"meta":{}},{"ancestorTitles":["Phase 4 Verification","TaskAssignmentService"],"fullName":"Phase 4 Verification TaskAssignmentService should exist and have required methods","status":"passed","title":"should exist and have required methods","duration":0.21079100000002882,"failureMessages":[],"meta":{}}],"startTime":1769461960607,"endTime":1769461960608.2107,"status":"passed","message":"","name":"/Users/piotrwisniewski/Documents/Antygracity/DRD/consultify/tests/unit/backend/services/verification_phase4.test.ts"},{"assertionResults":[{"ancestorTitles":["WebhookService","Webhook CRUD"],"fullName":"WebhookService Webhook CRUD should create webhook","status":"passed","title":"should create webhook","duration":11.465166000000067,"failureMessages":[],"meta":{}},{"ancestorTitles":["WebhookService","Webhook CRUD"],"fullName":"WebhookService Webhook CRUD should deactivate webhook after failures","status":"passed","title":"should deactivate webhook after failures","duration":5.91983300000004,"failureMessages":[],"meta":{}},{"ancestorTitles":["WebhookService","Webhook Logs"],"fullName":"WebhookService Webhook Logs should log webhook execution","status":"passed","title":"should log webhook execution","duration":14.977958000000058,"failureMessages":[],"meta":{}}],"startTime":1769461953191,"endTime":1769461953223.978,"status":"passed","message":"","name":"/Users/piotrwisniewski/Documents/Antygracity/DRD/consultify/tests/unit/backend/services/webhookService.test.ts"},{"assertionResults":[{"ancestorTitles":["WhiteLabelExtendedService","White-label Assets"],"fullName":"WhiteLabelExtendedService White-label Assets should upload logo asset","status":"passed","title":"should upload logo asset","duration":11.730707999999993,"failureMessages":[],"meta":{}},{"ancestorTitles":["WhiteLabelExtendedService","White-label Assets"],"fullName":"WhiteLabelExtendedService White-label Assets should store multiple asset types","status":"passed","title":"should store multiple asset types","duration":5.14824999999999,"failureMessages":[],"meta":{}},{"ancestorTitles":["WhiteLabelExtendedService","Domain Verification"],"fullName":"WhiteLabelExtendedService Domain Verification should create domain verification request","status":"passed","title":"should create domain verification request","duration":7.090417000000031,"failureMessages":[],"meta":{}},{"ancestorTitles":["WhiteLabelExtendedService","Domain Verification"],"fullName":"WhiteLabelExtendedService Domain Verification should verify domain","status":"passed","title":"should verify domain","duration":3.9326659999999833,"failureMessages":[],"meta":{}},{"ancestorTitles":["WhiteLabelExtendedService","Domain Verification"],"fullName":"WhiteLabelExtendedService Domain Verification should enforce unique domains","status":"passed","title":"should enforce unique domains","duration":3.927750000000003,"failureMessages":[],"meta":{}},{"ancestorTitles":["WhiteLabelExtendedService","Email Sender Verification"],"fullName":"WhiteLabelExtendedService Email Sender Verification should create email sender verification","status":"passed","title":"should create email sender verification","duration":1.336749999999995,"failureMessages":[],"meta":{}},{"ancestorTitles":["WhiteLabelExtendedService","Email Sender Verification"],"fullName":"WhiteLabelExtendedService Email Sender Verification should verify email sender","status":"passed","title":"should verify email sender","duration":3.823832999999979,"failureMessages":[],"meta":{}},{"ancestorTitles":["WhiteLabelExtendedService","White-label Themes"],"fullName":"WhiteLabelExtendedService White-label Themes should create custom theme","status":"passed","title":"should create custom theme","duration":1.5489999999999782,"failureMessages":[],"meta":{}},{"ancestorTitles":["WhiteLabelExtendedService","White-label Themes"],"fullName":"WhiteLabelExtendedService White-label Themes should seed system themes","status":"passed","title":"should seed system themes","duration":1.207917000000009,"failureMessages":[],"meta":{}},{"ancestorTitles":["WhiteLabelExtendedService","White-label Themes"],"fullName":"WhiteLabelExtendedService White-label Themes should enforce unique theme names","status":"passed","title":"should enforce unique theme names","duration":1.0353340000000344,"failureMessages":[],"meta":{}}],"startTime":1769461951896,"endTime":1769461951937.0354,"status":"passed","message":"","name":"/Users/piotrwisniewski/Documents/Antygracity/DRD/consultify/tests/unit/backend/services/whiteLabelExtendedService.test.ts"}]}