<?xml version="1.0" encoding="UTF-8" ?>
<testsuites name="vitest tests" tests="133" failures="49" errors="0" time="6.666618917">
    <testsuite name="tests/unit/adminModules.test.tsx" timestamp="2026-01-01T23:23:40.159Z" hostname="MacBook-Pro-Piotr.local" tests="14" failures="0" errors="0" skipped="0" time="0.328792708">
        <testcase classname="tests/unit/adminModules.test.tsx" name="AdminSidebar &gt; renders all 5 module items" time="0.020650625">
        </testcase>
        <testcase classname="tests/unit/adminModules.test.tsx" name="AdminSidebar &gt; calls onSectionChange when clicking a module" time="0.006575417">
        </testcase>
        <testcase classname="tests/unit/adminModules.test.tsx" name="AdminSidebar &gt; highlights the active section" time="0.004662416">
        </testcase>
        <testcase classname="tests/unit/adminModules.test.tsx" name="adminSectionToAppView mapping &gt; maps all sections to correct AppViews" time="0.000157">
        </testcase>
        <testcase classname="tests/unit/adminModules.test.tsx" name="OverviewModule &gt; renders with Dashboard tab by default" time="0.035442375">
        </testcase>
        <testcase classname="tests/unit/adminModules.test.tsx" name="OverviewModule &gt; renders all three tabs" time="0.010463125">
        </testcase>
        <testcase classname="tests/unit/adminModules.test.tsx" name="TeamModule &gt; renders with Users tab by default" time="0.011852667">
            <system-err>
Failed to load user plans TypeError: __vite_ssr_import_3__.Api.getUserPlans is not a function
    at init [90m(/Users/piotrwisniewski/Documents/Antygracity/DRD/consultify/[39mviews/admin/AdminUserManagement.tsx:71:41[90m)[39m
    at [90m/Users/piotrwisniewski/Documents/Antygracity/DRD/consultify/[39mviews/admin/AdminUserManagement.tsx:77:9
    at Object.react_stack_bottom_frame [90m(/Users/piotrwisniewski/Documents/Antygracity/DRD/consultify/[39mnode_modules/[4mreact-dom[24m/cjs/react-dom-client.development.js:25989:20[90m)[39m
    at runWithFiberInDEV [90m(/Users/piotrwisniewski/Documents/Antygracity/DRD/consultify/[39mnode_modules/[4mreact-dom[24m/cjs/react-dom-client.development.js:874:13[90m)[39m
    at commitHookEffectListMount [90m(/Users/piotrwisniewski/Documents/Antygracity/DRD/consultify/[39mnode_modules/[4mreact-dom[24m/cjs/react-dom-client.development.js:13249:29[90m)[39m
    at commitHookPassiveMountEffects [90m(/Users/piotrwisniewski/Documents/Antygracity/DRD/consultify/[39mnode_modules/[4mreact-dom[24m/cjs/react-dom-client.development.js:13336:11[90m)[39m
    at commitPassiveMountOnFiber [90m(/Users/piotrwisniewski/Documents/Antygracity/DRD/consultify/[39mnode_modules/[4mreact-dom[24m/cjs/react-dom-client.development.js:15484:13[90m)[39m
    at recursivelyTraversePassiveMountEffects [90m(/Users/piotrwisniewski/Documents/Antygracity/DRD/consultify/[39mnode_modules/[4mreact-dom[24m/cjs/react-dom-client.development.js:15439:11[90m)[39m
    at commitPassiveMountOnFiber [90m(/Users/piotrwisniewski/Documents/Antygracity/DRD/consultify/[39mnode_modules/[4mreact-dom[24m/cjs/react-dom-client.development.js:15718:11[90m)[39m
    at recursivelyTraversePassiveMountEffects [90m(/Users/piotrwisniewski/Documents/Antygracity/DRD/consultify/[39mnode_modules/[4mreact-dom[24m/cjs/react-dom-client.development.js:15439:11[90m)[39m

            </system-err>
        </testcase>
        <testcase classname="tests/unit/adminModules.test.tsx" name="TeamModule &gt; renders all four tabs" time="0.008161792">
            <system-err>
Failed to load user plans TypeError: __vite_ssr_import_3__.Api.getUserPlans is not a function
    at init [90m(/Users/piotrwisniewski/Documents/Antygracity/DRD/consultify/[39mviews/admin/AdminUserManagement.tsx:71:41[90m)[39m
    at [90m/Users/piotrwisniewski/Documents/Antygracity/DRD/consultify/[39mviews/admin/AdminUserManagement.tsx:77:9
    at Object.react_stack_bottom_frame [90m(/Users/piotrwisniewski/Documents/Antygracity/DRD/consultify/[39mnode_modules/[4mreact-dom[24m/cjs/react-dom-client.development.js:25989:20[90m)[39m
    at runWithFiberInDEV [90m(/Users/piotrwisniewski/Documents/Antygracity/DRD/consultify/[39mnode_modules/[4mreact-dom[24m/cjs/react-dom-client.development.js:874:13[90m)[39m
    at commitHookEffectListMount [90m(/Users/piotrwisniewski/Documents/Antygracity/DRD/consultify/[39mnode_modules/[4mreact-dom[24m/cjs/react-dom-client.development.js:13249:29[90m)[39m
    at commitHookPassiveMountEffects [90m(/Users/piotrwisniewski/Documents/Antygracity/DRD/consultify/[39mnode_modules/[4mreact-dom[24m/cjs/react-dom-client.development.js:13336:11[90m)[39m
    at commitPassiveMountOnFiber [90m(/Users/piotrwisniewski/Documents/Antygracity/DRD/consultify/[39mnode_modules/[4mreact-dom[24m/cjs/react-dom-client.development.js:15484:13[90m)[39m
    at recursivelyTraversePassiveMountEffects [90m(/Users/piotrwisniewski/Documents/Antygracity/DRD/consultify/[39mnode_modules/[4mreact-dom[24m/cjs/react-dom-client.development.js:15439:11[90m)[39m
    at commitPassiveMountOnFiber [90m(/Users/piotrwisniewski/Documents/Antygracity/DRD/consultify/[39mnode_modules/[4mreact-dom[24m/cjs/react-dom-client.development.js:15718:11[90m)[39m
    at recursivelyTraversePassiveMountEffects [90m(/Users/piotrwisniewski/Documents/Antygracity/DRD/consultify/[39mnode_modules/[4mreact-dom[24m/cjs/react-dom-client.development.js:15439:11[90m)[39m

            </system-err>
        </testcase>
        <testcase classname="tests/unit/adminModules.test.tsx" name="WorkspaceModule &gt; renders with Projects tab by default" time="0.005469917">
        </testcase>
        <testcase classname="tests/unit/adminModules.test.tsx" name="WorkspaceModule &gt; renders all four tabs" time="0.005968166">
        </testcase>
        <testcase classname="tests/unit/adminModules.test.tsx" name="AIModule &gt; renders with LLM Config tab by default" time="0.013793333">
            <system-err>
TypeError: __vite_ssr_import_2__.Api.aiGetSystemPrompts is not a function
    at initLLMData [90m(/Users/piotrwisniewski/Documents/Antygracity/DRD/consultify/[39mviews/admin/AdminLLMView.tsx:103:47[90m)[39m
    at [90m/Users/piotrwisniewski/Documents/Antygracity/DRD/consultify/[39mviews/admin/AdminLLMView.tsx:111:9
    at Object.react_stack_bottom_frame [90m(/Users/piotrwisniewski/Documents/Antygracity/DRD/consultify/[39mnode_modules/[4mreact-dom[24m/cjs/react-dom-client.development.js:25989:20[90m)[39m
    at runWithFiberInDEV [90m(/Users/piotrwisniewski/Documents/Antygracity/DRD/consultify/[39mnode_modules/[4mreact-dom[24m/cjs/react-dom-client.development.js:874:13[90m)[39m
    at commitHookEffectListMount [90m(/Users/piotrwisniewski/Documents/Antygracity/DRD/consultify/[39mnode_modules/[4mreact-dom[24m/cjs/react-dom-client.development.js:13249:29[90m)[39m
    at commitHookPassiveMountEffects [90m(/Users/piotrwisniewski/Documents/Antygracity/DRD/consultify/[39mnode_modules/[4mreact-dom[24m/cjs/react-dom-client.development.js:13336:11[90m)[39m
    at commitPassiveMountOnFiber [90m(/Users/piotrwisniewski/Documents/Antygracity/DRD/consultify/[39mnode_modules/[4mreact-dom[24m/cjs/react-dom-client.development.js:15484:13[90m)[39m
    at recursivelyTraversePassiveMountEffects [90m(/Users/piotrwisniewski/Documents/Antygracity/DRD/consultify/[39mnode_modules/[4mreact-dom[24m/cjs/react-dom-client.development.js:15439:11[90m)[39m
    at commitPassiveMountOnFiber [90m(/Users/piotrwisniewski/Documents/Antygracity/DRD/consultify/[39mnode_modules/[4mreact-dom[24m/cjs/react-dom-client.development.js:15718:11[90m)[39m
    at recursivelyTraversePassiveMountEffects [90m(/Users/piotrwisniewski/Documents/Antygracity/DRD/consultify/[39mnode_modules/[4mreact-dom[24m/cjs/react-dom-client.development.js:15439:11[90m)[39m
TypeError: __vite_ssr_import_2__.Api.aiGetSystemPrompts is not a function
    at initLLMData [90m(/Users/piotrwisniewski/Documents/Antygracity/DRD/consultify/[39mviews/admin/AdminLLMView.tsx:236:47[90m)[39m
    at [90m/Users/piotrwisniewski/Documents/Antygracity/DRD/consultify/[39mviews/admin/AdminLLMView.tsx:244:9
    at Object.react_stack_bottom_frame [90m(/Users/piotrwisniewski/Documents/Antygracity/DRD/consultify/[39mnode_modules/[4mreact-dom[24m/cjs/react-dom-client.development.js:25989:20[90m)[39m
    at runWithFiberInDEV [90m(/Users/piotrwisniewski/Documents/Antygracity/DRD/consultify/[39mnode_modules/[4mreact-dom[24m/cjs/react-dom-client.development.js:874:13[90m)[39m
    at commitHookEffectListMount [90m(/Users/piotrwisniewski/Documents/Antygracity/DRD/consultify/[39mnode_modules/[4mreact-dom[24m/cjs/react-dom-client.development.js:13249:29[90m)[39m
    at commitHookPassiveMountEffects [90m(/Users/piotrwisniewski/Documents/Antygracity/DRD/consultify/[39mnode_modules/[4mreact-dom[24m/cjs/react-dom-client.development.js:13336:11[90m)[39m
    at commitPassiveMountOnFiber [90m(/Users/piotrwisniewski/Documents/Antygracity/DRD/consultify/[39mnode_modules/[4mreact-dom[24m/cjs/react-dom-client.development.js:15484:13[90m)[39m
    at recursivelyTraversePassiveMountEffects [90m(/Users/piotrwisniewski/Documents/Antygracity/DRD/consultify/[39mnode_modules/[4mreact-dom[24m/cjs/react-dom-client.development.js:15439:11[90m)[39m
    at commitPassiveMountOnFiber [90m(/Users/piotrwisniewski/Documents/Antygracity/DRD/consultify/[39mnode_modules/[4mreact-dom[24m/cjs/react-dom-client.development.js:15718:11[90m)[39m
    at recursivelyTraversePassiveMountEffects [90m(/Users/piotrwisniewski/Documents/Antygracity/DRD/consultify/[39mnode_modules/[4mreact-dom[24m/cjs/react-dom-client.development.js:15439:11[90m)[39m

Failed to load LLM status: TypeError: Failed to parse URL from /api/llm/status
[90m    at node:internal/deps/undici/undici:15845:13[39m
    at [90m/Users/piotrwisniewski/Documents/Antygracity/DRD/consultify/[39mviews/admin/AdminLLMView.tsx:158:30 {
  [cause]: TypeError: Invalid URL
  [90m    at new URL (node:internal/url:828:25)[39m
      at new URL$1 [90m(file:///Users/piotrwisniewski/Documents/Antygracity/DRD/consultify/[39mnode_modules/[4mvitest[24m/dist/chunks/index.BspFP3mn.js:556:9[90m)[39m
  [90m    at new Request (node:internal/deps/undici/undici:10413:25)[39m
  [90m    at fetch (node:internal/deps/undici/undici:11325:25)[39m
  [90m    at fetch (node:internal/deps/undici/undici:15843:10)[39m
  [90m    at fetch (node:internal/bootstrap/web/exposed-window-or-worker:83:12)[39m
      at [90m/Users/piotrwisniewski/Documents/Antygracity/DRD/consultify/[39mviews/admin/AdminLLMView.tsx:158:36
      at initLLMData [90m(/Users/piotrwisniewski/Documents/Antygracity/DRD/consultify/[39mviews/admin/AdminLLMView.tsx:109:13[90m)[39m
      at [90m/Users/piotrwisniewski/Documents/Antygracity/DRD/consultify/[39mviews/admin/AdminLLMView.tsx:111:9
      at Object.react_stack_bottom_frame [90m(/Users/piotrwisniewski/Documents/Antygracity/DRD/consultify/[39mnode_modules/[4mreact-dom[24m/cjs/react-dom-client.development.js:25989:20[90m)[39m {
    code: [32m&apos;ERR_INVALID_URL&apos;[39m,
    input: [32m&apos;/api/llm/status&apos;[39m
  }
}
Failed to load LLM status: TypeError: Failed to parse URL from /api/llm/status
[90m    at node:internal/deps/undici/undici:15845:13[39m
    at [90m/Users/piotrwisniewski/Documents/Antygracity/DRD/consultify/[39mviews/admin/AdminLLMView.tsx:158:30 {
  [cause]: TypeError: Invalid URL
  [90m    at new URL (node:internal/url:828:25)[39m
      at new URL$1 [90m(file:///Users/piotrwisniewski/Documents/Antygracity/DRD/consultify/[39mnode_modules/[4mvitest[24m/dist/chunks/index.BspFP3mn.js:556:9[90m)[39m
  [90m    at new Request (node:internal/deps/undici/undici:10413:25)[39m
  [90m    at fetch (node:internal/deps/undici/undici:11325:25)[39m
  [90m    at fetch (node:internal/deps/undici/undici:15843:10)[39m
  [90m    at fetch (node:internal/bootstrap/web/exposed-window-or-worker:83:12)[39m
      at [90m/Users/piotrwisniewski/Documents/Antygracity/DRD/consultify/[39mviews/admin/AdminLLMView.tsx:158:36
      at initLLMData [90m(/Users/piotrwisniewski/Documents/Antygracity/DRD/consultify/[39mviews/admin/AdminLLMView.tsx:242:13[90m)[39m
      at [90m/Users/piotrwisniewski/Documents/Antygracity/DRD/consultify/[39mviews/admin/AdminLLMView.tsx:244:9
      at Object.react_stack_bottom_frame [90m(/Users/piotrwisniewski/Documents/Antygracity/DRD/consultify/[39mnode_modules/[4mreact-dom[24m/cjs/react-dom-client.development.js:25989:20[90m)[39m {
    code: [32m&apos;ERR_INVALID_URL&apos;[39m,
    input: [32m&apos;/api/llm/status&apos;[39m
  }
}

            </system-err>
        </testcase>
        <testcase classname="tests/unit/adminModules.test.tsx" name="AIModule &gt; renders all four tabs" time="0.013014584">
            <system-err>
TypeError: __vite_ssr_import_2__.Api.aiGetSystemPrompts is not a function
    at initLLMData [90m(/Users/piotrwisniewski/Documents/Antygracity/DRD/consultify/[39mviews/admin/AdminLLMView.tsx:103:47[90m)[39m
    at [90m/Users/piotrwisniewski/Documents/Antygracity/DRD/consultify/[39mviews/admin/AdminLLMView.tsx:111:9
    at Object.react_stack_bottom_frame [90m(/Users/piotrwisniewski/Documents/Antygracity/DRD/consultify/[39mnode_modules/[4mreact-dom[24m/cjs/react-dom-client.development.js:25989:20[90m)[39m
    at runWithFiberInDEV [90m(/Users/piotrwisniewski/Documents/Antygracity/DRD/consultify/[39mnode_modules/[4mreact-dom[24m/cjs/react-dom-client.development.js:874:13[90m)[39m
    at commitHookEffectListMount [90m(/Users/piotrwisniewski/Documents/Antygracity/DRD/consultify/[39mnode_modules/[4mreact-dom[24m/cjs/react-dom-client.development.js:13249:29[90m)[39m
    at commitHookPassiveMountEffects [90m(/Users/piotrwisniewski/Documents/Antygracity/DRD/consultify/[39mnode_modules/[4mreact-dom[24m/cjs/react-dom-client.development.js:13336:11[90m)[39m
    at commitPassiveMountOnFiber [90m(/Users/piotrwisniewski/Documents/Antygracity/DRD/consultify/[39mnode_modules/[4mreact-dom[24m/cjs/react-dom-client.development.js:15484:13[90m)[39m
    at recursivelyTraversePassiveMountEffects [90m(/Users/piotrwisniewski/Documents/Antygracity/DRD/consultify/[39mnode_modules/[4mreact-dom[24m/cjs/react-dom-client.development.js:15439:11[90m)[39m
    at commitPassiveMountOnFiber [90m(/Users/piotrwisniewski/Documents/Antygracity/DRD/consultify/[39mnode_modules/[4mreact-dom[24m/cjs/react-dom-client.development.js:15718:11[90m)[39m
    at recursivelyTraversePassiveMountEffects [90m(/Users/piotrwisniewski/Documents/Antygracity/DRD/consultify/[39mnode_modules/[4mreact-dom[24m/cjs/react-dom-client.development.js:15439:11[90m)[39m
TypeError: __vite_ssr_import_2__.Api.aiGetSystemPrompts is not a function
    at initLLMData [90m(/Users/piotrwisniewski/Documents/Antygracity/DRD/consultify/[39mviews/admin/AdminLLMView.tsx:236:47[90m)[39m
    at [90m/Users/piotrwisniewski/Documents/Antygracity/DRD/consultify/[39mviews/admin/AdminLLMView.tsx:244:9
    at Object.react_stack_bottom_frame [90m(/Users/piotrwisniewski/Documents/Antygracity/DRD/consultify/[39mnode_modules/[4mreact-dom[24m/cjs/react-dom-client.development.js:25989:20[90m)[39m
    at runWithFiberInDEV [90m(/Users/piotrwisniewski/Documents/Antygracity/DRD/consultify/[39mnode_modules/[4mreact-dom[24m/cjs/react-dom-client.development.js:874:13[90m)[39m
    at commitHookEffectListMount [90m(/Users/piotrwisniewski/Documents/Antygracity/DRD/consultify/[39mnode_modules/[4mreact-dom[24m/cjs/react-dom-client.development.js:13249:29[90m)[39m
    at commitHookPassiveMountEffects [90m(/Users/piotrwisniewski/Documents/Antygracity/DRD/consultify/[39mnode_modules/[4mreact-dom[24m/cjs/react-dom-client.development.js:13336:11[90m)[39m
    at commitPassiveMountOnFiber [90m(/Users/piotrwisniewski/Documents/Antygracity/DRD/consultify/[39mnode_modules/[4mreact-dom[24m/cjs/react-dom-client.development.js:15484:13[90m)[39m
    at recursivelyTraversePassiveMountEffects [90m(/Users/piotrwisniewski/Documents/Antygracity/DRD/consultify/[39mnode_modules/[4mreact-dom[24m/cjs/react-dom-client.development.js:15439:11[90m)[39m
    at commitPassiveMountOnFiber [90m(/Users/piotrwisniewski/Documents/Antygracity/DRD/consultify/[39mnode_modules/[4mreact-dom[24m/cjs/react-dom-client.development.js:15718:11[90m)[39m
    at recursivelyTraversePassiveMountEffects [90m(/Users/piotrwisniewski/Documents/Antygracity/DRD/consultify/[39mnode_modules/[4mreact-dom[24m/cjs/react-dom-client.development.js:15439:11[90m)[39m

Failed to load LLM status: TypeError: Failed to parse URL from /api/llm/status
[90m    at node:internal/deps/undici/undici:15845:13[39m
    at [90m/Users/piotrwisniewski/Documents/Antygracity/DRD/consultify/[39mviews/admin/AdminLLMView.tsx:158:30 {
  [cause]: TypeError: Invalid URL
  [90m    at new URL (node:internal/url:828:25)[39m
      at new URL$1 [90m(file:///Users/piotrwisniewski/Documents/Antygracity/DRD/consultify/[39mnode_modules/[4mvitest[24m/dist/chunks/index.BspFP3mn.js:556:9[90m)[39m
  [90m    at new Request (node:internal/deps/undici/undici:10413:25)[39m
  [90m    at fetch (node:internal/deps/undici/undici:11325:25)[39m
  [90m    at fetch (node:internal/deps/undici/undici:15843:10)[39m
  [90m    at fetch (node:internal/bootstrap/web/exposed-window-or-worker:83:12)[39m
      at [90m/Users/piotrwisniewski/Documents/Antygracity/DRD/consultify/[39mviews/admin/AdminLLMView.tsx:158:36
      at initLLMData [90m(/Users/piotrwisniewski/Documents/Antygracity/DRD/consultify/[39mviews/admin/AdminLLMView.tsx:109:13[90m)[39m
      at [90m/Users/piotrwisniewski/Documents/Antygracity/DRD/consultify/[39mviews/admin/AdminLLMView.tsx:111:9
      at Object.react_stack_bottom_frame [90m(/Users/piotrwisniewski/Documents/Antygracity/DRD/consultify/[39mnode_modules/[4mreact-dom[24m/cjs/react-dom-client.development.js:25989:20[90m)[39m {
    code: [32m&apos;ERR_INVALID_URL&apos;[39m,
    input: [32m&apos;/api/llm/status&apos;[39m
  }
}
Failed to load LLM status: TypeError: Failed to parse URL from /api/llm/status
[90m    at node:internal/deps/undici/undici:15845:13[39m
    at [90m/Users/piotrwisniewski/Documents/Antygracity/DRD/consultify/[39mviews/admin/AdminLLMView.tsx:158:30 {
  [cause]: TypeError: Invalid URL
  [90m    at new URL (node:internal/url:828:25)[39m
      at new URL$1 [90m(file:///Users/piotrwisniewski/Documents/Antygracity/DRD/consultify/[39mnode_modules/[4mvitest[24m/dist/chunks/index.BspFP3mn.js:556:9[90m)[39m
  [90m    at new Request (node:internal/deps/undici/undici:10413:25)[39m
  [90m    at fetch (node:internal/deps/undici/undici:11325:25)[39m
  [90m    at fetch (node:internal/deps/undici/undici:15843:10)[39m
  [90m    at fetch (node:internal/bootstrap/web/exposed-window-or-worker:83:12)[39m
      at [90m/Users/piotrwisniewski/Documents/Antygracity/DRD/consultify/[39mviews/admin/AdminLLMView.tsx:158:36
      at initLLMData [90m(/Users/piotrwisniewski/Documents/Antygracity/DRD/consultify/[39mviews/admin/AdminLLMView.tsx:242:13[90m)[39m
      at [90m/Users/piotrwisniewski/Documents/Antygracity/DRD/consultify/[39mviews/admin/AdminLLMView.tsx:244:9
      at Object.react_stack_bottom_frame [90m(/Users/piotrwisniewski/Documents/Antygracity/DRD/consultify/[39mnode_modules/[4mreact-dom[24m/cjs/react-dom-client.development.js:25989:20[90m)[39m {
    code: [32m&apos;ERR_INVALID_URL&apos;[39m,
    input: [32m&apos;/api/llm/status&apos;[39m
  }
}

            </system-err>
        </testcase>
        <testcase classname="tests/unit/adminModules.test.tsx" name="AdminSettingsModule &gt; renders with Organization tab by default" time="0.010030541">
            <system-err>
Error fetching profile: TypeError: __vite_ssr_import_4__.Api.get is not a function
    at fetchProfile [90m(/Users/piotrwisniewski/Documents/Antygracity/DRD/consultify/[39mcomponents/settings/OrganizationProfileForm.tsx:142:40[90m)[39m
    at [90m/Users/piotrwisniewski/Documents/Antygracity/DRD/consultify/[39mcomponents/settings/OrganizationProfileForm.tsx:135:13
    at Object.react_stack_bottom_frame [90m(/Users/piotrwisniewski/Documents/Antygracity/DRD/consultify/[39mnode_modules/[4mreact-dom[24m/cjs/react-dom-client.development.js:25989:20[90m)[39m
    at runWithFiberInDEV [90m(/Users/piotrwisniewski/Documents/Antygracity/DRD/consultify/[39mnode_modules/[4mreact-dom[24m/cjs/react-dom-client.development.js:874:13[90m)[39m
    at commitHookEffectListMount [90m(/Users/piotrwisniewski/Documents/Antygracity/DRD/consultify/[39mnode_modules/[4mreact-dom[24m/cjs/react-dom-client.development.js:13249:29[90m)[39m
    at commitHookPassiveMountEffects [90m(/Users/piotrwisniewski/Documents/Antygracity/DRD/consultify/[39mnode_modules/[4mreact-dom[24m/cjs/react-dom-client.development.js:13336:11[90m)[39m
    at commitPassiveMountOnFiber [90m(/Users/piotrwisniewski/Documents/Antygracity/DRD/consultify/[39mnode_modules/[4mreact-dom[24m/cjs/react-dom-client.development.js:15484:13[90m)[39m
    at recursivelyTraversePassiveMountEffects [90m(/Users/piotrwisniewski/Documents/Antygracity/DRD/consultify/[39mnode_modules/[4mreact-dom[24m/cjs/react-dom-client.development.js:15439:11[90m)[39m
    at commitPassiveMountOnFiber [90m(/Users/piotrwisniewski/Documents/Antygracity/DRD/consultify/[39mnode_modules/[4mreact-dom[24m/cjs/react-dom-client.development.js:15718:11[90m)[39m
    at recursivelyTraversePassiveMountEffects [90m(/Users/piotrwisniewski/Documents/Antygracity/DRD/consultify/[39mnode_modules/[4mreact-dom[24m/cjs/react-dom-client.development.js:15439:11[90m)[39m

            </system-err>
        </testcase>
        <testcase classname="tests/unit/adminModules.test.tsx" name="AdminSettingsModule &gt; renders all four tabs" time="0.010682917">
            <system-err>
Error fetching profile: TypeError: __vite_ssr_import_4__.Api.get is not a function
    at fetchProfile [90m(/Users/piotrwisniewski/Documents/Antygracity/DRD/consultify/[39mcomponents/settings/OrganizationProfileForm.tsx:142:40[90m)[39m
    at [90m/Users/piotrwisniewski/Documents/Antygracity/DRD/consultify/[39mcomponents/settings/OrganizationProfileForm.tsx:135:13
    at Object.react_stack_bottom_frame [90m(/Users/piotrwisniewski/Documents/Antygracity/DRD/consultify/[39mnode_modules/[4mreact-dom[24m/cjs/react-dom-client.development.js:25989:20[90m)[39m
    at runWithFiberInDEV [90m(/Users/piotrwisniewski/Documents/Antygracity/DRD/consultify/[39mnode_modules/[4mreact-dom[24m/cjs/react-dom-client.development.js:874:13[90m)[39m
    at commitHookEffectListMount [90m(/Users/piotrwisniewski/Documents/Antygracity/DRD/consultify/[39mnode_modules/[4mreact-dom[24m/cjs/react-dom-client.development.js:13249:29[90m)[39m
    at commitHookPassiveMountEffects [90m(/Users/piotrwisniewski/Documents/Antygracity/DRD/consultify/[39mnode_modules/[4mreact-dom[24m/cjs/react-dom-client.development.js:13336:11[90m)[39m
    at commitPassiveMountOnFiber [90m(/Users/piotrwisniewski/Documents/Antygracity/DRD/consultify/[39mnode_modules/[4mreact-dom[24m/cjs/react-dom-client.development.js:15484:13[90m)[39m
    at recursivelyTraversePassiveMountEffects [90m(/Users/piotrwisniewski/Documents/Antygracity/DRD/consultify/[39mnode_modules/[4mreact-dom[24m/cjs/react-dom-client.development.js:15439:11[90m)[39m
    at commitPassiveMountOnFiber [90m(/Users/piotrwisniewski/Documents/Antygracity/DRD/consultify/[39mnode_modules/[4mreact-dom[24m/cjs/react-dom-client.development.js:15718:11[90m)[39m
    at recursivelyTraversePassiveMountEffects [90m(/Users/piotrwisniewski/Documents/Antygracity/DRD/consultify/[39mnode_modules/[4mreact-dom[24m/cjs/react-dom-client.development.js:15439:11[90m)[39m

            </system-err>
        </testcase>
    </testsuite>
    <testsuite name="tests/unit/settingsModules.test.tsx" timestamp="2026-01-01T23:23:40.162Z" hostname="MacBook-Pro-Piotr.local" tests="82" failures="31" errors="0" skipped="0" time="5.748951459">
        <testcase classname="tests/unit/settingsModules.test.tsx" name="SettingsSidebar &gt; Rendering &gt; renders all 6 module items" time="0.018893">
        </testcase>
        <testcase classname="tests/unit/settingsModules.test.tsx" name="SettingsSidebar &gt; Rendering &gt; displays user email" time="0.004233416">
        </testcase>
        <testcase classname="tests/unit/settingsModules.test.tsx" name="SettingsSidebar &gt; Rendering &gt; displays user name when provided" time="0.0032935">
        </testcase>
        <testcase classname="tests/unit/settingsModules.test.tsx" name="SettingsSidebar &gt; Rendering &gt; renders back to app button" time="0.003019959">
        </testcase>
        <testcase classname="tests/unit/settingsModules.test.tsx" name="SettingsSidebar &gt; Navigation &gt; calls onSectionChange when clicking Profile module" time="0.005178541">
        </testcase>
        <testcase classname="tests/unit/settingsModules.test.tsx" name="SettingsSidebar &gt; Navigation &gt; calls onSectionChange when clicking AI Preferences module" time="0.003633166">
        </testcase>
        <testcase classname="tests/unit/settingsModules.test.tsx" name="SettingsSidebar &gt; Navigation &gt; calls onSectionChange when clicking Security module" time="0.003185625">
        </testcase>
        <testcase classname="tests/unit/settingsModules.test.tsx" name="SettingsSidebar &gt; Navigation &gt; calls onBackToApp when clicking back button" time="0.003941875">
        </testcase>
        <testcase classname="tests/unit/settingsModules.test.tsx" name="SettingsSidebar &gt; Active State &gt; highlights Profile when active" time="0.003378833">
        </testcase>
        <testcase classname="tests/unit/settingsModules.test.tsx" name="SettingsSidebar &gt; Active State &gt; highlights Security when active" time="0.002725208">
        </testcase>
        <testcase classname="tests/unit/settingsModules.test.tsx" name="SettingsSidebar &gt; Active State &gt; highlights Appearance when active" time="0.002591916">
        </testcase>
        <testcase classname="tests/unit/settingsModules.test.tsx" name="settingsSectionToAppView mapping &gt; maps profile to SETTINGS_PROFILE_MODULE" time="0.000096625">
        </testcase>
        <testcase classname="tests/unit/settingsModules.test.tsx" name="settingsSectionToAppView mapping &gt; maps ai-preferences to SETTINGS_AI_MODULE" time="0.000036416">
        </testcase>
        <testcase classname="tests/unit/settingsModules.test.tsx" name="settingsSectionToAppView mapping &gt; maps notifications to SETTINGS_NOTIFICATIONS_MODULE" time="0.000031167">
        </testcase>
        <testcase classname="tests/unit/settingsModules.test.tsx" name="settingsSectionToAppView mapping &gt; maps security to SETTINGS_SECURITY_MODULE" time="0.000030041">
        </testcase>
        <testcase classname="tests/unit/settingsModules.test.tsx" name="settingsSectionToAppView mapping &gt; maps integrations to SETTINGS_INTEGRATIONS_MODULE" time="0.000031083">
        </testcase>
        <testcase classname="tests/unit/settingsModules.test.tsx" name="settingsSectionToAppView mapping &gt; maps appearance to SETTINGS_APPEARANCE_MODULE" time="0.000026541">
        </testcase>
        <testcase classname="tests/unit/settingsModules.test.tsx" name="appViewToSettingsSection mapping &gt; maps SETTINGS_PROFILE_MODULE to profile" time="0.000042625">
        </testcase>
        <testcase classname="tests/unit/settingsModules.test.tsx" name="appViewToSettingsSection mapping &gt; maps SETTINGS_AI_MODULE to ai-preferences" time="0.000025959">
        </testcase>
        <testcase classname="tests/unit/settingsModules.test.tsx" name="appViewToSettingsSection mapping &gt; maps SETTINGS_NOTIFICATIONS_MODULE to notifications" time="0.000026209">
        </testcase>
        <testcase classname="tests/unit/settingsModules.test.tsx" name="appViewToSettingsSection mapping &gt; maps SETTINGS_SECURITY_MODULE to security" time="0.000037042">
        </testcase>
        <testcase classname="tests/unit/settingsModules.test.tsx" name="appViewToSettingsSection mapping &gt; maps SETTINGS_INTEGRATIONS_MODULE to integrations" time="0.000025541">
        </testcase>
        <testcase classname="tests/unit/settingsModules.test.tsx" name="appViewToSettingsSection mapping &gt; maps SETTINGS_APPEARANCE_MODULE to appearance" time="0.000027916">
        </testcase>
        <testcase classname="tests/unit/settingsModules.test.tsx" name="appViewToSettingsSection mapping &gt; maps legacy SETTINGS_PROFILE to profile" time="0.000023459">
        </testcase>
        <testcase classname="tests/unit/settingsModules.test.tsx" name="appViewToSettingsSection mapping &gt; maps legacy SETTINGS_AI to ai-preferences" time="0.000026834">
        </testcase>
        <testcase classname="tests/unit/settingsModules.test.tsx" name="appViewToSettingsSection mapping &gt; maps legacy SETTINGS_SECURITY to security" time="0.00002425">
        </testcase>
        <testcase classname="tests/unit/settingsModules.test.tsx" name="appViewToSettingsSection mapping &gt; maps legacy SETTINGS_PRIVACY to security" time="0.000031375">
        </testcase>
        <testcase classname="tests/unit/settingsModules.test.tsx" name="ProfileModule &gt; Tab Rendering &gt; renders with Personal Info tab by default" time="0.046800458">
        </testcase>
        <testcase classname="tests/unit/settingsModules.test.tsx" name="ProfileModule &gt; Tab Rendering &gt; renders all 5 tabs" time="0.01744875">
        </testcase>
        <testcase classname="tests/unit/settingsModules.test.tsx" name="ProfileModule &gt; Tab Rendering &gt; renders module title and subtitle" time="0.013330458">
        </testcase>
        <testcase classname="tests/unit/settingsModules.test.tsx" name="ProfileModule &gt; Tab Navigation &gt; switches to Avatar tab when clicked" time="0.016086792">
        </testcase>
        <testcase classname="tests/unit/settingsModules.test.tsx" name="ProfileModule &gt; Tab Navigation &gt; switches to Password tab when clicked" time="0.018876125">
            <failure message="Found multiple elements with the text: /password/i

Here are the matching elements:

Ignored nodes: comments, script, style
[36m&lt;button[39m
  [33mclass[39m=[32m&quot;
                                flex items-center gap-2 px-4 py-3 text-sm font-medium whitespace-nowrap
                                border-b-2 transition-all duration-200
                                text-slate-500 dark:text-slate-400 border-transparent hover:text-slate-700 dark:hover:text-white hover:bg-slate-50 dark:hover:bg-white/5
                            &quot;[39m
[36m&gt;[39m
  [36m&lt;span[39m
    [33mclass[39m=[32m&quot;&quot;[39m
  [36m&gt;[39m
    [36m&lt;svg[39m
      [33maria-hidden[39m=[32m&quot;true&quot;[39m
      [33mclass[39m=[32m&quot;lucide lucide-key&quot;[39m
      [33mfill[39m=[32m&quot;none&quot;[39m
      [33mheight[39m=[32m&quot;16&quot;[39m
      [33mstroke[39m=[32m&quot;currentColor&quot;[39m
      [33mstroke-linecap[39m=[32m&quot;round&quot;[39m
      [33mstroke-linejoin[39m=[32m&quot;round&quot;[39m
      [33mstroke-width[39m=[32m&quot;2&quot;[39m
      [33mviewBox[39m=[32m&quot;0 0 24 24&quot;[39m
      [33mwidth[39m=[32m&quot;16&quot;[39m
      [33mxmlns[39m=[32m&quot;http://www.w3.org/2000/svg&quot;[39m
    [36m&gt;[39m
      [36m&lt;path[39m
        [33md[39m=[32m&quot;m15.5 7.5 2.3 2.3a1 1 0 0 0 1.4 0l2.1-2.1a1 1 0 0 0 0-1.4L19 4&quot;[39m
      [36m/&gt;[39m
      [36m&lt;path[39m
        [33md[39m=[32m&quot;m21 2-9.6 9.6&quot;[39m
      [36m/&gt;[39m
      [36m&lt;circle[39m
        [33mcx[39m=[32m&quot;7.5&quot;[39m
        [33mcy[39m=[32m&quot;15.5&quot;[39m
        [33mr[39m=[32m&quot;5.5&quot;[39m
      [36m/&gt;[39m
    [36m&lt;/svg&gt;[39m
  [36m&lt;/span&gt;[39m
  [0mPassword[0m
[36m&lt;/button&gt;[39m

Ignored nodes: comments, script, style
[36m&lt;p[39m
  [33mclass[39m=[32m&quot;text-xs text-slate-500&quot;[39m
[36m&gt;[39m
  [0mEven if someone knows your password[0m
[36m&lt;/p&gt;[39m

(If this is intentional, then use the `*AllBy*` variant of the query (like `queryAllByText`, `getAllByText`, or `findAllByText`)).

Ignored nodes: comments, script, style
[36m&lt;body&gt;[39m
  [36m&lt;div&gt;[39m
    [36m&lt;div[39m
      [33mclass[39m=[32m&quot;h-full flex flex-col overflow-hidden&quot;[39m
    [36m&gt;[39m
      [36m&lt;div[39m
        [33mclass[39m=[32m&quot;shrink-0 bg-white/50 dark:bg-navy-900/50 border-b border-slate-200 dark:border-white/5&quot;[39m
      [36m&gt;[39m
        [36m&lt;div[39m
          [33mclass[39m=[32m&quot;px-6 pt-6 pb-4 flex items-center justify-between&quot;[39m
        [36m&gt;[39m
          [36m&lt;div&gt;[39m
            [36m&lt;h1[39m
              [33mclass[39m=[32m&quot;text-xl font-bold text-slate-900 dark:text-white&quot;[39m
            [36m&gt;[39m
              [0mProfile[0m
            [36m&lt;/h1&gt;[39m
            [36m&lt;p[39m
              [33mclass[39m=[32m&quot;text-sm text-slate-500 dark:text-slate-400 mt-1&quot;[39m
            [36m&gt;[39m
              [0mManage your personal information and account settings[0m
            [36m&lt;/p&gt;[39m
          [36m&lt;/div&gt;[39m
        [36m&lt;/div&gt;[39m
        [36m&lt;div[39m
          [33mclass[39m=[32m&quot;px-6 flex gap-1 overflow-x-auto scrollbar-thin scrollbar-thumb-slate-200 dark:scrollbar-thumb-white/10&quot;[39m
        [36m&gt;[39m
          [36m&lt;button[39m
            [33mclass[39m=[32m&quot;
                                flex items-center gap-2 px-4 py-3 text-sm font-medium whitespace-nowrap
                                border-b-2 transition-all duration-200
                                text-slate-900 dark:text-white border-red-500 bg-slate-100 dark:bg-white/5
                            &quot;[39m
          [36m&gt;[39m
            [36m&lt;span[39m
              [33mclass[39m=[32m&quot;text-red-500 dark:text-red-400&quot;[39m
            [36m&gt;[39m
              [36m&lt;svg[39m
                [33maria-hidden[39m=[32m&quot;true&quot;[39m
                [33mclass[39m=[32m&quot;lucide lucide-user&quot;[39m
                [33mfill[39m=[32m&quot;none&quot;[39m
                [33mheight[39m=[32m&quot;16&quot;[39m
                [33mstroke[39m=[32m&quot;currentColor&quot;[39m
                [33mstroke-linecap[39m=[32m&quot;round&quot;[39m
                [33mstroke-linejoin[39m=[32m&quot;round&quot;[39m
                [33mstroke-width[39m=[32m&quot;2&quot;[39m
                [33mviewBox[39m=[32m&quot;0 0 24 24&quot;[39m
                [33mwidth[39m=[32m&quot;16&quot;[39m
                [33mxmlns[39m=[32m&quot;http://www.w3.org/2000/svg&quot;[39m
              [36m&gt;[39m
                [36m&lt;path[39m
                  [33md[39m=[32m&quot;M19 21v-2a4 4 0 0 0-4-4H9a4 4 0 0 0-4 4v2&quot;[39m
                [36m/&gt;[39m
                [36m&lt;circle[39m
                  [33mcx[39m=[32m&quot;12&quot;[39m
                  [33mcy[39m=[32m&quot;7&quot;[39m
                  [33mr[39m=[32m&quot;4&quot;[39m
                [36m/&gt;[39m
              [36m&lt;/svg&gt;[39m
            [36m&lt;/span&gt;[39m
            [0mPersonal Info[0m
          [36m&lt;/button&gt;[39m
          [36m&lt;button[39m
            [33mclass[39m=[32m&quot;
                                flex items-center gap-2 px-4 py-3 text-sm font-medium whitespace-nowrap
                                border-b-2 transition-all duration-200
                                text-slate-500 dark:text-slate-400 border-transparent hover:text-slate-700 dark:hover:text-white hover:bg-slate-50 dark:hover:bg-white/5
                            &quot;[39m
          [36m&gt;[39m
            [36m&lt;span[39m
              [33mclass[39m=[32m&quot;&quot;[39m
            [36m&gt;[39m
              [36m&lt;svg[39m
                [33maria-hidden[39m=[32m&quot;true&quot;[39m
                [33mclass[39m=[32m&quot;lucide lucide-image&quot;[39m
                [33mfill[39m=[32m&quot;none&quot;[39m
                [33mheight[39m=[32m&quot;16&quot;[39m
                [33mstroke[39m=[32m&quot;currentColor&quot;[39m
                [33mstroke-linecap[39m=[32m&quot;round&quot;[39m
                [33mstroke-linejoin[39m=[32m&quot;round&quot;[39m
                [33mstroke-width[39m=[32m&quot;2&quot;[39m
                [33mviewBox[39m=[32m&quot;0 0 24 24&quot;[39m
                [33mwidth[39m=[32m&quot;16&quot;[39m
                [33mxmlns[39m=[32m&quot;http://www.w3.org/2000/svg&quot;[39m
              [36m&gt;[39m
                [36m&lt;rect[39m
                  [33mheight[39m=[32m&quot;18&quot;[39m
                  [33mrx[39m=[32m&quot;2&quot;[39m
                  [33mry[39m=[32m&quot;2&quot;[39m
                  [33mwidth[39m=[32m&quot;18&quot;[39m
                  [33mx[39m=[32m&quot;3&quot;[39m
                  [33my[39m=[32m&quot;3&quot;[39m
                [36m/&gt;[39m
                [36m&lt;circle[39m
                  [33mcx[39m=[32m&quot;9&quot;[39m
                  [33mcy[39m=[32m&quot;9&quot;[39m
                  [33mr[39m=[32m&quot;2&quot;[39m
                [36m/&gt;[39m
                [36m&lt;path[39m
                  [33md[39m=[32m&quot;m21 15-3.086-3.086a2 2 0 0 0-2.828 0L6 21&quot;[39m
                [36m/&gt;[39m
              [36m&lt;/svg&gt;[39m
            [36m&lt;/span&gt;[39m
            [0mAvatar[0m
          [36m&lt;/button&gt;[39m
          [36m&lt;button[39m
            [33mclass[39m=[32m&quot;
                                flex items-center gap-2 px-4 py-3 text-sm font-medium whitespace-nowrap
                                border-b-2 transition-all duration-200
                                text-slate-500 dark:text-slate-400 border-transparent hover:text-slate-700 dark:hover:text-white hover:bg-slate-50 dark:hover:bg-white/5
                            &quot;[39m
          [36m&gt;[39m
            [36m&lt;span[39m
              [33mclass[39m=[32m&quot;&quot;[39m
            [36m&gt;[39m
              [36m&lt;svg[39m
                [33maria-hidden[39m=[32m&quot;true&quot;[39m
                [33mclass[39m=[32m&quot;lucide lucide-link2 lucide-link-2&quot;[39m
                [33mfill[39m=[32m&quot;none&quot;[39m
                [33mheight[39m=[32m&quot;16&quot;[39m
                [33mstroke[39m=[32m&quot;currentColor&quot;[39m
                [33mstroke-linecap[39m=[32m&quot;round&quot;[39m
                [33mstroke-linejoin[39m=[32m&quot;round&quot;[39m
                [33mstroke-width[39m=[32m&quot;2&quot;[39m
                [33mviewBox[39m=[32m&quot;0 0 24 24&quot;[39m
                [33mwidth[39m=[32m&quot;16&quot;[39m
                [33mxmlns[39m=[32m&quot;http://www.w3.org/2000/svg&quot;[39m
              [36m&gt;[39m
                [36m&lt;path[39m
                  [33md[39m=[32m&quot;M9 17H7A5 5 0 0 1 7 7h2&quot;[39m
                [36m/&gt;[39m
                [36m&lt;path[39m
                  [33md[39m=[32m&quot;M15 7h2a5 5 0 1 1 0 10h-2&quot;[39m
                [36m/&gt;[39m
                [36m&lt;line[39m
                  [33mx1[39m=[32m&quot;8&quot;[39m
                  [33mx2[39m=[32m&quot;16&quot;[39m
                  [33my1[39m=[32m&quot;12&quot;[39m
                  [33my2[39m=[32m&quot;12&quot;[39m
                [36m/&gt;[39m
              [36m&lt;/svg&gt;[39m
            [36m&lt;/span&gt;[39m
            [0mConnected[0m
          [36m&lt;/button&gt;[39m
          [36m&lt;button[39m
            [33mclass[39m=[32m&quot;
                                flex items-center gap-2 px-4 py-3 text-sm font-medium whitespace-nowrap
                                border-b-2 transition-all duration-200
                                text-slate-500 dark:text-sl..." type="TestingLibraryElementError">
TestingLibraryElementError: Found multiple elements with the text: /password/i

Here are the matching elements:

Ignored nodes: comments, script, style
&lt;button
  class=&quot;
                                flex items-center gap-2 px-4 py-3 text-sm font-medium whitespace-nowrap
                                border-b-2 transition-all duration-200
                                text-slate-500 dark:text-slate-400 border-transparent hover:text-slate-700 dark:hover:text-white hover:bg-slate-50 dark:hover:bg-white/5
                            &quot;
&gt;
  &lt;span
    class=&quot;&quot;
  &gt;
    &lt;svg
      aria-hidden=&quot;true&quot;
      class=&quot;lucide lucide-key&quot;
      fill=&quot;none&quot;
      height=&quot;16&quot;
      stroke=&quot;currentColor&quot;
      stroke-linecap=&quot;round&quot;
      stroke-linejoin=&quot;round&quot;
      stroke-width=&quot;2&quot;
      viewBox=&quot;0 0 24 24&quot;
      width=&quot;16&quot;
      xmlns=&quot;http://www.w3.org/2000/svg&quot;
    &gt;
      &lt;path
        d=&quot;m15.5 7.5 2.3 2.3a1 1 0 0 0 1.4 0l2.1-2.1a1 1 0 0 0 0-1.4L19 4&quot;
      /&gt;
      &lt;path
        d=&quot;m21 2-9.6 9.6&quot;
      /&gt;
      &lt;circle
        cx=&quot;7.5&quot;
        cy=&quot;15.5&quot;
        r=&quot;5.5&quot;
      /&gt;
    &lt;/svg&gt;
  &lt;/span&gt;
  Password
&lt;/button&gt;

Ignored nodes: comments, script, style
&lt;p
  class=&quot;text-xs text-slate-500&quot;
&gt;
  Even if someone knows your password
&lt;/p&gt;

(If this is intentional, then use the `*AllBy*` variant of the query (like `queryAllByText`, `getAllByText`, or `findAllByText`)).

Ignored nodes: comments, script, style
&lt;body&gt;
  &lt;div&gt;
    &lt;div
      class=&quot;h-full flex flex-col overflow-hidden&quot;
    &gt;
      &lt;div
        class=&quot;shrink-0 bg-white/50 dark:bg-navy-900/50 border-b border-slate-200 dark:border-white/5&quot;
      &gt;
        &lt;div
          class=&quot;px-6 pt-6 pb-4 flex items-center justify-between&quot;
        &gt;
          &lt;div&gt;
            &lt;h1
              class=&quot;text-xl font-bold text-slate-900 dark:text-white&quot;
            &gt;
              Profile
            &lt;/h1&gt;
            &lt;p
              class=&quot;text-sm text-slate-500 dark:text-slate-400 mt-1&quot;
            &gt;
              Manage your personal information and account settings
            &lt;/p&gt;
          &lt;/div&gt;
        &lt;/div&gt;
        &lt;div
          class=&quot;px-6 flex gap-1 overflow-x-auto scrollbar-thin scrollbar-thumb-slate-200 dark:scrollbar-thumb-white/10&quot;
        &gt;
          &lt;button
            class=&quot;
                                flex items-center gap-2 px-4 py-3 text-sm font-medium whitespace-nowrap
                                border-b-2 transition-all duration-200
                                text-slate-900 dark:text-white border-red-500 bg-slate-100 dark:bg-white/5
                            &quot;
          &gt;
            &lt;span
              class=&quot;text-red-500 dark:text-red-400&quot;
            &gt;
              &lt;svg
                aria-hidden=&quot;true&quot;
                class=&quot;lucide lucide-user&quot;
                fill=&quot;none&quot;
                height=&quot;16&quot;
                stroke=&quot;currentColor&quot;
                stroke-linecap=&quot;round&quot;
                stroke-linejoin=&quot;round&quot;
                stroke-width=&quot;2&quot;
                viewBox=&quot;0 0 24 24&quot;
                width=&quot;16&quot;
                xmlns=&quot;http://www.w3.org/2000/svg&quot;
              &gt;
                &lt;path
                  d=&quot;M19 21v-2a4 4 0 0 0-4-4H9a4 4 0 0 0-4 4v2&quot;
                /&gt;
                &lt;circle
                  cx=&quot;12&quot;
                  cy=&quot;7&quot;
                  r=&quot;4&quot;
                /&gt;
              &lt;/svg&gt;
            &lt;/span&gt;
            Personal Info
          &lt;/button&gt;
          &lt;button
            class=&quot;
                                flex items-center gap-2 px-4 py-3 text-sm font-medium whitespace-nowrap
                                border-b-2 transition-all duration-200
                                text-slate-500 dark:text-slate-400 border-transparent hover:text-slate-700 dark:hover:text-white hover:bg-slate-50 dark:hover:bg-white/5
                            &quot;
          &gt;
            &lt;span
              class=&quot;&quot;
            &gt;
              &lt;svg
                aria-hidden=&quot;true&quot;
                class=&quot;lucide lucide-image&quot;
                fill=&quot;none&quot;
                height=&quot;16&quot;
                stroke=&quot;currentColor&quot;
                stroke-linecap=&quot;round&quot;
                stroke-linejoin=&quot;round&quot;
                stroke-width=&quot;2&quot;
                viewBox=&quot;0 0 24 24&quot;
                width=&quot;16&quot;
                xmlns=&quot;http://www.w3.org/2000/svg&quot;
              &gt;
                &lt;rect
                  height=&quot;18&quot;
                  rx=&quot;2&quot;
                  ry=&quot;2&quot;
                  width=&quot;18&quot;
                  x=&quot;3&quot;
                  y=&quot;3&quot;
                /&gt;
                &lt;circle
                  cx=&quot;9&quot;
                  cy=&quot;9&quot;
                  r=&quot;2&quot;
                /&gt;
                &lt;path
                  d=&quot;m21 15-3.086-3.086a2 2 0 0 0-2.828 0L6 21&quot;
                /&gt;
              &lt;/svg&gt;
            &lt;/span&gt;
            Avatar
          &lt;/button&gt;
          &lt;button
            class=&quot;
                                flex items-center gap-2 px-4 py-3 text-sm font-medium whitespace-nowrap
                                border-b-2 transition-all duration-200
                                text-slate-500 dark:text-slate-400 border-transparent hover:text-slate-700 dark:hover:text-white hover:bg-slate-50 dark:hover:bg-white/5
                            &quot;
          &gt;
            &lt;span
              class=&quot;&quot;
            &gt;
              &lt;svg
                aria-hidden=&quot;true&quot;
                class=&quot;lucide lucide-link2 lucide-link-2&quot;
                fill=&quot;none&quot;
                height=&quot;16&quot;
                stroke=&quot;currentColor&quot;
                stroke-linecap=&quot;round&quot;
                stroke-linejoin=&quot;round&quot;
                stroke-width=&quot;2&quot;
                viewBox=&quot;0 0 24 24&quot;
                width=&quot;16&quot;
                xmlns=&quot;http://www.w3.org/2000/svg&quot;
              &gt;
                &lt;path
                  d=&quot;M9 17H7A5 5 0 0 1 7 7h2&quot;
                /&gt;
                &lt;path
                  d=&quot;M15 7h2a5 5 0 1 1 0 10h-2&quot;
                /&gt;
                &lt;line
                  x1=&quot;8&quot;
                  x2=&quot;16&quot;
                  y1=&quot;12&quot;
                  y2=&quot;12&quot;
                /&gt;
              &lt;/svg&gt;
            &lt;/span&gt;
            Connected
          &lt;/button&gt;
          &lt;button
            class=&quot;
                                flex items-center gap-2 px-4 py-3 text-sm font-medium whitespace-nowrap
                                border-b-2 transition-all duration-200
                                text-slate-500 dark:text-sl...
 ❯ Object.getElementError node_modules/@testing-library/dom/dist/config.js:37:19
 ❯ getElementError node_modules/@testing-library/dom/dist/query-helpers.js:20:35
 ❯ getMultipleElementsFoundError node_modules/@testing-library/dom/dist/query-helpers.js:23:10
 ❯ node_modules/@testing-library/dom/dist/query-helpers.js:55:13
 ❯ node_modules/@testing-library/dom/dist/query-helpers.js:95:19
 ❯ tests/unit/settingsModules.test.tsx:457:40
            </failure>
        </testcase>
        <testcase classname="tests/unit/settingsModules.test.tsx" name="ProfileModule &gt; Tab Navigation &gt; switches to Account tab when clicked" time="0.017824708">
            <failure message="Found multiple elements with the text: /account/i

Here are the matching elements:

Ignored nodes: comments, script, style
[36m&lt;p[39m
  [33mclass[39m=[32m&quot;text-sm text-slate-500 dark:text-slate-400 mt-1&quot;[39m
[36m&gt;[39m
  [0mManage your personal information and account settings[0m
[36m&lt;/p&gt;[39m

Ignored nodes: comments, script, style
[36m&lt;button[39m
  [33mclass[39m=[32m&quot;
                                flex items-center gap-2 px-4 py-3 text-sm font-medium whitespace-nowrap
                                border-b-2 transition-all duration-200
                                text-slate-500 dark:text-slate-400 border-transparent hover:text-slate-700 dark:hover:text-white hover:bg-slate-50 dark:hover:bg-white/5
                            &quot;[39m
[36m&gt;[39m
  [36m&lt;span[39m
    [33mclass[39m=[32m&quot;&quot;[39m
  [36m&gt;[39m
    [36m&lt;svg[39m
      [33maria-hidden[39m=[32m&quot;true&quot;[39m
      [33mclass[39m=[32m&quot;lucide lucide-settings&quot;[39m
      [33mfill[39m=[32m&quot;none&quot;[39m
      [33mheight[39m=[32m&quot;16&quot;[39m
      [33mstroke[39m=[32m&quot;currentColor&quot;[39m
      [33mstroke-linecap[39m=[32m&quot;round&quot;[39m
      [33mstroke-linejoin[39m=[32m&quot;round&quot;[39m
      [33mstroke-width[39m=[32m&quot;2&quot;[39m
      [33mviewBox[39m=[32m&quot;0 0 24 24&quot;[39m
      [33mwidth[39m=[32m&quot;16&quot;[39m
      [33mxmlns[39m=[32m&quot;http://www.w3.org/2000/svg&quot;[39m
    [36m&gt;[39m
      [36m&lt;path[39m
        [33md[39m=[32m&quot;M9.671 4.136a2.34 2.34 0 0 1 4.659 0 2.34 2.34 0 0 0 3.319 1.915 2.34 2.34 0 0 1 2.33 4.033 2.34 2.34 0 0 0 0 3.831 2.34 2.34 0 0 1-2.33 4.033 2.34 2.34 0 0 0-3.319 1.915 2.34 2.34 0 0 1-4.659 0 2.34 2.34 0 0 0-3.32-1.915 2.34 2.34 0 0 1-2.33-4.033 2.34 2.34 0 0 0 0-3.831A2.34 2.34 0 0 1 6.35 6.051a2.34 2.34 0 0 0 3.319-1.915&quot;[39m
      [36m/&gt;[39m
      [36m&lt;circle[39m
        [33mcx[39m=[32m&quot;12&quot;[39m
        [33mcy[39m=[32m&quot;12&quot;[39m
        [33mr[39m=[32m&quot;3&quot;[39m
      [36m/&gt;[39m
    [36m&lt;/svg&gt;[39m
  [36m&lt;/span&gt;[39m
  [0mAccount[0m
[36m&lt;/button&gt;[39m

Ignored nodes: comments, script, style
[36m&lt;p[39m
  [33mclass[39m=[32m&quot;text-slate-500 dark:text-slate-400&quot;[39m
[36m&gt;[39m
  [0mAdd an extra layer of security to your account[0m
[36m&lt;/p&gt;[39m

Ignored nodes: comments, script, style
[36m&lt;p[39m
  [33mclass[39m=[32m&quot;text-xs text-slate-500&quot;[39m
[36m&gt;[39m
  [0mAccess your account if you lose your phone[0m
[36m&lt;/p&gt;[39m

(If this is intentional, then use the `*AllBy*` variant of the query (like `queryAllByText`, `getAllByText`, or `findAllByText`)).

Ignored nodes: comments, script, style
[36m&lt;body&gt;[39m
  [36m&lt;div&gt;[39m
    [36m&lt;div[39m
      [33mclass[39m=[32m&quot;h-full flex flex-col overflow-hidden&quot;[39m
    [36m&gt;[39m
      [36m&lt;div[39m
        [33mclass[39m=[32m&quot;shrink-0 bg-white/50 dark:bg-navy-900/50 border-b border-slate-200 dark:border-white/5&quot;[39m
      [36m&gt;[39m
        [36m&lt;div[39m
          [33mclass[39m=[32m&quot;px-6 pt-6 pb-4 flex items-center justify-between&quot;[39m
        [36m&gt;[39m
          [36m&lt;div&gt;[39m
            [36m&lt;h1[39m
              [33mclass[39m=[32m&quot;text-xl font-bold text-slate-900 dark:text-white&quot;[39m
            [36m&gt;[39m
              [0mProfile[0m
            [36m&lt;/h1&gt;[39m
            [36m&lt;p[39m
              [33mclass[39m=[32m&quot;text-sm text-slate-500 dark:text-slate-400 mt-1&quot;[39m
            [36m&gt;[39m
              [0mManage your personal information and account settings[0m
            [36m&lt;/p&gt;[39m
          [36m&lt;/div&gt;[39m
        [36m&lt;/div&gt;[39m
        [36m&lt;div[39m
          [33mclass[39m=[32m&quot;px-6 flex gap-1 overflow-x-auto scrollbar-thin scrollbar-thumb-slate-200 dark:scrollbar-thumb-white/10&quot;[39m
        [36m&gt;[39m
          [36m&lt;button[39m
            [33mclass[39m=[32m&quot;
                                flex items-center gap-2 px-4 py-3 text-sm font-medium whitespace-nowrap
                                border-b-2 transition-all duration-200
                                text-slate-900 dark:text-white border-red-500 bg-slate-100 dark:bg-white/5
                            &quot;[39m
          [36m&gt;[39m
            [36m&lt;span[39m
              [33mclass[39m=[32m&quot;text-red-500 dark:text-red-400&quot;[39m
            [36m&gt;[39m
              [36m&lt;svg[39m
                [33maria-hidden[39m=[32m&quot;true&quot;[39m
                [33mclass[39m=[32m&quot;lucide lucide-user&quot;[39m
                [33mfill[39m=[32m&quot;none&quot;[39m
                [33mheight[39m=[32m&quot;16&quot;[39m
                [33mstroke[39m=[32m&quot;currentColor&quot;[39m
                [33mstroke-linecap[39m=[32m&quot;round&quot;[39m
                [33mstroke-linejoin[39m=[32m&quot;round&quot;[39m
                [33mstroke-width[39m=[32m&quot;2&quot;[39m
                [33mviewBox[39m=[32m&quot;0 0 24 24&quot;[39m
                [33mwidth[39m=[32m&quot;16&quot;[39m
                [33mxmlns[39m=[32m&quot;http://www.w3.org/2000/svg&quot;[39m
              [36m&gt;[39m
                [36m&lt;path[39m
                  [33md[39m=[32m&quot;M19 21v-2a4 4 0 0 0-4-4H9a4 4 0 0 0-4 4v2&quot;[39m
                [36m/&gt;[39m
                [36m&lt;circle[39m
                  [33mcx[39m=[32m&quot;12&quot;[39m
                  [33mcy[39m=[32m&quot;7&quot;[39m
                  [33mr[39m=[32m&quot;4&quot;[39m
                [36m/&gt;[39m
              [36m&lt;/svg&gt;[39m
            [36m&lt;/span&gt;[39m
            [0mPersonal Info[0m
          [36m&lt;/button&gt;[39m
          [36m&lt;button[39m
            [33mclass[39m=[32m&quot;
                                flex items-center gap-2 px-4 py-3 text-sm font-medium whitespace-nowrap
                                border-b-2 transition-all duration-200
                                text-slate-500 dark:text-slate-400 border-transparent hover:text-slate-700 dark:hover:text-white hover:bg-slate-50 dark:hover:bg-white/5
                            &quot;[39m
          [36m&gt;[39m
            [36m&lt;span[39m
              [33mclass[39m=[32m&quot;&quot;[39m
            [36m&gt;[39m
              [36m&lt;svg[39m
                [33maria-hidden[39m=[32m&quot;true&quot;[39m
                [33mclass[39m=[32m&quot;lucide lucide-image&quot;[39m
                [33mfill[39m=[32m&quot;none&quot;[39m
                [33mheight[39m=[32m&quot;16&quot;[39m
                [33mstroke[39m=[32m&quot;currentColor&quot;[39m
                [33mstroke-linecap[39m=[32m&quot;round&quot;[39m
                [33mstroke-linejoin[39m=[32m&quot;round&quot;[39m
                [33mstroke-width[39m=[32m&quot;2&quot;[39m
                [33mviewBox[39m=[32m&quot;0 0 24 24&quot;[39m
                [33mwidth[39m=[32m&quot;16&quot;[39m
                [33mxmlns[39m=[32m&quot;http://www.w3.org/2000/svg&quot;[39m
              [36m&gt;[39m
                [36m&lt;rect[39m
                  [33mheight[39m=[32m&quot;18&quot;[39m
                  [33mrx[39m=[32m&quot;2&quot;[39m
                  [33mry[39m=[32m&quot;2&quot;[39m
                  [33mwidth[39m=[32m&quot;18&quot;[39m
                  [33mx[39m=[32m&quot;3&quot;[39m
                  [33my[39m=[32m&quot;3&quot;[39m
                [36m/&gt;[39m
                [36m&lt;circle[39m
                  [33mcx[39m=[32m&quot;9&quot;[39m
                  [33mcy[39m=[32m&quot;9&quot;[39m
                  [33mr[39m=[32m&quot;2&quot;[39m
                [36m/&gt;[39m
                [36m&lt;path[39m
                  [33md[39m=[32m&quot;m21 15-3.086-3.086a2 2 0 0 0-2.828 0L6 21&quot;[39m
                [36m/&gt;[39m
              [36m&lt;/svg&gt;[39m
            [36m&lt;/span&gt;[39m
            [0mAvatar[0m
          [36m&lt;/button&gt;[39m
          [36m&lt;button[39m
            [33mclass[39m=[32m&quot;
                                flex items-center gap-2 px-4 py-3 text-sm font-medium whitespace-nowrap
                                border-b-2 transition-all duration-200
                                text-slate-500 dark:text-slate-400 border-transparent hover:text-slate-700 dark:hover:text-white hover:bg-slate-50 dark:hover:bg-white/5
                            &quot;[39m
          [36m&gt;[39m
            [36m&lt;span[39m
              [33mclass[39m=[32m&quot;&quot;[39m
            [36m&gt;[39m
              [36m&lt;svg[39m
                [33maria-hidden[39m=[32m&quot;true&quot;[39m
                [33mclass[39m=[32m&quot;lucide lucide-link2 lucide-link-2&quot;[39m
                [33mfill[39m=[32m&quot;none&quot;[39m
                [33mheight[39m=[32m&quot;16&quot;[39m
                [33mstroke[39m=[32m&quot;currentColor&quot;[39m
                [33mstroke-linecap[39m=[32m&quot;round&quot;[39m
                [33mstroke-linejoin[39m=[32m&quot;round&quot;[39m
                [33mstroke-width[39m=[32m&quot;2&quot;[39m
                [33mviewBox[39m=[32m&quot;0 0 24 24&quot;[39m
                [33mwidth[39m=[32m&quot;16&quot;[39m
                [33mxmlns[39m=[32m&quot;http://www.w3.org/2000/svg&quot;[39m
              [36m&gt;[39m
                [36m&lt;path[39m
                  [33md[39m=[32m&quot;M9 17H7A5 5 0 0 1 7 7h2&quot;[39m
                [36m/&gt;[39m
                [36m&lt;path[39m
                  [33md[39m=[32m&quot;M15 7h2a5 5 0 1 1 0 10h-2&quot;[39m
                [36m/&gt;[39m
                [36m&lt;line[39m
                  [33mx1[39m=[32m&quot;8&quot;[39m
                  [33mx2[39m=[32m&quot;16&quot;[39m
                  [33my1[39m=[32m&quot;12&quot;[39m
                  [33my2[39m=[32m&quot;12&quot;[39m
                [36m/&gt;[39m
              [36m&lt;/svg&gt;[39m
            [36m&lt;/span&gt;[39m
            [0mConnected[0m
          [36m&lt;/button&gt;[39m
          [36m&lt;button[39m
            [33mclass[39m=[32m&quot;
                                flex items-center gap-2 px-4 py-3 text-sm font-medium whitespace-nowrap
                                border-b-2 transition-all duration-200
                                text-slate-500 dark:text-sl..." type="TestingLibraryElementError">
TestingLibraryElementError: Found multiple elements with the text: /account/i

Here are the matching elements:

Ignored nodes: comments, script, style
&lt;p
  class=&quot;text-sm text-slate-500 dark:text-slate-400 mt-1&quot;
&gt;
  Manage your personal information and account settings
&lt;/p&gt;

Ignored nodes: comments, script, style
&lt;button
  class=&quot;
                                flex items-center gap-2 px-4 py-3 text-sm font-medium whitespace-nowrap
                                border-b-2 transition-all duration-200
                                text-slate-500 dark:text-slate-400 border-transparent hover:text-slate-700 dark:hover:text-white hover:bg-slate-50 dark:hover:bg-white/5
                            &quot;
&gt;
  &lt;span
    class=&quot;&quot;
  &gt;
    &lt;svg
      aria-hidden=&quot;true&quot;
      class=&quot;lucide lucide-settings&quot;
      fill=&quot;none&quot;
      height=&quot;16&quot;
      stroke=&quot;currentColor&quot;
      stroke-linecap=&quot;round&quot;
      stroke-linejoin=&quot;round&quot;
      stroke-width=&quot;2&quot;
      viewBox=&quot;0 0 24 24&quot;
      width=&quot;16&quot;
      xmlns=&quot;http://www.w3.org/2000/svg&quot;
    &gt;
      &lt;path
        d=&quot;M9.671 4.136a2.34 2.34 0 0 1 4.659 0 2.34 2.34 0 0 0 3.319 1.915 2.34 2.34 0 0 1 2.33 4.033 2.34 2.34 0 0 0 0 3.831 2.34 2.34 0 0 1-2.33 4.033 2.34 2.34 0 0 0-3.319 1.915 2.34 2.34 0 0 1-4.659 0 2.34 2.34 0 0 0-3.32-1.915 2.34 2.34 0 0 1-2.33-4.033 2.34 2.34 0 0 0 0-3.831A2.34 2.34 0 0 1 6.35 6.051a2.34 2.34 0 0 0 3.319-1.915&quot;
      /&gt;
      &lt;circle
        cx=&quot;12&quot;
        cy=&quot;12&quot;
        r=&quot;3&quot;
      /&gt;
    &lt;/svg&gt;
  &lt;/span&gt;
  Account
&lt;/button&gt;

Ignored nodes: comments, script, style
&lt;p
  class=&quot;text-slate-500 dark:text-slate-400&quot;
&gt;
  Add an extra layer of security to your account
&lt;/p&gt;

Ignored nodes: comments, script, style
&lt;p
  class=&quot;text-xs text-slate-500&quot;
&gt;
  Access your account if you lose your phone
&lt;/p&gt;

(If this is intentional, then use the `*AllBy*` variant of the query (like `queryAllByText`, `getAllByText`, or `findAllByText`)).

Ignored nodes: comments, script, style
&lt;body&gt;
  &lt;div&gt;
    &lt;div
      class=&quot;h-full flex flex-col overflow-hidden&quot;
    &gt;
      &lt;div
        class=&quot;shrink-0 bg-white/50 dark:bg-navy-900/50 border-b border-slate-200 dark:border-white/5&quot;
      &gt;
        &lt;div
          class=&quot;px-6 pt-6 pb-4 flex items-center justify-between&quot;
        &gt;
          &lt;div&gt;
            &lt;h1
              class=&quot;text-xl font-bold text-slate-900 dark:text-white&quot;
            &gt;
              Profile
            &lt;/h1&gt;
            &lt;p
              class=&quot;text-sm text-slate-500 dark:text-slate-400 mt-1&quot;
            &gt;
              Manage your personal information and account settings
            &lt;/p&gt;
          &lt;/div&gt;
        &lt;/div&gt;
        &lt;div
          class=&quot;px-6 flex gap-1 overflow-x-auto scrollbar-thin scrollbar-thumb-slate-200 dark:scrollbar-thumb-white/10&quot;
        &gt;
          &lt;button
            class=&quot;
                                flex items-center gap-2 px-4 py-3 text-sm font-medium whitespace-nowrap
                                border-b-2 transition-all duration-200
                                text-slate-900 dark:text-white border-red-500 bg-slate-100 dark:bg-white/5
                            &quot;
          &gt;
            &lt;span
              class=&quot;text-red-500 dark:text-red-400&quot;
            &gt;
              &lt;svg
                aria-hidden=&quot;true&quot;
                class=&quot;lucide lucide-user&quot;
                fill=&quot;none&quot;
                height=&quot;16&quot;
                stroke=&quot;currentColor&quot;
                stroke-linecap=&quot;round&quot;
                stroke-linejoin=&quot;round&quot;
                stroke-width=&quot;2&quot;
                viewBox=&quot;0 0 24 24&quot;
                width=&quot;16&quot;
                xmlns=&quot;http://www.w3.org/2000/svg&quot;
              &gt;
                &lt;path
                  d=&quot;M19 21v-2a4 4 0 0 0-4-4H9a4 4 0 0 0-4 4v2&quot;
                /&gt;
                &lt;circle
                  cx=&quot;12&quot;
                  cy=&quot;7&quot;
                  r=&quot;4&quot;
                /&gt;
              &lt;/svg&gt;
            &lt;/span&gt;
            Personal Info
          &lt;/button&gt;
          &lt;button
            class=&quot;
                                flex items-center gap-2 px-4 py-3 text-sm font-medium whitespace-nowrap
                                border-b-2 transition-all duration-200
                                text-slate-500 dark:text-slate-400 border-transparent hover:text-slate-700 dark:hover:text-white hover:bg-slate-50 dark:hover:bg-white/5
                            &quot;
          &gt;
            &lt;span
              class=&quot;&quot;
            &gt;
              &lt;svg
                aria-hidden=&quot;true&quot;
                class=&quot;lucide lucide-image&quot;
                fill=&quot;none&quot;
                height=&quot;16&quot;
                stroke=&quot;currentColor&quot;
                stroke-linecap=&quot;round&quot;
                stroke-linejoin=&quot;round&quot;
                stroke-width=&quot;2&quot;
                viewBox=&quot;0 0 24 24&quot;
                width=&quot;16&quot;
                xmlns=&quot;http://www.w3.org/2000/svg&quot;
              &gt;
                &lt;rect
                  height=&quot;18&quot;
                  rx=&quot;2&quot;
                  ry=&quot;2&quot;
                  width=&quot;18&quot;
                  x=&quot;3&quot;
                  y=&quot;3&quot;
                /&gt;
                &lt;circle
                  cx=&quot;9&quot;
                  cy=&quot;9&quot;
                  r=&quot;2&quot;
                /&gt;
                &lt;path
                  d=&quot;m21 15-3.086-3.086a2 2 0 0 0-2.828 0L6 21&quot;
                /&gt;
              &lt;/svg&gt;
            &lt;/span&gt;
            Avatar
          &lt;/button&gt;
          &lt;button
            class=&quot;
                                flex items-center gap-2 px-4 py-3 text-sm font-medium whitespace-nowrap
                                border-b-2 transition-all duration-200
                                text-slate-500 dark:text-slate-400 border-transparent hover:text-slate-700 dark:hover:text-white hover:bg-slate-50 dark:hover:bg-white/5
                            &quot;
          &gt;
            &lt;span
              class=&quot;&quot;
            &gt;
              &lt;svg
                aria-hidden=&quot;true&quot;
                class=&quot;lucide lucide-link2 lucide-link-2&quot;
                fill=&quot;none&quot;
                height=&quot;16&quot;
                stroke=&quot;currentColor&quot;
                stroke-linecap=&quot;round&quot;
                stroke-linejoin=&quot;round&quot;
                stroke-width=&quot;2&quot;
                viewBox=&quot;0 0 24 24&quot;
                width=&quot;16&quot;
                xmlns=&quot;http://www.w3.org/2000/svg&quot;
              &gt;
                &lt;path
                  d=&quot;M9 17H7A5 5 0 0 1 7 7h2&quot;
                /&gt;
                &lt;path
                  d=&quot;M15 7h2a5 5 0 1 1 0 10h-2&quot;
                /&gt;
                &lt;line
                  x1=&quot;8&quot;
                  x2=&quot;16&quot;
                  y1=&quot;12&quot;
                  y2=&quot;12&quot;
                /&gt;
              &lt;/svg&gt;
            &lt;/span&gt;
            Connected
          &lt;/button&gt;
          &lt;button
            class=&quot;
                                flex items-center gap-2 px-4 py-3 text-sm font-medium whitespace-nowrap
                                border-b-2 transition-all duration-200
                                text-slate-500 dark:text-sl...
 ❯ Object.getElementError node_modules/@testing-library/dom/dist/config.js:37:19
 ❯ getElementError node_modules/@testing-library/dom/dist/query-helpers.js:20:35
 ❯ getMultipleElementsFoundError node_modules/@testing-library/dom/dist/query-helpers.js:23:10
 ❯ node_modules/@testing-library/dom/dist/query-helpers.js:55:13
 ❯ node_modules/@testing-library/dom/dist/query-helpers.js:95:19
 ❯ tests/unit/settingsModules.test.tsx:477:39
            </failure>
        </testcase>
        <testcase classname="tests/unit/settingsModules.test.tsx" name="ProfileModule &gt; Initial Tab &gt; respects initialTab prop" time="0.005100209">
        </testcase>
        <testcase classname="tests/unit/settingsModules.test.tsx" name="AIPreferencesModule &gt; Tab Rendering &gt; renders with Instructions tab by default" time="0.019845584">
            <system-err>
Failed to load AI settings TypeError: __vite_ssr_import_6__.Api.get is not a function
    at initData [90m(/Users/piotrwisniewski/Documents/Antygracity/DRD/consultify/[39mcomponents/settings/AISettings.tsx:96:43[90m)[39m
    at [90m/Users/piotrwisniewski/Documents/Antygracity/DRD/consultify/[39mcomponents/settings/AISettings.tsx:159:9
    at Object.react_stack_bottom_frame [90m(/Users/piotrwisniewski/Documents/Antygracity/DRD/consultify/[39mnode_modules/[4mreact-dom[24m/cjs/react-dom-client.development.js:25989:20[90m)[39m
    at runWithFiberInDEV [90m(/Users/piotrwisniewski/Documents/Antygracity/DRD/consultify/[39mnode_modules/[4mreact-dom[24m/cjs/react-dom-client.development.js:874:13[90m)[39m
    at commitHookEffectListMount [90m(/Users/piotrwisniewski/Documents/Antygracity/DRD/consultify/[39mnode_modules/[4mreact-dom[24m/cjs/react-dom-client.development.js:13249:29[90m)[39m
    at commitHookPassiveMountEffects [90m(/Users/piotrwisniewski/Documents/Antygracity/DRD/consultify/[39mnode_modules/[4mreact-dom[24m/cjs/react-dom-client.development.js:13336:11[90m)[39m
    at commitPassiveMountOnFiber [90m(/Users/piotrwisniewski/Documents/Antygracity/DRD/consultify/[39mnode_modules/[4mreact-dom[24m/cjs/react-dom-client.development.js:15484:13[90m)[39m
    at recursivelyTraversePassiveMountEffects [90m(/Users/piotrwisniewski/Documents/Antygracity/DRD/consultify/[39mnode_modules/[4mreact-dom[24m/cjs/react-dom-client.development.js:15439:11[90m)[39m
    at commitPassiveMountOnFiber [90m(/Users/piotrwisniewski/Documents/Antygracity/DRD/consultify/[39mnode_modules/[4mreact-dom[24m/cjs/react-dom-client.development.js:15718:11[90m)[39m
    at recursivelyTraversePassiveMountEffects [90m(/Users/piotrwisniewski/Documents/Antygracity/DRD/consultify/[39mnode_modules/[4mreact-dom[24m/cjs/react-dom-client.development.js:15439:11[90m)[39m

[RealtimeCosts] Failed to refresh: TypeError: Failed to parse URL from /api/ai-settings/user/costs?period=30d
[90m    at node:internal/deps/undici/undici:15845:13[39m
    at [90m/Users/piotrwisniewski/Documents/Antygracity/DRD/consultify/[39mhooks/useRealtimeCosts.ts:206:30 {
  [cause]: TypeError: Invalid URL
  [90m    at new URL (node:internal/url:828:25)[39m
      at new URL$1 [90m(file:///Users/piotrwisniewski/Documents/Antygracity/DRD/consultify/[39mnode_modules/[4mvitest[24m/dist/chunks/index.BspFP3mn.js:556:9[90m)[39m
  [90m    at new Request (node:internal/deps/undici/undici:10413:25)[39m
  [90m    at fetch (node:internal/deps/undici/undici:11325:25)[39m
  [90m    at fetch (node:internal/deps/undici/undici:15843:10)[39m
  [90m    at fetch (node:internal/bootstrap/web/exposed-window-or-worker:83:12)[39m
      at [90m/Users/piotrwisniewski/Documents/Antygracity/DRD/consultify/[39mhooks/useRealtimeCosts.ts:206:36
      at [90m/Users/piotrwisniewski/Documents/Antygracity/DRD/consultify/[39mhooks/useRealtimeCosts.ts:229:13
      at Object.react_stack_bottom_frame [90m(/Users/piotrwisniewski/Documents/Antygracity/DRD/consultify/[39mnode_modules/[4mreact-dom[24m/cjs/react-dom-client.development.js:25989:20[90m)[39m
      at runWithFiberInDEV [90m(/Users/piotrwisniewski/Documents/Antygracity/DRD/consultify/[39mnode_modules/[4mreact-dom[24m/cjs/react-dom-client.development.js:874:13[90m)[39m {
    code: [32m&apos;ERR_INVALID_URL&apos;[39m,
    input: [32m&apos;/api/ai-settings/user/costs?period=30d&apos;[39m
  }
}
[RealtimeCosts] Failed to refresh: TypeError: Failed to parse URL from /api/ai-settings/user/costs?period=30d
[90m    at node:internal/deps/undici/undici:15845:13[39m
    at [90m/Users/piotrwisniewski/Documents/Antygracity/DRD/consultify/[39mhooks/useRealtimeCosts.ts:206:30 {
  [cause]: TypeError: Invalid URL
  [90m    at new URL (node:internal/url:828:25)[39m
      at new URL$1 [90m(file:///Users/piotrwisniewski/Documents/Antygracity/DRD/consultify/[39mnode_modules/[4mvitest[24m/dist/chunks/index.BspFP3mn.js:556:9[90m)[39m
  [90m    at new Request (node:internal/deps/undici/undici:10413:25)[39m
  [90m    at fetch (node:internal/deps/undici/undici:11325:25)[39m
  [90m    at fetch (node:internal/deps/undici/undici:15843:10)[39m
  [90m    at fetch (node:internal/bootstrap/web/exposed-window-or-worker:83:12)[39m
      at [90m/Users/piotrwisniewski/Documents/Antygracity/DRD/consultify/[39mhooks/useRealtimeCosts.ts:206:36
      at [90m/Users/piotrwisniewski/Documents/Antygracity/DRD/consultify/[39mhooks/useRealtimeCosts.ts:229:13
      at Object.react_stack_bottom_frame [90m(/Users/piotrwisniewski/Documents/Antygracity/DRD/consultify/[39mnode_modules/[4mreact-dom[24m/cjs/react-dom-client.development.js:25989:20[90m)[39m
      at runWithFiberInDEV [90m(/Users/piotrwisniewski/Documents/Antygracity/DRD/consultify/[39mnode_modules/[4mreact-dom[24m/cjs/react-dom-client.development.js:874:13[90m)[39m {
    code: [32m&apos;ERR_INVALID_URL&apos;[39m,
    input: [32m&apos;/api/ai-settings/user/costs?period=30d&apos;[39m
  }
}

            </system-err>
        </testcase>
        <testcase classname="tests/unit/settingsModules.test.tsx" name="AIPreferencesModule &gt; Tab Rendering &gt; renders all 5 tabs" time="0.016758333">
            <system-err>
Failed to load AI settings TypeError: __vite_ssr_import_6__.Api.get is not a function
    at initData [90m(/Users/piotrwisniewski/Documents/Antygracity/DRD/consultify/[39mcomponents/settings/AISettings.tsx:96:43[90m)[39m
    at [90m/Users/piotrwisniewski/Documents/Antygracity/DRD/consultify/[39mcomponents/settings/AISettings.tsx:159:9
    at Object.react_stack_bottom_frame [90m(/Users/piotrwisniewski/Documents/Antygracity/DRD/consultify/[39mnode_modules/[4mreact-dom[24m/cjs/react-dom-client.development.js:25989:20[90m)[39m
    at runWithFiberInDEV [90m(/Users/piotrwisniewski/Documents/Antygracity/DRD/consultify/[39mnode_modules/[4mreact-dom[24m/cjs/react-dom-client.development.js:874:13[90m)[39m
    at commitHookEffectListMount [90m(/Users/piotrwisniewski/Documents/Antygracity/DRD/consultify/[39mnode_modules/[4mreact-dom[24m/cjs/react-dom-client.development.js:13249:29[90m)[39m
    at commitHookPassiveMountEffects [90m(/Users/piotrwisniewski/Documents/Antygracity/DRD/consultify/[39mnode_modules/[4mreact-dom[24m/cjs/react-dom-client.development.js:13336:11[90m)[39m
    at commitPassiveMountOnFiber [90m(/Users/piotrwisniewski/Documents/Antygracity/DRD/consultify/[39mnode_modules/[4mreact-dom[24m/cjs/react-dom-client.development.js:15484:13[90m)[39m
    at recursivelyTraversePassiveMountEffects [90m(/Users/piotrwisniewski/Documents/Antygracity/DRD/consultify/[39mnode_modules/[4mreact-dom[24m/cjs/react-dom-client.development.js:15439:11[90m)[39m
    at commitPassiveMountOnFiber [90m(/Users/piotrwisniewski/Documents/Antygracity/DRD/consultify/[39mnode_modules/[4mreact-dom[24m/cjs/react-dom-client.development.js:15718:11[90m)[39m
    at recursivelyTraversePassiveMountEffects [90m(/Users/piotrwisniewski/Documents/Antygracity/DRD/consultify/[39mnode_modules/[4mreact-dom[24m/cjs/react-dom-client.development.js:15439:11[90m)[39m

[RealtimeCosts] Failed to refresh: TypeError: Failed to parse URL from /api/ai-settings/user/costs?period=30d
[90m    at node:internal/deps/undici/undici:15845:13[39m
    at [90m/Users/piotrwisniewski/Documents/Antygracity/DRD/consultify/[39mhooks/useRealtimeCosts.ts:206:30 {
  [cause]: TypeError: Invalid URL
  [90m    at new URL (node:internal/url:828:25)[39m
      at new URL$1 [90m(file:///Users/piotrwisniewski/Documents/Antygracity/DRD/consultify/[39mnode_modules/[4mvitest[24m/dist/chunks/index.BspFP3mn.js:556:9[90m)[39m
  [90m    at new Request (node:internal/deps/undici/undici:10413:25)[39m
  [90m    at fetch (node:internal/deps/undici/undici:11325:25)[39m
  [90m    at fetch (node:internal/deps/undici/undici:15843:10)[39m
  [90m    at fetch (node:internal/bootstrap/web/exposed-window-or-worker:83:12)[39m
      at [90m/Users/piotrwisniewski/Documents/Antygracity/DRD/consultify/[39mhooks/useRealtimeCosts.ts:206:36
      at [90m/Users/piotrwisniewski/Documents/Antygracity/DRD/consultify/[39mhooks/useRealtimeCosts.ts:229:13
      at Object.react_stack_bottom_frame [90m(/Users/piotrwisniewski/Documents/Antygracity/DRD/consultify/[39mnode_modules/[4mreact-dom[24m/cjs/react-dom-client.development.js:25989:20[90m)[39m
      at runWithFiberInDEV [90m(/Users/piotrwisniewski/Documents/Antygracity/DRD/consultify/[39mnode_modules/[4mreact-dom[24m/cjs/react-dom-client.development.js:874:13[90m)[39m {
    code: [32m&apos;ERR_INVALID_URL&apos;[39m,
    input: [32m&apos;/api/ai-settings/user/costs?period=30d&apos;[39m
  }
}
[RealtimeCosts] Failed to refresh: TypeError: Failed to parse URL from /api/ai-settings/user/costs?period=30d
[90m    at node:internal/deps/undici/undici:15845:13[39m
    at [90m/Users/piotrwisniewski/Documents/Antygracity/DRD/consultify/[39mhooks/useRealtimeCosts.ts:206:30 {
  [cause]: TypeError: Invalid URL
  [90m    at new URL (node:internal/url:828:25)[39m
      at new URL$1 [90m(file:///Users/piotrwisniewski/Documents/Antygracity/DRD/consultify/[39mnode_modules/[4mvitest[24m/dist/chunks/index.BspFP3mn.js:556:9[90m)[39m
  [90m    at new Request (node:internal/deps/undici/undici:10413:25)[39m
  [90m    at fetch (node:internal/deps/undici/undici:11325:25)[39m
  [90m    at fetch (node:internal/deps/undici/undici:15843:10)[39m
  [90m    at fetch (node:internal/bootstrap/web/exposed-window-or-worker:83:12)[39m
      at [90m/Users/piotrwisniewski/Documents/Antygracity/DRD/consultify/[39mhooks/useRealtimeCosts.ts:206:36
      at [90m/Users/piotrwisniewski/Documents/Antygracity/DRD/consultify/[39mhooks/useRealtimeCosts.ts:229:13
      at Object.react_stack_bottom_frame [90m(/Users/piotrwisniewski/Documents/Antygracity/DRD/consultify/[39mnode_modules/[4mreact-dom[24m/cjs/react-dom-client.development.js:25989:20[90m)[39m
      at runWithFiberInDEV [90m(/Users/piotrwisniewski/Documents/Antygracity/DRD/consultify/[39mnode_modules/[4mreact-dom[24m/cjs/react-dom-client.development.js:874:13[90m)[39m {
    code: [32m&apos;ERR_INVALID_URL&apos;[39m,
    input: [32m&apos;/api/ai-settings/user/costs?period=30d&apos;[39m
  }
}

            </system-err>
        </testcase>
        <testcase classname="tests/unit/settingsModules.test.tsx" name="AIPreferencesModule &gt; Memory Tab &gt; switches to Memory tab when clicked" time="0.014544458">
            <system-err>
Failed to load AI settings TypeError: __vite_ssr_import_6__.Api.get is not a function
    at initData [90m(/Users/piotrwisniewski/Documents/Antygracity/DRD/consultify/[39mcomponents/settings/AISettings.tsx:96:43[90m)[39m
    at [90m/Users/piotrwisniewski/Documents/Antygracity/DRD/consultify/[39mcomponents/settings/AISettings.tsx:159:9
    at Object.react_stack_bottom_frame [90m(/Users/piotrwisniewski/Documents/Antygracity/DRD/consultify/[39mnode_modules/[4mreact-dom[24m/cjs/react-dom-client.development.js:25989:20[90m)[39m
    at runWithFiberInDEV [90m(/Users/piotrwisniewski/Documents/Antygracity/DRD/consultify/[39mnode_modules/[4mreact-dom[24m/cjs/react-dom-client.development.js:874:13[90m)[39m
    at commitHookEffectListMount [90m(/Users/piotrwisniewski/Documents/Antygracity/DRD/consultify/[39mnode_modules/[4mreact-dom[24m/cjs/react-dom-client.development.js:13249:29[90m)[39m
    at commitHookPassiveMountEffects [90m(/Users/piotrwisniewski/Documents/Antygracity/DRD/consultify/[39mnode_modules/[4mreact-dom[24m/cjs/react-dom-client.development.js:13336:11[90m)[39m
    at commitPassiveMountOnFiber [90m(/Users/piotrwisniewski/Documents/Antygracity/DRD/consultify/[39mnode_modules/[4mreact-dom[24m/cjs/react-dom-client.development.js:15484:13[90m)[39m
    at recursivelyTraversePassiveMountEffects [90m(/Users/piotrwisniewski/Documents/Antygracity/DRD/consultify/[39mnode_modules/[4mreact-dom[24m/cjs/react-dom-client.development.js:15439:11[90m)[39m
    at commitPassiveMountOnFiber [90m(/Users/piotrwisniewski/Documents/Antygracity/DRD/consultify/[39mnode_modules/[4mreact-dom[24m/cjs/react-dom-client.development.js:15718:11[90m)[39m
    at recursivelyTraversePassiveMountEffects [90m(/Users/piotrwisniewski/Documents/Antygracity/DRD/consultify/[39mnode_modules/[4mreact-dom[24m/cjs/react-dom-client.development.js:15439:11[90m)[39m

[RealtimeCosts] Failed to refresh: TypeError: Failed to parse URL from /api/ai-settings/user/costs?period=30d
[90m    at node:internal/deps/undici/undici:15845:13[39m
    at [90m/Users/piotrwisniewski/Documents/Antygracity/DRD/consultify/[39mhooks/useRealtimeCosts.ts:206:30 {
  [cause]: TypeError: Invalid URL
  [90m    at new URL (node:internal/url:828:25)[39m
      at new URL$1 [90m(file:///Users/piotrwisniewski/Documents/Antygracity/DRD/consultify/[39mnode_modules/[4mvitest[24m/dist/chunks/index.BspFP3mn.js:556:9[90m)[39m
  [90m    at new Request (node:internal/deps/undici/undici:10413:25)[39m
  [90m    at fetch (node:internal/deps/undici/undici:11325:25)[39m
  [90m    at fetch (node:internal/deps/undici/undici:15843:10)[39m
  [90m    at fetch (node:internal/bootstrap/web/exposed-window-or-worker:83:12)[39m
[...]
                  width=&quot;7&quot;
                  x=&quot;3&quot;
                  y=&quot;3&quot;
                /&gt;
                &lt;rect
                  height=&quot;5&quot;
                  rx=&quot;1&quot;
                  width=&quot;7&quot;
                  x=&quot;14&quot;
                  y=&quot;3&quot;
                /&gt;
                &lt;rect
                  height=&quot;9&quot;
                  rx=&quot;1&quot;
                  width=&quot;7&quot;
                  x=&quot;14&quot;
                  y=&quot;12&quot;
                /&gt;
                &lt;rect
                  height=&quot;5&quot;
                  rx=&quot;1&quot;
                  width=&quot;7&quot;
                  x=&quot;3&quot;
                  y=&quot;16&quot;
                /&gt;
              &lt;/svg&gt;
            &lt;/span&gt;
            Dashboard
          &lt;/button&gt;
        &lt;/div&gt;
      &lt;/div&gt;
      &lt;div
        class=&quot;flex-1 overflow-y-auto&quot;
      &gt;
        &lt;div
          class=&quot;p-6 overflow-y-auto h-full&quot;
        &gt;
          &lt;div
            class=&quot;space-y-6&quot;
          &gt;
            &lt;div&gt;
              &lt;h3
                class=&quot;text-lg font-semibold text-slate-900 dark:text-white mb-4&quot;
              &gt;
                Theme
              &lt;/h3&gt;
              &lt;p
                class=&quot;text-sm text-slate-500 dark:text-slate-400 mb-6&quot;
              &gt;
                Choose your preferred appearance
              &lt;/p&gt;
            &lt;/div&gt;
            &lt;div
              class=&quot;grid grid-cols-3 gap-4&quot;
            &gt;
              &lt;button
                class=&quot;p-6 rounded-xl border-2 transition-all border-slate-200 dark:border-white/10 hover:border-slate-300 dark:hover:border-white/20 bg-white dark:bg-white/5&quot;
              &gt;
                &lt;div
                  class=&quot;text-4xl mb-3&quot;
                &gt;
                  ☀️
                &lt;/div&gt;
                &lt;p
                  class=&quot;font-medium text-slate-900 dark:text-white&quot;
                &gt;
                  Light
                &lt;/p&gt;
              &lt;/button&gt;
              &lt;button
                class=&quot;p-6 rounded-xl border-2 transition-all border-purple-500 bg-purple-50 dark:bg-purple-500/20&quot;
              &gt;
                &lt;div
                  class=&quot;text-4xl mb-3&quot;
                &gt;
                  🌙
                &lt;/div&gt;
                &lt;p
                  class=&quot;font-medium text-purple-700 dark:text-purple-300&quot;
                &gt;
                  Dark
                &lt;/p&gt;
              &lt;/button&gt;
              &lt;button
                class=&quot;p-6 rounded-xl border-2 transition-all border-slate-200 dark:border-white/10 hover:border-slate-300 dark:hover:border-white/20 bg-white dark:bg-white/5&quot;
              &gt;
                &lt;div
                  class=&quot;text-4xl mb-3&quot;
                &gt;
                  💻
                &lt;/div&gt;
                &lt;p
                  class=&quot;font-medium text-slate-900 dark:text-white&quot;
                &gt;
                  System
                &lt;/p&gt;
              &lt;/button&gt;
            &lt;/div&gt;
            &lt;div
              class=&quot;p-4 bg-slate-50 dark:bg-white/5 rounded-lg&quot;
            &gt;
              &lt;p
                class=&quot;text-sm text-slate-500 dark:text-slate-400&quot;
              &gt;
                Current theme
                : 
                &lt;strong
                  class=&quot;text-slate-900 dark:text-white&quot;
                &gt;
                  dark
                &lt;/strong&gt;
              &lt;/p&gt;
            &lt;/div&gt;
          &lt;/div&gt;
        &lt;/div&gt;
      &lt;/div&gt;
    &lt;/div&gt;
  &lt;/div&gt;
&lt;/body&gt;
 ❯ Object.getElementError node_modules/@testing-library/dom/dist/config.js:37:19
 ❯ getElementError node_modules/@testing-library/dom/dist/query-helpers.js:20:35
 ❯ getMultipleElementsFoundError node_modules/@testing-library/dom/dist/query-helpers.js:23:10
 ❯ node_modules/@testing-library/dom/dist/query-helpers.js:55:13
 ❯ node_modules/@testing-library/dom/dist/query-helpers.js:95:19
 ❯ tests/unit/settingsModules.test.tsx:1365:40
            </failure>
        </testcase>
        <testcase classname="tests/unit/settingsModules.test.tsx" name="Settings Integration &gt; all modules can be navigated sequentially" time="0.004988834">
        </testcase>
        <testcase classname="tests/unit/settingsModules.test.tsx" name="Settings Integration &gt; each module maps to correct AppView" time="0.000109208">
        </testcase>
        <testcase classname="tests/unit/settingsModules.test.tsx" name="Settings Integration &gt; reverse mapping works correctly" time="0.000076833">
        </testcase>
    </testsuite>
    <testsuite name="tests/unit/ai/qualityChecker.test.js" timestamp="2026-01-01T23:23:40.184Z" hostname="MacBook-Pro-Piotr.local" tests="10" failures="2" errors="0" skipped="0" time="0.197616417">
        <testcase classname="tests/unit/ai/qualityChecker.test.js" name="QualityChecker &gt; check() &gt; should pass a high-quality response" time="0.001450208">
            <system-out>
[2026-01-01T23:23:33.819Z] [DEBUG] [AI:QualityChecker] Check PASSED: score=0.92

            </system-out>
        </testcase>
        <testcase classname="tests/unit/ai/qualityChecker.test.js" name="QualityChecker &gt; check() &gt; should flag a low-quality response" time="0.0018735">
            <system-out>
[2026-01-01T23:23:33.820Z] [DEBUG] [AI:QualityChecker] Check FAILED: score=0.8

            </system-out>
            <failure message="expected 0.8 to be less than 0.7" type="AssertionError">
AssertionError: expected 0.8 to be less than 0.7
 ❯ tests/unit/ai/qualityChecker.test.js:48:41
            </failure>
        </testcase>
        <testcase classname="tests/unit/ai/qualityChecker.test.js" name="QualityChecker &gt; check() &gt; should detect potential hallucinations" time="0.000259333">
            <system-out>
[2026-01-01T23:23:33.821Z] [DEBUG] [AI:QualityChecker] Check FAILED: score=0.78

            </system-out>
        </testcase>
        <testcase classname="tests/unit/ai/qualityChecker.test.js" name="QualityChecker &gt; check() &gt; should check relevance to query" time="0.000172333">
            <system-out>
[2026-01-01T23:23:33.821Z] [DEBUG] [AI:QualityChecker] Check PASSED: score=0.88

            </system-out>
        </testcase>
        <testcase classname="tests/unit/ai/qualityChecker.test.js" name="QualityChecker &gt; check() &gt; should handle empty responses" time="0.000284666">
            <system-out>
[2026-01-01T23:23:33.822Z] [DEBUG] [AI:QualityChecker] Check FAILED: score=0.77

            </system-out>
            <failure message="expected 0.77 to be less than 0.3" type="AssertionError">
AssertionError: expected 0.77 to be less than 0.3
 ❯ tests/unit/ai/qualityChecker.test.js:100:41
            </failure>
        </testcase>
        <testcase classname="tests/unit/ai/qualityChecker.test.js" name="QualityChecker &gt; check() &gt; should validate citation compliance when required" time="0.000132167">
            <system-out>
[2026-01-01T23:23:33.822Z] [DEBUG] [AI:QualityChecker] Check PASSED: score=0.89

            </system-out>
        </testcase>
        <testcase classname="tests/unit/ai/qualityChecker.test.js" name="QualityChecker &gt; calculateOverallScore() &gt; should calculate weighted average of scores" time="0.000091125">
        </testcase>
        <testcase classname="tests/unit/ai/qualityChecker.test.js" name="QualityChecker &gt; calculateOverallScore() &gt; should handle missing scores gracefully" time="0.000043667">
        </testcase>
        <testcase classname="tests/unit/ai/qualityChecker.test.js" name="QualityChecker &gt; getWarnings() &gt; should generate warnings for low scores" time="0.000122625">
        </testcase>
        <testcase classname="tests/unit/ai/qualityChecker.test.js" name="QualityChecker &gt; getWarnings() &gt; should return empty array for high scores" time="0.000072083">
        </testcase>
    </testsuite>
    <testsuite name="tests/unit/backend/aiAnalyticsService.test.js" timestamp="2026-01-01T23:23:40.185Z" hostname="MacBook-Pro-Piotr.local" tests="7" failures="0" errors="0" skipped="0" time="0.191086083">
        <testcase classname="tests/unit/backend/aiAnalyticsService.test.js" name="AI Analytics Service &gt; getActionStats &gt; should aggregate action counts correctly" time="0.001932291">
        </testcase>
        <testcase classname="tests/unit/backend/aiAnalyticsService.test.js" name="AI Analytics Service &gt; getApprovalStats &gt; should distinguish between auto and manual approvals" time="0.000330709">
        </testcase>
        <testcase classname="tests/unit/backend/aiAnalyticsService.test.js" name="AI Analytics Service &gt; getPlaybookStats &gt; should calculate completion rates and average duration" time="0.000306125">
        </testcase>
        <testcase classname="tests/unit/backend/aiAnalyticsService.test.js" name="AI Analytics Service &gt; getDeadLetterStats &gt; should aggregate dead letter jobs by error code" time="0.000248875">
        </testcase>
        <testcase classname="tests/unit/backend/aiAnalyticsService.test.js" name="AI Analytics Service &gt; getROISummary &gt; should combine metrics from multiple sources" time="0.000275209">
        </testcase>
        <testcase classname="tests/unit/backend/aiAnalyticsService.test.js" name="AI Analytics Service &gt; exportData &gt; should export CSV format correctly" time="0.000693458">
        </testcase>
        <testcase classname="tests/unit/backend/aiAnalyticsService.test.js" name="AI Analytics Service &gt; exportData &gt; should export JSON format correctly" time="0.000208">
        </testcase>
    </testsuite>
    <testsuite name="tests/unit/backend/aiSimulationEngine.test.js" timestamp="2026-01-01T23:23:40.186Z" hostname="MacBook-Pro-Piotr.local" tests="20" failures="16" errors="0" skipped="0" time="0.20017225">
        <testcase classname="tests/unit/backend/aiSimulationEngine.test.js" name="AISimulationEngine &gt; runScenarioSimulation &gt; should run basic project scenario simulation" time="0.004903958">
            <failure message="expected { riskAssessment: { …(1) }, …(2) } to deeply equal { baselineOutcome: { …(3) }, …(3) }" type="AssertionError">
AssertionError: expected { riskAssessment: { …(1) }, …(2) } to deeply equal { baselineOutcome: { …(3) }, …(3) }

- Expected
+ Received

  {
-   &quot;baselineOutcome&quot;: {
-     &quot;cost&quot;: 100000,
-     &quot;duration&quot;: 12,
-     &quot;success&quot;: 0.7,
+   &quot;mitigationEffectiveness&quot;: {
+     &quot;score&quot;: 0.8,
    },
-   &quot;confidence&quot;: 0.82,
-   &quot;recommendations&quot;: [
-     &quot;Increase team size&quot;,
-     &quot;Reduce scope&quot;,
+   &quot;recommendedActions&quot;: [
+     &quot;Continue monitoring&quot;,
    ],
-   &quot;simulatedOutcome&quot;: {
-     &quot;cost&quot;: 110000,
-     &quot;duration&quot;: 9.6,
-     &quot;success&quot;: 0.85,
+   &quot;riskAssessment&quot;: {
+     &quot;overallRisk&quot;: &quot;LOW&quot;,
    },
  }

 ❯ tests/unit/backend/aiSimulationEngine.test.js:66:28
            </failure>
        </testcase>
        <testcase classname="tests/unit/backend/aiSimulationEngine.test.js" name="AISimulationEngine &gt; runScenarioSimulation &gt; should handle risk scenario simulations" time="0.000299625">
        </testcase>
        <testcase classname="tests/unit/backend/aiSimulationEngine.test.js" name="AISimulationEngine &gt; runScenarioSimulation &gt; should validate scenario parameters" time="0.001413708">
            <failure message="expected [Function] to throw error including &apos;Invalid scenario&apos; but got &apos;Empty baseline&apos;" type="AssertionError">
AssertionError: expected [Function] to throw error including &apos;Invalid scenario&apos; but got &apos;Empty baseline&apos;

Expected: &quot;Invalid scenario&quot;
Received: &quot;Empty baseline&quot;
            </failure>
        </testcase>
        <testcase classname="tests/unit/backend/aiSimulationEngine.test.js" name="AISimulationEngine &gt; generateWhatIfScenarios &gt; should generate multiple what-if scenarios" time="0.000311875">
            <failure message="expected 2 to be 15 // Object.is equality" type="AssertionError">
AssertionError: expected 2 to be 15 // Object.is equality

- Expected
+ Received

- 15
+ 2

 ❯ tests/unit/backend/aiSimulationEngine.test.js:124:38
            </failure>
        </testcase>
        <testcase classname="tests/unit/backend/aiSimulationEngine.test.js" name="AISimulationEngine &gt; generateWhatIfScenarios &gt; should handle complex multi-variable scenarios" time="0.000212834">
            <failure message="engine.generateVariableCombinations is not a function" type="TypeError">
TypeError: engine.generateVariableCombinations is not a function
 ❯ tests/unit/backend/aiSimulationEngine.test.js:140:38
            </failure>
        </testcase>
        <testcase classname="tests/unit/backend/aiSimulationEngine.test.js" name="AISimulationEngine &gt; calculateProbabilities &gt; should calculate outcome probabilities" time="0.0001515">
            <failure message="engine.calculateOutcomeProbabilities is not a function" type="TypeError">
TypeError: engine.calculateOutcomeProbabilities is not a function
 ❯ tests/unit/backend/aiSimulationEngine.test.js:154:42
            </failure>
        </testcase>
        <testcase classname="tests/unit/backend/aiSimulationEngine.test.js" name="AISimulationEngine &gt; calculateProbabilities &gt; should handle risk probability calculations" time="0.000282875">
            <failure message="engine.calculateRiskProbabilities is not a function" type="TypeError">
TypeError: engine.calculateRiskProbabilities is not a function
 ❯ tests/unit/backend/aiSimulationEngine.test.js:168:40
            </failure>
        </testcase>
        <testcase classname="tests/unit/backend/aiSimulationEngine.test.js" name="AISimulationEngine &gt; monteCarloSimulation &gt; should run Monte Carlo simulations" time="0.000225417">
            <failure message="engine.runMonteCarloSimulation is not a function" type="TypeError">
TypeError: engine.runMonteCarloSimulation is not a function
 ❯ tests/unit/backend/aiSimulationEngine.test.js:191:42
            </failure>
        </testcase>
        <testcase classname="tests/unit/backend/aiSimulationEngine.test.js" name="AISimulationEngine &gt; monteCarloSimulation &gt; should handle different probability distributions" time="0.000174">
            <failure message="engine.generateDistributionSamples is not a function" type="TypeError">
TypeError: engine.generateDistributionSamples is not a function
 ❯ tests/unit/backend/aiSimulationEngine.test.js:206:40
 ❯ tests/unit/backend/aiSimulationEngine.test.js:205:27
            </failure>
        </testcase>
        <testcase classname="tests/unit/backend/aiSimulationEngine.test.js" name="AISimulationEngine &gt; sensitivityAnalysis &gt; should perform sensitivity analysis" time="0.000226583">
            <failure message="engine.performSensitivityAnalysis is not a function" type="TypeError">
TypeError: engine.performSensitivityAnalysis is not a function
 ❯ tests/unit/backend/aiSimulationEngine.test.js:244:37
            </failure>
        </testcase>
        <testcase classname="tests/unit/backend/aiSimulationEngine.test.js" name="AISimulationEngine &gt; sensitivityAnalysis &gt; should identify most influential variables" time="0.00018425">
            <failure message="engine.identifyKeyDrivers is not a function" type="TypeError">
TypeError: engine.identifyKeyDrivers is not a function
 ❯ tests/unit/backend/aiSimulationEngine.test.js:266:39
            </failure>
        </testcase>
        <testcase classname="tests/unit/backend/aiSimulationEngine.test.js" name="AISimulationEngine &gt; scenarioComparison &gt; should compare multiple scenarios" time="0.000138291">
            <failure message="engine.compareScenarios is not a function" type="TypeError">
TypeError: engine.compareScenarios is not a function
 ❯ tests/unit/backend/aiSimulationEngine.test.js:295:39
            </failure>
        </testcase>
        <testcase classname="tests/unit/backend/aiSimulationEngine.test.js" name="AISimulationEngine &gt; scenarioComparison &gt; should analyze scenario trade-offs" time="0.000388458">
            <failure message="expected { Object (tradeoffs, paretoFront) } to have property &quot;efficientFrontier&quot;" type="AssertionError">
AssertionError: expected { Object (tradeoffs, paretoFront) } to have property &quot;efficientFrontier&quot;
 ❯ tests/unit/backend/aiSimulationEngine.test.js:316:31
            </failure>
        </testcase>
        <testcase classname="tests/unit/backend/aiSimulationEngine.test.js" name="AISimulationEngine &gt; storeSimulationResults &gt; should store simulation results" time="0.000216458">
            <failure message="expected &quot;vi.fn()&quot; to be called at least once" type="AssertionError">
AssertionError: expected &quot;vi.fn()&quot; to be called at least once
 ❯ tests/unit/backend/aiSimulationEngine.test.js:336:32
            </failure>
        </testcase>
        <testcase classname="tests/unit/backend/aiSimulationEngine.test.js" name="AISimulationEngine &gt; storeSimulationResults &gt; should retrieve stored simulations" time="0.000314333">
            <failure message="expected [] to have a length of 1 but got +0" type="AssertionError">
AssertionError: expected [] to have a length of 1 but got +0

- Expected
+ Received

- 1
+ 0

 ❯ tests/unit/backend/aiSimulationEngine.test.js:350:29
            </failure>
        </testcase>
        <testcase classname="tests/unit/backend/aiSimulationEngine.test.js" name="AISimulationEngine &gt; Error Handling &gt; should handle simulation service failures" time="0.0005005">
            <failure message="promise resolved &quot;{ riskAssessment: { …(1) }, …(2) }&quot; instead of rejecting" type="AssertionError">
AssertionError: promise resolved &quot;{ riskAssessment: { …(1) }, …(2) }&quot; instead of rejecting

- Expected
+ Received

- Error {
-   &quot;message&quot;: &quot;rejected promise&quot;,
+ {
+   &quot;mitigationEffectiveness&quot;: {
+     &quot;score&quot;: 0.8,
+   },
+   &quot;recommendedActions&quot;: [
+     &quot;Continue monitoring&quot;,
+   ],
+   &quot;riskAssessment&quot;: {
+     &quot;overallRisk&quot;: &quot;LOW&quot;,
+   },
  }

 ❯ tests/unit/backend/aiSimulationEngine.test.js:363:65
            </failure>
        </testcase>
        <testcase classname="tests/unit/backend/aiSimulationEngine.test.js" name="AISimulationEngine &gt; Error Handling &gt; should validate simulation parameters" time="0.000177083">
        </testcase>
        <testcase classname="tests/unit/backend/aiSimulationEngine.test.js" name="AISimulationEngine &gt; Error Handling &gt; should handle database errors" time="0.000102166">
        </testcase>
        <testcase classname="tests/unit/backend/aiSimulationEngine.test.js" name="AISimulationEngine &gt; Performance &gt; should optimize simulation performance" time="0.000101917">
        </testcase>
        <testcase classname="tests/unit/backend/aiSimulationEngine.test.js" name="AISimulationEngine &gt; Performance &gt; should cache simulation results" time="0.000103458">
            <failure message="expected &quot;vi.fn()&quot; to be called 1 times, but got 0 times" type="AssertionError">
AssertionError: expected &quot;vi.fn()&quot; to be called 1 times, but got 0 times
 ❯ tests/unit/backend/aiSimulationEngine.test.js:430:57
            </failure>
        </testcase>
    </testsuite>
</testsuites>
