<?xml version="1.0" encoding="UTF-8" ?>
<testsuites name="vitest tests" tests="5" failures="0" errors="0" time="0.179894167">
    <testsuite name="tests/integration/routes/pmoContext.test.js" timestamp="2025-12-20T18:10:08.448Z" hostname="MacBook-Pro-Piotr.local" tests="5" failures="0" errors="0" skipped="0" time="0.179894167">
        <testcase classname="tests/integration/routes/pmoContext.test.js" name="PMO Context API &gt; GET /api/pmo-context/:projectId &gt; should return PMO context with phase information" time="0.004627875">
            <system-err>
[ActivityService] Failed to log activity: SQLITE_CONSTRAINT: FOREIGN KEY constraint failed

            </system-err>
        </testcase>
        <testcase classname="tests/integration/routes/pmoContext.test.js" name="PMO Context API &gt; GET /api/pmo-context/:projectId &gt; should return 404 for non-existent project" time="0.001464917">
        </testcase>
        <testcase classname="tests/integration/routes/pmoContext.test.js" name="PMO Context API &gt; GET /api/pmo-context/:projectId &gt; should include allowed actions for current phase" time="0.0016955">
        </testcase>
        <testcase classname="tests/integration/routes/pmoContext.test.js" name="PMO Context API &gt; GET /api/pmo-context/:projectId &gt; should include system messages based on phase" time="0.001567792">
        </testcase>
        <testcase classname="tests/integration/routes/pmoContext.test.js" name="PMO Context API &gt; GET /api/pmo-context/:projectId/task-labels &gt; should return task labels with PMO relevance" time="0.001127625">
        </testcase>
    </testsuite>
</testsuites>
