{"numTotalTestSuites":631,"numPassedTestSuites":629,"numFailedTestSuites":2,"numPendingTestSuites":0,"numTotalTests":913,"numPasse    <testsuite name="tests/components/AIAnalyticsDashboard.test.tsx" timestamp="2026-01-20T17:36:39.330Z" hostname="MacBook-Pro-Piotr.local" tests="2" failures="0" errors="0" skipped="0" time="0.034788">
        <testcase classname="tests/components/AIAnalyticsDashboard.test.tsx" name="AIAnalyticsDashboard Component &gt; shows usage metrics" time="0.010007834">
        </testcase>
        <testcase classname="tests/components/AIAnalyticsDashboard.test.tsx" name="AIAnalyticsDashboard Component &gt; displays charts" time="0.016409708">
        </testcase>
    </testsuite>
    <testsuite name="tests/components/AIFeedbackButton.test.tsx" timestamp="2026-01-20T17:36:39.384Z" hostname="MacBook-Pro-Piotr.local" tests="2" failures="0" errors="0" skipped="0" time="0.164887041">
        <testcase classname="tests/components/AIFeedbackButton.test.tsx" name="AIFeedbackButton Component &gt; renders component" time="0.129105833">
        </testcase>
        <testcase classname="tests/components/AIFeedbackButton.test.tsx" name="AIFeedbackButton Component &gt; renders without crashing" time="0.008178458">
        </testcase>
    </testsuite>
    <testsuite name="tests/components/AIFreezeBanner.test.tsx" timestamp="2026-01-20T17:36:39.406Z" hostname="MacBook-Pro-Piotr.local" tests="2" failures="0" errors="0" skipped="0" time="0.298277166">
        <testcase classname="tests/components/AIFreezeBanner.test.tsx" name="AIFreezeBanner Component &gt; renders component" time="0.287059542">
        </testcase>
        <testcase classname="tests/components/AIFreezeBanner.test.tsx" name="AIFreezeBanner Component &gt; renders without crashing" time="0.007225959">
        </testcase>
    </testsuite>
    <testsuite name="tests/components/AIInsightFeed.test.tsx" timestamp="2026-01-20T17:36:39.427Z" hostname="MacBook-Pro-Piotr.local" tests="2" failures="0" errors="0" skipped="0" time="0.027518958">
        <testcase classname="tests/components/AIInsightFeed.test.tsx" name="AIInsightFeed Component &gt; shows insights" time="0.024465542">
        </testcase>
        <testcase classname="tests/components/AIInsightFeed.test.tsx" name="AIInsightFeed Component &gt; filters by type" time="0.000597333">
        </testcase>
    </testsuite>
    <testsuite name="tests/components/AIInterviewModal.test.tsx" timestamp="2026-01-20T17:36:39.443Z" hostname="MacBook-Pro-Piotr.local" tests="2" failures="0" errors="0" skipped="0" time="0.2154765">
        <testcase classname="tests/components/AIInterviewModal.test.tsx" name="AIInterviewModal Component &gt; renders when open" time="0.0723085">
        </testcase>
        <testcase classname="tests/components/AIInterviewModal.test.tsx" name="AIInterviewModal Component &gt; does not render when closed" time="0.002079458">
        </testcase>
    </testsuite>
    <testsuite name="tests/components/ActionDecisionDialog.test.tsx" timestamp="2026-01-20T17:36:39.457Z" hostname="MacBook-Pro-Piotr.local" tests="2" failures="0" errors="0" skipped="0" time="0.041658917">
        <testcase classname="tests/components/ActionDecisionDialog.test.tsx" name="ActionDecisionDialog Component &gt; renders when open" time="0.034079833">
        </testcase>
        <testcase classname="tests/components/ActionDecisionDialog.test.tsx" name="ActionDecisionDialog Component &gt; does not render when closed" time="0.005484333">
        </testcase>
    </testsuite>
    <testsuite name="tests/components/ActionProposalList.test.tsx" timestamp="2026-01-20T17:36:39.474Z" hostname="MacBook-Pro-Piotr.local" tests="2" failures="0" errors="0" skipped="0" time="0.007770125">
        <testcase classname="tests/components/ActionProposalList.test.tsx" name="ActionProposalList Component &gt; lists proposals" time="0.002538166">
        </testcase>
        <testcase classname="tests/components/ActionProposalList.test.tsx" name="ActionProposalList Component &gt; handles approve" time="0.002674792">
        </testcase>
    </testsuite>
    <testsuite name="tests/components/AdminSidebar.test.tsx" timestamp="2026-01-20T17:36:39.476Z" hostname="MacBook-Pro-Piotr.local" tests="4" failures="0" errors="0" skipped="0" time="5.549285916">
        <testcase classname="tests/components/AdminSidebar.test.tsx" name="AdminSidebar Component &gt; renders component" time="2.159284125">
        </testcase>
        <testcase classname="tests/components/AdminSidebar.test.tsx" name="AdminSidebar Component &gt; renders without crashing" time="0.713065625">
        </testcase>
        <testcase classname="tests/components/AdminSidebar.test.tsx" name="AdminSidebar Component &gt; displays navigation elements" time="2.513846291">
        </testcase>
        <testcase classname="tests/components/AdminSidebar.test.tsx" name="AdminSidebar Component &gt; has menu items" time="0.161237208">
        </testcase>
    </testsuite>
    <testsuite name="tests/components/AdvancedAnalytics.test.tsx" timestamp="2026-01-20T17:36:39.491Z" hostname="MacBook-Pro-Piotr.local" tests="2" failures="0" errors="0" skipped="0" time="1.293899625">
        <testcase classname="tests/components/AdvancedAnalytics.test.tsx" name="AdvancedAnalytics Component &gt; renders component" time="1.205527375">
        </testcase>
        <testcase classname="tests/components/AdvancedAnalytics.test.tsx" name="AdvancedAnalytics Component &gt; renders without crashing" time="0.085727917">
        </testcase>
    </testsuite>
    <testsuite name="tests/components/AiInsightModal.test.tsx" timestamp="2026-01-20T17:36:39.501Z" hostname="MacBook-Pro-Piotr.local" tests="2" failures="0" errors="0" skipped="0" time="0.125711542">
        <testcase classname="tests/components/AiInsightModal.test.tsx" name="AiInsightModal Component &gt; shows insight" time="0.120037166">
        </testcase>
        <testcase classname="tests/components/AiInsightModal.test.tsx" name="AiInsightModal Component &gt; handles close" time="0.0006045">
        </testcase>
    </testsuite>
    <testsuite name="tests/components/AssessmentAxisWorkspace.test.tsx" timestamp="2026-01-20T17:36:39.508Z" hostname="MacBook-Pro-Piotr.local" tests="2" failures="0" errors="0" skipped="0" time="1.446975875">
        <testcase classname="tests/components/AssessmentAxisWorkspace.test.tsx" name="AssessmentAxisWorkspace &gt; Basic Rendering &gt; renders workspace" time="1.428529084">
        </testcase>
        <testcase classname="tests/components/AssessmentAxisWorkspace.test.tsx" name="AssessmentAxisWorkspace &gt; Basic Rendering &gt; renders without crashing" time="0.016320542">
        </testcase>
    </testsuite>
    <testsuite name="tests/components/AssessmentHubDashboard.test.tsx" timestamp="2026-01-20T17:36:39.518Z" hostname="MacBook-Pro-Piotr.local" tests="2" failures="0" errors="0" skipped="0" time="1.083455917">
        <testcase classname="tests/components/AssessmentHubDashboard.test.tsx" name="AssessmentHubDashboard Component &gt; renders component" time="0.979269125">
        </testcase>
        <testcase classname="tests/components/AssessmentHubDashboard.test.tsx" name="AssessmentHubDashboard Component &gt; renders without crashing" time="0.069045584">
        </testcase>
    </testsuite>
    <testsuite name="tests/components/AssessmentMatrixCard.test.tsx" timestamp="2026-01-20T17:36:39.534Z" hostname="MacBook-Pro-Piotr.local" tests="2" failures="0" errors="0" skipped="0" time="0.326536709">
        <testcase classname="tests/components/AssessmentMatrixCard.test.tsx" name="AssessmentMatrixCard Component &gt; renders component" time="0.316734833">
        </testcase>
        <testcase classname="tests/components/AssessmentMatrixCard.test.tsx" name="AssessmentMatrixCard Component &gt; renders without crashing" time="0.001801958">
        </testcase>
    </testsuite>
    <testsuite name="tests/components/AssessmentModuleHub.test.tsx" timestamp="2026-01-20T17:36:39.552Z" hostname="MacBook-Pro-Piotr.local" tests="2" failures="0" errors="0" skipped="0" time="0.016391083">
        <testcase classname="tests/components/AssessmentModuleHub.test.tsx" name="AssessmentModuleHub Component &gt; lists modules" time="0.005047166">
        </testcase>
        <testcase classname="tests/components/AssessmentModuleHub.test.tsx" name="AssessmentModuleHub Component &gt; handles module selection" time="0.004600084">
        </testcase>
    </testsuite>
    <testsuite name="tests/components/AssessmentTable.test.tsx" timestamp="2026-01-20T17:36:39.583Z" hostname="MacBook-Pro-Piotr.local" tests="2" failures="0" errors="0" skipped="0" time="0.22080925">
        <testcase classname="tests/components/AssessmentTable.test.tsx" name="AssessmentTable Component &gt; renders component" time="0.213296625">
        </testcase>
        <testcase classname="tests/components/AssessmentTable.test.tsx" name="AssessmentTable Component &gt; renders without crashing" time="0.003715583">
        </testcase>
    </testsuite>
    <testsuite name="tests/components/AssessmentWizard.test.tsx" timestamp="2026-01-20T17:36:39.593Z" hostname="MacBook-Pro-Piotr.local" tests="4" failures="0" errors="0" skipped="0" time="0.21590275">
        <testcase classname="tests/components/AssessmentWizard.test.tsx" name="AssessmentWizard Component &gt; renders component" time="0.119821916">
        </testcase>
        <testcase classname="tests/components/AssessmentWizard.test.tsx" name="AssessmentWizard Component &gt; renders without crashing" time="0.001758167">
        </testcase>
        <testcase classname="tests/components/AssessmentWizard.test.tsx" name="AssessmentWizard Component &gt; displays wizard content" time="0.086741792">
        </testcase>
        <testcase classname="tests/components/AssessmentWizard.test.tsx" name="AssessmentWizard Component &gt; has navigation buttons" time="0.001988583">
        </testcase>
    </testsuite>
    <testsuite name="tests/components/AssessmentWorkflowPanel.test.tsx" timestamp="2026-01-20T17:36:39.625Z" hostname="MacBook-Pro-Piotr.local" tests="2" failures="0" errors="0" skipped="0" time="0.042409542">
        <testcase classname="tests/components/AssessmentWorkflowPanel.test.tsx" name="AssessmentWorkflowPanel Component &gt; shows workflow steps" time="0.01549025">
        </testcase>
        <testcase classname="tests/components/AssessmentWorkflowPanel.test.tsx" name="AssessmentWorkflowPanel Component &gt; handles step complete" time="0.025036083">
        </testcase>
    </testsuite>
    <testsuite name="tests/components/AuditLogViewer.test.tsx" timestamp="2026-01-20T17:36:39.646Z" hostname="MacBook-Pro-Piotr.local" tests="2" failures="0" errors="0" skipped="0" time="1.368558208">
        <testcase classname="tests/components/AuditLogViewer.test.tsx" name="AuditLogViewer Component &gt; renders component" time="1.214539583">
        </testcase>
        <testcase classname="tests/components/AuditLogViewer.test.tsx" name="AuditLogViewer Component &gt; renders without crashing" time="0.108021125">
        </testcase>
    </testsuite>
    <testsuite name="tests/components/AxisCommentsPanel.test.tsx" timestamp="2026-01-20T17:36:39.682Z" hostname="MacBook-Pro-Piotr.local" tests="2" failures="0" errors="0" skipped="0" time="0.022725667">
        <testcase classname="tests/components/AxisCommentsPanel.test.tsx" name="AxisCommentsPanel Component &gt; shows comments" time="0.016518583">
        </testcase>
        <testcase classname="tests/components/AxisCommentsPanel.test.tsx" name="AxisCommentsPanel Component &gt; handles add" time="0.004459625">
        </testcase>
    </testsuite>
    <testsuite name="tests/components/Button.test.tsx" timestamp="2026-01-20T17:36:39.692Z" hostname="MacBook-Pro-Piotr.local" tests="23" failures="0" errors="0" skipped="0" time="6.3638535">
        <testcase classname="tests/components/Button.test.tsx" name="Button Component &gt; Rendering &gt; should render button with text" time="2.736671375">
        </testcase>
        <testcase classname="tests/components/Button.test.tsx" name="Button Component &gt; Rendering &gt; should render as button element" time="0.295945834">
        </testcase>
        <testcase classname="tests/components/Button.test.tsx" name="Button Component &gt; Rendering &gt; should render children correctly" time="0.2123815">
        </testcase>
        <testcase classname="tests/components/Button.test.tsx" name="Button Component &gt; Variants &gt; should apply primary variant by default" time="0.335464708">
        </testcase>
        <testcase classname="tests/components/Button.test.tsx" name="Button Component &gt; Variants &gt; should apply secondary variant styles" time="0.376420209">
        </testcase>
        <testcase classname="tests/components/Button.test.tsx" name="Button Component &gt; Variants &gt; should apply ghost variant styles" time="0.198521583">
        </testcase>
        <testcase classname="tests/components/Button.test.tsx" name="Button Component &gt; Variants &gt; should apply danger variant styles" time="0.174978542">
        </testcase>
        <testcase classname="tests/components/Button.test.tsx" name="Button Component &gt; Variants &gt; should apply outline variant styles" time="0.128909">
        </testcase>
        <testcase classname="tests/components/Button.test.tsx" name="Button Component &gt; Sizes &gt; should apply medium size by default" time="0.031219667">
        </testcase>
        <testcase classname="tests/components/Button.test.tsx" name="Button Component &gt; Sizes &gt; should apply small size" time="0.1013895">
        </testcase>
        <testcase classname="tests/components/Button.test.tsx" name="Button Component &gt; Sizes &gt; should apply large size" time="0.008094958">
        </testcase>
        <testcase classname="tests/components/Button.test.tsx" name="Button Component &gt; Click Handling &gt; should call onClick when clicked" time="0.575464625">
        </testcase>
        <testcase classname="tests/components/Button.test.tsx" name="Button Component &gt; Click Handling &gt; should not call onClick when disabled" time="0.289671167">
        </testcase>
        <testcase classname="tests/components/Button.test.tsx" name="Button Component &gt; Disabled State &gt; should apply disabled attribute" time="0.063868375">
        </testcase>
        <testcase classname="tests/components/Button.test.tsx" name="Button Component &gt; Disabled State &gt; should have disabled styles" time="0.162929792">
        </testcase>
        <testcase classname="tests/components/Button.test.tsx" name="Button Component &gt; Loading State &gt; should be disabled when loading" time="0.192412583">
        </testcase>
        <testcase classname="tests/components/Button.test.tsx" name="Button Component &gt; Loading State &gt; should show spinner when loading" time="0.210254834">
        </testcase>
        <testcase classname="tests/components/Button.test.tsx" name="Button Component &gt; Full Width &gt; should apply full width class" time="0.052527959">
        </testcase>
        <testcase classname="tests/components/Button.test.tsx" name="Button Component &gt; Icons &gt; should render left icon" time="0.008261292">
        </testcase>
        <testcase classname="tests/components/Button.test.tsx" name="Button Component &gt; Icons &gt; should render right icon" time="0.005242417">
        </testcase>
        <testcase classname="tests/components/Button.test.tsx" name="Button Component &gt; Icons &gt; should not show icons when loading" time="0.001807375">
        </testcase>
        <testcase classname="tests/components/Button.test.tsx" name="Button Component &gt; Accessibility &gt; should be focusable" time="0.112981375">
        </testcase>
        <testcase classname="tests/components/Button.test.tsx" name="Button Component &gt; Accessibility &gt; should accept custom className" time="0.038718125">
        </testcase>
    </testsuite>
    <testsuite name="tests/components/ChatPanel.test.tsx" timestamp="2026-01-20T17:36:39.774Z" hostname="MacBook-Pro-Piotr.local" tests="4" failures="0" errors="0" skipped="0" time="0.572958083">
        <testcase classname="tests/components/ChatPanel.test.tsx" name="ChatPanel Component &gt; renders panel" time="0.04578975">
        </testcase>
        <testcase classname="tests/components/ChatPanel.test.tsx" name="ChatPanel Component &gt; has messages area" time="0.105922916">
        </testcase>
        <testcase classname="tests/components/ChatPanel.test.tsx" name="ChatPanel Component &gt; has input field" time="0.213507792">
        </testcase>
        <testcase classname="tests/components/ChatPanel.test.tsx" name="ChatPanel Component &gt; has send button" time="0.191773209">
        </testcase>
    </testsuite>
    <testsuite name="tests/components/ConversionModal.test.tsx" timestamp="2026-01-20T17:36:39.780Z" hostname="MacBook-Pro-Piotr.local" tests="3" failures="0" errors="0" skipped="0" time="0.082257083">
        <testcase classname="tests/components/ConversionModal.test.tsx" name="ConversionModal Component &gt; renders modal when open" time="0.047608417">
        </testcase>
        <testcase classname="tests/components/ConversionModal.test.tsx" name="ConversionModal Component &gt; has convert button" time="0.026975833">
        </testcase>
        <testcase classname="tests/components/ConversionModal.test.tsx" name="ConversionModal Component &gt; has cancel button" time="0.006089375">
        </testcase>
    </testsuite>
    <testsuite name="tests/components/CookieConsentBanner.test.tsx" timestamp="2026-01-20T17:36:39.784Z" hostname="MacBook-Pro-Piotr.local" tests="2" failures="0" errors="0" skipped="0" time="0.137831083">
        <testcase classname="tests/components/CookieConsentBanner.test.tsx" name="CookieConsentBanner Component &gt; renders component" time="0.132299875">
        </testcase>
        <testcase classname="tests/components/CookieConsentBanner.test.tsx" name="CookieConsentBanner Component &gt; renders without crashing" time="0.003733916">
        </testcase>
    </testsuite>
    <testsuite name="tests/components/DashboardOverview.test.tsx" timestamp="2026-01-20T17:36:39.798Z" hostname="MacBook-Pro-Piotr.local" tests="3" failures="0" errors="0" skipped="0" time="0.229943292">
        <testcase classname="tests/components/DashboardOverview.test.tsx" name="DashboardOverview Component &gt; renders dashboard" time="0.221931708">
        </testcase>
        <testcase classname="tests/components/DashboardOverview.test.tsx" name="DashboardOverview Component &gt; displays stats" time="0.003718292">
        </testcase>
        <testcase classname="tests/components/DashboardOverview.test.tsx" name="DashboardOverview Component &gt; displays charts" time="0.002552833">
        </testcase>
    </testsuite>
    <testsuite name="tests/components/DemoBanner.test.tsx" timestamp="2026-01-20T17:36:39.807Z" hostname="MacBook-Pro-Piotr.local" tests="2" failures="0" errors="0" skipped="0" time="0.14378025">
        <testcase classname="tests/components/DemoBanner.test.tsx" name="DemoBanner Component &gt; renders component" time="0.128689792">
        </testcase>
        <testcase classname="tests/components/DemoBanner.test.tsx" name="DemoBanner Component &gt; renders without crashing" time="0.001941833">
        </testcase>
    </testsuite>
    <testsuite name="tests/components/ErrorBoundary.test.tsx" timestamp="2026-01-20T17:36:39.813Z" hostname="MacBook-Pro-Piotr.local" tests="2" failures="0" errors="0" skipped="0" time="0.010524">
        <testcase classname="tests/components/ErrorBoundary.test.tsx" name="ErrorBoundary Component &gt; renders children normally" time="0.0015485">
        </testcase>
        <testcase classname="tests/components/ErrorBoundary.test.tsx" name="ErrorBoundary Component &gt; catches errors" time="0.00035975">
        </testcase>
    </testsuite>
    <testsuite name="tests/components/FullExecutionDashboardWorkspace.test.tsx" timestamp="2026-01-20T17:36:39.822Z" hostname="MacBook-Pro-Piotr.local" tests="2" failures="0" errors="0" skipped="0" time="0.013973292">
        <testcase classname="tests/components/FullExecutionDashboardWorkspace.test.tsx" name="FullExecutionDashboardWorkspace Component &gt; shows execution metrics" time="0.001994208">
        </testcase>
        <testcase classname="tests/components/FullExecutionDashboardWorkspace.test.tsx" name="FullExecutionDashboardWorkspace Component &gt; displays status" time="0.002614375">
        </testcase>
    </testsuite>
    <testsuite name="tests/components/FullROIWorkspace.test.tsx" timestamp="2026-01-20T17:36:39.850Z" hostname="MacBook-Pro-Piotr.local" tests="2" failures="0" errors="0" skipped="0" time="0.260977541">
        <testcase classname="tests/components/FullROIWorkspace.test.tsx" name="FullROIWorkspace Component &gt; renders component" time="0.256703667">
        </testcase>
        <testcase classname="tests/components/FullROIWorkspace.test.tsx" name="FullROIWorkspace Component &gt; renders without crashing" time="0.001823375">
        </testcase>
    </testsuite>
    <testsuite name="tests/components/FullRolloutWorkspace.test.tsx" timestamp="2026-01-20T17:36:39.859Z" hostname="MacBook-Pro-Piotr.local" tests="2" failures="0" errors="0" skipped="0" time="0.023046333">
        <testcase classname="tests/components/FullRolloutWorkspace.test.tsx" name="FullRolloutWorkspace Component &gt; shows rollout data" time="0.001987084">
        </testcase>
        <testcase classname="tests/components/FullRolloutWorkspace.test.tsx" name="FullRolloutWorkspace Component &gt; displays phases" time="0.003764875">
        </testcase>
    </testsuite>
    <testsuite name="tests/components/FullStep1Workspace.test.tsx" timestamp="2026-01-20T17:36:39.881Z" hostname="MacBook-Pro-Piotr.local" tests="2" failures="0" errors="0" skipped="0" time="0.169265375">
        <testcase classname="tests/components/FullStep1Workspace.test.tsx" name="FullStep1Workspace Component &gt; renders component" time="0.165910625">
        </testcase>
        <testcase classname="tests/components/FullStep1Workspace.test.tsx" name="FullStep1Workspace Component &gt; renders without crashing" time="0.001800292">
        </testcase>
    </testsuite>
    <testsuite name="tests/components/FullStep2Workspace.test.tsx" timestamp="2026-01-20T17:36:39.885Z" hostname="MacBook-Pro-Piotr.local" tests="2" failures="0" errors="0" skipped="0" time="1.050276084">
        <testcase classname="tests/components/FullStep2Workspace.test.tsx" name="FullStep2Workspace Component &gt; renders component" time="0.971766208">
        </testcase>
        <testcase classname="tests/components/FullStep2Workspace.test.tsx" name="FullStep2Workspace Component &gt; renders without crashing" time="0.076789625">
        </testcase>
    </testsuite>
    <testsuite name="tests/components/FullStep3Workspace.test.tsx" timestamp="2026-01-20T17:36:39.922Z" hostname="MacBook-Pro-Piotr.local" tests="2" failures="0" errors="0" skipped="0" time="0.244779583">
        <testcase classname="tests/components/FullStep3Workspace.test.tsx" name="FullStep3Workspace Component &gt; renders step 3 workspace" time="0.173077375">
        </testcase>
        <testcase classname="tests/components/FullStep3Workspace.test.tsx" name="FullStep3Workspace Component &gt; renders without crashing" time="0.038384375">
        </testcase>
    </testsuite>
    <testsuite name="tests/components/FullStep4Workspace.test.tsx" timestamp="2026-01-20T17:36:39.947Z" hostname="MacBook-Pro-Piotr.local" tests="1" failures="0" errors="0" skipped="0" time="0.739966917">
        <testcase classname="tests/components/FullStep4Workspace.test.tsx" name="FullStep4Workspace Component &gt; renders step 4 workspace" time="0.73665725">
            <system-err>
Received NaN for the `y1` attribute. If this is expected, cast the value to a string.
Received NaN for the `y2` attribute. If this is expected, cast the value to a string.
Received NaN for the `cy` attribute. If this is expected, cast the value to a string.
Received NaN for the `y` attribute. If this is expected, cast the value to a string.

            </system-err>
        </testcase>
    </testsuite>
    <testsuite name="tests/components/FullStep5Workspace.test.tsx" timestamp="2026-01-20T17:36:39.955Z" hostname="MacBook-Pro-Piotr.local" tests="2" failures="0" errors="0" skipped="0" time="0.972225333">
        <testcase classname="tests/components/FullStep5Workspace.test.tsx" name="FullStep5Workspace Component &gt; renders component" time="0.859683459">
        </testcase>
        <testcase classname="tests/components/FullStep5Workspace.test.tsx" name="FullStep5Workspace Component &gt; renders without crashing" time="0.023194375">
        </testcase>
    </testsuite>
    <testsuite name="tests/components/FullStep6Workspace.test.tsx" timestamp="2026-01-20T17:36:39.957Z" hostname="MacBook-Pro-Piotr.local" tests="2" failures="0" errors="0" skipped="0" time="0.677132708">
        <testcase classname="tests/components/FullStep6Workspace.test.tsx" name="FullStep6Workspace Component &gt; renders step 6 workspace" time="0.672570333">
        </testcase>
        <testcase classname="tests/components/FullStep6Workspace.test.tsx" name="FullStep6Workspace Component &gt; renders without crashing" time="0.002029917">
        </testcase>
    </testsuite>
    <testsuite name="tests/components/GapAnalysisDashboard.test.tsx" timestamp="2026-01-20T17:36:39.968Z" hostname="MacBook-Pro-Piotr.local" tests="2" failures="0" errors="0" skipped="0" time="0.842574125">
        <testcase classname="tests/components/GapAnalysisDashboard.test.tsx" name="GapAnalysisDashboard Component &gt; renders component" time="0.837820583">
        </testcase>
        <testcase classname="tests/components/GapAnalysisDashboard.test.tsx" name="GapAnalysisDashboard Component &gt; renders without crashing" time="0.001993709">
        </testcase>
    </testsuite>
    <testsuite name="tests/components/GlobalAccessBanners.test.tsx" timestamp="2026-01-20T17:36:39.980Z" hostname="MacBook-Pro-Piotr.local" tests="2" failures="0" errors="0" skipped="0" time="0.589537041">
        <testcase classname="tests/components/GlobalAccessBanners.test.tsx" name="GlobalAccessBanners Component &gt; renders banners container" time="0.571277041">
        </testcase>
        <testcase classname="tests/components/GlobalAccessBanners.test.tsx" name="GlobalAccessBanners Component &gt; displays trial banner" time="0.014692166">
        </testcase>
    </testsuite>
    <testsuite name="tests/components/HelpButton.test.tsx" timestamp="2026-01-20T17:36:40.009Z" hostname="MacBook-Pro-Piotr.local" tests="2" failures="0" errors="0" skipped="0" time="0.297717917">
        <testcase classname="tests/components/HelpButton.test.tsx" name="HelpButton Component &gt; renders help button" time="0.170543958">
        </testcase>
        <testcase classname="tests/components/HelpButton.test.tsx" name="HelpButton Component &gt; is clickable" time="0.042363083">
        </testcase>
    </testsuite>
    <testsuite name="tests/components/HelpPanel.test.tsx" timestamp="2026-01-20T17:36:40.018Z" hostname="MacBook-Pro-Piotr.local" tests="2" failures="0" errors="0" skipped="0" time="0.066552167">
        <testcase classname="tests/components/HelpPanel.test.tsx" name="HelpPanel Component &gt; shows articles" time="0.045108167">
        </testcase>
        <testcase classname="tests/components/HelpPanel.test.tsx" name="HelpPanel Component &gt; handles search" time="0.006516291">
        </testcase>
    </testsuite>
    <testsuite name="tests/components/InitiativeCard.test.tsx" timestamp="2026-01-20T17:36:40.024Z" hostname="MacBook-Pro-Piotr.local" tests="3" failures="0" errors="0" skipped="0" time="0.208484625">
        <testcase classname="tests/components/InitiativeCard.test.tsx" name="InitiativeCard Component &gt; renders card" time="0.1912725">
        </testcase>
        <testcase classname="tests/components/InitiativeCard.test.tsx" name="InitiativeCard Component &gt; displays title" time="0.0104075">
        </testcase>
        <testcase classname="tests/components/InitiativeCard.test.tsx" name="InitiativeCard Component &gt; displays status" time="0.005076875">
        </testcase>
    </testsuite>
    <testsuite name="tests/components/InitiativeDetailModal.test.tsx" timestamp="2026-01-20T17:36:40.043Z" hostname="MacBook-Pro-Piotr.local" tests="2" failures="0" errors="0" skipped="0" time="0.168767083">
        <testcase classname="tests/components/InitiativeDetailModal.test.tsx" name="InitiativeDetailModal Component &gt; shows initiative details" time="0.078920625">
        </testcase>
        <testcase classname="tests/components/InitiativeDetailModal.test.tsx" name="InitiativeDetailModal Component &gt; handles close" time="0.011438708">
        </testcase>
    </testsuite>
    <testsuite name="tests/components/InviteUserModal.test.tsx" timestamp="2026-01-20T17:36:40.060Z" hostname="MacBook-Pro-Piotr.local" tests="2" failures="0" errors="0" skipped="0" time="1.058873416">
        <testcase classname="tests/components/InviteUserModal.test.tsx" name="InviteUserModal Component &gt; renders when open" time="0.9514265">
        </testcase>
        <testcase classname="tests/components/InviteUserModal.test.tsx" name="InviteUserModal Component &gt; does not render when closed" time="0.030478">
        </testcase>
    </testsuite>
    <testsuite name="tests/components/LLMSelector.test.tsx" timestamp="2026-01-20T17:36:40.064Z" hostname="MacBook-Pro-Piotr.local" tests="2" failures="0" errors="0" skipped="0" time="0.097619417">
        <testcase classname="tests/components/LLMSelector.test.tsx" name="LLMSelector Component &gt; renders selector" time="0.091953">
        </testcase>
        <testcase classname="tests/components/LLMSelector.test.tsx" name="LLMSelector Component &gt; has model dropdown" time="0.003218042">
        </testcase>
    </testsuite>
    <testsuite name="tests/components/LevelNavigatorAndDetailCard.test.tsx" timestamp="2026-01-20T17:36:40.077Z" hostname="MacBook-Pro-Piotr.local" tests="2" failures="0" errors="0" skipped="0" time="0.011002666">
        <testcase classname="tests/components/LevelNavigatorAndDetailCard.test.tsx" name="LevelNavigatorAndDetailCard Component &gt; shows levels" time="0.004408208">
        </testcase>
        <testcase classname="tests/components/LevelNavigatorAndDetailCard.test.tsx" name="LevelNavigatorAndDetailCard Component &gt; handles level select" time="0.004954875">
        </testcase>
    </testsuite>
    <testsuite name="tests/components/LoadingScreen.test.tsx" timestamp="2026-01-20T17:36:40.099Z" hostname="MacBook-Pro-Piotr.local" tests="3" failures="0" errors="0" skipped="0" time="0.269278917">
        <testcase classname="tests/components/LoadingScreen.test.tsx" name="LoadingScreen Component &gt; renders screen" time="0.214849709">
        </testcase>
        <testcase classname="tests/components/LoadingScreen.test.tsx" name="LoadingScreen Component &gt; has spinner" time="0.044614916">
        </testcase>
        <testcase classname="tests/components/LoadingScreen.test.tsx" name="LoadingScreen Component &gt; displays message" time="0.004989958">
        </testcase>
    </testsuite>
    <testsuite name="tests/components/MaturityMatrix.test.tsx" timestamp="2026-01-20T17:36:40.115Z" hostname="MacBook-Pro-Piotr.local" tests="2" failures="0" errors="0" skipped="0" time="0.1126705">
        <testcase classname="tests/components/MaturityMatrix.test.tsx" name="MaturityMatrix Component &gt; renders matrix" time="0.092829333">
        </testcase>
        <testcase classname="tests/components/MaturityMatrix.test.tsx" name="MaturityMatrix Component &gt; displays grid" time="0.017760625">
        </testcase>
    </testsuite>
    <testsuite name="tests/components/MegatrendScanner.test.tsx" timestamp="2026-01-20T17:36:40.126Z" hostname="MacBook-Pro-Piotr.local" tests="2" failures="0" errors="0" skipped="0" time="0.472814">
        <testcase classname="tests/components/MegatrendScanner.test.tsx" name="MegatrendScanner Component &gt; renders component" time="0.370463666">
        </testcase>
        <testcase classname="tests/components/MegatrendScanner.test.tsx" name="MegatrendScanner Component &gt; renders without crashing" time="0.092496083">
        </testcase>
    </testsuite>
    <testsuite name="tests/components/NotificationDropdown.test.tsx" timestamp="2026-01-20T17:36:40.142Z" hostname="MacBook-Pro-Piotr.local" tests="2" failures="0" errors="0" skipped="0" time="0.056831417">
        <testcase classname="tests/components/NotificationDropdown.test.tsx" name="NotificationDropdown Component &gt; lists notifications" time="0.015250167">
        </testcase>
        <testcase classname="tests/components/NotificationDropdown.test.tsx" name="NotificationDropdown Component &gt; handles mark read" time="0.000561042">
        </testcase>
    </testsuite>
    <testsuite name="tests/components/OrgSwitcher.test.tsx" timestamp="2026-01-20T17:36:40.144Z" hostname="MacBook-Pro-Piotr.local" tests="15" failures="0" errors="0" skipped="0" time="5.276715583">
        <testcase classname="tests/components/OrgSwitcher.test.tsx" name="OrgSwitcher Component &gt; Rendering &gt; should render current organization name" time="0.550568667">
        </testcase>
        <testcase classname="tests/components/OrgSwitcher.test.tsx" name="OrgSwitcher Component &gt; Rendering &gt; should show role for current organization" time="0.008913833">
        </testcase>
        <testcase classname="tests/components/OrgSwitcher.test.tsx" name="OrgSwitcher Component &gt; Rendering &gt; should render trigger button" time="1.780543167">
        </testcase>
        <testcase classname="tests/components/OrgSwitcher.test.tsx" name="OrgSwitcher Component &gt; Loading State &gt; should show loading skeleton when loading" time="0.1650585">
        </testcase>
        <testcase classname="tests/components/OrgSwitcher.test.tsx" name="OrgSwitcher Component &gt; Single Organization &gt; should support single organization state" time="0.07433325">
        </testcase>
        <testcase classname="tests/components/OrgSwitcher.test.tsx" name="OrgSwitcher Component &gt; Single Organization &gt; should render minimal UI in compact mode with single org" time="0.001107291">
        </testcase>
        <testcase classname="tests/components/OrgSwitcher.test.tsx" name="OrgSwitcher Component &gt; Dropdown Behavior &gt; should open dropdown when trigger is clicked" time="0.415525792">
        </testcase>
        <testcase classname="tests/components/OrgSwitcher.test.tsx" name="OrgSwitcher Component &gt; Dropdown Behavior &gt; should close dropdown when clicking outside" time="0.363007416">
        </testcase>
        <testcase classname="tests/components/OrgSwitcher.test.tsx" name="OrgSwitcher Component &gt; Dropdown Behavior &gt; should toggle dropdown on repeated clicks" time="0.199090667">
        </testcase>
        <testcase classname="tests/components/OrgSwitcher.test.tsx" name="OrgSwitcher Component &gt; Organization Selection &gt; should call switchOrg when selecting an organization" time="0.460972917">
        </testcase>
        <testcase classname="tests/components/OrgSwitcher.test.tsx" name="OrgSwitcher Component &gt; Organization Selection &gt; should close dropdown after selection" time="0.392563542">
        </testcase>
        <testcase classname="tests/components/OrgSwitcher.test.tsx" name="OrgSwitcher Component &gt; Organization Selection &gt; should show checkmark for current organization" time="0.225646958">
        </testcase>
        <testcase classname="tests/components/OrgSwitcher.test.tsx" name="OrgSwitcher Component &gt; Role Badges &gt; should display role badges in dropdown" time="0.217767208">
        </testcase>
        <testcase classname="tests/components/OrgSwitcher.test.tsx" name="OrgSwitcher Component &gt; Compact Mode &gt; should not show role in compact mode" time="0.012806708">
        </testcase>
        <testcase classname="tests/components/OrgSwitcher.test.tsx" name="OrgSwitcher Component &gt; Accessibility &gt; should have accessible dropdown buttons" time="0.357455583">
        </testcase>
    </testsuite>
    <testsuite name="tests/components/PermissionManager.test.tsx" timestamp="2026-01-20T17:36:40.225Z" hostname="MacBook-Pro-Piotr.local" tests="2" failures="0" errors="0" skipped="0" time="1.009667334">
        <testcase classname="tests/components/PermissionManager.test.tsx" name="PermissionManager Component &gt; renders component" time="0.781780667">
        </testcase>
        <testcase classname="tests/components/PermissionManager.test.tsx" name="PermissionManager Component &gt; renders without crashing" time="0.001908459">
        </testcase>
    </testsuite>
    <testsuite name="tests/components/PilotDecisionWorkspace.test.tsx" timestamp="2026-01-20T17:36:40.231Z" hostname="MacBook-Pro-Piotr.local" tests="2" failures="0" errors="0" skipped="0" time="0.034428167">
        <testcase classname="tests/components/PilotDecisionWorkspace.test.tsx" name="PilotDecisionWorkspace Component &gt; shows pilot data" time="0.006165959">
        </testcase>
        <testcase classname="tests/components/PilotDecisionWorkspace.test.tsx" name="PilotDecisionWorkspace Component &gt; handles decision" time="0.010914708">
        </testcase>
    </testsuite>
    <testsuite name="tests/components/PlanCard.test.tsx" timestamp="2026-01-20T17:36:40.235Z" hostname="MacBook-Pro-Piotr.local" tests="2" failures="0" errors="0" skipped="0" time="0.538373833">
        <testcase classname="tests/components/PlanCard.test.tsx" name="PlanCard Component &gt; renders component" time="0.516858709">
        </testcase>
        <testcase classname="tests/components/PlanCard.test.tsx" name="PlanCard Component &gt; renders without crashing" time="0.003680375">
        </testcase>
    </testsuite>
    <testsuite name="tests/components/ProjectCard.test.tsx" timestamp="2026-01-20T17:36:40.244Z" hostname="MacBook-Pro-Piotr.local" tests="4" failures="0" errors="0" skipped="0" time="0.033781833">
        <testcase classname="tests/components/ProjectCard.test.tsx" name="ProjectCard Component &gt; renders project info" time="0.022167708">
        </testcase>
        <testcase classname="tests/components/ProjectCard.test.tsx" name="ProjectCard Component &gt; shows health indicator" time="0.001930084">
        </testcase>
        <testcase classname="tests/components/ProjectCard.test.tsx" name="ProjectCard Component &gt; handles click" time="0.000520125">
        </testcase>
        <testcase classname="tests/components/ProjectCard.test.tsx" name="ProjectCard Component &gt; displays progress" time="0.000265084">
        </testcase>
    </testsuite>
    <testsuite name="tests/components/QuotaWarningBanner.test.tsx" timestamp="2026-01-20T17:36:40.276Z" hostname="MacBook-Pro-Piotr.local" tests="2" failures="0" errors="0" skipped="0" time="0.935088916">
        <testcase classname="tests/components/QuotaWarningBanner.test.tsx" name="QuotaWarningBanner Component &gt; renders component" time="0.636017625">
        </testcase>
        <testcase classname="tests/components/QuotaWarningBanner.test.tsx" name="QuotaWarningBanner Component &gt; renders without crashing" time="0.2820845">
        </testcase>
    </testsuite>
    <testsuite name="tests/components/ROIPaybackChart.test.tsx" timestamp="2026-01-20T17:36:40.290Z" hostname="MacBook-Pro-Piotr.local" tests="2" failures="0" errors="0" skipped="0" time="0.042835416">
        <testcase classname="tests/components/ROIPaybackChart.test.tsx" name="ROIPaybackChart Component &gt; shows ROI data" time="0.0221865">
        </testcase>
        <testcase classname="tests/components/ROIPaybackChart.test.tsx" name="ROIPaybackChart Component &gt; calculates payback" time="0.012075209">
        </testcase>
    </testsuite>
    <testsuite name="tests/components/RadarChart.test.tsx" timestamp="2026-01-20T17:36:40.298Z" hostname="MacBook-Pro-Piotr.local" tests="3" failures="0" errors="0" skipped="0" time="1.51984825">
        <testcase classname="tests/components/RadarChart.test.tsx" name="RadarChart Component &gt; renders radar chart" time="0.918641166">
        </testcase>
        <testcase classname="tests/components/RadarChart.test.tsx" name="RadarChart Component &gt; displays chart with correct size" time="0.055892875">
        </testcase>
        <testcase classname="tests/components/RadarChart.test.tsx" name="RadarChart Component &gt; renders data points" time="0.517193667">
        </testcase>
    </testsuite>
    <testsuite name="tests/components/RapidLeanObservationForm.test.tsx" timestamp="2026-01-20T17:36:40.315Z" hostname="MacBook-Pro-Piotr.local" tests="4" failures="0" errors="0" skipped="0" time="0.23937225">
        <testcase classname="tests/components/RapidLeanObservationForm.test.tsx" name="RapidLeanObservationForm Component &gt; renders component" time="0.175694708">
        </testcase>
        <testcase classname="tests/components/RapidLeanObservationForm.test.tsx" name="RapidLeanObservationForm Component &gt; renders without crashing" time="0.00520375">
        </testcase>
        <testcase classname="tests/components/RapidLeanObservationForm.test.tsx" name="RapidLeanObservationForm Component &gt; displays form elements" time="0.050471291">
        </testcase>
        <testcase classname="tests/components/RapidLeanObservationForm.test.tsx" name="RapidLeanObservationForm Component &gt; has submit functionality" time="0.003576416">
        </testcase>
    </testsuite>
    <testsuite name="tests/components/RapidLeanResultsCard.test.tsx" timestamp="2026-01-20T17:36:40.330Z" hostname="MacBook-Pro-Piotr.local" tests="2" failures="0" errors="0" skipped="0" time="0.01058325">
        <testcase classname="tests/components/RapidLeanResultsCard.test.tsx" name="RapidLeanResultsCard Component &gt; shows results" time="0.003248875">
        </testcase>
        <testcase classname="tests/components/RapidLeanResultsCard.test.tsx" name="RapidLeanResultsCard Component &gt; displays metrics" time="0.003079875">
        </testcase>
    </testsuite>
    <testsuite name="tests/components/RapidLeanWorkspace.test.tsx" timestamp="2026-01-20T17:36:40.335Z" hostname="MacBook-Pro-Piotr.local" tests="4" failures="0" errors="0" skipped="0" time="0.478594333">
        <testcase classname="tests/components/RapidLeanWorkspace.test.tsx" name="RapidLeanWorkspace Component &gt; renders component" time="0.099705833">
        </testcase>
        <testcase classname="tests/components/RapidLeanWorkspace.test.tsx" name="RapidLeanWorkspace Component &gt; renders without crashing" time="0.158811584">
        </testcase>
        <testcase classname="tests/components/RapidLeanWorkspace.test.tsx" name="RapidLeanWorkspace Component &gt; displays workspace content" time="0.192920416">
        </testcase>
        <testcase classname="tests/components/RapidLeanWorkspace.test.tsx" name="RapidLeanWorkspace Component &gt; has content" time="0.025068584">
        </testcase>
    </testsuite>
    <testsuite name="tests/components/RebalanceModal.test.tsx" timestamp="2026-01-20T17:36:40.376Z" hostname="MacBook-Pro-Piotr.local" tests="5" failures="0" errors="0" skipped="0" time="4.019241875">
        <testcase classname="tests/components/RebalanceModal.test.tsx" name="RebalanceModal Component &gt; renders modal when open" time="0.2554155">
        </testcase>
        <testcase classname="tests/components/RebalanceModal.test.tsx" name="RebalanceModal Component &gt; loads rebalance options on open" time="0.077293875">
        </testcase>
        <testcase classname="tests/components/RebalanceModal.test.tsx" name="RebalanceModal Component &gt; displays rebalance options" time="0.030082792">
        </testcase>
        <testcase classname="tests/components/RebalanceModal.test.tsx" name="RebalanceModal Component &gt; allows selecting option" time="1.386933833">
        </testcase>
        <testcase classname="tests/components/RebalanceModal.test.tsx" name="RebalanceModal Component &gt; calls onApply when confirm clicked" time="2.264884084">
        </testcase>
    </testsuite>
    <testsuite name="tests/components/RoadmapCapacityHeatmap.test.tsx" timestamp="2026-01-20T17:36:40.391Z" hostname="MacBook-Pro-Piotr.local" tests="2" failures="0" errors="0" skipped="0" time="0.393662209">
        <testcase classname="tests/components/RoadmapCapacityHeatmap.test.tsx" name="RoadmapCapacityHeatmap Component &gt; renders heatmap" time="0.369269084">
        </testcase>
        <testcase classname="tests/components/RoadmapCapacityHeatmap.test.tsx" name="RoadmapCapacityHeatmap Component &gt; shows capacity levels" time="0.022303041">
        </testcase>
    </testsuite>
    <testsuite name="tests/components/RoadmapGantt.test.tsx" timestamp="2026-01-20T17:36:40.405Z" hostname="MacBook-Pro-Piotr.local" tests="2" failures="0" errors="0" skipped="0" time="0.996544375">
        <testcase classname="tests/components/RoadmapGantt.test.tsx" name="RoadmapGantt Component &gt; renders Gantt chart" time="0.787961667">
        </testcase>
        <testcase classname="tests/components/RoadmapGantt.test.tsx" name="RoadmapGantt Component &gt; displays initiatives" time="0.205026">
        </testcase>
    </testsuite>
    <testsuite name="tests/components/RoadmapKanban.test.tsx" timestamp="2026-01-20T17:36:40.417Z" hostname="MacBook-Pro-Piotr.local" tests="3" failures="0" errors="0" skipped="0" time="0.896361292">
        <testcase classname="tests/components/RoadmapKanban.test.tsx" name="RoadmapKanban Component &gt; renders Kanban board" time="0.475159708">
        </testcase>
        <testcase classname="tests/components/RoadmapKanban.test.tsx" name="RoadmapKanban Component &gt; displays initiatives in columns" time="0.37389525">
        </testcase>
        <testcase classname="tests/components/RoadmapKanban.test.tsx" name="RoadmapKanban Component &gt; allows dragging initiatives" time="0.032841584">
        </testcase>
    </testsuite>
    <testsuite name="tests/components/RoadmapSummary.test.tsx" timestamp="2026-01-20T17:36:40.429Z" hostname="MacBook-Pro-Piotr.local" tests="2" failures="0" errors="0" skipped="0" time="0.339406292">
        <testcase classname="tests/components/RoadmapSummary.test.tsx" name="RoadmapSummary Component &gt; renders roadmap summary" time="0.270949125">
        </testcase>
        <testcase classname="tests/components/RoadmapSummary.test.tsx" name="RoadmapSummary Component &gt; displays risks" time="0.066699625">
        </testcase>
    </testsuite>
    <testsuite name="tests/components/RouterSync.test.tsx" timestamp="2026-01-20T17:36:40.433Z" hostname="MacBook-Pro-Piotr.local" tests="2" failures="0" errors="0" skipped="0" time="0.1980675">
        <testcase classname="tests/components/RouterSync.test.tsx" name="RouterSync Component &gt; renders component" time="0.187576">
        </testcase>
        <testcase classname="tests/components/RouterSync.test.tsx" name="RouterSync Component &gt; renders without crashing" time="0.008262542">
        </testcase>
    </testsuite>
    <testsuite name="tests/components/Sidebar.test.tsx" timestamp="2026-01-20T17:36:40.435Z" hostname="MacBook-Pro-Piotr.local" tests="9" failures="0" errors="0" skipped="0" time="0.293427958">
        <testcase classname="tests/components/Sidebar.test.tsx" name="Sidebar Component &gt; Menu Items &gt; should have expected navigation items" time="0.009254333">
        </testcase>
        <testcase classname="tests/components/Sidebar.test.tsx" name="Sidebar Component &gt; Menu Items &gt; should support menu item click handlers" time="0.01327975">
        </testcase>
        <testcase classname="tests/components/Sidebar.test.tsx" name="Sidebar Component &gt; Menu Items &gt; should support active item highlighting" time="0.0012155">
        </testcase>
        <testcase classname="tests/components/Sidebar.test.tsx" name="Sidebar Component &gt; Navigation Behavior &gt; should track active route" time="0.000237083">
        </testcase>
        <testcase classname="tests/components/Sidebar.test.tsx" name="Sidebar Component &gt; Navigation Behavior &gt; should support nested routes" time="0.000970834">
        </testcase>
        <testcase classname="tests/components/Sidebar.test.tsx" name="Sidebar Component &gt; Collapse/Expand &gt; should support collapsed state" time="0.128936542">
        </testcase>
        <testcase classname="tests/components/Sidebar.test.tsx" name="Sidebar Component &gt; User Section &gt; should display user info" time="0.043584291">
        </testcase>
        <testcase classname="tests/components/Sidebar.test.tsx" name="Sidebar Component &gt; Badge Counts &gt; should support notification badges" time="0.056284042">
        </testcase>
        <testcase classname="tests/components/Sidebar.test.tsx" name="Sidebar Component &gt; Responsive Behavior &gt; should support mobile drawer mode" time="0.000383292">
        </testcase>
    </testsuite>
    <testsuite name="tests/components/Step1Workspace.test.tsx" timestamp="2026-01-20T17:36:40.472Z" hostname="MacBook-Pro-Piotr.local" tests="1" failures="0" errors="0" skipped="0" time="0.81976925">
        <testcase classname="tests/components/Step1Workspace.test.tsx" name="Step1Workspace Component &gt; renders step 1 workspace" time="0.739602667">
        </testcase>
    </testsuite>
    <testsuite name="tests/components/Step2Workspace.test.tsx" timestamp="2026-01-20T17:36:40.474Z" hostname="MacBook-Pro-Piotr.local" tests="2" failures="0" errors="0" skipped="0" time="0.014746959">
        <testcase classname="tests/components/Step2Workspace.test.tsx" name="Step2Workspace Component &gt; renders workspace" time="0.005145292">
        </testcase>
        <testcase classname="tests/components/Step2Workspace.test.tsx" name="Step2Workspace Component &gt; shows step info" time="0.00039175">
        </testcase>
    </testsuite>
    <testsuite name="tests/components/Step3Workspace.test.tsx" timestamp="2026-01-20T17:36:40.481Z" hostname="MacBook-Pro-Piotr.local" tests="2" failures="0" errors="0" skipped="0" time="0.018718792">
        <testcase classname="tests/components/Step3Workspace.test.tsx" name="Step3Workspace Component &gt; renders workspace" time="0.01622475">
        </testcase>
        <testcase classname="tests/components/Step3Workspace.test.tsx" name="Step3Workspace Component &gt; shows step info" time="0.000451">
        </testcase>
    </testsuite>
    <testsuite name="tests/components/StrategicRoadmap.test.tsx" timestamp="2026-01-20T17:36:40.490Z" hostname="MacBook-Pro-Piotr.local" tests="2" failures="0" errors="0" skipped="0" time="0.749650292">
        <testcase classname="tests/components/StrategicRoadmap.test.tsx" name="StrategicRoadmap Component &gt; renders component" time="0.681408209">
        </testcase>
        <testcase classname="tests/components/StrategicRoadmap.test.tsx" name="StrategicRoadmap Component &gt; renders without crashing" time="0.043685084">
        </testcase>
    </testsuite>
    <testsuite name="tests/components/StrategyDashboard.test.tsx" timestamp="2026-01-20T17:36:40.524Z" hostname="MacBook-Pro-Piotr.local" tests="2" failures="0" errors="0" skipped="0" time="0.210369459">
        <testcase classname="tests/components/StrategyDashboard.test.tsx" name="StrategyDashboard Component &gt; renders component" time="0.167408375">
        </testcase>
        <testcase classname="tests/components/StrategyDashboard.test.tsx" name="StrategyDashboard Component &gt; renders without crashing" time="0.041407709">
        </testcase>
    </testsuite>
    <testsuite name="tests/components/SuperAdminSidebar.test.tsx" timestamp="2026-01-20T17:36:40.545Z" hostname="MacBook-Pro-Piotr.local" tests="2" failures="0" errors="0" skipped="0" time="0.011120875">
        <testcase classname="tests/components/SuperAdminSidebar.test.tsx" name="SuperAdminSidebar Component &gt; renders admin menu" time="0.006538916">
        </testcase>
        <testcase classname="tests/components/SuperAdminSidebar.test.tsx" name="SuperAdminSidebar Component &gt; handles navigation" time="0.000539167">
        </testcase>
    </testsuite>
    <testsuite name="tests/components/SuperAdminView.test.tsx" timestamp="2026-01-20T17:36:40.559Z" hostname="MacBook-Pro-Piotr.local" tests="2" failures="0" errors="0" skipped="0" time="0.056524583">
        <testcase classname="tests/components/SuperAdminView.test.tsx" name="SuperAdminView Component &gt; renders main layout" time="0.016496708">
        </testcase>
        <testcase classname="tests/components/SuperAdminView.test.tsx" name="SuperAdminView Component &gt; shows modules" time="0.017275">
        </testcase>
    </testsuite>
    <testsuite name="tests/components/SystemHealth.test.tsx" timestamp="2026-01-20T17:36:40.566Z" hostname="MacBook-Pro-Piotr.local" tests="4" failures="0" errors="0" skipped="0" time="0.5263945">
        <testcase classname="tests/components/SystemHealth.test.tsx" name="SystemHealth Component &gt; renders component" time="0.374546834">
        </testcase>
        <testcase classname="tests/components/SystemHealth.test.tsx" name="SystemHealth Component &gt; renders without crashing" time="0.025269333">
        </testcase>
        <testcase classname="tests/components/SystemHealth.test.tsx" name="SystemHealth Component &gt; displays health content" time="0.0491995">
        </testcase>
        <testcase classname="tests/components/SystemHealth.test.tsx" name="SystemHealth Component &gt; has content" time="0.060086583">
        </testcase>
    </testsuite>
    <testsuite name="tests/components/TaskCard.test.tsx" timestamp="2026-01-20T17:36:40.582Z" hostname="MacBook-Pro-Piotr.local" tests="10" failures="0" errors="0" skipped="0" time="0.533140917">
        <testcase classname="tests/components/TaskCard.test.tsx" name="Component Test: TaskCard &gt; renders task title" time="0.217846084">
        </testcase>
        <testcase classname="tests/components/TaskCard.test.tsx" name="Component Test: TaskCard &gt; calls onClick when card is clicked" time="0.008216">
        </testcase>
        <testcase classname="tests/components/TaskCard.test.tsx" name="Component Test: TaskCard &gt; displays status badge" time="0.005763">
        </testcase>
        <testcase classname="tests/components/TaskCard.test.tsx" name="Component Test: TaskCard &gt; displays priority badge" time="0.005253917">
        </testcase>
        <testcase classname="tests/components/TaskCard.test.tsx" name="Component Test: TaskCard &gt; displays why text when present" time="0.005257042">
        </testcase>
        <testcase classname="tests/components/TaskCard.test.tsx" name="Component Test: TaskCard &gt; displays assignee when present" time="0.002463625">
        </testcase>
        <testcase classname="tests/components/TaskCard.test.tsx" name="Component Test: TaskCard &gt; displays unassigned when no assignee" time="0.057272459">
        </testcase>
        <testcase classname="tests/components/TaskCard.test.tsx" name="Component Test: TaskCard &gt; displays due date when present" time="0.082350583">
        </testcase>
        <testcase classname="tests/components/TaskCard.test.tsx" name="Component Test: TaskCard &gt; displays checklist progress when present" time="0.059201">
        </testcase>
        <testcase classname="tests/components/TaskCard.test.tsx" name="Component Test: TaskCard &gt; handles different status values" time="0.087656625">
        </testcase>
    </testsuite>
    <testsuite name="tests/components/TaskDetailModal.test.tsx" timestamp="2026-01-20T17:36:40.625Z" hostname="MacBook-Pro-Piotr.local" tests="6" failures="0" errors="0" skipped="0" time="6.818119584">
        <testcase classname="tests/components/TaskDetailModal.test.tsx" name="TaskDetailModal Component &gt; renders modal when open" time="0.94859425">
        </testcase>
        <testcase classname="tests/components/TaskDetailModal.test.tsx" name="TaskDetailModal Component &gt; does not render when closed" time="0.058556208">
        </testcase>
        <testcase classname="tests/components/TaskDetailModal.test.tsx" name="TaskDetailModal Component &gt; displays task title" time="1.004586208">
        </testcase>
        <testcase classname="tests/components/TaskDetailModal.test.tsx" name="TaskDetailModal Component &gt; displays tabs" time="0.860975666">
        </testcase>
        <testcase classname="tests/components/TaskDetailModal.test.tsx" name="TaskDetailModal Component &gt; validates required fields on save" time="3.570562333">
        </testcase>
        <testcase classname="tests/components/TaskDetailModal.test.tsx" name="TaskDetailModal Component &gt; calls onClose when close clicked" time="0.372774166">
        </testcase>
    </testsuite>
    <testsuite name="tests/components/TaskInbox.test.tsx" timestamp="2026-01-20T17:36:40.658Z" hostname="MacBook-Pro-Piotr.local" tests="2" failures="0" errors="0" skipped="0" time="0.008990083">
        <testcase classname="tests/components/TaskInbox.test.tsx" name="TaskInbox Component &gt; lists tasks" time="0.006658625">
        </testcase>
        <testcase classname="tests/components/TaskInbox.test.tsx" name="TaskInbox Component &gt; handles task select" time="0.000760667">
        </testcase>
    </testsuite>
    <testsuite name="tests/components/UsageMeters.test.tsx" timestamp="2026-01-20T17:36:40.683Z" hostname="MacBook-Pro-Piotr.local" tests="2" failures="0" errors="0" skipped="0" time="0.128899833">
        <testcase classname="tests/components/UsageMeters.test.tsx" name="UsageMeters Component &gt; renders component" time="0.124412042">
        </testcase>
        <testcase classname="tests/components/UsageMeters.test.tsx" name="UsageMeters Component &gt; renders without crashing" time="0.001726291">
        </testcase>
    </testsuite>
    <testsuite name="tests/components/UserProfileMenu.test.tsx" timestamp="2026-01-20T17:36:40.699Z" hostname="MacBook-Pro-Piotr.local" tests="2" failures="0" errors="0" skipped="0" time="0.022712833">
        <testcase classname="tests/components/UserProfileMenu.test.tsx" name="UserProfileMenu Component &gt; shows user info" time="0.001969625">
        </testcase>
        <testcase classname="tests/components/UserProfileMenu.test.tsx" name="UserProfileMenu Component &gt; handles logout" time="0.003239417">
        </testcase>
    </testsuite>
    <testsuite name="tests/components/WorkloadChart.test.tsx" timestamp="2026-01-20T17:36:40.726Z" hostname="MacBook-Pro-Piotr.local" tests="2" failures="0" errors="0" skipped="0" time="0.016565667">
        <testcase classname="tests/components/WorkloadChart.test.tsx" name="WorkloadChart Component &gt; shows workload data" time="0.010196917">
        </testcase>
        <testcase classname="tests/components/WorkloadChart.test.tsx" name="WorkloadChart Component &gt; renders chart" time="0.003098">
        </testcase>
    </testsuite>
    <testsuite name="tests/components/WorkspaceSelector.test.tsx" timestamp="2026-01-20T17:36:40.734Z" hostname="MacBook-Pro-Piotr.local" tests="3" failures="0" errors="0" skipped="0" time="0.290875333">
        <testcase classname="tests/components/WorkspaceSelector.test.tsx" name="WorkspaceSelector Component &gt; renders selector" time="0.265598375">
        </testcase>
        <testcase classname="tests/components/WorkspaceSelector.test.tsx" name="WorkspaceSelector Component &gt; shows current workspace" time="0.013646417">
        </testcase>
        <testcase classname="tests/components/WorkspaceSelector.test.tsx" name="WorkspaceSelector Component &gt; has workspace list" time="0.0096895">
        </testcase>
    </testsuite>
    <testsuite name="tests/components/a11y.test.tsx" timestamp="2026-01-20T17:36:40.742Z" hostname="MacBook-Pro-Piotr.local" tests="5" failures="0" errors="0" skipped="0" time="0.325294458">
        <testcase classname="tests/components/a11y.test.tsx" name="Component Test: Accessibility (a11y) &gt; Button should be keyboard accessible" time="0.194994292">
        </testcase>
        <testcase classname="tests/components/a11y.test.tsx" name="Component Test: Accessibility (a11y) &gt; Button should have proper semantic HTML" time="0.008266042">
        </testcase>
        <testcase classname="tests/components/a11y.test.tsx" name="Component Test: Accessibility (a11y) &gt; ErrorBoundary should have accessible error message" time="0.005526625">
        </testcase>
        <testcase classname="tests/components/a11y.test.tsx" name="Component Test: Accessibility (a11y) &gt; LoadingScreen should have accessible structure" time="0.085621666">
        </testcase>
        <testcase classname="tests/components/a11y.test.tsx" name="Component Test: Accessibility (a11y) &gt; components should have proper ARIA labels when needed" time="0.027606208">
        </testcase>
    </testsuite>
    <testsuite name="tests/components/AIChat/ArtifactsPanel.test.tsx" timestamp="2026-01-20T17:36:40.757Z" hostname="MacBook-Pro-Piotr.local" tests="2" failures="0" errors="0" skipped="0" time="3.438137416">
        <testcase classname="tests/components/AIChat/ArtifactsPanel.test.tsx" name="ArtifactsPanel Component &gt; renders component" time="3.132753125">
        </testcase>
        <testcase classname="tests/components/AIChat/ArtifactsPanel.test.tsx" name="ArtifactsPanel Component &gt; renders without crashing" time="0.051254292">
        </testcase>
    </testsuite>
    <testsuite name="tests/components/AIChat/FocusModeSelector.test.tsx" timestamp="2026-01-20T17:36:40.766Z" hostname="MacBook-Pro-Piotr.local" tests="2" failures="0" errors="0" skipped="0" time="0.47715175">
        <testcase classname="tests/components/AIChat/FocusModeSelector.test.tsx" name="FocusModeSelector Component &gt; renders component" time="0.230044917">
        </testcase>
        <testcase classname="tests/components/AIChat/FocusModeSelector.test.tsx" name="FocusModeSelector Component &gt; renders without crashing" time="0.243422666">
        </testcase>
    </testsuite>
    <testsuite name="tests/components/AIChat/MessageBubble.test.tsx" timestamp="2026-01-20T17:36:40.773Z" hostname="MacBook-Pro-Piotr.local" tests="2" failures="0" errors="0" skipped="0" time="0.264694834">
        <testcase classname="tests/components/AIChat/MessageBubble.test.tsx" name="MessageBubble Component &gt; renders component" time="0.256807416">
        </testcase>
        <testcase classname="tests/components/AIChat/MessageBubble.test.tsx" name="MessageBubble Component &gt; renders without crashing" time="0.006346666">
        </testcase>
    </testsuite>
    <testsuite name="tests/components/AIChat/ThinkingBlock.test.tsx" timestamp="2026-01-20T17:36:40.775Z" hostname="MacBook-Pro-Piotr.local" tests="2" failures="0" errors="0" skipped="0" time="1.776829458">
        <testcase classname="tests/components/AIChat/ThinkingBlock.test.tsx" name="ThinkingBlock Component &gt; renders component" time="0.815245208">
        </testcase>
        <testcase classname="tests/components/AIChat/ThinkingBlock.test.tsx" name="ThinkingBlock Component &gt; renders without crashing" time="0.959764833">
        </testcase>
    </testsuite>
    <testsuite name="tests/components/AIChat/UnifiedChatPanel.test.tsx" timestamp="2026-01-20T17:36:40.782Z" hostname="MacBook-Pro-Piotr.local" tests="17" failures="0" errors="0" skipped="0" time="2.836175083">
        <testcase classname="tests/components/AIChat/UnifiedChatPanel.test.tsx" name="UnifiedChatPanel &gt; Rendering &gt; should render in full mode by default" time="0.350727917">
        </testcase>
        <testcase classname="tests/components/AIChat/UnifiedChatPanel.test.tsx" name="UnifiedChatPanel &gt; Rendering &gt; should render in split mode when specified" time="0.120842">
        </testcase>
        <testcase classname="tests/components/AIChat/UnifiedChatPanel.test.tsx" name="UnifiedChatPanel &gt; Rendering &gt; should show focus mode selector" time="0.143885416">
        </testcase>
        <testcase classname="tests/components/AIChat/UnifiedChatPanel.test.tsx" name="UnifiedChatPanel &gt; Rendering &gt; should hide focus mode selector when disabled" time="0.033537917">
        </testcase>
        <testcase classname="tests/components/AIChat/UnifiedChatPanel.test.tsx" name="UnifiedChatPanel &gt; Rendering &gt; should show history trigger button" time="0.006468333">
        </testcase>
        <testcase classname="tests/components/AIChat/UnifiedChatPanel.test.tsx" name="UnifiedChatPanel &gt; Rendering &gt; should show mode toggle button" time="0.210141667">
        </testcase>
        <testcase classname="tests/components/AIChat/UnifiedChatPanel.test.tsx" name="UnifiedChatPanel &gt; Welcome State &gt; should show welcome message when no messages" time="0.0924855">
        </testcase>
        <testcase classname="tests/components/AIChat/UnifiedChatPanel.test.tsx" name="UnifiedChatPanel &gt; Interaction &gt; should have enabled input when not disabled" time="0.015822083">
        </testcase>
        <testcase classname="tests/components/AIChat/UnifiedChatPanel.test.tsx" name="UnifiedChatPanel &gt; Interaction &gt; should have disabled input when disabled prop is true" time="0.00711775">
        </testcase>
        <testcase classname="tests/components/AIChat/UnifiedChatPanel.test.tsx" name="UnifiedChatPanel &gt; Interaction &gt; should show custom title when provided" time="0.00670375">
        </testcase>
        <testcase classname="tests/components/AIChat/UnifiedChatPanel.test.tsx" name="UnifiedChatPanel &gt; Interaction &gt; should show workspace context indicator when provided" time="0.021201541">
        </testcase>
        <testcase classname="tests/components/AIChat/UnifiedChatPanel.test.tsx" name="UnifiedChatPanel &gt; Mode Toggle &gt; should call onModeToggle when mode toggle is clicked" time="0.354699542">
        </testcase>
        <testcase classname="tests/components/AIChat/UnifiedChatPanel.test.tsx" name="UnifiedChatPanel &gt; History Panel &gt; should toggle history panel on button click" time="0.092384208">
        </testcase>
        <testcase classname="tests/components/AIChat/UnifiedChatPanel.test.tsx" name="UnifiedChatPanel &gt; Accessibility &gt; should have skip link for keyboard navigation" time="0.123259541">
        </testcase>
        <testcase classname="tests/components/AIChat/UnifiedChatPanel.test.tsx" name="UnifiedChatPanel &gt; Accessibility &gt; should have proper heading structure" time="1.231994417">
        </testcase>
        <testcase classname="tests/components/AIChat/UnifiedChatPanel.test.tsx" name="UnifiedChatPanel &gt; Back Button &gt; should show back button in split mode with onBack callback" time="0.018544083">
        </testcase>
        <testcase classname="tests/components/AIChat/UnifiedChatPanel.test.tsx" name="UnifiedChatPanel &gt; Back Button &gt; should not show back button without onBack callback" time="0.003975542">
        </testcase>
    </testsuite>
    <testsuite name="tests/components/AISettings/ProactivitySelector.test.tsx" timestamp="2026-01-20T17:36:40.875Z" hostname="MacBook-Pro-Piotr.local" tests="2" failures="0" errors="0" skipped="0" time="0.019842291">
        <testcase classname="tests/components/AISettings/ProactivitySelector.test.tsx" name="ProactivitySelector Component &gt; shows levels" time="0.007658875">
        </testcase>
        <testcase classname="tests/components/AISettings/ProactivitySelector.test.tsx" name="ProactivitySelector Component &gt; handles change" time="0.002038167">
        </testcase>
    </testsuite>
    <testsuite name="tests/components/Admin/AIModule.test.tsx" timestamp="2026-01-20T17:36:40.932Z" hostname="MacBook-Pro-Piotr.local" tests="2" failures="0" errors="0" skipped="0" time="0.56465875">
        <testcase classname="tests/components/Admin/AIModule.test.tsx" name="AIModule &gt; renders AI module" time="0.537412">
        </testcase>
        <testcase classname="tests/components/Admin/AIModule.test.tsx" name="AIModule &gt; renders without crashing" time="0.021436709">
        </testcase>
    </testsuite>
    <testsuite name="tests/components/Admin/AIPerformanceDashboard.test.tsx" timestamp="2026-01-20T17:36:40.943Z" hostname="MacBook-Pro-Piotr.local" tests="2" failures="0" errors="0" skipped="0" time="0.486340625">
        <testcase classname="tests/components/Admin/AIPerformanceDashboard.test.tsx" name="AIPerformanceDashboard &gt; renders dashboard" time="0.399787542">
        </testcase>
        <testcase classname="tests/components/Admin/AIPerformanceDashboard.test.tsx" name="AIPerformanceDashboard &gt; renders without crashing" time="0.072150375">
        </testcase>
    </testsuite>
    <testsuite name="tests/components/Admin/AdminLayout.test.tsx" timestamp="2026-01-20T17:36:40.955Z" hostname="MacBook-Pro-Piotr.local" tests="2" failures="0" errors="0" skipped="0" time="1.179679833">
        <testcase classname="tests/components/Admin/AdminLayout.test.tsx" name="AdminLayout &gt; renders layout with children" time="1.025234083">
        </testcase>
        <testcase classname="tests/components/Admin/AdminLayout.test.tsx" name="AdminLayout &gt; renders without crashing" time="0.003705417">
        </testcase>
    </testsuite>
    <testsuite name="tests/components/Admin/AdminSidebar.test.tsx" timestamp="2026-01-20T17:36:40.966Z" hostname="MacBook-Pro-Piotr.local" tests="2" failures="0" errors="0" skipped="0" time="0.447433125">
        <testcase classname="tests/components/Admin/AdminSidebar.test.tsx" name="AdminSidebar &gt; renders sidebar" time="0.403282542">
        </testcase>
        <testcase classname="tests/components/Admin/AdminSidebar.test.tsx" name="AdminSidebar &gt; renders without crashing" time="0.037492375">
        </testcase>
    </testsuite>
    <testsuite name="tests/components/Admin/AuditLogViewer.test.tsx" timestamp="2026-01-20T17:36:40.973Z" hostname="MacBook-Pro-Piotr.local" tests="2" failures="0" errors="0" skipped="0" time="0.43114875">
        <testcase classname="tests/components/Admin/AuditLogViewer.test.tsx" name="AuditLogViewer &gt; renders audit log viewer" time="0.348923625">
        </testcase>
        <testcase classname="tests/components/Admin/AuditLogViewer.test.tsx" name="AuditLogViewer &gt; renders without crashing" time="0.058608208">
        </testcase>
    </testsuite>
    <testsuite name="tests/components/Admin/BillingModule.test.tsx" timestamp="2026-01-20T17:36:40.977Z" hostname="MacBook-Pro-Piotr.local" tests="2" failures="0" errors="0" skipped="0" time="0.193734958">
        <testcase classname="tests/components/Admin/BillingModule.test.tsx" name="BillingModule &gt; renders billing module" time="0.181950708">
        </testcase>
        <testcase classname="tests/components/Admin/BillingModule.test.tsx" name="BillingModule &gt; renders without crashing" time="0.002564375">
        </testcase>
    </testsuite>
    <testsuite name="tests/components/Admin/OverviewModule.test.tsx" timestamp="2026-01-20T17:36:40.985Z" hostname="MacBook-Pro-Piotr.local" tests="2" failures="0" errors="0" skipped="0" time="0.665516292">
        <testcase classname="tests/components/Admin/OverviewModule.test.tsx" name="OverviewModule &gt; renders overview module" time="0.450820459">
        </testcase>
        <testcase classname="tests/components/Admin/OverviewModule.test.tsx" name="OverviewModule &gt; renders without crashing" time="0.098276417">
        </testcase>
    </testsuite>
    <testsuite name="tests/components/Admin/PromptManagementUI.test.tsx" timestamp="2026-01-20T17:36:40.990Z" hostname="MacBook-Pro-Piotr.local" tests="2" failures="0" errors="0" skipped="0" time="0.633877417">
        <testcase classname="tests/components/Admin/PromptManagementUI.test.tsx" name="PromptManagementUI &gt; renders prompt management UI" time="0.570161083">
        </testcase>
        <testcase classname="tests/components/Admin/PromptManagementUI.test.tsx" name="PromptManagementUI &gt; renders without crashing" time="0.061508917">
        </testcase>
    </testsuite>
    <testsuite name="tests/components/Admin/SecurityModule.test.tsx" timestamp="2026-01-20T17:36:41.002Z" hostname="MacBook-Pro-Piotr.local" tests="2" failures="0" errors="0" skipped="0" time="0.367122083">
        <testcase classname="tests/components/Admin/SecurityModule.test.tsx" name="SecurityModule &gt; renders security module" time="0.252426125">
        </testcase>
        <testcase classname="tests/components/Admin/SecurityModule.test.tsx" name="SecurityModule &gt; renders without crashing" time="0.107440375">
        </testcase>
    </testsuite>
    <testsuite name="tests/components/Admin/TeamModule.test.tsx" timestamp="2026-01-20T17:36:41.016Z" hostname="MacBook-Pro-Piotr.local" tests="2" failures="0" errors="0" skipped="0" time="1.151540625">
        <testcase classname="tests/components/Admin/TeamModule.test.tsx" name="TeamModule &gt; renders team module" time="0.889787541">
        </testcase>
        <testcase classname="tests/components/Admin/TeamModule.test.tsx" name="TeamModule &gt; renders without crashing" time="0.18375275">
        </testcase>
    </testsuite>
    <testsuite name="tests/components/Admin/WorkspaceModule.test.tsx" timestamp="2026-01-20T17:36:41.026Z" hostname="MacBook-Pro-Piotr.local" tests="2" failures="0" errors="0" skipped="0" time="2.439452625">
        <testcase classname="tests/components/Admin/WorkspaceModule.test.tsx" name="WorkspaceModule &gt; renders workspace module" time="2.363930709">
        </testcase>
        <testcase classname="tests/components/Admin/WorkspaceModule.test.tsx" name="WorkspaceModule &gt; renders without crashing" time="0.017120167">
        </testcase>
    </testsuite>
    <testsuite name="tests/components/Charts/ComparisonRadarChart.test.tsx" timestamp="2026-01-20T17:36:41.042Z" hostname="MacBook-Pro-Piotr.local" tests="2" failures="0" errors="0" skipped="0" time="0.095205875">
        <testcase classname="tests/components/Charts/ComparisonRadarChart.test.tsx" name="ComparisonRadarChart Component &gt; renders component" time="0.091589834">
        </testcase>
        <testcase classname="tests/components/Charts/ComparisonRadarChart.test.tsx" name="ComparisonRadarChart Component &gt; renders without crashing" time="0.001822">
        </testcase>
    </testsuite>
    <testsuite name="tests/components/Charts/RadarChart.test.tsx" timestamp="2026-01-20T17:36:41.051Z" hostname="MacBook-Pro-Piotr.local" tests="2" failures="0" errors="0" skipped="0" time="0.163444459">
        <testcase classname="tests/components/Charts/RadarChart.test.tsx" name="RadarChart Component &gt; renders component" time="0.158366375">
        </testcase>
        <testcase classname="tests/components/Charts/RadarChart.test.tsx" name="RadarChart Component &gt; renders without crashing" time="0.001923541">
        </testcase>
    </testsuite>
    <testsuite name="tests/components/Discovery/DiscoveryConsultantView.test.tsx" timestamp="2026-01-20T17:36:41.057Z" hostname="MacBook-Pro-Piotr.local" tests="4" failures="3" errors="0" skipped="0" time="1.48410975">
        <testcase classname="tests/components/Discovery/DiscoveryConsultantView.test.tsx" name="DiscoveryConsultantView &gt; renders without crashing" time="0.596935292">
            <failure message="getVersions is not a function" type="TypeError">
TypeError: getVersions is not a function
 ❯ VersionSelector src/components/Discovery/DiscoveryFooterActions.tsx:19:20
 ❯ Object.react_stack_bottom_frame node_modules/react-dom/cjs/react-dom-client.development.js:25904:20
 ❯ renderWithHooks node_modules/react-dom/cjs/react-dom-client.development.js:7662:22
 ❯ updateFunctionComponent node_modules/react-dom/cjs/react-dom-client.development.js:10166:19
 ❯ beginWork node_modules/react-dom/cjs/react-dom-client.development.js:11778:18
 ❯ runWithFiberInDEV node_modules/react-dom/cjs/react-dom-client.development.js:874:13
 ❯ performUnitOfWork node_modules/react-dom/cjs/react-dom-client.development.js:17641:22
 ❯ workLoopSync node_modules/react-dom/cjs/react-dom-client.development.js:17469:41
 ❯ renderRootSync node_modules/react-dom/cjs/react-dom-client.development.js:17450:11
 ❯ performWorkOnRoot node_modules/react-dom/cjs/react-dom-client.development.js:16583:35
            </failure>
            <failure message="getVersions is not a function" type="TypeError">
TypeError: getVersions is not a function
 ❯ VersionSelector src/components/Discovery/DiscoveryFooterActions.tsx:19:20
 ❯ Object.react_stack_bottom_frame node_modules/react-dom/cjs/react-dom-client.development.js:25904:20
 ❯ renderWithHooks node_modules/react-dom/cjs/react-dom-client.development.js:7662:22
 ❯ updateFunctionComponent node_modules/react-dom/cjs/react-dom-client.development.js:10166:19
 ❯ beginWork node_modules/react-dom/cjs/react-dom-client.development.js:11778:18
 ❯ runWithFiberInDEV node_modules/react-dom/cjs/react-dom-client.development.js:874:13
 ❯ performUnitOfWork node_modules/react-dom/cjs/react-dom-client.development.js:17641:22
 ❯ workLoopSync node_modules/react-dom/cjs/react-dom-client.development.js:17469:41
 ❯ renderRootSync node_modules/react-dom/cjs/react-dom-client.development.js:17450:11
 ❯ performWorkOnRoot node_modules/react-dom/cjs/react-dom-client.development.js:16583:35
            </failure>
        </testcase>
        <testcase classname="tests/components/Discovery/DiscoveryConsultantView.test.tsx" name="DiscoveryConsultantView &gt; creates a new session if none exists" time="0.000662834">
        </testcase>
        <testcase classname="tests/components/Discovery/DiscoveryConsultantView.test.tsx" name="DiscoveryConsultantView &gt; displays the chat input" time="0.57216175">
            <failure message="getVersions is not a function" type="TypeError">
TypeError: getVersions is not a function
 ❯ VersionSelector src/components/Discovery/DiscoveryFooterActions.tsx:19:20
 ❯ Object.react_stack_bottom_frame node_modules/react-dom/cjs/react-dom-client.development.js:25904:20
 ❯ renderWithHooks node_modules/react-dom/cjs/react-dom-client.development.js:7662:22
 ❯ updateFunctionComponent node_modules/react-dom/cjs/react-dom-client.development.js:10166:19
 ❯ beginWork node_modules/react-dom/cjs/react-dom-client.development.js:11778:18
 ❯ runWithFiberInDEV node_modules/react-dom/cjs/react-dom-client.development.js:874:13
 ❯ performUnitOfWork node_modules/react-dom/cjs/react-dom-client.development.js:17641:22
 ❯ workLoopSync node_modules/react-dom/cjs/react-dom-client.development.js:17469:41
 ❯ renderRootSync node_modules/react-dom/cjs/react-dom-client.development.js:17450:11
 ❯ performWorkOnRoot node_modules/react-dom/cjs/react-dom-client.development.js:16583:35
            </failure>
            <failure message="getVersions is not a function" type="TypeError">
TypeError: getVersions is not a function
 ❯ VersionSelector src/components/Discovery/DiscoveryFooterActions.tsx:19:20
 ❯ Object.react_stack_bottom_frame node_modules/react-dom/cjs/react-dom-client.development.js:25904:20
 ❯ renderWithHooks node_modules/react-dom/cjs/react-dom-client.development.js:7662:22
 ❯ updateFunctionComponent node_modules/react-dom/cjs/react-dom-client.development.js:10166:19
 ❯ beginWork node_modules/react-dom/cjs/react-dom-client.development.js:11778:18
 ❯ runWithFiberInDEV node_modules/react-dom/cjs/react-dom-client.development.js:874:13
 ❯ performUnitOfWork node_modules/react-dom/cjs/react-dom-client.development.js:17641:22
 ❯ workLoopSync node_modules/react-dom/cjs/react-dom-client.development.js:17469:41
 ❯ renderRootSync node_modules/react-dom/cjs/react-dom-client.development.js:17450:11
 ❯ performWorkOnRoot node_modules/react-dom/cjs/react-dom-client.development.js:16583:35
            </failure>
        </testcase>
[...]
tsx"},{"assertionResults":[{"ancestorTitles":["WorkPreferencesSettings Component"],"fullName":"WorkPreferencesSettings Component shows work hours","status":"passed","title":"shows work hours","duration":23.035250000000815,"failureMessages":[],"meta":{}},{"ancestorTitles":["WorkPreferencesSettings Component"],"fullName":"WorkPreferencesSettings Component handles save","status":"passed","title":"handles save","duration":0.6031669999993028,"failureMessages":[],"meta":{}}],"startTime":1768930597310,"endTime":1768930597333.6033,"status":"passed","message":"","name":"/Users/piotrwisniewski/Documents/Antygracity/DRD/consultify/tests/components/settings/WorkPreferencesSettings.test.tsx"},{"assertionResults":[{"ancestorTitles":["SeatAllocationView"],"fullName":"SeatAllocationView renders view","status":"passed","title":"renders view","duration":56.067165999999816,"failureMessages":[],"meta":{}},{"ancestorTitles":["SeatAllocationView"],"fullName":"SeatAllocationView renders without crashing","status":"passed","title":"renders without crashing","duration":2.4767500000007203,"failureMessages":[],"meta":{}}],"startTime":1768930414426,"endTime":1768930414485.4768,"status":"passed","message":"","name":"/Users/piotrwisniewski/Documents/Antygracity/DRD/consultify/tests/components/Admin/billing/SeatAllocationView.test.tsx"},{"assertionResults":[{"ancestorTitles":["GDPRComplianceDashboard"],"fullName":"GDPRComplianceDashboard renders dashboard","status":"passed","title":"renders dashboard","duration":887.9884999999995,"failureMessages":[],"meta":{}},{"ancestorTitles":["GDPRComplianceDashboard"],"fullName":"GDPRComplianceDashboard renders without crashing","status":"passed","title":"renders without crashing","duration":68.34633399999802,"failureMessages":[],"meta":{}}],"startTime":1768930501787,"endTime":1768930502743.3464,"status":"passed","message":"","name":"/Users/piotrwisniewski/Documents/Antygracity/DRD/consultify/tests/components/Admin/compliance/GDPRComplianceDashboard.test.tsx"},{"assertionResults":[{"ancestorTitles":["EnhancedDataTable"],"fullName":"EnhancedDataTable renders table","status":"passed","title":"renders table","duration":60.899625000000015,"failureMessages":[],"meta":{}},{"ancestorTitles":["EnhancedDataTable"],"fullName":"EnhancedDataTable renders without crashing","status":"passed","title":"renders without crashing","duration":136.40137500000037,"failureMessages":[],"meta":{}}],"startTime":1768930428600,"endTime":1768930428797.4014,"status":"passed","message":"","name":"/Users/piotrwisniewski/Documents/Antygracity/DRD/consultify/tests/components/Admin/shared/EnhancedDataTable.test.tsx"},{"assertionResults":[{"ancestorTitles":["CompanyAddressSettings"],"fullName":"CompanyAddressSettings renders settings","status":"passed","title":"renders settings","duration":854.471290999998,"failureMessages":[],"meta":{}},{"ancestorTitles":["CompanyAddressSettings"],"fullName":"CompanyAddressSettings renders without crashing","status":"passed","title":"renders without crashing","duration":102.35504199999923,"failureMessages":[],"meta":{}}],"startTime":1768930470134,"endTime":1768930471090.355,"status":"passed","message":"","name":"/Users/piotrwisniewski/Documents/Antygracity/DRD/consultify/tests/components/Admin/organization/CompanyAddressSettings.test.tsx"},{"assertionResults":[{"ancestorTitles":["DataHostingSettings"],"fullName":"DataHostingSettings renders settings","status":"passed","title":"renders settings","duration":601.3127499999991,"failureMessages":[],"meta":{}},{"ancestorTitles":["DataHostingSettings"],"fullName":"DataHostingSettings renders without crashing","status":"passed","title":"renders without crashing","duration":21.635583000001134,"failureMessages":[],"meta":{}}],"startTime":1768930442109,"endTime":1768930442731.6355,"status":"passed","message":"","name":"/Users/piotrwisniewski/Documents/Antygracity/DRD/consultify/tests/components/Admin/organization/DataHostingSettings.test.tsx"},{"assertionResults":[{"ancestorTitles":["FiscalYearSettings"],"fullName":"FiscalYearSettings renders settings","status":"passed","title":"renders settings","duration":847.9310410000035,"failureMessages":[],"meta":{}},{"ancestorTitles":["FiscalYearSettings"],"fullName":"FiscalYearSettings renders without crashing","status":"passed","title":"renders without crashing","duration":176.87083300000086,"failureMessages":[],"meta":{}}],"startTime":1768930461052,"endTime":1768930462076.8708,"status":"passed","message":"","name":"/Users/piotrwisniewski/Documents/Antygracity/DRD/consultify/tests/components/Admin/organization/FiscalYearSettings.test.tsx"},{"assertionResults":[{"ancestorTitles":["InsightNode"],"fullName":"InsightNode renders without crashing","status":"passed","title":"renders without crashing","duration":548.5404579999995,"failureMessages":[],"meta":{}},{"ancestorTitles":["InsightNode"],"fullName":"InsightNode displays the insight text","status":"passed","title":"displays the insight text","duration":20.895291999997426,"failureMessages":[],"meta":{}},{"ancestorTitles":["InsightNode"],"fullName":"InsightNode shows linked pain points count","status":"passed","title":"shows linked pain points count","duration":6.7604580000006536,"failureMessages":[],"meta":{}},{"ancestorTitles":["InsightNode"],"fullName":"InsightNode applies selected styles when selected","status":"passed","title":"applies selected styles when selected","duration":164.94937500000015,"failureMessages":[],"meta":{}},{"ancestorTitles":["InsightNode"],"fullName":"InsightNode renders handles for connections","status":"passed","title":"renders handles for connections","duration":33.71187500000087,"failureMessages":[],"meta":{}},{"ancestorTitles":["InsightNode"],"fullName":"InsightNode handles empty linked pains","status":"passed","title":"handles empty linked pains","duration":250.01912500000253,"failureMessages":[],"meta":{}},{"ancestorTitles":["InsightNode"],"fullName":"InsightNode indicates AI-generated insights","status":"passed","title":"indicates AI-generated insights","duration":7.26050000000032,"failureMessages":[],"meta":{}}],"startTime":1768930378382,"endTime":1768930379414.2605,"status":"passed","message":"","name":"/Users/piotrwisniewski/Documents/Antygracity/DRD/consultify/tests/components/Discovery/nodes/InsightNode.test.tsx"},{"assertionResults":[{"ancestorTitles":["PainPointNode"],"fullName":"PainPointNode renders without crashing","status":"passed","title":"renders without crashing","duration":314.6403339999997,"failureMessages":[],"meta":{}},{"ancestorTitles":["PainPointNode"],"fullName":"PainPointNode displays the pain point text","status":"passed","title":"displays the pain point text","duration":4.515583000000333,"failureMessages":[],"meta":{}},{"ancestorTitles":["PainPointNode"],"fullName":"PainPointNode shows severity indicators","status":"passed","title":"shows severity indicators","duration":4.551165999997465,"failureMessages":[],"meta":{}},{"ancestorTitles":["PainPointNode"],"fullName":"PainPointNode applies selected styles when selected","status":"passed","title":"applies selected styles when selected","duration":3.6807079999998678,"failureMessages":[],"meta":{}},{"ancestorTitles":["PainPointNode"],"fullName":"PainPointNode renders handles for connections","status":"passed","title":"renders handles for connections","duration":163.42933300000004,"failureMessages":[],"meta":{}},{"ancestorTitles":["PainPointNode"],"fullName":"PainPointNode displays area badge","status":"passed","title":"displays area badge","duration":3.41204099999959,"failureMessages":[],"meta":{}},{"ancestorTitles":["PainPointNode"],"fullName":"PainPointNode handles different severity levels","status":"passed","title":"handles different severity levels","duration":2.280624999999418,"failureMessages":[],"meta":{}},{"ancestorTitles":["PainPointNode"],"fullName":"PainPointNode handles different pain areas","status":"passed","title":"handles different pain areas","duration":20.140000000003056,"failureMessages":[],"meta":{}}],"startTime":1768930378314,"endTime":1768930378830.14,"status":"passed","message":"","name":"/Users/piotrwisniewski/Documents/Antygracity/DRD/consultify/tests/components/Discovery/nodes/PainPointNode.test.tsx"},{"assertionResults":[{"ancestorTitles":["BulkUserImport"],"fullName":"BulkUserImport renders import modal","status":"passed","title":"renders import modal","duration":231.936334,"failureMessages":[],"meta":{}},{"ancestorTitles":["BulkUserImport"],"fullName":"BulkUserImport renders without crashing","status":"passed","title":"renders without crashing","duration":28.8060830000004,"failureMessages":[],"meta":{}}],"startTime":1768930423631,"endTime":1768930423891.8062,"status":"passed","message":"","name":"/Users/piotrwisniewski/Documents/Antygracity/DRD/consultify/tests/components/Admin/team/BulkUserImport.test.tsx"},{"assertionResults":[{"ancestorTitles":["ManagerSelector"],"fullName":"ManagerSelector renders selector","status":"passed","title":"renders selector","duration":566.098750000001,"failureMessages":[],"meta":{}},{"ancestorTitles":["ManagerSelector"],"fullName":"ManagerSelector renders without crashing","status":"passed","title":"renders without crashing","duration":17.14483299999847,"failureMessages":[],"meta":{}}],"startTime":1768930464160,"endTime":1768930464744.1448,"status":"passed","message":"","name":"/Users/piotrwisniewski/Documents/Antygracity/DRD/consultify/tests/components/Admin/team/ManagerSelector.test.tsx"},{"assertionResults":[{"ancestorTitles":["WorkingHoursEditor"],"fullName":"WorkingHoursEditor renders editor","status":"passed","title":"renders editor","duration":374.3797089999998,"failureMessages":[],"meta":{}},{"ancestorTitles":["WorkingHoursEditor"],"fullName":"WorkingHoursEditor renders without crashing","status":"passed","title":"renders without crashing","duration":46.97645800000009,"failureMessages":[],"meta":{}},{"ancestorTitles":["WorkingHoursEditor"],"fullName":"WorkingHoursEditor displays weekly hours","status":"passed","title":"displays weekly hours","duration":113.98183399999925,"failureMessages":[],"meta":{}}],"startTime":1768930432961,"endTime":1768930433495.982,"status":"passed","message":"","name":"/Users/piotrwisniewski/Documents/Antygracity/DRD/consultify/tests/components/Admin/team/WorkingHoursEditor.test.tsx"},{"assertionResults":[{"ancestorTitles":["BottleneckAlerts Component"],"fullName":"BottleneckAlerts Component shows alerts","status":"passed","title":"shows alerts","duration":21.18354200000067,"failureMessages":[],"meta":{}},{"ancestorTitles":["BottleneckAlerts Component"],"fullName":"BottleneckAlerts Component displays severity","status":"passed","title":"displays severity","duration":1.0142919999998412,"failureMessages":[],"meta":{}}],"startTime":1768930584876,"endTime":1768930584898.0144,"status":"passed","message":"","name":"/Users/piotrwisniewski/Documents/Antygracity/DRD/consultify/tests/components/MyWork/Dashboard/BottleneckAlerts.test.tsx"},{"assertionResults":[{"ancestorTitles":["WorkloadHeatmap Component"],"fullName":"WorkloadHeatmap Component renders heatmap","status":"passed","title":"renders heatmap","duration":3.091791999999259,"failureMessages":[],"meta":{}},{"ancestorTitles":["WorkloadHeatmap Component"],"fullName":"WorkloadHeatmap Component shows intensity levels","status":"passed","title":"shows intensity levels","duration":14.762624999999389,"failureMessages":[],"meta":{}}],"startTime":1768930588623,"endTime":1768930588640.7627,"status":"passed","message":"","name":"/Users/piotrwisniewski/Documents/Antygracity/DRD/consultify/tests/components/MyWork/Dashboard/WorkloadHeatmap.test.tsx"},{"assertionResults":[{"ancestorTitles":["ApprovalWorkflow Component"],"fullName":"ApprovalWorkflow Component shows approval steps","status":"passed","title":"shows approval steps","duration":7.760582999999315,"failureMessages":[],"meta":{}},{"ancestorTitles":["ApprovalWorkflow Component"],"fullName":"ApprovalWorkflow Component handles approve action","status":"passed","title":"handles approve action","duration":2.2013329999990674,"failureMessages":[],"meta":{}},{"ancestorTitles":["ApprovalWorkflow Component"],"fullName":"ApprovalWorkflow Component handles reject action","status":"passed","title":"handles reject action","duration":0.2313750000012078,"failureMessages":[],"meta":{}},{"ancestorTitles":["ApprovalWorkflow Component"],"fullName":"ApprovalWorkflow Component displays current status","status":"passed","title":"displays current status","duration":0.2983750000003056,"failureMessages":[],"meta":{}}],"startTime":1768930571425,"endTime":1768930571435.2983,"status":"passed","message":"","name":"/Users/piotrwisniewski/Documents/Antygracity/DRD/consultify/tests/components/Reports/Management/ApprovalWorkflow.test.tsx"},{"assertionResults":[{"ancestorTitles":["ManagementReportsView Component"],"fullName":"ManagementReportsView Component lists reports","status":"passed","title":"lists reports","duration":7.63445800000045,"failureMessages":[],"meta":{}},{"ancestorTitles":["ManagementReportsView Component"],"fullName":"ManagementReportsView Component handles report selection","status":"passed","title":"handles report selection","duration":0.5274580000004789,"failureMessages":[],"meta":{}},{"ancestorTitles":["ManagementReportsView Component"],"fullName":"ManagementReportsView Component filters by type","status":"passed","title":"filters by type","duration":0.41720899999927497,"failureMessages":[],"meta":{}},{"ancestorTitles":["ManagementReportsView Component"],"fullName":"ManagementReportsView Component supports search","status":"passed","title":"supports search","duration":5.002707999999984,"failureMessages":[],"meta":{}}],"startTime":1768930556027,"endTime":1768930556040.0027,"status":"passed","message":"","name":"/Users/piotrwisniewski/Documents/Antygracity/DRD/consultify/tests/components/Reports/Management/ManagementReportsView.test.tsx"},{"assertionResults":[{"ancestorTitles":["ReportComments Component"],"fullName":"ReportComments Component displays comments","status":"passed","title":"displays comments","duration":23.13379200000054,"failureMessages":[],"meta":{}},{"ancestorTitles":["ReportComments Component"],"fullName":"ReportComments Component handles add comment","status":"passed","title":"handles add comment","duration":8.748209000001225,"failureMessages":[],"meta":{}},{"ancestorTitles":["ReportComments Component"],"fullName":"ReportComments Component handles reply","status":"passed","title":"handles reply","duration":0.24862500000017462,"failureMessages":[],"meta":{}},{"ancestorTitles":["ReportComments Component"],"fullName":"ReportComments Component shows comment thread","status":"passed","title":"shows comment thread","duration":0.29979200000161654,"failureMessages":[],"meta":{}}],"startTime":1768930509319,"endTime":1768930509351.2998,"status":"passed","message":"","name":"/Users/piotrwisniewski/Documents/Antygracity/DRD/consultify/tests/components/Reports/Management/ReportComments.test.tsx"},{"assertionResults":[{"ancestorTitles":["SteeringCommitteeReport Component"],"fullName":"SteeringCommitteeReport Component renders report sections","status":"passed","title":"renders report sections","duration":2.4509170000001177,"failureMessages":[],"meta":{}},{"ancestorTitles":["SteeringCommitteeReport Component"],"fullName":"SteeringCommitteeReport Component displays metrics","status":"passed","title":"displays metrics","duration":8.186041999999361,"failureMessages":[],"meta":{}},{"ancestorTitles":["SteeringCommitteeReport Component"],"fullName":"SteeringCommitteeReport Component handles export","status":"passed","title":"handles export","duration":6.384292000000642,"failureMessages":[],"meta":{}}],"startTime":1768930573208,"endTime":1768930573225.3843,"status":"passed","message":"","name":"/Users/piotrwisniewski/Documents/Antygracity/DRD/consultify/tests/components/Reports/Management/SteeringCommitteeReport.test.tsx"},{"assertionResults":[{"ancestorTitles":["TeamMeetingReport Component"],"fullName":"TeamMeetingReport Component renders meeting details","status":"passed","title":"renders meeting details","duration":16.699749999999767,"failureMessages":[],"meta":{}},{"ancestorTitles":["TeamMeetingReport Component"],"fullName":"TeamMeetingReport Component shows action items","status":"passed","title":"shows action items","duration":1.8041249999987485,"failureMessages":[],"meta":{}},{"ancestorTitles":["TeamMeetingReport Component"],"fullName":"TeamMeetingReport Component handles save","status":"passed","title":"handles save","duration":1.0051249999996799,"failureMessages":[],"meta":{}}],"startTime":1768930542576,"endTime":1768930542596.0051,"status":"passed","message":"","name":"/Users/piotrwisniewski/Documents/Antygracity/DRD/consultify/tests/components/Reports/Management/TeamMeetingReport.test.tsx"},{"assertionResults":[{"ancestorTitles":["VersionHistory Component"],"fullName":"VersionHistory Component lists versions","status":"passed","title":"lists versions","duration":25.757791999998517,"failureMessages":[],"meta":{}},{"ancestorTitles":["VersionHistory Component"],"fullName":"VersionHistory Component handles version restore","status":"passed","title":"handles version restore","duration":0.6404170000005251,"failureMessages":[],"meta":{}},{"ancestorTitles":["VersionHistory Component"],"fullName":"VersionHistory Component shows diff","status":"passed","title":"shows diff","duration":5.375208000001294,"failureMessages":[],"meta":{}},{"ancestorTitles":["VersionHistory Component"],"fullName":"VersionHistory Component handles compare","status":"passed","title":"handles compare","duration":0.5354580000002898,"failureMessages":[],"meta":{}}],"startTime":1768930568681,"endTime":1768930568713.5354,"status":"passed","message":"","name":"/Users/piotrwisniewski/Documents/Antygracity/DRD/consultify/tests/components/Reports/Management/VersionHistory.test.tsx"},{"assertionResults":[{"ancestorTitles":["SIRIAssessmentMap Component"],"fullName":"SIRIAssessmentMap Component renders map","status":"passed","title":"renders map","duration":1.4329579999994166,"failureMessages":[],"meta":{}},{"ancestorTitles":["SIRIAssessmentMap Component"],"fullName":"SIRIAssessmentMap Component shows assessment areas","status":"passed","title":"shows assessment areas","duration":13.096708000000945,"failureMessages":[],"meta":{}},{"ancestorTitles":["SIRIAssessmentMap Component"],"fullName":"SIRIAssessmentMap Component handles area selection","status":"passed","title":"handles area selection","duration":7.109709000000294,"failureMessages":[],"meta":{}}],"startTime":1768930574866,"endTime":1768930574900.1096,"status":"passed","message":"","name":"/Users/piotrwisniewski/Documents/Antygracity/DRD/consultify/tests/components/assessment/maps/SIRIAssessmentMap.test.tsx"},{"assertionResults":[{"ancestorTitles":["MultiFrameworkStageGateModal Component"],"fullName":"MultiFrameworkStageGateModal Component shows modal","status":"passed","title":"shows modal","duration":1.4938750000001164,"failureMessages":[],"meta":{}},{"ancestorTitles":["MultiFrameworkStageGateModal Component"],"fullName":"MultiFrameworkStageGateModal Component displays frameworks","status":"passed","title":"displays frameworks","duration":15.949416999999812,"failureMessages":[],"meta":{}},{"ancestorTitles":["MultiFrameworkStageGateModal Component"],"fullName":"MultiFrameworkStageGateModal Component handles close","status":"passed","title":"handles close","duration":0.6718330000003334,"failureMessages":[],"meta":{}},{"ancestorTitles":["MultiFrameworkStageGateModal Component"],"fullName":"MultiFrameworkStageGateModal Component handles stage selection","status":"passed","title":"handles stage selection","duration":101.02904200000194,"failureMessages":[],"meta":{}}],"startTime":1768930554908,"endTime":1768930555027.029,"status":"passed","message":"","name":"/Users/piotrwisniewski/Documents/Antygracity/DRD/consultify/tests/components/assessment/modals/MultiFrameworkStageGateModal.test.tsx"}]}