<?xml version="1.0" encoding="UTF-8" ?>
<testsuites name="vitest tests" tests="1" failures="1" errors="0" time="0">
    <testsuite name="tests/backend/ai/aiPipeline.integration.test.js" timestamp="2026-01-01T15:04:05.576Z" hostname="MacBook-Pro-Piotr.local" tests="1" failures="1" errors="0" skipped="0" time="0">
        <testcase classname="tests/backend/ai/aiPipeline.integration.test.js" name="tests/backend/ai/aiPipeline.integration.test.js" time="0">
            <failure message="Failed to parse source for import analysis because the content contains invalid JS syntax. If you are using JSX, make sure to name the file with the .jsx or .tsx extension." type="Error">
Error: Failed to parse source for import analysis because the content contains invalid JS syntax. If you are using JSX, make sure to name the file with the .jsx or .tsx extension.
  Plugin: vite:import-analysis
  File: /Users/piotrwisniewski/Documents/Antygracity/DRD/consultify/tests/backend/ai/aiPipeline.integration.test.js:1:1
  1  |  /**
     |  ^
  2  |   * AI Pipeline Integration Tests
  3  |   * Tests the unified AI pipeline with capability-based routing
 ❯ TransformPluginContext._formatLog node_modules/vite/dist/node/chunks/dep-D4NMHUTW.js:42528:41
 ❯ TransformPluginContext.error node_modules/vite/dist/node/chunks/dep-D4NMHUTW.js:42525:16
 ❯ TransformPluginContext.transform node_modules/vite/dist/node/chunks/dep-D4NMHUTW.js:40455:14
 ❯ EnvironmentPluginContainer.transform node_modules/vite/dist/node/chunks/dep-D4NMHUTW.js:42323:18
 ❯ loadAndTransform node_modules/vite/dist/node/chunks/dep-D4NMHUTW.js:35739:27
            </failure>
        </testcase>
    </testsuite>
</testsuites>
