<?xml version="1.0" encoding="UTF-8" ?>
<testsuites name="vitest tests" tests="171" failures="0" errors="0" time="6.994296708">
    <testsuite name="tests/components/LoadingScreen.test.tsx" timestamp="2025-12-13T07:49:52.505Z" hostname="MacBook-Air-Piotr.local" tests="2" failures="0" errors="0" skipped="0" time="0.462520416">
        <testcase classname="tests/components/LoadingScreen.test.tsx" name="Component Test: LoadingScreen &gt; renders loading spinner" time="0.45763875">
        </testcase>
        <testcase classname="tests/components/LoadingScreen.test.tsx" name="Component Test: LoadingScreen &gt; has correct styling classes" time="0.00310425">
        </testcase>
    </testsuite>
    <testsuite name="tests/components/PlanCard.test.tsx" timestamp="2025-12-13T07:49:52.506Z" hostname="MacBook-Air-Piotr.local" tests="7" failures="0" errors="0" skipped="0" time="0.464595875">
        <testcase classname="tests/components/PlanCard.test.tsx" name="Component Test: PlanCard &gt; renders plan name and price" time="0.18317525">
        </testcase>
        <testcase classname="tests/components/PlanCard.test.tsx" name="Component Test: PlanCard &gt; displays current plan badge when isCurrentPlan is true" time="0.188385125">
        </testcase>
        <testcase classname="tests/components/PlanCard.test.tsx" name="Component Test: PlanCard &gt; displays popular badge when isPopular is true" time="0.023168834">
        </testcase>
        <testcase classname="tests/components/PlanCard.test.tsx" name="Component Test: PlanCard &gt; calls onSelect when select button is clicked" time="0.024675125">
        </testcase>
        <testcase classname="tests/components/PlanCard.test.tsx" name="Component Test: PlanCard &gt; disables select button when disabled is true" time="0.0115605">
        </testcase>
        <testcase classname="tests/components/PlanCard.test.tsx" name="Component Test: PlanCard &gt; displays features list" time="0.007600459">
        </testcase>
        <testcase classname="tests/components/PlanCard.test.tsx" name="Component Test: PlanCard &gt; shows API access for premium plans" time="0.012152167">
        </testcase>
    </testsuite>
    <testsuite name="tests/components/QuotaWarningBanner.test.tsx" timestamp="2025-12-13T07:49:52.509Z" hostname="MacBook-Air-Piotr.local" tests="7" failures="0" errors="0" skipped="0" time="0.827242333">
        <testcase classname="tests/components/QuotaWarningBanner.test.tsx" name="Component Test: QuotaWarningBanner &gt; does not render when usage is below threshold" time="0.020414">
        </testcase>
        <testcase classname="tests/components/QuotaWarningBanner.test.tsx" name="Component Test: QuotaWarningBanner &gt; renders warning when token usage is high" time="0.037617375">
        </testcase>
        <testcase classname="tests/components/QuotaWarningBanner.test.tsx" name="Component Test: QuotaWarningBanner &gt; renders warning when storage usage is high" time="0.005403542">
        </testcase>
        <testcase classname="tests/components/QuotaWarningBanner.test.tsx" name="Component Test: QuotaWarningBanner &gt; displays critical message when usage is very high" time="0.003626333">
        </testcase>
        <testcase classname="tests/components/QuotaWarningBanner.test.tsx" name="Component Test: QuotaWarningBanner &gt; calls onUpgrade when upgrade button is clicked" time="0.0141395">
        </testcase>
        <testcase classname="tests/components/QuotaWarningBanner.test.tsx" name="Component Test: QuotaWarningBanner &gt; calls onDismiss when dismiss button is clicked" time="0.722458417">
        </testcase>
        <testcase classname="tests/components/QuotaWarningBanner.test.tsx" name="Component Test: QuotaWarningBanner &gt; handles both token and storage warnings" time="0.018379584">
        </testcase>
    </testsuite>
    <testsuite name="tests/unit/analytics.service.test.ts" timestamp="2025-12-13T07:49:52.511Z" hostname="MacBook-Air-Piotr.local" tests="8" failures="0" errors="0" skipped="0" time="0.004113125">
        <testcase classname="tests/unit/analytics.service.test.ts" name="Service Test: Analytics &gt; calculateAnalytics &gt; calculates analytics for empty arrays" time="0.001261375">
        </testcase>
        <testcase classname="tests/unit/analytics.service.test.ts" name="Service Test: Analytics &gt; calculateAnalytics &gt; calculates completion rate correctly" time="0.000298791">
        </testcase>
        <testcase classname="tests/unit/analytics.service.test.ts" name="Service Test: Analytics &gt; calculateAnalytics &gt; calculates initiative statistics" time="0.000254458">
        </testcase>
        <testcase classname="tests/unit/analytics.service.test.ts" name="Service Test: Analytics &gt; calculateAnalytics &gt; calculates total cost and benefit" time="0.000152417">
        </testcase>
        <testcase classname="tests/unit/analytics.service.test.ts" name="Service Test: Analytics &gt; generateBurnDownData &gt; generates burn down data for date range" time="0.000389375">
        </testcase>
        <testcase classname="tests/unit/analytics.service.test.ts" name="Service Test: Analytics &gt; generateBurnDownData &gt; handles empty task list" time="0.000082583">
        </testcase>
        <testcase classname="tests/unit/analytics.service.test.ts" name="Service Test: Analytics &gt; generateVelocityData &gt; generates velocity data for specified weeks" time="0.000170834">
        </testcase>
        <testcase classname="tests/unit/analytics.service.test.ts" name="Service Test: Analytics &gt; generateVelocityData &gt; uses default 8 weeks when not specified" time="0.00006475">
        </testcase>
    </testsuite>
    <testsuite name="tests/unit/api.service.test.ts" timestamp="2025-12-13T07:49:52.512Z" hostname="MacBook-Air-Piotr.local" tests="6" failures="0" errors="0" skipped="0" time="0.009916083">
        <testcase classname="tests/unit/api.service.test.ts" name="Api Service Unit Tests &gt; login: should store token and return user on success" time="0.007041166">
            <system-out>
Api.login called: { email: [32m&apos;test@test.com&apos;[39m, url: [32m&apos;http://127.0.0.1:3005/api/auth/login&apos;[39m }

Login response status: [90mundefined[39m

Login response data: { token: [32m&apos;abc-123&apos;[39m, user: { id: [32m&apos;1&apos;[39m, email: [32m&apos;test@test.com&apos;[39m } }

            </system-out>
        </testcase>
        <testcase classname="tests/unit/api.service.test.ts" name="Api Service Unit Tests &gt; login: should throw error on failure" time="0.000866708">
            <system-out>
Api.login called: { email: [32m&apos;test@test.com&apos;[39m, url: [32m&apos;http://127.0.0.1:3005/api/auth/login&apos;[39m }

Login response status: [90mundefined[39m

Login response data: { error: [32m&apos;Invalid credentials&apos;[39m }

            </system-out>
        </testcase>
        <testcase classname="tests/unit/api.service.test.ts" name="Api Service Unit Tests &gt; getUsers: should send Authorization header" time="0.000371167">
        </testcase>
        <testcase classname="tests/unit/api.service.test.ts" name="Api Service Unit Tests &gt; getLLMProviders: should return list" time="0.000118584">
        </testcase>
        <testcase classname="tests/unit/api.service.test.ts" name="Api Service Unit Tests &gt; indexKnowledgeFiles: should trigger indexing" time="0.000194708">
        </testcase>
        <testcase classname="tests/unit/api.service.test.ts" name="Api Service Unit Tests &gt; saveSession: should post data" time="0.000160709">
        </testcase>
    </testsuite>
    <testsuite name="tests/unit/drdStructure.test.ts" timestamp="2025-12-13T07:49:52.512Z" hostname="MacBook-Air-Piotr.local" tests="7" failures="0" errors="0" skipped="0" time="0.074847208">
        <testcase classname="tests/unit/drdStructure.test.ts" name="Service Test: drdStructure &gt; exports DRD_STRUCTURE as array" time="0.056130834">
        </testcase>
        <testcase classname="tests/unit/drdStructure.test.ts" name="Service Test: drdStructure &gt; each axis has required properties" time="0.01152175">
        </testcase>
        <testcase classname="tests/unit/drdStructure.test.ts" name="Service Test: drdStructure &gt; each area has required properties" time="0.0011575">
        </testcase>
        <testcase classname="tests/unit/drdStructure.test.ts" name="Service Test: drdStructure &gt; each level has required properties" time="0.004080291">
        </testcase>
        <testcase classname="tests/unit/drdStructure.test.ts" name="Service Test: drdStructure &gt; getQuestionsForAxis &gt; returns areas for valid axis ID" time="0.000115">
        </testcase>
        <testcase classname="tests/unit/drdStructure.test.ts" name="Service Test: drdStructure &gt; getQuestionsForAxis &gt; returns empty array for invalid axis ID" time="0.000353875">
        </testcase>
        <testcase classname="tests/unit/drdStructure.test.ts" name="Service Test: drdStructure &gt; getQuestionsForAxis &gt; returns areas for different axis IDs" time="0.000096">
        </testcase>
    </testsuite>
    <testsuite name="tests/unit/pdfExport.test.ts" timestamp="2025-12-13T07:49:52.513Z" hostname="MacBook-Air-Piotr.local" tests="5" failures="0" errors="0" skipped="0" time="0.269936833">
        <testcase classname="tests/unit/pdfExport.test.ts" name="Service Test: pdfExport &gt; exportReportToPDF &gt; returns false when element is not found" time="0.031669">
            <system-err>
Element with id non-existent not found

            </system-err>
        </testcase>
        <testcase classname="tests/unit/pdfExport.test.ts" name="Service Test: pdfExport &gt; exportReportToPDF &gt; exports PDF successfully" time="0.233381292">
            <system-err>
[vitest] The vi.fn() mock did not use &apos;function&apos; or &apos;class&apos; in its implementation, see https://vitest.dev/api/vi#vi-spyon for examples.
PDF Export failed: TypeError: () =&gt; new MockJsPDF() is not a constructor
    at new j [90m(file:///Users/piotrwisniewski/Documents/Antygracity/DRD/consultify/[39mnode_modules/[4m@vitest/spy[24m/dist/index.js:262:27[90m)[39m
    at Module.exportReportToPDF [90m(/Users/piotrwisniewski/Documents/Antygracity/DRD/consultify/[39mservices/pdf/pdfExport.ts:30:21[90m)[39m
[90m    at processTicksAndRejections (node:internal/process/task_queues:105:5)[39m

            </system-err>
        </testcase>
        <testcase classname="tests/unit/pdfExport.test.ts" name="Service Test: pdfExport &gt; exportReportToPDF &gt; handles errors gracefully" time="0.001583583">
            <system-err>
PDF Export failed: Error: Canvas error
    at [90m/Users/piotrwisniewski/Documents/Antygracity/DRD/consultify/[39mtests/unit/pdfExport.test.ts:79:52
    at [90mfile:///Users/piotrwisniewski/Documents/Antygracity/DRD/consultify/[39mnode_modules/[4m@vitest/runner[24m/dist/index.js:145:11
    at [90mfile:///Users/piotrwisniewski/Documents/Antygracity/DRD/consultify/[39mnode_modules/[4m@vitest/runner[24m/dist/index.js:915:26
    at [90mfile:///Users/piotrwisniewski/Documents/Antygracity/DRD/consultify/[39mnode_modules/[4m@vitest/runner[24m/dist/index.js:1240:20
    at new Promise (&lt;anonymous&gt;)
    at runWithTimeout [90m(file:///Users/piotrwisniewski/Documents/Antygracity/DRD/consultify/[39mnode_modules/[4m@vitest/runner[24m/dist/index.js:1206:10[90m)[39m
    at [90mfile:///Users/piotrwisniewski/Documents/Antygracity/DRD/consultify/[39mnode_modules/[4m@vitest/runner[24m/dist/index.js:1650:37
    at Traces.$ [90m(file:///Users/piotrwisniewski/Documents/Antygracity/DRD/consultify/[39mnode_modules/[4mvitest[24m/dist/chunks/traces.U4xDYhzZ.js:115:27[90m)[39m
    at trace [90m(file:///Users/piotrwisniewski/Documents/Antygracity/DRD/consultify/[39mnode_modules/[4mvitest[24m/dist/chunks/test.BT8LKgU9.js:239:21[90m)[39m
    at runTest [90m(file:///Users/piotrwisniewski/Documents/Antygracity/DRD/consultify/[39mnode_modules/[4m@vitest/runner[24m/dist/index.js:1650:12[90m)[39m

            </system-err>
        </testcase>
        <testcase classname="tests/unit/pdfExport.test.ts" name="Service Test: pdfExport &gt; exportDashboardToPDF &gt; creates PDF with metadata" time="0.000826709">
            <system-err>
[vitest] The vi.fn() mock did not use &apos;function&apos; or &apos;class&apos; in its implementation, see https://vitest.dev/api/vi#vi-spyon for examples.
Dashboard PDF Export failed: TypeError: () =&gt; new MockJsPDF() is not a constructor
    at new j [90m(file:///Users/piotrwisniewski/Documents/Antygracity/DRD/consultify/[39mnode_modules/[4m@vitest/spy[24m/dist/index.js:262:27[90m)[39m
    at Module.exportDashboardToPDF [90m(/Users/piotrwisniewski/Documents/Antygracity/DRD/consultify/[39mservices/pdf/pdfExport.ts:70:21[90m)[39m
    at [90m/Users/piotrwisniewski/Documents/Antygracity/DRD/consultify/[39mtests/unit/pdfExport.test.ts:89:19
    at [90mfile:///Users/piotrwisniewski/Documents/Antygracity/DRD/consultify/[39mnode_modules/[4m@vitest/runner[24m/dist/index.js:145:11
    at [90mfile:///Users/piotrwisniewski/Documents/Antygracity/DRD/consultify/[39mnode_modules/[4m@vitest/runner[24m/dist/index.js:915:26
    at [90mfile:///Users/piotrwisniewski/Documents/Antygracity/DRD/consultify/[39mnode_modules/[4m@vitest/runner[24m/dist/index.js:1240:20
    at new Promise (&lt;anonymous&gt;)
    at runWithTimeout [90m(file:///Users/piotrwisniewski/Documents/Antygracity/DRD/consultify/[39mnode_modules/[4m@vitest/runner[24m/dist/index.js:1206:10[90m)[39m
    at [90mfile:///Users/piotrwisniewski/Documents/Antygracity/DRD/consultify/[39mnode_modules/[4m@vitest/runner[24m/dist/index.js:1650:37
    at Traces.$ [90m(file:///Users/piotrwisniewski/Documents/Antygracity/DRD/consultify/[39mnode_modules/[4mvitest[24m/dist/chunks/traces.U4xDYhzZ.js:115:27[90m)[39m

            </system-err>
        </testcase>
        <testcase classname="tests/unit/pdfExport.test.ts" name="Service Test: pdfExport &gt; exportDashboardToPDF &gt; handles optional metadata" time="0.001183542">
            <system-err>
[vitest] The vi.fn() mock did not use &apos;function&apos; or &apos;class&apos; in its implementation, see https://vitest.dev/api/vi#vi-spyon for examples.
Dashboard PDF Export failed: TypeError: () =&gt; new MockJsPDF() is not a constructor
    at new j [90m(file:///Users/piotrwisniewski/Documents/Antygracity/DRD/consultify/[39mnode_modules/[4m@vitest/spy[24m/dist/index.js:262:27[90m)[39m
    at Module.exportDashboardToPDF [90m(/Users/piotrwisniewski/Documents/Antygracity/DRD/consultify/[39mservices/pdf/pdfExport.ts:70:21[90m)[39m
    at [90m/Users/piotrwisniewski/Documents/Antygracity/DRD/consultify/[39mtests/unit/pdfExport.test.ts:100:19
    at [90mfile:///Users/piotrwisniewski/Documents/Antygracity/DRD/consultify/[39mnode_modules/[4m@vitest/runner[24m/dist/index.js:145:11
    at [90mfile:///Users/piotrwisniewski/Documents/Antygracity/DRD/consultify/[39mnode_modules/[4m@vitest/runner[24m/dist/index.js:915:26
    at [90mfile:///Users/piotrwisniewski/Documents/Antygracity/DRD/consultify/[39mnode_modules/[4m@vitest/runner[24m/dist/index.js:1240:20
    at new Promise (&lt;anonymous&gt;)
    at runWithTimeout [90m(file:///Users/piotrwisniewski/Documents/Antygracity/DRD/consultify/[39mnode_modules/[4m@vitest/runner[24m/dist/index.js:1206:10[90m)[39m
    at [90mfile:///Users/piotrwisniewski/Documents/Antygracity/DRD/consultify/[39mnode_modules/[4m@vitest/runner[24m/dist/index.js:1650:37
    at Traces.$ [90m(file:///Users/piotrwisniewski/Documents/Antygracity/DRD/consultify/[39mnode_modules/[4mvitest[24m/dist/chunks/traces.U4xDYhzZ.js:115:27[90m)[39m

            </system-err>
        </testcase>
    </testsuite>
    <testsuite name="tests/unit/roi.test.ts" timestamp="2025-12-13T07:49:52.514Z" hostname="MacBook-Air-Piotr.local" tests="3" failures="0" errors="0" skipped="0" time="0.001401959">
        <testcase classname="tests/unit/roi.test.ts" name="Unit Test: ROI Calculation &gt; should calculate ROI correctly for positive values" time="0.000574666">
        </testcase>
        <testcase classname="tests/unit/roi.test.ts" name="Unit Test: ROI Calculation &gt; should handle zero cost to avoid infinity" time="0.000074084">
        </testcase>
        <testcase classname="tests/unit/roi.test.ts" name="Unit Test: ROI Calculation &gt; should return 0 for break-even" time="0.0000585">
        </testcase>
    </testsuite>
    <testsuite name="tests/unit/store.test.ts" timestamp="2025-12-13T07:49:52.514Z" hostname="MacBook-Air-Piotr.local" tests="20" failures="0" errors="0" skipped="0" time="0.017015833">
        <testcase classname="tests/unit/store.test.ts" name="Store Test: useAppStore &gt; initializes with correct default values" time="0.002085833">
        </testcase>
        <testcase classname="tests/unit/store.test.ts" name="Store Test: useAppStore &gt; sets current view" time="0.000182167">
        </testcase>
        <testcase classname="tests/unit/store.test.ts" name="Store Test: useAppStore &gt; sets session mode" time="0.00012525">
        </testcase>
        <testcase classname="tests/unit/store.test.ts" name="Store Test: useAppStore &gt; sets current user" time="0.00035525">
        </testcase>
        <testcase classname="tests/unit/store.test.ts" name="Store Test: useAppStore &gt; sets language" time="0.000118917">
        </testcase>
        <testcase classname="tests/unit/store.test.ts" name="Store Test: useAppStore &gt; toggles sidebar open state" time="0.000114">
        </testcase>
        <testcase classname="tests/unit/store.test.ts" name="Store Test: useAppStore &gt; toggles sidebar collapse" time="0.000098917">
        </testcase>
        <testcase classname="tests/unit/store.test.ts" name="Store Test: useAppStore &gt; adds chat message" time="0.009252125">
        </testcase>
        <testcase classname="tests/unit/store.test.ts" name="Store Test: useAppStore &gt; sets chat messages" time="0.001478416">
        </testcase>
        <testcase classname="tests/unit/store.test.ts" name="Store Test: useAppStore &gt; clears chat" time="0.00039325">
        </testcase>
        <testcase classname="tests/unit/store.test.ts" name="Store Test: useAppStore &gt; sets bot typing state" time="0.000190125">
        </testcase>
        <testcase classname="tests/unit/store.test.ts" name="Store Test: useAppStore &gt; sets current stream content" time="0.000285166">
        </testcase>
        <testcase classname="tests/unit/store.test.ts" name="Store Test: useAppStore &gt; updates free session data" time="0.000160417">
        </testcase>
        <testcase classname="tests/unit/store.test.ts" name="Store Test: useAppStore &gt; updates free session data with function" time="0.00010525">
        </testcase>
        <testcase classname="tests/unit/store.test.ts" name="Store Test: useAppStore &gt; updates full session data" time="0.000085875">
        </testcase>
        <testcase classname="tests/unit/store.test.ts" name="Store Test: useAppStore &gt; sets AI config" time="0.000095333">
        </testcase>
        <testcase classname="tests/unit/store.test.ts" name="Store Test: useAppStore &gt; toggles theme" time="0.00009475">
        </testcase>
        <testcase classname="tests/unit/store.test.ts" name="Store Test: useAppStore &gt; updates last chat message" time="0.000128708">
        </testcase>
        <testcase classname="tests/unit/store.test.ts" name="Store Test: useAppStore &gt; logout resets state" time="0.000184458">
        </testcase>
        <testcase classname="tests/unit/store.test.ts" name="Store Test: useAppStore &gt; sets current project ID" time="0.00007175">
        </testcase>
    </testsuite>
    <testsuite name="tests/unit/transformationEngine.test.ts" timestamp="2025-12-13T07:49:52.517Z" hostname="MacBook-Air-Piotr.local" tests="6" failures="0" errors="0" skipped="0" time="0.010881709">
        <testcase classname="tests/unit/transformationEngine.test.ts" name="Service Test: transformationEngine &gt; generates initiatives from session" time="0.002113084">
        </testcase>
        <testcase classname="tests/unit/transformationEngine.test.ts" name="Service Test: transformationEngine &gt; generates initiatives with required properties" time="0.00389825">
        </testcase>
        <testcase classname="tests/unit/transformationEngine.test.ts" name="Service Test: transformationEngine &gt; generates initiatives only for levels above current" time="0.000545459">
        </testcase>
        <testcase classname="tests/unit/transformationEngine.test.ts" name="Service Test: transformationEngine &gt; handles session with no gaps" time="0.000188167">
        </testcase>
        <testcase classname="tests/unit/transformationEngine.test.ts" name="Service Test: transformationEngine &gt; assigns priority based on current level" time="0.000146125">
        </testcase>
        <testcase classname="tests/unit/transformationEngine.test.ts" name="Service Test: transformationEngine &gt; assigns complexity based on target level" time="0.002555458">
        </testcase>
    </testsuite>
    <testsuite name="tests/unit/utils.test.ts" timestamp="2025-12-13T07:49:52.518Z" hostname="MacBook-Air-Piotr.local" tests="1" failures="0" errors="0" skipped="0" time="0.002714583">
        <testcase classname="tests/unit/utils.test.ts" name="Unit Test: Utilities &gt; should have utility functions available" time="0.001153333">
        </testcase>
    </testsuite>
    <testsuite name="tests/unit/backend/activityService.test.js" timestamp="2025-12-13T07:49:52.518Z" hostname="MacBook-Air-Piotr.local" tests="6" failures="0" errors="0" skipped="0" time="1.013058708">
        <testcase classname="tests/unit/backend/activityService.test.js" name="Backend Service Test: ActivityService &gt; log &gt; logs activity with all parameters" time="0.187764334">
        </testcase>
        <testcase classname="tests/unit/backend/activityService.test.js" name="Backend Service Test: ActivityService &gt; log &gt; handles optional parameters" time="0.1021975">
        </testcase>
        <testcase classname="tests/unit/backend/activityService.test.js" name="Backend Service Test: ActivityService &gt; getRecent &gt; fetches recent activities with default limit" time="0.130742333">
        </testcase>
        <testcase classname="tests/unit/backend/activityService.test.js" name="Backend Service Test: ActivityService &gt; getRecent &gt; fetches recent activities with custom limit" time="0.102812791">
        </testcase>
        <testcase classname="tests/unit/backend/activityService.test.js" name="Backend Service Test: ActivityService &gt; getRecent &gt; handles database errors gracefully" time="0.002606292">
        </testcase>
        <testcase classname="tests/unit/backend/activityService.test.js" name="Backend Service Test: ActivityService &gt; getByOrganization &gt; fetches activities for organization" time="0.150567166">
        </testcase>
    </testsuite>
    <testsuite name="tests/unit/backend/aiService.test.js" timestamp="2025-12-13T07:49:52.519Z" hostname="MacBook-Air-Piotr.local" tests="15" failures="0" errors="0" skipped="3" time="0.319174333">
        <testcase classname="tests/unit/backend/aiService.test.js" name="AIService Unit Tests &gt; callLLM &gt; should use Google Gemini by default if checks pass" time="0">
            <skipped/>
        </testcase>
        <testcase classname="tests/unit/backend/aiService.test.js" name="AIService Unit Tests &gt; callLLM &gt; should block if balance is insufficient" time="0.199282">
            <system-out>
[DB:foymhj] Initializing database at :memory:
Connected to the SQLite database.
Created billing tables and seeded default subscription plans.
Seeded SuperAdmin and DBR77 Users.

            </system-out>
            <system-err>
AggregateError: 
[90m    at internalConnectMultiple (node:net:1134:18)[39m
[90m    at afterConnectMultiple (node:net:1715:7)[39m {
  code: [32m&apos;ECONNREFUSED&apos;[39m,
  [errors]: [
    Error: connect ECONNREFUSED ::1:6379
    [90m    at createConnectionError (node:net:1678:14)[39m
    [90m    at afterConnectMultiple (node:net:1708:16)[39m {
      errno: [33m-61[39m,
      code: [32m&apos;ECONNREFUSED&apos;[39m,
      syscall: [32m&apos;connect&apos;[39m,
      address: [32m&apos;::1&apos;[39m,
      port: [33m6379[39m
    },
    Error: connect ECONNREFUSED 127.0.0.1:6379
    [90m    at createConnectionError (node:net:1678:14)[39m
    [90m    at afterConnectMultiple (node:net:1708:16)[39m {
      errno: [33m-61[39m,
      code: [32m&apos;ECONNREFUSED&apos;[39m,
      syscall: [32m&apos;connect&apos;[39m,
      address: [32m&apos;127.0.0.1&apos;[39m,
      port: [33m6379[39m
    }
  ]
}

LLM Call Error Error: Insufficient token balance. Please top up.
    at Object.callLLM [90m(/Users/piotrwisniewski/Documents/Antygracity/DRD/consultify/[39mserver/services/aiService.js:113:27[90m)[39m
    at [90m/Users/piotrwisniewski/Documents/Antygracity/DRD/consultify/[39mtests/unit/backend/aiService.test.js:119:13
    at [90mfile:///Users/piotrwisniewski/Documents/Antygracity/DRD/consultify/[39mnode_modules/[4m@vitest/runner[24m/dist/index.js:915:20

            </system-err>
        </testcase>
        <testcase classname="tests/unit/backend/aiService.test.js" name="AIService Unit Tests &gt; callLLM &gt; should call OpenAI via fetch when provider is openai" time="0.002164209">
        </testcase>
        <testcase classname="tests/unit/backend/aiService.test.js" name="AIService Unit Tests &gt; callLLM &gt; should call Anthropic via fetch when provider is anthropic" time="0.000540334">
        </testcase>
        <testcase classname="tests/unit/backend/aiService.test.js" name="AIService Unit Tests &gt; generateInitiatives &gt; should parse JSON response correctly" time="0">
            <skipped/>
        </testcase>
        <testcase classname="tests/unit/backend/aiService.test.js" name="AIService Unit Tests &gt; generateInitiatives &gt; should return empty array on JSON parse error" time="0.103075417">
            <system-out>
Projects table created successfully (or already exists).

Database initialization complete.

            </system-out>
            <system-err>
LLM Call Error Error: AI Provider not configured.
    at Object.callLLM [90m(/Users/piotrwisniewski/Documents/Antygracity/DRD/consultify/[39mserver/services/aiService.js:155:41[90m)[39m
    at Object.generateInitiatives [90m(/Users/piotrwisniewski/Documents/Antygracity/DRD/consultify/[39mserver/services/aiService.js:590:29[90m)[39m
    at [90m/Users/piotrwisniewski/Documents/Antygracity/DRD/consultify/[39mtests/unit/backend/aiService.test.js:197:33
    at [90mfile:///Users/piotrwisniewski/Documents/Antygracity/DRD/consultify/[39mnode_modules/[4m@vitest/runner[24m/dist/index.js:915:20

            </system-err>
        </testcase>
        <testcase classname="tests/unit/backend/aiService.test.js" name="AIService Unit Tests &gt; streamLLM &gt; should yield chunks from Gemini stream" time="0">
            <skipped/>
        </testcase>
        <testcase classname="tests/unit/backend/aiService.test.js" name="AIService Unit Tests &gt; streamLLM &gt; should handle errors in stream" time="0.002717416">
            <system-err>
Stream LLM Error Error: AI Provider not configured.
    at Object.streamLLM [90m(/Users/piotrwisniewski/Documents/Antygracity/DRD/consultify/[39mserver/services/aiService.js:381:41[90m)[39m
    at [90m/Users/piotrwisniewski/Documents/Antygracity/DRD/consultify/[39mtests/unit/backend/aiService.test.js:225:30
    at [90mfile:///Users/piotrwisniewski/Documents/Antygracity/DRD/consultify/[39mnode_modules/[4m@vitest/runner[24m/dist/index.js:915:20

            </system-err>
        </testcase>
        <testcase classname="tests/unit/backend/aiService.test.js" name="AIService Unit Tests &gt; Generation Methods &gt; buildRoadmap &gt; should return roadmap object on success" time="0.001347375">
        </testcase>
        <testcase classname="tests/unit/backend/aiService.test.js" name="AIService Unit Tests &gt; Generation Methods &gt; buildRoadmap &gt; should return empty object on error" time="0.000430208">
        </testcase>
        <testcase classname="tests/unit/backend/aiService.test.js" name="AIService Unit Tests &gt; Generation Methods &gt; suggestTasks &gt; should return tasks array on success" time="0.000838875">
        </testcase>
        <testcase classname="tests/unit/backend/aiService.test.js" name="AIService Unit Tests &gt; Generation Methods &gt; deepDiagnose &gt; should execute chain of thought and return diagnosis" time="0.001785042">
        </testcase>
        <testcase classname="tests/unit/backend/aiService.test.js" name="AIService Unit Tests &gt; Generation Methods &gt; enrichInitiative &gt; should maintain structure and fallback to LLM" time="0.001279458">
            <system-err>
Web Search failed, using LLM knowledge Error: Web Fail
    at [90m/Users/piotrwisniewski/Documents/Antygracity/DRD/consultify/[39mtests/unit/backend/aiService.test.js:295:59
    at [90mfile:///Users/piotrwisniewski/Documents/Antygracity/DRD/consultify/[39mnode_modules/[4m@vitest/runner[24m/dist/index.js:145:11
    at [90mfile:///Users/piotrwisniewski/Documents/Antygracity/DRD/consultify/[39mnode_modules/[4m@vitest/runner[24m/dist/index.js:915:26
    at [90mfile:///Users/piotrwisniewski/Documents/Antygracity/DRD/consultify/[39mnode_modules/[4m@vitest/runner[24m/dist/index.js:1240:20
    at new Promise (&lt;anonymous&gt;)
    at runWithTimeout [90m(file:///Users/piotrwisniewski/Documents/Antygracity/DRD/consultify/[39mnode_modules/[4m@vitest/runner[24m/dist/index.js:1206:10[90m)[39m
    at [90mfile:///Users/piotrwisniewski/Documents/Antygracity/DRD/consultify/[39mnode_modules/[4m@vitest/runner[24m/dist/index.js:1650:37
    at Traces.$ [90m(file:///Users/piotrwisniewski/Documents/Antygracity/DRD/consultify/[39mnode_modules/[4mvitest[24m/dist/chunks/traces.U4xDYhzZ.js:115:27[90m)[39m
    at trace [90m(file:///Users/piotrwisniewski/Documents/Antygracity/DRD/consultify/[39mnode_modules/[4mvitest[24m/dist/chunks/test.BT8LKgU9.js:239:21[90m)[39m
    at runTest [90m(file:///Users/piotrwisniewski/Documents/Antygracity/DRD/consultify/[39mnode_modules/[4m@vitest/runner[24m/dist/index.js:1650:12[90m)[39m

            </system-err>
        </testcase>
        <testcase classname="tests/unit/backend/aiService.test.js" name="AIService Unit Tests &gt; Generation Methods &gt; generateObservations &gt; should return observations from feedback" time="0.000760959">
        </testcase>
        <testcase classname="tests/unit/backend/aiService.test.js" name="AIService Unit Tests &gt; Generation Methods &gt; testProviderConnection &gt; should test OpenAI connection" time="0.002454541">
            <system-out>
[AiService] Testing connection for: openai

            </system-out>
        </testcase>
    </testsuite>
    <testsuite name="tests/unit/backend/aiService_additional.test.js" timestamp="2025-12-13T07:49:52.521Z" hostname="MacBook-Air-Piotr.local" tests="6" failures="0" errors="0" skipped="4" time="0.00816925">
        <testcase classname="tests/unit/backend/aiService_additional.test.js" name="AIService.testProviderConnection &gt; tests OpenAI connection via fetch" time="0">
            <skipped/>
        </testcase>
        <testcase classname="tests/unit/backend/aiService_additional.test.js" name="AIService.testProviderConnection &gt; tests Anthropic connection via fetch" time="0.002253458">
            <system-out>
[AiService] Testing connection for: anthropic

            </system-out>
        </testcase>
        <testcase classname="tests/unit/backend/aiService_additional.test.js" name="AIService.testProviderConnection &gt; tests Gemini connection via GoogleGenerativeAI" time="0">
            <skipped/>
        </testcase>
        <testcase classname="tests/unit/backend/aiService_additional.test.js" name="AIService.callLLM fallback to Gemini &gt; uses Gemini when no provider config" time="0">
            <skipped/>
        </testcase>
        <testcase classname="tests/unit/backend/aiService_additional.test.js" name="AIService.streamLLM Gemini streaming &gt; yields chunks from Gemini stream" time="0">
            <skipped/>
        </testcase>
        <testcase classname="tests/unit/backend/aiService_additional.test.js" name="AIService.generateObservations &gt; processes feedback and returns observations" time="0.004377042">
        </testcase>
    </testsuite>
    <testsuite name="tests/unit/backend/analyticsService.test.js" timestamp="2025-12-13T07:49:52.522Z" hostname="MacBook-Air-Piotr.local" tests="5" failures="0" errors="0" skipped="0" time="0.427137709">
        <testcase classname="tests/unit/backend/analyticsService.test.js" name="AnalyticsService - Integration &gt; logUsage &gt; should log AI usage to the database without errors" time="0.001437541">
        </testcase>
        <testcase classname="tests/unit/backend/analyticsService.test.js" name="AnalyticsService - Integration &gt; getStats &gt; should retrieve aggregated stats from real database" time="0.001174667">
        </testcase>
        <testcase classname="tests/unit/backend/analyticsService.test.js" name="AnalyticsService - Integration &gt; getTopTopics &gt; should retrieve top topics from real database" time="0.000478708">
        </testcase>
        <testcase classname="tests/unit/backend/analyticsService.test.js" name="AnalyticsService - Integration &gt; saveMaturityScore &gt; should save maturity score without errors" time="0.000331541">
        </testcase>
        <testcase classname="tests/unit/backend/analyticsService.test.js" name="AnalyticsService - Integration &gt; getIndustryBenchmarks &gt; should retrieve industry benchmarks from real database" time="0.000619083">
        </testcase>
    </testsuite>
    <testsuite name="tests/unit/backend/billingService.test.js" timestamp="2025-12-13T07:49:52.523Z" hostname="MacBook-Air-Piotr.local" tests="4" failures="0" errors="0" skipped="0" time="0.107371792">
        <testcase classname="tests/unit/backend/billingService.test.js" name="BillingService (Unit) &gt; getPlans &gt; should return all available plans from database" time="0.003747083">
        </testcase>
        <testcase classname="tests/unit/backend/billingService.test.js" name="BillingService (Unit) &gt; getPlans &gt; should handle database errors gracefully" time="0.000655584">
        </testcase>
        <testcase classname="tests/unit/backend/billingService.test.js" name="BillingService (Unit) &gt; createPlan &gt; should create a new plan successfully" time="0.001141875">
        </testcase>
        <testcase classname="tests/unit/backend/billingService.test.js" name="BillingService (Unit) &gt; getOrganizationBilling &gt; should return billing info from database" time="0.000779416">
        </testcase>
    </testsuite>
    <testsuite name="tests/unit/backend/emailService.test.js" timestamp="2025-12-13T07:49:52.523Z" hostname="MacBook-Air-Piotr.local" tests="5" failures="0" errors="0" skipped="0" time="0.108329167">
        <testcase classname="tests/unit/backend/emailService.test.js" name="Backend Service Test: EmailService &gt; sendEmail &gt; sends email with default config" time="0.003131167">
        </testcase>
        <testcase classname="tests/unit/backend/emailService.test.js" name="Backend Service Test: EmailService &gt; sendEmail &gt; uses SMTP settings from database" time="0.053405625">
        </testcase>
        <testcase classname="tests/unit/backend/emailService.test.js" name="Backend Service Test: EmailService &gt; sendEmail &gt; handles database errors gracefully" time="0.001237083">
        </testcase>
        <testcase classname="tests/unit/backend/emailService.test.js" name="Backend Service Test: EmailService &gt; sendEmail &gt; logs email details" time="0.000801708">
        </testcase>
        <testcase classname="tests/unit/backend/emailService.test.js" name="Backend Service Test: EmailService &gt; sendEmail &gt; uses environment variables when database settings are missing" time="0.001897791">
        </testcase>
    </testsuite>
    <testsuite name="tests/unit/backend/feedbackService.test.js" timestamp="2025-12-13T07:49:52.524Z" hostname="MacBook-Air-Piotr.local" tests="6" failures="0" errors="0" skipped="0" time="0.858953917">
        <testcase classname="tests/unit/backend/feedbackService.test.js" name="Backend Service Test: FeedbackService &gt; saveFeedback &gt; saves feedback with all parameters" time="0.206195541">
        </testcase>
        <testcase classname="tests/unit/backend/feedbackService.test.js" name="Backend Service Test: FeedbackService &gt; saveFeedback &gt; saves feedback without correction" time="0.102788542">
        </testcase>
        <testcase classname="tests/unit/backend/feedbackService.test.js" name="Backend Service Test: FeedbackService &gt; getLearningExamples &gt; retrieves learning examples for context" time="0.125693083">
        </testcase>
        <testcase classname="tests/unit/backend/feedbackService.test.js" name="Backend Service Test: FeedbackService &gt; getLearningExamples &gt; handles empty results" time="0.007039542">
        </testcase>
        <testcase classname="tests/unit/backend/feedbackService.test.js" name="Backend Service Test: FeedbackService &gt; getLearningExamples &gt; handles database errors gracefully" time="0.000617">
        </testcase>
        <testcase classname="tests/unit/backend/feedbackService.test.js" name="Backend Service Test: FeedbackService &gt; getLearningExamples &gt; only returns examples with rating &gt;= 4" time="0.104574042">
        </testcase>
    </testsuite>
    <testsuite name="tests/unit/backend/financialService.test.js" timestamp="2025-12-13T07:49:52.525Z" hostname="MacBook-Air-Piotr.local" tests="10" failures="0" errors="0" skipped="0" time="0.005984333">
        <testcase classname="tests/unit/backend/financialService.test.js" name="Backend Service Test: FinancialService &gt; estimateCost &gt; returns correct cost for High complexity" time="0.001112208">
        </testcase>
        <testcase classname="tests/unit/backend/financialService.test.js" name="Backend Service Test: FinancialService &gt; estimateCost &gt; returns correct cost for Medium complexity" time="0.000169167">
        </testcase>
        <testcase classname="tests/unit/backend/financialService.test.js" name="Backend Service Test: FinancialService &gt; estimateCost &gt; returns correct cost for Low complexity" time="0.0001195">
        </testcase>
        <testcase classname="tests/unit/backend/financialService.test.js" name="Backend Service Test: FinancialService &gt; estimateBenefit &gt; calculates benefit for High priority" time="0.00017975">
        </testcase>
        <testcase classname="tests/unit/backend/financialService.test.js" name="Backend Service Test: FinancialService &gt; estimateBenefit &gt; calculates benefit for Medium priority" time="0.000141875">
        </testcase>
        <testcase classname="tests/unit/backend/financialService.test.js" name="Backend Service Test: FinancialService &gt; estimateBenefit &gt; calculates benefit for Low priority" time="0.000104791">
        </testcase>
        <testcase classname="tests/unit/backend/financialService.test.js" name="Backend Service Test: FinancialService &gt; estimateBenefit &gt; returns High benefit range for large benefits" time="0.000094">
        </testcase>
        <testcase classname="tests/unit/backend/financialService.test.js" name="Backend Service Test: FinancialService &gt; simulatePortfolio &gt; calculates portfolio economics correctly" time="0.001198875">
        </testcase>
        <testcase classname="tests/unit/backend/financialService.test.js" name="Backend Service Test: FinancialService &gt; simulatePortfolio &gt; handles empty portfolio" time="0.000650709">
        </testcase>
        <testcase classname="tests/unit/backend/financialService.test.js" name="Backend Service Test: FinancialService &gt; simulatePortfolio &gt; uses custom revenue base" time="0.000214375">
        </testcase>
    </testsuite>
    <testsuite name="tests/unit/backend/knowledgeService.test.js" timestamp="2025-12-13T07:49:52.525Z" hostname="MacBook-Air-Piotr.local" tests="11" failures="0" errors="0" skipped="0" time="0.416261084">
        <testcase classname="tests/unit/backend/knowledgeService.test.js" name="KnowledgeService - Integration &gt; Candidate Management &gt; should add a candidate idea without throwing" time="0.001927625">
        </testcase>
        <testcase classname="tests/unit/backend/knowledgeService.test.js" name="KnowledgeService - Integration &gt; Candidate Management &gt; should get candidates without throwing" time="0.000872875">
        </testcase>
        <testcase classname="tests/unit/backend/knowledgeService.test.js" name="KnowledgeService - Integration &gt; Strategies &gt; should add a global strategy without throwing" time="0.000380917">
        </testcase>
        <testcase classname="tests/unit/backend/knowledgeService.test.js" name="KnowledgeService - Integration &gt; Strategies &gt; should get active strategies without throwing" time="0.000461667">
        </testcase>
        <testcase classname="tests/unit/backend/knowledgeService.test.js" name="KnowledgeService - Integration &gt; Client Context &gt; should set and get client context" time="0.002052584">
        </testcase>
        <testcase classname="tests/unit/backend/knowledgeService.test.js" name="KnowledgeService - Integration &gt; Client Context &gt; should update existing client context" time="0.001504209">
        </testcase>
        <testcase classname="tests/unit/backend/knowledgeService.test.js" name="KnowledgeService - Integration &gt; Candidate Status &gt; should update candidate status" time="0.001059334">
        </testcase>
        <testcase classname="tests/unit/backend/knowledgeService.test.js" name="KnowledgeService - Integration &gt; Process Document (RAG) &gt; should process document chunks" time="0.145679125">
        </testcase>
        <testcase classname="tests/unit/backend/knowledgeService.test.js" name="KnowledgeService - Integration &gt; Access Control &gt; should restrict user access to project docs" time="0.001999792">
        </testcase>
        <testcase classname="tests/unit/backend/knowledgeService.test.js" name="KnowledgeService - Integration &gt; Strategies Toggle &gt; should toggle strategy active status" time="0.000928125">
        </testcase>
        <testcase classname="tests/unit/backend/knowledgeService.test.js" name="KnowledgeService - Integration &gt; Document Lifecycle &gt; should soft delete document" time="0.003483833">
        </testcase>
    </testsuite>
    <testsuite name="tests/unit/backend/ragService.test.js" timestamp="2025-12-13T07:49:52.527Z" hostname="MacBook-Air-Piotr.local" tests="5" failures="0" errors="0" skipped="0" time="0.480593875">
        <testcase classname="tests/unit/backend/ragService.test.js" name="RagService - Integration &gt; generateEmbedding &gt; should return null if no provider configured in database" time="0.185710667">
            <system-out>
[DB:bmf1ti] Initializing database at :memory:
Connected to the SQLite database.
Created billing tables and seeded default subscription plans.
Seeded SuperAdmin and DBR77 Users.

            </system-out>
        </testcase>
        <testcase classname="tests/unit/backend/ragService.test.js" name="RagService - Integration &gt; getContext &gt; should return context string without throwing" time="0.046422375">
            <system-out>
Projects table created successfully (or already exists).

Database initialization complete.

            </system-out>
        </testcase>
        <testcase classname="tests/unit/backend/ragService.test.js" name="RagService - Integration &gt; getContext &gt; should accept limit parameter" time="0.000602208">
        </testcase>
        <testcase classname="tests/unit/backend/ragService.test.js" name="RagService - Integration &gt; getContextKeyword &gt; should perform keyword search without throwing" time="0.005280125">
        </testcase>
        <testcase classname="tests/unit/backend/ragService.test.js" name="RagService - Integration &gt; getAxisDefinitions &gt; should retrieve axis definitions without throwing" time="0.001094125">
        </testcase>
    </testsuite>
    <testsuite name="tests/unit/backend/tokenBillingService.test.js" timestamp="2025-12-13T07:49:52.527Z" hostname="MacBook-Air-Piotr.local" tests="16" failures="0" errors="0" skipped="0" time="0.83570425">
        <testcase classname="tests/unit/backend/tokenBillingService.test.js" name="TokenBillingService - Integration &gt; Margins &gt; should get margins without throwing" time="0.001111208">
        </testcase>
        <testcase classname="tests/unit/backend/tokenBillingService.test.js" name="TokenBillingService - Integration &gt; Margins &gt; should get specific margin by source type" time="0.000491">
        </testcase>
        <testcase classname="tests/unit/backend/tokenBillingService.test.js" name="TokenBillingService - Integration &gt; Packages &gt; should get packages without throwing" time="0.000295833">
        </testcase>
        <testcase classname="tests/unit/backend/tokenBillingService.test.js" name="TokenBillingService - Integration &gt; Packages &gt; should upsert package without throwing" time="0.001009708">
        </testcase>
        <testcase classname="tests/unit/backend/tokenBillingService.test.js" name="TokenBillingService - Integration &gt; Balance &gt; should get balance without throwing" time="0.000367916">
        </testcase>
        <testcase classname="tests/unit/backend/tokenBillingService.test.js" name="TokenBillingService - Integration &gt; Balance &gt; should ensure balance creates record" time="0.000316334">
        </testcase>
        <testcase classname="tests/unit/backend/tokenBillingService.test.js" name="TokenBillingService - Integration &gt; Balance &gt; should credit tokens to user" time="0.001241417">
        </testcase>
        <testcase classname="tests/unit/backend/tokenBillingService.test.js" name="TokenBillingService - Integration &gt; Balance Check &gt; should check sufficient balance" time="0.000497792">
        </testcase>
        <testcase classname="tests/unit/backend/tokenBillingService.test.js" name="TokenBillingService - Integration &gt; Margin Updates &gt; should update margin and persist changes" time="0.0006195">
        </testcase>
        <testcase classname="tests/unit/backend/tokenBillingService.test.js" name="TokenBillingService - Integration &gt; Token Deduction / Usage &gt; should deduct tokens correctly for platform usage" time="0.005941375">
        </testcase>
        <testcase classname="tests/unit/backend/tokenBillingService.test.js" name="TokenBillingService - Integration &gt; Token Deduction / Usage &gt; should handle markup multipliers" time="0.001500958">
        </testcase>
        <testcase classname="tests/unit/backend/tokenBillingService.test.js" name="TokenBillingService - Integration &gt; User API Keys (BYOK) &gt; should add, get and delete user API keys" time="0.367946584">
        </testcase>
        <testcase classname="tests/unit/backend/tokenBillingService.test.js" name="TokenBillingService - Integration &gt; Source Determination &gt; should prefer BYOK if available and requested" time="0.19562425">
        </testcase>
        <testcase classname="tests/unit/backend/tokenBillingService.test.js" name="TokenBillingService - Integration &gt; Source Determination &gt; should fallback to platform if no BYOK key" time="0.000956584">
        </testcase>
        <testcase classname="tests/unit/backend/tokenBillingService.test.js" name="TokenBillingService - Integration &gt; Analytics &gt; should retrieve revenue analytics" time="0.001487458">
        </testcase>
        <testcase classname="tests/unit/backend/tokenBillingService.test.js" name="TokenBillingService - Integration &gt; Analytics &gt; should retrieve transactions for user" time="0.001098792">
        </testcase>
    </testsuite>
    <testsuite name="tests/unit/backend/usageService.test.js" timestamp="2025-12-13T07:49:52.529Z" hostname="MacBook-Air-Piotr.local" tests="4" failures="0" errors="0" skipped="0" time="0.261932791">
        <testcase classname="tests/unit/backend/usageService.test.js" name="UsageService - Integration &gt; Record Usage &gt; should record token usage without throwing" time="0.00156725">
        </testcase>
        <testcase classname="tests/unit/backend/usageService.test.js" name="UsageService - Integration &gt; Record Usage &gt; should record storage usage without throwing" time="0.001125167">
        </testcase>
        <testcase classname="tests/unit/backend/usageService.test.js" name="UsageService - Integration &gt; Get Usage &gt; should get current usage without throwing" time="0.001592917">
        </testcase>
        <testcase classname="tests/unit/backend/usageService.test.js" name="UsageService - Integration &gt; Check Quota &gt; should check quota without throwing" time="0.000922959">
        </testcase>
    </testsuite>
    <testsuite name="tests/unit/backend/middleware/authMiddleware.test.js" timestamp="2025-12-13T07:49:52.529Z" hostname="MacBook-Air-Piotr.local" tests="6" failures="0" errors="0" skipped="4" time="0.006439542">
        <testcase classname="tests/unit/backend/middleware/authMiddleware.test.js" name="AuthMiddleware &gt; should return 403 if no token provided" time="0.004189959">
        </testcase>
        <testcase classname="tests/unit/backend/middleware/authMiddleware.test.js" name="AuthMiddleware &gt; should return 401 if token expired" time="0">
            <skipped/>
        </testcase>
        <testcase classname="tests/unit/backend/middleware/authMiddleware.test.js" name="AuthMiddleware &gt; should return 401 if token invalid" time="0.000971541">
        </testcase>
        <testcase classname="tests/unit/backend/middleware/authMiddleware.test.js" name="AuthMiddleware &gt; should call next() if token valid and no revocation check needed (no jti)" time="0">
            <skipped/>
        </testcase>
        <testcase classname="tests/unit/backend/middleware/authMiddleware.test.js" name="AuthMiddleware &gt; should check revocation if jti is present" time="0">
            <skipped/>
        </testcase>
        <testcase classname="tests/unit/backend/middleware/authMiddleware.test.js" name="AuthMiddleware &gt; should return 401 if token is revoked" time="0">
            <skipped/>
        </testcase>
    </testsuite>
</testsuites>
