{"numTotalTestSuites":7,"numPassedTestSuites":7,"numFailedTestSuites":0,"numPendingTestSuites":0,"numTotalTests":6,"numPassedT    <testsuite name="tests/integration/routes/invitations.test.js" timestamp="2026-01-06T10:54:11.280Z" hostname="mac.home" tests="6" failures="0" errors="0" skipped="0" time="0.326239959">
        <testcase classname="tests/integration/routes/invitations.test.js" name="Invitation Routes &gt; POST /api/invitations/org &gt; should create an organization invitation" time="0.064785917">
            <system-out>
2026-01-06 11:54:11:5411 [35mhttp[39m: [35mPOST /api/invitations/org[39m
2026-01-06 11:54:11:5411 [32minfo[39m: [32m[Index] Pre-Gateway: POST /api/invitations/org[39m

2026-01-06 11:54:11:5411 [32minfo[39m: [32m[EMAIL SERVICE] Sending ORG invitation to newuser-72bb85ac-7e86-4fc6-9f16-9b814e9ed577@test.com[39m
2026-01-06 11:54:11:5411 [32minfo[39m: [32m[EMAIL SERVICE] Link: http://localhost:3000/join?token=a5530ca262ae1a376e808628063fc98450fd59e06480a85bb09a46a5fe402d9b[39m

2026-01-06 11:54:11:5411 [33mwarn[39m: [33m[DB:Promise] Statement error[39m {&quot;error&quot;:&quot;SQLITE_ERROR: no such table: metrics_events&quot;,&quot;sql&quot;:&quot;INSERT INTO metrics_events (id, event_type, user_id, organization_id, source, context, created_at)\n &quot;,&quot;params&quot;:[&quot;6c5bf712-0a0f-46f9-9ed1-e7f2bc001ac8&quot;,&quot;invite_sent&quot;,&quot;test-user-id&quot;,&quot;test-org-id&quot;,&quot;INVITATION&quot;,&quot;{\&quot;email\&quot;:\&quot;newuser-72bb85ac-7e86-4fc6-9f16-9b814e9ed577@test.com\&quot;,\&quot;role\&quot;:\&quot;USER\&quot;,\&quot;invitationType\&quot;:\&quot;ORG\&quot;}&quot;]}

2026-01-06 11:54:11:5411 [32minfo[39m: [32m[MetricsCollector] Recorded event: invite_sent (6c5bf712-0a0f-46f9-9ed1-e7f2bc001ac8)[39m

            </system-out>
        </testcase>
        <testcase classname="tests/integration/routes/invitations.test.js" name="Invitation Routes &gt; POST /api/invitations/org &gt; should reject duplicate invitation for same email" time="0.018410625">
            <system-out>
2026-01-06 11:54:11:5411 [35mhttp[39m: [35mPOST /api/invitations/org[39m
2026-01-06 11:54:11:5411 [32minfo[39m: [32m[Index] Pre-Gateway: POST /api/invitations/org[39m

[DB Config] Loading config. SQLITE_PATH env: ./test-integration-0.db
[DB Config] Resolved sqlitePath: ./test-integration-0.db

2026-01-06 11:54:11:5411 [32minfo[39m: [32m[EMAIL SERVICE] Sending ORG invitation to dup-51115a04-a583-4490-ab73-e15b2cc6e7eb@test.com[39m
2026-01-06 11:54:11:5411 [32minfo[39m: [32m[EMAIL SERVICE] Link: http://localhost:3000/join?token=d07f58c5db675033fcc83eb763cec6f32fa3df81431fd49a2c2434fa7cb7db76[39m

2026-01-06 11:54:11:5411 [33mwarn[39m: [33m[DB:Promise] Statement error[39m {&quot;error&quot;:&quot;SQLITE_ERROR: no such table: metrics_events&quot;,&quot;sql&quot;:&quot;INSERT INTO metrics_events (id, event_type, user_id, organization_id, source, context, created_at)\n &quot;,&quot;params&quot;:[&quot;97a4c6a6-7b38-4b72-989a-dff61f36d74b&quot;,&quot;invite_sent&quot;,&quot;test-user-id&quot;,&quot;test-org-id&quot;,&quot;INVITATION&quot;,&quot;{\&quot;email\&quot;:\&quot;dup-51115a04-a583-4490-ab73-e15b2cc6e7eb@test.com\&quot;,\&quot;role\&quot;:\&quot;USER\&quot;,\&quot;invitationType\&quot;:\&quot;ORG\&quot;}&quot;]}

2026-01-06 11:54:11:5411 [32minfo[39m: [32m[MetricsCollector] Recorded event: invite_sent (97a4c6a6-7b38-4b72-989a-dff61f36d74b)[39m

2026-01-06 11:54:11:5411 [35mhttp[39m: [35mPOST /api/invitations/org[39m
2026-01-06 11:54:11:5411 [32minfo[39m: [32m[Index] Pre-Gateway: POST /api/invitations/org[39m

2026-01-06 11:54:11:5411 [33mwarn[39m: [33mPerformance metric[39m {&quot;method&quot;:&quot;POST&quot;,&quot;path&quot;:&quot;/api/invitations/org&quot;,&quot;statusCode&quot;:400,&quot;responseTime&quot;:1,&quot;dbQueryCount&quot;:0,&quot;dbQueryTime&quot;:0,&quot;memoryDelta&quot;:{&quot;heapUsed&quot;:253792,&quot;external&quot;:9731,&quot;rss&quot;:131072},&quot;userId&quot;:&quot;test-user-id&quot;,&quot;organizationId&quot;:&quot;test-org-id&quot;,&quot;isSlow&quot;:false,&quot;isError&quot;:true}

            </system-out>
            <system-err>
[InvitationService] DEBUG: Duplicate check failed for Org: test-org-id, Email: dup-51115a04-a583-4490-ab73-e15b2cc6e7eb@test.com. Existing: {
  id: [32m&apos;7b1cac91-80ad-41ba-b932-826dbd9fc994&apos;[39m,
  organization_id: [32m&apos;test-org-id&apos;[39m,
  email: [32m&apos;dup-51115a04-a583-4490-ab73-e15b2cc6e7eb@test.com&apos;[39m,
  role: [32m&apos;USER&apos;[39m,
  token: [1mnull[22m,
  token_hash: [32m&apos;c3f94bdac984d716e12fc3f3b7000d2014d11e786cfb0f212d5fbd3f2a8586a5&apos;[39m,
  status: [32m&apos;pending&apos;[39m,
  invited_by: [32m&apos;test-user-id&apos;[39m,
  expires_at: [32m&apos;2026-01-13T10:54:11.128Z&apos;[39m,
  created_at: [32m&apos;2026-01-06 10:54:11&apos;[39m,
  accepted_at: [1mnull[22m,
  invitation_type: [32m&apos;ORG&apos;[39m,
  project_id: [1mnull[22m,
  role_to_assign: [32m&apos;USER&apos;[39m,
  accepted_by_user_id: [1mnull[22m,
  metadata: [32m&apos;{}&apos;[39m,
  resend_count: [33m0[39m,
  last_resent_at: [1mnull[22m
}

[InvitationController] Create failed: A pending invitation already exists for this email

            </system-err>
        </testcase>
        <testcase classname="tests/integration/routes/invitations.test.js" name="Invitation Routes &gt; GET /api/invitations/org &gt; should list organization invitations" time="0.015071167">
            <system-out>
2026-01-06 11:54:11:5411 [35mhttp[39m: [35mPOST /api/invitations/org[39m
2026-01-06 11:54:11:5411 [32minfo[39m: [32m[Index] Pre-Gateway: POST /api/invitations/org[39m

[DB Config] Loading config. SQLITE_PATH env: ./test-integration-0.db
[DB Config] Resolved sqlitePath: ./test-integration-0.db

2026-01-06 11:54:11:5411 [32minfo[39m: [32m[EMAIL SERVICE] Sending ORG invitation to list-112ebf51-d516-4957-8d77-3d43150d41fb@test.com[39m
2026-01-06 11:54:11:5411 [32minfo[39m: [32m[EMAIL SERVICE] Link: http://localhost:3000/join?token=f4ef941b34274b77b2dfccf7f8d743a560a886b9116f31d6a4989023b820beb8[39m

2026-01-06 11:54:11:5411 [33mwarn[39m: [33m[DB:Promise] Statement error[39m {&quot;error&quot;:&quot;SQLITE_ERROR: no such table: metrics_events&quot;,&quot;sql&quot;:&quot;INSERT INTO metrics_events (id, event_type, user_id, organization_id, source, context, created_at)\n &quot;,&quot;params&quot;:[&quot;553f6b50-fb66-46a4-a2d5-618277404cc6&quot;,&quot;invite_sent&quot;,&quot;test-user-id&quot;,&quot;test-org-id&quot;,&quot;INVITATION&quot;,&quot;{\&quot;email\&quot;:\&quot;list-112ebf51-d516-4957-8d77-3d43150d41fb@test.com\&quot;,\&quot;role\&quot;:\&quot;USER\&quot;,\&quot;invitationType\&quot;:\&quot;ORG\&quot;}&quot;]}

2026-01-06 11:54:11:5411 [32minfo[39m: [32m[MetricsCollector] Recorded event: invite_sent (553f6b50-fb66-46a4-a2d5-618277404cc6)[39m

2026-01-06 11:54:11:5411 [35mhttp[39m: [35mGET /api/invitations/org[39m
2026-01-06 11:54:11:5411 [32minfo[39m: [32m[Index] Pre-Gateway: GET /api/invitations/org[39m

            </system-out>
        </testcase>
        <testcase classname="tests/integration/routes/invitations.test.js" name="Invitation Routes &gt; Token Operations &gt; should validate and accept invitation" time="0.086280709">
            <system-out>
2026-01-06 11:54:11:5411 [35mhttp[39m: [35mPOST /api/invitations/org[39m
2026-01-06 11:54:11:5411 [32minfo[39m: [32m[Index] Pre-Gateway: POST /api/invitations/org[39m

[DB Config] Loading config. SQLITE_PATH env: ./test-integration-0.db
[DB Config] Resolved sqlitePath: ./test-integration-0.db

2026-01-06 11:54:11:5411 [32minfo[39m: [32m[EMAIL SERVICE] Sending ORG invitation to accept-a472a31f-3e62-4871-90e5-8df9f8172bb3@test.com[39m
2026-01-06 11:54:11:5411 [32minfo[39m: [32m[EMAIL SERVICE] Link: http://localhost:3000/join?token=f792f201ca8a31698fc5b9b1e118395d09b9ecc0c5929c633b915327926e74d3[39m

2026-01-06 11:54:11:5411 [33mwarn[39m: [33m[DB:Promise] Statement error[39m {&quot;error&quot;:&quot;SQLITE_ERROR: no such table: metrics_events&quot;,&quot;sql&quot;:&quot;INSERT INTO metrics_events (id, event_type, user_id, organization_id, source, context, created_at)\n &quot;,&quot;params&quot;:[&quot;1abcdcbd-bed9-4806-95a0-988ea0faa277&quot;,&quot;invite_sent&quot;,&quot;test-user-id&quot;,&quot;test-org-id&quot;,&quot;INVITATION&quot;,&quot;{\&quot;email\&quot;:\&quot;accept-a472a31f-3e62-4871-90e5-8df9f8172bb3@test.com\&quot;,\&quot;role\&quot;:\&quot;USER\&quot;,\&quot;invitationType\&quot;:\&quot;ORG\&quot;}&quot;]}

2026-01-06 11:54:11:5411 [32minfo[39m: [32m[MetricsCollector] Recorded event: invite_sent (1abcdcbd-bed9-4806-95a0-988ea0faa277)[39m

2026-01-06 11:54:11:5411 [35mhttp[39m: [35mGET /api/invitations/validate/f792f201ca8a31698fc5b9b1e118395d09b9ecc0c5929c633b915327926e74d3[39m
2026-01-06 11:54:11:5411 [32minfo[39m: [32m[Index] Pre-Gateway: GET /api/invitations/validate/f792f201ca8a31698fc5b9b1e118395d09b9ecc0c5929c633b915327926e74d3[39m

2026-01-06 11:54:11:5411 [35mhttp[39m: [35mPOST /api/invitations/accept[39m
2026-01-06 11:54:11:5411 [32minfo[39m: [32m[Index] Pre-Gateway: POST /api/invitations/accept[39m

2026-01-06 11:54:11:5411 [33mwarn[39m: [33m[DB:Promise] Statement error[39m {&quot;error&quot;:&quot;SQLITE_ERROR: no such table: attribution_events&quot;,&quot;sql&quot;:&quot;INSERT INTO attribution_events (id, organization_id, user_id, source_type, source_id, campaign, part&quot;,&quot;params&quot;:[&quot;6568f8a0-66d6-4a76-b30a-62f856909e99&quot;,&quot;test-org-id&quot;,&quot;fd278723-218f-4b71-b505-bb9269d3e2bd&quot;,&quot;INVITATION&quot;,&quot;d1eb3dc2-e491-4f10-86bc-0e0a8fe33cb1&quot;,null,null,null,&quot;{\&quot;invitedBy\&quot;:\&quot;test-user-id\&quot;,\&quot;email\&quot;:\&quot;accept-a472a31f-3e62-4871-90e5-8df9f8172bb3@test.com\&quot;,\&quot;role\&quot;:\&quot;USER\&quot;,\&quot;invitationType\&quot;:\&quot;ORG\&quot;,\&quot;projectId\&quot;:null,\&quot;entryPoint\&quot;:\&quot;invitation_accept\&quot;}&quot;]}

2026-01-06 11:54:11:5411 [32minfo[39m: [32m[AttributionService] Attribution recorded: INVITATION for org test-org-id[39m

2026-01-06 11:54:11:5411 [33mwarn[39m: [33m[DB:Promise] Statement error[39m {&quot;error&quot;:&quot;SQLITE_ERROR: no such table: metrics_events&quot;,&quot;sql&quot;:&quot;INSERT INTO metrics_events (id, event_type, user_id, organization_id, source, context, created_at)\n &quot;,&quot;params&quot;:[&quot;d00fe643-377e-4454-b3cd-4dd14f93bafe&quot;,&quot;invite_accepted&quot;,&quot;fd278723-218f-4b71-b505-bb9269d3e2bd&quot;,&quot;test-org-id&quot;,&quot;INVITATION&quot;,&quot;{\&quot;isNewUser\&quot;:true,\&quot;invitationType\&quot;:\&quot;ORG\&quot;,\&quot;invitationId\&quot;:\&quot;d1eb3dc2-e491-4f10-86bc-0e0a8fe33cb1\&quot;,\&quot;role\&quot;:\&quot;USER\&quot;}&quot;]}

2026-01-06 11:54:11:5411 [32minfo[39m: [32m[MetricsCollector] Recorded event: invite_accepted (d00fe643-377e-4454-b3cd-4dd14f93bafe)[39m

            </system-out>
        </testcase>
        <testcase classname="tests/integration/routes/invitations.test.js" name="Invitation Routes &gt; Management Operations &gt; should resend and revoke invitation" time="0.01936525">
            <system-out>
2026-01-06 11:54:11:5411 [35mhttp[39m: [35mPOST /api/invitations/org[39m
2026-01-06 11:54:11:5411 [32minfo[39m: [32m[Index] Pre-Gateway: POST /api/invitations/org[39m

[DB Config] Loading config. SQLITE_PATH env: ./test-integration-0.db
[DB Config] Resolved sqlitePath: ./test-integration-0.db

2026-01-06 11:54:11:5411 [32minfo[39m: [32m[EMAIL SERVICE] Sending ORG invitation to manage-92a6b4e1-2059-46f5-96d5-dc710cbefd7f@test.com[39m
2026-01-06 11:54:11:5411 [32minfo[39m: [32m[EMAIL SERVICE] Link: http://localhost:3000/join?token=a109530b3a976595ce27a5886a0e875356d58400f16a7cacb96d78ab781a08b2[39m

2026-01-06 11:54:11:5411 [33mwarn[39m: [33m[DB:Promise] Statement error[39m {&quot;error&quot;:&quot;SQLITE_ERROR: no such table: metrics_events&quot;,&quot;sql&quot;:&quot;INSERT INTO metrics_events (id, event_type, user_id, organization_id, source, context, created_at)\n &quot;,&quot;params&quot;:[&quot;b7d21e6f-9307-45ba-b67d-c065fcb02f14&quot;,&quot;invite_sent&quot;,&quot;test-user-id&quot;,&quot;test-org-id&quot;,&quot;INVITATION&quot;,&quot;{\&quot;email\&quot;:\&quot;manage-92a6b4e1-2059-46f5-96d5-dc710cbefd7f@test.com\&quot;,\&quot;role\&quot;:\&quot;USER\&quot;,\&quot;invitationType\&quot;:\&quot;ORG\&quot;}&quot;]}

2026-01-06 11:54:11:5411 [32minfo[39m: [32m[MetricsCollector] Recorded event: invite_sent (b7d21e6f-9307-45ba-b67d-c065fcb02f14)[39m

2026-01-06 11:54:11:5411 [35mhttp[39m: [35mPOST /api/invitations/8ead5cd0-f274-4a64-b3b3-2cd18b983176/resend[39m
2026-01-06 11:54:11:5411 [32minfo[39m: [32m[Index] Pre-Gateway: POST /api/invitations/8ead5cd0-f274-4a64-b3b3-2cd18b983176/resend[39m

2026-01-06 11:54:11:5411 [32minfo[39m: [32m[EMAIL SERVICE] Resending invitation to manage-92a6b4e1-2059-46f5-96d5-dc710cbefd7f@test.com[39m
2026-01-06 11:54:11:5411 [32minfo[39m: [32m[EMAIL SERVICE] New Link: http://localhost:3000/join?token=5b2f3619207c6d25f6da3b0c0c3ac5efc946483c38cfb33f72072d1417427316[39m

2026-01-06 11:54:11:5411 [35mhttp[39m: [35mPOST /api/invitations/8ead5cd0-f274-4a64-b3b3-2cd18b983176/revoke[39m
2026-01-06 11:54:11:5411 [32minfo[39m: [32m[Index] Pre-Gateway: POST /api/invitations/8ead5cd0-f274-4a64-b3b3-2cd18b983176/revoke[39m

            </system-out>
        </testcase>
        <testcase classname="tests/integration/routes/invitations.test.js" name="Invitation Routes &gt; Enterprise+ Security &gt; should block invitations from DEMO organizations" time="0.012323625">
            <system-out>
2026-01-06 11:54:11:5411 [35mhttp[39m: [35mPOST /api/invitations/org[39m
2026-01-06 11:54:11:5411 [32minfo[39m: [32m[Index] Pre-Gateway: POST /api/invitations/org[39m

[DB Config] Loading config. SQLITE_PATH env: ./test-integration-0.db
[DB Config] Resolved sqlitePath: ./test-integration-0.db

2026-01-06 11:54:11:5411 [33mwarn[39m: [33mPerformance metric[39m {&quot;method&quot;:&quot;POST&quot;,&quot;path&quot;:&quot;/api/invitations/org&quot;,&quot;statusCode&quot;:400,&quot;responseTime&quot;:2,&quot;dbQueryCount&quot;:0,&quot;dbQueryTime&quot;:0,&quot;memoryDelta&quot;:{&quot;heapUsed&quot;:2321192,&quot;external&quot;:772,&quot;rss&quot;:409600},&quot;userId&quot;:&quot;test-user-id&quot;,&quot;organizationId&quot;:&quot;demo-b6719fb6-f0c4-4bef-8fed-9634c9573d60&quot;,&quot;isSlow&quot;:false,&quot;isError&quot;:true}

            </system-out>
            <system-err>
[InvitationController] Create failed: Demo organizations cannot invite new members

            </system-err>
        </testcase>
    </testsuite>
</testsuites>
