<?xml version="1.0" encoding="UTF-8" ?>
<testsuites name="vitest tests" tests="82" failures="0" errors="0" time="2.202609333">
    <testsuite name="tests/unit/settingsModules.test.tsx" timestamp="2026-01-02T23:55:47.496Z" hostname="MacBook-Pro-Piotr.local" tests="82" failures="0" errors="0" skipped="0" time="2.202609333">
        <testcase classname="tests/unit/settingsModules.test.tsx" name="SettingsSidebar &gt; Rendering &gt; renders all 6 module items" time="0.022496625">
        </testcase>
        <testcase classname="tests/unit/settingsModules.test.tsx" name="SettingsSidebar &gt; Rendering &gt; displays user email" time="0.004804458">
        </testcase>
        <testcase classname="tests/unit/settingsModules.test.tsx" name="SettingsSidebar &gt; Rendering &gt; displays user name when provided" time="0.004904708">
        </testcase>
        <testcase classname="tests/unit/settingsModules.test.tsx" name="SettingsSidebar &gt; Rendering &gt; renders back to app button" time="0.004606084">
        </testcase>
        <testcase classname="tests/unit/settingsModules.test.tsx" name="SettingsSidebar &gt; Navigation &gt; calls onSectionChange when clicking Profile module" time="0.007245833">
        </testcase>
        <testcase classname="tests/unit/settingsModules.test.tsx" name="SettingsSidebar &gt; Navigation &gt; calls onSectionChange when clicking AI Preferences module" time="0.004138125">
        </testcase>
        <testcase classname="tests/unit/settingsModules.test.tsx" name="SettingsSidebar &gt; Navigation &gt; calls onSectionChange when clicking Security module" time="0.004331375">
        </testcase>
        <testcase classname="tests/unit/settingsModules.test.tsx" name="SettingsSidebar &gt; Navigation &gt; calls onBackToApp when clicking back button" time="0.004283875">
        </testcase>
        <testcase classname="tests/unit/settingsModules.test.tsx" name="SettingsSidebar &gt; Active State &gt; highlights Profile when active" time="0.004162416">
        </testcase>
        <testcase classname="tests/unit/settingsModules.test.tsx" name="SettingsSidebar &gt; Active State &gt; highlights Security when active" time="0.004007666">
        </testcase>
        <testcase classname="tests/unit/settingsModules.test.tsx" name="SettingsSidebar &gt; Active State &gt; highlights Appearance when active" time="0.003473125">
        </testcase>
        <testcase classname="tests/unit/settingsModules.test.tsx" name="settingsSectionToAppView mapping &gt; maps profile to SETTINGS_PROFILE_MODULE" time="0.000129666">
        </testcase>
        <testcase classname="tests/unit/settingsModules.test.tsx" name="settingsSectionToAppView mapping &gt; maps ai-preferences to SETTINGS_AI_MODULE" time="0.000045375">
        </testcase>
        <testcase classname="tests/unit/settingsModules.test.tsx" name="settingsSectionToAppView mapping &gt; maps notifications to SETTINGS_NOTIFICATIONS_MODULE" time="0.000105292">
        </testcase>
        <testcase classname="tests/unit/settingsModules.test.tsx" name="settingsSectionToAppView mapping &gt; maps security to SETTINGS_SECURITY_MODULE" time="0.0000765">
        </testcase>
        <testcase classname="tests/unit/settingsModules.test.tsx" name="settingsSectionToAppView mapping &gt; maps integrations to SETTINGS_INTEGRATIONS_MODULE" time="0.000047458">
        </testcase>
        <testcase classname="tests/unit/settingsModules.test.tsx" name="settingsSectionToAppView mapping &gt; maps appearance to SETTINGS_APPEARANCE_MODULE" time="0.000034125">
        </testcase>
        <testcase classname="tests/unit/settingsModules.test.tsx" name="appViewToSettingsSection mapping &gt; maps SETTINGS_PROFILE_MODULE to profile" time="0.000047375">
        </testcase>
        <testcase classname="tests/unit/settingsModules.test.tsx" name="appViewToSettingsSection mapping &gt; maps SETTINGS_AI_MODULE to ai-preferences" time="0.000029375">
        </testcase>
        <testcase classname="tests/unit/settingsModules.test.tsx" name="appViewToSettingsSection mapping &gt; maps SETTINGS_NOTIFICATIONS_MODULE to notifications" time="0.000029125">
        </testcase>
        <testcase classname="tests/unit/settingsModules.test.tsx" name="appViewToSettingsSection mapping &gt; maps SETTINGS_SECURITY_MODULE to security" time="0.000027458">
        </testcase>
        <testcase classname="tests/unit/settingsModules.test.tsx" name="appViewToSettingsSection mapping &gt; maps SETTINGS_INTEGRATIONS_MODULE to integrations" time="0.00002725">
        </testcase>
        <testcase classname="tests/unit/settingsModules.test.tsx" name="appViewToSettingsSection mapping &gt; maps SETTINGS_APPEARANCE_MODULE to appearance" time="0.000025375">
        </testcase>
        <testcase classname="tests/unit/settingsModules.test.tsx" name="appViewToSettingsSection mapping &gt; maps legacy SETTINGS_PROFILE to profile" time="0.000026208">
        </testcase>
        <testcase classname="tests/unit/settingsModules.test.tsx" name="appViewToSettingsSection mapping &gt; maps legacy SETTINGS_AI to ai-preferences" time="0.000025666">
        </testcase>
        <testcase classname="tests/unit/settingsModules.test.tsx" name="appViewToSettingsSection mapping &gt; maps legacy SETTINGS_SECURITY to security" time="0.000025875">
        </testcase>
        <testcase classname="tests/unit/settingsModules.test.tsx" name="appViewToSettingsSection mapping &gt; maps legacy SETTINGS_PRIVACY to security" time="0.0000245">
        </testcase>
        <testcase classname="tests/unit/settingsModules.test.tsx" name="ProfileModule &gt; Tab Rendering &gt; renders with Personal Info tab by default" time="0.057709916">
        </testcase>
        <testcase classname="tests/unit/settingsModules.test.tsx" name="ProfileModule &gt; Tab Rendering &gt; renders all 5 tabs" time="0.032680833">
        </testcase>
        <testcase classname="tests/unit/settingsModules.test.tsx" name="ProfileModule &gt; Tab Rendering &gt; renders module title and subtitle" time="0.025695166">
        </testcase>
        <testcase classname="tests/unit/settingsModules.test.tsx" name="ProfileModule &gt; Tab Navigation &gt; switches to Avatar tab when clicked" time="0.142721">
        </testcase>
        <testcase classname="tests/unit/settingsModules.test.tsx" name="ProfileModule &gt; Tab Navigation &gt; switches to Security tab when clicked" time="0.11286775">
        </testcase>
        <testcase classname="tests/unit/settingsModules.test.tsx" name="ProfileModule &gt; Tab Navigation &gt; switches to Account tab when clicked" time="0.106003375">
        </testcase>
        <testcase classname="tests/unit/settingsModules.test.tsx" name="ProfileModule &gt; Initial Tab &gt; respects initialTab prop" time="0.009942333">
        </testcase>
        <testcase classname="tests/unit/settingsModules.test.tsx" name="AIPreferencesModule &gt; Tab Rendering &gt; renders with Instructions tab by default" time="0.022438459">
        </testcase>
        <testcase classname="tests/unit/settingsModules.test.tsx" name="AIPreferencesModule &gt; Tab Rendering &gt; renders all 5 tabs" time="0.022859375">
        </testcase>
        <testcase classname="tests/unit/settingsModules.test.tsx" name="AIPreferencesModule &gt; Memory Tab &gt; switches to Memory tab when clicked" time="0.100438292">
        </testcase>
        <testcase classname="tests/unit/settingsModules.test.tsx" name="AIPreferencesModule &gt; Memory Tab &gt; renders memory enable toggle" time="0.094550209">
        </testcase>
        <testcase classname="tests/unit/settingsModules.test.tsx" name="AIPreferencesModule &gt; Memory Tab &gt; renders clear memory button" time="0.08664">
        </testcase>
        <testcase classname="tests/unit/settingsModules.test.tsx" name="AIPreferencesModule &gt; Response Style Tab &gt; switches to Response Style tab when clicked" time="0.088465917">
        </testcase>
        <testcase classname="tests/unit/settingsModules.test.tsx" name="AIPreferencesModule &gt; Response Style Tab &gt; renders length options" time="0.084452292">
        </testcase>
        <testcase classname="tests/unit/settingsModules.test.tsx" name="AIPreferencesModule &gt; Response Style Tab &gt; renders tone options" time="0.091055416">
        </testcase>
        <testcase classname="tests/unit/settingsModules.test.tsx" name="AIPreferencesModule &gt; Chat History Tab &gt; switches to Chat History tab when clicked" time="0.093069375">
        </testcase>
        <testcase classname="tests/unit/settingsModules.test.tsx" name="AIPreferencesModule &gt; Chat History Tab &gt; renders save history toggle" time="0.096868625">
        </testcase>
        <testcase classname="tests/unit/settingsModules.test.tsx" name="NotificationsModule &gt; Tab Rendering &gt; renders with All tab by default" time="0.008952834">
        </testcase>
        <testcase classname="tests/unit/settingsModules.test.tsx" name="NotificationsModule &gt; Tab Rendering &gt; renders all 4 tabs" time="0.00904825">
        </testcase>
        <testcase classname="tests/unit/settingsModules.test.tsx" name="NotificationsModule &gt; Schedule Tab &gt; switches to Schedule tab when clicked" time="0.06011525">
        </testcase>
        <testcase classname="tests/unit/settingsModules.test.tsx" name="NotificationsModule &gt; Schedule Tab &gt; renders weekend notifications toggle" time="0.056798083">
        </testcase>
        <testcase classname="tests/unit/settingsModules.test.tsx" name="SecurityPrivacyModule &gt; Tab Rendering &gt; renders with MFA tab by default" time="0.011359666">
            <system-err>
[InfoButton] No documentation found for cardId: security-dashboard

            </system-err>
        </testcase>
        <testcase classname="tests/unit/settingsModules.test.tsx" name="SecurityPrivacyModule &gt; Tab Rendering &gt; renders all 5 tabs" time="0.011282583">
            <system-err>
[InfoButton] No documentation found for cardId: security-dashboard

            </system-err>
        </testcase>
        <testcase classname="tests/unit/settingsModules.test.tsx" name="SecurityPrivacyModule &gt; Sessions Tab &gt; switches to Sessions tab when clicked" time="0.030935875">
        </testcase>
        <testcase classname="tests/unit/settingsModules.test.tsx" name="SecurityPrivacyModule &gt; Sessions Tab &gt; renders sign out all button" time="0.035766458">
        </testcase>
        <testcase classname="tests/unit/settingsModules.test.tsx" name="SecurityPrivacyModule &gt; Sessions Tab &gt; marks current session" time="0.031020292">
        </testcase>
        <testcase classname="tests/unit/settingsModules.test.tsx" name="SecurityPrivacyModule &gt; Login History Tab &gt; switches to Login History tab when clicked" time="0.032191167">
        </testcase>
        <testcase classname="tests/unit/settingsModules.test.tsx" name="SecurityPrivacyModule &gt; Login History Tab &gt; renders login entries with status" time="0.034340125">
        </testcase>
        <testcase classname="tests/unit/settingsModules.test.tsx" name="SecurityPrivacyModule &gt; Data Controls Tab &gt; switches to Data Controls tab when clicked" time="0.033838375">
        </testcase>
        <testcase classname="tests/unit/settingsModules.test.tsx" name="SecurityPrivacyModule &gt; Data Controls Tab &gt; renders training opt-out toggle" time="0.036620417">
        </testcase>
        <testcase classname="tests/unit/settingsModules.test.tsx" name="SecurityPrivacyModule &gt; Data Controls Tab &gt; renders data retention options" time="0.03461">
        </testcase>
        <testcase classname="tests/unit/settingsModules.test.tsx" name="SecurityPrivacyModule &gt; Data Controls Tab &gt; renders export data button" time="0.035946209">
        </testcase>
        <testcase classname="tests/unit/settingsModules.test.tsx" name="IntegrationsModule &gt; Tab Rendering &gt; renders with Apps tab by default" time="0.003842625">
        </testcase>
        <testcase classname="tests/unit/settingsModules.test.tsx" name="IntegrationsModule &gt; Tab Rendering &gt; renders all 4 tabs" time="0.004643917">
        </testcase>
        <testcase classname="tests/unit/settingsModules.test.tsx" name="IntegrationsModule &gt; API Keys Tab &gt; switches to API Keys tab when clicked" time="0.021112">
        </testcase>
        <testcase classname="tests/unit/settingsModules.test.tsx" name="IntegrationsModule &gt; API Keys Tab &gt; renders create new key button" time="0.020316459">
        </testcase>
        <testcase classname="tests/unit/settingsModules.test.tsx" name="IntegrationsModule &gt; Webhooks Tab &gt; switches to Webhooks tab when clicked" time="0.019896459">
        </testcase>
        <testcase classname="tests/unit/settingsModules.test.tsx" name="IntegrationsModule &gt; Webhooks Tab &gt; renders add webhook button" time="0.020672792">
        </testcase>
        <testcase classname="tests/unit/settingsModules.test.tsx" name="IntegrationsModule &gt; Calendar Tab &gt; switches to Calendar tab when clicked" time="0.021192958">
        </testcase>
        <testcase classname="tests/unit/settingsModules.test.tsx" name="IntegrationsModule &gt; Calendar Tab &gt; renders Google Calendar option" time="0.020691084">
        </testcase>
        <testcase classname="tests/unit/settingsModules.test.tsx" name="IntegrationsModule &gt; Calendar Tab &gt; renders Outlook Calendar option" time="0.021514959">
        </testcase>
        <testcase classname="tests/unit/settingsModules.test.tsx" name="AppearanceModule &gt; Tab Rendering &gt; renders with Theme tab by default" time="0.006347666">
        </testcase>
        <testcase classname="tests/unit/settingsModules.test.tsx" name="AppearanceModule &gt; Tab Rendering &gt; renders all 6 tabs" time="0.0088935">
        </testcase>
        <testcase classname="tests/unit/settingsModules.test.tsx" name="AppearanceModule &gt; Theme Tab &gt; renders light theme option" time="0.005847542">
        </testcase>
        <testcase classname="tests/unit/settingsModules.test.tsx" name="AppearanceModule &gt; Theme Tab &gt; renders dark theme option" time="0.005252625">
        </testcase>
        <testcase classname="tests/unit/settingsModules.test.tsx" name="AppearanceModule &gt; Theme Tab &gt; renders system theme option" time="0.005162542">
        </testcase>
        <testcase classname="tests/unit/settingsModules.test.tsx" name="AppearanceModule &gt; Theme Tab &gt; calls toggleTheme when selecting light theme" time="0.003913334">
        </testcase>
        <testcase classname="tests/unit/settingsModules.test.tsx" name="AppearanceModule &gt; Theme Tab &gt; calls toggleTheme when selecting dark theme" time="0.00438575">
        </testcase>
        <testcase classname="tests/unit/settingsModules.test.tsx" name="AppearanceModule &gt; Theme Tab &gt; calls toggleTheme when selecting system theme" time="0.00421875">
        </testcase>
        <testcase classname="tests/unit/settingsModules.test.tsx" name="AppearanceModule &gt; Language Tab &gt; switches to Language tab when clicked" time="0.061806167">
        </testcase>
        <testcase classname="tests/unit/settingsModules.test.tsx" name="AppearanceModule &gt; Language Tab &gt; renders English option" time="0.059996417">
        </testcase>
        <testcase classname="tests/unit/settingsModules.test.tsx" name="AppearanceModule &gt; Language Tab &gt; renders Polish option" time="0.074155875">
        </testcase>
        <testcase classname="tests/unit/settingsModules.test.tsx" name="Settings Integration &gt; all modules can be navigated sequentially" time="0.006170333">
        </testcase>
        <testcase classname="tests/unit/settingsModules.test.tsx" name="Settings Integration &gt; each module maps to correct AppView" time="0.000114583">
        </testcase>
        <testcase classname="tests/unit/settingsModules.test.tsx" name="Settings Integration &gt; reverse mapping works correctly" time="0.000098375">
        </testcase>
    </testsuite>
</testsuites>
