<?xml version="1.0" encoding="UTF-8" ?>
<testsuites name="vitest tests" tests="346" failures="0" errors="0" time="2.3189185">
    <testsuite name="tests/integration/assessment-api.integration.test.js" timestamp="2025-12-26T08:11:31.095Z" hostname="MacBook-Pro-Piotr.local" tests="45" failures="0" errors="0" skipped="0" time="0.217615583">
        <testcase classname="tests/integration/assessment-api.integration.test.js" name="Assessment API Integration Tests &gt; GET /api/assessment/:projectId &gt; should return assessment for valid project" time="0.006751333">
        </testcase>
        <testcase classname="tests/integration/assessment-api.integration.test.js" name="Assessment API Integration Tests &gt; GET /api/assessment/:projectId &gt; should return empty assessment for non-existent project" time="0.001203333">
        </testcase>
        <testcase classname="tests/integration/assessment-api.integration.test.js" name="Assessment API Integration Tests &gt; GET /api/assessment/:projectId &gt; should reject unauthenticated request" time="0.00110375">
        </testcase>
        <testcase classname="tests/integration/assessment-api.integration.test.js" name="Assessment API Integration Tests &gt; GET /api/assessment/:projectId &gt; should include gap analysis in response" time="0.000904917">
        </testcase>
        <testcase classname="tests/integration/assessment-api.integration.test.js" name="Assessment API Integration Tests &gt; PUT /api/assessment/:projectId &gt; should save assessment for authorized user" time="0.004561083">
        </testcase>
        <testcase classname="tests/integration/assessment-api.integration.test.js" name="Assessment API Integration Tests &gt; PUT /api/assessment/:projectId &gt; should deny access for viewer" time="0.001157042">
        </testcase>
        <testcase classname="tests/integration/assessment-api.integration.test.js" name="Assessment API Integration Tests &gt; POST /api/assessment/:projectId/gap-analysis &gt; should return gap analysis for valid project" time="0.000927083">
        </testcase>
        <testcase classname="tests/integration/assessment-api.integration.test.js" name="Assessment API Integration Tests &gt; POST /api/assessment/:projectId/gap-analysis &gt; should return 404 for non-existent assessment" time="0.000640083">
        </testcase>
        <testcase classname="tests/integration/assessment-api.integration.test.js" name="Assessment API Integration Tests &gt; POST /api/assessment/:projectId/ai/guidance &gt; should return AI guidance for valid request" time="0.001098792">
        </testcase>
        <testcase classname="tests/integration/assessment-api.integration.test.js" name="Assessment API Integration Tests &gt; POST /api/assessment/:projectId/ai/guidance &gt; should require axisId and currentScore" time="0.003708">
        </testcase>
        <testcase classname="tests/integration/assessment-api.integration.test.js" name="Assessment API Integration Tests &gt; POST /api/assessment/:projectId/ai/guidance &gt; should use currentScore+1 as default target" time="0.000974166">
        </testcase>
        <testcase classname="tests/integration/assessment-api.integration.test.js" name="Assessment API Integration Tests &gt; POST /api/assessment/:projectId/ai/validate &gt; should validate score consistency" time="0.000819916">
        </testcase>
        <testcase classname="tests/integration/assessment-api.integration.test.js" name="Assessment API Integration Tests &gt; POST /api/assessment/:projectId/ai/validate &gt; should return 404 for non-existent assessment" time="0.000636583">
        </testcase>
        <testcase classname="tests/integration/assessment-api.integration.test.js" name="Assessment API Integration Tests &gt; POST /api/assessment/:projectId/ai/gap/:axisId &gt; should generate gap analysis for axis" time="0.000782917">
        </testcase>
        <testcase classname="tests/integration/assessment-api.integration.test.js" name="Assessment API Integration Tests &gt; POST /api/assessment/:projectId/ai/gap/:axisId &gt; should require currentScore and targetScore" time="0.001114083">
        </testcase>
        <testcase classname="tests/integration/assessment-api.integration.test.js" name="Assessment API Integration Tests &gt; POST /api/assessment/:projectId/ai/gap/:axisId &gt; should include justification when provided" time="0.008132">
        </testcase>
        <testcase classname="tests/integration/assessment-api.integration.test.js" name="Assessment API Integration Tests &gt; GET /api/assessment/:projectId/ai/insights &gt; should return proactive insights" time="0.002754625">
        </testcase>
        <testcase classname="tests/integration/assessment-api.integration.test.js" name="Assessment API Integration Tests &gt; GET /api/assessment/:projectId/ai/insights &gt; should return 404 for non-existent assessment" time="0.000717">
        </testcase>
        <testcase classname="tests/integration/assessment-api.integration.test.js" name="Assessment API Integration Tests &gt; POST /api/assessment/:projectId/ai/suggest-justification &gt; should suggest justification for axis" time="0.005223708">
        </testcase>
        <testcase classname="tests/integration/assessment-api.integration.test.js" name="Assessment API Integration Tests &gt; POST /api/assessment/:projectId/ai/suggest-justification &gt; should require axisId and score" time="0.001418416">
        </testcase>
        <testcase classname="tests/integration/assessment-api.integration.test.js" name="Assessment API Integration Tests &gt; POST /api/assessment/:projectId/ai/suggest-evidence &gt; should suggest evidence for axis" time="0.001164166">
        </testcase>
        <testcase classname="tests/integration/assessment-api.integration.test.js" name="Assessment API Integration Tests &gt; POST /api/assessment/:projectId/ai/suggest-evidence &gt; should require axisId and score" time="0.000777375">
        </testcase>
        <testcase classname="tests/integration/assessment-api.integration.test.js" name="Assessment API Integration Tests &gt; POST /api/assessment/:projectId/ai/suggest-target &gt; should suggest target score" time="0.001198625">
        </testcase>
        <testcase classname="tests/integration/assessment-api.integration.test.js" name="Assessment API Integration Tests &gt; POST /api/assessment/:projectId/ai/suggest-target &gt; should accept ambition level parameter" time="0.001869083">
        </testcase>
        <testcase classname="tests/integration/assessment-api.integration.test.js" name="Assessment API Integration Tests &gt; POST /api/assessment/:projectId/ai/correct-text &gt; should correct text" time="0.000897292">
        </testcase>
        <testcase classname="tests/integration/assessment-api.integration.test.js" name="Assessment API Integration Tests &gt; POST /api/assessment/:projectId/ai/correct-text &gt; should require text parameter" time="0.000561125">
        </testcase>
        <testcase classname="tests/integration/assessment-api.integration.test.js" name="Assessment API Integration Tests &gt; POST /api/assessment/:projectId/ai/autocomplete &gt; should autocomplete text" time="0.000550709">
        </testcase>
        <testcase classname="tests/integration/assessment-api.integration.test.js" name="Assessment API Integration Tests &gt; POST /api/assessment/:projectId/ai/autocomplete &gt; should require all parameters" time="0.000585916">
        </testcase>
        <testcase classname="tests/integration/assessment-api.integration.test.js" name="Assessment API Integration Tests &gt; POST /api/assessment/:projectId/ai/fill-missing &gt; should fill missing fields" time="0.000887333">
        </testcase>
        <testcase classname="tests/integration/assessment-api.integration.test.js" name="Assessment API Integration Tests &gt; POST /api/assessment/:projectId/ai/fill-missing &gt; should deny access for viewer" time="0.000660667">
        </testcase>
        <testcase classname="tests/integration/assessment-api.integration.test.js" name="Assessment API Integration Tests &gt; POST /api/assessment/:projectId/ai/fill-missing &gt; should return 404 for non-existent assessment" time="0.000597334">
        </testcase>
        <testcase classname="tests/integration/assessment-api.integration.test.js" name="Assessment API Integration Tests &gt; POST /api/assessment/:projectId/ai/review-justifications &gt; should review all justifications" time="0.000685">
        </testcase>
        <testcase classname="tests/integration/assessment-api.integration.test.js" name="Assessment API Integration Tests &gt; POST /api/assessment/:projectId/ai/review-justifications &gt; should return 404 for non-existent assessment" time="0.000587625">
        </testcase>
        <testcase classname="tests/integration/assessment-api.integration.test.js" name="Assessment API Integration Tests &gt; POST /api/assessment/:projectId/ai/reports/full &gt; should generate full report" time="0.000505458">
        </testcase>
        <testcase classname="tests/integration/assessment-api.integration.test.js" name="Assessment API Integration Tests &gt; POST /api/assessment/:projectId/ai/reports/full &gt; should return 404 for non-existent assessment" time="0.000475">
        </testcase>
        <testcase classname="tests/integration/assessment-api.integration.test.js" name="Assessment API Integration Tests &gt; POST /api/assessment/:projectId/ai/reports/stakeholder &gt; should generate stakeholder report" time="0.000508958">
        </testcase>
        <testcase classname="tests/integration/assessment-api.integration.test.js" name="Assessment API Integration Tests &gt; POST /api/assessment/:projectId/ai/reports/stakeholder &gt; should require stakeholderRole" time="0.000465209">
        </testcase>
        <testcase classname="tests/integration/assessment-api.integration.test.js" name="Assessment API Integration Tests &gt; POST /api/assessment/:projectId/ai/generate-initiatives &gt; should generate initiatives from assessment" time="0.000438708">
        </testcase>
        <testcase classname="tests/integration/assessment-api.integration.test.js" name="Assessment API Integration Tests &gt; POST /api/assessment/:projectId/ai/generate-initiatives &gt; should return 404 for non-existent assessment" time="0.000403541">
        </testcase>
        <testcase classname="tests/integration/assessment-api.integration.test.js" name="Assessment API Integration Tests &gt; POST /api/assessment/:projectId/ai/prioritize-initiatives &gt; should prioritize initiatives" time="0.000435">
        </testcase>
        <testcase classname="tests/integration/assessment-api.integration.test.js" name="Assessment API Integration Tests &gt; POST /api/assessment/:projectId/ai/prioritize-initiatives &gt; should require initiatives array" time="0.000384292">
        </testcase>
        <testcase classname="tests/integration/assessment-api.integration.test.js" name="Assessment API Integration Tests &gt; POST /api/assessment/:projectId/ai/estimate-roi &gt; should estimate ROI for initiative" time="0.000417708">
        </testcase>
        <testcase classname="tests/integration/assessment-api.integration.test.js" name="Assessment API Integration Tests &gt; POST /api/assessment/:projectId/ai/estimate-roi &gt; should require initiative object" time="0.000406125">
        </testcase>
        <testcase classname="tests/integration/assessment-api.integration.test.js" name="Assessment API Integration Tests &gt; Error Handling &gt; should handle service errors gracefully" time="0.00103275">
        </testcase>
        <testcase classname="tests/integration/assessment-api.integration.test.js" name="Assessment API Integration Tests &gt; Error Handling &gt; should handle AI service errors gracefully" time="0.000625083">
        </testcase>
    </testsuite>
    <testsuite name="tests/integration/assessment-rbac.integration.test.js" timestamp="2025-12-26T08:11:31.098Z" hostname="MacBook-Pro-Piotr.local" tests="48" failures="0" errors="0" skipped="0" time="0.214545625">
        <testcase classname="tests/integration/assessment-rbac.integration.test.js" name="Assessment RBAC Integration Tests &gt; Authentication &gt; should reject unauthenticated requests" time="0.007316458">
        </testcase>
        <testcase classname="tests/integration/assessment-rbac.integration.test.js" name="Assessment RBAC Integration Tests &gt; Authentication &gt; should accept authenticated requests" time="0.001465167">
        </testcase>
        <testcase classname="tests/integration/assessment-rbac.integration.test.js" name="Assessment RBAC Integration Tests &gt; Read Permissions &gt; should allow admin to read assessment" time="0.000955167">
        </testcase>
        <testcase classname="tests/integration/assessment-rbac.integration.test.js" name="Assessment RBAC Integration Tests &gt; Read Permissions &gt; should allow projectManager to read assessment" time="0.000667">
        </testcase>
        <testcase classname="tests/integration/assessment-rbac.integration.test.js" name="Assessment RBAC Integration Tests &gt; Read Permissions &gt; should allow consultant to read assessment" time="0.000690834">
        </testcase>
        <testcase classname="tests/integration/assessment-rbac.integration.test.js" name="Assessment RBAC Integration Tests &gt; Read Permissions &gt; should allow viewer to read assessment" time="0.000617958">
        </testcase>
        <testcase classname="tests/integration/assessment-rbac.integration.test.js" name="Assessment RBAC Integration Tests &gt; Read Permissions &gt; should allow cto to read assessment" time="0.000526792">
        </testcase>
        <testcase classname="tests/integration/assessment-rbac.integration.test.js" name="Assessment RBAC Integration Tests &gt; Create Permissions &gt; should allow admin to create assessment" time="0.003866667">
        </testcase>
        <testcase classname="tests/integration/assessment-rbac.integration.test.js" name="Assessment RBAC Integration Tests &gt; Create Permissions &gt; should allow project manager to create assessment" time="0.000840625">
        </testcase>
        <testcase classname="tests/integration/assessment-rbac.integration.test.js" name="Assessment RBAC Integration Tests &gt; Create Permissions &gt; should allow consultant to create assessment" time="0.000766583">
        </testcase>
        <testcase classname="tests/integration/assessment-rbac.integration.test.js" name="Assessment RBAC Integration Tests &gt; Create Permissions &gt; should deny viewer from creating assessment" time="0.000541166">
        </testcase>
        <testcase classname="tests/integration/assessment-rbac.integration.test.js" name="Assessment RBAC Integration Tests &gt; Update Permissions &gt; should allow project manager to update assessment" time="0.00060825">
        </testcase>
        <testcase classname="tests/integration/assessment-rbac.integration.test.js" name="Assessment RBAC Integration Tests &gt; Update Permissions &gt; should deny viewer from updating assessment" time="0.000491542">
        </testcase>
        <testcase classname="tests/integration/assessment-rbac.integration.test.js" name="Assessment RBAC Integration Tests &gt; Update Permissions &gt; should deny CTO from updating assessment" time="0.000488">
        </testcase>
        <testcase classname="tests/integration/assessment-rbac.integration.test.js" name="Assessment RBAC Integration Tests &gt; Delete Permissions &gt; should allow admin to delete assessment" time="0.002567875">
        </testcase>
        <testcase classname="tests/integration/assessment-rbac.integration.test.js" name="Assessment RBAC Integration Tests &gt; Delete Permissions &gt; should deny project manager from deleting assessment" time="0.000787042">
        </testcase>
        <testcase classname="tests/integration/assessment-rbac.integration.test.js" name="Assessment RBAC Integration Tests &gt; Delete Permissions &gt; should deny consultant from deleting assessment" time="0.000602958">
        </testcase>
        <testcase classname="tests/integration/assessment-rbac.integration.test.js" name="Assessment RBAC Integration Tests &gt; Workflow Permissions &gt; Submit for Review &gt; should allow project manager to submit" time="0.0005725">
        </testcase>
        <testcase classname="tests/integration/assessment-rbac.integration.test.js" name="Assessment RBAC Integration Tests &gt; Workflow Permissions &gt; Submit for Review &gt; should deny viewer from submitting" time="0.000552084">
        </testcase>
        <testcase classname="tests/integration/assessment-rbac.integration.test.js" name="Assessment RBAC Integration Tests &gt; Workflow Permissions &gt; Submit Review &gt; should allow CTO to submit review" time="0.000576125">
        </testcase>
        <testcase classname="tests/integration/assessment-rbac.integration.test.js" name="Assessment RBAC Integration Tests &gt; Workflow Permissions &gt; Submit Review &gt; should deny project manager from submitting review" time="0.000583667">
        </testcase>
        <testcase classname="tests/integration/assessment-rbac.integration.test.js" name="Assessment RBAC Integration Tests &gt; Workflow Permissions &gt; Approve Assessment &gt; should allow CTO to approve" time="0.000471292">
        </testcase>
        <testcase classname="tests/integration/assessment-rbac.integration.test.js" name="Assessment RBAC Integration Tests &gt; Workflow Permissions &gt; Approve Assessment &gt; should allow admin to approve" time="0.0004865">
        </testcase>
        <testcase classname="tests/integration/assessment-rbac.integration.test.js" name="Assessment RBAC Integration Tests &gt; Workflow Permissions &gt; Approve Assessment &gt; should deny project manager from approving" time="0.006929209">
        </testcase>
        <testcase classname="tests/integration/assessment-rbac.integration.test.js" name="Assessment RBAC Integration Tests &gt; Workflow Permissions &gt; Reject Assessment &gt; should allow CTO to reject" time="0.001031042">
        </testcase>
        <testcase classname="tests/integration/assessment-rbac.integration.test.js" name="Assessment RBAC Integration Tests &gt; Workflow Permissions &gt; Reject Assessment &gt; should deny consultant from rejecting" time="0.000748709">
        </testcase>
        <testcase classname="tests/integration/assessment-rbac.integration.test.js" name="Assessment RBAC Integration Tests &gt; Organization Isolation &gt; should deny access to other organization assessment" time="0.001546917">
        </testcase>
        <testcase classname="tests/integration/assessment-rbac.integration.test.js" name="Assessment RBAC Integration Tests &gt; Organization Isolation &gt; should allow access to own organization assessment" time="0.002389708">
        </testcase>
        <testcase classname="tests/integration/assessment-rbac.integration.test.js" name="Assessment RBAC Integration Tests &gt; Admin-Only Routes &gt; should allow admin to access admin routes" time="0.005107875">
        </testcase>
        <testcase classname="tests/integration/assessment-rbac.integration.test.js" name="Assessment RBAC Integration Tests &gt; Admin-Only Routes &gt; should deny project manager from admin routes" time="0.000980042">
        </testcase>
        <testcase classname="tests/integration/assessment-rbac.integration.test.js" name="Assessment RBAC Integration Tests &gt; Admin-Only Routes &gt; should deny CTO from admin routes" time="0.001005167">
        </testcase>
        <testcase classname="tests/integration/assessment-rbac.integration.test.js" name="Assessment RBAC Integration Tests &gt; Export Permissions &gt; should allow admin to export assessment" time="0.001685708">
        </testcase>
        <testcase classname="tests/integration/assessment-rbac.integration.test.js" name="Assessment RBAC Integration Tests &gt; Export Permissions &gt; should allow projectManager to export assessment" time="0.000999667">
        </testcase>
        <testcase classname="tests/integration/assessment-rbac.integration.test.js" name="Assessment RBAC Integration Tests &gt; Export Permissions &gt; should allow consultant to export assessment" time="0.000447084">
        </testcase>
        <testcase classname="tests/integration/assessment-rbac.integration.test.js" name="Assessment RBAC Integration Tests &gt; Export Permissions &gt; should allow viewer to export assessment" time="0.00108025">
        </testcase>
        <testcase classname="tests/integration/assessment-rbac.integration.test.js" name="Assessment RBAC Integration Tests &gt; Export Permissions &gt; should allow cto to export assessment" time="0.001109833">
        </testcase>
        <testcase classname="tests/integration/assessment-rbac.integration.test.js" name="Assessment RBAC Integration Tests &gt; Permission Matrix &gt; viewer GET /api/assessment/1 should return 200" time="0.000778791">
        </testcase>
        <testcase classname="tests/integration/assessment-rbac.integration.test.js" name="Assessment RBAC Integration Tests &gt; Permission Matrix &gt; viewer POST /api/assessment should return 403" time="0.000708875">
        </testcase>
        <testcase classname="tests/integration/assessment-rbac.integration.test.js" name="Assessment RBAC Integration Tests &gt; Permission Matrix &gt; viewer PUT /api/assessment/1 should return 403" time="0.000594125">
        </testcase>
        <testcase classname="tests/integration/assessment-rbac.integration.test.js" name="Assessment RBAC Integration Tests &gt; Permission Matrix &gt; viewer DELETE /api/assessment/1 should return 403" time="0.000509375">
        </testcase>
        <testcase classname="tests/integration/assessment-rbac.integration.test.js" name="Assessment RBAC Integration Tests &gt; Permission Matrix &gt; projectManager GET /api/assessment/1 should return 200" time="0.0005615">
        </testcase>
        <testcase classname="tests/integration/assessment-rbac.integration.test.js" name="Assessment RBAC Integration Tests &gt; Permission Matrix &gt; projectManager POST /api/assessment should return 201" time="0.000564333">
        </testcase>
        <testcase classname="tests/integration/assessment-rbac.integration.test.js" name="Assessment RBAC Integration Tests &gt; Permission Matrix &gt; projectManager PUT /api/assessment/1 should return 200" time="0.000543208">
        </testcase>
        <testcase classname="tests/integration/assessment-rbac.integration.test.js" name="Assessment RBAC Integration Tests &gt; Permission Matrix &gt; projectManager DELETE /api/assessment/1 should return 403" time="0.000413375">
        </testcase>
        <testcase classname="tests/integration/assessment-rbac.integration.test.js" name="Assessment RBAC Integration Tests &gt; Permission Matrix &gt; admin GET /api/assessment/1 should return 200" time="0.000554667">
        </testcase>
        <testcase classname="tests/integration/assessment-rbac.integration.test.js" name="Assessment RBAC Integration Tests &gt; Permission Matrix &gt; admin POST /api/assessment should return 201" time="0.000537709">
        </testcase>
        <testcase classname="tests/integration/assessment-rbac.integration.test.js" name="Assessment RBAC Integration Tests &gt; Permission Matrix &gt; admin PUT /api/assessment/1 should return 200" time="0.000477375">
        </testcase>
        <testcase classname="tests/integration/assessment-rbac.integration.test.js" name="Assessment RBAC Integration Tests &gt; Permission Matrix &gt; admin DELETE /api/assessment/1 should return 204" time="0.000360917">
        </testcase>
    </testsuite>
    <testsuite name="tests/unit/backend/aiAssessmentFormHelper.test.js" timestamp="2025-12-26T08:11:31.100Z" hostname="MacBook-Pro-Piotr.local" tests="53" failures="0" errors="0" skipped="0" time="0.184616208">
        <testcase classname="tests/unit/backend/aiAssessmentFormHelper.test.js" name="AIAssessmentFormHelper &gt; FIELD_TYPES Configuration &gt; should define all required field types" time="0.016671917">
        </testcase>
        <testcase classname="tests/unit/backend/aiAssessmentFormHelper.test.js" name="AIAssessmentFormHelper &gt; VALIDATION_RULES Configuration &gt; should define justification validation rules" time="0.000382292">
        </testcase>
        <testcase classname="tests/unit/backend/aiAssessmentFormHelper.test.js" name="AIAssessmentFormHelper &gt; VALIDATION_RULES Configuration &gt; should define evidence validation rules" time="0.000200959">
        </testcase>
        <testcase classname="tests/unit/backend/aiAssessmentFormHelper.test.js" name="AIAssessmentFormHelper &gt; VALIDATION_RULES Configuration &gt; should define score validation rules" time="0.000168583">
        </testcase>
        <testcase classname="tests/unit/backend/aiAssessmentFormHelper.test.js" name="AIAssessmentFormHelper &gt; getFieldSuggestion &gt; should get justification suggestion for axis" time="0.000246625">
        </testcase>
        <testcase classname="tests/unit/backend/aiAssessmentFormHelper.test.js" name="AIAssessmentFormHelper &gt; getFieldSuggestion &gt; should get evidence suggestion for axis" time="0.000225625">
        </testcase>
        <testcase classname="tests/unit/backend/aiAssessmentFormHelper.test.js" name="AIAssessmentFormHelper &gt; getFieldSuggestion &gt; should get target score suggestion" time="0.000216792">
        </testcase>
        <testcase classname="tests/unit/backend/aiAssessmentFormHelper.test.js" name="AIAssessmentFormHelper &gt; getFieldSuggestion &gt; should get notes suggestion" time="0.000246542">
        </testcase>
        <testcase classname="tests/unit/backend/aiAssessmentFormHelper.test.js" name="AIAssessmentFormHelper &gt; getFieldSuggestion &gt; should get priority suggestion" time="0.00015425">
        </testcase>
        <testcase classname="tests/unit/backend/aiAssessmentFormHelper.test.js" name="AIAssessmentFormHelper &gt; getFieldSuggestion &gt; should return error for unknown field type" time="0.000164667">
        </testcase>
        <testcase classname="tests/unit/backend/aiAssessmentFormHelper.test.js" name="AIAssessmentFormHelper &gt; validateFieldValue &gt; should validate empty justification as invalid" time="0.000398667">
        </testcase>
        <testcase classname="tests/unit/backend/aiAssessmentFormHelper.test.js" name="AIAssessmentFormHelper &gt; validateFieldValue &gt; should warn about short justification" time="0.00024475">
        </testcase>
        <testcase classname="tests/unit/backend/aiAssessmentFormHelper.test.js" name="AIAssessmentFormHelper &gt; validateFieldValue &gt; should reject justification exceeding max length" time="0.000118333">
        </testcase>
        <testcase classname="tests/unit/backend/aiAssessmentFormHelper.test.js" name="AIAssessmentFormHelper &gt; validateFieldValue &gt; should validate score range correctly" time="0.000105959">
        </testcase>
        <testcase classname="tests/unit/backend/aiAssessmentFormHelper.test.js" name="AIAssessmentFormHelper &gt; validateFieldValue &gt; should check score consistency for full assessment" time="0.000242541">
        </testcase>
        <testcase classname="tests/unit/backend/aiAssessmentFormHelper.test.js" name="AIAssessmentFormHelper &gt; validateFieldValue &gt; should validate justification with AI feedback" time="0.000255542">
        </testcase>
        <testcase classname="tests/unit/backend/aiAssessmentFormHelper.test.js" name="AIAssessmentFormHelper &gt; autocompleteJustification &gt; should reject text shorter than 10 characters" time="0.000153583">
        </testcase>
        <testcase classname="tests/unit/backend/aiAssessmentFormHelper.test.js" name="AIAssessmentFormHelper &gt; autocompleteJustification &gt; should call aiPartner for valid partial text" time="0.000303459">
        </testcase>
        <testcase classname="tests/unit/backend/aiAssessmentFormHelper.test.js" name="AIAssessmentFormHelper &gt; autocompleteJustification &gt; should handle empty partial text" time="0.000361375">
        </testcase>
        <testcase classname="tests/unit/backend/aiAssessmentFormHelper.test.js" name="AIAssessmentFormHelper &gt; fillMissingFields &gt; should fill missing justifications with suggestions" time="0.000303834">
        </testcase>
        <testcase classname="tests/unit/backend/aiAssessmentFormHelper.test.js" name="AIAssessmentFormHelper &gt; fillMissingFields &gt; should respect suggest-only strategy" time="0.000159166">
        </testcase>
        <testcase classname="tests/unit/backend/aiAssessmentFormHelper.test.js" name="AIAssessmentFormHelper &gt; fillMissingFields &gt; should skip axes with complete data" time="0.000124667">
        </testcase>
        <testcase classname="tests/unit/backend/aiAssessmentFormHelper.test.js" name="AIAssessmentFormHelper &gt; fillMissingFields &gt; should suggest target when missing" time="0.000141375">
        </testcase>
        <testcase classname="tests/unit/backend/aiAssessmentFormHelper.test.js" name="AIAssessmentFormHelper &gt; reviewAllJustifications &gt; should review all justifications and return quality scores" time="0.000609167">
        </testcase>
        <testcase classname="tests/unit/backend/aiAssessmentFormHelper.test.js" name="AIAssessmentFormHelper &gt; reviewAllJustifications &gt; should identify issues in poor quality justifications" time="0.000152666">
        </testcase>
        <testcase classname="tests/unit/backend/aiAssessmentFormHelper.test.js" name="AIAssessmentFormHelper &gt; reviewAllJustifications &gt; should skip axes without justification" time="0.000127333">
        </testcase>
        <testcase classname="tests/unit/backend/aiAssessmentFormHelper.test.js" name="AIAssessmentFormHelper &gt; reviewAllJustifications &gt; should calculate summary statistics correctly" time="0.000146625">
        </testcase>
        <testcase classname="tests/unit/backend/aiAssessmentFormHelper.test.js" name="AIAssessmentFormHelper &gt; getContextualHelp &gt; should return tips for justification field" time="0.000163542">
        </testcase>
        <testcase classname="tests/unit/backend/aiAssessmentFormHelper.test.js" name="AIAssessmentFormHelper &gt; getContextualHelp &gt; should return tips for target field" time="0.000110792">
        </testcase>
        <testcase classname="tests/unit/backend/aiAssessmentFormHelper.test.js" name="AIAssessmentFormHelper &gt; getContextualHelp &gt; should include score-specific tips for low scores" time="0.000104042">
        </testcase>
        <testcase classname="tests/unit/backend/aiAssessmentFormHelper.test.js" name="AIAssessmentFormHelper &gt; getContextualHelp &gt; should include score-specific tips for high scores" time="0.00009125">
        </testcase>
        <testcase classname="tests/unit/backend/aiAssessmentFormHelper.test.js" name="AIAssessmentFormHelper &gt; getContextualHelp &gt; should include progress-based next steps" time="0.000096667">
        </testcase>
        <testcase classname="tests/unit/backend/aiAssessmentFormHelper.test.js" name="AIAssessmentFormHelper &gt; getContextualHelp &gt; should indicate completion when all axes done" time="0.000095375">
        </testcase>
        <testcase classname="tests/unit/backend/aiAssessmentFormHelper.test.js" name="AIAssessmentFormHelper &gt; getQuickActions &gt; should return explain level action for any axis" time="0.000193">
        </testcase>
        <testcase classname="tests/unit/backend/aiAssessmentFormHelper.test.js" name="AIAssessmentFormHelper &gt; getQuickActions &gt; should suggest justification when missing" time="0.000162">
        </testcase>
        <testcase classname="tests/unit/backend/aiAssessmentFormHelper.test.js" name="AIAssessmentFormHelper &gt; getQuickActions &gt; should suggest evidence when missing" time="0.000126917">
        </testcase>
        <testcase classname="tests/unit/backend/aiAssessmentFormHelper.test.js" name="AIAssessmentFormHelper &gt; getQuickActions &gt; should suggest target when missing" time="0.000110209">
        </testcase>
        <testcase classname="tests/unit/backend/aiAssessmentFormHelper.test.js" name="AIAssessmentFormHelper &gt; getQuickActions &gt; should offer improve text when justification exists" time="0.000099083">
        </testcase>
        <testcase classname="tests/unit/backend/aiAssessmentFormHelper.test.js" name="AIAssessmentFormHelper &gt; getQuickActions &gt; should return empty array when no axis selected" time="0.000148083">
        </testcase>
        <testcase classname="tests/unit/backend/aiAssessmentFormHelper.test.js" name="AIAssessmentFormHelper &gt; _basicValidation &gt; should validate justification length" time="0.0001155">
        </testcase>
        <testcase classname="tests/unit/backend/aiAssessmentFormHelper.test.js" name="AIAssessmentFormHelper &gt; _basicValidation &gt; should validate score boundaries" time="0.000097542">
        </testcase>
        <testcase classname="tests/unit/backend/aiAssessmentFormHelper.test.js" name="AIAssessmentFormHelper &gt; _basicValidation &gt; should allow valid justification" time="0.000127167">
        </testcase>
        <testcase classname="tests/unit/backend/aiAssessmentFormHelper.test.js" name="AIAssessmentFormHelper &gt; _validateJustification &gt; should detect vague language" time="0.000217625">
        </testcase>
        <testcase classname="tests/unit/backend/aiAssessmentFormHelper.test.js" name="AIAssessmentFormHelper &gt; _validateJustification &gt; should suggest systems for mid-high scores" time="0.000139917">
        </testcase>
        <testcase classname="tests/unit/backend/aiAssessmentFormHelper.test.js" name="AIAssessmentFormHelper &gt; _validateJustification &gt; should suggest metrics for high scores" time="0.0001075">
        </testcase>
        <testcase classname="tests/unit/backend/aiAssessmentFormHelper.test.js" name="AIAssessmentFormHelper &gt; _validateJustification &gt; should warn about short justification for high scores" time="0.000099042">
        </testcase>
        <testcase classname="tests/unit/backend/aiAssessmentFormHelper.test.js" name="AIAssessmentFormHelper &gt; _getLevelKeywords &gt; should return keywords for level 1" time="0.000145">
        </testcase>
        <testcase classname="tests/unit/backend/aiAssessmentFormHelper.test.js" name="AIAssessmentFormHelper &gt; _getLevelKeywords &gt; should return keywords for level 7" time="0.00013525">
        </testcase>
        <testcase classname="tests/unit/backend/aiAssessmentFormHelper.test.js" name="AIAssessmentFormHelper &gt; _getLevelKeywords &gt; should return empty array for invalid level" time="0.000325916">
        </testcase>
        <testcase classname="tests/unit/backend/aiAssessmentFormHelper.test.js" name="AIAssessmentFormHelper &gt; _suggestPriority &gt; should suggest HIGH priority for large gaps" time="0.000134166">
        </testcase>
        <testcase classname="tests/unit/backend/aiAssessmentFormHelper.test.js" name="AIAssessmentFormHelper &gt; _suggestPriority &gt; should suggest MEDIUM priority for moderate gaps" time="0.000102542">
        </testcase>
        <testcase classname="tests/unit/backend/aiAssessmentFormHelper.test.js" name="AIAssessmentFormHelper &gt; _suggestPriority &gt; should suggest LOW priority for small gaps" time="0.000086">
        </testcase>
        <testcase classname="tests/unit/backend/aiAssessmentFormHelper.test.js" name="AIAssessmentFormHelper &gt; _suggestPriority &gt; should include reasoning" time="0.000094042">
        </testcase>
    </testsuite>
    <testsuite name="tests/unit/backend/aiAssessmentReportGenerator.test.js" timestamp="2025-12-26T08:11:31.103Z" hostname="MacBook-Pro-Piotr.local" tests="57" failures="0" errors="0" skipped="0" time="0.188854875">
        <testcase classname="tests/unit/backend/aiAssessmentReportGenerator.test.js" name="AIAssessmentReportGenerator &gt; REPORT_TYPES Configuration &gt; should define all required report types" time="0.0129375">
        </testcase>
        <testcase classname="tests/unit/backend/aiAssessmentReportGenerator.test.js" name="AIAssessmentReportGenerator &gt; STAKEHOLDER_ROLES Configuration &gt; should define all stakeholder roles" time="0.00036825">
        </testcase>
        <testcase classname="tests/unit/backend/aiAssessmentReportGenerator.test.js" name="AIAssessmentReportGenerator &gt; generateFullReport &gt; should generate complete report with all sections" time="0.001049583">
        </testcase>
        <testcase classname="tests/unit/backend/aiAssessmentReportGenerator.test.js" name="AIAssessmentReportGenerator &gt; generateFullReport &gt; should include executive summary section" time="0.000383666">
        </testcase>
        <testcase classname="tests/unit/backend/aiAssessmentReportGenerator.test.js" name="AIAssessmentReportGenerator &gt; generateFullReport &gt; should include axis analysis section" time="0.000271167">
        </testcase>
        <testcase classname="tests/unit/backend/aiAssessmentReportGenerator.test.js" name="AIAssessmentReportGenerator &gt; generateFullReport &gt; should include gap analysis section" time="0.00041825">
        </testcase>
        <testcase classname="tests/unit/backend/aiAssessmentReportGenerator.test.js" name="AIAssessmentReportGenerator &gt; generateFullReport &gt; should include recommendations when requested" time="0.000300459">
        </testcase>
        <testcase classname="tests/unit/backend/aiAssessmentReportGenerator.test.js" name="AIAssessmentReportGenerator &gt; generateFullReport &gt; should exclude recommendations when not requested" time="0.000251708">
        </testcase>
        <testcase classname="tests/unit/backend/aiAssessmentReportGenerator.test.js" name="AIAssessmentReportGenerator &gt; generateFullReport &gt; should include benchmarks when available" time="0.000335291">
        </testcase>
        <testcase classname="tests/unit/backend/aiAssessmentReportGenerator.test.js" name="AIAssessmentReportGenerator &gt; generateFullReport &gt; should include roadmap when requested" time="0.000225917">
        </testcase>
        <testcase classname="tests/unit/backend/aiAssessmentReportGenerator.test.js" name="AIAssessmentReportGenerator &gt; generateFullReport &gt; should include metadata with assessment statistics" time="0.000192375">
        </testcase>
        <testcase classname="tests/unit/backend/aiAssessmentReportGenerator.test.js" name="AIAssessmentReportGenerator &gt; generateFullReport &gt; should use default language pl when not specified" time="0.000165">
        </testcase>
        <testcase classname="tests/unit/backend/aiAssessmentReportGenerator.test.js" name="AIAssessmentReportGenerator &gt; generateStakeholderReport &gt; should generate CTO-specific report" time="0.00043475">
        </testcase>
        <testcase classname="tests/unit/backend/aiAssessmentReportGenerator.test.js" name="AIAssessmentReportGenerator &gt; generateStakeholderReport &gt; should filter insights for stakeholder" time="0.0001385">
        </testcase>
        <testcase classname="tests/unit/backend/aiAssessmentReportGenerator.test.js" name="AIAssessmentReportGenerator &gt; generateStakeholderReport &gt; should include stakeholder-specific recommendations" time="0.000143958">
        </testcase>
        <testcase classname="tests/unit/backend/aiAssessmentReportGenerator.test.js" name="AIAssessmentReportGenerator &gt; generateStakeholderReport &gt; should return error for invalid stakeholder role" time="0.000134083">
        </testcase>
        <testcase classname="tests/unit/backend/aiAssessmentReportGenerator.test.js" name="AIAssessmentReportGenerator &gt; generateStakeholderReport &gt; should call stakeholder view with correct parameters" time="0.000123709">
        </testcase>
        <testcase classname="tests/unit/backend/aiAssessmentReportGenerator.test.js" name="AIAssessmentReportGenerator &gt; generateBenchmarkReport &gt; should generate benchmark comparison report" time="0.00025425">
        </testcase>
        <testcase classname="tests/unit/backend/aiAssessmentReportGenerator.test.js" name="AIAssessmentReportGenerator &gt; generateBenchmarkReport &gt; should calculate detailed benchmark comparison" time="0.000458375">
        </testcase>
        <testcase classname="tests/unit/backend/aiAssessmentReportGenerator.test.js" name="AIAssessmentReportGenerator &gt; generateBenchmarkReport &gt; should generate competitive insights" time="0.000146541">
        </testcase>
        <testcase classname="tests/unit/backend/aiAssessmentReportGenerator.test.js" name="AIAssessmentReportGenerator &gt; generateBenchmarkReport &gt; should include industry in report" time="0.00010675">
        </testcase>
        <testcase classname="tests/unit/backend/aiAssessmentReportGenerator.test.js" name="AIAssessmentReportGenerator &gt; generateInitiativePlan &gt; should generate initiative plan from assessment" time="0.000465917">
        </testcase>
        <testcase classname="tests/unit/backend/aiAssessmentReportGenerator.test.js" name="AIAssessmentReportGenerator &gt; generateInitiativePlan &gt; should prioritize initiatives" time="0.000139042">
        </testcase>
        <testcase classname="tests/unit/backend/aiAssessmentReportGenerator.test.js" name="AIAssessmentReportGenerator &gt; generateInitiativePlan &gt; should estimate ROI for top initiatives" time="0.000136625">
        </testcase>
        <testcase classname="tests/unit/backend/aiAssessmentReportGenerator.test.js" name="AIAssessmentReportGenerator &gt; generateInitiativePlan &gt; should generate implementation timeline" time="0.000128125">
        </testcase>
        <testcase classname="tests/unit/backend/aiAssessmentReportGenerator.test.js" name="AIAssessmentReportGenerator &gt; generateInitiativePlan &gt; should include constraints in result" time="0.000297458">
        </testcase>
        <testcase classname="tests/unit/backend/aiAssessmentReportGenerator.test.js" name="AIAssessmentReportGenerator &gt; generateInitiativePlan &gt; should filter gaps with positive values only" time="0.000109625">
        </testcase>
        <testcase classname="tests/unit/backend/aiAssessmentReportGenerator.test.js" name="AIAssessmentReportGenerator &gt; _generateAxisAnalysis &gt; should analyze each axis with scores" time="0.000164833">
        </testcase>
        <testcase classname="tests/unit/backend/aiAssessmentReportGenerator.test.js" name="AIAssessmentReportGenerator &gt; _generateAxisAnalysis &gt; should include gap pathway when target exceeds current" time="0.000119541">
        </testcase>
        <testcase classname="tests/unit/backend/aiAssessmentReportGenerator.test.js" name="AIAssessmentReportGenerator &gt; _generateAxisAnalysis &gt; should skip axes without actual scores" time="0.00012675">
        </testcase>
        <testcase classname="tests/unit/backend/aiAssessmentReportGenerator.test.js" name="AIAssessmentReportGenerator &gt; _generateGapSummary &gt; should summarize gaps correctly" time="0.000309333">
        </testcase>
        <testcase classname="tests/unit/backend/aiAssessmentReportGenerator.test.js" name="AIAssessmentReportGenerator &gt; _generateGapSummary &gt; should sort gaps by size (largest first)" time="0.000189">
        </testcase>
        <testcase classname="tests/unit/backend/aiAssessmentReportGenerator.test.js" name="AIAssessmentReportGenerator &gt; _generateGapSummary &gt; should identify quick wins and major transformations" time="0.000152709">
        </testcase>
        <testcase classname="tests/unit/backend/aiAssessmentReportGenerator.test.js" name="AIAssessmentReportGenerator &gt; _generateGapSummary &gt; should handle assessment with no gaps" time="0.000294792">
        </testcase>
        <testcase classname="tests/unit/backend/aiAssessmentReportGenerator.test.js" name="AIAssessmentReportGenerator &gt; _generateRecommendations &gt; should gather recommendations from gap analyses" time="0.000137583">
        </testcase>
        <testcase classname="tests/unit/backend/aiAssessmentReportGenerator.test.js" name="AIAssessmentReportGenerator &gt; _generateRecommendations &gt; should organize recommendations by priority" time="0.000143084">
        </testcase>
        <testcase classname="tests/unit/backend/aiAssessmentReportGenerator.test.js" name="AIAssessmentReportGenerator &gt; _generateTransformationRoadmap &gt; should generate roadmap phases" time="0.000143375">
        </testcase>
        <testcase classname="tests/unit/backend/aiAssessmentReportGenerator.test.js" name="AIAssessmentReportGenerator &gt; _generateTransformationRoadmap &gt; should include timeline for each phase" time="0.000173416">
        </testcase>
        <testcase classname="tests/unit/backend/aiAssessmentReportGenerator.test.js" name="AIAssessmentReportGenerator &gt; _generateTransformationRoadmap &gt; should include milestones for each phase" time="0.000132584">
        </testcase>
        <testcase classname="tests/unit/backend/aiAssessmentReportGenerator.test.js" name="AIAssessmentReportGenerator &gt; _generateTransformationRoadmap &gt; should calculate projected dates" time="0.000132333">
        </testcase>
        <testcase classname="tests/unit/backend/aiAssessmentReportGenerator.test.js" name="AIAssessmentReportGenerator &gt; _filterInsightsForStakeholder &gt; should filter insights for CTO focus areas" time="0.000119125">
        </testcase>
        <testcase classname="tests/unit/backend/aiAssessmentReportGenerator.test.js" name="AIAssessmentReportGenerator &gt; _filterInsightsForStakeholder &gt; should include general insights for all stakeholders" time="0.000091291">
        </testcase>
        <testcase classname="tests/unit/backend/aiAssessmentReportGenerator.test.js" name="AIAssessmentReportGenerator &gt; _filterInsightsForStakeholder &gt; should filter different axes for COO" time="0.000094416">
        </testcase>
        <testcase classname="tests/unit/backend/aiAssessmentReportGenerator.test.js" name="AIAssessmentReportGenerator &gt; _calculateDetailedBenchmarks &gt; should calculate comparison for each axis" time="0.0001665">
        </testcase>
        <testcase classname="tests/unit/backend/aiAssessmentReportGenerator.test.js" name="AIAssessmentReportGenerator &gt; _calculateDetailedBenchmarks &gt; should correctly identify ABOVE position" time="0.000110833">
        </testcase>
        <testcase classname="tests/unit/backend/aiAssessmentReportGenerator.test.js" name="AIAssessmentReportGenerator &gt; _calculateDetailedBenchmarks &gt; should correctly identify BELOW position" time="0.000095208">
        </testcase>
        <testcase classname="tests/unit/backend/aiAssessmentReportGenerator.test.js" name="AIAssessmentReportGenerator &gt; _calculateDetailedBenchmarks &gt; should correctly identify AT position" time="0.000115625">
        </testcase>
        <testcase classname="tests/unit/backend/aiAssessmentReportGenerator.test.js" name="AIAssessmentReportGenerator &gt; _generateCompetitiveInsights &gt; should identify competitive advantages" time="0.000127375">
        </testcase>
        <testcase classname="tests/unit/backend/aiAssessmentReportGenerator.test.js" name="AIAssessmentReportGenerator &gt; _generateCompetitiveInsights &gt; should identify improvement opportunities" time="0.000112417">
        </testcase>
        <testcase classname="tests/unit/backend/aiAssessmentReportGenerator.test.js" name="AIAssessmentReportGenerator &gt; _generateCompetitiveInsights &gt; should include axis names in descriptions" time="0.000103875">
        </testcase>
        <testcase classname="tests/unit/backend/aiAssessmentReportGenerator.test.js" name="AIAssessmentReportGenerator &gt; _generateImplementationTimeline &gt; should generate timeline for prioritized initiatives" time="0.000228667">
        </testcase>
        <testcase classname="tests/unit/backend/aiAssessmentReportGenerator.test.js" name="AIAssessmentReportGenerator &gt; _generateImplementationTimeline &gt; should maintain initiative order by rank" time="0.00010125">
        </testcase>
        <testcase classname="tests/unit/backend/aiAssessmentReportGenerator.test.js" name="AIAssessmentReportGenerator &gt; _generateImplementationTimeline &gt; should calculate duration in months" time="0.000090083">
        </testcase>
        <testcase classname="tests/unit/backend/aiAssessmentReportGenerator.test.js" name="AIAssessmentReportGenerator &gt; _generateImplementationTimeline &gt; should default to 6 months if duration not specified" time="0.000086291">
        </testcase>
        <testcase classname="tests/unit/backend/aiAssessmentReportGenerator.test.js" name="AIAssessmentReportGenerator &gt; _calculatePercentile &gt; should return 10 for scores at or below 10th percentile" time="0.00009325">
        </testcase>
        <testcase classname="tests/unit/backend/aiAssessmentReportGenerator.test.js" name="AIAssessmentReportGenerator &gt; _calculatePercentile &gt; should return 50 for scores at median" time="0.00008525">
        </testcase>
        <testcase classname="tests/unit/backend/aiAssessmentReportGenerator.test.js" name="AIAssessmentReportGenerator &gt; _calculatePercentile &gt; should return 95 for scores above 90th percentile" time="0.000087667">
        </testcase>
    </testsuite>
    <testsuite name="tests/unit/backend/drdAxisValidation.test.js" timestamp="2025-12-26T08:11:31.105Z" hostname="MacBook-Pro-Piotr.local" tests="60" failures="0" errors="0" skipped="0" time="1.31062075">
        <testcase classname="tests/unit/backend/drdAxisValidation.test.js" name="DRD Axis Validation &gt; DRD_AXES Structure &gt; should define exactly 7 axes" time="0.008501375">
        </testcase>
        <testcase classname="tests/unit/backend/drdAxisValidation.test.js" name="DRD Axis Validation &gt; DRD_AXES Structure &gt; should include all required axis IDs" time="0.000446">
        </testcase>
        <testcase classname="tests/unit/backend/drdAxisValidation.test.js" name="DRD Axis Validation &gt; DRD_AXES Structure &gt; should have name property for each axis" time="0.000473166">
        </testcase>
        <testcase classname="tests/unit/backend/drdAxisValidation.test.js" name="DRD Axis Validation &gt; DRD_AXES Structure &gt; should have description property for each axis" time="0.000349334">
        </testcase>
        <testcase classname="tests/unit/backend/drdAxisValidation.test.js" name="DRD Axis Validation &gt; DRD_AXES Structure &gt; should have levels object for each axis" time="0.000263583">
        </testcase>
        <testcase classname="tests/unit/backend/drdAxisValidation.test.js" name="DRD Axis Validation &gt; Maturity Levels &gt; should have exactly 7 levels for each axis (1-7)" time="0.000636792">
        </testcase>
        <testcase classname="tests/unit/backend/drdAxisValidation.test.js" name="DRD Axis Validation &gt; Maturity Levels &gt; should have non-empty string descriptions for each level" time="0.000700417">
        </testcase>
        <testcase classname="tests/unit/backend/drdAxisValidation.test.js" name="DRD Axis Validation &gt; Maturity Levels &gt; should have unique descriptions for each level within an axis" time="0.000215083">
        </testcase>
        <testcase classname="tests/unit/backend/drdAxisValidation.test.js" name="DRD Axis Validation &gt; Maturity Levels &gt; should show progression from level 1 to level 7" time="0.000246625">
        </testcase>
        <testcase classname="tests/unit/backend/drdAxisValidation.test.js" name="DRD Axis Validation &gt; Score Validation &gt; validateScoreConsistency &gt; should detect AI maturity exceeding data management" time="0.000262">
        </testcase>
        <testcase classname="tests/unit/backend/drdAxisValidation.test.js" name="DRD Axis Validation &gt; Score Validation &gt; validateScoreConsistency &gt; should detect cybersecurity lagging behind digital processes" time="0.000160083">
        </testcase>
        <testcase classname="tests/unit/backend/drdAxisValidation.test.js" name="DRD Axis Validation &gt; Score Validation &gt; validateScoreConsistency &gt; should detect digital products exceeding processes" time="0.000139375">
        </testcase>
        <testcase classname="tests/unit/backend/drdAxisValidation.test.js" name="DRD Axis Validation &gt; Score Validation &gt; validateScoreConsistency &gt; should detect culture gap for business model innovation" time="0.000149333">
        </testcase>
        <testcase classname="tests/unit/backend/drdAxisValidation.test.js" name="DRD Axis Validation &gt; Score Validation &gt; validateScoreConsistency &gt; should accept balanced assessment" time="0.000172375">
        </testcase>
        <testcase classname="tests/unit/backend/drdAxisValidation.test.js" name="DRD Axis Validation &gt; Score Validation &gt; validateScoreConsistency &gt; should accept slight variations in scores" time="0.000135">
        </testcase>
        <testcase classname="tests/unit/backend/drdAxisValidation.test.js" name="DRD Axis Validation &gt; Score Boundaries &gt; should validate score within 1-7 range" time="0.000203208">
        </testcase>
        <testcase classname="tests/unit/backend/drdAxisValidation.test.js" name="DRD Axis Validation &gt; Score Boundaries &gt; should require integer scores" time="0.00013825">
        </testcase>
        <testcase classname="tests/unit/backend/drdAxisValidation.test.js" name="DRD Axis Validation &gt; Gap Analysis &gt; generateGapAnalysis &gt; should calculate correct gap size" time="0.252822667">
            <system-err>
[AIPartner] Error generating recommendations: GoogleGenerativeAIFetchError: [GoogleGenerativeAI Error]: Error fetching from https://generativelanguage.googleapis.com/v1beta/models/gemini-1.5-flash:generateContent: [400 Bad Request] API key not valid. Please pass a valid API key. [{&quot;@type&quot;:&quot;type.googleapis.com/google.rpc.ErrorInfo&quot;,&quot;reason&quot;:&quot;API_KEY_INVALID&quot;,&quot;domain&quot;:&quot;googleapis.com&quot;,&quot;metadata&quot;:{&quot;service&quot;:&quot;generativelanguage.googleapis.com&quot;}},{&quot;@type&quot;:&quot;type.googleapis.com/google.rpc.LocalizedMessage&quot;,&quot;locale&quot;:&quot;en-US&quot;,&quot;message&quot;:&quot;API key not valid. Please pass a valid API key.&quot;}]
    at handleResponseNotOk (/Users/piotrwisniewski/Documents/Antygracity/DRD/consultify/server/node_modules/@google/generative-ai/dist/index.js:434:11)
    at processTicksAndRejections (node:internal/process/task_queues:103:5)
    at makeRequest (/Users/piotrwisniewski/Documents/Antygracity/DRD/consultify/server/node_modules/@google/generative-ai/dist/index.js:403:9)
    at generateContent (/Users/piotrwisniewski/Documents/Antygracity/DRD/consultify/server/node_modules/@google/generative-ai/dist/index.js:867:22)
    at AIAssessmentPartnerService.generateGapAnalysis (/Users/piotrwisniewski/Documents/Antygracity/DRD/consultify/server/services/aiAssessmentPartnerService.js:299:32)
    at /Users/piotrwisniewski/Documents/Antygracity/DRD/consultify/tests/unit/backend/drdAxisValidation.test.js:276:32
    at file:///Users/piotrwisniewski/Documents/Antygracity/DRD/consultify/node_modules/@vitest/runner/dist/index.js:915:20 {
  status: 400,
  statusText: &apos;Bad Request&apos;,
  errorDetails: [
    {
      &apos;@type&apos;: &apos;type.googleapis.com/google.rpc.ErrorInfo&apos;,
      reason: &apos;API_KEY_INVALID&apos;,
      domain: &apos;googleapis.com&apos;,
      metadata: [Object]
    },
    {
      &apos;@type&apos;: &apos;type.googleapis.com/google.rpc.LocalizedMessage&apos;,
      locale: &apos;en-US&apos;,
      message: &apos;API key not valid. Please pass a valid API key.&apos;
    }
  ]
}

            </system-err>
        </testcase>
        <testcase classname="tests/unit/backend/drdAxisValidation.test.js" name="DRD Axis Validation &gt; Gap Analysis &gt; generateGapAnalysis &gt; should categorize gap severity correctly" time="0.169752583">
            <system-err>
[AIPartner] Error generating recommendations: GoogleGenerativeAIFetchError: [GoogleGenerativeAI Error]: Error fetching from https://generativelanguage.googleapis.com/v1beta/models/gemini-1.5-flash:generateContent: [400 Bad Request] API key not valid. Please pass a valid API key. [{&quot;@type&quot;:&quot;type.googleapis.com/google.rpc.ErrorInfo&quot;,&quot;reason&quot;:&quot;API_KEY_INVALID&quot;,&quot;domain&quot;:&quot;googleapis.com&quot;,&quot;metadata&quot;:{&quot;service&quot;:&quot;generativelanguage.googleapis.com&quot;}},{&quot;@type&quot;:&quot;type.googleapis.com/google.rpc.LocalizedMessage&quot;,&quot;locale&quot;:&quot;en-US&quot;,&quot;message&quot;:&quot;API key not valid. Please pass a valid API key.&quot;}]
    at handleResponseNotOk (/Users/piotrwisniewski/Documents/Antygracity/DRD/consultify/server/node_modules/@google/generative-ai/dist/index.js:434:11)
    at processTicksAndRejections (node:internal/process/task_queues:103:5)
    at makeRequest (/Users/piotrwisniewski/Documents/Antygracity/DRD/consultify/server/node_modules/@google/generative-ai/dist/index.js:403:9)
    at generateContent (/Users/piotrwisniewski/Documents/Antygracity/DRD/consultify/server/node_modules/@google/generative-ai/dist/index.js:867:22)
    at AIAssessmentPartnerService.generateGapAnalysis (/Users/piotrwisniewski/Documents/Antygracity/DRD/consultify/server/services/aiAssessmentPartnerService.js:299:32)
    at /Users/piotrwisniewski/Documents/Antygracity/DRD/consultify/tests/unit/backend/drdAxisValidation.test.js:285:32
    at file:///Users/piotrwisniewski/Documents/Antygracity/DRD/consultify/node_modules/@vitest/runner/dist/index.js:915:20 {
  status: 400,
  statusText: &apos;Bad Request&apos;,
  errorDetails: [
    {
      &apos;@type&apos;: &apos;type.googleapis.com/google.rpc.ErrorInfo&apos;,
      reason: &apos;API_KEY_INVALID&apos;,
      domain: &apos;googleapis.com&apos;,
      metadata: [Object]
    },
    {
      &apos;@type&apos;: &apos;type.googleapis.com/google.rpc.LocalizedMessage&apos;,
      locale: &apos;en-US&apos;,
      message: &apos;API key not valid. Please pass a valid API key.&apos;
    }
  ]
}

[AIPartner] Error generating recommendations: GoogleGenerativeAIFetchError: [GoogleGenerativeAI Error]: Error fetching from https://generativelanguage.googleapis.com/v1beta/models/gemini-1.5-flash:generateContent: [400 Bad Request] API key not valid. Please pass a valid API key. [{&quot;@type&quot;:&quot;type.googleapis.com/google.rpc.ErrorInfo&quot;,&quot;reason&quot;:&quot;API_KEY_INVALID&quot;,&quot;domain&quot;:&quot;googleapis.com&quot;,&quot;metadata&quot;:{&quot;service&quot;:&quot;generativelanguage.googleapis.com&quot;}},{&quot;@type&quot;:&quot;type.googleapis.com/google.rpc.LocalizedMessage&quot;,&quot;locale&quot;:&quot;en-US&quot;,&quot;message&quot;:&quot;API key not valid. Please pass a valid API key.&quot;}]
    at handleResponseNotOk (/Users/piotrwisniewski/Documents/Antygracity/DRD/consultify/server/node_modules/@google/generative-ai/dist/index.js:434:11)
    at processTicksAndRejections (node:internal/process/task_queues:103:5)
    at makeRequest (/Users/piotrwisniewski/Documents/Antygracity/DRD/consultify/server/node_modules/@google/generative-ai/dist/index.js:403:9)
    at generateContent (/Users/piotrwisniewski/Documents/Antygracity/DRD/consultify/server/node_modules/@google/generative-ai/dist/index.js:867:22)
    at AIAssessmentPartnerService.generateGapAnalysis (/Users/piotrwisniewski/Documents/Antygracity/DRD/consultify/server/services/aiAssessmentPartnerService.js:299:32)
    at /Users/piotrwisniewski/Documents/Antygracity/DRD/consultify/tests/unit/backend/drdAxisValidation.test.js:289:35
    at file:///Users/piotrwisniewski/Documents/Antygracity/DRD/consultify/node_modules/@vitest/runner/dist/index.js:915:20 {
  status: 400,
  statusText: &apos;Bad Request&apos;,
  errorDetails: [
    {
      &apos;@type&apos;: &apos;type.googleapis.com/google.rpc.ErrorInfo&apos;,
      reason: &apos;API_KEY_INVALID&apos;,
      domain: &apos;googleapis.com&apos;,
      metadata: [Object]
    },
    {
      &apos;@type&apos;: &apos;type.googleapis.com/google.rpc.LocalizedMessage&apos;,
      locale: &apos;en-US&apos;,
      message: &apos;API key not valid. Please pass a valid API key.&apos;
    }
  ]
}

[AIPartner] Error generating recommendations: GoogleGenerativeAIFetchError: [GoogleGenerativeAI Error]: Error fetching from https://generativelanguage.googleapis.com/v1beta/models/gemini-1.5-flash:generateContent: [400 Bad Request] API key not valid. Please pass a valid API key. [{&quot;@type&quot;:&quot;type.googleapis.com/google.rpc.ErrorInfo&quot;,&quot;reason&quot;:&quot;API_KEY_INVALID&quot;,&quot;domain&quot;:&quot;googleapis.com&quot;,&quot;metadata&quot;:{&quot;service&quot;:&quot;generativelanguage.googleapis.com&quot;}},{&quot;@type&quot;:&quot;type.googleapis.com/google.rpc.LocalizedMessage&quot;,&quot;locale&quot;:&quot;en-US&quot;,&quot;message&quot;:&quot;API key not valid. Please pass a valid API key.&quot;}]
    at handleResponseNotOk (/Users/piotrwisniewski/Documents/Antygracity/DRD/consultify/server/node_modules/@google/generative-ai/dist/index.js:434:11)
    at processTicksAndRejections (node:internal/process/task_queues:103:5)
    at makeRequest (/Users/piotrwisniewski/Documents/Antygracity/DRD/consultify/server/node_modules/@google/generative-ai/dist/index.js:403:9)
    at generateContent (/Users/piotrwisniewski/Documents/Antygracity/DRD/consultify/server/node_modules/@google/generative-ai/dist/index.js:867:22)
    at AIAssessmentPartnerService.generateGapAnalysis (/Users/piotrwisniewski/Documents/Antygracity/DRD/consultify/server/services/aiAssessmentPartnerService.js:299:32)
    at /Users/piotrwisniewski/Documents/Antygracity/DRD/consultify/tests/unit/backend/drdAxisValidation.test.js:293:33
    at file:///Users/piotrwisniewski/Documents/Antygracity/DRD/consultify/node_modules/@vitest/runner/dist/index.js:915:20 {
  status: 400,
  statusText: &apos;Bad Request&apos;,
  errorDetails: [
    {
      &apos;@type&apos;: &apos;type.googleapis.com/google.rpc.ErrorInfo&apos;,
      reason: &apos;API_KEY_INVALID&apos;,
      domain: &apos;googleapis.com&apos;,
      metadata: [Object]
    },
    {
      &apos;@type&apos;: &apos;type.googleapis.com/google.rpc.LocalizedMessage&apos;,
      locale: &apos;en-US&apos;,
      message: &apos;API key not valid. Please pass a valid API key.&apos;
    }
  ]
}

            </system-err>
        </testcase>
        <testcase classname="tests/unit/backend/drdAxisValidation.test.js" name="DRD Axis Validation &gt; Gap Analysis &gt; generateGapAnalysis &gt; should include pathway for gap closure" time="0.064872167">
            <system-err>
[AIPartner] Error generating recommendations: GoogleGenerativeAIFetchError: [GoogleGenerativeAI Error]: Error fetching from https://generativelanguage.googleapis.com/v1beta/models/gemini-1.5-flash:generateContent: [400 Bad Request] API key not valid. Please pass a valid API key. [{&quot;@type&quot;:&quot;type.googleapis.com/google.rpc.ErrorInfo&quot;,&quot;reason&quot;:&quot;API_KEY_INVALID&quot;,&quot;domain&quot;:&quot;googleapis.com&quot;,&quot;metadata&quot;:{&quot;service&quot;:&quot;generativelanguage.googleapis.com&quot;}},{&quot;@type&quot;:&quot;type.googleapis.com/google.rpc.LocalizedMessage&quot;,&quot;locale&quot;:&quot;en-US&quot;,&quot;message&quot;:&quot;API key not valid. Please pass a valid API key.&quot;}]
    at handleResponseNotOk (/Users/piotrwisniewski/Documents/Antygracity/DRD/consultify/server/node_modules/@google/generative-ai/dist/index.js:434:11)
    at processTicksAndRejections (node:internal/process/task_queues:103:5)
    at makeRequest (/Users/piotrwisniewski/Documents/Antygracity/DRD/consultify/server/node_modules/@google/generative-ai/dist/index.js:403:9)
    at generateContent (/Users/piotrwisniewski/Documents/Antygracity/DRD/consultify/server/node_modules/@google/generative-ai/dist/index.js:867:22)
    at AIAssessmentPartnerService.generateGapAnalysis (/Users/piotrwisniewski/Documents/Antygracity/DRD/consultify/server/services/aiAssessmentPartnerService.js:299:32)
    at /Users/piotrwisniewski/Documents/Antygracity/DRD/consultify/tests/unit/backend/drdAxisValidation.test.js:298:32
    at file:///Users/piotrwisniewski/Documents/Antygracity/DRD/consultify/node_modules/@vitest/runner/dist/index.js:915:20 {
  status: 400,
  statusText: &apos;Bad Request&apos;,
  errorDetails: [
    {
      &apos;@type&apos;: &apos;type.googleapis.com/google.rpc.ErrorInfo&apos;,
      reason: &apos;API_KEY_INVALID&apos;,
      domain: &apos;googleapis.com&apos;,
      metadata: [Object]
    },
    {
      &apos;@type&apos;: &apos;type.googleapis.com/google.rpc.LocalizedMessage&apos;,
      locale: &apos;en-US&apos;,
      message: &apos;API key not valid. Please pass a valid API key.&apos;
    }
  ]
}

            </system-err>
        </testcase>
        <testcase classname="tests/unit/backend/drdAxisValidation.test.js" name="DRD Axis Validation &gt; Gap Analysis &gt; generateGapAnalysis &gt; should estimate time for each level transition" time="0.050828">
            <system-err>
[AIPartner] Error generating recommendations: GoogleGenerativeAIFetchError: [GoogleGenerativeAI Error]: Error fetching from https://generativelanguage.googleapis.com/v1beta/models/gemini-1.5-flash:generateContent: [400 Bad Request] API key not valid. Please pass a valid API key. [{&quot;@type&quot;:&quot;type.googleapis.com/google.rpc.ErrorInfo&quot;,&quot;reason&quot;:&quot;API_KEY_INVALID&quot;,&quot;domain&quot;:&quot;googleapis.com&quot;,&quot;metadata&quot;:{&quot;service&quot;:&quot;generativelanguage.googleapis.com&quot;}},{&quot;@type&quot;:&quot;type.googleapis.com/google.rpc.LocalizedMessage&quot;,&quot;locale&quot;:&quot;en-US&quot;,&quot;message&quot;:&quot;API key not valid. Please pass a valid API key.&quot;}]
    at handleResponseNotOk (/Users/piotrwisniewski/Documents/Antygracity/DRD/consultify/server/node_modules/@google/generative-ai/dist/index.js:434:11)
    at processTicksAndRejections (node:internal/process/task_queues:103:5)
    at makeRequest (/Users/piotrwisniewski/Documents/Antygracity/DRD/consultify/server/node_modules/@google/generative-ai/dist/index.js:403:9)
    at generateContent (/Users/piotrwisniewski/Documents/Antygracity/DRD/consultify/server/node_modules/@google/generative-ai/dist/index.js:867:22)
    at AIAssessmentPartnerService.generateGapAnalysis (/Users/piotrwisniewski/Documents/Antygracity/DRD/consultify/server/services/aiAssessmentPartnerService.js:299:32)
    at /Users/piotrwisniewski/Documents/Antygracity/DRD/consultify/tests/unit/backend/drdAxisValidation.test.js:306:32
    at file:///Users/piotrwisniewski/Documents/Antygracity/DRD/consultify/node_modules/@vitest/runner/dist/index.js:915:20 {
  status: 400,
  statusText: &apos;Bad Request&apos;,
  errorDetails: [
    {
      &apos;@type&apos;: &apos;type.googleapis.com/google.rpc.ErrorInfo&apos;,
      reason: &apos;API_KEY_INVALID&apos;,
      domain: &apos;googleapis.com&apos;,
      metadata: [Object]
    },
    {
      &apos;@type&apos;: &apos;type.googleapis.com/google.rpc.LocalizedMessage&apos;,
      locale: &apos;en-US&apos;,
      message: &apos;API key not valid. Please pass a valid API key.&apos;
    }
  ]
}

            </system-err>
        </testcase>
        <testcase classname="tests/unit/backend/drdAxisValidation.test.js" name="DRD Axis Validation &gt; Gap Analysis &gt; generateGapAnalysis &gt; should include key activities for each step" time="0.066874334">
            <system-err>
[AIPartner] Error generating recommendations: GoogleGenerativeAIFetchError: [GoogleGenerativeAI Error]: Error fetching from https://generativelanguage.googleapis.com/v1beta/models/gemini-1.5-flash:generateContent: [400 Bad Request] API key not valid. Please pass a valid API key. [{&quot;@type&quot;:&quot;type.googleapis.com/google.rpc.ErrorInfo&quot;,&quot;reason&quot;:&quot;API_KEY_INVALID&quot;,&quot;domain&quot;:&quot;googleapis.com&quot;,&quot;metadata&quot;:{&quot;service&quot;:&quot;generativelanguage.googleapis.com&quot;}},{&quot;@type&quot;:&quot;type.googleapis.com/google.rpc.LocalizedMessage&quot;,&quot;locale&quot;:&quot;en-US&quot;,&quot;message&quot;:&quot;API key not valid. Please pass a valid API key.&quot;}]
    at handleResponseNotOk (/Users/piotrwisniewski/Documents/Antygracity/DRD/consultify/server/node_modules/@google/generative-ai/dist/index.js:434:11)
    at processTicksAndRejections (node:internal/process/task_queues:103:5)
    at makeRequest (/Users/piotrwisniewski/Documents/Antygracity/DRD/consultify/server/node_modules/@google/generative-ai/dist/index.js:403:9)
    at generateContent (/Users/piotrwisniewski/Documents/Antygracity/DRD/consultify/server/node_modules/@google/generative-ai/dist/index.js:867:22)
    at AIAssessmentPartnerService.generateGapAnalysis (/Users/piotrwisniewski/Documents/Antygracity/DRD/consultify/server/services/aiAssessmentPartnerService.js:299:32)
    at /Users/piotrwisniewski/Documents/Antygracity/DRD/consultify/tests/unit/backend/drdAxisValidation.test.js:315:32
    at file:///Users/piotrwisniewski/Documents/Antygracity/DRD/consultify/node_modules/@vitest/runner/dist/index.js:915:20 {
  status: 400,
  statusText: &apos;Bad Request&apos;,
  errorDetails: [
    {
      &apos;@type&apos;: &apos;type.googleapis.com/google.rpc.ErrorInfo&apos;,
      reason: &apos;API_KEY_INVALID&apos;,
      domain: &apos;googleapis.com&apos;,
      metadata: [Object]
    },
    {
      &apos;@type&apos;: &apos;type.googleapis.com/google.rpc.LocalizedMessage&apos;,
      locale: &apos;en-US&apos;,
      message: &apos;API key not valid. Please pass a valid API key.&apos;
    }
  ]
}

            </system-err>
        </testcase>
        <testcase classname="tests/unit/backend/drdAxisValidation.test.js" name="DRD Axis Validation &gt; Gap Analysis &gt; generateGapAnalysis &gt; should return error for invalid axis" time="0.000269458">
        </testcase>
        <testcase classname="tests/unit/backend/drdAxisValidation.test.js" name="DRD Axis Validation &gt; Gap Analysis &gt; generateGapAnalysis &gt; should calculate total estimated months" time="0.051944084">
            <system-err>
[AIPartner] Error generating recommendations: GoogleGenerativeAIFetchError: [GoogleGenerativeAI Error]: Error fetching from https://generativelanguage.googleapis.com/v1beta/models/gemini-1.5-flash:generateContent: [400 Bad Request] API key not valid. Please pass a valid API key. [{&quot;@type&quot;:&quot;type.googleapis.com/google.rpc.ErrorInfo&quot;,&quot;reason&quot;:&quot;API_KEY_INVALID&quot;,&quot;domain&quot;:&quot;googleapis.com&quot;,&quot;metadata&quot;:{&quot;service&quot;:&quot;generativelanguage.googleapis.com&quot;}},{&quot;@type&quot;:&quot;type.googleapis.com/google.rpc.LocalizedMessage&quot;,&quot;locale&quot;:&quot;en-US&quot;,&quot;message&quot;:&quot;API key not valid. Please pass a valid API key.&quot;}]
    at handleResponseNotOk (/Users/piotrwisniewski/Documents/Antygracity/DRD/consultify/server/node_modules/@google/generative-ai/dist/index.js:434:11)
    at processTicksAndRejections (node:internal/process/task_queues:103:5)
    at makeRequest (/Users/piotrwisniewski/Documents/Antygracity/DRD/consultify/server/node_modules/@google/generative-ai/dist/index.js:403:9)
    at generateContent (/Users/piotrwisniewski/Documents/Antygracity/DRD/consultify/server/node_modules/@google/generative-ai/dist/index.js:867:22)
    at AIAssessmentPartnerService.generateGapAnalysis (/Users/piotrwisniewski/Documents/Antygracity/DRD/consultify/server/services/aiAssessmentPartnerService.js:299:32)
    at /Users/piotrwisniewski/Documents/Antygracity/DRD/consultify/tests/unit/backend/drdAxisValidation.test.js:330:32
    at file:///Users/piotrwisniewski/Documents/Antygracity/DRD/consultify/node_modules/@vitest/runner/dist/index.js:915:20 {
  status: 400,
  statusText: &apos;Bad Request&apos;,
  errorDetails: [
    {
      &apos;@type&apos;: &apos;type.googleapis.com/google.rpc.ErrorInfo&apos;,
      reason: &apos;API_KEY_INVALID&apos;,
      domain: &apos;googleapis.com&apos;,
      metadata: [Object]
    },
    {
      &apos;@type&apos;: &apos;type.googleapis.com/google.rpc.LocalizedMessage&apos;,
      locale: &apos;en-US&apos;,
      message: &apos;API key not valid. Please pass a valid API key.&apos;
    }
  ]
}

            </system-err>
        </testcase>
        <testcase classname="tests/unit/backend/drdAxisValidation.test.js" name="DRD Axis Validation &gt; Axis Dependency Rules &gt; should enforce AI maturity requires data management" time="0.000351667">
        </testcase>
        <testcase classname="tests/unit/backend/drdAxisValidation.test.js" name="DRD Axis Validation &gt; Axis Dependency Rules &gt; should enforce digital products requires process foundation" time="0.000194375">
        </testcase>
        <testcase classname="tests/unit/backend/drdAxisValidation.test.js" name="DRD Axis Validation &gt; Axis Dependency Rules &gt; should enforce cybersecurity scales with digitalization" time="0.000177458">
        </testcase>
        <testcase classname="tests/unit/backend/drdAxisValidation.test.js" name="DRD Axis Validation &gt; Axis Dependency Rules &gt; should enforce culture supports business model innovation" time="0.000161458">
        </testcase>
        <testcase classname="tests/unit/backend/drdAxisValidation.test.js" name="DRD Axis Validation &gt; Proactive Insights &gt; should identify strongest axis" time="0.000295583">
        </testcase>
        <testcase classname="tests/unit/backend/drdAxisValidation.test.js" name="DRD Axis Validation &gt; Proactive Insights &gt; should identify weakest axis as priority gap" time="0.0001605">
        </testcase>
        <testcase classname="tests/unit/backend/drdAxisValidation.test.js" name="DRD Axis Validation &gt; Proactive Insights &gt; should identify quick wins (gap = 1)" time="0.000154791">
        </testcase>
        <testcase classname="tests/unit/backend/drdAxisValidation.test.js" name="DRD Axis Validation &gt; Proactive Insights &gt; should warn about ambitious targets (gap &gt;= 4)" time="0.000139209">
        </testcase>
        <testcase classname="tests/unit/backend/drdAxisValidation.test.js" name="DRD Axis Validation &gt; Proactive Insights &gt; should calculate summary metrics" time="0.000158084">
        </testcase>
        <testcase classname="tests/unit/backend/drdAxisValidation.test.js" name="DRD Axis Validation &gt; Proactive Insights &gt; should handle empty assessment" time="0.000180167">
        </testcase>
        <testcase classname="tests/unit/backend/drdAxisValidation.test.js" name="DRD Axis Validation &gt; Stakeholder Views &gt; should generate CTO view with technology focus" time="0.064331958">
            <system-err>
[AIPartner] Error generating stakeholder view: GoogleGenerativeAIFetchError: [GoogleGenerativeAI Error]: Error fetching from https://generativelanguage.googleapis.com/v1beta/models/gemini-1.5-flash:generateContent: [400 Bad Request] API key not valid. Please pass a valid API key. [{&quot;@type&quot;:&quot;type.googleapis.com/google.rpc.ErrorInfo&quot;,&quot;reason&quot;:&quot;API_KEY_INVALID&quot;,&quot;domain&quot;:&quot;googleapis.com&quot;,&quot;metadata&quot;:{&quot;service&quot;:&quot;generativelanguage.googleapis.com&quot;}},{&quot;@type&quot;:&quot;type.googleapis.com/google.rpc.LocalizedMessage&quot;,&quot;locale&quot;:&quot;en-US&quot;,&quot;message&quot;:&quot;API key not valid. Please pass a valid API key.&quot;}]
    at handleResponseNotOk (/Users/piotrwisniewski/Documents/Antygracity/DRD/consultify/server/node_modules/@google/generative-ai/dist/index.js:434:11)
    at processTicksAndRejections (node:internal/process/task_queues:103:5)
    at makeRequest (/Users/piotrwisniewski/Documents/Antygracity/DRD/consultify/server/node_modules/@google/generative-ai/dist/index.js:403:9)
    at generateContent (/Users/piotrwisniewski/Documents/Antygracity/DRD/consultify/server/node_modules/@google/generative-ai/dist/index.js:867:22)
    at AIAssessmentPartnerService.generateStakeholderView (/Users/piotrwisniewski/Documents/Antygracity/DRD/consultify/server/services/aiAssessmentPartnerService.js:975:28)
    at /Users/piotrwisniewski/Documents/Antygracity/DRD/consultify/tests/unit/backend/drdAxisValidation.test.js:502:28
    at file:///Users/piotrwisniewski/Documents/Antygracity/DRD/consultify/node_modules/@vitest/runner/dist/index.js:915:20 {
  status: 400,
  statusText: &apos;Bad Request&apos;,
  errorDetails: [
    {
      &apos;@type&apos;: &apos;type.googleapis.com/google.rpc.ErrorInfo&apos;,
      reason: &apos;API_KEY_INVALID&apos;,
      domain: &apos;googleapis.com&apos;,
      metadata: [Object]
    },
    {
      &apos;@type&apos;: &apos;type.googleapis.com/google.rpc.LocalizedMessage&apos;,
      locale: &apos;en-US&apos;,
      message: &apos;API key not valid. Please pass a valid API key.&apos;
    }
  ]
}

            </system-err>
        </testcase>
        <testcase classname="tests/unit/backend/drdAxisValidation.test.js" name="DRD Axis Validation &gt; Stakeholder Views &gt; should generate CFO view with financial focus" time="0.053925375">
            <system-err>
[AIPartner] Error generating stakeholder view: GoogleGenerativeAIFetchError: [GoogleGenerativeAI Error]: Error fetching from https://generativelanguage.googleapis.com/v1beta/models/gemini-1.5-flash:generateContent: [400 Bad Request] API key not valid. Please pass a valid API key. [{&quot;@type&quot;:&quot;type.googleapis.com/google.rpc.ErrorInfo&quot;,&quot;reason&quot;:&quot;API_KEY_INVALID&quot;,&quot;domain&quot;:&quot;googleapis.com&quot;,&quot;metadata&quot;:{&quot;service&quot;:&quot;generativelanguage.googleapis.com&quot;}},{&quot;@type&quot;:&quot;type.googleapis.com/google.rpc.LocalizedMessage&quot;,&quot;locale&quot;:&quot;en-US&quot;,&quot;message&quot;:&quot;API key not valid. Please pass a valid API key.&quot;}]
    at handleResponseNotOk (/Users/piotrwisniewski/Documents/Antygracity/DRD/consultify/server/node_modules/@google/generative-ai/dist/index.js:434:11)
    at processTicksAndRejections (node:internal/process/task_queues:103:5)
    at makeRequest (/Users/piotrwisniewski/Documents/Antygracity/DRD/consultify/server/node_modules/@google/generative-ai/dist/index.js:403:9)
    at generateContent (/Users/piotrwisniewski/Documents/Antygracity/DRD/consultify/server/node_modules/@google/generative-ai/dist/index.js:867:22)
    at AIAssessmentPartnerService.generateStakeholderView (/Users/piotrwisniewski/Documents/Antygracity/DRD/consultify/server/services/aiAssessmentPartnerService.js:975:28)
    at /Users/piotrwisniewski/Documents/Antygracity/DRD/consultify/tests/unit/backend/drdAxisValidation.test.js:514:28
    at file:///Users/piotrwisniewski/Documents/Antygracity/DRD/consultify/node_modules/@vitest/runner/dist/index.js:915:20 {
  status: 400,
  statusText: &apos;Bad Request&apos;,
  errorDetails: [
    {
      &apos;@type&apos;: &apos;type.googleapis.com/google.rpc.ErrorInfo&apos;,
      reason: &apos;API_KEY_INVALID&apos;,
      domain: &apos;googleapis.com&apos;,
      metadata: [Object]
    },
    {
      &apos;@type&apos;: &apos;type.googleapis.com/google.rpc.LocalizedMessage&apos;,
      locale: &apos;en-US&apos;,
      message: &apos;API key not valid. Please pass a valid API key.&apos;
    }
  ]
}

            </system-err>
        </testcase>
        <testcase classname="tests/unit/backend/drdAxisValidation.test.js" name="DRD Axis Validation &gt; Stakeholder Views &gt; should return error for invalid stakeholder role" time="0.000322292">
        </testcase>
        <testcase classname="tests/unit/backend/drdAxisValidation.test.js" name="DRD Axis Validation &gt; Stakeholder Views &gt; should support all valid stakeholder roles" time="0.295894167">
            <system-err>
[...]
        </testcase>
    </testsuite>
    <testsuite name="tests/unit/backend/initiativeGeneratorService.test.js" timestamp="2025-12-26T08:11:31.109Z" hostname="MacBook-Pro-Piotr.local" tests="83" failures="0" errors="0" skipped="0" time="0.202665459">
        <testcase classname="tests/unit/backend/initiativeGeneratorService.test.js" name="InitiativeGeneratorService &gt; calculateGapPriority &gt; should calculate base priority from gap size" time="0.028593583">
            <system-err>
Warning: Cannot access the `require` function: &quot;TypeError [ERR_INVALID_ARG_VALUE]: The argument &apos;filename&apos; must be a file URL object, file URL string, or absolute path string. Received &apos;http://localhost:3000/index.cjs&apos;&quot;.
Warning: Cannot polyfill `ImageData`, rendering may be broken.
Warning: Cannot polyfill `Path2D`, rendering may be broken.

            </system-err>
        </testcase>
        <testcase classname="tests/unit/backend/initiativeGeneratorService.test.js" name="InitiativeGeneratorService &gt; calculateGapPriority &gt; should boost DRD gaps by 1.2x" time="0.000448167">
        </testcase>
        <testcase classname="tests/unit/backend/initiativeGeneratorService.test.js" name="InitiativeGeneratorService &gt; calculateGapPriority &gt; should boost LEAN gaps by 1.1x" time="0.000231708">
        </testcase>
        <testcase classname="tests/unit/backend/initiativeGeneratorService.test.js" name="InitiativeGeneratorService &gt; calculateGapPriority &gt; should cap priority at 100" time="0.000200542">
        </testcase>
        <testcase classname="tests/unit/backend/initiativeGeneratorService.test.js" name="InitiativeGeneratorService &gt; calculateGapPriorityLevel &gt; should return CRITICAL for gaps &gt;= 4" time="0.000191958">
        </testcase>
        <testcase classname="tests/unit/backend/initiativeGeneratorService.test.js" name="InitiativeGeneratorService &gt; calculateGapPriorityLevel &gt; should return HIGH for gaps &gt;= 3" time="0.000154625">
        </testcase>
        <testcase classname="tests/unit/backend/initiativeGeneratorService.test.js" name="InitiativeGeneratorService &gt; calculateGapPriorityLevel &gt; should return MEDIUM for gaps &gt;= 2" time="0.000165833">
        </testcase>
        <testcase classname="tests/unit/backend/initiativeGeneratorService.test.js" name="InitiativeGeneratorService &gt; calculateGapPriorityLevel &gt; should return LOW for gaps &lt; 2" time="0.000177041">
        </testcase>
        <testcase classname="tests/unit/backend/initiativeGeneratorService.test.js" name="InitiativeGeneratorService &gt; getAxisName &gt; should return correct name for processes axis" time="0.000155209">
        </testcase>
        <testcase classname="tests/unit/backend/initiativeGeneratorService.test.js" name="InitiativeGeneratorService &gt; getAxisName &gt; should return correct name for digitalProducts axis" time="0.000147417">
        </testcase>
        <testcase classname="tests/unit/backend/initiativeGeneratorService.test.js" name="InitiativeGeneratorService &gt; getAxisName &gt; should return correct name for businessModels axis" time="0.000115625">
        </testcase>
        <testcase classname="tests/unit/backend/initiativeGeneratorService.test.js" name="InitiativeGeneratorService &gt; getAxisName &gt; should return correct name for dataManagement axis" time="0.000108125">
        </testcase>
        <testcase classname="tests/unit/backend/initiativeGeneratorService.test.js" name="InitiativeGeneratorService &gt; getAxisName &gt; should return correct name for culture axis" time="0.000105791">
        </testcase>
        <testcase classname="tests/unit/backend/initiativeGeneratorService.test.js" name="InitiativeGeneratorService &gt; getAxisName &gt; should return correct name for cybersecurity axis" time="0.0001065">
        </testcase>
        <testcase classname="tests/unit/backend/initiativeGeneratorService.test.js" name="InitiativeGeneratorService &gt; getAxisName &gt; should return correct name for aiMaturity axis" time="0.000111459">
        </testcase>
        <testcase classname="tests/unit/backend/initiativeGeneratorService.test.js" name="InitiativeGeneratorService &gt; getAxisName &gt; should return axisId for unknown axes" time="0.000108083">
        </testcase>
        <testcase classname="tests/unit/backend/initiativeGeneratorService.test.js" name="InitiativeGeneratorService &gt; groupGapsByTheme &gt; should group dataManagement gaps correctly" time="0.00043575">
        </testcase>
        <testcase classname="tests/unit/backend/initiativeGeneratorService.test.js" name="InitiativeGeneratorService &gt; groupGapsByTheme &gt; should group process-related gaps correctly" time="0.000371792">
        </testcase>
        <testcase classname="tests/unit/backend/initiativeGeneratorService.test.js" name="InitiativeGeneratorService &gt; groupGapsByTheme &gt; should group operational excellence gaps correctly" time="0.000234417">
        </testcase>
        <testcase classname="tests/unit/backend/initiativeGeneratorService.test.js" name="InitiativeGeneratorService &gt; groupGapsByTheme &gt; should group culture gaps correctly" time="0.000139958">
        </testcase>
        <testcase classname="tests/unit/backend/initiativeGeneratorService.test.js" name="InitiativeGeneratorService &gt; groupGapsByTheme &gt; should remove empty themes" time="0.00015475">
        </testcase>
        <testcase classname="tests/unit/backend/initiativeGeneratorService.test.js" name="InitiativeGeneratorService &gt; generateInitiativeName &gt; should generate name for Data Management theme" time="0.000120958">
        </testcase>
        <testcase classname="tests/unit/backend/initiativeGeneratorService.test.js" name="InitiativeGeneratorService &gt; generateInitiativeName &gt; should generate name for Process Digitalization theme" time="0.000098041">
        </testcase>
        <testcase classname="tests/unit/backend/initiativeGeneratorService.test.js" name="InitiativeGeneratorService &gt; generateInitiativeName &gt; should generate name for Cybersecurity theme" time="0.00010575">
        </testcase>
        <testcase classname="tests/unit/backend/initiativeGeneratorService.test.js" name="InitiativeGeneratorService &gt; generateInitiativeName &gt; should generate fallback name for unknown theme" time="0.000110167">
        </testcase>
        <testcase classname="tests/unit/backend/initiativeGeneratorService.test.js" name="InitiativeGeneratorService &gt; generateInitiativeSummary &gt; should generate summary with gap count and sources" time="0.00016275">
        </testcase>
        <testcase classname="tests/unit/backend/initiativeGeneratorService.test.js" name="InitiativeGeneratorService &gt; generateInitiativeSummary &gt; should deduplicate sources" time="0.000113541">
        </testcase>
        <testcase classname="tests/unit/backend/initiativeGeneratorService.test.js" name="InitiativeGeneratorService &gt; generateGapJustification &gt; should generate justification with gap details" time="0.000142166">
        </testcase>
        <testcase classname="tests/unit/backend/initiativeGeneratorService.test.js" name="InitiativeGeneratorService &gt; mapThemeToDRDAxis &gt; should map Data Management to dataManagement" time="0.00010325">
        </testcase>
        <testcase classname="tests/unit/backend/initiativeGeneratorService.test.js" name="InitiativeGeneratorService &gt; mapThemeToDRDAxis &gt; should map Process Digitalization to processes" time="0.000096042">
        </testcase>
        <testcase classname="tests/unit/backend/initiativeGeneratorService.test.js" name="InitiativeGeneratorService &gt; mapThemeToDRDAxis &gt; should map Operational Excellence to processes" time="0.000098709">
        </testcase>
        <testcase classname="tests/unit/backend/initiativeGeneratorService.test.js" name="InitiativeGeneratorService &gt; mapThemeToDRDAxis &gt; should map Digital Products to digitalProducts" time="0.000096708">
        </testcase>
        <testcase classname="tests/unit/backend/initiativeGeneratorService.test.js" name="InitiativeGeneratorService &gt; mapThemeToDRDAxis &gt; should map Organizational Culture to culture" time="0.000099625">
        </testcase>
        <testcase classname="tests/unit/backend/initiativeGeneratorService.test.js" name="InitiativeGeneratorService &gt; mapThemeToDRDAxis &gt; should map Cybersecurity to cybersecurity" time="0.000096417">
        </testcase>
        <testcase classname="tests/unit/backend/initiativeGeneratorService.test.js" name="InitiativeGeneratorService &gt; mapThemeToDRDAxis &gt; should default to processes for unknown themes" time="0.000094583">
        </testcase>
        <testcase classname="tests/unit/backend/initiativeGeneratorService.test.js" name="InitiativeGeneratorService &gt; consolidateGaps &gt; should consolidate DRD gaps with significant size" time="0.000168917">
        </testcase>
        <testcase classname="tests/unit/backend/initiativeGeneratorService.test.js" name="InitiativeGeneratorService &gt; consolidateGaps &gt; should consolidate LEAN gaps" time="0.000133542">
        </testcase>
        <testcase classname="tests/unit/backend/initiativeGeneratorService.test.js" name="InitiativeGeneratorService &gt; consolidateGaps &gt; should consolidate external assessment gaps" time="0.000145625">
        </testcase>
        <testcase classname="tests/unit/backend/initiativeGeneratorService.test.js" name="InitiativeGeneratorService &gt; consolidateGaps &gt; should sort gaps by priority (highest first)" time="0.000123833">
        </testcase>
        <testcase classname="tests/unit/backend/initiativeGeneratorService.test.js" name="InitiativeGeneratorService &gt; extractGapsFromAssessment &gt; should extract gaps from assessment" time="0.000173583">
        </testcase>
        <testcase classname="tests/unit/backend/initiativeGeneratorService.test.js" name="InitiativeGeneratorService &gt; extractGapsFromAssessment &gt; should filter by focus areas when provided" time="0.000116417">
        </testcase>
        <testcase classname="tests/unit/backend/initiativeGeneratorService.test.js" name="InitiativeGeneratorService &gt; extractGapsFromAssessment &gt; should calculate gap correctly" time="0.00011775">
        </testcase>
        <testcase classname="tests/unit/backend/initiativeGeneratorService.test.js" name="InitiativeGeneratorService &gt; extractGapsFromAssessment &gt; should include priority level" time="0.000189375">
        </testcase>
        <testcase classname="tests/unit/backend/initiativeGeneratorService.test.js" name="InitiativeGeneratorService &gt; extractGapsFromAssessment &gt; should sort by gap size descending" time="0.000106666">
        </testcase>
        <testcase classname="tests/unit/backend/initiativeGeneratorService.test.js" name="InitiativeGeneratorService &gt; generateSmartInitiativeName &gt; should generate appropriate name for large process gap" time="0.000127666">
        </testcase>
        <testcase classname="tests/unit/backend/initiativeGeneratorService.test.js" name="InitiativeGeneratorService &gt; generateSmartInitiativeName &gt; should generate appropriate name for medium process gap" time="0.000098375">
        </testcase>
        <testcase classname="tests/unit/backend/initiativeGeneratorService.test.js" name="InitiativeGeneratorService &gt; generateSmartInitiativeName &gt; should generate appropriate name for small process gap" time="0.000094042">
        </testcase>
        <testcase classname="tests/unit/backend/initiativeGeneratorService.test.js" name="InitiativeGeneratorService &gt; generateSmartInitiativeName &gt; should generate name for AI maturity axis" time="0.000092542">
        </testcase>
        <testcase classname="tests/unit/backend/initiativeGeneratorService.test.js" name="InitiativeGeneratorService &gt; generateSmartInitiativeName &gt; should generate name for cybersecurity axis" time="0.000111">
        </testcase>
        <testcase classname="tests/unit/backend/initiativeGeneratorService.test.js" name="InitiativeGeneratorService &gt; generateSmartInitiativeName &gt; should fallback for unknown axis" time="0.000101417">
        </testcase>
        <testcase classname="tests/unit/backend/initiativeGeneratorService.test.js" name="InitiativeGeneratorService &gt; generateInitiativeDescription &gt; should include axis name and scores" time="0.000121375">
        </testcase>
        <testcase classname="tests/unit/backend/initiativeGeneratorService.test.js" name="InitiativeGeneratorService &gt; generateInitiativeDescription &gt; should include priority level" time="0.000101">
        </testcase>
        <testcase classname="tests/unit/backend/initiativeGeneratorService.test.js" name="InitiativeGeneratorService &gt; generateInitiativeDescription &gt; should include gap size" time="0.000101375">
        </testcase>
        <testcase classname="tests/unit/backend/initiativeGeneratorService.test.js" name="InitiativeGeneratorService &gt; generateObjectives &gt; should include primary gap-closing objective" time="0.00013075">
        </testcase>
        <testcase classname="tests/unit/backend/initiativeGeneratorService.test.js" name="InitiativeGeneratorService &gt; generateObjectives &gt; should include axis-specific objectives for processes" time="0.000114">
        </testcase>
        <testcase classname="tests/unit/backend/initiativeGeneratorService.test.js" name="InitiativeGeneratorService &gt; generateObjectives &gt; should include axis-specific objectives for dataManagement" time="0.000108917">
        </testcase>
        <testcase classname="tests/unit/backend/initiativeGeneratorService.test.js" name="InitiativeGeneratorService &gt; generateObjectives &gt; should include axis-specific objectives for aiMaturity" time="0.000101333">
        </testcase>
        <testcase classname="tests/unit/backend/initiativeGeneratorService.test.js" name="InitiativeGeneratorService &gt; createEnhancedInitiative &gt; should create initiative with required fields" time="0.000245542">
        </testcase>
        <testcase classname="tests/unit/backend/initiativeGeneratorService.test.js" name="InitiativeGeneratorService &gt; createEnhancedInitiative &gt; should calculate budget based on gap size" time="0.000127042">
        </testcase>
        <testcase classname="tests/unit/backend/initiativeGeneratorService.test.js" name="InitiativeGeneratorService &gt; createEnhancedInitiative &gt; should adjust budget for team size" time="0.000118041">
        </testcase>
        <testcase classname="tests/unit/backend/initiativeGeneratorService.test.js" name="InitiativeGeneratorService &gt; createEnhancedInitiative &gt; should calculate appropriate risk level" time="0.000125">
        </testcase>
        <testcase classname="tests/unit/backend/initiativeGeneratorService.test.js" name="InitiativeGeneratorService &gt; createEnhancedInitiative &gt; should include assessment ID from context" time="0.000116792">
        </testcase>
        <testcase classname="tests/unit/backend/initiativeGeneratorService.test.js" name="InitiativeGeneratorService &gt; generateWithAI &gt; should generate initiative for each gap" time="0.000145292">
        </testcase>
        <testcase classname="tests/unit/backend/initiativeGeneratorService.test.js" name="InitiativeGeneratorService &gt; generateWithAI &gt; should apply budget constraints" time="0.000177916">
        </testcase>
        <testcase classname="tests/unit/backend/initiativeGeneratorService.test.js" name="InitiativeGeneratorService &gt; generateWithAI &gt; should apply timeline constraints" time="0.000144166">
        </testcase>
        <testcase classname="tests/unit/backend/initiativeGeneratorService.test.js" name="InitiativeGeneratorService &gt; generateWithAI &gt; should adjust for conservative risk appetite" time="0.000122">
        </testcase>
        <testcase classname="tests/unit/backend/initiativeGeneratorService.test.js" name="InitiativeGeneratorService &gt; generateWithAI &gt; should adjust for aggressive risk appetite" time="0.0001235">
        </testcase>
        <testcase classname="tests/unit/backend/initiativeGeneratorService.test.js" name="InitiativeGeneratorService &gt; validateInitiative &gt; should validate complete initiative as valid" time="0.000184584">
        </testcase>
        <testcase classname="tests/unit/backend/initiativeGeneratorService.test.js" name="InitiativeGeneratorService &gt; validateInitiative &gt; should reject initiative with short name" time="0.000131042">
        </testcase>
        <testcase classname="tests/unit/backend/initiativeGeneratorService.test.js" name="InitiativeGeneratorService &gt; validateInitiative &gt; should reject initiative without name" time="0.000100584">
        </testcase>
        <testcase classname="tests/unit/backend/initiativeGeneratorService.test.js" name="InitiativeGeneratorService &gt; validateInitiative &gt; should reject initiative with short description" time="0.000097083">
        </testcase>
        <testcase classname="tests/unit/backend/initiativeGeneratorService.test.js" name="InitiativeGeneratorService &gt; validateInitiative &gt; should reject initiative without budget" time="0.000095708">
        </testcase>
        <testcase classname="tests/unit/backend/initiativeGeneratorService.test.js" name="InitiativeGeneratorService &gt; validateInitiative &gt; should reject initiative without timeline" time="0.000094542">
        </testcase>
        <testcase classname="tests/unit/backend/initiativeGeneratorService.test.js" name="InitiativeGeneratorService &gt; validateInitiative &gt; should warn about missing objectives" time="0.000109917">
        </testcase>
        <testcase classname="tests/unit/backend/initiativeGeneratorService.test.js" name="InitiativeGeneratorService &gt; validateInitiative &gt; should warn about low ROI" time="0.000109917">
        </testcase>
        <testcase classname="tests/unit/backend/initiativeGeneratorService.test.js" name="InitiativeGeneratorService &gt; validateInitiative &gt; should warn about high-risk high-budget initiatives" time="0.000128041">
        </testcase>
        <testcase classname="tests/unit/backend/initiativeGeneratorService.test.js" name="InitiativeGeneratorService &gt; createInitiativeFromGaps &gt; should create initiative with correct theme" time="0.000270708">
        </testcase>
        <testcase classname="tests/unit/backend/initiativeGeneratorService.test.js" name="InitiativeGeneratorService &gt; createInitiativeFromGaps &gt; should calculate priority from gap severity" time="0.000143042">
        </testcase>
        <testcase classname="tests/unit/backend/initiativeGeneratorService.test.js" name="InitiativeGeneratorService &gt; createInitiativeFromGaps &gt; should include traceability data" time="0.000172125">
        </testcase>
        <testcase classname="tests/unit/backend/initiativeGeneratorService.test.js" name="InitiativeGeneratorService &gt; createInitiativeFromGaps &gt; should set status to DRAFT" time="0.000114458">
        </testcase>
        <testcase classname="tests/unit/backend/initiativeGeneratorService.test.js" name="InitiativeGeneratorService &gt; createInitiativeFromGaps &gt; should mark as auto-generated" time="0.000114417">
        </testcase>
        <testcase classname="tests/unit/backend/initiativeGeneratorService.test.js" name="InitiativeGeneratorService &gt; generateInitiativeDrafts &gt; should generate one initiative per theme" time="0.000149583">
        </testcase>
        <testcase classname="tests/unit/backend/initiativeGeneratorService.test.js" name="InitiativeGeneratorService &gt; generateInitiativeDrafts &gt; should combine gaps of same theme into single initiative" time="0.000128291">
        </testcase>
    </testsuite>
</testsuites>
