<?xml version="1.0" encoding="UTF-8" ?>
<testsuites name="vitest tests" tests="149" failures="3" errors="0" time="2.947688585">
    <testsuite name="tests/unit/analytics.service.test.ts" timestamp="2025-12-12T16:47:07.664Z" hostname="MacBook-Air-Piotr.local" tests="8" failures="0" errors="0" skipped="0" time="0.002161375">
        <testcase classname="tests/unit/analytics.service.test.ts" name="Service Test: Analytics &gt; calculateAnalytics &gt; calculates analytics for empty arrays" time="0.000600709">
        </testcase>
        <testcase classname="tests/unit/analytics.service.test.ts" name="Service Test: Analytics &gt; calculateAnalytics &gt; calculates completion rate correctly" time="0.000136125">
        </testcase>
        <testcase classname="tests/unit/analytics.service.test.ts" name="Service Test: Analytics &gt; calculateAnalytics &gt; calculates initiative statistics" time="0.000117417">
        </testcase>
        <testcase classname="tests/unit/analytics.service.test.ts" name="Service Test: Analytics &gt; calculateAnalytics &gt; calculates total cost and benefit" time="0.000068458">
        </testcase>
        <testcase classname="tests/unit/analytics.service.test.ts" name="Service Test: Analytics &gt; generateBurnDownData &gt; generates burn down data for date range" time="0.000242083">
        </testcase>
        <testcase classname="tests/unit/analytics.service.test.ts" name="Service Test: Analytics &gt; generateBurnDownData &gt; handles empty task list" time="0.000051792">
        </testcase>
        <testcase classname="tests/unit/analytics.service.test.ts" name="Service Test: Analytics &gt; generateVelocityData &gt; generates velocity data for specified weeks" time="0.000120459">
        </testcase>
        <testcase classname="tests/unit/analytics.service.test.ts" name="Service Test: Analytics &gt; generateVelocityData &gt; uses default 8 weeks when not specified" time="0.000057083">
        </testcase>
    </testsuite>
    <testsuite name="tests/unit/api.service.test.ts" timestamp="2025-12-12T16:47:07.665Z" hostname="MacBook-Air-Piotr.local" tests="6" failures="0" errors="0" skipped="0" time="0.019130875">
        <testcase classname="tests/unit/api.service.test.ts" name="Api Service Unit Tests &gt; login: should store token and return user on success" time="0.002895875">
            <system-out>
Api.login called: { email: [32m&apos;test@test.com&apos;[39m, url: [32m&apos;http://127.0.0.1:3005/api/auth/login&apos;[39m }

Login response status: [90mundefined[39m

Login response data: { token: [32m&apos;abc-123&apos;[39m, user: { id: [32m&apos;1&apos;[39m, email: [32m&apos;test@test.com&apos;[39m } }

            </system-out>
        </testcase>
        <testcase classname="tests/unit/api.service.test.ts" name="Api Service Unit Tests &gt; login: should throw error on failure" time="0.010572">
            <system-out>
Api.login called: { email: [32m&apos;test@test.com&apos;[39m, url: [32m&apos;http://127.0.0.1:3005/api/auth/login&apos;[39m }

Login response status: [90mundefined[39m

Login response data: { error: [32m&apos;Invalid credentials&apos;[39m }

            </system-out>
        </testcase>
        <testcase classname="tests/unit/api.service.test.ts" name="Api Service Unit Tests &gt; getUsers: should send Authorization header" time="0.00079925">
        </testcase>
        <testcase classname="tests/unit/api.service.test.ts" name="Api Service Unit Tests &gt; getLLMProviders: should return list" time="0.000428834">
        </testcase>
        <testcase classname="tests/unit/api.service.test.ts" name="Api Service Unit Tests &gt; indexKnowledgeFiles: should trigger indexing" time="0.000762208">
        </testcase>
        <testcase classname="tests/unit/api.service.test.ts" name="Api Service Unit Tests &gt; saveSession: should post data" time="0.000382959">
        </testcase>
    </testsuite>
    <testsuite name="tests/unit/drdStructure.test.ts" timestamp="2025-12-12T16:47:07.665Z" hostname="MacBook-Air-Piotr.local" tests="7" failures="0" errors="0" skipped="0" time="0.007080333">
        <testcase classname="tests/unit/drdStructure.test.ts" name="Service Test: drdStructure &gt; exports DRD_STRUCTURE as array" time="0.000534042">
        </testcase>
        <testcase classname="tests/unit/drdStructure.test.ts" name="Service Test: drdStructure &gt; each axis has required properties" time="0.000393666">
        </testcase>
        <testcase classname="tests/unit/drdStructure.test.ts" name="Service Test: drdStructure &gt; each area has required properties" time="0.000992042">
        </testcase>
        <testcase classname="tests/unit/drdStructure.test.ts" name="Service Test: drdStructure &gt; each level has required properties" time="0.003998708">
        </testcase>
        <testcase classname="tests/unit/drdStructure.test.ts" name="Service Test: drdStructure &gt; getQuestionsForAxis &gt; returns areas for valid axis ID" time="0.000125458">
        </testcase>
        <testcase classname="tests/unit/drdStructure.test.ts" name="Service Test: drdStructure &gt; getQuestionsForAxis &gt; returns empty array for invalid axis ID" time="0.000301583">
        </testcase>
        <testcase classname="tests/unit/drdStructure.test.ts" name="Service Test: drdStructure &gt; getQuestionsForAxis &gt; returns areas for different axis IDs" time="0.000094458">
        </testcase>
    </testsuite>
    <testsuite name="tests/unit/pdfExport.test.ts" timestamp="2025-12-12T16:47:07.666Z" hostname="MacBook-Air-Piotr.local" tests="5" failures="0" errors="0" skipped="0" time="0.212274209">
        <testcase classname="tests/unit/pdfExport.test.ts" name="Service Test: pdfExport &gt; exportReportToPDF &gt; returns false when element is not found" time="0.003249">
            <system-err>
Element with id non-existent not found

            </system-err>
        </testcase>
        <testcase classname="tests/unit/pdfExport.test.ts" name="Service Test: pdfExport &gt; exportReportToPDF &gt; exports PDF successfully" time="0.202454667">
            <system-err>
[vitest] The vi.fn() mock did not use &apos;function&apos; or &apos;class&apos; in its implementation, see https://vitest.dev/api/vi#vi-spyon for examples.
PDF Export failed: TypeError: () =&gt; new MockJsPDF() is not a constructor
    at new j [90m(file:///Users/piotrwisniewski/Documents/Antygracity/DRD/consultify/[39mnode_modules/[4m@vitest/spy[24m/dist/index.js:262:27[90m)[39m
    at Module.exportReportToPDF [90m(/Users/piotrwisniewski/Documents/Antygracity/DRD/consultify/[39mservices/pdf/pdfExport.ts:30:21[90m)[39m
[90m    at processTicksAndRejections (node:internal/process/task_queues:105:5)[39m

            </system-err>
        </testcase>
        <testcase classname="tests/unit/pdfExport.test.ts" name="Service Test: pdfExport &gt; exportReportToPDF &gt; handles errors gracefully" time="0.001583916">
            <system-err>
PDF Export failed: Error: Canvas error
    at [90m/Users/piotrwisniewski/Documents/Antygracity/DRD/consultify/[39mtests/unit/pdfExport.test.ts:79:52
    at [90mfile:///Users/piotrwisniewski/Documents/Antygracity/DRD/consultify/[39mnode_modules/[4m@vitest/runner[24m/dist/index.js:145:11
    at [90mfile:///Users/piotrwisniewski/Documents/Antygracity/DRD/consultify/[39mnode_modules/[4m@vitest/runner[24m/dist/index.js:915:26
    at [90mfile:///Users/piotrwisniewski/Documents/Antygracity/DRD/consultify/[39mnode_modules/[4m@vitest/runner[24m/dist/index.js:1240:20
    at new Promise (&lt;anonymous&gt;)
    at runWithTimeout [90m(file:///Users/piotrwisniewski/Documents/Antygracity/DRD/consultify/[39mnode_modules/[4m@vitest/runner[24m/dist/index.js:1206:10[90m)[39m
    at [90mfile:///Users/piotrwisniewski/Documents/Antygracity/DRD/consultify/[39mnode_modules/[4m@vitest/runner[24m/dist/index.js:1650:37
    at Traces.$ [90m(file:///Users/piotrwisniewski/Documents/Antygracity/DRD/consultify/[39mnode_modules/[4mvitest[24m/dist/chunks/traces.U4xDYhzZ.js:115:27[90m)[39m
    at trace [90m(file:///Users/piotrwisniewski/Documents/Antygracity/DRD/consultify/[39mnode_modules/[4mvitest[24m/dist/chunks/test.BT8LKgU9.js:239:21[90m)[39m
    at runTest [90m(file:///Users/piotrwisniewski/Documents/Antygracity/DRD/consultify/[39mnode_modules/[4m@vitest/runner[24m/dist/index.js:1650:12[90m)[39m

            </system-err>
        </testcase>
        <testcase classname="tests/unit/pdfExport.test.ts" name="Service Test: pdfExport &gt; exportDashboardToPDF &gt; creates PDF with metadata" time="0.002869">
            <system-err>
[vitest] The vi.fn() mock did not use &apos;function&apos; or &apos;class&apos; in its implementation, see https://vitest.dev/api/vi#vi-spyon for examples.
Dashboard PDF Export failed: TypeError: () =&gt; new MockJsPDF() is not a constructor
    at new j [90m(file:///Users/piotrwisniewski/Documents/Antygracity/DRD/consultify/[39mnode_modules/[4m@vitest/spy[24m/dist/index.js:262:27[90m)[39m
    at Module.exportDashboardToPDF [90m(/Users/piotrwisniewski/Documents/Antygracity/DRD/consultify/[39mservices/pdf/pdfExport.ts:70:21[90m)[39m
    at [90m/Users/piotrwisniewski/Documents/Antygracity/DRD/consultify/[39mtests/unit/pdfExport.test.ts:89:19
    at [90mfile:///Users/piotrwisniewski/Documents/Antygracity/DRD/consultify/[39mnode_modules/[4m@vitest/runner[24m/dist/index.js:145:11
    at [90mfile:///Users/piotrwisniewski/Documents/Antygracity/DRD/consultify/[39mnode_modules/[4m@vitest/runner[24m/dist/index.js:915:26
    at [90mfile:///Users/piotrwisniewski/Documents/Antygracity/DRD/consultify/[39mnode_modules/[4m@vitest/runner[24m/dist/index.js:1240:20
    at new Promise (&lt;anonymous&gt;)
    at runWithTimeout [90m(file:///Users/piotrwisniewski/Documents/Antygracity/DRD/consultify/[39mnode_modules/[4m@vitest/runner[24m/dist/index.js:1206:10[90m)[39m
    at [90mfile:///Users/piotrwisniewski/Documents/Antygracity/DRD/consultify/[39mnode_modules/[4m@vitest/runner[24m/dist/index.js:1650:37
    at Traces.$ [90m(file:///Users/piotrwisniewski/Documents/Antygracity/DRD/consultify/[39mnode_modules/[4mvitest[24m/dist/chunks/traces.U4xDYhzZ.js:115:27[90m)[39m

            </system-err>
        </testcase>
        <testcase classname="tests/unit/pdfExport.test.ts" name="Service Test: pdfExport &gt; exportDashboardToPDF &gt; handles optional metadata" time="0.000543958">
            <system-err>
[vitest] The vi.fn() mock did not use &apos;function&apos; or &apos;class&apos; in its implementation, see https://vitest.dev/api/vi#vi-spyon for examples.
Dashboard PDF Export failed: TypeError: () =&gt; new MockJsPDF() is not a constructor
    at new j [90m(file:///Users/piotrwisniewski/Documents/Antygracity/DRD/consultify/[39mnode_modules/[4m@vitest/spy[24m/dist/index.js:262:27[90m)[39m
    at Module.exportDashboardToPDF [90m(/Users/piotrwisniewski/Documents/Antygracity/DRD/consultify/[39mservices/pdf/pdfExport.ts:70:21[90m)[39m
    at [90m/Users/piotrwisniewski/Documents/Antygracity/DRD/consultify/[39mtests/unit/pdfExport.test.ts:100:19
    at [90mfile:///Users/piotrwisniewski/Documents/Antygracity/DRD/consultify/[39mnode_modules/[4m@vitest/runner[24m/dist/index.js:145:11
    at [90mfile:///Users/piotrwisniewski/Documents/Antygracity/DRD/consultify/[39mnode_modules/[4m@vitest/runner[24m/dist/index.js:915:26
    at [90mfile:///Users/piotrwisniewski/Documents/Antygracity/DRD/consultify/[39mnode_modules/[4m@vitest/runner[24m/dist/index.js:1240:20
    at new Promise (&lt;anonymous&gt;)
    at runWithTimeout [90m(file:///Users/piotrwisniewski/Documents/Antygracity/DRD/consultify/[39mnode_modules/[4m@vitest/runner[24m/dist/index.js:1206:10[90m)[39m
    at [90mfile:///Users/piotrwisniewski/Documents/Antygracity/DRD/consultify/[39mnode_modules/[4m@vitest/runner[24m/dist/index.js:1650:37
    at Traces.$ [90m(file:///Users/piotrwisniewski/Documents/Antygracity/DRD/consultify/[39mnode_modules/[4mvitest[24m/dist/chunks/traces.U4xDYhzZ.js:115:27[90m)[39m

            </system-err>
        </testcase>
    </testsuite>
    <testsuite name="tests/unit/roi.test.ts" timestamp="2025-12-12T16:47:07.666Z" hostname="MacBook-Air-Piotr.local" tests="3" failures="0" errors="0" skipped="0" time="0.001602584">
        <testcase classname="tests/unit/roi.test.ts" name="Unit Test: ROI Calculation &gt; should calculate ROI correctly for positive values" time="0.000830333">
        </testcase>
        <testcase classname="tests/unit/roi.test.ts" name="Unit Test: ROI Calculation &gt; should handle zero cost to avoid infinity" time="0.000081458">
        </testcase>
        <testcase classname="tests/unit/roi.test.ts" name="Unit Test: ROI Calculation &gt; should return 0 for break-even" time="0.000054042">
        </testcase>
    </testsuite>
    <testsuite name="tests/unit/store.test.ts" timestamp="2025-12-12T16:47:07.666Z" hostname="MacBook-Air-Piotr.local" tests="20" failures="0" errors="0" skipped="0" time="0.009871292">
        <testcase classname="tests/unit/store.test.ts" name="Store Test: useAppStore &gt; initializes with correct default values" time="0.00220925">
        </testcase>
        <testcase classname="tests/unit/store.test.ts" name="Store Test: useAppStore &gt; sets current view" time="0.0001825">
        </testcase>
        <testcase classname="tests/unit/store.test.ts" name="Store Test: useAppStore &gt; sets session mode" time="0.000477041">
        </testcase>
        <testcase classname="tests/unit/store.test.ts" name="Store Test: useAppStore &gt; sets current user" time="0.000642417">
        </testcase>
        <testcase classname="tests/unit/store.test.ts" name="Store Test: useAppStore &gt; sets language" time="0.000245584">
        </testcase>
        <testcase classname="tests/unit/store.test.ts" name="Store Test: useAppStore &gt; toggles sidebar open state" time="0.000228375">
        </testcase>
        <testcase classname="tests/unit/store.test.ts" name="Store Test: useAppStore &gt; toggles sidebar collapse" time="0.000205416">
        </testcase>
        <testcase classname="tests/unit/store.test.ts" name="Store Test: useAppStore &gt; adds chat message" time="0.000962958">
        </testcase>
        <testcase classname="tests/unit/store.test.ts" name="Store Test: useAppStore &gt; sets chat messages" time="0.000790334">
        </testcase>
        <testcase classname="tests/unit/store.test.ts" name="Store Test: useAppStore &gt; clears chat" time="0.000317375">
        </testcase>
        <testcase classname="tests/unit/store.test.ts" name="Store Test: useAppStore &gt; sets bot typing state" time="0.000183583">
        </testcase>
        <testcase classname="tests/unit/store.test.ts" name="Store Test: useAppStore &gt; sets current stream content" time="0.000249208">
        </testcase>
        <testcase classname="tests/unit/store.test.ts" name="Store Test: useAppStore &gt; updates free session data" time="0.000224041">
        </testcase>
        <testcase classname="tests/unit/store.test.ts" name="Store Test: useAppStore &gt; updates free session data with function" time="0.000174291">
        </testcase>
        <testcase classname="tests/unit/store.test.ts" name="Store Test: useAppStore &gt; updates full session data" time="0.000173334">
        </testcase>
        <testcase classname="tests/unit/store.test.ts" name="Store Test: useAppStore &gt; sets AI config" time="0.000196833">
        </testcase>
        <testcase classname="tests/unit/store.test.ts" name="Store Test: useAppStore &gt; toggles theme" time="0.000322083">
        </testcase>
        <testcase classname="tests/unit/store.test.ts" name="Store Test: useAppStore &gt; updates last chat message" time="0.000230333">
        </testcase>
        <testcase classname="tests/unit/store.test.ts" name="Store Test: useAppStore &gt; logout resets state" time="0.000386625">
        </testcase>
        <testcase classname="tests/unit/store.test.ts" name="Store Test: useAppStore &gt; sets current project ID" time="0.000137541">
        </testcase>
    </testsuite>
    <testsuite name="tests/unit/transformationEngine.test.ts" timestamp="2025-12-12T16:47:07.667Z" hostname="MacBook-Air-Piotr.local" tests="6" failures="0" errors="0" skipped="0" time="0.00919225">
        <testcase classname="tests/unit/transformationEngine.test.ts" name="Service Test: transformationEngine &gt; generates initiatives from session" time="0.001498083">
        </testcase>
        <testcase classname="tests/unit/transformationEngine.test.ts" name="Service Test: transformationEngine &gt; generates initiatives with required properties" time="0.004342583">
        </testcase>
        <testcase classname="tests/unit/transformationEngine.test.ts" name="Service Test: transformationEngine &gt; generates initiatives only for levels above current" time="0.00085725">
        </testcase>
        <testcase classname="tests/unit/transformationEngine.test.ts" name="Service Test: transformationEngine &gt; handles session with no gaps" time="0.00012">
        </testcase>
        <testcase classname="tests/unit/transformationEngine.test.ts" name="Service Test: transformationEngine &gt; assigns priority based on current level" time="0.000088416">
        </testcase>
        <testcase classname="tests/unit/transformationEngine.test.ts" name="Service Test: transformationEngine &gt; assigns complexity based on target level" time="0.000871083">
        </testcase>
    </testsuite>
    <testsuite name="tests/unit/utils.test.ts" timestamp="2025-12-12T16:47:07.668Z" hostname="MacBook-Air-Piotr.local" tests="1" failures="0" errors="0" skipped="0" time="0.00122875">
        <testcase classname="tests/unit/utils.test.ts" name="Unit Test: Utilities &gt; should have utility functions available" time="0.000498083">
        </testcase>
    </testsuite>
    <testsuite name="tests/unit/backend/activityService.test.js" timestamp="2025-12-12T16:47:07.668Z" hostname="MacBook-Air-Piotr.local" tests="6" failures="0" errors="0" skipped="0" time="0.864403958">
        <testcase classname="tests/unit/backend/activityService.test.js" name="Backend Service Test: ActivityService &gt; log &gt; logs activity with all parameters" time="0.10466625">
        </testcase>
        <testcase classname="tests/unit/backend/activityService.test.js" name="Backend Service Test: ActivityService &gt; log &gt; handles optional parameters" time="0.103101583">
        </testcase>
        <testcase classname="tests/unit/backend/activityService.test.js" name="Backend Service Test: ActivityService &gt; getRecent &gt; fetches recent activities with default limit" time="0.139363708">
        </testcase>
        <testcase classname="tests/unit/backend/activityService.test.js" name="Backend Service Test: ActivityService &gt; getRecent &gt; fetches recent activities with custom limit" time="0.1198175">
        </testcase>
        <testcase classname="tests/unit/backend/activityService.test.js" name="Backend Service Test: ActivityService &gt; getRecent &gt; handles database errors gracefully" time="0.127847125">
        </testcase>
        <testcase classname="tests/unit/backend/activityService.test.js" name="Backend Service Test: ActivityService &gt; getByOrganization &gt; fetches activities for organization" time="0.110322583">
        </testcase>
    </testsuite>
    <testsuite name="tests/unit/backend/aiService.test.js" timestamp="2025-12-12T16:47:07.668Z" hostname="MacBook-Air-Piotr.local" tests="15" failures="3" errors="0" skipped="0" time="0.122722">
        <testcase classname="tests/unit/backend/aiService.test.js" name="AIService Unit Tests &gt; callLLM &gt; should use Google Gemini by default if checks pass" time="0.04199175">
            <system-out>
[DB:mzyovp] Initializing database at :memory:
Connected to the SQLite database.
Created billing tables and seeded default subscription plans.
Seeded SuperAdmin and DBR77 Users.

            </system-out>
            <system-err>
AggregateError: 
[90m    at internalConnectMultiple (node:net:1134:18)[39m
[90m    at afterConnectMultiple (node:net:1715:7)[39m {
  code: [32m&apos;ECONNREFUSED&apos;[39m,
  [errors]: [
    Error: connect ECONNREFUSED ::1:6379
    [90m    at createConnectionError (node:net:1678:14)[39m
    [90m    at afterConnectMultiple (node:net:1708:16)[39m {
      errno: [33m-61[39m,
      code: [32m&apos;ECONNREFUSED&apos;[39m,
      syscall: [32m&apos;connect&apos;[39m,
      address: [32m&apos;::1&apos;[39m,
      port: [33m6379[39m
    },
    Error: connect ECONNREFUSED 127.0.0.1:6379
    [90m    at createConnectionError (node:net:1678:14)[39m
    [90m    at afterConnectMultiple (node:net:1708:16)[39m {
      errno: [33m-61[39m,
      code: [32m&apos;ECONNREFUSED&apos;[39m,
      syscall: [32m&apos;connect&apos;[39m,
      address: [32m&apos;127.0.0.1&apos;[39m,
      port: [33m6379[39m
    }
  ]
}

LLM Call Error Error: AI Provider not configured.
    at Object.callLLM [90m(/Users/piotrwisniewski/Documents/Antygracity/DRD/consultify/[39mserver/services/aiService.js:155:41[90m)[39m
    at [90m/Users/piotrwisniewski/Documents/Antygracity/DRD/consultify/[39mtests/unit/backend/aiService.test.js:106:28
    at [90mfile:///Users/piotrwisniewski/Documents/Antygracity/DRD/consultify/[39mnode_modules/[4m@vitest/runner[24m/dist/index.js:915:20

            </system-err>
            <failure message="AI Provider not configured." type="Error">
Error: AI Provider not configured.
 ❯ Object.callLLM server/services/aiService.js:155:41
 ❯ tests/unit/backend/aiService.test.js:106:28
            </failure>
        </testcase>
        <testcase classname="tests/unit/backend/aiService.test.js" name="AIService Unit Tests &gt; callLLM &gt; should block if balance is insufficient" time="0.043284458">
            <system-out>
Projects table created successfully (or already exists).

Database initialization complete.

            </system-out>
            <system-err>
LLM Call Error Error: Insufficient token balance. Please top up.
    at Object.callLLM [90m(/Users/piotrwisniewski/Documents/Antygracity/DRD/consultify/[39mserver/services/aiService.js:113:27[90m)[39m
    at [90m/Users/piotrwisniewski/Documents/Antygracity/DRD/consultify/[39mtests/unit/backend/aiService.test.js:119:13
    at [90mfile:///Users/piotrwisniewski/Documents/Antygracity/DRD/consultify/[39mnode_modules/[4m@vitest/runner[24m/dist/index.js:915:20

            </system-err>
        </testcase>
        <testcase classname="tests/unit/backend/aiService.test.js" name="AIService Unit Tests &gt; callLLM &gt; should call OpenAI via fetch when provider is openai" time="0.002796792">
        </testcase>
        <testcase classname="tests/unit/backend/aiService.test.js" name="AIService Unit Tests &gt; callLLM &gt; should call Anthropic via fetch when provider is anthropic" time="0.000374292">
        </testcase>
        <testcase classname="tests/unit/backend/aiService.test.js" name="AIService Unit Tests &gt; generateInitiatives &gt; should parse JSON response correctly" time="0.006217959">
            <system-err>
LLM Call Error Error: AI Provider not configured.
    at Object.callLLM [90m(/Users/piotrwisniewski/Documents/Antygracity/DRD/consultify/[39mserver/services/aiService.js:155:41[90m)[39m
    at Object.generateInitiatives [90m(/Users/piotrwisniewski/Documents/Antygracity/DRD/consultify/[39mserver/services/aiService.js:590:29[90m)[39m
    at [90m/Users/piotrwisniewski/Documents/Antygracity/DRD/consultify/[39mtests/unit/backend/aiService.test.js:186:33
    at [90mfile:///Users/piotrwisniewski/Documents/Antygracity/DRD/consultify/[39mnode_modules/[4m@vitest/runner[24m/dist/index.js:915:20

            </system-err>
            <failure message="expected [] to have a length of 1 but got +0" type="AssertionError">
AssertionError: expected [] to have a length of 1 but got +0

- Expected
+ Received

- 1
+ 0

 ❯ tests/unit/backend/aiService.test.js:187:33
            </failure>
        </testcase>
        <testcase classname="tests/unit/backend/aiService.test.js" name="AIService Unit Tests &gt; generateInitiatives &gt; should return empty array on JSON parse error" time="0.001988042">
            <system-err>
LLM Call Error Error: AI Provider not configured.
    at Object.callLLM [90m(/Users/piotrwisniewski/Documents/Antygracity/DRD/consultify/[39mserver/services/aiService.js:155:41[90m)[39m
    at Object.generateInitiatives [90m(/Users/piotrwisniewski/Documents/Antygracity/DRD/consultify/[39mserver/services/aiService.js:590:29[90m)[39m
    at [90m/Users/piotrwisniewski/Documents/Antygracity/DRD/consultify/[39mtests/unit/backend/aiService.test.js:197:33
    at [90mfile:///Users/piotrwisniewski/Documents/Antygracity/DRD/consultify/[39mnode_modules/[4m@vitest/runner[24m/dist/index.js:915:20

            </system-err>
        </testcase>
        <testcase classname="tests/unit/backend/aiService.test.js" name="AIService Unit Tests &gt; streamLLM &gt; should yield chunks from Gemini stream" time="0.010083459">
            <system-err>
Stream LLM Error Error: AI Provider not configured.
    at Object.streamLLM [90m(/Users/piotrwisniewski/Documents/Antygracity/DRD/consultify/[39mserver/services/aiService.js:381:41[90m)[39m
    at [90m/Users/piotrwisniewski/Documents/Antygracity/DRD/consultify/[39mtests/unit/backend/aiService.test.js:214:30
    at [90mfile:///Users/piotrwisniewski/Documents/Antygracity/DRD/consultify/[39mnode_modules/[4m@vitest/runner[24m/dist/index.js:915:20

            </system-err>
            <failure message="expected [ &apos; [Error generating response]&apos; ] to deeply equal [ &apos;Chunk 1&apos;, &apos;Chunk 2&apos; ]" type="AssertionError">
AssertionError: expected [ &apos; [Error generating response]&apos; ] to deeply equal [ &apos;Chunk 1&apos;, &apos;Chunk 2&apos; ]

- Expected
+ Received

  [
-   &quot;Chunk 1&quot;,
-   &quot;Chunk 2&quot;,
+   &quot; [Error generating response]&quot;,
  ]

 ❯ tests/unit/backend/aiService.test.js:217:28
            </failure>
        </testcase>
        <testcase classname="tests/unit/backend/aiService.test.js" name="AIService Unit Tests &gt; streamLLM &gt; should handle errors in stream" time="0.005502667">
            <system-err>
Stream LLM Error Error: AI Provider not configured.
    at Object.streamLLM [90m(/Users/piotrwisniewski/Documents/Antygracity/DRD/consultify/[39mserver/services/aiService.js:381:41[90m)[39m
    at [90m/Users/piotrwisniewski/Documents/Antygracity/DRD/consultify/[39mtests/unit/backend/aiService.test.js:225:30
    at [90mfile:///Users/piotrwisniewski/Documents/Antygracity/DRD/consultify/[39mnode_modules/[4m@vitest/runner[24m/dist/index.js:915:20

            </system-err>
        </testcase>
        <testcase classname="tests/unit/backend/aiService.test.js" name="AIService Unit Tests &gt; Generation Methods &gt; buildRoadmap &gt; should return roadmap object on success" time="0.004221666">
        </testcase>
        <testcase classname="tests/unit/backend/aiService.test.js" name="AIService Unit Tests &gt; Generation Methods &gt; buildRoadmap &gt; should return empty object on error" time="0.000201125">
        </testcase>
        <testcase classname="tests/unit/backend/aiService.test.js" name="AIService Unit Tests &gt; Generation Methods &gt; suggestTasks &gt; should return tasks array on success" time="0.00019475">
        </testcase>
        <testcase classname="tests/unit/backend/aiService.test.js" name="AIService Unit Tests &gt; Generation Methods &gt; deepDiagnose &gt; should execute chain of thought and return diagnosis" time="0.00020375">
        </testcase>
        <testcase classname="tests/unit/backend/aiService.test.js" name="AIService Unit Tests &gt; Generation Methods &gt; enrichInitiative &gt; should maintain structure and fallback to LLM" time="0.002200167">
            <system-err>
Web Search failed, using LLM knowledge Error: Web Fail
    at [90m/Users/piotrwisniewski/Documents/Antygracity/DRD/consultify/[39mtests/unit/backend/aiService.test.js:295:59
    at [90mfile:///Users/piotrwisniewski/Documents/Antygracity/DRD/consultify/[39mnode_modules/[4m@vitest/runner[24m/dist/index.js:145:11
    at [90mfile:///Users/piotrwisniewski/Documents/Antygracity/DRD/consultify/[39mnode_modules/[4m@vitest/runner[24m/dist/index.js:915:26
    at [90mfile:///Users/piotrwisniewski/Documents/Antygracity/DRD/consultify/[39mnode_modules/[4m@vitest/runner[24m/dist/index.js:1240:20
    at new Promise (&lt;anonymous&gt;)
    at runWithTimeout [90m(file:///Users/piotrwisniewski/Documents/Antygracity/DRD/consultify/[39mnode_modules/[4m@vitest/runner[24m/dist/index.js:1206:10[90m)[39m
    at [90mfile:///Users/piotrwisniewski/Documents/Antygracity/DRD/consultify/[39mnode_modules/[4m@vitest/runner[24m/dist/index.js:1650:37
    at Traces.$ [90m(file:///Users/piotrwisniewski/Documents/Antygracity/DRD/consultify/[39mnode_modules/[4mvitest[24m/dist/chunks/traces.U4xDYhzZ.js:115:27[90m)[39m
    at trace [90m(file:///Users/piotrwisniewski/Documents/Antygracity/DRD/consultify/[39mnode_modules/[4mvitest[24m/dist/chunks/test.BT8LKgU9.js:239:21[90m)[39m
    at runTest [90m(file:///Users/piotrwisniewski/Documents/Antygracity/DRD/consultify/[39mnode_modules/[4m@vitest/runner[24m/dist/index.js:1650:12[90m)[39m

            </system-err>
        </testcase>
        <testcase classname="tests/unit/backend/aiService.test.js" name="AIService Unit Tests &gt; Generation Methods &gt; generateObservations &gt; should return observations from feedback" time="0.000823792">
        </testcase>
        <testcase classname="tests/unit/backend/aiService.test.js" name="AIService Unit Tests &gt; Generation Methods &gt; testProviderConnection &gt; should test OpenAI connection" time="0.000336417">
            <system-out>
[AiService] Testing connection for: openai

            </system-out>
        </testcase>
    </testsuite>
    <testsuite name="tests/unit/backend/analyticsService.test.js" timestamp="2025-12-12T16:47:07.670Z" hostname="MacBook-Air-Piotr.local" tests="5" failures="0" errors="0" skipped="0" time="0.121854041">
        <testcase classname="tests/unit/backend/analyticsService.test.js" name="AnalyticsService - Integration &gt; logUsage &gt; should log AI usage to the database without errors" time="0.00420775">
        </testcase>
        <testcase classname="tests/unit/backend/analyticsService.test.js" name="AnalyticsService - Integration &gt; getStats &gt; should retrieve aggregated stats from real database" time="0.001059667">
        </testcase>
        <testcase classname="tests/unit/backend/analyticsService.test.js" name="AnalyticsService - Integration &gt; getTopTopics &gt; should retrieve top topics from real database" time="0.000645291">
        </testcase>
        <testcase classname="tests/unit/backend/analyticsService.test.js" name="AnalyticsService - Integration &gt; saveMaturityScore &gt; should save maturity score without errors" time="0.000310208">
        </testcase>
        <testcase classname="tests/unit/backend/analyticsService.test.js" name="AnalyticsService - Integration &gt; getIndustryBenchmarks &gt; should retrieve industry benchmarks from real database" time="0.000874041">
        </testcase>
    </testsuite>
    <testsuite name="tests/unit/backend/billingService.test.js" timestamp="2025-12-12T16:47:07.670Z" hostname="MacBook-Air-Piotr.local" tests="4" failures="0" errors="0" skipped="0" time="0.063911916">
        <testcase classname="tests/unit/backend/billingService.test.js" name="BillingService (Unit) &gt; getPlans &gt; should return all available plans from database" time="0.003377333">
        </testcase>
        <testcase classname="tests/unit/backend/billingService.test.js" name="BillingService (Unit) &gt; getPlans &gt; should handle database errors gracefully" time="0.000327833">
        </testcase>
        <testcase classname="tests/unit/backend/billingService.test.js" name="BillingService (Unit) &gt; createPlan &gt; should create a new plan successfully" time="0.000714375">
        </testcase>
        <testcase classname="tests/unit/backend/billingService.test.js" name="BillingService (Unit) &gt; getOrganizationBilling &gt; should return billing info from database" time="0.000610458">
        </testcase>
    </testsuite>
    <testsuite name="tests/unit/backend/emailService.test.js" timestamp="2025-12-12T16:47:07.671Z" hostname="MacBook-Air-Piotr.local" tests="5" failures="0" errors="0" skipped="0" time="0.082726834">
        <testcase classname="tests/unit/backend/emailService.test.js" name="Backend Service Test: EmailService &gt; sendEmail &gt; sends email with default config" time="0.001639458">
        </testcase>
        <testcase classname="tests/unit/backend/emailService.test.js" name="Backend Service Test: EmailService &gt; sendEmail &gt; uses SMTP settings from database" time="0.053026541">
        </testcase>
        <testcase classname="tests/unit/backend/emailService.test.js" name="Backend Service Test: EmailService &gt; sendEmail &gt; handles database errors gracefully" time="0.000996208">
        </testcase>
        <testcase classname="tests/unit/backend/emailService.test.js" name="Backend Service Test: EmailService &gt; sendEmail &gt; logs email details" time="0.000697292">
        </testcase>
        <testcase classname="tests/unit/backend/emailService.test.js" name="Backend Service Test: EmailService &gt; sendEmail &gt; uses environment variables when database settings are missing" time="0.000904041">
        </testcase>
    </testsuite>
    <testsuite name="tests/unit/backend/feedbackService.test.js" timestamp="2025-12-12T16:47:07.671Z" hostname="MacBook-Air-Piotr.local" tests="6" failures="0" errors="0" skipped="0" time="0.653915792">
        <testcase classname="tests/unit/backend/feedbackService.test.js" name="Backend Service Test: FeedbackService &gt; saveFeedback &gt; saves feedback with all parameters" time="0.102988292">
        </testcase>
        <testcase classname="tests/unit/backend/feedbackService.test.js" name="Backend Service Test: FeedbackService &gt; saveFeedback &gt; saves feedback without correction" time="0.102070125">
        </testcase>
        <testcase classname="tests/unit/backend/feedbackService.test.js" name="Backend Service Test: FeedbackService &gt; getLearningExamples &gt; retrieves learning examples for context" time="0.129360166">
        </testcase>
        <testcase classname="tests/unit/backend/feedbackService.test.js" name="Backend Service Test: FeedbackService &gt; getLearningExamples &gt; handles empty results" time="0.028386542">
        </testcase>
        <testcase classname="tests/unit/backend/feedbackService.test.js" name="Backend Service Test: FeedbackService &gt; getLearningExamples &gt; handles database errors gracefully" time="0.000678">
        </testcase>
        <testcase classname="tests/unit/backend/feedbackService.test.js" name="Backend Service Test: FeedbackService &gt; getLearningExamples &gt; only returns examples with rating &gt;= 4" time="0.102229583">
        </testcase>
    </testsuite>
    <testsuite name="tests/unit/backend/financialService.test.js" timestamp="2025-12-12T16:47:07.671Z" hostname="MacBook-Air-Piotr.local" tests="10" failures="0" errors="0" skipped="0" time="0.004332542">
        <testcase classname="tests/unit/backend/financialService.test.js" name="Backend Service Test: FinancialService &gt; estimateCost &gt; returns correct cost for High complexity" time="0.000803833">
        </testcase>
        <testcase classname="tests/unit/backend/financialService.test.js" name="Backend Service Test: FinancialService &gt; estimateCost &gt; returns correct cost for Medium complexity" time="0.000122042">
        </testcase>
        <testcase classname="tests/unit/backend/financialService.test.js" name="Backend Service Test: FinancialService &gt; estimateCost &gt; returns correct cost for Low complexity" time="0.000068083">
        </testcase>
        <testcase classname="tests/unit/backend/financialService.test.js" name="Backend Service Test: FinancialService &gt; estimateBenefit &gt; calculates benefit for High priority" time="0.000089792">
        </testcase>
        <testcase classname="tests/unit/backend/financialService.test.js" name="Backend Service Test: FinancialService &gt; estimateBenefit &gt; calculates benefit for Medium priority" time="0.000077083">
        </testcase>
        <testcase classname="tests/unit/backend/financialService.test.js" name="Backend Service Test: FinancialService &gt; estimateBenefit &gt; calculates benefit for Low priority" time="0.000078333">
        </testcase>
        <testcase classname="tests/unit/backend/financialService.test.js" name="Backend Service Test: FinancialService &gt; estimateBenefit &gt; returns High benefit range for large benefits" time="0.000046334">
        </testcase>
        <testcase classname="tests/unit/backend/financialService.test.js" name="Backend Service Test: FinancialService &gt; simulatePortfolio &gt; calculates portfolio economics correctly" time="0.000874209">
        </testcase>
        <testcase classname="tests/unit/backend/financialService.test.js" name="Backend Service Test: FinancialService &gt; simulatePortfolio &gt; handles empty portfolio" time="0.000349208">
        </testcase>
        <testcase classname="tests/unit/backend/financialService.test.js" name="Backend Service Test: FinancialService &gt; simulatePortfolio &gt; uses custom revenue base" time="0.000176125">
        </testcase>
    </testsuite>
    <testsuite name="tests/unit/backend/knowledgeService.test.js" timestamp="2025-12-12T16:47:07.672Z" hostname="MacBook-Air-Piotr.local" tests="11" failures="0" errors="0" skipped="0" time="0.141081708">
        <testcase classname="tests/unit/backend/knowledgeService.test.js" name="KnowledgeService - Integration &gt; Candidate Management &gt; should add a candidate idea without throwing" time="0.001560333">
        </testcase>
        <testcase classname="tests/unit/backend/knowledgeService.test.js" name="KnowledgeService - Integration &gt; Candidate Management &gt; should get candidates without throwing" time="0.000476375">
        </testcase>
        <testcase classname="tests/unit/backend/knowledgeService.test.js" name="KnowledgeService - Integration &gt; Strategies &gt; should add a global strategy without throwing" time="0.00041525">
        </testcase>
        <testcase classname="tests/unit/backend/knowledgeService.test.js" name="KnowledgeService - Integration &gt; Strategies &gt; should get active strategies without throwing" time="0.000450708">
        </testcase>
        <testcase classname="tests/unit/backend/knowledgeService.test.js" name="KnowledgeService - Integration &gt; Client Context &gt; should set and get client context" time="0.001622875">
        </testcase>
        <testcase classname="tests/unit/backend/knowledgeService.test.js" name="KnowledgeService - Integration &gt; Client Context &gt; should update existing client context" time="0.000639375">
        </testcase>
        <testcase classname="tests/unit/backend/knowledgeService.test.js" name="KnowledgeService - Integration &gt; Candidate Status &gt; should update candidate status" time="0.000314125">
        </testcase>
        <testcase classname="tests/unit/backend/knowledgeService.test.js" name="KnowledgeService - Integration &gt; Process Document (RAG) &gt; should process document chunks" time="0.02035425">
        </testcase>
        <testcase classname="tests/unit/backend/knowledgeService.test.js" name="KnowledgeService - Integration &gt; Access Control &gt; should restrict user access to project docs" time="0.004608292">
        </testcase>
        <testcase classname="tests/unit/backend/knowledgeService.test.js" name="KnowledgeService - Integration &gt; Strategies Toggle &gt; should toggle strategy active status" time="0.002812875">
        </testcase>
        <testcase classname="tests/unit/backend/knowledgeService.test.js" name="KnowledgeService - Integration &gt; Document Lifecycle &gt; should soft delete document" time="0.00495475">
        </testcase>
    </testsuite>
    <testsuite name="tests/unit/backend/ragService.test.js" timestamp="2025-12-12T16:47:07.672Z" hostname="MacBook-Air-Piotr.local" tests="5" failures="0" errors="0" skipped="0" time="0.146915917">
        <testcase classname="tests/unit/backend/ragService.test.js" name="RagService - Integration &gt; generateEmbedding &gt; should return null if no provider configured in database" time="0.043487792">
            <system-out>
[DB:qhs382] Initializing database at :memory:
Connected to the SQLite database.
Created billing tables and seeded default subscription plans.
Seeded SuperAdmin and DBR77 Users.

            </system-out>
        </testcase>
        <testcase classname="tests/unit/backend/ragService.test.js" name="RagService - Integration &gt; getContext &gt; should return context string without throwing" time="0.038137625">
            <system-out>
Projects table created successfully (or already exists).

Database initialization complete.

            </system-out>
        </testcase>
        <testcase classname="tests/unit/backend/ragService.test.js" name="RagService - Integration &gt; getContext &gt; should accept limit parameter" time="0.001206167">
        </testcase>
        <testcase classname="tests/unit/backend/ragService.test.js" name="RagService - Integration &gt; getContextKeyword &gt; should perform keyword search without throwing" time="0.000543084">
        </testcase>
        <testcase classname="tests/unit/backend/ragService.test.js" name="RagService - Integration &gt; getAxisDefinitions &gt; should retrieve axis definitions without throwing" time="0.001327625">
        </testcase>
    </testsuite>
    <testsuite name="tests/unit/backend/tokenBillingService.test.js" timestamp="2025-12-12T16:47:07.673Z" hostname="MacBook-Air-Piotr.local" tests="16" failures="0" errors="0" skipped="0" time="0.337797167">
        <testcase classname="tests/unit/backend/tokenBillingService.test.js" name="TokenBillingService - Integration &gt; Margins &gt; should get margins without throwing" time="0.001609708">
        </testcase>
        <testcase classname="tests/unit/backend/tokenBillingService.test.js" name="TokenBillingService - Integration &gt; Margins &gt; should get specific margin by source type" time="0.000397042">
        </testcase>
        <testcase classname="tests/unit/backend/tokenBillingService.test.js" name="TokenBillingService - Integration &gt; Packages &gt; should get packages without throwing" time="0.000278917">
        </testcase>
        <testcase classname="tests/unit/backend/tokenBillingService.test.js" name="TokenBillingService - Integration &gt; Packages &gt; should upsert package without throwing" time="0.001240333">
        </testcase>
        <testcase classname="tests/unit/backend/tokenBillingService.test.js" name="TokenBillingService - Integration &gt; Balance &gt; should get balance without throwing" time="0.000316375">
        </testcase>
        <testcase classname="tests/unit/backend/tokenBillingService.test.js" name="TokenBillingService - Integration &gt; Balance &gt; should ensure balance creates record" time="0.000328167">
        </testcase>
        <testcase classname="tests/unit/backend/tokenBillingService.test.js" name="TokenBillingService - Integration &gt; Balance &gt; should credit tokens to user" time="0.000880459">
        </testcase>
        <testcase classname="tests/unit/backend/tokenBillingService.test.js" name="TokenBillingService - Integration &gt; Balance Check &gt; should check sufficient balance" time="0.000224042">
        </testcase>
        <testcase classname="tests/unit/backend/tokenBillingService.test.js" name="TokenBillingService - Integration &gt; Margin Updates &gt; should update margin and persist changes" time="0.000445875">
        </testcase>
        <testcase classname="tests/unit/backend/tokenBillingService.test.js" name="TokenBillingService - Integration &gt; Token Deduction / Usage &gt; should deduct tokens correctly for platform usage" time="0.002461584">
        </testcase>
        <testcase classname="tests/unit/backend/tokenBillingService.test.js" name="TokenBillingService - Integration &gt; Token Deduction / Usage &gt; should handle markup multipliers" time="0.001314625">
        </testcase>
        <testcase classname="tests/unit/backend/tokenBillingService.test.js" name="TokenBillingService - Integration &gt; User API Keys (BYOK) &gt; should add, get and delete user API keys" time="0.096273958">
        </testcase>
        <testcase classname="tests/unit/backend/tokenBillingService.test.js" name="TokenBillingService - Integration &gt; Source Determination &gt; should prefer BYOK if available and requested" time="0.131358333">
        </testcase>
        <testcase classname="tests/unit/backend/tokenBillingService.test.js" name="TokenBillingService - Integration &gt; Source Determination &gt; should fallback to platform if no BYOK key" time="0.001023875">
        </testcase>
        <testcase classname="tests/unit/backend/tokenBillingService.test.js" name="TokenBillingService - Integration &gt; Analytics &gt; should retrieve revenue analytics" time="0.00044925">
        </testcase>
        <testcase classname="tests/unit/backend/tokenBillingService.test.js" name="TokenBillingService - Integration &gt; Analytics &gt; should retrieve transactions for user" time="0.001653459">
        </testcase>
    </testsuite>
    <testsuite name="tests/unit/backend/usageService.test.js" timestamp="2025-12-12T16:47:07.673Z" hostname="MacBook-Air-Piotr.local" tests="4" failures="0" errors="0" skipped="0" time="0.13977475">
        <testcase classname="tests/unit/backend/usageService.test.js" name="UsageService - Integration &gt; Record Usage &gt; should record token usage without throwing" time="0.00098175">
        </testcase>
        <testcase classname="tests/unit/backend/usageService.test.js" name="UsageService - Integration &gt; Record Usage &gt; should record storage usage without throwing" time="0.000306208">
        </testcase>
        <testcase classname="tests/unit/backend/usageService.test.js" name="UsageService - Integration &gt; Get Usage &gt; should get current usage without throwing" time="0.001390375">
        </testcase>
        <testcase classname="tests/unit/backend/usageService.test.js" name="UsageService - Integration &gt; Check Quota &gt; should check quota without throwing" time="0.0008895">
        </testcase>
    </testsuite>
    <testsuite name="tests/unit/backend/middleware/authMiddleware.test.js" timestamp="2025-12-12T16:47:07.674Z" hostname="MacBook-Air-Piotr.local" tests="6" failures="0" errors="0" skipped="4" time="0.005710292">
        <testcase classname="tests/unit/backend/middleware/authMiddleware.test.js" name="AuthMiddleware &gt; should return 403 if no token provided" time="0.00407975">
        </testcase>
        <testcase classname="tests/unit/backend/middleware/authMiddleware.test.js" name="AuthMiddleware &gt; should return 401 if token expired" time="0">
            <skipped/>
        </testcase>
        <testcase classname="tests/unit/backend/middleware/authMiddleware.test.js" name="AuthMiddleware &gt; should return 401 if token invalid" time="0.000906875">
        </testcase>
        <testcase classname="tests/unit/backend/middleware/authMiddleware.test.js" name="AuthMiddleware &gt; should call next() if token valid and no revocation check needed (no jti)" time="0">
            <skipped/>
        </testcase>
        <testcase classname="tests/unit/backend/middleware/authMiddleware.test.js" name="AuthMiddleware &gt; should check revocation if jti is present" time="0">
            <skipped/>
        </testcase>
        <testcase classname="tests/unit/backend/middleware/authMiddleware.test.js" name="AuthMiddleware &gt; should return 401 if token is revoked" time="0">
            <skipped/>
        </testcase>
    </testsuite>
</testsuites>
