<?xml version="1.0" encoding="UTF-8" ?>
<testsuites name="vitest tests" tests="5" failures="4" errors="0" time="0.075456166">
    <testsuite name="tests/backend/onboarding.test.js" timestamp="2025-12-21T10:40:21.211Z" hostname="MacBook-Pro-Piotr.local" tests="5" failures="4" errors="0" skipped="0" time="0.075456166">
        <testcase classname="tests/backend/onboarding.test.js" name="Onboarding Service Verification &gt; saveContext &gt; Should validate and update organization context" time="0.003435917">
            <failure message="expected &quot;runAsync&quot; to be called with arguments: [ Database{ …(5) }, …(2) ][90m

Number of calls: [1m0[22m
[39m" type="AssertionError">
AssertionError: expected &quot;runAsync&quot; to be called with arguments: [ Database{ …(5) }, …(2) ]

Number of calls: 0

 ❯ tests/backend/onboarding.test.js:38:33
            </failure>
        </testcase>
        <testcase classname="tests/backend/onboarding.test.js" name="Onboarding Service Verification &gt; saveContext &gt; Should reject context without required fields" time="0.000688084">
        </testcase>
        <testcase classname="tests/backend/onboarding.test.js" name="Onboarding Service Verification &gt; generatePlan &gt; Should fetch context and call AI Service" time="0.000377417">
            <failure message="Organization not found" type="Error">
Error: Organization not found
 ❯ Object.generatePlan server/services/onboardingService.js:100:25
 ❯ tests/backend/onboarding.test.js:74:28

⎯⎯⎯⎯⎯⎯⎯⎯⎯⎯⎯⎯⎯⎯⎯⎯⎯⎯⎯⎯⎯⎯⎯⎯⎯⎯⎯⎯⎯⎯⎯⎯⎯⎯⎯⎯⎯⎯⎯⎯⎯⎯⎯⎯⎯⎯⎯⎯⎯⎯⎯⎯⎯⎯⎯⎯⎯⎯⎯⎯⎯⎯⎯⎯⎯⎯⎯⎯⎯⎯⎯⎯⎯⎯⎯⎯⎯⎯⎯⎯⎯⎯⎯⎯⎯⎯⎯⎯⎯⎯⎯⎯⎯⎯⎯⎯⎯⎯⎯⎯⎯⎯⎯⎯⎯⎯⎯⎯⎯⎯⎯⎯⎯⎯⎯⎯⎯⎯⎯⎯⎯⎯⎯⎯⎯⎯⎯⎯⎯⎯⎯⎯⎯⎯⎯⎯⎯⎯⎯⎯⎯⎯⎯⎯⎯⎯⎯⎯⎯⎯⎯⎯⎯⎯⎯⎯⎯⎯⎯⎯⎯
Serialized Error: { statusCode: 404 }
            </failure>
        </testcase>
        <testcase classname="tests/backend/onboarding.test.js" name="Onboarding Service Verification &gt; acceptPlan &gt; Should create initiatives with idempotency" time="0.000643792">
            <failure message="Organization not found" type="Error">
Error: Organization not found
 ❯ server/services/onboardingService.js:188:29
 ❯ withTransaction server/db/sqliteAsync.js:68:24
 ❯ Object.acceptPlan server/services/onboardingService.js:179:16
 ❯ tests/backend/onboarding.test.js:105:28

⎯⎯⎯⎯⎯⎯⎯⎯⎯⎯⎯⎯⎯⎯⎯⎯⎯⎯⎯⎯⎯⎯⎯⎯⎯⎯⎯⎯⎯⎯⎯⎯⎯⎯⎯⎯⎯⎯⎯⎯⎯⎯⎯⎯⎯⎯⎯⎯⎯⎯⎯⎯⎯⎯⎯⎯⎯⎯⎯⎯⎯⎯⎯⎯⎯⎯⎯⎯⎯⎯⎯⎯⎯⎯⎯⎯⎯⎯⎯⎯⎯⎯⎯⎯⎯⎯⎯⎯⎯⎯⎯⎯⎯⎯⎯⎯⎯⎯⎯⎯⎯⎯⎯⎯⎯⎯⎯⎯⎯⎯⎯⎯⎯⎯⎯⎯⎯⎯⎯⎯⎯⎯⎯⎯⎯⎯⎯⎯⎯⎯⎯⎯⎯⎯⎯⎯⎯⎯⎯⎯⎯⎯⎯⎯⎯⎯⎯⎯⎯⎯⎯⎯⎯⎯⎯⎯⎯⎯⎯⎯⎯
Serialized Error: { statusCode: 404 }
            </failure>
        </testcase>
        <testcase classname="tests/backend/onboarding.test.js" name="Onboarding Service Verification &gt; acceptPlan &gt; Should be idempotent on duplicate request" time="0.000417417">
            <failure message="Organization not found" type="Error">
Error: Organization not found
 ❯ server/services/onboardingService.js:188:29
 ❯ withTransaction server/db/sqliteAsync.js:68:24
 ❯ Object.acceptPlan server/services/onboardingService.js:179:16
 ❯ tests/backend/onboarding.test.js:124:28

⎯⎯⎯⎯⎯⎯⎯⎯⎯⎯⎯⎯⎯⎯⎯⎯⎯⎯⎯⎯⎯⎯⎯⎯⎯⎯⎯⎯⎯⎯⎯⎯⎯⎯⎯⎯⎯⎯⎯⎯⎯⎯⎯⎯⎯⎯⎯⎯⎯⎯⎯⎯⎯⎯⎯⎯⎯⎯⎯⎯⎯⎯⎯⎯⎯⎯⎯⎯⎯⎯⎯⎯⎯⎯⎯⎯⎯⎯⎯⎯⎯⎯⎯⎯⎯⎯⎯⎯⎯⎯⎯⎯⎯⎯⎯⎯⎯⎯⎯⎯⎯⎯⎯⎯⎯⎯⎯⎯⎯⎯⎯⎯⎯⎯⎯⎯⎯⎯⎯⎯⎯⎯⎯⎯⎯⎯⎯⎯⎯⎯⎯⎯⎯⎯⎯⎯⎯⎯⎯⎯⎯⎯⎯⎯⎯⎯⎯⎯⎯⎯⎯⎯⎯⎯⎯⎯⎯⎯⎯⎯⎯
Serialized Error: { statusCode: 404 }
            </failure>
        </testcase>
    </testsuite>
</testsuites>
