{"numTotalTestSuites":781,"numPassedTestSuites":656,"numFailedTestSuites":125,"numPendingTestSuites":0,"numTotalTests":983,"numPas    <testsuite name="tests/integration/MyWorkWorkflow.test.tsx" timestamp="2026-01-20T19:45:58.546Z" hostname="MacBook-Pro-Piotr.local" tests="5" failures="0" errors="0" skipped="0" time="0.002338666">
        <testcase classname="tests/integration/MyWorkWorkflow.test.tsx" name="MyWork Workflow &gt; should display task list" time="0.000840834">
        </testcase>
        <testcase classname="tests/integration/MyWorkWorkflow.test.tsx" name="MyWork Workflow &gt; should filter by status" time="0.000218583">
        </testcase>
        <testcase classname="tests/integration/MyWorkWorkflow.test.tsx" name="MyWork Workflow &gt; should update task status" time="0.000110375">
        </testcase>
        <testcase classname="tests/integration/MyWorkWorkflow.test.tsx" name="MyWork Workflow &gt; should handle task assignment" time="0.000136958">
        </testcase>
        <testcase classname="tests/integration/MyWorkWorkflow.test.tsx" name="MyWork Workflow &gt; should show task details" time="0.000118">
        </testcase>
    </testsuite>
    <testsuite name="tests/integration/actionDecision.test.js" timestamp="2026-01-20T19:45:58.547Z" hostname="MacBook-Pro-Piotr.local" tests="9" failures="0" errors="0" skipped="0" time="0.048683125">
        <testcase classname="tests/integration/actionDecision.test.js" name="Action Decisions API Integration &gt; POST /api/ai/actions/decide - Access Control &gt; should return 401 without auth token" time="0.013165375">
        </testcase>
        <testcase classname="tests/integration/actionDecision.test.js" name="Action Decisions API Integration &gt; POST /api/ai/actions/decide - Access Control &gt; should return 403 for non-admin users" time="0.001645708">
        </testcase>
        <testcase classname="tests/integration/actionDecision.test.js" name="Action Decisions API Integration &gt; POST /api/ai/actions/decide - Access Control &gt; should reject invalid decision types" time="0.001166792">
        </testcase>
        <testcase classname="tests/integration/actionDecision.test.js" name="Action Decisions API Integration &gt; POST /api/ai/actions/decide - Access Control &gt; should return 404 for non-existent proposal" time="0.001045">
        </testcase>
        <testcase classname="tests/integration/actionDecision.test.js" name="Action Decisions API Integration &gt; POST /api/ai/actions/decide - Access Control &gt; should create decision for valid request" time="0.001069334">
        </testcase>
        <testcase classname="tests/integration/actionDecision.test.js" name="Action Decisions API Integration &gt; POST /api/ai/actions/decide - Access Control &gt; should block access to other organization proposals" time="0.000857334">
        </testcase>
        <testcase classname="tests/integration/actionDecision.test.js" name="Action Decisions API Integration &gt; GET /api/ai/actions/audit - Access Control &gt; should return 401 without auth token" time="0.001164416">
        </testcase>
        <testcase classname="tests/integration/actionDecision.test.js" name="Action Decisions API Integration &gt; GET /api/ai/actions/audit - Access Control &gt; should return 403 for non-admin users" time="0.0009795">
        </testcase>
        <testcase classname="tests/integration/actionDecision.test.js" name="Action Decisions API Integration &gt; GET /api/ai/actions/audit - Access Control &gt; should return audit log for admin" time="0.000976333">
        </testcase>
    </testsuite>
    <testsuite name="tests/integration/actionExecution.test.js" timestamp="2026-01-20T19:45:58.548Z" hostname="MacBook-Pro-Piotr.local" tests="6" failures="0" errors="0" skipped="0" time="0.04617075">
        <testcase classname="tests/integration/actionExecution.test.js" name="Action Execution Integration &gt; should successfully execute an APPROVED TASK_CREATE action" time="0.013147917">
        </testcase>
        <testcase classname="tests/integration/actionExecution.test.js" name="Action Execution Integration &gt; should return idempotent_replay: true on second execution" time="0.001630833">
        </testcase>
        <testcase classname="tests/integration/actionExecution.test.js" name="Action Execution Integration &gt; should reject execution of REJECTED decision with 400" time="0.001264167">
        </testcase>
        <testcase classname="tests/integration/actionExecution.test.js" name="Action Execution Integration &gt; should return 403 for proposal of another organization" time="0.001022042">
        </testcase>
        <testcase classname="tests/integration/actionExecution.test.js" name="Action Execution Integration &gt; should return mock metadata for MEETING_SCHEDULE" time="0.001118958">
        </testcase>
        <testcase classname="tests/integration/actionExecution.test.js" name="Action Execution Integration &gt; should return 401 without auth token" time="0.001170583">
        </testcase>
    </testsuite>
    <testsuite name="tests/integration/ai-enterprise-verification.test.js" timestamp="2026-01-20T19:45:58.548Z" hostname="MacBook-Pro-Piotr.local" tests="8" failures="0" errors="0" skipped="0" time="0.050548334">
        <testcase classname="tests/integration/ai-enterprise-verification.test.js" name="AI Enterprise Verification &gt; AI Policy Management &gt; should get AI policy" time="0.010183167">
        </testcase>
        <testcase classname="tests/integration/ai-enterprise-verification.test.js" name="AI Enterprise Verification &gt; AI Policy Management &gt; should update AI policy" time="0.00587925">
        </testcase>
        <testcase classname="tests/integration/ai-enterprise-verification.test.js" name="AI Enterprise Verification &gt; AI Policy Management &gt; should require authentication" time="0.001399459">
        </testcase>
        <testcase classname="tests/integration/ai-enterprise-verification.test.js" name="AI Enterprise Verification &gt; AI Usage Tracking &gt; should track token usage" time="0.001639875">
        </testcase>
        <testcase classname="tests/integration/ai-enterprise-verification.test.js" name="AI Enterprise Verification &gt; AI Usage Tracking &gt; should enforce quotas" time="0.00159675">
        </testcase>
        <testcase classname="tests/integration/ai-enterprise-verification.test.js" name="AI Enterprise Verification &gt; AI Access Control &gt; should check permissions" time="0.00107875">
        </testcase>
        <testcase classname="tests/integration/ai-enterprise-verification.test.js" name="AI Enterprise Verification &gt; AI Access Control &gt; should handle demo mode" time="0.000954583">
        </testcase>
        <testcase classname="tests/integration/ai-enterprise-verification.test.js" name="AI Enterprise Verification &gt; AI Response Quality &gt; should validate response format" time="0.001319">
        </testcase>
    </testsuite>
    <testsuite name="tests/integration/aiExplainability.test.js" timestamp="2026-01-20T19:45:58.549Z" hostname="MacBook-Pro-Piotr.local" tests="14" failures="0" errors="0" skipped="0" time="0.050549125">
        <testcase classname="tests/integration/aiExplainability.test.js" name="AI Explainability API Integration &gt; GET /api/ai/explain/:entityType/:id - Access Control &gt; should block unauthorized users (no token)" time="0.010250167">
        </testcase>
        <testcase classname="tests/integration/aiExplainability.test.js" name="AI Explainability API Integration &gt; GET /api/ai/explain/:entityType/:id - Access Control &gt; should reject invalid entity types" time="0.001665">
        </testcase>
        <testcase classname="tests/integration/aiExplainability.test.js" name="AI Explainability API Integration &gt; GET /api/ai/explain/:entityType/:id - Access Control &gt; should return empty explanation for non-existent entity" time="0.001258167">
        </testcase>
        <testcase classname="tests/integration/aiExplainability.test.js" name="AI Explainability API Integration &gt; GET /api/ai/explain/:entityType/:id - Access Control &gt; should return explanation for existing entity" time="0.001298292">
        </testcase>
        <testcase classname="tests/integration/aiExplainability.test.js" name="AI Explainability API Integration &gt; GET /api/ai/explain/:entityType/:id/export &gt; should block unauthorized users" time="0.001514084">
        </testcase>
        <testcase classname="tests/integration/aiExplainability.test.js" name="AI Explainability API Integration &gt; GET /api/ai/explain/:entityType/:id/export &gt; should reject invalid format" time="0.001121708">
        </testcase>
        <testcase classname="tests/integration/aiExplainability.test.js" name="AI Explainability API Integration &gt; GET /api/ai/explain/:entityType/:id/export &gt; should return JSON export with correct structure" time="0.001010375">
        </testcase>
        <testcase classname="tests/integration/aiExplainability.test.js" name="AI Explainability API Integration &gt; GET /api/ai/explain/:entityType/:id/export &gt; should include render_options for PDF format" time="0.001098042">
        </testcase>
        <testcase classname="tests/integration/aiExplainability.test.js" name="AI Explainability API Integration &gt; POST /api/ai/explain/:entityType/:id/export/pdf &gt; should block unauthorized users" time="0.001185709">
        </testcase>
        <testcase classname="tests/integration/aiExplainability.test.js" name="AI Explainability API Integration &gt; POST /api/ai/explain/:entityType/:id/export/pdf &gt; should return PDF-ready JSON" time="0.00121225">
        </testcase>
        <testcase classname="tests/integration/aiExplainability.test.js" name="AI Explainability API Integration &gt; Organization Isolation &gt; should isolate evidence by organization" time="0.000902333">
        </testcase>
        <testcase classname="tests/integration/aiExplainability.test.js" name="AI Explainability API Integration &gt; Organization Isolation &gt; should return evidence for same organization" time="0.000800834">
        </testcase>
        <testcase classname="tests/integration/aiExplainability.test.js" name="AI Explainability API Integration &gt; Evidence Check &gt; should return has_evidence: false for entity without evidence" time="0.00073825">
        </testcase>
        <testcase classname="tests/integration/aiExplainability.test.js" name="AI Explainability API Integration &gt; Evidence Check &gt; should return has_evidence: true for entity with evidence" time="0.000695833">
        </testcase>
    </testsuite>
    <testsuite name="tests/integration/aiFailure.test.js" timestamp="2026-01-20T19:45:58.550Z" hostname="MacBook-Pro-Piotr.local" tests="7" failures="0" errors="0" skipped="0" time="0.052130542">
        <testcase classname="tests/integration/aiFailure.test.js" name="AI Failure Resilience &gt; PMO Routes Without AI &gt; should return initiatives even when AI service fails" time="0.014838125">
        </testcase>
        <testcase classname="tests/integration/aiFailure.test.js" name="AI Failure Resilience &gt; PMO Routes Without AI &gt; should return tasks when AI context fails" time="0.001679208">
        </testcase>
        <testcase classname="tests/integration/aiFailure.test.js" name="AI Failure Resilience &gt; PMO Routes Without AI &gt; should serve My Work aggregation without AI" time="0.001293833">
        </testcase>
        <testcase classname="tests/integration/aiFailure.test.js" name="AI Failure Resilience &gt; Graceful Degradation &gt; should return fallback context when AI memory fails" time="0.002405541">
        </testcase>
        <testcase classname="tests/integration/aiFailure.test.js" name="AI Failure Resilience &gt; Graceful Degradation &gt; should return full context when AI is available" time="0.00153125">
        </testcase>
        <testcase classname="tests/integration/aiFailure.test.js" name="AI Failure Resilience &gt; Auth Requirements &gt; should return 401 for initiatives without auth" time="0.001211833">
        </testcase>
        <testcase classname="tests/integration/aiFailure.test.js" name="AI Failure Resilience &gt; Auth Requirements &gt; should return 401 for my-work without auth" time="0.001152209">
        </testcase>
    </testsuite>
    <testsuite name="tests/integration/aiLayersIntegration.test.js" timestamp="2026-01-20T19:45:58.550Z" hostname="MacBook-Pro-Piotr.local" tests="13" failures="2" errors="0" skipped="0" time="0.5856895">
        <testcase classname="tests/integration/aiLayersIntegration.test.js" name="AI Layers Integration &gt; AI Drafts (Controlled AI Operations) &gt; should return 401 without auth for drafts list" time="0.007205541">
            <system-out>
2026-01-20 14:44:30:4430 [35mhttp[39m: [35mGET /api/ai-drafts[39m
2026-01-20 14:44:30:4430 [32minfo[39m: [32m[Index] Pre-Gateway: GET /api/ai-drafts[39m

2026-01-20 14:44:30:4430 [33mwarn[39m: [33mPerformance metric[39m {&quot;method&quot;:&quot;GET&quot;,&quot;path&quot;:&quot;/api/ai-drafts&quot;,&quot;statusCode&quot;:404,&quot;responseTime&quot;:1,&quot;dbQueryCount&quot;:0,&quot;dbQueryTime&quot;:0,&quot;memoryDelta&quot;:{&quot;heapUsed&quot;:100536,&quot;external&quot;:293,&quot;rss&quot;:16384},&quot;userId&quot;:null,&quot;organizationId&quot;:null,&quot;isSlow&quot;:false,&quot;isError&quot;:true}

2026-01-20 14:44:30:4430 [35mhttp[39m: [35mGET /api/ai-drafts[39m
2026-01-20 14:44:30:4430 [32minfo[39m: [32m[Index] Pre-Gateway: GET /api/ai-drafts[39m

2026-01-20 14:44:30:4430 [33mwarn[39m: [33mPerformance metric[39m {&quot;method&quot;:&quot;GET&quot;,&quot;path&quot;:&quot;/api/ai-drafts&quot;,&quot;statusCode&quot;:404,&quot;responseTime&quot;:0,&quot;dbQueryCount&quot;:0,&quot;dbQueryTime&quot;:0,&quot;memoryDelta&quot;:{&quot;heapUsed&quot;:95608,&quot;external&quot;:293,&quot;rss&quot;:49152},&quot;userId&quot;:null,&quot;organizationId&quot;:null,&quot;isSlow&quot;:false,&quot;isError&quot;:true}

            </system-out>
            <failure message="expected [ 401, 403 ] to include 404" type="AssertionError">
AssertionError: expected [ 401, 403 ] to include 404
 ❯ tests/integration/aiLayersIntegration.test.js:75:26
            </failure>
            <failure message="expected [ 401, 403 ] to include 404" type="AssertionError">
AssertionError: expected [ 401, 403 ] to include 404
 ❯ tests/integration/aiLayersIntegration.test.js:75:26
            </failure>
        </testcase>
        <testcase classname="tests/integration/aiLayersIntegration.test.js" name="AI Layers Integration &gt; AI Drafts (Controlled AI Operations) &gt; should get pending AI drafts with auth" time="0.000234333">
        </testcase>
        <testcase classname="tests/integration/aiLayersIntegration.test.js" name="AI Layers Integration &gt; AI Drafts (Controlled AI Operations) &gt; should get user draft stats" time="0.0002765">
        </testcase>
        <testcase classname="tests/integration/aiLayersIntegration.test.js" name="AI Layers Integration &gt; AI Nudges (Proactive Intelligence) &gt; should return 401 without auth for pending nudges" time="0.00341625">
            <system-out>
2026-01-20 14:44:30:4430 [35mhttp[39m: [35mGET /api/ai/nudges/pending[39m
2026-01-20 14:44:30:4430 [32minfo[39m: [32m[Index] Pre-Gateway: GET /api/ai/nudges/pending[39m

2026-01-20 14:44:30:4430 [33mwarn[39m: [33mPerformance metric[39m {&quot;method&quot;:&quot;GET&quot;,&quot;path&quot;:&quot;/api/ai/nudges/pending&quot;,&quot;statusCode&quot;:404,&quot;responseTime&quot;:1,&quot;dbQueryCount&quot;:0,&quot;dbQueryTime&quot;:0,&quot;memoryDelta&quot;:{&quot;heapUsed&quot;:220992,&quot;external&quot;:309,&quot;rss&quot;:0},&quot;userId&quot;:null,&quot;organizationId&quot;:null,&quot;isSlow&quot;:false,&quot;isError&quot;:true}

2026-01-20 14:44:30:4430 [35mhttp[39m: [35mGET /api/ai/nudges/pending[39m
2026-01-20 14:44:30:4430 [32minfo[39m: [32m[Index] Pre-Gateway: GET /api/ai/nudges/pending[39m

2026-01-20 14:44:30:4430 [33mwarn[39m: [33mPerformance metric[39m {&quot;method&quot;:&quot;GET&quot;,&quot;path&quot;:&quot;/api/ai/nudges/pending&quot;,&quot;statusCode&quot;:404,&quot;responseTime&quot;:0,&quot;dbQueryCount&quot;:0,&quot;dbQueryTime&quot;:0,&quot;memoryDelta&quot;:{&quot;heapUsed&quot;:99904,&quot;external&quot;:309,&quot;rss&quot;:114688},&quot;userId&quot;:null,&quot;organizationId&quot;:null,&quot;isSlow&quot;:false,&quot;isError&quot;:true}

            </system-out>
            <failure message="expected [ 401, 403 ] to include 404" type="AssertionError">
AssertionError: expected [ 401, 403 ] to include 404
 ❯ tests/integration/aiLayersIntegration.test.js:105:26
            </failure>
            <failure message="expected [ 401, 403 ] to include 404" type="AssertionError">
AssertionError: expected [ 401, 403 ] to include 404
 ❯ tests/integration/aiLayersIntegration.test.js:105:26
            </failure>
        </testcase>
        <testcase classname="tests/integration/aiLayersIntegration.test.js" name="AI Layers Integration &gt; AI Nudges (Proactive Intelligence) &gt; should get pending nudges with auth" time="0.000221834">
        </testcase>
        <testcase classname="tests/integration/aiLayersIntegration.test.js" name="AI Layers Integration &gt; AI Nudges (Proactive Intelligence) &gt; should track nudge interaction" time="0.000149292">
        </testcase>
        <testcase classname="tests/integration/aiLayersIntegration.test.js" name="AI Layers Integration &gt; AI Nudges (Proactive Intelligence) &gt; should dismiss nudge" time="0.000242792">
        </testcase>
        <testcase classname="tests/integration/aiLayersIntegration.test.js" name="AI Layers Integration &gt; AI Settings (Proactivity Config) &gt; should get proactivity settings" time="0.000163291">
        </testcase>
        <testcase classname="tests/integration/aiLayersIntegration.test.js" name="AI Layers Integration &gt; AI Settings (Proactivity Config) &gt; should get available proactivity modes" time="0.000171667">
        </testcase>
        <testcase classname="tests/integration/aiLayersIntegration.test.js" name="AI Layers Integration &gt; AI Settings (Proactivity Config) &gt; should get effective AI settings" time="0.000180917">
        </testcase>
        <testcase classname="tests/integration/aiLayersIntegration.test.js" name="AI Layers Integration &gt; AI Settings (Proactivity Config) &gt; should get available AI models" time="0.000140542">
        </testcase>
        <testcase classname="tests/integration/aiLayersIntegration.test.js" name="AI Layers Integration &gt; AI Feedback (Fallback Value Learning) &gt; should submit AI feedback" time="0.000170167">
        </testcase>
        <testcase classname="tests/integration/aiLayersIntegration.test.js" name="AI Layers Integration &gt; AI Feedback (Fallback Value Learning) &gt; should get feedback stats" time="0.000150292">
        </testcase>
    </testsuite>
    <testsuite name="tests/integration/aiPlaybookBranching.test.js" timestamp="2026-01-20T19:45:58.552Z" hostname="MacBook-Pro-Piotr.local" tests="6" failures="0" errors="0" skipped="0" time="0.003362791">
        <testcase classname="tests/integration/aiPlaybookBranching.test.js" name="AI Playbook Branching Integration &gt; should execute playbook step with branch selection" time="0.001418292">
        </testcase>
        <testcase classname="tests/integration/aiPlaybookBranching.test.js" name="AI Playbook Branching Integration &gt; should return next steps based on AI decision" time="0.000330375">
        </testcase>
        <testcase classname="tests/integration/aiPlaybookBranching.test.js" name="AI Playbook Branching Integration &gt; should perform dry run without side effects" time="0.000228166">
        </testcase>
        <testcase classname="tests/integration/aiPlaybookBranching.test.js" name="AI Playbook Branching Integration &gt; should return multiple branch options" time="0.000155">
        </testcase>
        <testcase classname="tests/integration/aiPlaybookBranching.test.js" name="AI Playbook Branching Integration &gt; should select safe step in guardrail mode" time="0.000175667">
        </testcase>
        <testcase classname="tests/integration/aiPlaybookBranching.test.js" name="AI Playbook Branching Integration &gt; should track execution history" time="0.000141958">
        </testcase>
    </testsuite>
    <testsuite name="tests/integration/api.test.ts" timestamp="2026-01-20T19:45:58.553Z" hostname="MacBook-Pro-Piotr.local" tests="2" failures="0" errors="0" skipped="0" time="0.39129075">
        <testcase classname="tests/integration/api.test.ts" name="API Integration &gt; GET /ping should return 200 pong" time="0.014028917">
            <system-out>
Testing /ping...

Ping result: [33m200[39m pong

            </system-out>
        </testcase>
        <testcase classname="tests/integration/api.test.ts" name="API Integration &gt; GET /health should return 200 OK" time="0.039638125">
            <system-out>
Testing /api/health...

Health result: [33m200[39m

            </system-out>
        </testcase>
    </testsuite>
    <testsuite name="tests/integration/apiFullFlow.test.js" timestamp="2026-01-20T19:45:58.553Z" hostname="MacBook-Pro-Piotr.local" tests="4" failures="1" errors="0" skipped="0" time="0.310379417">
        <testcase classname="tests/integration/apiFullFlow.test.js" name="API Full Flow Integration &gt; User Registration Flow &gt; should complete user registration flow" time="0.031462625">
            <system-out>
2026-01-20 14:44:39:4439 [35mhttp[39m: [35mPOST /api/auth/register[39m

2026-01-20 14:44:39:4439 [32minfo[39m: [32m[Index] Pre-Gateway: POST /api/auth/register[39m

2026-01-20 14:44:39:4439 [33mwarn[39m: [33mPerformance metric[39m {&quot;method&quot;:&quot;POST&quot;,&quot;path&quot;:&quot;/api/auth/register&quot;,&quot;statusCode&quot;:404,&quot;responseTime&quot;:3,&quot;dbQueryCount&quot;:0,&quot;dbQueryTime&quot;:0,&quot;memoryDelta&quot;:{&quot;heapUsed&quot;:170152,&quot;external&quot;:471,&quot;rss&quot;:344064},&quot;userId&quot;:null,&quot;organizationId&quot;:null,&quot;isSlow&quot;:false,&quot;isError&quot;:true}

2026-01-20 14:44:39:4439 [35mhttp[39m: [35mPOST /api/auth/login[39m

2026-01-20 14:44:39:4439 [32minfo[39m: [32m[Index] Pre-Gateway: POST /api/auth/login[39m
2026-01-20 14:44:39:4439 [32minfo[39m: [32m[Index] Login Request Body:[39m
2026-01-20 14:44:39:4439 [32minfo[39m: [32m[Index] Login Request Headers:[39m

2026-01-20 14:44:39:4439 [33mwarn[39m: [33mPerformance metric[39m {&quot;method&quot;:&quot;POST&quot;,&quot;path&quot;:&quot;/api/auth/login&quot;,&quot;statusCode&quot;:404,&quot;responseTime&quot;:1,&quot;dbQueryCount&quot;:0,&quot;dbQueryTime&quot;:0,&quot;memoryDelta&quot;:{&quot;heapUsed&quot;:563992,&quot;external&quot;:587,&quot;rss&quot;:0},&quot;userId&quot;:null,&quot;organizationId&quot;:null,&quot;isSlow&quot;:false,&quot;isError&quot;:true}

2026-01-20 14:44:39:4439 [35mhttp[39m: [35mPOST /api/auth/register[39m

2026-01-20 14:44:39:4439 [32minfo[39m: [32m[Index] Pre-Gateway: POST /api/auth/register[39m

2026-01-20 14:44:39:4439 [33mwarn[39m: [33mPerformance metric[39m {&quot;method&quot;:&quot;POST&quot;,&quot;path&quot;:&quot;/api/auth/register&quot;,&quot;statusCode&quot;:404,&quot;responseTime&quot;:0,&quot;dbQueryCount&quot;:0,&quot;dbQueryTime&quot;:0,&quot;memoryDelta&quot;:{&quot;heapUsed&quot;:69320,&quot;external&quot;:431,&quot;rss&quot;:0},&quot;userId&quot;:null,&quot;organizationId&quot;:null,&quot;isSlow&quot;:false,&quot;isError&quot;:true}

2026-01-20 14:44:39:4439 [35mhttp[39m: [35mPOST /api/auth/login[39m

2026-01-20 14:44:39:4439 [32minfo[39m: [32m[Index] Pre-Gateway: POST /api/auth/login[39m
2026-01-20 14:44:39:4439 [32minfo[39m: [32m[Index] Login Request Body:[39m
2026-01-20 14:44:39:4439 [32minfo[39m: [32m[Index] Login Request Headers:[39m

2026-01-20 14:44:39:4439 [33mwarn[39m: [33mPerformance metric[39m {&quot;method&quot;:&quot;POST&quot;,&quot;path&quot;:&quot;/api/auth/login&quot;,&quot;statusCode&quot;:404,&quot;responseTime&quot;:0,&quot;dbQueryCount&quot;:0,&quot;dbQueryTime&quot;:0,&quot;memoryDelta&quot;:{&quot;heapUsed&quot;:83888,&quot;external&quot;:587,&quot;rss&quot;:0},&quot;userId&quot;:null,&quot;organizationId&quot;:null,&quot;isSlow&quot;:false,&quot;isError&quot;:true}

            </system-out>
            <failure message="expected [ 200, 401, 403 ] to include 404" type="AssertionError">
AssertionError: expected [ 200, 401, 403 ] to include 404
 ❯ tests/integration/apiFullFlow.test.js:92:31
            </failure>
            <failure message="expected [ 200, 401, 403 ] to include 404" type="AssertionError">
AssertionError: expected [ 200, 401, 403 ] to include 404
 ❯ tests/integration/apiFullFlow.test.js:92:31
            </failure>
        </testcase>
        <testcase classname="tests/integration/apiFullFlow.test.js" name="API Full Flow Integration &gt; Project Creation Flow &gt; should complete project creation flow" time="0.105633958">
            <system-out>
2026-01-20 14:44:39:4439 [35mhttp[39m: [35mPOST /api/auth/login[39m

2026-01-20 14:44:39:4439 [32minfo[39m: [32m[Index] Pre-Gateway: POST /api/auth/login[39m
2026-01-20 14:44:39:4439 [32minfo[39m: [32m[Index] Login Request Body:[39m
2026-01-20 14:44:39:4439 [32minfo[39m: [32m[Index] Login Request Headers:[39m

2026-01-20 14:44:39:4439 [33mwarn[39m: [33mPerformance metric[39m {&quot;method&quot;:&quot;POST&quot;,&quot;path&quot;:&quot;/api/auth/login&quot;,&quot;statusCode&quot;:404,&quot;responseTime&quot;:1,&quot;dbQueryCount&quot;:0,&quot;dbQueryTime&quot;:0,&quot;memoryDelta&quot;:{&quot;heapUsed&quot;:-106344,&quot;external&quot;:587,&quot;rss&quot;:32768},&quot;userId&quot;:null,&quot;organizationId&quot;:null,&quot;isSlow&quot;:false,&quot;isError&quot;:true}

            </system-out>
        </testcase>
        <testcase classname="tests/integration/apiFullFlow.test.js" name="API Full Flow Integration &gt; Assessment Flow &gt; should complete assessment flow" time="0.000419959">
        </testcase>
        <testcase classname="tests/integration/apiFullFlow.test.js" name="API Full Flow Integration &gt; Report Generation Flow &gt; should complete report generation flow" time="0.000378584">
        </testcase>
    </testsuite>
    <testsuite name="tests/integration/apiOptimization.test.ts" timestamp="2026-01-20T19:45:58.554Z" hostname="MacBook-Pro-Piotr.local" tests="5" failures="0" errors="0" skipped="0" time="0.046984625">
        <testcase classname="tests/integration/apiOptimization.test.ts" name="API Optimization Integration &gt; should use caching effectively" time="0.011117">
        </testcase>
        <testcase classname="tests/integration/apiOptimization.test.ts" name="API Optimization Integration &gt; should batch requests" time="0.005390792">
        </testcase>
        <testcase classname="tests/integration/apiOptimization.test.ts" name="API Optimization Integration &gt; should paginate large datasets" time="0.00152075">
        </testcase>
        <testcase classname="tests/integration/apiOptimization.test.ts" name="API Optimization Integration &gt; should compress responses" time="0.001224">
        </testcase>
        <testcase classname="tests/integration/apiOptimization.test.ts" name="API Optimization Integration &gt; should require authentication" time="0.0009745">
        </testcase>
    </testsuite>
    <testsuite name="tests/integration/apiResilience.test.js" timestamp="2026-01-20T19:45:58.554Z" hostname="MacBook-Pro-Piotr.local" tests="12" failures="0" errors="0" skipped="0" time="0.080089875">
        <testcase classname="tests/integration/apiResilience.test.js" name="API Resilience &amp; Recovery &gt; Health Check Resilience &gt; should always respond to health checks" time="0.009704166">
        </testcase>
        <testcase classname="tests/integration/apiResilience.test.js" name="API Resilience &amp; Recovery &gt; Health Check Resilience &gt; should handle health check during high load" time="0.019330875">
        </testcase>
        <testcase classname="tests/integration/apiResilience.test.js" name="API Resilience &amp; Recovery &gt; Request Validation Resilience &gt; should handle extremely large payloads" time="0.005338083">
        </testcase>
        <testcase classname="tests/integration/apiResilience.test.js" name="API Resilience &amp; Recovery &gt; Request Validation Resilience &gt; should handle special characters in input" time="0.00117">
        </testcase>
        <testcase classname="tests/integration/apiResilience.test.js" name="API Resilience &amp; Recovery &gt; Request Validation Resilience &gt; should handle unicode and emoji characters" time="0.001037458">
        </testcase>
        <testcase classname="tests/integration/apiResilience.test.js" name="API Resilience &amp; Recovery &gt; Concurrent Request Handling &gt; should handle multiple concurrent requests" time="0.0074595">
        </testcase>
        <testcase classname="tests/integration/apiResilience.test.js" name="API Resilience &amp; Recovery &gt; Concurrent Request Handling &gt; should handle concurrent write operations" time="0.004599792">
        </testcase>
        <testcase classname="tests/integration/apiResilience.test.js" name="API Resilience &amp; Recovery &gt; Error Recovery &gt; should recover after handling an error" time="0.001744792">
        </testcase>
        <testcase classname="tests/integration/apiResilience.test.js" name="API Resilience &amp; Recovery &gt; Error Recovery &gt; should handle rapid error recovery" time="0.001776542">
        </testcase>
        <testcase classname="tests/integration/apiResilience.test.js" name="API Resilience &amp; Recovery &gt; Input Sanitization &gt; should sanitize SQL injection attempts" time="0.000761375">
        </testcase>
        <testcase classname="tests/integration/apiResilience.test.js" name="API Resilience &amp; Recovery &gt; Input Sanitization &gt; should sanitize XSS attempts" time="0.0007815">
        </testcase>
        <testcase classname="tests/integration/apiResilience.test.js" name="API Resilience &amp; Recovery &gt; Input Sanitization &gt; should allow valid input" time="0.0006985">
        </testcase>
    </testsuite>
    <testsuite name="tests/integration/assessment-reports.routes.test.ts" timestamp="2026-01-20T19:45:58.555Z" hostname="MacBook-Pro-Piotr.local" tests="1" failures="0" errors="0" skipped="0" time="0.012131791">
        <testcase classname="tests/integration/assessment-reports.routes.test.ts" name="Assessment Reports Routes &gt; GET /assessment-reports returns mapped reports" time="0.011126666">
        </testcase>
    </testsuite>
    <testsuite name="tests/integration/assessmentOverview.integration.test.js" timestamp="2026-01-20T19:45:58.555Z" hostname="MacBook-Pro-Piotr.local" tests="5" failures="0" errors="0" skipped="0" time="0.003405292">
        <testcase classname="tests/integration/assessmentOverview.integration.test.js" name="Assessment Overview API &gt; GET /api/sessions/:projectId/assessment-overview &gt; should return consolidated assessment data" time="0.001415917">
        </testcase>
        <testcase classname="tests/integration/assessmentOverview.integration.test.js" name="Assessment Overview API &gt; GET /api/sessions/:projectId/assessment-overview &gt; should include DRD summary if exists" time="0.000274542">
        </testcase>
        <testcase classname="tests/integration/assessmentOverview.integration.test.js" name="Assessment Overview API &gt; GET /api/sessions/:projectId/assessment-overview &gt; should return null DRD summary when not available" time="0.000165959">
        </testcase>
        <testcase classname="tests/integration/assessmentOverview.integration.test.js" name="Assessment Overview API &gt; GET /api/sessions/:projectId/assessment-overview &gt; should handle non-existent project gracefully" time="0.000179208">
        </testcase>
        <testcase classname="tests/integration/assessmentOverview.integration.test.js" name="Assessment Overview API &gt; GET /api/sessions/:projectId/assessment-overview &gt; should calculate average score correctly" time="0.000403333">
        </testcase>
    </testsuite>
    <testsuite name="tests/integration/auth.test.js" timestamp="2026-01-20T19:45:58.555Z" hostname="MacBook-Pro-Piotr.local" tests="6" failures="4" errors="0" skipped="0" time="0.236934667">
        <testcase classname="tests/integration/auth.test.js" name="Auth Integration &gt; Login &gt; should login with valid credentials" time="0.024171709">
            <system-out>
2026-01-20 14:44:41:4441 [35mhttp[39m: [35mPOST /api/auth/login[39m

2026-01-20 14:44:41:4441 [32minfo[39m: [32m[Index] Pre-Gateway: POST /api/auth/login[39m
2026-01-20 14:44:41:4441 [32minfo[39m: [32m[Index] Login Request Body:[39m
2026-01-20 14:44:41:4441 [32minfo[39m: [32m[Index] Login Request Headers:[39m

2026-01-20 14:44:41:4441 [33mwarn[39m: [33mPerformance metric[39m {&quot;method&quot;:&quot;POST&quot;,&quot;path&quot;:&quot;/api/auth/login&quot;,&quot;statusCode&quot;:404,&quot;responseTime&quot;:3,&quot;dbQueryCount&quot;:0,&quot;dbQueryTime&quot;:0,&quot;memoryDelta&quot;:{&quot;heapUsed&quot;:200256,&quot;external&quot;:627,&quot;rss&quot;:507904},&quot;userId&quot;:null,&quot;organizationId&quot;:null,&quot;isSlow&quot;:false,&quot;isError&quot;:true}

2026-01-20 14:44:41:4441 [35mhttp[39m: [35mPOST /api/auth/login[39m

2026-01-20 14:44:41:4441 [32minfo[39m: [32m[Index] Pre-Gateway: POST /api/auth/login[39m
2026-01-20 14:44:41:4441 [32minfo[39m: [32m[Index] Login Request Body:[39m
2026-01-20 14:44:41:4441 [32minfo[39m: [32m[Index] Login Request Headers:[39m

2026-01-20 14:44:41:4441 [33mwarn[39m: [33mPerformance metric[39m {&quot;method&quot;:&quot;POST&quot;,&quot;path&quot;:&quot;/api/auth/login&quot;,&quot;statusCode&quot;:404,&quot;responseTime&quot;:0,&quot;dbQueryCount&quot;:0,&quot;dbQueryTime&quot;:0,&quot;memoryDelta&quot;:{&quot;heapUsed&quot;:102296,&quot;external&quot;:587,&quot;rss&quot;:16384},&quot;userId&quot;:null,&quot;organizationId&quot;:null,&quot;isSlow&quot;:false,&quot;isError&quot;:true}

            </system-out>
            <failure message="expected 404 to be 200 // Object.is equality" type="AssertionError">
AssertionError: expected 404 to be 200 // Object.is equality

- Expected
+ Received

- 200
+ 404

 ❯ tests/integration/auth.test.js:76:26
            </failure>
            <failure message="expected 404 to be 200 // Object.is equality" type="AssertionError">
AssertionError: expected 404 to be 200 // Object.is equality

- Expected
+ Received

- 200
+ 404

 ❯ tests/integration/auth.test.js:76:26
            </failure>
        </testcase>
        <testcase classname="tests/integration/auth.test.js" name="Auth Integration &gt; Login &gt; should reject invalid credentials" time="0.004495834">
            <system-out>
2026-01-20 14:44:41:4441 [35mhttp[39m: [35mPOST /api/auth/login[39m

2026-01-20 14:44:41:4441 [32minfo[39m: [32m[Index] Pre-Gateway: POST /api/auth/login[39m
2026-01-20 14:44:41:4441 [32minfo[39m: [32m[Index] Login Request Body:[39m
2026-01-20 14:44:41:4441 [32minfo[39m: [32m[Index] Login Request Headers:[39m

2026-01-20 14:44:41:4441 [33mwarn[39m: [33mPerformance metric[39m {&quot;method&quot;:&quot;POST&quot;,&quot;path&quot;:&quot;/api/auth/login&quot;,&quot;statusCode&quot;:404,&quot;responseTime&quot;:0,&quot;dbQueryCount&quot;:0,&quot;dbQueryTime&quot;:0,&quot;memoryDelta&quot;:{&quot;heapUsed&quot;:94720,&quot;external&quot;:587,&quot;rss&quot;:0},&quot;userId&quot;:null,&quot;organizationId&quot;:null,&quot;isSlow&quot;:false,&quot;isError&quot;:true}

2026-01-20 14:44:41:4441 [35mhttp[39m: [35mPOST /api/auth/login[39m

2026-01-20 14:44:41:4441 [32minfo[39m: [32m[Index] Pre-Gateway: POST /api/auth/login[39m
2026-01-20 14:44:41:4441 [32minfo[39m: [32m[Index] Login Request Body:[39m
2026-01-20 14:44:41:4441 [32minfo[39m: [32m[Index] Login Request Headers:[39m

2026-01-20 14:44:41:4441 [33mwarn[39m: [33mPerformance metric[39m {&quot;method&quot;:&quot;POST&quot;,&quot;path&quot;:&quot;/api/auth/login&quot;,&quot;statusCode&quot;:404,&quot;responseTime&quot;:0,&quot;dbQueryCount&quot;:0,&quot;dbQueryTime&quot;:0,&quot;memoryDelta&quot;:{&quot;heapUsed&quot;:84496,&quot;external&quot;:587,&quot;rss&quot;:0},&quot;userId&quot;:null,&quot;organizationId&quot;:null,&quot;isSlow&quot;:false,&quot;isError&quot;:true}

            </system-out>
            <failure message="expected 404 to be 401 // Object.is equality" type="AssertionError">
AssertionError: expected 404 to be 401 // Object.is equality

- Expected
+ Received

- 401
+ 404

 ❯ tests/integration/auth.test.js:90:26
            </failure>
            <failure message="expected 404 to be 401 // Object.is equality" type="AssertionError">
AssertionError: expected 404 to be 401 // Object.is equality

- Expected
+ Received

- 401
+ 404

 ❯ tests/integration/auth.test.js:90:26
            </failure>
        </testcase>
        <testcase classname="tests/integration/auth.test.js" name="Auth Integration &gt; Registration &gt; should register new user" time="0.005090292">
            <system-out>
2026-01-20 14:44:41:4441 [35mhttp[39m: [35mPOST /api/auth/register[39m

2026-01-20 14:44:41:4441 [32minfo[39m: [32m[Index] Pre-Gateway: POST /api/auth/register[39m

2026-01-20 14:44:41:4441 [33mwarn[39m: [33mPerformance metric[39m {&quot;method&quot;:&quot;POST&quot;,&quot;path&quot;:&quot;/api/auth/register&quot;,&quot;statusCode&quot;:404,&quot;responseTime&quot;:1,&quot;dbQueryCount&quot;:0,&quot;dbQueryTime&quot;:0,&quot;memoryDelta&quot;:{&quot;heapUsed&quot;:-300384,&quot;external&quot;:431,&quot;rss&quot;:49152},&quot;userId&quot;:null,&quot;organizationId&quot;:null,&quot;isSlow&quot;:false,&quot;isError&quot;:true}

2026-01-20 14:44:41:4441 [35mhttp[39m: [35mPOST /api/auth/register[39m

2026-01-20 14:44:41:4441 [32minfo[39m: [32m[Index] Pre-Gateway: POST /api/auth/register[39m

2026-01-20 14:44:41:4441 [33mwarn[39m: [33mPerformance metric[39m {&quot;method&quot;:&quot;POST&quot;,&quot;path&quot;:&quot;/api/auth/register&quot;,&quot;statusCode&quot;:404,&quot;responseTime&quot;:0,&quot;dbQueryCount&quot;:0,&quot;dbQueryTime&quot;:0,&quot;memoryDelta&quot;:{&quot;heapUsed&quot;:60944,&quot;external&quot;:431,&quot;rss&quot;:0},&quot;userId&quot;:null,&quot;organizationId&quot;:null,&quot;isSlow&quot;:false,&quot;isError&quot;:true}

            </system-out>
            <failure message="expected [ 200, 201 ] to include 404" type="AssertionError">
AssertionError: expected [ 200, 201 ] to include 404
 ❯ tests/integration/auth.test.js:105:26
            </failure>
            <failure message="expected [ 200, 201 ] to include 404" type="AssertionError">
AssertionError: expected [ 200, 201 ] to include 404
 ❯ tests/integration/auth.test.js:105:26
            </failure>
        </testcase>
        <testcase classname="tests/integration/auth.test.js" name="Auth Integration &gt; Registration &gt; should reject duplicate email" time="0.003672417">
            <system-out>
2026-01-20 14:44:41:4441 [35mhttp[39m: [35mPOST /api/auth/register[39m

2026-01-20 14:44:41:4441 [32minfo[39m: [32m[Index] Pre-Gateway: POST /api/auth/register[39m

2026-01-20 14:44:41:4441 [33mwarn[39m: [33mPerformance metric[39m {&quot;method&quot;:&quot;POST&quot;,&quot;path&quot;:&quot;/api/auth/register&quot;,&quot;statusCode&quot;:404,&quot;responseTime&quot;:1,&quot;dbQueryCount&quot;:0,&quot;dbQueryTime&quot;:0,&quot;memoryDelta&quot;:{&quot;heapUsed&quot;:69520,&quot;external&quot;:431,&quot;rss&quot;:16384},&quot;userId&quot;:null,&quot;organizationId&quot;:null,&quot;isSlow&quot;:false,&quot;isError&quot;:true}

2026-01-20 14:44:41:4441 [35mhttp[39m: [35mPOST /api/auth/register[39m

2026-01-20 14:44:41:4441 [32minfo[39m: [32m[Index] Pre-Gateway: POST /api/auth/register[39m

2026-01-20 14:44:41:4441 [33mwarn[39m: [33mPerformance metric[39m {&quot;method&quot;:&quot;POST&quot;,&quot;path&quot;:&quot;/api/auth/register&quot;,&quot;statusCode&quot;:404,&quot;responseTime&quot;:1,&quot;dbQueryCount&quot;:0,&quot;dbQueryTime&quot;:0,&quot;memoryDelta&quot;:{&quot;heapUsed&quot;:57536,&quot;external&quot;:431,&quot;rss&quot;:0},&quot;userId&quot;:null,&quot;organizationId&quot;:null,&quot;isSlow&quot;:false,&quot;isError&quot;:true}

            </system-out>
            <failure message="expected [ 400, 409 ] to include 404" type="AssertionError">
AssertionError: expected [ 400, 409 ] to include 404
 ❯ tests/integration/auth.test.js:123:26
            </failure>
            <failure message="expected [ 400, 409 ] to include 404" type="AssertionError">
AssertionError: expected [ 400, 409 ] to include 404
 ❯ tests/integration/auth.test.js:123:26
            </failure>
        </testcase>
        <testcase classname="tests/integration/auth.test.js" name="Auth Integration &gt; Token Management &gt; should refresh token" time="0.0003955">
        </testcase>
        <testcase classname="tests/integration/auth.test.js" name="Auth Integration &gt; Token Management &gt; should revoke token on logout" time="0.000241708">
        </testcase>
    </testsuite>
    <testsuite name="tests/integration/auth.test.ts" timestamp="2026-01-20T19:45:58.557Z" hostname="MacBook-Pro-Piotr.local" tests="7" failures="7" errors="0" skipped="0" time="0.238583292">
        <testcase classname="tests/integration/auth.test.ts" name="Auth Integration &gt; Login Flow &gt; should login successfully with valid credentials" time="0.022975083">
            <system-out>
2026-01-20 14:44:42:4442 [35mhttp[39m: [35mPOST /api/auth/login[39m

2026-01-20 14:44:42:4442 [32minfo[39m: [32m[Index] Pre-Gateway: POST /api/auth/login[39m
2026-01-20 14:44:42:4442 [32minfo[39m: [32m[Index] Login Request Body:[39m
2026-01-20 14:44:42:4442 [32minfo[39m: [32m[Index] Login Request Headers:[39m

2026-01-20 14:44:42:4442 [33mwarn[39m: [33mPerformance metric[39m {&quot;method&quot;:&quot;POST&quot;,&quot;path&quot;:&quot;/api/auth/login&quot;,&quot;statusCode&quot;:404,&quot;responseTime&quot;:3,&quot;dbQueryCount&quot;:0,&quot;dbQueryTime&quot;:0,&quot;memoryDelta&quot;:{&quot;heapUsed&quot;:199088,&quot;external&quot;:627,&quot;rss&quot;:425984},&quot;userId&quot;:null,&quot;organizationId&quot;:null,&quot;isSlow&quot;:false,&quot;isError&quot;:true}

2026-01-20 14:44:42:4442 [35mhttp[39m: [35mPOST /api/auth/login[39m

2026-01-20 14:44:42:4442 [32minfo[39m: [32m[Index] Pre-Gateway: POST /api/auth/login[39m
2026-01-20 14:44:42:4442 [32minfo[39m: [32m[Index] Login Request Body:[39m
2026-01-20 14:44:42:4442 [32minfo[39m: [32m[Index] Login Request Headers:[39m

2026-01-20 14:44:42:4442 [33mwarn[39m: [33mPerformance metric[39m {&quot;method&quot;:&quot;POST&quot;,&quot;path&quot;:&quot;/api/auth/login&quot;,&quot;statusCode&quot;:404,&quot;responseTime&quot;:0,&quot;dbQueryCount&quot;:0,&quot;dbQueryTime&quot;:0,&quot;memoryDelta&quot;:{&quot;heapUsed&quot;:102344,&quot;external&quot;:587,&quot;rss&quot;:16384},&quot;userId&quot;:null,&quot;organizationId&quot;:null,&quot;isSlow&quot;:false,&quot;isError&quot;:true}

            </system-out>
            <system-err>
Login Failed Status: [33m404[39m
Login Failed Body: {
  &quot;error&quot;: {
    &quot;code&quot;: &quot;NOT_FOUND&quot;,
    &quot;message&quot;: &quot;Route POST /api/auth/login not found&quot;,
    &quot;timestamp&quot;: &quot;2026-01-20T19:44:42.253Z&quot;
  }
}

Login Failed Status: [33m404[39m
Login Failed Body: {
  &quot;error&quot;: {
    &quot;code&quot;: &quot;NOT_FOUND&quot;,
    &quot;message&quot;: &quot;Route POST /api/auth/login not found&quot;,
    &quot;timestamp&quot;: &quot;2026-01-20T19:44:42.262Z&quot;
  }
}

            </system-err>
            <failure message="expected 404 to be 200 // Object.is equality" type="AssertionError">
AssertionError: expected 404 to be 200 // Object.is equality

- Expected
+ Received

- 200
+ 404

 ❯ tests/integration/auth.test.ts:65:26
            </failure>
            <failure message="expected 404 to be 200 // Object.is equality" type="AssertionError">
AssertionError: expected 404 to be 200 // Object.is equality

- Expected
+ Received

- 200
+ 404

 ❯ tests/integration/auth.test.ts:65:26
            </failure>
        </testcase>
        <testcase classname="tests/integration/auth.test.ts" name="Auth Integration &gt; Login Flow &gt; should fail with invalid credentials" time="0.003554208">
            <system-out>
2026-01-20 14:44:42:4442 [35mhttp[39m: [35mPOST /api/auth/login[39m

2026-01-20 14:44:42:4442 [32minfo[39m: [32m[Index] Pre-Gateway: POST /api/auth/login[39m
2026-01-20 14:44:42:4442 [32minfo[39m: [32m[Index] Login Request Body:[39m
2026-01-20 14:44:42:4442 [32minfo[39m: [32m[Index] Login Request Headers:[39m

2026-01-20 14:44:42:4442 [33mwarn[39m: [33mPerformance metric[39m {&quot;method&quot;:&quot;POST&quot;,&quot;path&quot;:&quot;/api/auth/login&quot;,&quot;statusCode&quot;:404,&quot;responseTime&quot;:0,&quot;dbQueryCount&quot;:0,&quot;dbQueryTime&quot;:0,&quot;memoryDelta&quot;:{&quot;heapUsed&quot;:192152,&quot;external&quot;:587,&quot;rss&quot;:0},&quot;userId&quot;:null,&quot;organizationId&quot;:null,&quot;isSlow&quot;:false,&quot;isError&quot;:true}

2026-01-20 14:44:42:4442 [35mhttp[39m: [35mPOST /api/auth/login[39m

2026-01-20 14:44:42:4442 [32minfo[39m: [32m[Index] Pre-Gateway: POST /api/auth/login[39m
2026-01-20 14:44:42:4442 [32minfo[39m: [32m[Index] Login Request Body:[39m
2026-01-20 14:44:42:4442 [32minfo[39m: [32m[Index] Login Request Headers:[39m

2026-01-20 14:44:42:4442 [33mwarn[39m: [33mPerformance metric[39m {&quot;method&quot;:&quot;POST&quot;,&quot;path&quot;:&quot;/api/auth/login&quot;,&quot;statusCode&quot;:404,&quot;responseTime&quot;:0,&quot;dbQueryCount&quot;:0,&quot;dbQueryTime&quot;:0,&quot;memoryDelta&quot;:{&quot;heapUsed&quot;:77440,&quot;external&quot;:587,&quot;rss&quot;:0},&quot;userId&quot;:null,&quot;organizationId&quot;:null,&quot;isSlow&quot;:false,&quot;isError&quot;:true}

            </system-out>
            <failure message="expected 404 to be 401 // Object.is equality" type="AssertionError">
AssertionError: expected 404 to be 401 // Object.is equality

- Expected
+ Received

- 401
+ 404

 ❯ tests/integration/auth.test.ts:76:26
            </failure>
            <failure message="expected 404 to be 401 // Object.is equality" type="AssertionError">
AssertionError: expected 404 to be 401 // Object.is equality

- Expected
+ Received

- 401
+ 404

 ❯ tests/integration/auth.test.ts:76:26
            </failure>
        </testcase>
        <testcase classname="tests/integration/auth.test.ts" name="Auth Integration &gt; Login Flow &gt; should require email and password" time="0.003983083">
            <system-out>
2026-01-20 14:44:42:4442 [35mhttp[39m: [35mPOST /api/auth/login[39m

2026-01-20 14:44:42:4442 [32minfo[39m: [32m[Index] Pre-Gateway: POST /api/auth/login[39m
2026-01-20 14:44:42:4442 [32minfo[39m: [32m[Index] Login Request Body:[39m
2026-01-20 14:44:42:4442 [32minfo[39m: [32m[Index] Login Request Headers:[39m

2026-01-20 14:44:42:4442 [33mwarn[39m: [33mPerformance metric[39m {&quot;method&quot;:&quot;POST&quot;,&quot;path&quot;:&quot;/api/auth/login&quot;,&quot;statusCode&quot;:404,&quot;responseTime&quot;:0,&quot;dbQueryCount&quot;:0,&quot;dbQueryTime&quot;:0,&quot;memoryDelta&quot;:{&quot;heapUsed&quot;:-50664,&quot;external&quot;:587,&quot;rss&quot;:16384},&quot;userId&quot;:null,&quot;organizationId&quot;:null,&quot;isSlow&quot;:false,&quot;isError&quot;:true}

2026-01-20 14:44:42:4442 [35mhttp[39m: [35mPOST /api/auth/login[39m

2026-01-20 14:44:42:4442 [32minfo[39m: [32m[Index] Pre-Gateway: POST /api/auth/login[39m
2026-01-20 14:44:42:4442 [32minfo[39m: [32m[Index] Login Request Body:[39m
2026-01-20 14:44:42:4442 [32minfo[39m: [32m[Index] Login Request Headers:[39m

2026-01-20 14:44:42:4442 [33mwarn[39m: [33mPerformance metric[39m {&quot;method&quot;:&quot;POST&quot;,&quot;path&quot;:&quot;/api/auth/login&quot;,&quot;statusCode&quot;:404,&quot;responseTime&quot;:0,&quot;dbQueryCount&quot;:0,&quot;dbQueryTime&quot;:0,&quot;memoryDelta&quot;:{&quot;heapUsed&quot;:78536,&quot;external&quot;:587,&quot;rss&quot;:0},&quot;userId&quot;:null,&quot;organizationId&quot;:null,&quot;isSlow&quot;:false,&quot;isError&quot;:true}

            </system-out>
            <failure message="expected [ 400, 401 ] to include 404" type="AssertionError">
AssertionError: expected [ 400, 401 ] to include 404
 ❯ tests/integration/auth.test.ts:84:26
            </failure>
            <failure message="expected [ 400, 401 ] to include 404" type="AssertionError">
AssertionError: expected [ 400, 401 ] to include 404
 ❯ tests/integration/auth.test.ts:84:26
            </failure>
        </testcase>
        <testcase classname="tests/integration/auth.test.ts" name="Auth Integration &gt; Token Validation via /me &gt; should validate token and return user profile" time="0.004195834">
            <system-out>
2026-01-20 14:44:42:4442 [35mhttp[39m: [35mGET /api/auth/me[39m
2026-01-20 14:44:42:4442 [32minfo[39m: [32m[Index] Pre-Gateway: GET /api/auth/me[39m

2026-01-20 14:44:42:4442 [33mwarn[39m: [33mPerformance metric[39m {&quot;method&quot;:&quot;GET&quot;,&quot;path&quot;:&quot;/api/auth/me&quot;,&quot;statusCode&quot;:404,&quot;responseTime&quot;:1,&quot;dbQueryCount&quot;:0,&quot;dbQueryTime&quot;:0,&quot;memoryDelta&quot;:{&quot;heapUsed&quot;:92720,&quot;external&quot;:288,&quot;rss&quot;:32768},&quot;userId&quot;:null,&quot;organizationId&quot;:null,&quot;isSlow&quot;:false,&quot;isError&quot;:true}

2026-01-20 14:44:42:4442 [35mhttp[39m: [35mGET /api/auth/me[39m
2026-01-20 14:44:42:4442 [32minfo[39m: [32m[Index] Pre-Gateway: GET /api/auth/me[39m

2026-01-20 14:44:42:4442 [33mwarn[39m: [33mPerformance metric[39m {&quot;method&quot;:&quot;GET&quot;,&quot;path&quot;:&quot;/api/auth/me&quot;,&quot;statusCode&quot;:404,&quot;responseTime&quot;:0,&quot;dbQueryCount&quot;:0,&quot;dbQueryTime&quot;:0,&quot;memoryDelta&quot;:{&quot;heapUsed&quot;:91376,&quot;external&quot;:288,&quot;rss&quot;:114688},&quot;userId&quot;:null,&quot;organizationId&quot;:null,&quot;isSlow&quot;:false,&quot;isError&quot;:true}

            </system-out>
            <system-err>
/me Failed Status: [33m404[39m
/me Failed Body: {
  &quot;error&quot;: {
    &quot;code&quot;: &quot;NOT_FOUND&quot;,
    &quot;message&quot;: &quot;Route GET /api/auth/me not found&quot;,
    &quot;timestamp&quot;: &quot;2026-01-20T19:44:42.273Z&quot;
  }
}

/me Failed Status: [33m404[39m
/me Failed Body: {
  &quot;error&quot;: {
    &quot;code&quot;: &quot;NOT_FOUND&quot;,
    &quot;message&quot;: &quot;Route GET /api/auth/me not found&quot;,
    &quot;timestamp&quot;: &quot;2026-01-20T19:44:42.275Z&quot;
  }
}

            </system-err>
            <failure message="expected 404 to be 200 // Object.is equality" type="AssertionError">
AssertionError: expected 404 to be 200 // Object.is equality

- Expected
+ Received

- 200
+ 404

 ❯ tests/integration/auth.test.ts:105:26
            </failure>
            <failure message="expected 404 to be 200 // Object.is equality" type="AssertionError">
AssertionError: expected 404 to be 200 // Object.is equality

- Expected
+ Received

- 200
+ 404

 ❯ tests/integration/auth.test.ts:105:26
            </failure>
        </testcase>
        <testcase classname="tests/integration/auth.test.ts" name="Auth Integration &gt; Token Validation via /me &gt; should reject invalid token" time="0.0040455">
            <system-out>
2026-01-20 14:44:42:4442 [35mhttp[39m: [35mGET /api/auth/me[39m
2026-01-20 14:44:42:4442 [32minfo[39m: [32m[Index] Pre-Gateway: GET /api/auth/me[39m

2026-01-20 14:44:42:4442 [33mwarn[39m: [33mPerformance metric[39m {&quot;method&quot;:&quot;GET&quot;,&quot;path&quot;:&quot;/api/auth/me&quot;,&quot;statusCode&quot;:404,&quot;responseTime&quot;:0,&quot;dbQueryCount&quot;:0,&quot;dbQueryTime&quot;:0,&quot;memoryDelta&quot;:{&quot;heapUsed&quot;:61088,&quot;external&quot;:288,&quot;rss&quot;:0},&quot;userId&quot;:null,&quot;organizationId&quot;:null,&quot;isSlow&quot;:false,&quot;isError&quot;:true}

2026-01-20 14:44:42:4442 [35mhttp[39m: [35mGET /api/auth/me[39m
2026-01-20 14:44:42:4442 [32minfo[39m: [32m[Index] Pre-Gateway: GET /api/auth/me[39m

2026-01-20 14:44:42:4442 [33mwarn[39m: [33mPerformance metric[39m {&quot;method&quot;:&quot;GET&quot;,&quot;path&quot;:&quot;/api/auth/me&quot;,&quot;statusCode&quot;:404,&quot;responseTime&quot;:1,&quot;dbQueryCount&quot;:0,&quot;dbQueryTime&quot;:0,&quot;memoryDelta&quot;:{&quot;heapUsed&quot;:68232,&quot;external&quot;:288,&quot;rss&quot;:0},&quot;userId&quot;:null,&quot;organizationId&quot;:null,&quot;isSlow&quot;:false,&quot;isError&quot;:true}

            </system-out>
            <failure message="expected [ 401, 403 ] to include 404" type="AssertionError">
AssertionError: expected [ 401, 403 ] to include 404
 ❯ tests/integration/auth.test.ts:116:26
            </failure>
            <failure message="expected [ 401, 403 ] to include 404" type="AssertionError">
AssertionError: expected [ 401, 403 ] to include 404
 ❯ tests/integration/auth.test.ts:116:26
            </failure>
        </testcase>
        <testcase classname="tests/integration/auth.test.ts" name="Auth Integration &gt; Token Validation via /me &gt; should reject request without token" time="0.002200125">
            <system-out>
2026-01-20 14:44:42:4442 [35mhttp[39m: [35mGET /api/auth/me[39m
2026-01-20 14:44:42:4442 [32minfo[39m: [32m[Index] Pre-Gateway: GET /api/auth/me[39m

2026-01-20 14:44:42:4442 [33mwarn[39m: [33mPerformance metric[39m {&quot;method&quot;:&quot;GET&quot;,&quot;path&quot;:&quot;/api/auth/me&quot;,&quot;statusCode&quot;:404,&quot;responseTime&quot;:0,&quot;dbQueryCount&quot;:0,&quot;dbQueryTime&quot;:0,&quot;memoryDelta&quot;:{&quot;heapUsed&quot;:68912,&quot;external&quot;:288,&quot;rss&quot;:16384},&quot;userId&quot;:null,&quot;organizationId&quot;:null,&quot;isSlow&quot;:false,&quot;isError&quot;:true}

2026-01-20 14:44:42:4442 [35mhttp[39m: [35mGET /api/auth/me[39m
2026-01-20 14:44:42:4442 [32minfo[39m: [32m[Index] Pre-Gateway: GET /api/auth/me[39m

2026-01-20 14:44:42:4442 [33mwarn[39m: [33mPerformance metric[39m {&quot;method&quot;:&quot;GET&quot;,&quot;path&quot;:&quot;/api/auth/me&quot;,&quot;statusCode&quot;:404,&quot;responseTime&quot;:0,&quot;dbQueryCount&quot;:0,&quot;dbQueryTime&quot;:0,&quot;memoryDelta&quot;:{&quot;heapUsed&quot;:64968,&quot;external&quot;:288,&quot;rss&quot;:0},&quot;userId&quot;:null,&quot;organizationId&quot;:null,&quot;isSlow&quot;:false,&quot;isError&quot;:true}

            </system-out>
            <failure message="expected [ 401, 403 ] to include 404" type="AssertionError">
AssertionError: expected [ 401, 403 ] to include 404
 ❯ tests/integration/auth.test.ts:122:26
            </failure>
            <failure message="expected [ 401, 403 ] to include 404" type="AssertionError">
AssertionError: expected [ 401, 403 ] to include 404
 ❯ tests/integration/auth.test.ts:122:26
            </failure>
        </testcase>
        <testcase classname="tests/integration/auth.test.ts" name="Auth Integration &gt; Multi-Tenant Isolation &gt; should return correct organizationId based on token" time="0.000951791">
            <failure message="expected undefined to be defined" type="AssertionError">
AssertionError: expected undefined to be defined
 ❯ tests/integration/auth.test.ts:163:25
            </failure>
            <failure message="expected undefined to be defined" type="AssertionError">
AssertionError: expected undefined to be defined
 ❯ tests/integration/auth.test.ts:163:25
            </failure>
        </testcase>
    </testsuite>
    <testsuite name="tests/integration/criticalEndpoints.test.js" timestamp="2026-01-20T19:45:58.560Z" hostname="MacBook-Pro-Piotr.local" tests="12" failures="0" errors="0" skipped="0" time="0.055095208">
        <testcase classname="tests/integration/criticalEndpoints.test.js" name="Critical API Endpoints &gt; Health Check Endpoint &gt; should return healthy status" time="0.010032708">
        </testcase>
        <testcase classname="tests/integration/criticalEndpoints.test.js" name="Critical API Endpoints &gt; Health Check Endpoint &gt; should include latency information" time="0.00194175">
        </testcase>
        <testcase classname="tests/integration/criticalEndpoints.test.js" name="Critical API Endpoints &gt; Authentication Endpoints &gt; should handle login requests" time="0.005103208">
        </testcase>
        <testcase classname="tests/integration/criticalEndpoints.test.js" name="Critical API Endpoints &gt; Authentication Endpoints &gt; should reject invalid login credentials" time="0.001508125">
        </testcase>
        <testcase classname="tests/integration/criticalEndpoints.test.js" name="Critical API Endpoints &gt; Authentication Endpoints &gt; should handle registration requests" time="0.00124675">
        </testcase>
        <testcase classname="tests/integration/criticalEndpoints.test.js" name="Critical API Endpoints &gt; Project Endpoints &gt; should handle project creation requests" time="0.001062667">
        </testcase>
        <testcase classname="tests/integration/criticalEndpoints.test.js" name="Critical API Endpoints &gt; Project Endpoints &gt; should handle project listing requests" time="0.000913417">
        </testcase>
        <testcase classname="tests/integration/criticalEndpoints.test.js" name="Critical API Endpoints &gt; Project Endpoints &gt; should require auth for projects" time="0.000994125">
        </testcase>
        <testcase classname="tests/integration/criticalEndpoints.test.js" name="Critical API Endpoints &gt; User Endpoints &gt; should handle user profile requests" time="0.000890834">
        </testcase>
        <testcase classname="tests/integration/criticalEndpoints.test.js" name="Critical API Endpoints &gt; AI Endpoints &gt; should handle AI health check" time="0.001084083">
        </testcase>
        <testcase classname="tests/integration/criticalEndpoints.test.js" name="Critical API Endpoints &gt; Performance of Critical Endpoints &gt; should respond to health checks quickly" time="0.000875917">
        </testcase>
        <testcase classname="tests/integration/criticalEndpoints.test.js" name="Critical API Endpoints &gt; Performance of Critical Endpoints &gt; should handle concurrent health checks" time="0.003485875">
        </testcase>
    </testsuite>
    <testsuite name="tests/integration/database.integration.test.ts" timestamp="2026-01-20T19:45:58.561Z" hostname="MacBook-Pro-Piotr.local" tests="2" failures="0" errors="0" skipped="0" time="0.012802083">
        <testcase classname="tests/integration/database.integration.test.ts" name="Integration Test: Database Constraints &amp; Triggers &gt; should enforce foreign key constraints" time="0.001236583">
        </testcase>
        <testcase classname="tests/integration/database.integration.test.ts" name="Integration Test: Database Constraints &amp; Triggers &gt; should handle concurrent updates with transactions" time="0.00023675">
        </testcase>
    </testsuite>
    <testsuite name="tests/integration/databaseHealth.test.js" timestamp="2026-01-20T19:45:58.561Z" hostname="MacBook-Pro-Piotr.local" tests="7" failures="0" errors="0" skipped="0" time="1.276553042">
        <testcase classname="tests/integration/databaseHealth.test.js" name="Database Health Integration &gt; GET /api/health/database &gt; should return database health status" time="0.011955">
        </testcase>
        <testcase classname="tests/integration/databaseHealth.test.js" name="Database Health Integration &gt; GET /api/health/database &gt; should include pool statistics when healthy" time="0.001888834">
        </testcase>
        <testcase classname="tests/integration/databaseHealth.test.js" name="Database Health Integration &gt; GET /api/health/connections &gt; should return connection pool status" time="0.001396958">
        </testcase>
        <testcase classname="tests/integration/databaseHealth.test.js" name="Database Health Integration &gt; GET /api/health/connections &gt; should include utilization data when available" time="0.001074583">
        </testcase>
        <testcase classname="tests/integration/databaseHealth.test.js" name="Database Health Integration &gt; GET /api/health &gt; should return basic health check" time="0.032446333">
        </testcase>
        <testcase classname="tests/integration/databaseHealth.test.js" name="Database Health Integration &gt; GET /api/health/ready &gt; should return readiness status" time="0.004230334">
        </testcase>
        <testcase classname="tests/integration/databaseHealth.test.js" name="Database Health Integration &gt; GET /api/health/live &gt; should return liveness status" time="0.001091042">
        </testcase>
    </testsuite>
    <testsuite name="tests/integration/errorHandling.test.js" timestamp="2026-01-20T19:45:58.561Z" hostname="MacBook-Pro-Piotr.local" tests="17" failures="4" errors="0" skipped="0" time="0.567636167">
        <testcase classname="tests/integration/errorHandling.test.js" name="Error Handling &amp; Resilience &gt; API Error Responses &gt; should return 404 for non-existent routes" time="0.014503625">
            <system-out>
2026-01-20 14:44:05:445 [35mhttp[39m: [35mGET /api/nonexistent/route[39m
2026-01-20 14:44:05:445 [32minfo[39m: [32m[Index] Pre-Gateway: GET /api/nonexistent/route[39m

2026-01-20 14:44:05:445 [33mwarn[39m: [33mPerformance metric[39m {&quot;method&quot;:&quot;GET&quot;,&quot;path&quot;:&quot;/api/nonexistent/route&quot;,&quot;statusCode&quot;:404,&quot;responseTime&quot;:4,&quot;dbQueryCount&quot;:0,&quot;dbQueryTime&quot;:0,&quot;memoryDelta&quot;:{&quot;heapUsed&quot;:223696,&quot;external&quot;:347,&quot;rss&quot;:524288},&quot;userId&quot;:null,&quot;organizationId&quot;:null,&quot;isSlow&quot;:false,&quot;isError&quot;:true}

            </system-out>
        </testcase>
        <testcase classname="tests/integration/errorHandling.test.js" name="Error Handling &amp; Resilience &gt; API Error Responses &gt; should return 400 for invalid request body" time="0.008983667">
            <system-out>
2026-01-20 14:44:05:445 [35mhttp[39m: [35mPOST /api/projects[39m
2026-01-20 14:44:05:445 [32minfo[39m: [32m[Index] Pre-Gateway: POST /api/projects[39m

2026-01-20 14:44:05:445 [33mwarn[39m: [33mPerformance metric[39m {&quot;method&quot;:&quot;POST&quot;,&quot;path&quot;:&quot;/api/projects&quot;,&quot;statusCode&quot;:404,&quot;responseTime&quot;:1,&quot;dbQueryCount&quot;:0,&quot;dbQueryTime&quot;:0,&quot;memoryDelta&quot;:{&quot;heapUsed&quot;:77904,&quot;external&quot;:291,&quot;rss&quot;:16384},&quot;userId&quot;:null,&quot;organizationId&quot;:null,&quot;isSlow&quot;:false,&quot;isError&quot;:true}

2026-01-20 14:44:05:445 [35mhttp[39m: [35mPOST /api/projects[39m
2026-01-20 14:44:05:445 [32minfo[39m: [32m[Index] Pre-Gateway: POST /api/projects[39m

2026-01-20 14:44:05:445 [33mwarn[39m: [33mPerformance metric[39m {&quot;method&quot;:&quot;POST&quot;,&quot;path&quot;:&quot;/api/projects&quot;,&quot;statusCode&quot;:404,&quot;responseTime&quot;:1,&quot;dbQueryCount&quot;:0,&quot;dbQueryTime&quot;:0,&quot;memoryDelta&quot;:{&quot;heapUsed&quot;:82032,&quot;external&quot;:291,&quot;rss&quot;:32768},&quot;userId&quot;:null,&quot;organizationId&quot;:null,&quot;isSlow&quot;:false,&quot;isError&quot;:true}

            </system-out>
            <failure message="expected 400 &quot;Bad Request&quot;, got 404 &quot;Not Found&quot;" type="Error">
Error: expected 400 &quot;Bad Request&quot;, got 404 &quot;Not Found&quot;
 ❯ tests/integration/errorHandling.test.js:110:86
 ❯ Test._assertStatus node_modules/supertest/lib/test.js:309:14
 ❯ node_modules/supertest/lib/test.js:365:13
 ❯ Test._assertFunction node_modules/supertest/lib/test.js:342:13
 ❯ Test.assert node_modules/supertest/lib/test.js:195:23
 ❯ localAssert node_modules/supertest/lib/test.js:138:14
 ❯ Server.&lt;anonymous&gt; node_modules/supertest/lib/test.js:152:11
            </failure>
            <failure message="expected 400 &quot;Bad Request&quot;, got 404 &quot;Not Found&quot;" type="Error">
Error: expected 400 &quot;Bad Request&quot;, got 404 &quot;Not Found&quot;
 ❯ tests/integration/errorHandling.test.js:110:86
 ❯ Test._assertStatus node_modules/supertest/lib/test.js:309:14
 ❯ node_modules/supertest/lib/test.js:365:13
 ❯ Test._assertFunction node_modules/supertest/lib/test.js:342:13
 ❯ Test.assert node_modules/supertest/lib/test.js:195:23
 ❯ localAssert node_modules/supertest/lib/test.js:138:14
 ❯ Server.&lt;anonymous&gt; node_modules/supertest/lib/test.js:152:11
            </failure>
        </testcase>
        <testcase classname="tests/integration/errorHandling.test.js" name="Error Handling &amp; Resilience &gt; API Error Responses &gt; should return 401 for unauthenticated requests" time="0.003601916">
            <system-out>
2026-01-20 14:44:05:445 [35mhttp[39m: [35mGET /api/users/me[39m
2026-01-20 14:44:05:445 [32minfo[39m: [32m[Index] Pre-Gateway: GET /api/users/me[39m

2026-01-20 14:44:05:445 [33mwarn[39m: [33mPerformance metric[39m {&quot;method&quot;:&quot;GET&quot;,&quot;path&quot;:&quot;/api/users/me&quot;,&quot;statusCode&quot;:404,&quot;responseTime&quot;:0,&quot;dbQueryCount&quot;:0,&quot;dbQueryTime&quot;:0,&quot;memoryDelta&quot;:{&quot;heapUsed&quot;:75480,&quot;external&quot;:289,&quot;rss&quot;:0},&quot;userId&quot;:null,&quot;organizationId&quot;:null,&quot;isSlow&quot;:false,&quot;isError&quot;:true}

2026-01-20 14:44:05:445 [35mhttp[39m: [35mGET /api/users/me[39m
2026-01-20 14:44:05:445 [32minfo[39m: [32m[Index] Pre-Gateway: GET /api/users/me[39m

2026-01-20 14:44:05:445 [33mwarn[39m: [33mPerformance metric[39m {&quot;method&quot;:&quot;GET&quot;,&quot;path&quot;:&quot;/api/users/me&quot;,&quot;statusCode&quot;:404,&quot;responseTime&quot;:0,&quot;dbQueryCount&quot;:0,&quot;dbQueryTime&quot;:0,&quot;memoryDelta&quot;:{&quot;heapUsed&quot;:195848,&quot;external&quot;:289,&quot;rss&quot;:49152},&quot;userId&quot;:null,&quot;organizationId&quot;:null,&quot;isSlow&quot;:false,&quot;isError&quot;:true}

            </system-out>
            <failure message="expected 401 &quot;Unauthorized&quot;, got 404 &quot;Not Found&quot;" type="Error">
Error: expected 401 &quot;Unauthorized&quot;, got 404 &quot;Not Found&quot;
 ❯ tests/integration/errorHandling.test.js:116:59
 ❯ Test._assertStatus node_modules/supertest/lib/test.js:309:14
 ❯ node_modules/supertest/lib/test.js:365:13
 ❯ Test._assertFunction node_modules/supertest/lib/test.js:342:13
 ❯ Test.assert node_modules/supertest/lib/test.js:195:23
 ❯ localAssert node_modules/supertest/lib/test.js:138:14
 ❯ Server.&lt;anonymous&gt; node_modules/supertest/lib/test.js:152:11
            </failure>
            <failure message="expected 401 &quot;Unauthorized&quot;, got 404 &quot;Not Found&quot;" type="Error">
Error: expected 401 &quot;Unauthorized&quot;, got 404 &quot;Not Found&quot;
 ❯ tests/integration/errorHandling.test.js:116:59
 ❯ Test._assertStatus node_modules/supertest/lib/test.js:309:14
 ❯ node_modules/supertest/lib/test.js:365:13
 ❯ Test._assertFunction node_modules/supertest/lib/test.js:342:13
 ❯ Test.assert node_modules/supertest/lib/test.js:195:23
 ❯ localAssert node_modules/supertest/lib/test.js:138:14
 ❯ Server.&lt;anonymous&gt; node_modules/supertest/lib/test.js:152:11
            </failure>
        </testcase>
        <testcase classname="tests/integration/errorHandling.test.js" name="Error Handling &amp; Resilience &gt; API Error Responses &gt; should handle malformed JSON gracefully" time="0.00175775">
            <system-out>
2026-01-20 14:44:05:445 [33mwarn[39m: [33m[ErrorHandler] SyntaxError: Unexpected token &apos;i&apos;, &quot;invalid json{&quot; is not valid JSON Unexpected token &apos;i&apos;, &quot;invalid json{&quot; is not valid JSON[39m {&quot;errorName&quot;:&quot;SyntaxError&quot;,&quot;statusCode&quot;:400,&quot;path&quot;:&quot;/api/projects&quot;,&quot;method&quot;:&quot;POST&quot;}

            </system-out>
        </testcase>
        <testcase classname="tests/integration/errorHandling.test.js" name="Error Handling &amp; Resilience &gt; API Error Responses &gt; should handle missing required fields" time="0.002746625">
            <system-out>
2026-01-20 14:44:05:445 [35mhttp[39m: [35mPOST /api/projects[39m
2026-01-20 14:44:05:445 [32minfo[39m: [32m[Index] Pre-Gateway: POST /api/projects[39m

2026-01-20 14:44:05:445 [33mwarn[39m: [33mPerformance metric[39m {&quot;method&quot;:&quot;POST&quot;,&quot;path&quot;:&quot;/api/projects&quot;,&quot;statusCode&quot;:404,&quot;responseTime&quot;:1,&quot;dbQueryCount&quot;:0,&quot;dbQueryTime&quot;:0,&quot;memoryDelta&quot;:{&quot;heapUsed&quot;:54472,&quot;external&quot;:291,&quot;rss&quot;:0},&quot;userId&quot;:null,&quot;organizationId&quot;:null,&quot;isSlow&quot;:false,&quot;isError&quot;:true}

2026-01-20 14:44:05:445 [35mhttp[39m: [35mPOST /api/projects[39m
2026-01-20 14:44:05:445 [32minfo[39m: [32m[Index] Pre-Gateway: POST /api/projects[39m

2026-01-20 14:44:05:445 [33mwarn[39m: [33mPerformance metric[39m {&quot;method&quot;:&quot;POST&quot;,&quot;path&quot;:&quot;/api/projects&quot;,&quot;statusCode&quot;:404,&quot;responseTime&quot;:0,&quot;dbQueryCount&quot;:0,&quot;dbQueryTime&quot;:0,&quot;memoryDelta&quot;:{&quot;heapUsed&quot;:51168,&quot;external&quot;:291,&quot;rss&quot;:0},&quot;userId&quot;:null,&quot;organizationId&quot;:null,&quot;isSlow&quot;:false,&quot;isError&quot;:true}

            </system-out>
            <failure message="expected 400 &quot;Bad Request&quot;, got 404 &quot;Not Found&quot;" type="Error">
Error: expected 400 &quot;Bad Request&quot;, got 404 &quot;Not Found&quot;
 ❯ tests/integration/errorHandling.test.js:132:69
 ❯ Test._assertStatus node_modules/supertest/lib/test.js:309:14
 ❯ node_modules/supertest/lib/test.js:365:13
 ❯ Test._assertFunction node_modules/supertest/lib/test.js:342:13
 ❯ Test.assert node_modules/supertest/lib/test.js:195:23
 ❯ localAssert node_modules/supertest/lib/test.js:138:14
 ❯ Server.&lt;anonymous&gt; node_modules/supertest/lib/test.js:152:11
            </failure>
            <failure message="expected 400 &quot;Bad Request&quot;, got 404 &quot;Not Found&quot;" type="Error">
Error: expected 400 &quot;Bad Request&quot;, got 404 &quot;Not Found&quot;
 ❯ tests/integration/errorHandling.test.js:132:69
 ❯ Test._assertStatus node_modules/supertest/lib/test.js:309:14
 ❯ node_modules/supertest/lib/test.js:365:13
 ❯ Test._assertFunction node_modules/supertest/lib/test.js:342:13
 ❯ Test.assert node_modules/supertest/lib/test.js:195:23
 ❯ localAssert node_modules/supertest/lib/test.js:138:14
 ❯ Server.&lt;anonymous&gt; node_modules/supertest/lib/test.js:152:11
            </failure>
        </testcase>
        <testcase classname="tests/integration/errorHandling.test.js" name="Error Handling &amp; Resilience &gt; Database Error Handling &gt; should handle database connection errors gracefully" time="0.023101125">
        </testcase>
        <testcase classname="tests/integration/errorHandling.test.js" name="Error Handling &amp; Resilience &gt; Database Error Handling &gt; should return proper error format for database constraint violations" time="0.002699334">
        </testcase>
        <testcase classname="tests/integration/errorHandling.test.js" name="Error Handling &amp; Resilience &gt; Async Error Handling &gt; should handle async route errors without crashing" time="0.001443959">
            <system-out>
2026-01-20 14:44:05:445 [35mhttp[39m: [35mGET /api/nonexistent[39m
2026-01-20 14:44:05:445 [32minfo[39m: [32m[Index] Pre-Gateway: GET /api/nonexistent[39m

2026-01-20 14:44:05:445 [33mwarn[39m: [33mPerformance metric[39m {&quot;method&quot;:&quot;GET&quot;,&quot;path&quot;:&quot;/api/nonexistent&quot;,&quot;statusCode&quot;:404,&quot;responseTime&quot;:0,&quot;dbQueryCount&quot;:0,&quot;dbQueryTime&quot;:0,&quot;memoryDelta&quot;:{&quot;heapUsed&quot;:-411264,&quot;external&quot;:295,&quot;rss&quot;:49152},&quot;userId&quot;:null,&quot;organizationId&quot;:null,&quot;isSlow&quot;:false,&quot;isError&quot;:true}

            </system-out>
        </testcase>
        <testcase classname="tests/integration/errorHandling.test.js" name="Error Handling &amp; Resilience &gt; Async Error Handling &gt; should handle promise rejections in routes" time="0.001252708">
        </testcase>
        <testcase classname="tests/integration/errorHandling.test.js" name="Error Handling &amp; Resilience &gt; Error Response Format &gt; should return consistent error format" time="0.001853875">
            <system-out>
2026-01-20 14:44:05:445 [35mhttp[39m: [35mGET /api/nonexistent[39m
2026-01-20 14:44:05:445 [32minfo[39m: [32m[Index] Pre-Gateway: GET /api/nonexistent[39m

2026-01-20 14:44:05:445 [33mwarn[39m: [33mPerformance metric[39m {&quot;method&quot;:&quot;GET&quot;,&quot;path&quot;:&quot;/api/nonexistent&quot;,&quot;statusCode&quot;:404,&quot;responseTime&quot;:0,&quot;dbQueryCount&quot;:0,&quot;dbQueryTime&quot;:0,&quot;memoryDelta&quot;:{&quot;heapUsed&quot;:74968,&quot;external&quot;:295,&quot;rss&quot;:32768},&quot;userId&quot;:null,&quot;organizationId&quot;:null,&quot;isSlow&quot;:false,&quot;isError&quot;:true}

            </system-out>
        </testcase>
        <testcase classname="tests/integration/errorHandling.test.js" name="Error Handling &amp; Resilience &gt; Error Response Format &gt; should include error code in response" time="0.0011465">
            <system-out>
2026-01-20 14:44:05:445 [35mhttp[39m: [35mGET /api/nonexistent[39m
2026-01-20 14:44:05:445 [32minfo[39m: [32m[Index] Pre-Gateway: GET /api/nonexistent[39m

2026-01-20 14:44:05:445 [33mwarn[39m: [33mPerformance metric[39m {&quot;method&quot;:&quot;GET&quot;,&quot;path&quot;:&quot;/api/nonexistent&quot;,&quot;statusCode&quot;:404,&quot;responseTime&quot;:0,&quot;dbQueryCount&quot;:0,&quot;dbQueryTime&quot;:0,&quot;memoryDelta&quot;:{&quot;heapUsed&quot;:60832,&quot;external&quot;:295,&quot;rss&quot;:0},&quot;userId&quot;:null,&quot;organizationId&quot;:null,&quot;isSlow&quot;:false,&quot;isError&quot;:true}

            </system-out>
        </testcase>
        <testcase classname="tests/integration/errorHandling.test.js" name="Error Handling &amp; Resilience &gt; Error Response Format &gt; should include timestamp in error response" time="0.001143291">
            <system-out>
2026-01-20 14:44:05:445 [35mhttp[39m: [35mGET /api/nonexistent[39m
2026-01-20 14:44:05:445 [32minfo[39m: [32m[Index] Pre-Gateway: GET /api/nonexistent[39m

2026-01-20 14:44:05:445 [33mwarn[39m: [33mPerformance metric[39m {&quot;method&quot;:&quot;GET&quot;,&quot;path&quot;:&quot;/api/nonexistent&quot;,&quot;statusCode&quot;:404,&quot;responseTime&quot;:0,&quot;dbQueryCount&quot;:0,&quot;dbQueryTime&quot;:0,&quot;memoryDelta&quot;:{&quot;heapUsed&quot;:60864,&quot;external&quot;:295,&quot;rss&quot;:0},&quot;userId&quot;:null,&quot;organizationId&quot;:null,&quot;isSlow&quot;:false,&quot;isError&quot;:true}

            </system-out>
        </testcase>
        <testcase classname="tests/integration/errorHandling.test.js" name="Error Handling &amp; Resilience &gt; Rate Limiting Error Handling &gt; should return 429 for rate limit exceeded" time="0.001643208">
        </testcase>
        <testcase classname="tests/integration/errorHandling.test.js" name="Error Handling &amp; Resilience &gt; Server Resilience &gt; should not crash on invalid input" time="0.002516417">
            <system-out>
2026-01-20 14:44:05:445 [35mhttp[39m: [35mPOST /api/projects[39m
2026-01-20 14:44:05:445 [32minfo[39m: [32m[Index] Pre-Gateway: POST /api/projects[39m

2026-01-20 14:44:05:445 [33mwarn[39m: [33mPerformance metric[39m {&quot;method&quot;:&quot;POST&quot;,&quot;path&quot;:&quot;/api/projects&quot;,&quot;statusCode&quot;:404,&quot;responseTime&quot;:0,&quot;dbQueryCount&quot;:0,&quot;dbQueryTime&quot;:0,&quot;memoryDelta&quot;:{&quot;heapUsed&quot;:53176,&quot;external&quot;:291,&quot;rss&quot;:0},&quot;userId&quot;:null,&quot;organizationId&quot;:null,&quot;isSlow&quot;:false,&quot;isError&quot;:true}

2026-01-20 14:44:05:445 [35mhttp[39m: [35mPOST /api/projects[39m
2026-01-20 14:44:05:445 [32minfo[39m: [32m[Index] Pre-Gateway: POST /api/projects[39m

2026-01-20 14:44:05:445 [33mwarn[39m: [33mPerformance metric[39m {&quot;method&quot;:&quot;POST&quot;,&quot;path&quot;:&quot;/api/projects&quot;,&quot;statusCode&quot;:404,&quot;responseTime&quot;:0,&quot;dbQueryCount&quot;:0,&quot;dbQueryTime&quot;:0,&quot;memoryDelta&quot;:{&quot;heapUsed&quot;:50192,&quot;external&quot;:291,&quot;rss&quot;:0},&quot;userId&quot;:null,&quot;organizationId&quot;:null,&quot;isSlow&quot;:false,&quot;isError&quot;:true}

            </system-out>
            <failure message="expected 400 &quot;Bad Request&quot;, got 404 &quot;Not Found&quot;" type="Error">
Error: expected 400 &quot;Bad Request&quot;, got 404 &quot;Not Found&quot;
 ❯ tests/integration/errorHandling.test.js:222:74
 ❯ Test._assertStatus node_modules/supertest/lib/test.js:309:14
 ❯ node_modules/supertest/lib/test.js:365:13
 ❯ Test._assertFunction node_modules/supertest/lib/test.js:342:13
 ❯ Test.assert node_modules/supertest/lib/test.js:195:23
 ❯ localAssert node_modules/supertest/lib/test.js:138:14
 ❯ Server.&lt;anonymous&gt; node_modules/supertest/lib/test.js:152:11
            </failure>
            <failure message="expected 400 &quot;Bad Request&quot;, got 404 &quot;Not Found&quot;" type="Error">
Error: expected 400 &quot;Bad Request&quot;, got 404 &quot;Not Found&quot;
 ❯ tests/integration/errorHandling.test.js:222:74
 ❯ Test._assertStatus node_modules/supertest/lib/test.js:309:14
 ❯ node_modules/supertest/lib/test.js:365:13
 ❯ Test._assertFunction node_modules/supertest/lib/test.js:342:13
 ❯ Test.assert node_modules/supertest/lib/test.js:195:23
 ❯ localAssert node_modules/supertest/lib/test.js:138:14
 ❯ Server.&lt;anonymous&gt; node_modules/supertest/lib/test.js:152:11
            </failure>
        </testcase>
        <testcase classname="tests/integration/errorHandling.test.js" name="Error Handling &amp; Resilience &gt; Server Resilience &gt; should handle concurrent error requests" time="0.005840167">
            <system-out>
2026-01-20 14:44:05:445 [35mhttp[39m: [35mGET /api/nonexistent[39m
2026-01-20 14:44:05:445 [32minfo[39m: [32m[Index] Pre-Gateway: GET /api/nonexistent[39m

2026-01-20 14:44:05:445 [35mhttp[39m: [35mGET /api/nonexistent[39m
2026-01-20 14:44:05:445 [32minfo[39m: [32m[Index] Pre-Gateway: GET /api/nonexistent[39m

2026-01-20 14:44:05:445 [35mhttp[39m: [35mGET /api/nonexistent[39m
2026-01-20 14:44:05:445 [32minfo[39m: [32m[Index] Pre-Gateway: GET /api/nonexistent[39m

2026-01-20 14:44:05:445 [35mhttp[39m: [35mGET /api/nonexistent[39m
2026-01-20 14:44:05:445 [32minfo[39m: [32m[Index] Pre-Gateway: GET /api/nonexistent[39m

2026-01-20 14:44:05:445 [35mhttp[39m: [35mGET /api/nonexistent[39m
2026-01-20 14:44:05:445 [32minfo[39m: [32m[Index] Pre-Gateway: GET /api/nonexistent[39m

2026-01-20 14:44:05:445 [35mhttp[39m: [35mGET /api/nonexistent[39m
2026-01-20 14:44:05:445 [32minfo[39m: [32m[Index] Pre-Gateway: GET /api/nonexistent[39m

2026-01-20 14:44:05:445 [35mhttp[39m: [35mGET /api/nonexistent[39m
2026-01-20 14:44:05:445 [32minfo[39m: [32m[Index] Pre-Gateway: GET /api/nonexistent[39m

2026-01-20 14:44:05:445 [35mhttp[39m: [35mGET /api/nonexistent[39m
2026-01-20 14:44:05:445 [32minfo[39m: [32m[Index] Pre-Gateway: GET /api/nonexistent[39m

2026-01-20 14:44:05:445 [35mhttp[39m: [35mGET /api/nonexistent[39m
2026-01-20 14:44:05:445 [32minfo[39m: [32m[Index] Pre-Gateway: GET /api/nonexistent[39m

2026-01-20 14:44:05:445 [35mhttp[39m: [35mGET /api/nonexistent[39m
2026-01-20 14:44:05:445 [32minfo[39m: [32m[Index] Pre-Gateway: GET /api/nonexistent[39m

[...]
            <system-out>
[AuthMiddleware] Verifying token for path: /

[AuthMiddleware] Deps loaded
[AuthMiddleware] Token extracted: NO
2026-01-20 14:45:20:4520 [32minfo[39m: [32m[TasksRoute] GET / matched[39m
2026-01-20 14:45:20:4520 [32minfo[39m: [32m[TaskController] getTasks called[39m {&quot;user&quot;:&quot;test-user-id&quot;,&quot;org&quot;:&quot;test-org-id&quot;}

            </system-out>
        </testcase>
        <testcase classname="tests/integration/routes/tasks.test.js" name="Tasks Routes &gt; GET /api/tasks &gt; filters by assigneeId" time="0.005881917">
            <system-out>
[AuthMiddleware] Verifying token for path: /

[AuthMiddleware] Deps loaded
[AuthMiddleware] Token extracted: NO
2026-01-20 14:45:20:4520 [32minfo[39m: [32m[TasksRoute] GET / matched[39m
2026-01-20 14:45:20:4520 [32minfo[39m: [32m[TaskController] getTasks called[39m {&quot;user&quot;:&quot;test-user-id&quot;,&quot;org&quot;:&quot;test-org-id&quot;}

            </system-out>
        </testcase>
        <testcase classname="tests/integration/routes/tasks.test.js" name="Tasks Routes &gt; GET /api/tasks &gt; filters by priority" time="0.00597975">
            <system-out>
[AuthMiddleware] Verifying token for path: /

[AuthMiddleware] Deps loaded
[AuthMiddleware] Token extracted: NO
2026-01-20 14:45:20:4520 [32minfo[39m: [32m[TasksRoute] GET / matched[39m
2026-01-20 14:45:20:4520 [32minfo[39m: [32m[TaskController] getTasks called[39m {&quot;user&quot;:&quot;test-user-id&quot;,&quot;org&quot;:&quot;test-org-id&quot;}

            </system-out>
        </testcase>
        <testcase classname="tests/integration/routes/tasks.test.js" name="Tasks Routes &gt; GET /api/tasks &gt; filters by initiativeId" time="0.009126709">
            <system-out>
[AuthMiddleware] Verifying token for path: /

[AuthMiddleware] Deps loaded
[AuthMiddleware] Token extracted: NO
2026-01-20 14:45:20:4520 [32minfo[39m: [32m[TasksRoute] GET / matched[39m
2026-01-20 14:45:20:4520 [32minfo[39m: [32m[TaskController] getTasks called[39m {&quot;user&quot;:&quot;test-user-id&quot;,&quot;org&quot;:&quot;test-org-id&quot;}

            </system-out>
        </testcase>
        <testcase classname="tests/integration/routes/tasks.test.js" name="Tasks Routes &gt; GET /api/tasks &gt; parses JSON fields correctly" time="0.005960542">
            <system-out>
[AuthMiddleware] Verifying token for path: /

[AuthMiddleware] Deps loaded
[AuthMiddleware] Token extracted: NO
2026-01-20 14:45:20:4520 [32minfo[39m: [32m[TasksRoute] GET / matched[39m
2026-01-20 14:45:20:4520 [32minfo[39m: [32m[TaskController] getTasks called[39m {&quot;user&quot;:&quot;test-user-id&quot;,&quot;org&quot;:&quot;test-org-id&quot;}

            </system-out>
        </testcase>
        <testcase classname="tests/integration/routes/tasks.test.js" name="Tasks Routes &gt; GET /api/tasks &gt; orders by priority and due date" time="0.005532542">
            <system-out>
[AuthMiddleware] Verifying token for path: /

[AuthMiddleware] Deps loaded
[AuthMiddleware] Token extracted: NO
2026-01-20 14:45:20:4520 [32minfo[39m: [32m[TasksRoute] GET / matched[39m
2026-01-20 14:45:20:4520 [32minfo[39m: [32m[TaskController] getTasks called[39m {&quot;user&quot;:&quot;test-user-id&quot;,&quot;org&quot;:&quot;test-org-id&quot;}

            </system-out>
        </testcase>
        <testcase classname="tests/integration/routes/tasks.test.js" name="Tasks Routes &gt; GET /api/tasks &gt; handles database errors by returning empty list (graceful fallback)" time="0.007494083">
            <system-out>
[AuthMiddleware] Verifying token for path: /

[AuthMiddleware] Deps loaded
[AuthMiddleware] Token extracted: NO
2026-01-20 14:45:20:4520 [32minfo[39m: [32m[TasksRoute] GET / matched[39m
2026-01-20 14:45:20:4520 [32minfo[39m: [32m[TaskController] getTasks called[39m {&quot;user&quot;:&quot;test-user-id&quot;,&quot;org&quot;:&quot;test-org-id&quot;}
2026-01-20 14:45:20:4520 [33mwarn[39m: [33m[DB:Promise] Query error[39m {&quot;error&quot;:&quot;Database error&quot;,&quot;sql&quot;:&quot;\n            SELECT \n                t.*,\n                a.first_name as assignee_first_name,\n     &quot;,&quot;params&quot;:[&quot;test-org-id&quot;,100,0]}

            </system-out>
            <system-err>
[DB:Promise] Error: Database error {
  sql: [32m&apos;\n&apos;[39m +
    [32m&apos;            SELECT \n&apos;[39m +
    [32m&apos;                t.*,\n&apos;[39m +
    [32m&apos;                a.first_name as assignee_first_name,\n&apos;[39m +
    [32m&apos;                a.last_name as assignee_last_name,\n&apos;[39m +
    [32m&apos;                a.avatar_url as assignee_avatar,\n&apos;[39m +
    [32m&apos;                r.first_name as reporter_first_name,\n&apos;[39m +
    [32m&apos;                r.last_name as reporter_last_name,\n&apos;[39m +
    [32m&apos;                r.avatar_url as reporter_avatar,\n&apos;[39m +
    [32m&apos;                p.name as project_name,\n&apos;[39m +
    [32m&apos;                i.name as initiative_name\n&apos;[39m +
    [32m&apos;            FROM tasks t\n&apos;[39m +
    [32m&apos;            LEFT JOIN users a ON t.assignee_id = a.id\n&apos;[39m +
    [32m&apos;            LEFT JOIN users r ON t.reporter_id = r.id\n&apos;[39m +
    [32m&apos;            LEFT JOIN projects p ON t.project_id = p.id\n&apos;[39m +
    [32m&apos;            LEFT JOIN initiatives i ON t.initiative_id = i.id\n&apos;[39m +
    [32m&apos;            WHERE t.organization_id = ?\n&apos;[39m +
    [32m&apos;         ORDER BY \n&apos;[39m +
    [32m&apos;            CASE t.priority \n&apos;[39m +
    [32m&quot;                WHEN &apos;urgent&apos; THEN 1 \n&quot;[39m +
    [32m&quot;                WHEN &apos;critical&apos; THEN 1\n&quot;[39m +
    [32m&quot;                WHEN &apos;high&apos; THEN 2 \n&quot;[39m +
    [32m&quot;                WHEN &apos;medium&apos; THEN 3 \n&quot;[39m +
    [32m&quot;                WHEN &apos;low&apos; THEN 4 \n&quot;[39m +
    [32m&apos;            END,\n&apos;[39m +
    [32m&apos;            t.due_date ASC,\n&apos;[39m +
    [32m&apos;            t.created_at DESC\n&apos;[39m +
    [32m&apos;            LIMIT ? OFFSET ?&apos;[39m,
  params: [ [32m&apos;test-org-id&apos;[39m, [33m100[39m, [33m0[39m ]
}

            </system-err>
        </testcase>
        <testcase classname="tests/integration/routes/tasks.test.js" name="Tasks Routes &gt; GET /api/tasks/:id &gt; returns single task" time="0.006692167">
            <system-out>
[AuthMiddleware] Verifying token for path: /task-1

[AuthMiddleware] Deps loaded
[AuthMiddleware] Token extracted: NO

            </system-out>
        </testcase>
        <testcase classname="tests/integration/routes/tasks.test.js" name="Tasks Routes &gt; GET /api/tasks/:id &gt; returns 404 for non-existent task" time="0.005182083">
            <system-out>
[AuthMiddleware] Verifying token for path: /non-existent

[AuthMiddleware] Deps loaded
[AuthMiddleware] Token extracted: NO

            </system-out>
        </testcase>
    </testsuite>
    <testsuite name="tests/integration/routes/teams.test.js" timestamp="2026-01-20T19:45:58.644Z" hostname="MacBook-Pro-Piotr.local" tests="3" failures="1" errors="0" skipped="0" time="0.161543083">
        <testcase classname="tests/integration/routes/teams.test.js" name="Integration Test: Teams Routes &gt; GET /api/teams &gt; should return list of teams" time="0.001213709">
            <system-out>
Skipping teams list test - no auth token

            </system-out>
        </testcase>
        <testcase classname="tests/integration/routes/teams.test.js" name="Integration Test: Teams Routes &gt; GET /api/teams &gt; should require authentication" time="0.007090791">
            <system-out>
2026-01-20 14:45:21:4521 [35mhttp[39m: [35mGET /api/teams[39m
2026-01-20 14:45:21:4521 [32minfo[39m: [32m[Index] Pre-Gateway: GET /api/teams[39m

2026-01-20 14:45:21:4521 [33mwarn[39m: [33mPerformance metric[39m {&quot;method&quot;:&quot;GET&quot;,&quot;path&quot;:&quot;/api/teams&quot;,&quot;statusCode&quot;:404,&quot;responseTime&quot;:1,&quot;dbQueryCount&quot;:0,&quot;dbQueryTime&quot;:0,&quot;memoryDelta&quot;:{&quot;heapUsed&quot;:-329112,&quot;external&quot;:284,&quot;rss&quot;:65536},&quot;userId&quot;:null,&quot;organizationId&quot;:null,&quot;isSlow&quot;:false,&quot;isError&quot;:true}

2026-01-20 14:45:21:4521 [35mhttp[39m: [35mGET /api/teams[39m
2026-01-20 14:45:21:4521 [32minfo[39m: [32m[Index] Pre-Gateway: GET /api/teams[39m

2026-01-20 14:45:21:4521 [33mwarn[39m: [33mPerformance metric[39m {&quot;method&quot;:&quot;GET&quot;,&quot;path&quot;:&quot;/api/teams&quot;,&quot;statusCode&quot;:404,&quot;responseTime&quot;:0,&quot;dbQueryCount&quot;:0,&quot;dbQueryTime&quot;:0,&quot;memoryDelta&quot;:{&quot;heapUsed&quot;:239504,&quot;external&quot;:284,&quot;rss&quot;:32768},&quot;userId&quot;:null,&quot;organizationId&quot;:null,&quot;isSlow&quot;:false,&quot;isError&quot;:true}

            </system-out>
            <failure message="expected [ 200, 401, 403 ] to include 404" type="AssertionError">
AssertionError: expected [ 200, 401, 403 ] to include 404
 ❯ tests/integration/routes/teams.test.js:77:31
            </failure>
            <failure message="expected [ 200, 401, 403 ] to include 404" type="AssertionError">
AssertionError: expected [ 200, 401, 403 ] to include 404
 ❯ tests/integration/routes/teams.test.js:77:31
            </failure>
        </testcase>
        <testcase classname="tests/integration/routes/teams.test.js" name="Integration Test: Teams Routes &gt; POST /api/teams &gt; should create a new team" time="0.00027875">
            <system-out>
Skipping create team test - no auth token

            </system-out>
        </testcase>
    </testsuite>
    <testsuite name="tests/integration/routes/tokenBilling.test.js" timestamp="2026-01-20T19:45:58.645Z" hostname="MacBook-Pro-Piotr.local" tests="5" failures="1" errors="0" skipped="0" time="0.139219">
        <testcase classname="tests/integration/routes/tokenBilling.test.js" name="Integration Test: Token Billing Routes &gt; GET /api/token-billing/balance &gt; should return user token balance" time="0.001135542">
            <system-out>
Skipping balance test - no auth token

            </system-out>
        </testcase>
        <testcase classname="tests/integration/routes/tokenBilling.test.js" name="Integration Test: Token Billing Routes &gt; GET /api/token-billing/balance &gt; should require authentication" time="0.007388">
            <system-out>
2026-01-20 14:45:22:4522 [35mhttp[39m: [35mGET /api/token-billing/balance[39m
2026-01-20 14:45:22:4522 [32minfo[39m: [32m[Index] Pre-Gateway: GET /api/token-billing/balance[39m

2026-01-20 14:45:22:4522 [33mwarn[39m: [33mPerformance metric[39m {&quot;method&quot;:&quot;GET&quot;,&quot;path&quot;:&quot;/api/token-billing/balance&quot;,&quot;statusCode&quot;:404,&quot;responseTime&quot;:1,&quot;dbQueryCount&quot;:0,&quot;dbQueryTime&quot;:0,&quot;memoryDelta&quot;:{&quot;heapUsed&quot;:109472,&quot;external&quot;:314,&quot;rss&quot;:32768},&quot;userId&quot;:null,&quot;organizationId&quot;:null,&quot;isSlow&quot;:false,&quot;isError&quot;:true}

2026-01-20 14:45:22:4522 [35mhttp[39m: [35mGET /api/token-billing/balance[39m
2026-01-20 14:45:22:4522 [32minfo[39m: [32m[Index] Pre-Gateway: GET /api/token-billing/balance[39m

2026-01-20 14:45:22:4522 [33mwarn[39m: [33mPerformance metric[39m {&quot;method&quot;:&quot;GET&quot;,&quot;path&quot;:&quot;/api/token-billing/balance&quot;,&quot;statusCode&quot;:404,&quot;responseTime&quot;:1,&quot;dbQueryCount&quot;:0,&quot;dbQueryTime&quot;:0,&quot;memoryDelta&quot;:{&quot;heapUsed&quot;:440440,&quot;external&quot;:314,&quot;rss&quot;:16384},&quot;userId&quot;:null,&quot;organizationId&quot;:null,&quot;isSlow&quot;:false,&quot;isError&quot;:true}

            </system-out>
            <failure message="expected [ 401, 403 ] to include 404" type="AssertionError">
AssertionError: expected [ 401, 403 ] to include 404
 ❯ tests/integration/routes/tokenBilling.test.js:85:26
            </failure>
            <failure message="expected [ 401, 403 ] to include 404" type="AssertionError">
AssertionError: expected [ 401, 403 ] to include 404
 ❯ tests/integration/routes/tokenBilling.test.js:85:26
            </failure>
        </testcase>
        <testcase classname="tests/integration/routes/tokenBilling.test.js" name="Integration Test: Token Billing Routes &gt; GET /api/token-billing/packages &gt; should return available token packages" time="0.000293333">
            <system-out>
Skipping packages test - no auth token

            </system-out>
        </testcase>
        <testcase classname="tests/integration/routes/tokenBilling.test.js" name="Integration Test: Token Billing Routes &gt; GET /api/token-billing/transactions &gt; should return token usage history" time="0.00027825">
            <system-out>
Skipping transactions test - no auth token

            </system-out>
        </testcase>
        <testcase classname="tests/integration/routes/tokenBilling.test.js" name="Integration Test: Token Billing Routes &gt; GET /api/token-billing/margins &gt; should return margins (admin only)" time="0.000238291">
            <system-out>
Skipping margins test - no auth token

            </system-out>
        </testcase>
    </testsuite>
    <testsuite name="tests/integration/routes/users.test.js" timestamp="2026-01-20T19:45:58.646Z" hostname="MacBook-Pro-Piotr.local" tests="5" failures="1" errors="0" skipped="0" time="0.209610125">
        <testcase classname="tests/integration/routes/users.test.js" name="Integration Test: Users Routes &gt; GET /api/users &gt; should return list of users" time="0.001128792">
            <system-out>
Skipping users list test - no auth token

            </system-out>
        </testcase>
        <testcase classname="tests/integration/routes/users.test.js" name="Integration Test: Users Routes &gt; GET /api/users &gt; should require authentication" time="0.007042542">
            <system-out>
2026-01-20 14:45:22:4522 [35mhttp[39m: [35mGET /api/users[39m
2026-01-20 14:45:22:4522 [32minfo[39m: [32m[Index] Pre-Gateway: GET /api/users[39m

2026-01-20 14:45:22:4522 [33mwarn[39m: [33mPerformance metric[39m {&quot;method&quot;:&quot;GET&quot;,&quot;path&quot;:&quot;/api/users&quot;,&quot;statusCode&quot;:404,&quot;responseTime&quot;:1,&quot;dbQueryCount&quot;:0,&quot;dbQueryTime&quot;:0,&quot;memoryDelta&quot;:{&quot;heapUsed&quot;:108712,&quot;external&quot;:284,&quot;rss&quot;:49152},&quot;userId&quot;:null,&quot;organizationId&quot;:null,&quot;isSlow&quot;:false,&quot;isError&quot;:true}

2026-01-20 14:45:23:4523 [35mhttp[39m: [35mGET /api/users[39m
2026-01-20 14:45:23:4523 [32minfo[39m: [32m[Index] Pre-Gateway: GET /api/users[39m

2026-01-20 14:45:23:4523 [33mwarn[39m: [33mPerformance metric[39m {&quot;method&quot;:&quot;GET&quot;,&quot;path&quot;:&quot;/api/users&quot;,&quot;statusCode&quot;:404,&quot;responseTime&quot;:1,&quot;dbQueryCount&quot;:0,&quot;dbQueryTime&quot;:0,&quot;memoryDelta&quot;:{&quot;heapUsed&quot;:314952,&quot;external&quot;:284,&quot;rss&quot;:32768},&quot;userId&quot;:null,&quot;organizationId&quot;:null,&quot;isSlow&quot;:false,&quot;isError&quot;:true}

            </system-out>
            <failure message="expected [ 401, 403 ] to include 404" type="AssertionError">
AssertionError: expected [ 401, 403 ] to include 404
 ❯ tests/integration/routes/users.test.js:81:26
            </failure>
            <failure message="expected [ 401, 403 ] to include 404" type="AssertionError">
AssertionError: expected [ 401, 403 ] to include 404
 ❯ tests/integration/routes/users.test.js:81:26
            </failure>
        </testcase>
        <testcase classname="tests/integration/routes/users.test.js" name="Integration Test: Users Routes &gt; GET /api/auth/me &gt; should return current user" time="0.000241917">
            <system-out>
Skipping me test - no auth token

            </system-out>
        </testcase>
        <testcase classname="tests/integration/routes/users.test.js" name="Integration Test: Users Routes &gt; GET /api/users/:id &gt; should return user by id" time="0.000248625">
            <system-out>
Skipping user by id test - no auth token

            </system-out>
        </testcase>
        <testcase classname="tests/integration/routes/users.test.js" name="Integration Test: Users Routes &gt; PUT /api/users/:id &gt; should update user" time="0.000238375">
            <system-out>
Skipping update test - no auth token

            </system-out>
        </testcase>
    </testsuite>
    <testsuite name="tests/integration/users/user-endpoints.test.ts" timestamp="2026-01-20T19:45:58.646Z" hostname="MacBook-Pro-Piotr.local" tests="5" failures="0" errors="0" skipped="0" time="0.021555792">
        <testcase classname="tests/integration/users/user-endpoints.test.ts" name="User Endpoints Integration &gt; GET /api/users &gt; should require authentication" time="0.009796791">
        </testcase>
        <testcase classname="tests/integration/users/user-endpoints.test.ts" name="User Endpoints Integration &gt; GET /api/users &gt; should return users list" time="0.001711833">
        </testcase>
        <testcase classname="tests/integration/users/user-endpoints.test.ts" name="User Endpoints Integration &gt; POST /api/users &gt; should create user" time="0.004796459">
        </testcase>
        <testcase classname="tests/integration/users/user-endpoints.test.ts" name="User Endpoints Integration &gt; POST /api/users &gt; should require email and name" time="0.0012645">
        </testcase>
        <testcase classname="tests/integration/users/user-endpoints.test.ts" name="User Endpoints Integration &gt; GET /api/users/:id &gt; should return 404 for non-existent user" time="0.001445167">
        </testcase>
    </testsuite>
    <testsuite name="tests/integration/webhooks/webhook-endpoints.test.ts" timestamp="2026-01-20T19:45:58.647Z" hostname="MacBook-Pro-Piotr.local" tests="4" failures="0" errors="0" skipped="0" time="0.021897667">
        <testcase classname="tests/integration/webhooks/webhook-endpoints.test.ts" name="Webhook Endpoints Integration &gt; GET /api/webhooks &gt; should return webhooks" time="0.009902">
        </testcase>
        <testcase classname="tests/integration/webhooks/webhook-endpoints.test.ts" name="Webhook Endpoints Integration &gt; POST /api/webhooks &gt; should create webhook" time="0.005459709">
        </testcase>
        <testcase classname="tests/integration/webhooks/webhook-endpoints.test.ts" name="Webhook Endpoints Integration &gt; POST /api/webhooks &gt; should require url and events" time="0.001299917">
        </testcase>
        <testcase classname="tests/integration/webhooks/webhook-endpoints.test.ts" name="Webhook Endpoints Integration &gt; POST /api/webhooks/:id/test &gt; should test webhook" time="0.002700209">
        </testcase>
    </testsuite>
    <testsuite name="tests/integration/vendors/vendor-endpoints.test.ts" timestamp="2026-01-20T19:45:58.647Z" hostname="MacBook-Pro-Piotr.local" tests="4" failures="0" errors="0" skipped="0" time="0.02184475">
        <testcase classname="tests/integration/vendors/vendor-endpoints.test.ts" name="Vendor Endpoints Integration &gt; GET /api/vendors &gt; should return vendors" time="0.009955625">
        </testcase>
        <testcase classname="tests/integration/vendors/vendor-endpoints.test.ts" name="Vendor Endpoints Integration &gt; POST /api/vendors &gt; should create vendor" time="0.005355292">
        </testcase>
        <testcase classname="tests/integration/vendors/vendor-endpoints.test.ts" name="Vendor Endpoints Integration &gt; POST /api/vendors &gt; should require name" time="0.001329792">
        </testcase>
        <testcase classname="tests/integration/vendors/vendor-endpoints.test.ts" name="Vendor Endpoints Integration &gt; POST /api/vendors/:id/rate &gt; should rate vendor" time="0.002746">
        </testcase>
    </testsuite>
</testsuites>
