<?xml version="1.0" encoding="UTF-8" ?>
<testsuites name="vitest tests" tests="1" failures="0" errors="0" time="0.003085666">
    <testsuite name="tests/unit/backend/ollama_disabled.test.js" timestamp="2025-12-12T10:47:33.750Z" hostname="MacBook-Air-Piotr.local" tests="1" failures="0" errors="0" skipped="0" time="0.003085666">
        <testcase classname="tests/unit/backend/ollama_disabled.test.js" name="Ollama Disable Verification &gt; should throw &quot;Ollama connection is disabled&quot; error when calling LLM with ollama provider" time="0.002346541">
            <system-err>
LLM Call Error Error: Ollama connection is disabled by system configuration.
    at Object.callLLM [90m(/Users/piotrwisniewski/Documents/Antygracity/DRD/consultify/[39mserver/services/aiService.js:203:27[90m)[39m
[90m    at processTicksAndRejections (node:internal/process/task_queues:105:5)[39m

            </system-err>
        </testcase>
    </testsuite>
</testsuites>
