<?xml version="1.0" encoding="UTF-8" ?>
<testsuites name="vitest tests" tests="3" failures="1" errors="0" time="0.144360416">
    <testsuite name="tests/integration/tasks.test.js" timestamp="2026-01-04T16:57:09.297Z" hostname="mac.home" tests="3" failures="1" errors="0" skipped="2" time="0.144360416">
        <testcase classname="tests/integration/tasks.test.js" name="Tasks Integration &gt; should list tasks" time="0">
            <skipped/>
        </testcase>
        <testcase classname="tests/integration/tasks.test.js" name="Tasks Integration &gt; should create a task" time="0">
            <skipped/>
        </testcase>
        <testcase classname="tests/integration/tasks.test.js" name="Tasks Integration" time="0.143795917">
            <system-out>
[Database] Mocking database for tests

[dotenv@17.2.3] injecting env (7) from .env -- tip: ⚙️  write to custom object with { processEnv: myObject }
[Redis] Initializing client...
[Redis] Using Mock Client

            </system-out>
            <failure message="Cannot find module &apos;/Users/piotrwisniewski/Documents/Antygracity/DRD/consultify/server/src/database/index.js&apos; imported from /Users/piotrwisniewski/Documents/Antygracity/DRD/consultify/server/services/auditLogService.js" type="Error">
Error: Cannot find module &apos;/Users/piotrwisniewski/Documents/Antygracity/DRD/consultify/server/src/database/index.js&apos; imported from /Users/piotrwisniewski/Documents/Antygracity/DRD/consultify/server/services/auditLogService.js
⎯⎯⎯⎯⎯⎯⎯⎯⎯⎯⎯⎯⎯⎯⎯⎯⎯⎯⎯⎯⎯⎯⎯⎯⎯⎯⎯⎯⎯⎯⎯⎯⎯⎯⎯⎯⎯⎯⎯⎯⎯⎯⎯⎯⎯⎯⎯⎯⎯⎯⎯⎯⎯⎯⎯⎯⎯⎯⎯⎯⎯⎯⎯⎯⎯⎯⎯⎯⎯⎯⎯⎯⎯⎯⎯⎯⎯⎯⎯⎯⎯⎯⎯⎯⎯⎯⎯⎯⎯⎯⎯⎯⎯⎯⎯⎯⎯⎯⎯⎯⎯⎯⎯⎯⎯⎯⎯⎯⎯⎯⎯⎯⎯⎯⎯⎯⎯⎯⎯⎯⎯⎯⎯⎯⎯⎯⎯⎯⎯⎯⎯⎯⎯⎯⎯⎯⎯⎯⎯⎯⎯⎯⎯⎯⎯⎯⎯⎯⎯⎯⎯⎯⎯⎯⎯⎯⎯⎯⎯⎯⎯⎯⎯⎯⎯⎯⎯⎯⎯⎯⎯⎯⎯⎯⎯⎯⎯⎯⎯⎯⎯⎯⎯⎯⎯⎯⎯⎯⎯⎯⎯⎯⎯⎯⎯⎯⎯⎯⎯
Serialized Error: { code: &apos;ERR_MODULE_NOT_FOUND&apos;, url: &apos;file:///Users/piotrwisniewski/Documents/Antygracity/DRD/consultify/server/src/database/index.js&apos; }
            </failure>
        </testcase>
    </testsuite>
</testsuites>
