<?xml version="1.0" encoding="UTF-8" ?>
<testsuites name="vitest tests" tests="7" failures="0" errors="0" time="0.681057833">
    <testsuite name="tests/integration/megatrend.test.js" timestamp="2025-12-20T17:20:18.726Z" hostname="MacBook-Pro-Piotr.local" tests="4" failures="0" errors="0" skipped="0" time="0.608882166">
        <testcase classname="tests/integration/megatrend.test.js" name="Megatrend Integration &gt; should fetch baseline megatrends" time="0.006823334">
        </testcase>
        <testcase classname="tests/integration/megatrend.test.js" name="Megatrend Integration &gt; should fetch radar data" time="0.002835334">
        </testcase>
        <testcase classname="tests/integration/megatrend.test.js" name="Megatrend Integration &gt; should fetch megatrend detail by ID" time="0.003840208">
        </testcase>
        <testcase classname="tests/integration/megatrend.test.js" name="Megatrend Integration &gt; should create and manage custom trend" time="0.003444417">
        </testcase>
    </testsuite>
    <testsuite name="tests/integration/routes/documents.test.js" timestamp="2025-12-20T17:20:18.727Z" hostname="MacBook-Pro-Piotr.local" tests="3" failures="0" errors="0" skipped="0" time="0.072175667">
        <testcase classname="tests/integration/routes/documents.test.js" name="Integration Test: Documents Routes &gt; GET /api/documents &gt; should return list of documents" time="0.002255375">
        </testcase>
        <testcase classname="tests/integration/routes/documents.test.js" name="Integration Test: Documents Routes &gt; GET /api/documents &gt; should require authentication" time="0.00135275">
        </testcase>
        <testcase classname="tests/integration/routes/documents.test.js" name="Integration Test: Documents Routes &gt; POST /api/documents/upload &gt; should require file upload" time="0.001179625">
        </testcase>
    </testsuite>
</testsuites>
