<?xml version="1.0" encoding="UTF-8" ?>
<testsuites name="vitest tests" tests="1416" failures="133" errors="0" time="33.841295917">
    <testsuite name="tests/unit/actionProposalEngine.test.js" timestamp="2025-12-21T16:39:31.377Z" hostname="MacBook-Pro-Piotr.local" tests="6" failures="0" errors="0" skipped="0" time="0.220056875">
        <testcase classname="tests/unit/actionProposalEngine.test.js" name="ActionProposalEngine &gt; should generate proposals for USER_AT_RISK" time="0.006398791">
        </testcase>
        <testcase classname="tests/unit/actionProposalEngine.test.js" name="ActionProposalEngine &gt; should generate proposals for BLOCKED_INITIATIVE" time="0.000192292">
        </testcase>
        <testcase classname="tests/unit/actionProposalEngine.test.js" name="ActionProposalEngine &gt; should generate proposals for STRONG_TEAM_MEMBER" time="0.00015975">
        </testcase>
        <testcase classname="tests/unit/actionProposalEngine.test.js" name="ActionProposalEngine &gt; should be deterministic (return same output for same input)" time="0.000151459">
        </testcase>
        <testcase classname="tests/unit/actionProposalEngine.test.js" name="ActionProposalEngine &gt; should return sorted proposals by proposal_id" time="0.000296584">
        </testcase>
        <testcase classname="tests/unit/actionProposalEngine.test.js" name="ActionProposalEngine &gt; should adhere to the mandatory output model" time="0.000345458">
        </testcase>
    </testsuite>
    <testsuite name="tests/unit/aiPlaybookRoutingEngine.test.js" timestamp="2025-12-21T16:39:31.377Z" hostname="MacBook-Pro-Piotr.local" tests="29" failures="0" errors="0" skipped="0" time="0.141101083">
        <testcase classname="tests/unit/aiPlaybookRoutingEngine.test.js" name="AIPlaybookRoutingEngine &gt; evaluateCondition &gt; metric_lte &gt; should match when metric is less than threshold" time="0.001553167">
        </testcase>
        <testcase classname="tests/unit/aiPlaybookRoutingEngine.test.js" name="AIPlaybookRoutingEngine &gt; evaluateCondition &gt; metric_lte &gt; should match when metric equals threshold" time="0.000218666">
        </testcase>
        <testcase classname="tests/unit/aiPlaybookRoutingEngine.test.js" name="AIPlaybookRoutingEngine &gt; evaluateCondition &gt; metric_lte &gt; should not match when metric is greater than threshold" time="0.000156958">
        </testcase>
        <testcase classname="tests/unit/aiPlaybookRoutingEngine.test.js" name="AIPlaybookRoutingEngine &gt; evaluateCondition &gt; metric_lte &gt; should not match when metric is not found" time="0.000361417">
        </testcase>
        <testcase classname="tests/unit/aiPlaybookRoutingEngine.test.js" name="AIPlaybookRoutingEngine &gt; evaluateCondition &gt; metric_lte &gt; should return false for invalid format" time="0.000225583">
        </testcase>
        <testcase classname="tests/unit/aiPlaybookRoutingEngine.test.js" name="AIPlaybookRoutingEngine &gt; evaluateCondition &gt; metric_gte &gt; should match when metric is greater than threshold" time="0.000096625">
        </testcase>
        <testcase classname="tests/unit/aiPlaybookRoutingEngine.test.js" name="AIPlaybookRoutingEngine &gt; evaluateCondition &gt; metric_gte &gt; should match when metric equals threshold" time="0.000057208">
        </testcase>
        <testcase classname="tests/unit/aiPlaybookRoutingEngine.test.js" name="AIPlaybookRoutingEngine &gt; evaluateCondition &gt; metric_gte &gt; should not match when metric is less than threshold" time="0.000041916">
        </testcase>
        <testcase classname="tests/unit/aiPlaybookRoutingEngine.test.js" name="AIPlaybookRoutingEngine &gt; evaluateCondition &gt; flag_eq &gt; should match when flag equals expected value" time="0.000053917">
        </testcase>
        <testcase classname="tests/unit/aiPlaybookRoutingEngine.test.js" name="AIPlaybookRoutingEngine &gt; evaluateCondition &gt; flag_eq &gt; should not match when flag does not equal expected value" time="0.000061292">
        </testcase>
        <testcase classname="tests/unit/aiPlaybookRoutingEngine.test.js" name="AIPlaybookRoutingEngine &gt; evaluateCondition &gt; flag_eq &gt; should work with string values" time="0.000042375">
        </testcase>
        <testcase classname="tests/unit/aiPlaybookRoutingEngine.test.js" name="AIPlaybookRoutingEngine &gt; evaluateCondition &gt; has_open_tasks &gt; should match when open tasks exist and condition is true" time="0.000183459">
        </testcase>
        <testcase classname="tests/unit/aiPlaybookRoutingEngine.test.js" name="AIPlaybookRoutingEngine &gt; evaluateCondition &gt; has_open_tasks &gt; should match when no open tasks and condition is false" time="0.000251125">
        </testcase>
        <testcase classname="tests/unit/aiPlaybookRoutingEngine.test.js" name="AIPlaybookRoutingEngine &gt; evaluateCondition &gt; has_open_tasks &gt; should recognize in_progress as open" time="0.000132917">
        </testcase>
        <testcase classname="tests/unit/aiPlaybookRoutingEngine.test.js" name="AIPlaybookRoutingEngine &gt; evaluateCondition &gt; has_open_tasks &gt; should recognize PENDING as open" time="0.000133625">
        </testcase>
        <testcase classname="tests/unit/aiPlaybookRoutingEngine.test.js" name="AIPlaybookRoutingEngine &gt; evaluateCondition &gt; signal_present &gt; should match when signal is present" time="0.000126625">
        </testcase>
        <testcase classname="tests/unit/aiPlaybookRoutingEngine.test.js" name="AIPlaybookRoutingEngine &gt; evaluateCondition &gt; signal_present &gt; should not match when signal is not present" time="0.000089208">
        </testcase>
        <testcase classname="tests/unit/aiPlaybookRoutingEngine.test.js" name="AIPlaybookRoutingEngine &gt; evaluateCondition &gt; signal_present &gt; should handle simple string signals" time="0.000108834">
        </testcase>
        <testcase classname="tests/unit/aiPlaybookRoutingEngine.test.js" name="AIPlaybookRoutingEngine &gt; evaluateCondition &gt; time_since_step_gte &gt; should match when enough time has passed" time="0.000352875">
        </testcase>
        <testcase classname="tests/unit/aiPlaybookRoutingEngine.test.js" name="AIPlaybookRoutingEngine &gt; evaluateCondition &gt; time_since_step_gte &gt; should not match when not enough time has passed" time="0.000133375">
        </testcase>
        <testcase classname="tests/unit/aiPlaybookRoutingEngine.test.js" name="AIPlaybookRoutingEngine &gt; evaluateCondition &gt; time_since_step_gte &gt; should not match when step timestamp not found" time="0.000133583">
        </testcase>
        <testcase classname="tests/unit/aiPlaybookRoutingEngine.test.js" name="AIPlaybookRoutingEngine &gt; evaluateCondition &gt; unknown conditions &gt; should fail safely for unknown condition type" time="0.0005555">
            <system-err>
[AIPlaybookRoutingEngine] Unknown condition type: unknown_condition

            </system-err>
        </testcase>
        <testcase classname="tests/unit/aiPlaybookRoutingEngine.test.js" name="AIPlaybookRoutingEngine &gt; evaluateCondition &gt; unknown conditions &gt; should fail safely for empty condition" time="0.000101541">
        </testcase>
        <testcase classname="tests/unit/aiPlaybookRoutingEngine.test.js" name="AIPlaybookRoutingEngine &gt; evaluateRouting &gt; should select first matching rule in first_match mode" time="0.000165458">
        </testcase>
        <testcase classname="tests/unit/aiPlaybookRoutingEngine.test.js" name="AIPlaybookRoutingEngine &gt; evaluateRouting &gt; should use else_goto when no rules match" time="0.000054041">
        </testcase>
        <testcase classname="tests/unit/aiPlaybookRoutingEngine.test.js" name="AIPlaybookRoutingEngine &gt; evaluateRouting &gt; should return null when no rules match and no else_goto" time="0.000053125">
        </testcase>
        <testcase classname="tests/unit/aiPlaybookRoutingEngine.test.js" name="AIPlaybookRoutingEngine &gt; evaluateRouting &gt; should use linear flow when no branch_rules defined" time="0.000036417">
        </testcase>
        <testcase classname="tests/unit/aiPlaybookRoutingEngine.test.js" name="AIPlaybookRoutingEngine &gt; evaluateRouting &gt; should record evaluation trace" time="0.000425083">
        </testcase>
        <testcase classname="tests/unit/aiPlaybookRoutingEngine.test.js" name="AIPlaybookRoutingEngine &gt; evaluateRouting &gt; should skip rules with invalid conditions" time="0.000051083">
        </testcase>
    </testsuite>
    <testsuite name="tests/unit/aiResponsePostProcessor.test.js" timestamp="2025-12-21T16:39:31.379Z" hostname="MacBook-Pro-Piotr.local" tests="20" failures="0" errors="0" skipped="0" time="0.396527041">
        <testcase classname="tests/unit/aiResponsePostProcessor.test.js" name="aiResponsePostProcessor &gt; Memory Prefix &gt; should add memory prefix when memory count &gt; 0" time="0.000609">
        </testcase>
        <testcase classname="tests/unit/aiResponsePostProcessor.test.js" name="aiResponsePostProcessor &gt; Memory Prefix &gt; should NOT add memory prefix when memory count is 0" time="0.000158041">
        </testcase>
        <testcase classname="tests/unit/aiResponsePostProcessor.test.js" name="aiResponsePostProcessor &gt; Memory Prefix &gt; should NOT duplicate memory prefix if already present" time="0.000091459">
        </testcase>
        <testcase classname="tests/unit/aiResponsePostProcessor.test.js" name="aiResponsePostProcessor &gt; External Sources Prefix &gt; should add external prefix when external sources are used" time="0.000085875">
        </testcase>
        <testcase classname="tests/unit/aiResponsePostProcessor.test.js" name="aiResponsePostProcessor &gt; External Sources Prefix &gt; should NOT add external prefix when no external sources" time="0.000075458">
        </testcase>
        <testcase classname="tests/unit/aiResponsePostProcessor.test.js" name="aiResponsePostProcessor &gt; External Sources Prefix &gt; should NOT duplicate external prefix if already present" time="0.000054042">
        </testcase>
        <testcase classname="tests/unit/aiResponsePostProcessor.test.js" name="aiResponsePostProcessor &gt; Combined Prefixes &gt; should add both prefixes when both memory and external sources exist" time="0.000115458">
        </testcase>
        <testcase classname="tests/unit/aiResponsePostProcessor.test.js" name="aiResponsePostProcessor &gt; Combined Prefixes &gt; should maintain correct order: memory first, then external" time="0.000104708">
        </testcase>
        <testcase classname="tests/unit/aiResponsePostProcessor.test.js" name="aiResponsePostProcessor &gt; Edge Cases &gt; should handle empty response safely" time="0.000059">
        </testcase>
        <testcase classname="tests/unit/aiResponsePostProcessor.test.js" name="aiResponsePostProcessor &gt; Edge Cases &gt; should handle null response safely" time="0.000056916">
        </testcase>
        <testcase classname="tests/unit/aiResponsePostProcessor.test.js" name="aiResponsePostProcessor &gt; Edge Cases &gt; should handle undefined context safely" time="0.000036708">
        </testcase>
        <testcase classname="tests/unit/aiResponsePostProcessor.test.js" name="aiResponsePostProcessor &gt; Edge Cases &gt; should handle null context safely" time="0.000032458">
        </testcase>
        <testcase classname="tests/unit/aiResponsePostProcessor.test.js" name="aiResponsePostProcessor &gt; Edge Cases &gt; should trim whitespace from response" time="0.000029875">
        </testcase>
        <testcase classname="tests/unit/aiResponsePostProcessor.test.js" name="aiResponsePostProcessor &gt; Helper Functions &gt; getMemoryCount &gt; should count previous decisions" time="0.0000345">
        </testcase>
        <testcase classname="tests/unit/aiResponsePostProcessor.test.js" name="aiResponsePostProcessor &gt; Helper Functions &gt; getMemoryCount &gt; should return memoryCount from projectMemory" time="0.000050417">
        </testcase>
        <testcase classname="tests/unit/aiResponsePostProcessor.test.js" name="aiResponsePostProcessor &gt; Helper Functions &gt; getMemoryCount &gt; should return 1 when PMO health snapshot exists" time="0.00003275">
        </testcase>
        <testcase classname="tests/unit/aiResponsePostProcessor.test.js" name="aiResponsePostProcessor &gt; Helper Functions &gt; getExternalSources &gt; should return externalSourcesUsed array" time="0.000393208">
        </testcase>
        <testcase classname="tests/unit/aiResponsePostProcessor.test.js" name="aiResponsePostProcessor &gt; Helper Functions &gt; getExternalSources &gt; should derive sources from fetchedData" time="0.000844459">
        </testcase>
        <testcase classname="tests/unit/aiResponsePostProcessor.test.js" name="aiResponsePostProcessor &gt; Helper Functions &gt; stripPrefixes &gt; should remove memory and external prefixes" time="0.000126541">
        </testcase>
        <testcase classname="tests/unit/aiResponsePostProcessor.test.js" name="aiResponsePostProcessor &gt; Helper Functions &gt; stripPrefixes &gt; should handle text without prefixes" time="0.000052916">
        </testcase>
    </testsuite>
    <testsuite name="tests/unit/aiRoleGuard.test.js" timestamp="2025-12-21T16:39:31.380Z" hostname="MacBook-Pro-Piotr.local" tests="16" failures="0" errors="0" skipped="0" time="0.131236417">
        <testcase classname="tests/unit/aiRoleGuard.test.js" name="AI Role Guard &gt; Role Definitions &gt; should define three roles in correct hierarchy" time="0.001473125">
        </testcase>
        <testcase classname="tests/unit/aiRoleGuard.test.js" name="AI Role Guard &gt; Role Definitions &gt; should define capabilities for each role" time="0.000425875">
        </testcase>
        <testcase classname="tests/unit/aiRoleGuard.test.js" name="AI Role Guard &gt; Role Descriptions &gt; should return correct description for each role" time="0.00017325">
        </testcase>
        <testcase classname="tests/unit/aiRoleGuard.test.js" name="AI Role Guard &gt; Role Descriptions &gt; should default to ADVISOR description for unknown role" time="0.000065">
        </testcase>
        <testcase classname="tests/unit/aiRoleGuard.test.js" name="AI Role Guard &gt; Action Capability Checks &gt; ADVISOR Role &gt; should allow explain actions" time="0.000184541">
        </testcase>
        <testcase classname="tests/unit/aiRoleGuard.test.js" name="AI Role Guard &gt; Action Capability Checks &gt; ADVISOR Role &gt; should block draft creation" time="0.000086583">
        </testcase>
        <testcase classname="tests/unit/aiRoleGuard.test.js" name="AI Role Guard &gt; Action Capability Checks &gt; ADVISOR Role &gt; should block execution actions" time="0.000069458">
        </testcase>
        <testcase classname="tests/unit/aiRoleGuard.test.js" name="AI Role Guard &gt; Action Capability Checks &gt; MANAGER Role &gt; should allow draft creation with approval required" time="0.000071042">
        </testcase>
        <testcase classname="tests/unit/aiRoleGuard.test.js" name="AI Role Guard &gt; Action Capability Checks &gt; MANAGER Role &gt; should block execution actions" time="0.000059584">
        </testcase>
        <testcase classname="tests/unit/aiRoleGuard.test.js" name="AI Role Guard &gt; Action Capability Checks &gt; OPERATOR Role &gt; should allow execution actions" time="0.000072875">
        </testcase>
        <testcase classname="tests/unit/aiRoleGuard.test.js" name="AI Role Guard &gt; Action Capability Checks &gt; OPERATOR Role &gt; should allow entity modifications" time="0.000058708">
        </testcase>
        <testcase classname="tests/unit/aiRoleGuard.test.js" name="AI Role Guard &gt; Mutation Validation &gt; should block all mutations for ADVISOR" time="0.000074083">
        </testcase>
        <testcase classname="tests/unit/aiRoleGuard.test.js" name="AI Role Guard &gt; Mutation Validation &gt; should allow mutations as drafts for MANAGER" time="0.000056958">
        </testcase>
        <testcase classname="tests/unit/aiRoleGuard.test.js" name="AI Role Guard &gt; Mutation Validation &gt; should allow direct mutations for OPERATOR" time="0.000048458">
        </testcase>
        <testcase classname="tests/unit/aiRoleGuard.test.js" name="AI Role Guard &gt; isActionBlocked &gt; should return blocked with required role for insufficient permissions" time="0.000079542">
        </testcase>
        <testcase classname="tests/unit/aiRoleGuard.test.js" name="AI Role Guard &gt; isActionBlocked &gt; should return not blocked for allowed actions" time="0.0000395">
        </testcase>
    </testsuite>
    <testsuite name="tests/unit/analytics.service.test.ts" timestamp="2025-12-21T16:39:31.381Z" hostname="MacBook-Pro-Piotr.local" tests="8" failures="0" errors="0" skipped="0" time="0.327938333">
        <testcase classname="tests/unit/analytics.service.test.ts" name="Service Test: Analytics &gt; calculateAnalytics &gt; calculates analytics for empty arrays" time="0.000615875">
        </testcase>
        <testcase classname="tests/unit/analytics.service.test.ts" name="Service Test: Analytics &gt; calculateAnalytics &gt; calculates completion rate correctly" time="0.000158375">
        </testcase>
        <testcase classname="tests/unit/analytics.service.test.ts" name="Service Test: Analytics &gt; calculateAnalytics &gt; calculates initiative statistics" time="0.000141541">
        </testcase>
        <testcase classname="tests/unit/analytics.service.test.ts" name="Service Test: Analytics &gt; calculateAnalytics &gt; calculates total cost and benefit" time="0.000068625">
        </testcase>
        <testcase classname="tests/unit/analytics.service.test.ts" name="Service Test: Analytics &gt; generateBurnDownData &gt; generates burn down data for date range" time="0.000230875">
        </testcase>
        <testcase classname="tests/unit/analytics.service.test.ts" name="Service Test: Analytics &gt; generateBurnDownData &gt; handles empty task list" time="0.000058917">
        </testcase>
        <testcase classname="tests/unit/analytics.service.test.ts" name="Service Test: Analytics &gt; generateVelocityData &gt; generates velocity data for specified weeks" time="0.00012425">
        </testcase>
        <testcase classname="tests/unit/analytics.service.test.ts" name="Service Test: Analytics &gt; generateVelocityData &gt; uses default 8 weeks when not specified" time="0.000051166">
        </testcase>
    </testsuite>
    <testsuite name="tests/unit/api.service.test.ts" timestamp="2025-12-21T16:39:31.381Z" hostname="MacBook-Pro-Piotr.local" tests="6" failures="0" errors="0" skipped="0" time="0.246008041">
        <testcase classname="tests/unit/api.service.test.ts" name="Api Service Unit Tests &gt; login: should store token and return user on success" time="0.002889125">
            <system-out>
Api.login called: { email: &apos;test@test.com&apos;, url: &apos;/api/auth/login&apos; }

            </system-out>
        </testcase>
        <testcase classname="tests/unit/api.service.test.ts" name="Api Service Unit Tests &gt; login: should throw error on failure" time="0.000915459">
            <system-out>
Api.login called: { email: &apos;test@test.com&apos;, url: &apos;/api/auth/login&apos; }

            </system-out>
        </testcase>
        <testcase classname="tests/unit/api.service.test.ts" name="Api Service Unit Tests &gt; getUsers: should send Authorization header" time="0.000374">
        </testcase>
        <testcase classname="tests/unit/api.service.test.ts" name="Api Service Unit Tests &gt; getLLMProviders: should return list" time="0.000118666">
        </testcase>
        <testcase classname="tests/unit/api.service.test.ts" name="Api Service Unit Tests &gt; indexKnowledgeFiles: should trigger indexing" time="0.000167375">
        </testcase>
        <testcase classname="tests/unit/api.service.test.ts" name="Api Service Unit Tests &gt; saveSession: should post data" time="0.000145791">
        </testcase>
    </testsuite>
    <testsuite name="tests/unit/asyncJobService.test.js" timestamp="2025-12-21T16:39:31.381Z" hostname="MacBook-Pro-Piotr.local" tests="16" failures="0" errors="0" skipped="0" time="0.317608041">
        <testcase classname="tests/unit/asyncJobService.test.js" name="AsyncJobService Constants and Logic &gt; JOB_TYPES Constants &gt; should export EXECUTE_DECISION type" time="0.09797825">
            <system-out>
[Queue] Using Mock Queue for ai-tasks

            </system-out>
        </testcase>
        <testcase classname="tests/unit/asyncJobService.test.js" name="AsyncJobService Constants and Logic &gt; JOB_TYPES Constants &gt; should export ADVANCE_PLAYBOOK_STEP type" time="0.003527333">
        </testcase>
        <testcase classname="tests/unit/asyncJobService.test.js" name="AsyncJobService Constants and Logic &gt; JOB_STATUSES Constants &gt; should export all required statuses" time="0.001666666">
        </testcase>
        <testcase classname="tests/unit/asyncJobService.test.js" name="AsyncJobService Constants and Logic &gt; JOB_STATUSES Constants &gt; should have 6 status types" time="0.003286625">
        </testcase>
        <testcase classname="tests/unit/asyncJobService.test.js" name="AsyncJobService Constants and Logic &gt; Service Methods Existence &gt; should export enqueueActionExecution" time="0.004752583">
        </testcase>
        <testcase classname="tests/unit/asyncJobService.test.js" name="AsyncJobService Constants and Logic &gt; Service Methods Existence &gt; should export enqueuePlaybookAdvance" time="0.001260125">
        </testcase>
        <testcase classname="tests/unit/asyncJobService.test.js" name="AsyncJobService Constants and Logic &gt; Service Methods Existence &gt; should export getJob" time="0.0046205">
        </testcase>
        <testcase classname="tests/unit/asyncJobService.test.js" name="AsyncJobService Constants and Logic &gt; Service Methods Existence &gt; should export listJobs" time="0.002455334">
        </testcase>
        <testcase classname="tests/unit/asyncJobService.test.js" name="AsyncJobService Constants and Logic &gt; Service Methods Existence &gt; should export retryJob" time="0.001616375">
        </testcase>
        <testcase classname="tests/unit/asyncJobService.test.js" name="AsyncJobService Constants and Logic &gt; Service Methods Existence &gt; should export cancelJob" time="0.000803416">
        </testcase>
        <testcase classname="tests/unit/asyncJobService.test.js" name="AsyncJobService Constants and Logic &gt; Service Methods Existence &gt; should export updateJobStatus" time="0.002895334">
        </testcase>
        <testcase classname="tests/unit/asyncJobService.test.js" name="AsyncJobService Constants and Logic &gt; Service Methods Existence &gt; should export markDeadLetter" time="0.001833625">
        </testcase>
        <testcase classname="tests/unit/asyncJobService.test.js" name="AsyncJobService Constants and Logic &gt; Service Methods Existence &gt; should export incrementAttempts" time="0.002361">
        </testcase>
        <testcase classname="tests/unit/asyncJobService.test.js" name="Action Error Codes &gt; should include async job error codes" time="0.004939417">
        </testcase>
        <testcase classname="tests/unit/asyncJobService.test.js" name="AsyncJobProcessor &gt; should export processDecisionExecution" time="0.018795334">
        </testcase>
        <testcase classname="tests/unit/asyncJobService.test.js" name="AsyncJobProcessor &gt; should export processPlaybookAdvance" time="0.001040666">
        </testcase>
    </testsuite>
    <testsuite name="tests/unit/breakGlassService.test.js" timestamp="2025-12-21T16:39:31.382Z" hostname="MacBook-Pro-Piotr.local" tests="15" failures="0" errors="0" skipped="0" time="0.141191542">
        <testcase classname="tests/unit/breakGlassService.test.js" name="BreakGlassService &gt; SCOPES &gt; should define all break-glass scopes" time="0.000933959">
        </testcase>
        <testcase classname="tests/unit/breakGlassService.test.js" name="BreakGlassService &gt; DEFAULT_DURATION_MINUTES &gt; should be 2 hours (120 minutes)" time="0.00010375">
        </testcase>
        <testcase classname="tests/unit/breakGlassService.test.js" name="BreakGlassService &gt; MAX_DURATION_MINUTES &gt; should be 24 hours (1440 minutes)" time="0.000070334">
        </testcase>
        <testcase classname="tests/unit/breakGlassService.test.js" name="BreakGlassService &gt; startSession &gt; should throw error for missing required parameters" time="0.000578875">
        </testcase>
        <testcase classname="tests/unit/breakGlassService.test.js" name="BreakGlassService &gt; startSession &gt; should throw error for invalid scope" time="0.000115625">
        </testcase>
        <testcase classname="tests/unit/breakGlassService.test.js" name="BreakGlassService &gt; startSession &gt; should throw error if session already exists for scope" time="0.0002855">
        </testcase>
        <testcase classname="tests/unit/breakGlassService.test.js" name="BreakGlassService &gt; startSession &gt; should create session successfully" time="0.0002475">
            <system-out>
[BreakGlass] Session started: test-uuid-1234 (scope: policy_engine_disabled) by user-1

            </system-out>
        </testcase>
        <testcase classname="tests/unit/breakGlassService.test.js" name="BreakGlassService &gt; startSession &gt; should cap duration at MAX_DURATION_MINUTES" time="0.0001315">
            <system-out>
[BreakGlass] Session started: test-uuid-1234 (scope: emergency_access) by user-1

            </system-out>
        </testcase>
        <testcase classname="tests/unit/breakGlassService.test.js" name="BreakGlassService &gt; closeSession &gt; should throw error for non-existent session" time="0.000156917">
        </testcase>
        <testcase classname="tests/unit/breakGlassService.test.js" name="BreakGlassService &gt; closeSession &gt; should throw error for already closed session" time="0.000200458">
        </testcase>
        <testcase classname="tests/unit/breakGlassService.test.js" name="BreakGlassService &gt; closeSession &gt; should close session successfully" time="0.00028">
            <system-out>
[BreakGlass] Session closed: session-1 by user-1

            </system-out>
        </testcase>
        <testcase classname="tests/unit/breakGlassService.test.js" name="BreakGlassService &gt; isBreakGlassActive &gt; should return false when no active session" time="0.000067667">
        </testcase>
        <testcase classname="tests/unit/breakGlassService.test.js" name="BreakGlassService &gt; isBreakGlassActive &gt; should return true when active session exists" time="0.00004725">
        </testcase>
        <testcase classname="tests/unit/breakGlassService.test.js" name="BreakGlassService &gt; getActiveSessions &gt; should return empty array when no sessions" time="0.00028125">
        </testcase>
        <testcase classname="tests/unit/breakGlassService.test.js" name="BreakGlassService &gt; getActiveSessions &gt; should return active sessions" time="0.000392084">
        </testcase>
    </testsuite>
    <testsuite name="tests/unit/connectorAdapter.test.js" timestamp="2025-12-21T16:39:31.383Z" hostname="MacBook-Pro-Piotr.local" tests="11" failures="0" errors="0" skipped="0" time="0.274531333">
        <testcase classname="tests/unit/connectorAdapter.test.js" name="ConnectorAdapter &gt; Dry-run Mode &gt; should return plan without execution in dry-run mode" time="0.007086291">
        </testcase>
        <testcase classname="tests/unit/connectorAdapter.test.js" name="ConnectorAdapter &gt; Dry-run Mode &gt; should respect sandbox_mode flag on config" time="0.000346208">
        </testcase>
        <testcase classname="tests/unit/connectorAdapter.test.js" name="ConnectorAdapter &gt; Error Handling &gt; should return error for unknown connector" time="0.000217625">
        </testcase>
        <testcase classname="tests/unit/connectorAdapter.test.js" name="ConnectorAdapter &gt; Error Handling &gt; should return error for unsupported action" time="0.000186">
        </testcase>
        <testcase classname="tests/unit/connectorAdapter.test.js" name="ConnectorAdapter &gt; Error Handling &gt; should return error when connector not configured" time="0.000222417">
        </testcase>
        <testcase classname="tests/unit/connectorAdapter.test.js" name="ConnectorAdapter &gt; Error Handling &gt; should return error when connector disconnected" time="0.000153209">
        </testcase>
        <testcase classname="tests/unit/connectorAdapter.test.js" name="ConnectorAdapter &gt; Plan Generation &gt; should generate Jira plan for issue_create" time="0.00046225">
        </testcase>
        <testcase classname="tests/unit/connectorAdapter.test.js" name="ConnectorAdapter &gt; Plan Generation &gt; should generate Slack plan for message_send" time="0.000201167">
        </testcase>
        <testcase classname="tests/unit/connectorAdapter.test.js" name="ConnectorAdapter &gt; Plan Generation &gt; should generate Google Calendar plan for event_create" time="0.00014575">
        </testcase>
        <testcase classname="tests/unit/connectorAdapter.test.js" name="ConnectorAdapter &gt; Execution (Mock) &gt; should execute Slack message_send successfully" time="0.000186">
        </testcase>
        <testcase classname="tests/unit/connectorAdapter.test.js" name="ConnectorAdapter &gt; Execution (Mock) &gt; should include duration_ms in result" time="0.000100583">
        </testcase>
    </testsuite>
    <testsuite name="tests/unit/connectorRegistry.test.js" timestamp="2025-12-21T16:39:31.383Z" hostname="MacBook-Pro-Piotr.local" tests="14" failures="0" errors="0" skipped="0" time="0.614479625">
        <testcase classname="tests/unit/connectorRegistry.test.js" name="ConnectorRegistry &gt; getAllConnectors &gt; should return all available connectors" time="0.001298625">
        </testcase>
        <testcase classname="tests/unit/connectorRegistry.test.js" name="ConnectorRegistry &gt; getConnector &gt; should return connector by key" time="0.000154667">
        </testcase>
        <testcase classname="tests/unit/connectorRegistry.test.js" name="ConnectorRegistry &gt; getConnector &gt; should return null for unknown connector" time="0.000072208">
        </testcase>
        <testcase classname="tests/unit/connectorRegistry.test.js" name="ConnectorRegistry &gt; getConnectorsByCategory &gt; should return connectors filtered by category" time="0.000106833">
        </testcase>
        <testcase classname="tests/unit/connectorRegistry.test.js" name="ConnectorRegistry &gt; getConnectorsByCategory &gt; should return empty array for unknown category" time="0.00025325">
        </testcase>
        <testcase classname="tests/unit/connectorRegistry.test.js" name="ConnectorRegistry &gt; hasCapability &gt; should return true for supported capability" time="0.000079292">
        </testcase>
        <testcase classname="tests/unit/connectorRegistry.test.js" name="ConnectorRegistry &gt; hasCapability &gt; should return false for unsupported capability" time="0.000053917">
        </testcase>
        <testcase classname="tests/unit/connectorRegistry.test.js" name="ConnectorRegistry &gt; hasCapability &gt; should return false for unknown connector" time="0.000040458">
        </testcase>
        <testcase classname="tests/unit/connectorRegistry.test.js" name="ConnectorRegistry &gt; validateCredentials &gt; should validate all required credentials present" time="0.000091209">
        </testcase>
        <testcase classname="tests/unit/connectorRegistry.test.js" name="ConnectorRegistry &gt; validateCredentials &gt; should identify missing required credentials" time="0.000095208">
        </testcase>
        <testcase classname="tests/unit/connectorRegistry.test.js" name="ConnectorRegistry &gt; validateCredentials &gt; should handle unknown connector" time="0.000050375">
        </testcase>
        <testcase classname="tests/unit/connectorRegistry.test.js" name="ConnectorRegistry &gt; getRequiredCredentials &gt; should return required credentials for connector" time="0.000048458">
        </testcase>
        <testcase classname="tests/unit/connectorRegistry.test.js" name="ConnectorRegistry &gt; getRequiredCredentials &gt; should return empty array for unknown connector" time="0.0000335">
        </testcase>
        <testcase classname="tests/unit/connectorRegistry.test.js" name="ConnectorRegistry &gt; getAllCategories &gt; should return all categories" time="0.000097167">
        </testcase>
    </testsuite>
    <testsuite name="tests/unit/demoGuard.test.js" timestamp="2025-12-21T16:39:31.384Z" hostname="MacBook-Pro-Piotr.local" tests="6" failures="0" errors="0" skipped="0" time="0.331010167">
        <testcase classname="tests/unit/demoGuard.test.js" name="Demo Guard Middleware &gt; should allow regular users to perform write operations" time="0.009433416">
        </testcase>
        <testcase classname="tests/unit/demoGuard.test.js" name="Demo Guard Middleware &gt; should allow demo users to perform read operations" time="0.002477833">
        </testcase>
        <testcase classname="tests/unit/demoGuard.test.js" name="Demo Guard Middleware &gt; should BLOCK demo users from performing write operations on protected routes" time="0.001664625">
            <system-err>
[DemoGuard] Blocked POST /api/tasks for Demo User undefined (Action: CREATE_TASKS)

            </system-err>
        </testcase>
        <testcase classname="tests/unit/demoGuard.test.js" name="Demo Guard Middleware &gt; should ALLOW demo users to perform write operations on ALLOWED routes (AI Chat)" time="0.001250875">
        </testcase>
        <testcase classname="tests/unit/demoGuard.test.js" name="Demo Guard Middleware &gt; should ALLOW demo users to perform write operations on ALLOWED routes (Logout)" time="0.001190875">
        </testcase>
        <testcase classname="tests/unit/demoGuard.test.js" name="Demo Guard Middleware &gt; should passthrough if no user matches (unauthenticated requests handled elsewhere)" time="0.000921666">
        </testcase>
    </testsuite>
    <testsuite name="tests/unit/demoIsolation.test.js" timestamp="2025-12-21T16:39:31.384Z" hostname="MacBook-Pro-Piotr.local" tests="3" failures="0" errors="0" skipped="0" time="0.338774958">
        <testcase classname="tests/unit/demoIsolation.test.js" name="Demo Guard Isolation Extension &gt; should allow Normal GET for demo user" time="0.007552667">
        </testcase>
        <testcase classname="tests/unit/demoIsolation.test.js" name="Demo Guard Isolation Extension &gt; should BLOCK demo user if they try to switch context via Query Param" time="0.001350833">
            <system-err>
[DemoGuard] Blocked cross-tenant access attempt by Demo User undefined (Target: org-real, Actual: org-demo)

            </system-err>
        </testcase>
        <testcase classname="tests/unit/demoIsolation.test.js" name="Demo Guard Isolation Extension &gt; should BLOCK demo user if they try to switch context via Body" time="0.0075855">
            <system-err>
[DemoGuard] Blocked cross-tenant access attempt by Demo User undefined (Target: org-real, Actual: org-demo)

            </system-err>
        </testcase>
    </testsuite>
    <testsuite name="tests/unit/drdStructure.test.ts" timestamp="2025-12-21T16:39:31.385Z" hostname="MacBook-Pro-Piotr.local" tests="7" failures="0" errors="0" skipped="0" time="0.354895375">
        <testcase classname="tests/unit/drdStructure.test.ts" name="Service Test: drdStructure &gt; exports DRD_STRUCTURE as array" time="0.000514292">
        </testcase>
        <testcase classname="tests/unit/drdStructure.test.ts" name="Service Test: drdStructure &gt; each axis has required properties" time="0.000354667">
        </testcase>
        <testcase classname="tests/unit/drdStructure.test.ts" name="Service Test: drdStructure &gt; each area has required properties" time="0.000838667">
        </testcase>
        <testcase classname="tests/unit/drdStructure.test.ts" name="Service Test: drdStructure &gt; each level has required properties" time="0.003125834">
        </testcase>
        <testcase classname="tests/unit/drdStructure.test.ts" name="Service Test: drdStructure &gt; getQuestionsForAxis &gt; returns areas for valid axis ID" time="0.000089667">
        </testcase>
        <testcase classname="tests/unit/drdStructure.test.ts" name="Service Test: drdStructure &gt; getQuestionsForAxis &gt; returns empty array for invalid axis ID" time="0.000243083">
        </testcase>
        <testcase classname="tests/unit/drdStructure.test.ts" name="Service Test: drdStructure &gt; getQuestionsForAxis &gt; returns areas for different axis IDs" time="0.00007975">
        </testcase>
    </testsuite>
    <testsuite name="tests/unit/governanceAudit.test.js" timestamp="2025-12-21T16:39:31.385Z" hostname="MacBook-Pro-Piotr.local" tests="8" failures="0" errors="0" skipped="0" time="0.133487708">
        <testcase classname="tests/unit/governanceAudit.test.js" name="GovernanceAuditService &gt; logAudit &gt; should throw error for missing required parameters" time="0.00242725">
        </testcase>
        <testcase classname="tests/unit/governanceAudit.test.js" name="GovernanceAuditService &gt; logAudit &gt; should throw error for invalid action" time="0.000586625">
        </testcase>
        <testcase classname="tests/unit/governanceAudit.test.js" name="GovernanceAuditService &gt; logAudit &gt; should log audit entry successfully" time="0.001448084">
            <system-out>
[GovernanceAudit] Logged: CREATE on POLICY_RULE/rule-1 by user-1

            </system-out>
        </testcase>
        <testcase classname="tests/unit/governanceAudit.test.js" name="GovernanceAuditService &gt; getAuditLog &gt; should query with organization filter" time="0.0002585">
        </testcase>
        <testcase classname="tests/unit/governanceAudit.test.js" name="GovernanceAuditService &gt; getAuditLog &gt; should bypass org filter for superadmin" time="0.000137">
        </testcase>
        <testcase classname="tests/unit/governanceAudit.test.js" name="GovernanceAuditService &gt; getAuditLog &gt; should support action filter" time="0.000300292">
        </testcase>
        <testcase classname="tests/unit/governanceAudit.test.js" name="GovernanceAuditService &gt; exportAuditLog &gt; should export as JSON by default" time="0.000143">
        </testcase>
        <testcase classname="tests/unit/governanceAudit.test.js" name="GovernanceAuditService &gt; exportAuditLog &gt; should export as CSV when specified" time="0.000155375">
        </testcase>
    </testsuite>
    <testsuite name="tests/unit/notificationOutboxService.test.js" timestamp="2025-12-21T16:39:31.385Z" hostname="MacBook-Pro-Piotr.local" tests="16" failures="0" errors="0" skipped="0" time="0.251318166">
        <testcase classname="tests/unit/notificationOutboxService.test.js" name="NotificationOutboxService Constants and Logic &gt; NOTIFICATION_TYPES Constants &gt; should export APPROVAL_DUE type" time="0.006981083">
        </testcase>
        <testcase classname="tests/unit/notificationOutboxService.test.js" name="NotificationOutboxService Constants and Logic &gt; NOTIFICATION_TYPES Constants &gt; should export PLAYBOOK_STUCK type" time="0.001184375">
        </testcase>
        <testcase classname="tests/unit/notificationOutboxService.test.js" name="NotificationOutboxService Constants and Logic &gt; NOTIFICATION_TYPES Constants &gt; should export DEAD_LETTER type" time="0.000750667">
        </testcase>
        <testcase classname="tests/unit/notificationOutboxService.test.js" name="NotificationOutboxService Constants and Logic &gt; NOTIFICATION_TYPES Constants &gt; should export ESCALATION type" time="0.000765583">
        </testcase>
        <testcase classname="tests/unit/notificationOutboxService.test.js" name="NotificationOutboxService Constants and Logic &gt; NOTIFICATION_TYPES Constants &gt; should have 4 notification types" time="0.001350875">
        </testcase>
        <testcase classname="tests/unit/notificationOutboxService.test.js" name="NotificationOutboxService Constants and Logic &gt; OUTBOX_STATUSES Constants &gt; should export QUEUED status" time="0.000827125">
        </testcase>
        <testcase classname="tests/unit/notificationOutboxService.test.js" name="NotificationOutboxService Constants and Logic &gt; OUTBOX_STATUSES Constants &gt; should export SENT status" time="0.000896583">
        </testcase>
        <testcase classname="tests/unit/notificationOutboxService.test.js" name="NotificationOutboxService Constants and Logic &gt; OUTBOX_STATUSES Constants &gt; should export FAILED status" time="0.001101125">
        </testcase>
        <testcase classname="tests/unit/notificationOutboxService.test.js" name="NotificationOutboxService Constants and Logic &gt; MAX_ATTEMPTS &gt; should be 3" time="0.000824833">
        </testcase>
        <testcase classname="tests/unit/notificationOutboxService.test.js" name="NotificationOutboxService Constants and Logic &gt; Service Methods Existence &gt; should export enqueue" time="0.001016417">
        </testcase>
        <testcase classname="tests/unit/notificationOutboxService.test.js" name="NotificationOutboxService Constants and Logic &gt; Service Methods Existence &gt; should export shouldNotify" time="0.001026708">
        </testcase>
        <testcase classname="tests/unit/notificationOutboxService.test.js" name="NotificationOutboxService Constants and Logic &gt; Service Methods Existence &gt; should export getUserPreferences" time="0.000842292">
        </testcase>
        <testcase classname="tests/unit/notificationOutboxService.test.js" name="NotificationOutboxService Constants and Logic &gt; Service Methods Existence &gt; should export updateUserPreferences" time="0.000690875">
        </testcase>
        <testcase classname="tests/unit/notificationOutboxService.test.js" name="NotificationOutboxService Constants and Logic &gt; Service Methods Existence &gt; should export processQueue" time="0.001127416">
        </testcase>
        <testcase classname="tests/unit/notificationOutboxService.test.js" name="NotificationOutboxService Constants and Logic &gt; Service Methods Existence &gt; should export getOutboxStats" time="0.000837583">
        </testcase>
        <testcase classname="tests/unit/notificationOutboxService.test.js" name="NotificationOutboxService User Preferences &gt; should return true when no preferences set (default behavior)" time="0.001597625">
        </testcase>
    </testsuite>
    <testsuite name="tests/unit/pdfExport.test.ts" timestamp="2025-12-21T16:39:31.386Z" hostname="MacBook-Pro-Piotr.local" tests="5" failures="0" errors="0" skipped="0" time="0.371005083">
        <testcase classname="tests/unit/pdfExport.test.ts" name="Service Test: pdfExport &gt; exportReportToPDF &gt; returns false when element is not found" time="0.0019255">
            <system-err>
Element with id non-existent not found

            </system-err>
        </testcase>
        <testcase classname="tests/unit/pdfExport.test.ts" name="Service Test: pdfExport &gt; exportReportToPDF &gt; exports PDF successfully" time="0.000834959">
        </testcase>
        <testcase classname="tests/unit/pdfExport.test.ts" name="Service Test: pdfExport &gt; exportReportToPDF &gt; handles errors gracefully" time="0.002022084">
            <system-err>
PDF Export failed: Error: Canvas error
    at /Users/piotrwisniewski/Documents/Antygracity/DRD/consultify/tests/unit/pdfExport.test.ts:89:52
    at file:///Users/piotrwisniewski/Documents/Antygracity/DRD/consultify/node_modules/@vitest/runner/dist/index.js:145:11
    at file:///Users/piotrwisniewski/Documents/Antygracity/DRD/consultify/node_modules/@vitest/runner/dist/index.js:915:26
    at file:///Users/piotrwisniewski/Documents/Antygracity/DRD/consultify/node_modules/@vitest/runner/dist/index.js:1243:20
    at new Promise (&lt;anonymous&gt;)
    at runWithTimeout (file:///Users/piotrwisniewski/Documents/Antygracity/DRD/consultify/node_modules/@vitest/runner/dist/index.js:1209:10)
    at file:///Users/piotrwisniewski/Documents/Antygracity/DRD/consultify/node_modules/@vitest/runner/dist/index.js:1653:37
    at Traces.$ (file:///Users/piotrwisniewski/Documents/Antygracity/DRD/consultify/node_modules/vitest/dist/chunks/traces.U4xDYhzZ.js:115:27)
    at trace (file:///Users/piotrwisniewski/Documents/Antygracity/DRD/consultify/node_modules/vitest/dist/chunks/test.B8ej_ZHS.js:239:21)
    at runTest (file:///Users/piotrwisniewski/Documents/Antygracity/DRD/consultify/node_modules/@vitest/runner/dist/index.js:1653:12)

            </system-err>
        </testcase>
        <testcase classname="tests/unit/pdfExport.test.ts" name="Service Test: pdfExport &gt; exportDashboardToPDF &gt; creates PDF with metadata" time="0.010012833">
        </testcase>
        <testcase classname="tests/unit/pdfExport.test.ts" name="Service Test: pdfExport &gt; exportDashboardToPDF &gt; handles optional metadata" time="0.000335916">
        </testcase>
    </testsuite>
    <testsuite name="tests/unit/piiRedactor.test.js" timestamp="2025-12-21T16:39:31.386Z" hostname="MacBook-Pro-Piotr.local" tests="17" failures="0" errors="0" skipped="0" time="0.23379025">
        <testcase classname="tests/unit/piiRedactor.test.js" name="PII Redactor &gt; redactEmails &gt; should redact email addresses" time="0.00099775">
        </testcase>
        <testcase classname="tests/unit/piiRedactor.test.js" name="PII Redactor &gt; redactEmails &gt; should redact multiple emails" time="0.000106833">
        </testcase>
        <testcase classname="tests/unit/piiRedactor.test.js" name="PII Redactor &gt; redactEmails &gt; should return non-string values unchanged" time="0.000086875">
        </testcase>
        <testcase classname="tests/unit/piiRedactor.test.js" name="PII Redactor &gt; redactTokens &gt; should redact JWT-like tokens" time="0.000273459">
        </testcase>
        <testcase classname="tests/unit/piiRedactor.test.js" name="PII Redactor &gt; redactTokens &gt; should handle partial JWT patterns" time="0.000082792">
        </testcase>
        <testcase classname="tests/unit/piiRedactor.test.js" name="PII Redactor &gt; redact (deep object redaction) &gt; should redact email fields" time="0.0002155">
        </testcase>
        <testcase classname="tests/unit/piiRedactor.test.js" name="PII Redactor &gt; redact (deep object redaction) &gt; should redact name fields" time="0.000263625">
        </testcase>
        <testcase classname="tests/unit/piiRedactor.test.js" name="PII Redactor &gt; redact (deep object redaction) &gt; should redact password fields" time="0.000216541">
        </testcase>
        <testcase classname="tests/unit/piiRedactor.test.js" name="PII Redactor &gt; redact (deep object redaction) &gt; should redact token and secret fields" time="0.000156584">
        </testcase>
        <testcase classname="tests/unit/piiRedactor.test.js" name="PII Redactor &gt; redact (deep object redaction) &gt; should redact inline emails in string values" time="0.000075167">
        </testcase>
        <testcase classname="tests/unit/piiRedactor.test.js" name="PII Redactor &gt; redact (deep object redaction) &gt; should handle arrays with email strings" time="0.000066125">
        </testcase>
        <testcase classname="tests/unit/piiRedactor.test.js" name="PII Redactor &gt; redact (deep object redaction) &gt; should handle nested objects" time="0.000055708">
        </testcase>
        <testcase classname="tests/unit/piiRedactor.test.js" name="PII Redactor &gt; redact (deep object redaction) &gt; should not mutate original object" time="0.000042333">
        </testcase>
        <testcase classname="tests/unit/piiRedactor.test.js" name="PII Redactor &gt; redact (deep object redaction) &gt; should handle null and undefined" time="0.000102917">
        </testcase>
        <testcase classname="tests/unit/piiRedactor.test.js" name="PII Redactor &gt; redactKeys &gt; should redact specific keys" time="0.000249584">
        </testcase>
        <testcase classname="tests/unit/piiRedactor.test.js" name="PII Redactor &gt; createAuditSnapshot &gt; should return JSON string with redacted PII" time="0.000184042">
        </testcase>
        <testcase classname="tests/unit/piiRedactor.test.js" name="PII Redactor &gt; DEFAULT_PII_FIELDS &gt; should include common PII fields" time="0.000838916">
        </testcase>
    </testsuite>
    <testsuite name="tests/unit/policyEngine.test.js" timestamp="2025-12-21T16:39:31.387Z" hostname="MacBook-Pro-Piotr.local" tests="21" failures="0" errors="0" skipped="0" time="0.533437875">
        <testcase classname="tests/unit/policyEngine.test.js" name="PolicyEngine Core Logic &gt; Safety Guardrails Constants &gt; NEVER_AUTO_APPROVE_RISK_LEVELS should include HIGH" time="0.001648833">
        </testcase>
        <testcase classname="tests/unit/policyEngine.test.js" name="PolicyEngine Core Logic &gt; Safety Guardrails Constants &gt; ALWAYS_MANUAL_ACTION_TYPES should include MEETING_SCHEDULE" time="0.000139917">
        </testcase>
        <testcase classname="tests/unit/policyEngine.test.js" name="PolicyEngine Core Logic &gt; Safety Guardrails Constants &gt; should not include LOW in NEVER_AUTO_APPROVE_RISK_LEVELS" time="0.000114417">
        </testcase>
        <testcase classname="tests/unit/policyEngine.test.js" name="PolicyEngine Core Logic &gt; CONDITION_HANDLERS (Pure Functions) &gt; risk_level_lte &gt; should match when proposal risk is lower or equal" time="0.000162625">
        </testcase>
        <testcase classname="tests/unit/policyEngine.test.js" name="PolicyEngine Core Logic &gt; CONDITION_HANDLERS (Pure Functions) &gt; risk_level_lte &gt; should not match when proposal risk is higher" time="0.00009325">
        </testcase>
        <testcase classname="tests/unit/policyEngine.test.js" name="PolicyEngine Core Logic &gt; CONDITION_HANDLERS (Pure Functions) &gt; action_type_in &gt; should match when action type is in list" time="0.000078208">
        </testcase>
        <testcase classname="tests/unit/policyEngine.test.js" name="PolicyEngine Core Logic &gt; CONDITION_HANDLERS (Pure Functions) &gt; action_type_in &gt; should not match when action type is not in list" time="0.000067167">
        </testcase>
        <testcase classname="tests/unit/policyEngine.test.js" name="PolicyEngine Core Logic &gt; CONDITION_HANDLERS (Pure Functions) &gt; action_type_in &gt; should return false for non-array input" time="0.000048208">
        </testcase>
        <testcase classname="tests/unit/policyEngine.test.js" name="PolicyEngine Core Logic &gt; CONDITION_HANDLERS (Pure Functions) &gt; scope_eq &gt; should match when scope equals" time="0.000074125">
        </testcase>
        <testcase classname="tests/unit/policyEngine.test.js" name="PolicyEngine Core Logic &gt; CONDITION_HANDLERS (Pure Functions) &gt; scope_eq &gt; should not match when scope differs" time="0.000080833">
        </testcase>
        <testcase classname="tests/unit/policyEngine.test.js" name="PolicyEngine Core Logic &gt; CONDITION_HANDLERS (Pure Functions) &gt; signal_in &gt; should match when signal is in list" time="0.000057208">
        </testcase>
        <testcase classname="tests/unit/policyEngine.test.js" name="PolicyEngine Core Logic &gt; CONDITION_HANDLERS (Pure Functions) &gt; signal_in &gt; should not match when signal is not in list" time="0.000047791">
        </testcase>
        <testcase classname="tests/unit/policyEngine.test.js" name="PolicyEngine Core Logic &gt; CONDITION_HANDLERS (Pure Functions) &gt; signal_in &gt; should return false for non-array input" time="0.000041042">
        </testcase>
        <testcase classname="tests/unit/policyEngine.test.js" name="PolicyEngine Core Logic &gt; CONDITION_HANDLERS (Pure Functions) &gt; time_window &gt; should always match for anytime" time="0.000048416">
        </testcase>
        <testcase classname="tests/unit/policyEngine.test.js" name="PolicyEngine Core Logic &gt; CONDITION_HANDLERS (Pure Functions) &gt; time_window &gt; should return false for unrecognized values" time="0.000035708">
        </testcase>
        <testcase classname="tests/unit/policyEngine.test.js" name="PolicyEngine Core Logic &gt; evaluateConditions (Logic Tests) &gt; should return true when all conditions match" time="0.000078667">
        </testcase>
        <testcase classname="tests/unit/policyEngine.test.js" name="PolicyEngine Core Logic &gt; evaluateConditions (Logic Tests) &gt; should return false when any condition fails" time="0.000046083">
        </testcase>
        <testcase classname="tests/unit/policyEngine.test.js" name="PolicyEngine Core Logic &gt; evaluateConditions (Logic Tests) &gt; should return false for unknown conditions (safety)" time="0.000177041">
            <system-err>
[PolicyEngine] Unknown condition: unknown_condition

            </system-err>
        </testcase>
        <testcase classname="tests/unit/policyEngine.test.js" name="PolicyEngine Core Logic &gt; evaluateConditions (Logic Tests) &gt; should return true for empty conditions" time="0.000065458">
        </testcase>
        <testcase classname="tests/unit/policyEngine.test.js" name="PolicyEngine Safety Checks &gt; HIGH risk is in NEVER_AUTO_APPROVE list" time="0.000056042">
        </testcase>
        <testcase classname="tests/unit/policyEngine.test.js" name="PolicyEngine Safety Checks &gt; MEETING_SCHEDULE is in ALWAYS_MANUAL list" time="0.000042042">
        </testcase>
    </testsuite>
    <testsuite name="tests/unit/regulatoryModeGuard.test.js" timestamp="2025-12-21T16:39:31.388Z" hostname="MacBook-Pro-Piotr.local" tests="31" failures="0" errors="0" skipped="0" time="0.232485417">
        <testcase classname="tests/unit/regulatoryModeGuard.test.js" name="Regulatory Mode Guard &gt; Action Classification &gt; ALLOWED_ACTIONS &gt; should include all advisory-only actions" time="0.001981584">
        </testcase>
        <testcase classname="tests/unit/regulatoryModeGuard.test.js" name="Regulatory Mode Guard &gt; Action Classification &gt; BLOCKED_ACTIONS &gt; should include all mutation actions" time="0.000570542">
        </testcase>
        <testcase classname="tests/unit/regulatoryModeGuard.test.js" name="Regulatory Mode Guard &gt; isActionAllowed &gt; should allow EXPLAIN_CONTEXT in regulatory mode" time="0.000270917">
        </testcase>
        <testcase classname="tests/unit/regulatoryModeGuard.test.js" name="Regulatory Mode Guard &gt; isActionAllowed &gt; should allow ANALYZE_RISKS in regulatory mode" time="0.000120458">
        </testcase>
        <testcase classname="tests/unit/regulatoryModeGuard.test.js" name="Regulatory Mode Guard &gt; isActionAllowed &gt; should allow EDUCATE in regulatory mode" time="0.000117166">
        </testcase>
        <testcase classname="tests/unit/regulatoryModeGuard.test.js" name="Regulatory Mode Guard &gt; isActionAllowed &gt; should BLOCK CREATE_DRAFT_TASK in regulatory mode" time="0.000081459">
        </testcase>
        <testcase classname="tests/unit/regulatoryModeGuard.test.js" name="Regulatory Mode Guard &gt; isActionAllowed &gt; should BLOCK CREATE_DRAFT_INITIATIVE in regulatory mode" time="0.000088333">
        </testcase>
        <testcase classname="tests/unit/regulatoryModeGuard.test.js" name="Regulatory Mode Guard &gt; isActionAllowed &gt; should BLOCK UPDATE_STATUS in regulatory mode" time="0.00009475">
        </testcase>
        <testcase classname="tests/unit/regulatoryModeGuard.test.js" name="Regulatory Mode Guard &gt; isActionAllowed &gt; should BLOCK EXECUTE_ACTION in regulatory mode" time="0.000083208">
        </testcase>
        <testcase classname="tests/unit/regulatoryModeGuard.test.js" name="Regulatory Mode Guard &gt; isActionAllowed &gt; should BLOCK MODIFY_ENTITY in regulatory mode" time="0.000142458">
        </testcase>
        <testcase classname="tests/unit/regulatoryModeGuard.test.js" name="Regulatory Mode Guard &gt; isActionAllowed &gt; should BLOCK DELETE_ENTITY in regulatory mode" time="0.000073667">
        </testcase>
        <testcase classname="tests/unit/regulatoryModeGuard.test.js" name="Regulatory Mode Guard &gt; isActionAllowed &gt; should block actions containing mutation keywords" time="0.000228209">
        </testcase>
        <testcase classname="tests/unit/regulatoryModeGuard.test.js" name="Regulatory Mode Guard &gt; isActionAllowed &gt; should allow actions without mutation keywords" time="0.000185333">
        </testcase>
        <testcase classname="tests/unit/regulatoryModeGuard.test.js" name="Regulatory Mode Guard &gt; isActionAllowed &gt; should handle null/undefined action gracefully" time="0.000052625">
        </testcase>
        <testcase classname="tests/unit/regulatoryModeGuard.test.js" name="Regulatory Mode Guard &gt; Regulatory Mode Prompt &gt; should contain prohibition statements" time="0.000074125">
        </testcase>
        <testcase classname="tests/unit/regulatoryModeGuard.test.js" name="Regulatory Mode Guard &gt; Regulatory Mode Prompt &gt; should forbid action verbs" time="0.000046">
        </testcase>
        <testcase classname="tests/unit/regulatoryModeGuard.test.js" name="Regulatory Mode Guard &gt; Regulatory Mode Prompt &gt; should require advisory language" time="0.000037">
        </testcase>
        <testcase classname="tests/unit/regulatoryModeGuard.test.js" name="Regulatory Mode Guard &gt; Regulatory Mode Prompt &gt; should include example responses" time="0.000029834">
        </testcase>
        <testcase classname="tests/unit/regulatoryModeGuard.test.js" name="Regulatory Mode Guard &gt; Forbidden Verbs List &gt; should contain all dangerous verbs" time="0.000163042">
        </testcase>
        <testcase classname="tests/unit/regulatoryModeGuard.test.js" name="Regulatory Mode Guard &gt; Advisory Phrases List &gt; should contain recommended advisory language" time="0.000057125">
        </testcase>
        <testcase classname="tests/unit/regulatoryModeGuard.test.js" name="Regulatory Mode Guard &gt; enforceRegulatoryMode (with mocked isEnabled) &gt; should block CREATE_DRAFT_TASK when regulatory mode is enabled" time="0.000185209">
        </testcase>
        <testcase classname="tests/unit/regulatoryModeGuard.test.js" name="Regulatory Mode Guard &gt; enforceRegulatoryMode (with mocked isEnabled) &gt; should block UPDATE_STATUS when regulatory mode is enabled" time="0.000066625">
        </testcase>
        <testcase classname="tests/unit/regulatoryModeGuard.test.js" name="Regulatory Mode Guard &gt; enforceRegulatoryMode (with mocked isEnabled) &gt; should allow EXPLAIN_CONTEXT when regulatory mode is enabled" time="0.000054208">
        </testcase>
        <testcase classname="tests/unit/regulatoryModeGuard.test.js" name="Regulatory Mode Guard &gt; enforceRegulatoryMode (with mocked isEnabled) &gt; should allow ANALYZE_RISKS when regulatory mode is enabled" time="0.000062417">
        </testcase>
        <testcase classname="tests/unit/regulatoryModeGuard.test.js" name="Regulatory Mode Guard &gt; enforceRegulatoryMode (with mocked isEnabled) &gt; should NOT block actions when regulatory mode is disabled" time="0.000041917">
        </testcase>
        <testcase classname="tests/unit/regulatoryModeGuard.test.js" name="Regulatory Mode Guard &gt; enforceRegulatoryMode (with mocked isEnabled) &gt; should NOT block when no projectId is provided" time="0.000035458">
        </testcase>
        <testcase classname="tests/unit/regulatoryModeGuard.test.js" name="Regulatory Mode Guard &gt; enforceRegulatoryMode (with mocked isEnabled) &gt; should log blocked attempts to audit trail" time="0.000520291">
        </testcase>
        <testcase classname="tests/unit/regulatoryModeGuard.test.js" name="Regulatory Mode Guard &gt; getStatus &gt; should return full status object when enabled" time="0.000105334">
        </testcase>
        <testcase classname="tests/unit/regulatoryModeGuard.test.js" name="Regulatory Mode Guard &gt; getStatus &gt; should return full status object when disabled" time="0.000045">
        </testcase>
        <testcase classname="tests/unit/regulatoryModeGuard.test.js" name="Regulatory Mode Guard &gt; Integration with AI Role System &gt; should override ANY role when regulatory mode is active" time="0.000117041">
        </testcase>
        <testcase classname="tests/unit/regulatoryModeGuard.test.js" name="Regulatory Mode Guard &gt; Safety: Fail-Safe Behavior &gt; should default to blocking when database error occurs" time="0.00002775">
        </testcase>
    </testsuite>
    <testsuite name="tests/unit/roi.test.ts" timestamp="2025-12-21T16:39:31.389Z" hostname="MacBook-Pro-Piotr.local" tests="3" failures="0" errors="0" skipped="0" time="0.606535333">
        <testcase classname="tests/unit/roi.test.ts" name="Unit Test: ROI Calculation &gt; should calculate ROI correctly for positive values" time="0.000499959">
        </testcase>
        <testcase classname="tests/unit/roi.test.ts" name="Unit Test: ROI Calculation &gt; should handle zero cost to avoid infinity" time="0.000081958">
        </testcase>
        <testcase classname="tests/unit/roi.test.ts" name="Unit Test: ROI Calculation &gt; should return 0 for break-even" time="0.000074625">
        </testcase>
    </testsuite>
    <testsuite name="tests/unit/secretsVault.test.js" timestamp="2025-12-21T16:39:31.390Z" hostname="MacBook-Pro-Piotr.local" tests="12" failures="0" errors="0" skipped="0" time="0.419198542">
        <testcase classname="tests/unit/secretsVault.test.js" name="SecretsVault Service &gt; Encryption/Decryption &gt; should encrypt and decrypt a string successfully" time="0.001519917">
        </testcase>
        <testcase classname="tests/unit/secretsVault.test.js" name="SecretsVault Service &gt; Encryption/Decryption &gt; should encrypt and decrypt an object successfully" time="0.000249125">
        </testcase>
        <testcase classname="tests/unit/secretsVault.test.js" name="SecretsVault Service &gt; Encryption/Decryption &gt; should return null when decrypting null/undefined" time="0.000097375">
        </testcase>
        <testcase classname="tests/unit/secretsVault.test.js" name="SecretsVault Service &gt; Encryption/Decryption &gt; should throw on invalid encrypted data" time="0.000330291">
        </testcase>
        <testcase classname="tests/unit/secretsVault.test.js" name="SecretsVault Service &gt; Encryption/Decryption &gt; should produce different ciphertext for same plaintext (random IV)" time="0.000172584">
        </testcase>
        <testcase classname="tests/unit/secretsVault.test.js" name="SecretsVault Service &gt; Redaction &gt; should redact string values showing only last 4 characters" time="0.000081792">
        </testcase>
        <testcase classname="tests/unit/secretsVault.test.js" name="SecretsVault Service &gt; Redaction &gt; should fully redact short strings" time="0.000051833">
        </testcase>
        <testcase classname="tests/unit/secretsVault.test.js" name="SecretsVault Service &gt; Redaction &gt; should recursively redact nested objects" time="0.00006">
        </testcase>
        <testcase classname="tests/unit/secretsVault.test.js" name="SecretsVault Service &gt; Redaction &gt; should return empty object for null/undefined" time="0.000060708">
        </testcase>
        <testcase classname="tests/unit/secretsVault.test.js" name="SecretsVault Service &gt; Validation &gt; should validate present fields as valid" time="0.000090208">
        </testcase>
        <testcase classname="tests/unit/secretsVault.test.js" name="SecretsVault Service &gt; Validation &gt; should identify missing fields" time="0.000341375">
        </testcase>
        <testcase classname="tests/unit/secretsVault.test.js" name="SecretsVault Service &gt; Validation &gt; should handle null/undefined secrets" time="0.000068542">
        </testcase>
    </testsuite>
    <testsuite name="tests/unit/slaService.test.js" timestamp="2025-12-21T16:39:31.390Z" hostname="MacBook-Pro-Piotr.local" tests="7" failures="0" errors="0" skipped="0" time="0.298220208">
        <testcase classname="tests/unit/slaService.test.js" name="SLAService Constants and Logic &gt; SLA_CHECK_INTERVAL_MS &gt; should be 10 minutes in milliseconds" time="0.008837958">
        </testcase>
        <testcase classname="tests/unit/slaService.test.js" name="SLAService Constants and Logic &gt; Service Methods Existence &gt; should export findExpiredAssignments" time="0.001964209">
        </testcase>
        <testcase classname="tests/unit/slaService.test.js" name="SLAService Constants and Logic &gt; Service Methods Existence &gt; should export markExpired" time="0.001208875">
        </testcase>
        <testcase classname="tests/unit/slaService.test.js" name="SLAService Constants and Logic &gt; Service Methods Existence &gt; should export findOrgAdmin" time="0.001379208">
        </testcase>
        <testcase classname="tests/unit/slaService.test.js" name="SLAService Constants and Logic &gt; Service Methods Existence &gt; should export escalateAssignment" time="0.001019833">
        </testcase>
        <testcase classname="tests/unit/slaService.test.js" name="SLAService Constants and Logic &gt; Service Methods Existence &gt; should export runSlaCheck" time="0.001082459">
        </testcase>
        <testcase classname="tests/unit/slaService.test.js" name="SLAService Constants and Logic &gt; Service Methods Existence &gt; should export getSlaHealth" time="0.001298083">
        </testcase>
    </testsuite>
    <testsuite name="tests/unit/store.test.ts" timestamp="2025-12-21T16:39:31.390Z" hostname="MacBook-Pro-Piotr.local" tests="19" failures="0" errors="0" skipped="0" time="0.42000725">
        <testcase classname="tests/unit/store.test.ts" name="Store Test: useAppStore &gt; initializes with correct default values" time="0.000847458">
        </testcase>
        <testcase classname="tests/unit/store.test.ts" name="Store Test: useAppStore &gt; sets current view" time="0.000154375">
        </testcase>
        <testcase classname="tests/unit/store.test.ts" name="Store Test: useAppStore &gt; sets session mode" time="0.000099042">
        </testcase>
        <testcase classname="tests/unit/store.test.ts" name="Store Test: useAppStore &gt; sets current user" time="0.000268959">
        </testcase>
        <testcase classname="tests/unit/store.test.ts" name="Store Test: useAppStore &gt; toggles sidebar open state" time="0.000100667">
        </testcase>
        <testcase classname="tests/unit/store.test.ts" name="Store Test: useAppStore &gt; toggles sidebar collapse" time="0.000078917">
        </testcase>
        <testcase classname="tests/unit/store.test.ts" name="Store Test: useAppStore &gt; adds chat message" time="0.000514375">
        </testcase>
        <testcase classname="tests/unit/store.test.ts" name="Store Test: useAppStore &gt; sets chat messages" time="0.000153584">
        </testcase>
        <testcase classname="tests/unit/store.test.ts" name="Store Test: useAppStore &gt; clears chat" time="0.000134">
        </testcase>
        <testcase classname="tests/unit/store.test.ts" name="Store Test: useAppStore &gt; sets bot typing state" time="0.000089792">
        </testcase>
        <testcase classname="tests/unit/store.test.ts" name="Store Test: useAppStore &gt; sets current stream content" time="0.000067334">
        </testcase>
        <testcase classname="tests/unit/store.test.ts" name="Store Test: useAppStore &gt; updates free session data" time="0.000066208">
        </testcase>
        <testcase classname="tests/unit/store.test.ts" name="Store Test: useAppStore &gt; updates free session data with function" time="0.000071084">
        </testcase>
        <testcase classname="tests/unit/store.test.ts" name="Store Test: useAppStore &gt; updates full session data" time="0.000309417">
        </testcase>
        <testcase classname="tests/unit/store.test.ts" name="Store Test: useAppStore &gt; sets AI config" time="0.000137833">
        </testcase>
        <testcase classname="tests/unit/store.test.ts" name="Store Test: useAppStore &gt; toggles theme" time="0.000805375">
        </testcase>
        <testcase classname="tests/unit/store.test.ts" name="Store Test: useAppStore &gt; updates last chat message" time="0.000149125">
        </testcase>
        <testcase classname="tests/unit/store.test.ts" name="Store Test: useAppStore &gt; logout resets state" time="0.000159125">
        </testcase>
        <testcase classname="tests/unit/store.test.ts" name="Store Test: useAppStore &gt; sets current project ID" time="0.000089417">
        </testcase>
    </testsuite>
    <testsuite name="tests/unit/templateGraphService.test.js" timestamp="2025-12-21T16:39:31.391Z" hostname="MacBook-Pro-Piotr.local" tests="16" failures="0" errors="0" skipped="0" time="0.3318515">
        <testcase classname="tests/unit/templateGraphService.test.js" name="templateGraphService &gt; createEmptyGraph &gt; creates a graph with START and END nodes connected" time="0.0009935">
        </testcase>
        <testcase classname="tests/unit/templateGraphService.test.js" name="templateGraphService &gt; stepsToGraph &gt; converts empty steps to START → END graph" time="0.000819">
        </testcase>
        <testcase classname="tests/unit/templateGraphService.test.js" name="templateGraphService &gt; stepsToGraph &gt; converts steps array to linear graph" time="0.000556541">
        </testcase>
        <testcase classname="tests/unit/templateGraphService.test.js" name="templateGraphService &gt; stepsToGraph &gt; preserves step data in nodes" time="0.0004095">
        </testcase>
        <testcase classname="tests/unit/templateGraphService.test.js" name="templateGraphService &gt; graphToSteps &gt; returns empty array for invalid graph" time="0.000497292">
        </testcase>
        <testcase classname="tests/unit/templateGraphService.test.js" name="templateGraphService &gt; graphToSteps &gt; skips START and END nodes in output" time="0.000148083">
        </testcase>
        <testcase classname="tests/unit/templateGraphService.test.js" name="templateGraphService &gt; graphToSteps &gt; converts linear graph to ordered steps" time="0.000139541">
        </testcase>
        <testcase classname="tests/unit/templateGraphService.test.js" name="templateGraphService &gt; validateDAG &gt; returns valid for acyclic graph" time="0.000148417">
        </testcase>
        <testcase classname="tests/unit/templateGraphService.test.js" name="templateGraphService &gt; validateDAG &gt; detects simple cycle" time="0.00007475">
        </testcase>
        <testcase classname="tests/unit/templateGraphService.test.js" name="templateGraphService &gt; validateDAG &gt; returns invalid for null graph" time="0.000053625">
        </testcase>
        <testcase classname="tests/unit/templateGraphService.test.js" name="templateGraphService &gt; findDeadEnds &gt; returns empty for valid graph" time="0.000078125">
        </testcase>
        <testcase classname="tests/unit/templateGraphService.test.js" name="templateGraphService &gt; findDeadEnds &gt; finds nodes without outgoing edges" time="0.000147625">
        </testcase>
        <testcase classname="tests/unit/templateGraphService.test.js" name="templateGraphService &gt; findBranchesWithoutElse &gt; returns empty when no BRANCH nodes" time="0.000075917">
        </testcase>
        <testcase classname="tests/unit/templateGraphService.test.js" name="templateGraphService &gt; findBranchesWithoutElse &gt; finds BRANCH node without else path" time="0.000063375">
        </testcase>
        <testcase classname="tests/unit/templateGraphService.test.js" name="templateGraphService &gt; findBranchesWithoutElse &gt; passes when BRANCH has else path" time="0.000050667">
        </testcase>
        <testcase classname="tests/unit/templateGraphService.test.js" name="templateGraphService &gt; roundtrip: steps → graph → steps &gt; preserves data through roundtrip" time="0.000087917">
        </testcase>
    </testsuite>
    <testsuite name="tests/unit/templateValidationService.test.js" timestamp="2025-12-21T16:39:31.392Z" hostname="MacBook-Pro-Piotr.local" tests="9" failures="0" errors="0" skipped="0" time="0.261433375">
        <testcase classname="tests/unit/templateValidationService.test.js" name="templateValidationService &gt; validate &gt; returns error for missing template graph" time="0.001834083">
        </testcase>
        <testcase classname="tests/unit/templateValidationService.test.js" name="templateValidationService &gt; validate &gt; returns error for invalid JSON in graph" time="0.000473583">
        </testcase>
        <testcase classname="tests/unit/templateValidationService.test.js" name="templateValidationService &gt; validate &gt; validates empty trigger_signal" time="0.000775291">
        </testcase>
        <testcase classname="tests/unit/templateValidationService.test.js" name="templateValidationService &gt; validateGraph &gt; returns error for missing nodes array" time="0.000270625">
        </testcase>
        <testcase classname="tests/unit/templateValidationService.test.js" name="templateValidationService &gt; validateGraph &gt; returns error for missing edges array" time="0.000252875">
        </testcase>
        <testcase classname="tests/unit/templateValidationService.test.js" name="templateValidationService &gt; validateGraph &gt; returns error when no START node exists" time="0.000253875">
        </testcase>
        <testcase classname="tests/unit/templateValidationService.test.js" name="templateValidationService &gt; validateGraph &gt; calls validateDAG and reports cycles" time="0.000572416">
        </testcase>
        <testcase classname="tests/unit/templateValidationService.test.js" name="templateValidationService &gt; validateGraph &gt; calls findDeadEnds and reports dead-end nodes" time="0.00027175">
        </testcase>
        <testcase classname="tests/unit/templateValidationService.test.js" name="templateValidationService &gt; validateGraph &gt; calls findBranchesWithoutElse and reports missing else" time="0.000169417">
        </testcase>
    </testsuite>
    <testsuite name="tests/unit/transformationEngine.test.ts" timestamp="2025-12-21T16:39:31.392Z" hostname="MacBook-Pro-Piotr.local" tests="6" failures="0" errors="0" skipped="0" time="0.239277542">
        <testcase classname="tests/unit/transformationEngine.test.ts" name="Service Test: transformationEngine &gt; generates initiatives from session" time="0.000719833">
        </testcase>
        <testcase classname="tests/unit/transformationEngine.test.ts" name="Service Test: transformationEngine &gt; generates initiatives with required properties" time="0.00243025">
        </testcase>
        <testcase classname="tests/unit/transformationEngine.test.ts" name="Service Test: transformationEngine &gt; generates initiatives only for levels above current" time="0.000524167">
        </testcase>
        <testcase classname="tests/unit/transformationEngine.test.ts" name="Service Test: transformationEngine &gt; handles session with no gaps" time="0.000101583">
        </testcase>
        <testcase classname="tests/unit/transformationEngine.test.ts" name="Service Test: transformationEngine &gt; assigns priority based on current level" time="0.000093375">
        </testcase>
        <testcase classname="tests/unit/transformationEngine.test.ts" name="Service Test: transformationEngine &gt; assigns complexity based on target level" time="0.000828708">
        </testcase>
    </testsuite>
    <testsuite name="tests/unit/transformationScenarios.test.ts" timestamp="2025-12-21T16:39:31.393Z" hostname="MacBook-Pro-Piotr.local" tests="5" failures="0" errors="0" skipped="0" time="0.239962625">
        <testcase classname="tests/unit/transformationScenarios.test.ts" name="Transformation Scenarios Logic &gt; should have 6 unique scenarios" time="0.000668334">
        </testcase>
        <testcase classname="tests/unit/transformationScenarios.test.ts" name="Transformation Scenarios Logic &gt; recommendScenario should return stabilize for high risk &amp; low budget" time="0.000164083">
        </testcase>
        <testcase classname="tests/unit/transformationScenarios.test.ts" name="Transformation Scenarios Logic &gt; recommendScenario should return quickwins for low risk &amp; low budget" time="0.00010275">
        </testcase>
        <testcase classname="tests/unit/transformationScenarios.test.ts" name="Transformation Scenarios Logic &gt; recommendScenario should return foundation for high risk &amp; high budget" time="0.000073375">
        </testcase>
        <testcase classname="tests/unit/transformationScenarios.test.ts" name="Transformation Scenarios Logic &gt; recommendScenario should default to hybrid" time="0.000063875">
        </testcase>
    </testsuite>
    <testsuite name="tests/unit/utils.test.ts" timestamp="2025-12-21T16:39:31.393Z" hostname="MacBook-Pro-Piotr.local" tests="1" failures="0" errors="0" skipped="0" time="0.264580667">
        <testcase classname="tests/unit/utils.test.ts" name="Unit Test: Utilities &gt; should have utility functions available" time="0.000479791">
        </testcase>
    </testsuite>
    <testsuite name="tests/unit/workqueueService.test.js" timestamp="2025-12-21T16:39:31.393Z" hostname="MacBook-Pro-Piotr.local" tests="13" failures="0" errors="0" skipped="0" time="0.265635666">
        <testcase classname="tests/unit/workqueueService.test.js" name="WorkqueueService Constants and Logic &gt; ASSIGNMENT_STATUSES Constants &gt; should export PENDING status" time="0.00878625">
        </testcase>
        <testcase classname="tests/unit/workqueueService.test.js" name="WorkqueueService Constants and Logic &gt; ASSIGNMENT_STATUSES Constants &gt; should export ACKED status" time="0.00109">
        </testcase>
        <testcase classname="tests/unit/workqueueService.test.js" name="WorkqueueService Constants and Logic &gt; ASSIGNMENT_STATUSES Constants &gt; should export DONE status" time="0.0009985">
        </testcase>
        <testcase classname="tests/unit/workqueueService.test.js" name="WorkqueueService Constants and Logic &gt; ASSIGNMENT_STATUSES Constants &gt; should export EXPIRED status" time="0.001439708">
        </testcase>
        <testcase classname="tests/unit/workqueueService.test.js" name="WorkqueueService Constants and Logic &gt; ASSIGNMENT_STATUSES Constants &gt; should have 4 status types" time="0.001972625">
        </testcase>
        <testcase classname="tests/unit/workqueueService.test.js" name="WorkqueueService Constants and Logic &gt; DEFAULT_SLA_HOURS &gt; should default to 48 hours" time="0.001536083">
        </testcase>
        <testcase classname="tests/unit/workqueueService.test.js" name="WorkqueueService Constants and Logic &gt; Service Methods Existence &gt; should export assignApproval" time="0.001314917">
        </testcase>
        <testcase classname="tests/unit/workqueueService.test.js" name="WorkqueueService Constants and Logic &gt; Service Methods Existence &gt; should export acknowledgeApproval" time="0.001731167">
        </testcase>
        <testcase classname="tests/unit/workqueueService.test.js" name="WorkqueueService Constants and Logic &gt; Service Methods Existence &gt; should export completeApproval" time="0.000822667">
        </testcase>
        <testcase classname="tests/unit/workqueueService.test.js" name="WorkqueueService Constants and Logic &gt; Service Methods Existence &gt; should export getMyApprovals" time="0.001153792">
        </testcase>
        <testcase classname="tests/unit/workqueueService.test.js" name="WorkqueueService Constants and Logic &gt; Service Methods Existence &gt; should export getOrgApprovals" time="0.000750042">
        </testcase>
[...]
        </testcase>
        <testcase classname="tests/unit/backend/usageService.test.js" name="UsageService &gt; checkQuota() &gt; should allow when overage enabled even if quota exceeded" time="0.000146709">
        </testcase>
        <testcase classname="tests/unit/backend/usageService.test.js" name="UsageService &gt; checkQuota() &gt; should allow unlimited when limit is 0" time="0.000211208">
        </testcase>
        <testcase classname="tests/unit/backend/usageService.test.js" name="UsageService &gt; calculateOverage() &gt; should calculate overage charges correctly" time="0.000295625">
        </testcase>
        <testcase classname="tests/unit/backend/usageService.test.js" name="UsageService &gt; calculateOverage() &gt; should return zero overage when within limits" time="0.0001165">
        </testcase>
        <testcase classname="tests/unit/backend/usageService.test.js" name="UsageService &gt; updateUsageSummary() &gt; should create or update usage summary" time="0.000191">
        </testcase>
        <testcase classname="tests/unit/backend/usageService.test.js" name="UsageService &gt; getUsageHistory() &gt; should retrieve usage history" time="0.000319334">
        </testcase>
        <testcase classname="tests/unit/backend/usageService.test.js" name="UsageService &gt; getUsageHistory() &gt; should respect limit parameter" time="0.000074708">
        </testcase>
        <testcase classname="tests/unit/backend/usageService.test.js" name="UsageService &gt; getGlobalUsageStats() &gt; should return global usage statistics" time="0.000134625">
        </testcase>
        <testcase classname="tests/unit/backend/usageService.test.js" name="UsageService &gt; checkProjectQuota() &gt; should check project storage quota" time="0.00014675">
        </testcase>
        <testcase classname="tests/unit/backend/usageService.test.js" name="UsageService &gt; checkProjectQuota() &gt; should allow unlimited when limit is null" time="0.000081083">
        </testcase>
        <testcase classname="tests/unit/backend/usageService.test.js" name="UsageService &gt; checkProjectQuota() &gt; should reject when project not found" time="0.000149458">
        </testcase>
        <testcase classname="tests/unit/backend/usageService.test.js" name="UsageService &gt; Multi-Tenant Isolation &gt; should filter usage by organization_id" time="0.0001875">
        </testcase>
    </testsuite>
    <testsuite name="tests/unit/backend/webhookService.test.js" timestamp="2025-12-21T16:39:31.450Z" hostname="MacBook-Pro-Piotr.local" tests="21" failures="0" errors="0" skipped="0" time="0.643754042">
        <testcase classname="tests/unit/backend/webhookService.test.js" name="WebhookService &gt; trigger() &gt; should trigger webhooks for matching event type" time="0.001641667">
        </testcase>
        <testcase classname="tests/unit/backend/webhookService.test.js" name="WebhookService &gt; trigger() &gt; should return zero triggered when no webhooks match" time="0.000183375">
        </testcase>
        <testcase classname="tests/unit/backend/webhookService.test.js" name="WebhookService &gt; trigger() &gt; should handle multiple webhooks" time="0.000173209">
        </testcase>
        <testcase classname="tests/unit/backend/webhookService.test.js" name="WebhookService &gt; trigger() &gt; should handle webhook failures gracefully" time="0.000306917">
            <system-err>
[Webhook] Failed to send to https://example.com/webhook: Network error

            </system-err>
        </testcase>
        <testcase classname="tests/unit/backend/webhookService.test.js" name="WebhookService &gt; trigger() &gt; should handle database errors" time="0.003115833">
            <system-err>
[Webhook] Query error: Error: Database error
    at Object.&lt;anonymous&gt; (/Users/piotrwisniewski/Documents/Antygracity/DRD/consultify/tests/unit/backend/webhookService.test.js:144:26)
    at Object.Mock [as all] (file:///Users/piotrwisniewski/Documents/Antygracity/DRD/consultify/node_modules/@vitest/spy/dist/index.js:285:34)
    at /Users/piotrwisniewski/Documents/Antygracity/DRD/consultify/server/services/webhookService.js:25:21
    at new Promise (&lt;anonymous&gt;)
    at WebhookService.trigger (/Users/piotrwisniewski/Documents/Antygracity/DRD/consultify/server/services/webhookService.js:23:16)
    at /Users/piotrwisniewski/Documents/Antygracity/DRD/consultify/tests/unit/backend/webhookService.test.js:147:41
    at file:///Users/piotrwisniewski/Documents/Antygracity/DRD/consultify/node_modules/@vitest/runner/dist/index.js:145:11
    at file:///Users/piotrwisniewski/Documents/Antygracity/DRD/consultify/node_modules/@vitest/runner/dist/index.js:915:26
    at file:///Users/piotrwisniewski/Documents/Antygracity/DRD/consultify/node_modules/@vitest/runner/dist/index.js:1243:20
    at new Promise (&lt;anonymous&gt;)

            </system-err>
        </testcase>
        <testcase classname="tests/unit/backend/webhookService.test.js" name="WebhookService &gt; trigger() &gt; should only trigger webhooks for specified organization" time="0.000205209">
        </testcase>
        <testcase classname="tests/unit/backend/webhookService.test.js" name="WebhookService &gt; sendWebhook() &gt; should send webhook with correct headers" time="0.000577792">
        </testcase>
        <testcase classname="tests/unit/backend/webhookService.test.js" name="WebhookService &gt; sendWebhook() &gt; should include payload in body" time="0.000499125">
        </testcase>
        <testcase classname="tests/unit/backend/webhookService.test.js" name="WebhookService &gt; sendWebhook() &gt; should throw on non-ok response" time="0.000365542">
        </testcase>
        <testcase classname="tests/unit/backend/webhookService.test.js" name="WebhookService &gt; sendSlackNotification() &gt; should send Slack notification" time="0.002201208">
        </testcase>
        <testcase classname="tests/unit/backend/webhookService.test.js" name="WebhookService &gt; sendSlackNotification() &gt; should handle Slack API errors" time="0.00014175">
        </testcase>
        <testcase classname="tests/unit/backend/webhookService.test.js" name="WebhookService &gt; sendSlackNotification() &gt; should handle network errors" time="0.000387291">
            <system-err>
[Slack] Notification failed: Error: Network error
    at /Users/piotrwisniewski/Documents/Antygracity/DRD/consultify/tests/unit/backend/webhookService.test.js:256:45
    at file:///Users/piotrwisniewski/Documents/Antygracity/DRD/consultify/node_modules/@vitest/runner/dist/index.js:145:11
    at file:///Users/piotrwisniewski/Documents/Antygracity/DRD/consultify/node_modules/@vitest/runner/dist/index.js:915:26
    at file:///Users/piotrwisniewski/Documents/Antygracity/DRD/consultify/node_modules/@vitest/runner/dist/index.js:1243:20
    at new Promise (&lt;anonymous&gt;)
    at runWithTimeout (file:///Users/piotrwisniewski/Documents/Antygracity/DRD/consultify/node_modules/@vitest/runner/dist/index.js:1209:10)
    at file:///Users/piotrwisniewski/Documents/Antygracity/DRD/consultify/node_modules/@vitest/runner/dist/index.js:1653:37
    at Traces.$ (file:///Users/piotrwisniewski/Documents/Antygracity/DRD/consultify/node_modules/vitest/dist/chunks/traces.U4xDYhzZ.js:115:27)
    at trace (file:///Users/piotrwisniewski/Documents/Antygracity/DRD/consultify/node_modules/vitest/dist/chunks/test.B8ej_ZHS.js:239:21)
    at runTest (file:///Users/piotrwisniewski/Documents/Antygracity/DRD/consultify/node_modules/@vitest/runner/dist/index.js:1653:12)

            </system-err>
        </testcase>
        <testcase classname="tests/unit/backend/webhookService.test.js" name="WebhookService &gt; Multi-tenant Isolation &gt; should not leak webhooks between organizations" time="0.0001695">
        </testcase>
        <testcase classname="tests/unit/backend/webhookService.test.js" name="WebhookService &gt; Multi-tenant Isolation &gt; should filter webhooks by organization_id" time="0.000076583">
        </testcase>
        <testcase classname="tests/unit/backend/webhookService.test.js" name="WebhookService &gt; Multi-tenant Isolation &gt; should only query active webhooks" time="0.000070334">
        </testcase>
        <testcase classname="tests/unit/backend/webhookService.test.js" name="WebhookService &gt; Security &gt; should generate HMAC signature for each webhook" time="0.00013925">
        </testcase>
        <testcase classname="tests/unit/backend/webhookService.test.js" name="WebhookService &gt; Security &gt; should include event type in headers" time="0.00007975">
        </testcase>
        <testcase classname="tests/unit/backend/webhookService.test.js" name="WebhookService &gt; Security &gt; should generate different signatures for different secrets" time="0.000109583">
        </testcase>
        <testcase classname="tests/unit/backend/webhookService.test.js" name="WebhookService &gt; formatInitiativeMessage() &gt; should format initiative message correctly" time="0.000158833">
        </testcase>
        <testcase classname="tests/unit/backend/webhookService.test.js" name="WebhookService &gt; formatTaskMessage() &gt; should format task message with status emoji" time="0.000139583">
        </testcase>
        <testcase classname="tests/unit/backend/webhookService.test.js" name="WebhookService &gt; formatTaskMessage() &gt; should handle completed status" time="0.000062375">
        </testcase>
    </testsuite>
    <testsuite name="tests/unit/backend/middleware/adminMiddleware.test.js" timestamp="2025-12-21T16:39:31.450Z" hostname="MacBook-Pro-Piotr.local" tests="4" failures="0" errors="0" skipped="0" time="0.537641709">
        <testcase classname="tests/unit/backend/middleware/adminMiddleware.test.js" name="AdminMiddleware &gt; should call next() if user is admin" time="0.005335958">
        </testcase>
        <testcase classname="tests/unit/backend/middleware/adminMiddleware.test.js" name="AdminMiddleware &gt; should call next() if user is superadmin" time="0.000748208">
        </testcase>
        <testcase classname="tests/unit/backend/middleware/adminMiddleware.test.js" name="AdminMiddleware &gt; should return 403 if user is not admin" time="0.001622458">
        </testcase>
        <testcase classname="tests/unit/backend/middleware/adminMiddleware.test.js" name="AdminMiddleware &gt; should return 401 if verify failed (bad signature)" time="0.000317875">
        </testcase>
    </testsuite>
    <testsuite name="tests/unit/backend/middleware/auditLog.test.js" timestamp="2025-12-21T16:39:31.451Z" hostname="MacBook-Pro-Piotr.local" tests="3" failures="0" errors="0" skipped="0" time="0.3314965">
        <testcase classname="tests/unit/backend/middleware/auditLog.test.js" name="AuditLog Middleware &gt; should call next() and override res.end" time="0.014493583">
            <system-out>
[Database] Selected: SQLite

            </system-out>
        </testcase>
        <testcase classname="tests/unit/backend/middleware/auditLog.test.js" name="AuditLog Middleware &gt; should log activity when res.end is called for 2xx POST" time="0.052733084">
            <system-out>
[Database] Selected: SQLite

            </system-out>
        </testcase>
        <testcase classname="tests/unit/backend/middleware/auditLog.test.js" name="AuditLog Middleware &gt; should NOT log for GET requests" time="0.000658166">
            <system-out>
[Database] Selected: SQLite

            </system-out>
        </testcase>
    </testsuite>
    <testsuite name="tests/unit/backend/middleware/authMiddleware.test.js" timestamp="2025-12-21T16:39:31.451Z" hostname="MacBook-Pro-Piotr.local" tests="6" failures="0" errors="0" skipped="4" time="0.115734916">
        <testcase classname="tests/unit/backend/middleware/authMiddleware.test.js" name="AuthMiddleware &gt; should return 403 if no token provided" time="0.001792542">
        </testcase>
        <testcase classname="tests/unit/backend/middleware/authMiddleware.test.js" name="AuthMiddleware &gt; should return 401 if token expired" time="0">
            <skipped/>
        </testcase>
        <testcase classname="tests/unit/backend/middleware/authMiddleware.test.js" name="AuthMiddleware &gt; should return 401 if token invalid" time="0.000348">
        </testcase>
        <testcase classname="tests/unit/backend/middleware/authMiddleware.test.js" name="AuthMiddleware &gt; should call next() if token valid and no revocation check needed (no jti)" time="0">
            <skipped/>
        </testcase>
        <testcase classname="tests/unit/backend/middleware/authMiddleware.test.js" name="AuthMiddleware &gt; should check revocation if jti is present" time="0">
            <skipped/>
        </testcase>
        <testcase classname="tests/unit/backend/middleware/authMiddleware.test.js" name="AuthMiddleware &gt; should return 401 if token is revoked" time="0">
            <skipped/>
        </testcase>
    </testsuite>
    <testsuite name="tests/unit/backend/middleware/planLimits.test.js" timestamp="2025-12-21T16:39:31.451Z" hostname="MacBook-Pro-Piotr.local" tests="8" failures="0" errors="0" skipped="0" time="0.270490084">
        <testcase classname="tests/unit/backend/middleware/planLimits.test.js" name="PlanLimits Middleware &gt; should return 403 if no organization found in user" time="0.005209459">
            <system-out>
[Database] Selected: SQLite

            </system-out>
        </testcase>
        <testcase classname="tests/unit/backend/middleware/planLimits.test.js" name="PlanLimits Middleware &gt; should return 404 if organization does not exist in DB" time="0.000924834">
        </testcase>
        <testcase classname="tests/unit/backend/middleware/planLimits.test.js" name="PlanLimits Middleware &gt; should allow request if within limit (Free plan)" time="0.001471333">
        </testcase>
        <testcase classname="tests/unit/backend/middleware/planLimits.test.js" name="PlanLimits Middleware &gt; should block request if limit reached (Free plan)" time="0.001573875">
        </testcase>
        <testcase classname="tests/unit/backend/middleware/planLimits.test.js" name="PlanLimits Middleware &gt; should allow request if within limit (Pro plan)" time="0.002348125">
        </testcase>
        <testcase classname="tests/unit/backend/middleware/planLimits.test.js" name="PlanLimits Middleware &gt; should treat trial status as pro plan" time="0.001247667">
        </testcase>
        <testcase classname="tests/unit/backend/middleware/planLimits.test.js" name="PlanLimits Middleware &gt; should handle undefined limits gracefully (warn and allow)" time="0.000954375">
            <system-err>
Limit key unknown_limit_key not found for plan free

            </system-err>
        </testcase>
        <testcase classname="tests/unit/backend/middleware/planLimits.test.js" name="PlanLimits Middleware &gt; should check max_members limit" time="0.001484792">
        </testcase>
    </testsuite>
    <testsuite name="tests/unit/backend/middleware/projectQuotaMiddleware.test.js" timestamp="2025-12-21T16:39:31.452Z" hostname="MacBook-Pro-Piotr.local" tests="6" failures="0" errors="0" skipped="0" time="0.185825625">
        <testcase classname="tests/unit/backend/middleware/projectQuotaMiddleware.test.js" name="Project Quota Middleware (Integration) &gt; should skip check if no project_id provided" time="0.000999208">
        </testcase>
        <testcase classname="tests/unit/backend/middleware/projectQuotaMiddleware.test.js" name="Project Quota Middleware (Integration) &gt; should allow request if quota is sufficient" time="0.001246625">
        </testcase>
        <testcase classname="tests/unit/backend/middleware/projectQuotaMiddleware.test.js" name="Project Quota Middleware (Integration) &gt; should allow request if limit is NULL (unlimited)" time="0.00047375">
        </testcase>
        <testcase classname="tests/unit/backend/middleware/projectQuotaMiddleware.test.js" name="Project Quota Middleware (Integration) &gt; should block 429 if quota exceeded" time="0.0018145">
        </testcase>
        <testcase classname="tests/unit/backend/middleware/projectQuotaMiddleware.test.js" name="Project Quota Middleware (Integration) &gt; should cleanup temp file if quota exceeded" time="0.001485834">
        </testcase>
        <testcase classname="tests/unit/backend/middleware/projectQuotaMiddleware.test.js" name="Project Quota Middleware (Integration) &gt; should handle errors gracefully (e.g. project not found)" time="0.001200041">
            <system-err>
Project quota check error: Error: Project not found
    at Statement.&lt;anonymous&gt; (/Users/piotrwisniewski/Documents/Antygracity/DRD/consultify/server/services/usageService.js:303:41)
    at Statement.replacement (/Users/piotrwisniewski/Documents/Antygracity/DRD/consultify/server/node_modules/sqlite3/lib/trace.js:25:27)
    at Statement.replacement (/Users/piotrwisniewski/Documents/Antygracity/DRD/consultify/server/node_modules/sqlite3/lib/trace.js:25:27)

            </system-err>
        </testcase>
    </testsuite>
    <testsuite name="tests/unit/backend/middleware/quotaMiddleware.test.js" timestamp="2025-12-21T16:39:31.452Z" hostname="MacBook-Pro-Piotr.local" tests="8" failures="0" errors="0" skipped="0" time="0.266988958">
        <testcase classname="tests/unit/backend/middleware/quotaMiddleware.test.js" name="Quota Middleware (Integration) &gt; enforceTokenQuota &gt; should return 401 if no orgId" time="0.002018375">
        </testcase>
        <testcase classname="tests/unit/backend/middleware/quotaMiddleware.test.js" name="Quota Middleware (Integration) &gt; enforceTokenQuota &gt; should allow if usage is below limit" time="0.0033485">
        </testcase>
        <testcase classname="tests/unit/backend/middleware/quotaMiddleware.test.js" name="Quota Middleware (Integration) &gt; enforceTokenQuota &gt; should block 429 if usage exceeds limit" time="0.001445584">
        </testcase>
        <testcase classname="tests/unit/backend/middleware/quotaMiddleware.test.js" name="Quota Middleware (Integration) &gt; enforceTokenQuota &gt; should allow if overage is enabled even if exceeded" time="0.003909833">
        </testcase>
        <testcase classname="tests/unit/backend/middleware/quotaMiddleware.test.js" name="Quota Middleware (Integration) &gt; enforceTokenQuota &gt; should set warning headers if &gt; 80%" time="0.002476958">
        </testcase>
        <testcase classname="tests/unit/backend/middleware/quotaMiddleware.test.js" name="Quota Middleware (Integration) &gt; enforceStorageQuota &gt; should allow if allowed" time="0.00171475">
        </testcase>
        <testcase classname="tests/unit/backend/middleware/quotaMiddleware.test.js" name="Quota Middleware (Integration) &gt; enforceStorageQuota &gt; should block 429 if exceeded" time="0.001717458">
        </testcase>
        <testcase classname="tests/unit/backend/middleware/quotaMiddleware.test.js" name="Quota Middleware (Integration) &gt; recordTokenUsageAfterResponse &gt; should insert usage record into DB" time="0.052857709">
        </testcase>
    </testsuite>
    <testsuite name="tests/unit/backend/middleware/superAdminMiddleware.test.js" timestamp="2025-12-21T16:39:31.452Z" hostname="MacBook-Pro-Piotr.local" tests="3" failures="0" errors="0" skipped="0" time="0.320571834">
        <testcase classname="tests/unit/backend/middleware/superAdminMiddleware.test.js" name="SuperAdminMiddleware &gt; should call next() if user is superadmin" time="0.002728084">
        </testcase>
        <testcase classname="tests/unit/backend/middleware/superAdminMiddleware.test.js" name="SuperAdminMiddleware &gt; should return 403 if user is admin (not super)" time="0.001263209">
        </testcase>
        <testcase classname="tests/unit/backend/middleware/superAdminMiddleware.test.js" name="SuperAdminMiddleware &gt; should return 401 if token is invalid (bad signature)" time="0.000280333">
        </testcase>
    </testsuite>
</testsuites>
