<?xml version="1.0" encoding="UTF-8" ?>
<testsuites name="vitest tests" tests="156" failures="0" errors="0" time="5.988406041">
    <testsuite name="tests/components/ActionDecisionDialog.test.tsx" timestamp="2025-12-21T21:46:00.861Z" hostname="MacBook-Pro-Piotr.local" tests="18" failures="0" errors="0" skipped="0" time="0.415044958">
        <testcase classname="tests/components/ActionDecisionDialog.test.tsx" name="ActionDecisionDialog &gt; Rendering &gt; should not render when isOpen is false" time="0.006216">
        </testcase>
        <testcase classname="tests/components/ActionDecisionDialog.test.tsx" name="ActionDecisionDialog &gt; Rendering &gt; should render when isOpen is true" time="0.009587125">
        </testcase>
        <testcase classname="tests/components/ActionDecisionDialog.test.tsx" name="ActionDecisionDialog &gt; Rendering &gt; should display approval dialog correctly" time="0.007053833">
        </testcase>
        <testcase classname="tests/components/ActionDecisionDialog.test.tsx" name="ActionDecisionDialog &gt; Rendering &gt; should display rejection dialog correctly" time="0.104404959">
        </testcase>
        <testcase classname="tests/components/ActionDecisionDialog.test.tsx" name="ActionDecisionDialog &gt; Rendering &gt; should display action title" time="0.002067833">
        </testcase>
        <testcase classname="tests/components/ActionDecisionDialog.test.tsx" name="ActionDecisionDialog &gt; User Interactions &gt; should call onClose when cancel button is clicked" time="0.004082792">
        </testcase>
        <testcase classname="tests/components/ActionDecisionDialog.test.tsx" name="ActionDecisionDialog &gt; User Interactions &gt; should call onClose when X button is clicked" time="0.02106575">
        </testcase>
        <testcase classname="tests/components/ActionDecisionDialog.test.tsx" name="ActionDecisionDialog &gt; User Interactions &gt; should call onClose when backdrop is clicked" time="0.001745875">
        </testcase>
        <testcase classname="tests/components/ActionDecisionDialog.test.tsx" name="ActionDecisionDialog &gt; User Interactions &gt; should allow entering reason text" time="0.003119417">
        </testcase>
        <testcase classname="tests/components/ActionDecisionDialog.test.tsx" name="ActionDecisionDialog &gt; User Interactions &gt; should call onConfirm with reason when approve button is clicked" time="0.003308541">
        </testcase>
        <testcase classname="tests/components/ActionDecisionDialog.test.tsx" name="ActionDecisionDialog &gt; User Interactions &gt; should call onConfirm with reason when reject button is clicked" time="0.009112416">
        </testcase>
        <testcase classname="tests/components/ActionDecisionDialog.test.tsx" name="ActionDecisionDialog &gt; Validation &gt; should disable reject button when reason is empty" time="0.00769225">
        </testcase>
        <testcase classname="tests/components/ActionDecisionDialog.test.tsx" name="ActionDecisionDialog &gt; Validation &gt; should enable reject button when reason is provided" time="0.008776541">
        </testcase>
        <testcase classname="tests/components/ActionDecisionDialog.test.tsx" name="ActionDecisionDialog &gt; Validation &gt; should enable approve button even without reason" time="0.001466667">
        </testcase>
        <testcase classname="tests/components/ActionDecisionDialog.test.tsx" name="ActionDecisionDialog &gt; Validation &gt; should disable reject button when reason is only whitespace" time="0.008513875">
        </testcase>
        <testcase classname="tests/components/ActionDecisionDialog.test.tsx" name="ActionDecisionDialog &gt; Accessibility &gt; should have proper semantic structure" time="0.005934666">
        </testcase>
        <testcase classname="tests/components/ActionDecisionDialog.test.tsx" name="ActionDecisionDialog &gt; Accessibility &gt; should have accessible buttons" time="0.009678667">
        </testcase>
        <testcase classname="tests/components/ActionDecisionDialog.test.tsx" name="ActionDecisionDialog &gt; Accessibility &gt; should have accessible textarea" time="0.001365791">
        </testcase>
    </testsuite>
    <testsuite name="tests/components/ActionProposalList.test.tsx" timestamp="2025-12-21T21:46:00.863Z" hostname="MacBook-Pro-Piotr.local" tests="11" failures="0" errors="0" skipped="0" time="0.328546375">
        <testcase classname="tests/components/ActionProposalList.test.tsx" name="ActionProposalList &gt; Rendering &gt; should render empty state when no proposals" time="0.012825334">
        </testcase>
        <testcase classname="tests/components/ActionProposalList.test.tsx" name="ActionProposalList &gt; Rendering &gt; should render list of proposals" time="0.004044084">
        </testcase>
        <testcase classname="tests/components/ActionProposalList.test.tsx" name="ActionProposalList &gt; Rendering &gt; should display proposal titles" time="0.002703833">
        </testcase>
        <testcase classname="tests/components/ActionProposalList.test.tsx" name="ActionProposalList &gt; Rendering &gt; should display risk levels" time="0.082129">
        </testcase>
        <testcase classname="tests/components/ActionProposalList.test.tsx" name="ActionProposalList &gt; Selection &gt; should call onSelect when proposal is clicked" time="0.004323959">
        </testcase>
        <testcase classname="tests/components/ActionProposalList.test.tsx" name="ActionProposalList &gt; Selection &gt; should highlight selected proposal" time="0.002249708">
        </testcase>
        <testcase classname="tests/components/ActionProposalList.test.tsx" name="ActionProposalList &gt; Selection &gt; should not highlight unselected proposals" time="0.001724708">
        </testcase>
        <testcase classname="tests/components/ActionProposalList.test.tsx" name="ActionProposalList &gt; Risk Level Display &gt; should display LOW risk correctly" time="0.000965417">
        </testcase>
        <testcase classname="tests/components/ActionProposalList.test.tsx" name="ActionProposalList &gt; Risk Level Display &gt; should display HIGH risk correctly" time="0.000979042">
        </testcase>
        <testcase classname="tests/components/ActionProposalList.test.tsx" name="ActionProposalList &gt; Action Type Icons &gt; should render correct icon for TASK_CREATE" time="0.001378375">
        </testcase>
        <testcase classname="tests/components/ActionProposalList.test.tsx" name="ActionProposalList &gt; Action Type Icons &gt; should render correct icon for MEETING_SCHEDULE" time="0.001327958">
        </testcase>
    </testsuite>
    <testsuite name="tests/components/AssessmentMatrixCard.test.tsx" timestamp="2025-12-21T21:46:00.864Z" hostname="MacBook-Pro-Piotr.local" tests="5" failures="0" errors="0" skipped="0" time="0.337743">
        <testcase classname="tests/components/AssessmentMatrixCard.test.tsx" name="AssessmentMatrixCard &gt; Rendering &gt; should render assessment matrix card" time="0.017398292">
        </testcase>
        <testcase classname="tests/components/AssessmentMatrixCard.test.tsx" name="AssessmentMatrixCard &gt; Rendering &gt; should display actual and target scores" time="0.003796583">
        </testcase>
        <testcase classname="tests/components/AssessmentMatrixCard.test.tsx" name="AssessmentMatrixCard &gt; Rendering &gt; should display gap points" time="0.003087125">
        </testcase>
        <testcase classname="tests/components/AssessmentMatrixCard.test.tsx" name="AssessmentMatrixCard &gt; Rendering &gt; should show &quot;Optimized&quot; when gap is zero" time="0.002993417">
        </testcase>
        <testcase classname="tests/components/AssessmentMatrixCard.test.tsx" name="AssessmentMatrixCard &gt; Navigation &gt; should call onNavigate when navigate button clicked" time="0.099590125">
        </testcase>
    </testsuite>
    <testsuite name="tests/components/AuditLogViewer.test.tsx" timestamp="2025-12-21T21:46:00.864Z" hostname="MacBook-Pro-Piotr.local" tests="17" failures="0" errors="0" skipped="0" time="0.409436334">
        <testcase classname="tests/components/AuditLogViewer.test.tsx" name="AuditLogViewer &gt; Rendering &gt; should render audit log viewer" time="0.043114375">
        </testcase>
        <testcase classname="tests/components/AuditLogViewer.test.tsx" name="AuditLogViewer &gt; Rendering &gt; should display audit entries" time="0.010502333">
        </testcase>
        <testcase classname="tests/components/AuditLogViewer.test.tsx" name="AuditLogViewer &gt; Rendering &gt; should show loading state initially" time="0.014363459">
        </testcase>
        <testcase classname="tests/components/AuditLogViewer.test.tsx" name="AuditLogViewer &gt; Filtering &gt; should filter by action type" time="0.01230825">
        </testcase>
        <testcase classname="tests/components/AuditLogViewer.test.tsx" name="AuditLogViewer &gt; Filtering &gt; should filter by resource type" time="0.053589875">
        </testcase>
        <testcase classname="tests/components/AuditLogViewer.test.tsx" name="AuditLogViewer &gt; Filtering &gt; should filter by date range" time="0.009123583">
        </testcase>
        <testcase classname="tests/components/AuditLogViewer.test.tsx" name="AuditLogViewer &gt; Filtering &gt; should search entries" time="0.010314">
        </testcase>
        <testcase classname="tests/components/AuditLogViewer.test.tsx" name="AuditLogViewer &gt; Pagination &gt; should paginate entries" time="0.006216625">
        </testcase>
        <testcase classname="tests/components/AuditLogViewer.test.tsx" name="AuditLogViewer &gt; Pagination &gt; should navigate to next page" time="0.006745916">
        </testcase>
        <testcase classname="tests/components/AuditLogViewer.test.tsx" name="AuditLogViewer &gt; Pagination &gt; should navigate to previous page" time="0.006789291">
        </testcase>
        <testcase classname="tests/components/AuditLogViewer.test.tsx" name="AuditLogViewer &gt; Export Functionality &gt; should export as JSON" time="0.006988">
        </testcase>
        <testcase classname="tests/components/AuditLogViewer.test.tsx" name="AuditLogViewer &gt; Export Functionality &gt; should export as CSV" time="0.006819958">
        </testcase>
        <testcase classname="tests/components/AuditLogViewer.test.tsx" name="AuditLogViewer &gt; Entry Details &gt; should show entry details when selected" time="0.006625875">
        </testcase>
        <testcase classname="tests/components/AuditLogViewer.test.tsx" name="AuditLogViewer &gt; Error Handling &gt; should display error when fetch fails" time="0.005544458">
        </testcase>
        <testcase classname="tests/components/AuditLogViewer.test.tsx" name="AuditLogViewer &gt; Error Handling &gt; should handle API error responses" time="0.005949958">
        </testcase>
        <testcase classname="tests/components/AuditLogViewer.test.tsx" name="AuditLogViewer &gt; Multi-Tenant Isolation &gt; should filter by organizationId when provided" time="0.006665625">
        </testcase>
        <testcase classname="tests/components/AuditLogViewer.test.tsx" name="AuditLogViewer &gt; Multi-Tenant Isolation &gt; should allow superadmin to view all entries" time="0.007527584">
        </testcase>
    </testsuite>
    <testsuite name="tests/components/Button.test.tsx" timestamp="2025-12-21T21:46:00.865Z" hostname="MacBook-Pro-Piotr.local" tests="3" failures="0" errors="0" skipped="0" time="0.157478209">
        <testcase classname="tests/components/Button.test.tsx" name="Component Test: Button &gt; renders children correctly" time="0.010743958">
        </testcase>
        <testcase classname="tests/components/Button.test.tsx" name="Component Test: Button &gt; handles click events" time="0.002420375">
        </testcase>
        <testcase classname="tests/components/Button.test.tsx" name="Component Test: Button &gt; renders with correct variant class" time="0.00136525">
        </testcase>
    </testsuite>
    <testsuite name="tests/components/DashboardOverview.test.tsx" timestamp="2025-12-21T21:46:00.865Z" hostname="MacBook-Pro-Piotr.local" tests="9" failures="0" errors="0" skipped="0" time="0.212640167">
        <testcase classname="tests/components/DashboardOverview.test.tsx" name="DashboardOverview &gt; Rendering &gt; should render dashboard layout" time="0.011028083">
        </testcase>
        <testcase classname="tests/components/DashboardOverview.test.tsx" name="DashboardOverview &gt; Rendering &gt; should render TaskInbox component" time="0.001411792">
        </testcase>
        <testcase classname="tests/components/DashboardOverview.test.tsx" name="DashboardOverview &gt; Rendering &gt; should render NotificationCenter component" time="0.000970125">
        </testcase>
        <testcase classname="tests/components/DashboardOverview.test.tsx" name="DashboardOverview &gt; Rendering &gt; should pass onCreateTask to TaskInbox" time="0.000855375">
        </testcase>
        <testcase classname="tests/components/DashboardOverview.test.tsx" name="DashboardOverview &gt; Rendering &gt; should pass onEditTask to TaskInbox" time="0.000883">
        </testcase>
        <testcase classname="tests/components/DashboardOverview.test.tsx" name="DashboardOverview &gt; Layout &gt; should have responsive grid layout" time="0.002467292">
        </testcase>
        <testcase classname="tests/components/DashboardOverview.test.tsx" name="DashboardOverview &gt; Layout &gt; should have correct column spans for large screens" time="0.000883708">
        </testcase>
        <testcase classname="tests/components/DashboardOverview.test.tsx" name="DashboardOverview &gt; Props Handling &gt; should handle optional session prop" time="0.000654875">
        </testcase>
        <testcase classname="tests/components/DashboardOverview.test.tsx" name="DashboardOverview &gt; Props Handling &gt; should handle optional refreshTrigger prop" time="0.000594833">
        </testcase>
    </testsuite>
    <testsuite name="tests/components/ErrorBoundary.test.tsx" timestamp="2025-12-21T21:46:00.866Z" hostname="MacBook-Pro-Piotr.local" tests="4" failures="0" errors="0" skipped="0" time="0.163817458">
        <testcase classname="tests/components/ErrorBoundary.test.tsx" name="Component Test: ErrorBoundary &gt; renders children when there is no error" time="0.010595375">
        </testcase>
        <testcase classname="tests/components/ErrorBoundary.test.tsx" name="Component Test: ErrorBoundary &gt; displays error UI when child component throws" time="0.005391334">
        </testcase>
        <testcase classname="tests/components/ErrorBoundary.test.tsx" name="Component Test: ErrorBoundary &gt; displays error message in error UI" time="0.00148725">
        </testcase>
        <testcase classname="tests/components/ErrorBoundary.test.tsx" name="Component Test: ErrorBoundary &gt; has reset button in error UI" time="0.003023167">
        </testcase>
    </testsuite>
    <testsuite name="tests/components/FeedbackWidget.test.tsx" timestamp="2025-12-21T21:46:00.866Z" hostname="MacBook-Pro-Piotr.local" tests="8" failures="0" errors="0" skipped="0" time="0.35801875">
        <testcase classname="tests/components/FeedbackWidget.test.tsx" name="Component Test: FeedbackWidget &gt; does not render when user is not logged in" time="0.006040375">
        </testcase>
        <testcase classname="tests/components/FeedbackWidget.test.tsx" name="Component Test: FeedbackWidget &gt; renders trigger button when user is logged in" time="0.0061305">
        </testcase>
        <testcase classname="tests/components/FeedbackWidget.test.tsx" name="Component Test: FeedbackWidget &gt; opens modal when trigger button is clicked" time="0.008117041">
        </testcase>
        <testcase classname="tests/components/FeedbackWidget.test.tsx" name="Component Test: FeedbackWidget &gt; closes modal when X button is clicked" time="0.003942667">
        </testcase>
        <testcase classname="tests/components/FeedbackWidget.test.tsx" name="Component Test: FeedbackWidget &gt; allows selecting feedback type" time="0.003783416">
        </testcase>
        <testcase classname="tests/components/FeedbackWidget.test.tsx" name="Component Test: FeedbackWidget &gt; submits feedback successfully" time="0.006337959">
        </testcase>
        <testcase classname="tests/components/FeedbackWidget.test.tsx" name="Component Test: FeedbackWidget &gt; handles submission error" time="0.007579792">
            <system-err>
Error: API Error
    at /Users/piotrwisniewski/Documents/Antygracity/DRD/consultify/tests/components/FeedbackWidget.test.tsx:101:53
    at file:///Users/piotrwisniewski/Documents/Antygracity/DRD/consultify/node_modules/@vitest/runner/dist/index.js:145:11
    at file:///Users/piotrwisniewski/Documents/Antygracity/DRD/consultify/node_modules/@vitest/runner/dist/index.js:915:26
    at file:///Users/piotrwisniewski/Documents/Antygracity/DRD/consultify/node_modules/@vitest/runner/dist/index.js:1243:20
    at new Promise (&lt;anonymous&gt;)
    at runWithTimeout (file:///Users/piotrwisniewski/Documents/Antygracity/DRD/consultify/node_modules/@vitest/runner/dist/index.js:1209:10)
    at file:///Users/piotrwisniewski/Documents/Antygracity/DRD/consultify/node_modules/@vitest/runner/dist/index.js:1653:37
    at Traces.$ (file:///Users/piotrwisniewski/Documents/Antygracity/DRD/consultify/node_modules/vitest/dist/chunks/traces.U4xDYhzZ.js:115:27)
    at trace (file:///Users/piotrwisniewski/Documents/Antygracity/DRD/consultify/node_modules/vitest/dist/chunks/test.B8ej_ZHS.js:239:21)
    at runTest (file:///Users/piotrwisniewski/Documents/Antygracity/DRD/consultify/node_modules/@vitest/runner/dist/index.js:1653:12)

            </system-err>
        </testcase>
        <testcase classname="tests/components/FeedbackWidget.test.tsx" name="Component Test: FeedbackWidget &gt; disables submit button when message is empty" time="0.002624">
        </testcase>
    </testsuite>
    <testsuite name="tests/components/InitiativeCard.test.tsx" timestamp="2025-12-21T21:46:00.867Z" hostname="MacBook-Pro-Piotr.local" tests="6" failures="0" errors="0" skipped="0" time="0.298713708">
        <testcase classname="tests/components/InitiativeCard.test.tsx" name="Component Test: InitiativeCard &gt; renders initiative name and description" time="0.018532833">
        </testcase>
        <testcase classname="tests/components/InitiativeCard.test.tsx" name="Component Test: InitiativeCard &gt; calls onClick when card is clicked" time="0.011158666">
        </testcase>
        <testcase classname="tests/components/InitiativeCard.test.tsx" name="Component Test: InitiativeCard &gt; displays status badge" time="0.005127625">
        </testcase>
        <testcase classname="tests/components/InitiativeCard.test.tsx" name="Component Test: InitiativeCard &gt; displays axis badge when present" time="0.007550167">
        </testcase>
        <testcase classname="tests/components/InitiativeCard.test.tsx" name="Component Test: InitiativeCard &gt; calls onEnrich when enrich button is clicked" time="0.006964083">
        </testcase>
        <testcase classname="tests/components/InitiativeCard.test.tsx" name="Component Test: InitiativeCard &gt; handles different status values" time="0.010490167">
        </testcase>
    </testsuite>
    <testsuite name="tests/components/LLMSelector.test.tsx" timestamp="2025-12-21T21:46:00.867Z" hostname="MacBook-Pro-Piotr.local" tests="6" failures="0" errors="0" skipped="0" time="0.410233">
        <testcase classname="tests/components/LLMSelector.test.tsx" name="Component Test: LLMSelector &gt; renders selector button" time="0.013608542">
        </testcase>
        <testcase classname="tests/components/LLMSelector.test.tsx" name="Component Test: LLMSelector &gt; opens dropdown when clicked" time="0.009658334">
        </testcase>
        <testcase classname="tests/components/LLMSelector.test.tsx" name="Component Test: LLMSelector &gt; displays models in dropdown" time="0.009681667">
        </testcase>
        <testcase classname="tests/components/LLMSelector.test.tsx" name="Component Test: LLMSelector &gt; filters models by search query" time="0.010679209">
        </testcase>
        <testcase classname="tests/components/LLMSelector.test.tsx" name="Component Test: LLMSelector &gt; selects model when clicked" time="0.007945833">
        </testcase>
        <testcase classname="tests/components/LLMSelector.test.tsx" name="Component Test: LLMSelector &gt; toggles auto mode" time="0.003806125">
            <system-err>
An update to LLMSelector inside a test was not wrapped in act(...).

When testing, code that causes React state updates should be wrapped into act(...):

act(() =&gt; {
  /* fire events that update state */
});
/* assert on the output */

This ensures that you&apos;re testing the behavior the user would see in the browser. Learn more at https://react.dev/link/wrap-tests-with-act
An update to LLMSelector inside a test was not wrapped in act(...).

When testing, code that causes React state updates should be wrapped into act(...):

act(() =&gt; {
  /* fire events that update state */
});
/* assert on the output */

This ensures that you&apos;re testing the behavior the user would see in the browser. Learn more at https://react.dev/link/wrap-tests-with-act

            </system-err>
        </testcase>
    </testsuite>
    <testsuite name="tests/components/LoadingScreen.test.tsx" timestamp="2025-12-21T21:46:00.867Z" hostname="MacBook-Pro-Piotr.local" tests="2" failures="0" errors="0" skipped="0" time="0.311315041">
        <testcase classname="tests/components/LoadingScreen.test.tsx" name="Component Test: LoadingScreen &gt; renders loading spinner" time="0.09352675">
        </testcase>
        <testcase classname="tests/components/LoadingScreen.test.tsx" name="Component Test: LoadingScreen &gt; has correct styling classes" time="0.00164375">
        </testcase>
    </testsuite>
    <testsuite name="tests/components/MegatrendScanner.test.tsx" timestamp="2025-12-21T21:46:00.868Z" hostname="MacBook-Pro-Piotr.local" tests="7" failures="0" errors="0" skipped="0" time="0.341740209">
        <testcase classname="tests/components/MegatrendScanner.test.tsx" name="Component Test: TrendDetailCard &gt; renders trend details when data is provided" time="0.02092275">
        </testcase>
        <testcase classname="tests/components/MegatrendScanner.test.tsx" name="Component Test: TrendDetailCard &gt; renders loading state" time="0.002349">
        </testcase>
        <testcase classname="tests/components/MegatrendScanner.test.tsx" name="Component Test: TrendDetailCard &gt; renders error state and handles close/back" time="0.008773042">
        </testcase>
        <testcase classname="tests/components/MegatrendScanner.test.tsx" name="Component Test: TrendDetailCard &gt; calls onClose when close button is clicked" time="0.097456833">
        </testcase>
        <testcase classname="tests/components/MegatrendScanner.test.tsx" name="Component Test: IndustryBaselineCard &gt; renders list of trends" time="0.003173084">
        </testcase>
        <testcase classname="tests/components/MegatrendScanner.test.tsx" name="Component Test: IndustryBaselineCard &gt; renders loading state" time="0.001008542">
        </testcase>
        <testcase classname="tests/components/MegatrendScanner.test.tsx" name="Component Test: IndustryBaselineCard &gt; calls onTrendSelect when a trend is clicked" time="0.017649208">
        </testcase>
    </testsuite>
    <testsuite name="tests/components/PermissionManager.test.tsx" timestamp="2025-12-21T21:46:00.868Z" hostname="MacBook-Pro-Piotr.local" tests="13" failures="0" errors="0" skipped="0" time="0.345139292">
        <testcase classname="tests/components/PermissionManager.test.tsx" name="PermissionManager &gt; Rendering &gt; should render permission manager" time="0.024421709">
            <system-err>
An update to PermissionManager inside a test was not wrapped in act(...).

When testing, code that causes React state updates should be wrapped into act(...):

act(() =&gt; {
  /* fire events that update state */
});
/* assert on the output */

This ensures that you&apos;re testing the behavior the user would see in the browser. Learn more at https://react.dev/link/wrap-tests-with-act
An update to PermissionManager inside a test was not wrapped in act(...).

When testing, code that causes React state updates should be wrapped into act(...):

act(() =&gt; {
  /* fire events that update state */
});
/* assert on the output */

This ensures that you&apos;re testing the behavior the user would see in the browser. Learn more at https://react.dev/link/wrap-tests-with-act
An update to PermissionManager inside a test was not wrapped in act(...).

When testing, code that causes React state updates should be wrapped into act(...):

act(() =&gt; {
  /* fire events that update state */
});
/* assert on the output */

This ensures that you&apos;re testing the behavior the user would see in the browser. Learn more at https://react.dev/link/wrap-tests-with-act

            </system-err>
        </testcase>
        <testcase classname="tests/components/PermissionManager.test.tsx" name="PermissionManager &gt; Rendering &gt; should render search input" time="0.003760334">
            <system-err>
An update to PermissionManager inside a test was not wrapped in act(...).

When testing, code that causes React state updates should be wrapped into act(...):

act(() =&gt; {
  /* fire events that update state */
});
/* assert on the output */

This ensures that you&apos;re testing the behavior the user would see in the browser. Learn more at https://react.dev/link/wrap-tests-with-act
An update to PermissionManager inside a test was not wrapped in act(...).

When testing, code that causes React state updates should be wrapped into act(...):

act(() =&gt; {
  /* fire events that update state */
});
/* assert on the output */

This ensures that you&apos;re testing the behavior the user would see in the browser. Learn more at https://react.dev/link/wrap-tests-with-act
An update to PermissionManager inside a test was not wrapped in act(...).

When testing, code that causes React state updates should be wrapped into act(...):

act(() =&gt; {
  /* fire events that update state */
});
/* assert on the output */

This ensures that you&apos;re testing the behavior the user would see in the browser. Learn more at https://react.dev/link/wrap-tests-with-act

            </system-err>
        </testcase>
        <testcase classname="tests/components/PermissionManager.test.tsx" name="PermissionManager &gt; Rendering &gt; should display user role when permissions loaded" time="0.012563792">
        </testcase>
        <testcase classname="tests/components/PermissionManager.test.tsx" name="PermissionManager &gt; Search Functionality &gt; should filter permissions by search term" time="0.032866542">
        </testcase>
        <testcase classname="tests/components/PermissionManager.test.tsx" name="PermissionManager &gt; Search Functionality &gt; should search by permission key" time="0.004666708">
        </testcase>
        <testcase classname="tests/components/PermissionManager.test.tsx" name="PermissionManager &gt; Category Expansion &gt; should toggle category expansion" time="0.020430708">
        </testcase>
        <testcase classname="tests/components/PermissionManager.test.tsx" name="PermissionManager &gt; Permission Toggling &gt; should toggle permission status" time="0.0094005">
        </testcase>
        <testcase classname="tests/components/PermissionManager.test.tsx" name="PermissionManager &gt; Save Functionality &gt; should show save button when changes pending" time="0.003353125">
        </testcase>
        <testcase classname="tests/components/PermissionManager.test.tsx" name="PermissionManager &gt; Save Functionality &gt; should call onSave callback after saving" time="0.003423">
        </testcase>
        <testcase classname="tests/components/PermissionManager.test.tsx" name="PermissionManager &gt; Error Handling &gt; should display error when fetch fails" time="0.003686125">
        </testcase>
        <testcase classname="tests/components/PermissionManager.test.tsx" name="PermissionManager &gt; Error Handling &gt; should handle API error responses" time="0.007084083">
        </testcase>
        <testcase classname="tests/components/PermissionManager.test.tsx" name="PermissionManager &gt; Accessibility &gt; should have accessible search input" time="0.001984209">
            <system-err>
An update to PermissionManager inside a test was not wrapped in act(...).

When testing, code that causes React state updates should be wrapped into act(...):

act(() =&gt; {
  /* fire events that update state */
});
/* assert on the output */

This ensures that you&apos;re testing the behavior the user would see in the browser. Learn more at https://react.dev/link/wrap-tests-with-act
An update to PermissionManager inside a test was not wrapped in act(...).

When testing, code that causes React state updates should be wrapped into act(...):

act(() =&gt; {
  /* fire events that update state */
});
/* assert on the output */

This ensures that you&apos;re testing the behavior the user would see in the browser. Learn more at https://react.dev/link/wrap-tests-with-act
An update to PermissionManager inside a test was not wrapped in act(...).

When testing, code that causes React state updates should be wrapped into act(...):

act(() =&gt; {
  /* fire events that update state */
});
/* assert on the output */

This ensures that you&apos;re testing the behavior the user would see in the browser. Learn more at https://react.dev/link/wrap-tests-with-act

            </system-err>
        </testcase>
        <testcase classname="tests/components/PermissionManager.test.tsx" name="PermissionManager &gt; Accessibility &gt; should have accessible buttons" time="0.003817459">
            <system-err>
An update to PermissionManager inside a test was not wrapped in act(...).

When testing, code that causes React state updates should be wrapped into act(...):

act(() =&gt; {
  /* fire events that update state */
});
/* assert on the output */

This ensures that you&apos;re testing the behavior the user would see in the browser. Learn more at https://react.dev/link/wrap-tests-with-act
An update to PermissionManager inside a test was not wrapped in act(...).

When testing, code that causes React state updates should be wrapped into act(...):

act(() =&gt; {
  /* fire events that update state */
});
/* assert on the output */

This ensures that you&apos;re testing the behavior the user would see in the browser. Learn more at https://react.dev/link/wrap-tests-with-act
An update to PermissionManager inside a test was not wrapped in act(...).

When testing, code that causes React state updates should be wrapped into act(...):

act(() =&gt; {
  /* fire events that update state */
});
/* assert on the output */

This ensures that you&apos;re testing the behavior the user would see in the browser. Learn more at https://react.dev/link/wrap-tests-with-act

            </system-err>
        </testcase>
    </testsuite>
    <testsuite name="tests/components/PlanCard.test.tsx" timestamp="2025-12-21T21:46:00.869Z" hostname="MacBook-Pro-Piotr.local" tests="7" failures="0" errors="0" skipped="0" time="0.173322458">
        <testcase classname="tests/components/PlanCard.test.tsx" name="Component Test: PlanCard &gt; renders plan name and price" time="0.017137708">
        </testcase>
        <testcase classname="tests/components/PlanCard.test.tsx" name="Component Test: PlanCard &gt; displays current plan badge when isCurrentPlan is true" time="0.00334425">
        </testcase>
        <testcase classname="tests/components/PlanCard.test.tsx" name="Component Test: PlanCard &gt; displays popular badge when isPopular is true" time="0.002565875">
        </testcase>
        <testcase classname="tests/components/PlanCard.test.tsx" name="Component Test: PlanCard &gt; calls onSelect when select button is clicked" time="0.004491667">
        </testcase>
        <testcase classname="tests/components/PlanCard.test.tsx" name="Component Test: PlanCard &gt; disables select button when disabled is true" time="0.002449208">
        </testcase>
        <testcase classname="tests/components/PlanCard.test.tsx" name="Component Test: PlanCard &gt; displays features list" time="0.004655541">
        </testcase>
        <testcase classname="tests/components/PlanCard.test.tsx" name="Component Test: PlanCard &gt; shows API access for premium plans" time="0.00195825">
        </testcase>
    </testsuite>
    <testsuite name="tests/components/QuotaWarningBanner.test.tsx" timestamp="2025-12-21T21:46:00.869Z" hostname="MacBook-Pro-Piotr.local" tests="7" failures="0" errors="0" skipped="0" time="0.303552875">
        <testcase classname="tests/components/QuotaWarningBanner.test.tsx" name="Component Test: QuotaWarningBanner &gt; does not render when usage is below threshold" time="0.005493792">
        </testcase>
        <testcase classname="tests/components/QuotaWarningBanner.test.tsx" name="Component Test: QuotaWarningBanner &gt; renders warning when token usage is high" time="0.007058083">
        </testcase>
        <testcase classname="tests/components/QuotaWarningBanner.test.tsx" name="Component Test: QuotaWarningBanner &gt; renders warning when storage usage is high" time="0.001444">
        </testcase>
        <testcase classname="tests/components/QuotaWarningBanner.test.tsx" name="Component Test: QuotaWarningBanner &gt; displays critical message when usage is very high" time="0.0014305">
        </testcase>
        <testcase classname="tests/components/QuotaWarningBanner.test.tsx" name="Component Test: QuotaWarningBanner &gt; calls onUpgrade when upgrade button is clicked" time="0.002948">
        </testcase>
        <testcase classname="tests/components/QuotaWarningBanner.test.tsx" name="Component Test: QuotaWarningBanner &gt; calls onDismiss when dismiss button is clicked" time="0.081427917">
        </testcase>
        <testcase classname="tests/components/QuotaWarningBanner.test.tsx" name="Component Test: QuotaWarningBanner &gt; handles both token and storage warnings" time="0.00112925">
        </testcase>
    </testsuite>
    <testsuite name="tests/components/RouterSync.test.tsx" timestamp="2025-12-21T21:46:00.870Z" hostname="MacBook-Pro-Piotr.local" tests="4" failures="0" errors="0" skipped="0" time="0.254604375">
        <testcase classname="tests/components/RouterSync.test.tsx" name="RouterSync &gt; navigates to Demo on /demo route" time="0.010037958">
            <system-out>
[RouterSync] Phase B: Navigating to DEMO

            </system-out>
        </testcase>
        <testcase classname="tests/components/RouterSync.test.tsx" name="RouterSync &gt; navigates to Trial Start on /trial/start route" time="0.001145458">
            <system-out>
[RouterSync] Navigating to TRIAL START

            </system-out>
        </testcase>
        <testcase classname="tests/components/RouterSync.test.tsx" name="RouterSync &gt; captures attribution parameters" time="0.001007834">
            <system-out>
[RouterSync] Captured Referral: TEST_REF
[RouterSync] Captured Invite: TEST_INVITE
[RouterSync] Phase A: Product Entry Page

            </system-out>
        </testcase>
        <testcase classname="tests/components/RouterSync.test.tsx" name="RouterSync &gt; navigates to Welcome on /consulting" time="0.000706459">
            <system-out>
[RouterSync] Navigating to CONSULTING

            </system-out>
        </testcase>
    </testsuite>
    <testsuite name="tests/components/SystemHealth.test.tsx" timestamp="2025-12-21T21:46:00.870Z" hostname="MacBook-Pro-Piotr.local" tests="5" failures="0" errors="0" skipped="0" time="0.165737042">
        <testcase classname="tests/components/SystemHealth.test.tsx" name="Component Test: SystemHealth &gt; does not render while loading" time="0.006556042">
        </testcase>
        <testcase classname="tests/components/SystemHealth.test.tsx" name="Component Test: SystemHealth &gt; displays online status when system is healthy" time="0.010632667">
        </testcase>
        <testcase classname="tests/components/SystemHealth.test.tsx" name="Component Test: SystemHealth &gt; displays latency when online" time="0.003258416">
        </testcase>
        <testcase classname="tests/components/SystemHealth.test.tsx" name="Component Test: SystemHealth &gt; displays offline status when system is down" time="0.002854667">
        </testcase>
        <testcase classname="tests/components/SystemHealth.test.tsx" name="Component Test: SystemHealth &gt; polls health status periodically" time="0.002018167">
        </testcase>
    </testsuite>
    <testsuite name="tests/components/TaskCard.test.tsx" timestamp="2025-12-21T21:46:00.871Z" hostname="MacBook-Pro-Piotr.local" tests="10" failures="0" errors="0" skipped="0" time="0.284820583">
        <testcase classname="tests/components/TaskCard.test.tsx" name="Component Test: TaskCard &gt; renders task title" time="0.013781125">
        </testcase>
        <testcase classname="tests/components/TaskCard.test.tsx" name="Component Test: TaskCard &gt; calls onClick when card is clicked" time="0.003181708">
        </testcase>
        <testcase classname="tests/components/TaskCard.test.tsx" name="Component Test: TaskCard &gt; displays status badge" time="0.001443792">
        </testcase>
        <testcase classname="tests/components/TaskCard.test.tsx" name="Component Test: TaskCard &gt; displays priority badge" time="0.00134525">
        </testcase>
        <testcase classname="tests/components/TaskCard.test.tsx" name="Component Test: TaskCard &gt; displays why text when present" time="0.004386709">
        </testcase>
        <testcase classname="tests/components/TaskCard.test.tsx" name="Component Test: TaskCard &gt; displays assignee when present" time="0.001227208">
        </testcase>
        <testcase classname="tests/components/TaskCard.test.tsx" name="Component Test: TaskCard &gt; displays unassigned when no assignee" time="0.002383959">
        </testcase>
        <testcase classname="tests/components/TaskCard.test.tsx" name="Component Test: TaskCard &gt; displays due date when present" time="0.010350208">
        </testcase>
        <testcase classname="tests/components/TaskCard.test.tsx" name="Component Test: TaskCard &gt; displays checklist progress when present" time="0.004924125">
        </testcase>
        <testcase classname="tests/components/TaskCard.test.tsx" name="Component Test: TaskCard &gt; handles different status values" time="0.02194475">
        </testcase>
    </testsuite>
    <testsuite name="tests/components/TaskInbox.test.tsx" timestamp="2025-12-21T21:46:00.871Z" hostname="MacBook-Pro-Piotr.local" tests="4" failures="0" errors="0" skipped="0" time="0.380588333">
        <testcase classname="tests/components/TaskInbox.test.tsx" name="TaskInbox &gt; Rendering &gt; should render task inbox" time="0.018860916">
        </testcase>
        <testcase classname="tests/components/TaskInbox.test.tsx" name="TaskInbox &gt; Rendering &gt; should display tasks when loaded" time="0.004429084">
        </testcase>
        <testcase classname="tests/components/TaskInbox.test.tsx" name="TaskInbox &gt; Filtering &gt; should filter by priority" time="0.003557875">
        </testcase>
        <testcase classname="tests/components/TaskInbox.test.tsx" name="TaskInbox &gt; Filtering &gt; should filter by status" time="0.003257125">
        </testcase>
    </testsuite>
    <testsuite name="tests/components/UsageMeters.test.tsx" timestamp="2025-12-21T21:46:00.872Z" hostname="MacBook-Pro-Piotr.local" tests="5" failures="0" errors="0" skipped="0" time="0.176201583">
        <testcase classname="tests/components/UsageMeters.test.tsx" name="Component Test: UsageMeters &gt; renders token and storage meters" time="0.018138709">
        </testcase>
        <testcase classname="tests/components/UsageMeters.test.tsx" name="Component Test: UsageMeters &gt; displays usage percentages" time="0.003471166">
        </testcase>
        <testcase classname="tests/components/UsageMeters.test.tsx" name="Component Test: UsageMeters &gt; renders compact version" time="0.00318325">
        </testcase>
        <testcase classname="tests/components/UsageMeters.test.tsx" name="Component Test: UsageMeters &gt; displays warning when usage is high" time="0.0025485">
        </testcase>
        <testcase classname="tests/components/UsageMeters.test.tsx" name="Component Test: UsageMeters &gt; displays critical warning when usage is very high" time="0.002385333">
        </testcase>
    </testsuite>
    <testsuite name="tests/components/a11y.test.tsx" timestamp="2025-12-21T21:46:00.872Z" hostname="MacBook-Pro-Piotr.local" tests="5" failures="0" errors="0" skipped="0" time="0.159712291">
        <testcase classname="tests/components/a11y.test.tsx" name="Component Test: Accessibility (a11y) &gt; Button should be keyboard accessible" time="0.00929025">
        </testcase>
        <testcase classname="tests/components/a11y.test.tsx" name="Component Test: Accessibility (a11y) &gt; Button should have proper semantic HTML" time="0.001292833">
        </testcase>
        <testcase classname="tests/components/a11y.test.tsx" name="Component Test: Accessibility (a11y) &gt; ErrorBoundary should have accessible error message" time="0.001195792">
        </testcase>
        <testcase classname="tests/components/a11y.test.tsx" name="Component Test: Accessibility (a11y) &gt; LoadingScreen should have accessible structure" time="0.00204525">
        </testcase>
        <testcase classname="tests/components/a11y.test.tsx" name="Component Test: Accessibility (a11y) &gt; components should have proper ARIA labels when needed" time="0.001159">
        </testcase>
    </testsuite>
</testsuites>
