<?xml version="1.0" encoding="UTF-8" ?>
<testsuites name="vitest tests" tests="771" failures="169" errors="0" time="5.390267499">
    <testsuite name="tests/integration/MyWorkWorkflow.test.tsx" timestamp="2026-01-03T18:25:10.154Z" hostname="MacBook-Pro-Piotr.local" tests="4" failures="0" errors="0" skipped="0" time="0.220321833">
        <testcase classname="tests/integration/MyWorkWorkflow.test.tsx" name="Integration: MyWork Workflow &gt; renders WorkCenter and NotificationsHub" time="0.041046083">
        </testcase>
        <testcase classname="tests/integration/MyWorkWorkflow.test.tsx" name="Integration: MyWork Workflow &gt; opens Task Detail Modal when &quot;Create Task&quot; is clicked" time="0.136957209">
        </testcase>
        <testcase classname="tests/integration/MyWorkWorkflow.test.tsx" name="Integration: MyWork Workflow &gt; opens Task Detail Modal when clicking a task in list" time="0.01937175">
        </testcase>
        <testcase classname="tests/integration/MyWorkWorkflow.test.tsx" name="Integration: MyWork Workflow &gt; opens Task Detail Modal when clicking &quot;View Task&quot; in notification" time="0.022223583">
        </testcase>
    </testsuite>
    <testsuite name="tests/integration/actionDecision.test.js" timestamp="2026-01-03T18:25:10.155Z" hostname="MacBook-Pro-Piotr.local" tests="1" failures="1" errors="0" skipped="0" time="0">
        <testcase classname="tests/integration/actionDecision.test.js" name="tests/integration/actionDecision.test.js" time="0">
            <failure message="require is not defined in ES module scope, you can use import instead
This file is being treated as an ES module because it has a &apos;.js&apos; file extension and &apos;/Users/piotrwisniewski/Documents/Antygracity/DRD/consultify/server/package.json&apos; contains &quot;type&quot;: &quot;module&quot;. To treat it as a CommonJS script, rename it to use the &apos;.cjs&apos; file extension." type="ReferenceError">
ReferenceError: require is not defined in ES module scope, you can use import instead
This file is being treated as an ES module because it has a &apos;.js&apos; file extension and &apos;/Users/piotrwisniewski/Documents/Antygracity/DRD/consultify/server/package.json&apos; contains &quot;type&quot;: &quot;module&quot;. To treat it as a CommonJS script, rename it to use the &apos;.cjs&apos; file extension.
 ❯ server/index.js:1:1
            </failure>
        </testcase>
    </testsuite>
    <testsuite name="tests/integration/actionExecution.test.js" timestamp="2026-01-03T18:25:10.156Z" hostname="MacBook-Pro-Piotr.local" tests="1" failures="1" errors="0" skipped="0" time="0">
        <testcase classname="tests/integration/actionExecution.test.js" name="tests/integration/actionExecution.test.js" time="0">
            <failure message="require is not defined in ES module scope, you can use import instead
This file is being treated as an ES module because it has a &apos;.js&apos; file extension and &apos;/Users/piotrwisniewski/Documents/Antygracity/DRD/consultify/server/package.json&apos; contains &quot;type&quot;: &quot;module&quot;. To treat it as a CommonJS script, rename it to use the &apos;.cjs&apos; file extension." type="ReferenceError">
ReferenceError: require is not defined in ES module scope, you can use import instead
This file is being treated as an ES module because it has a &apos;.js&apos; file extension and &apos;/Users/piotrwisniewski/Documents/Antygracity/DRD/consultify/server/package.json&apos; contains &quot;type&quot;: &quot;module&quot;. To treat it as a CommonJS script, rename it to use the &apos;.cjs&apos; file extension.
 ❯ server/index.js:1:1
            </failure>
        </testcase>
    </testsuite>
    <testsuite name="tests/integration/ai-enterprise-verification.test.js" timestamp="2026-01-03T18:25:10.156Z" hostname="MacBook-Pro-Piotr.local" tests="50" failures="0" errors="0" skipped="0" time="0.012624">
        <testcase classname="tests/integration/ai-enterprise-verification.test.js" name="RAG Excellence Verification &gt; 1.1 Hybrid Search (BM25 + Vector) &gt; should have ragService with hybrid search capability" time="0.001101833">
        </testcase>
        <testcase classname="tests/integration/ai-enterprise-verification.test.js" name="RAG Excellence Verification &gt; 1.1 Hybrid Search (BM25 + Vector) &gt; should have weighted scoring logic" time="0.000274458">
        </testcase>
        <testcase classname="tests/integration/ai-enterprise-verification.test.js" name="RAG Excellence Verification &gt; 1.2 LLM Re-ranking Service &gt; should have rerankerService file" time="0.000116125">
        </testcase>
        <testcase classname="tests/integration/ai-enterprise-verification.test.js" name="RAG Excellence Verification &gt; 1.2 LLM Re-ranking Service &gt; should export rerankDocuments function" time="0.000309916">
        </testcase>
        <testcase classname="tests/integration/ai-enterprise-verification.test.js" name="RAG Excellence Verification &gt; 1.3 Hallucination Detection &gt; should have ragMetricsService with detectHallucination" time="0.000447125">
        </testcase>
        <testcase classname="tests/integration/ai-enterprise-verification.test.js" name="RAG Excellence Verification &gt; 1.3 Hallucination Detection &gt; should have calculateGroundedness function" time="0.000153083">
        </testcase>
        <testcase classname="tests/integration/ai-enterprise-verification.test.js" name="RAG Excellence Verification &gt; 1.4 Citation Verification &gt; should have citationVerifier file" time="0.000083167">
        </testcase>
        <testcase classname="tests/integration/ai-enterprise-verification.test.js" name="RAG Excellence Verification &gt; 1.4 Citation Verification &gt; should have verifyCitations function" time="0.000324">
        </testcase>
        <testcase classname="tests/integration/ai-enterprise-verification.test.js" name="Stability &amp; Reliability Verification &gt; 2.1 Circuit Breaker Consolidation &gt; should have circuitBreakerService file" time="0.000119542">
        </testcase>
        <testcase classname="tests/integration/ai-enterprise-verification.test.js" name="Stability &amp; Reliability Verification &gt; 2.1 Circuit Breaker Consolidation &gt; should have execute and getBreaker functions" time="0.00041575">
        </testcase>
        <testcase classname="tests/integration/ai-enterprise-verification.test.js" name="Stability &amp; Reliability Verification &gt; 2.1 Circuit Breaker Consolidation &gt; should have STATES" time="0.000130708">
        </testcase>
        <testcase classname="tests/integration/ai-enterprise-verification.test.js" name="Stability &amp; Reliability Verification &gt; 2.2 Streaming Resilience &gt; should have partial response handling in ai routes" time="0.000704209">
        </testcase>
        <testcase classname="tests/integration/ai-enterprise-verification.test.js" name="Stability &amp; Reliability Verification &gt; 2.3 Auto-Recovery Enhancement &gt; circuit breaker should have configuration capability" time="0.000198125">
        </testcase>
        <testcase classname="tests/integration/ai-enterprise-verification.test.js" name="Stability &amp; Reliability Verification &gt; 2.3 Auto-Recovery Enhancement &gt; should support health check probes" time="0.000098166">
        </testcase>
        <testcase classname="tests/integration/ai-enterprise-verification.test.js" name="Stability &amp; Reliability Verification &gt; 2.4 P95/P99 Latency Tracking &gt; should have latency recording in health service" time="0.000305958">
        </testcase>
        <testcase classname="tests/integration/ai-enterprise-verification.test.js" name="Stability &amp; Reliability Verification &gt; 2.4 P95/P99 Latency Tracking &gt; should have percentile calculation" time="0.000092916">
        </testcase>
        <testcase classname="tests/integration/ai-enterprise-verification.test.js" name="Stability &amp; Reliability Verification &gt; 2.5 Chaos Engineering Tests Exist &gt; should have chaos tests file" time="0.00006525">
        </testcase>
        <testcase classname="tests/integration/ai-enterprise-verification.test.js" name="Stability &amp; Reliability Verification &gt; 2.6 Distributed Tracing (OpenTelemetry) &gt; logger should have tracing capabilities" time="0.000091959">
        </testcase>
        <testcase classname="tests/integration/ai-enterprise-verification.test.js" name="Security &amp; Governance Verification &gt; 3.1 Multi-Tenant Security Tests Exist &gt; should have multi-tenant security tests" time="0.000131334">
        </testcase>
        <testcase classname="tests/integration/ai-enterprise-verification.test.js" name="Security &amp; Governance Verification &gt; 3.2 Penetration Test Suite Exists &gt; should have pentest suite" time="0.000113334">
        </testcase>
        <testcase classname="tests/integration/ai-enterprise-verification.test.js" name="Security &amp; Governance Verification &gt; 3.3 Secret Manager &gt; should have secretManager service file" time="0.000066209">
        </testcase>
        <testcase classname="tests/integration/ai-enterprise-verification.test.js" name="Security &amp; Governance Verification &gt; 3.3 Secret Manager &gt; should have secret rotation functionality" time="0.000256667">
        </testcase>
        <testcase classname="tests/integration/ai-enterprise-verification.test.js" name="Security &amp; Governance Verification &gt; 3.4 Encryption Audit &gt; should have encryption audit tests" time="0.000065708">
        </testcase>
        <testcase classname="tests/integration/ai-enterprise-verification.test.js" name="Security &amp; Governance Verification &gt; 3.5 Zero-Trust Verification &gt; should have zero-trust tests" time="0.000080208">
        </testcase>
        <testcase classname="tests/integration/ai-enterprise-verification.test.js" name="Functional Intelligence Verification &gt; 4.1 Memory Token Control &gt; should have estimateTokens function" time="0.000498542">
        </testcase>
        <testcase classname="tests/integration/ai-enterprise-verification.test.js" name="Functional Intelligence Verification &gt; 4.1 Memory Token Control &gt; should have trimMemory function" time="0.000124583">
        </testcase>
        <testcase classname="tests/integration/ai-enterprise-verification.test.js" name="Functional Intelligence Verification &gt; 4.2 Memory Cleanup &gt; should have cleanup functions" time="0.000106458">
        </testcase>
        <testcase classname="tests/integration/ai-enterprise-verification.test.js" name="Functional Intelligence Verification &gt; 4.3 Memory Relevance Filtering &gt; should have relevance filtering" time="0.000099667">
        </testcase>
        <testcase classname="tests/integration/ai-enterprise-verification.test.js" name="Functional Intelligence Verification &gt; 4.4 Cost Control &gt; should have budget enforcement in orchestrator" time="0.00037225">
        </testcase>
        <testcase classname="tests/integration/ai-enterprise-verification.test.js" name="User Experience Verification &gt; 5.1 Feedback Integration &gt; UnifiedChatPanel should import InlineResponseFeedback" time="0.000119125">
        </testcase>
        <testcase classname="tests/integration/ai-enterprise-verification.test.js" name="User Experience Verification &gt; 5.1 Feedback Integration &gt; UnifiedChatPanel should have feedback handling" time="0.000087667">
        </testcase>
        <testcase classname="tests/integration/ai-enterprise-verification.test.js" name="User Experience Verification &gt; 5.2 Learning System Bug Fix &gt; aiService should check examples properly" time="0.000966583">
        </testcase>
        <testcase classname="tests/integration/ai-enterprise-verification.test.js" name="User Experience Verification &gt; 5.3 Proactive Suggestions Service &gt; should have proactiveSuggestionsService file" time="0.0000765">
        </testcase>
        <testcase classname="tests/integration/ai-enterprise-verification.test.js" name="User Experience Verification &gt; 5.3 Proactive Suggestions Service &gt; should have generateSuggestions function" time="0.000298709">
        </testcase>
        <testcase classname="tests/integration/ai-enterprise-verification.test.js" name="User Experience Verification &gt; 5.4 Response Quality Service &gt; should have responseQualityService file" time="0.000064875">
        </testcase>
        <testcase classname="tests/integration/ai-enterprise-verification.test.js" name="User Experience Verification &gt; 5.4 Response Quality Service &gt; should have calculateQuality function" time="0.000305">
        </testcase>
        <testcase classname="tests/integration/ai-enterprise-verification.test.js" name="User Experience Verification &gt; 5.5 Personalization Engine &gt; aiMemoryManager should have personalization functions" time="0.000114459">
        </testcase>
        <testcase classname="tests/integration/ai-enterprise-verification.test.js" name="User Experience Verification &gt; 5.6 Pending Actions Indicator &gt; should have PendingActionsIndicator component" time="0.000056708">
        </testcase>
        <testcase classname="tests/integration/ai-enterprise-verification.test.js" name="User Experience Verification &gt; 5.7 Response Quality Indicator &gt; should have ResponseQualityIndicator component" time="0.000048625">
        </testcase>
        <testcase classname="tests/integration/ai-enterprise-verification.test.js" name="API Routes Verification &gt; 6.1 Proactive Suggestions Routes &gt; should have suggestions routes in ai.js" time="0.000147208">
        </testcase>
        <testcase classname="tests/integration/ai-enterprise-verification.test.js" name="API Routes Verification &gt; 6.2 Quality Routes &gt; should have quality routes in ai.js" time="0.000148625">
        </testcase>
        <testcase classname="tests/integration/ai-enterprise-verification.test.js" name="Database Migrations Verification &gt; should have partial responses migration" time="0.00053375">
        </testcase>
        <testcase classname="tests/integration/ai-enterprise-verification.test.js" name="Database Migrations Verification &gt; should have latency metrics migration" time="0.000144291">
        </testcase>
        <testcase classname="tests/integration/ai-enterprise-verification.test.js" name="Database Migrations Verification &gt; should have memory metrics migration" time="0.000187291">
        </testcase>
        <testcase classname="tests/integration/ai-enterprise-verification.test.js" name="Database Migrations Verification &gt; should have RAG quality metrics migration" time="0.000153625">
        </testcase>
        <testcase classname="tests/integration/ai-enterprise-verification.test.js" name="Database Migrations Verification &gt; should have citation verification migration" time="0.000144">
        </testcase>
        <testcase classname="tests/integration/ai-enterprise-verification.test.js" name="Database Migrations Verification &gt; should have proactive suggestions migration" time="0.000169041">
        </testcase>
        <testcase classname="tests/integration/ai-enterprise-verification.test.js" name="Scheduled Jobs Verification &gt; scheduler should have memory cleanup job" time="0.000223958">
        </testcase>
        <testcase classname="tests/integration/ai-enterprise-verification.test.js" name="Scheduled Jobs Verification &gt; scheduler should have feedback consolidation job" time="0.000086666">
        </testcase>
        <testcase classname="tests/integration/ai-enterprise-verification.test.js" name="Implementation Summary &gt; All implementations present" time="0.000693209">
            <system-out>

✅ ALL IMPLEMENTATIONS VERIFIED:
================================
  ✅ hybridSearch
  ✅ reranker
  ✅ hallucinationDetection
  ✅ citationVerification
  ✅ circuitBreakerConsolidation
  ✅ streamingResilience
  ✅ autoRecovery
  ✅ latencyTracking
  ✅ chaosEngineering
  ✅ distributedTracing
  ✅ multiTenantTests
  ✅ pentestSuite
  ✅ secretManager
  ✅ encryptionAudit
  ✅ zeroTrustTests
  ✅ memoryTokenControl
  ✅ memoryCleanup
  ✅ memoryRelevance
  ✅ feedbackIntegration
  ✅ learningBugFix
  ✅ proactiveSuggestions
  ✅ responseQuality
  ✅ personalization
  ✅ pendingActionsIndicator
  ✅ qualityIndicator
================================


            </system-out>
        </testcase>
    </testsuite>
    <testsuite name="tests/integration/ai-modules-navigation.test.tsx" timestamp="2026-01-03T18:25:10.158Z" hostname="MacBook-Pro-Piotr.local" tests="17" failures="0" errors="0" skipped="0" time="0.002980125">
        <testcase classname="tests/integration/ai-modules-navigation.test.tsx" name="AI Modules Section Mapping &gt; sectionToAppView &gt; maps ai-infrastructure section to SUPERADMIN_AI_INFRASTRUCTURE" time="0.000824708">
        </testcase>
        <testcase classname="tests/integration/ai-modules-navigation.test.tsx" name="AI Modules Section Mapping &gt; sectionToAppView &gt; maps ai-development section to SUPERADMIN_AI_DEVELOPMENT" time="0.000156333">
        </testcase>
        <testcase classname="tests/integration/ai-modules-navigation.test.tsx" name="AI Modules Section Mapping &gt; sectionToAppView &gt; maps ai-operations section to SUPERADMIN_AI_OPERATIONS" time="0.000100167">
        </testcase>
        <testcase classname="tests/integration/ai-modules-navigation.test.tsx" name="AI Modules Section Mapping &gt; sectionToAppView &gt; keeps legacy ai-platform mapping for backward compatibility" time="0.00008675">
        </testcase>
        <testcase classname="tests/integration/ai-modules-navigation.test.tsx" name="AI Modules Section Mapping &gt; appViewToSection &gt; maps SUPERADMIN_AI_INFRASTRUCTURE to ai-infrastructure section" time="0.000089583">
        </testcase>
        <testcase classname="tests/integration/ai-modules-navigation.test.tsx" name="AI Modules Section Mapping &gt; appViewToSection &gt; maps SUPERADMIN_AI_DEVELOPMENT to ai-development section" time="0.000085291">
        </testcase>
        <testcase classname="tests/integration/ai-modules-navigation.test.tsx" name="AI Modules Section Mapping &gt; appViewToSection &gt; maps SUPERADMIN_AI_OPERATIONS to ai-operations section" time="0.000100125">
        </testcase>
        <testcase classname="tests/integration/ai-modules-navigation.test.tsx" name="AI Modules Section Mapping &gt; appViewToSection &gt; redirects legacy SUPERADMIN_AI_PLATFORM to ai-infrastructure" time="0.000057334">
        </testcase>
        <testcase classname="tests/integration/ai-modules-navigation.test.tsx" name="AI Modules Section Mapping &gt; appViewToSection &gt; redirects legacy SUPERADMIN_LLM_MANAGEMENT to ai-infrastructure" time="0.000058833">
        </testcase>
        <testcase classname="tests/integration/ai-modules-navigation.test.tsx" name="AI Modules Section Mapping &gt; appViewToSection &gt; redirects legacy SUPERADMIN_AI_INTELLIGENCE to ai-development" time="0.000089709">
        </testcase>
        <testcase classname="tests/integration/ai-modules-navigation.test.tsx" name="AI Modules Section Mapping &gt; appViewToSection &gt; redirects legacy SUPERADMIN_KNOWLEDGE to ai-development" time="0.00016525">
        </testcase>
        <testcase classname="tests/integration/ai-modules-navigation.test.tsx" name="AI Modules Type Definitions &gt; SuperAdminSection should include all AI module sections" time="0.0000965">
        </testcase>
        <testcase classname="tests/integration/ai-modules-navigation.test.tsx" name="AI Modules Type Definitions &gt; AppView should include all AI module views" time="0.000083917">
        </testcase>
        <testcase classname="tests/integration/ai-modules-navigation.test.tsx" name="AI Modules Legacy Compatibility &gt; should maintain backward compatibility for existing URLs/bookmarks" time="0.0001045">
        </testcase>
        <testcase classname="tests/integration/ai-modules-navigation.test.tsx" name="AI Modules Separation of Concerns &gt; Infrastructure module should focus on infrastructure concerns" time="0.000070333">
        </testcase>
        <testcase classname="tests/integration/ai-modules-navigation.test.tsx" name="AI Modules Separation of Concerns &gt; Development module should focus on development concerns" time="0.000064208">
        </testcase>
        <testcase classname="tests/integration/ai-modules-navigation.test.tsx" name="AI Modules Separation of Concerns &gt; Operations module should focus on operations concerns" time="0.000055709">
        </testcase>
    </testsuite>
    <testsuite name="tests/integration/ai-settings-api.test.js" timestamp="2026-01-03T18:25:10.159Z" hostname="MacBook-Pro-Piotr.local" tests="1" failures="1" errors="0" skipped="0" time="0">
        <testcase classname="tests/integration/ai-settings-api.test.js" name="tests/integration/ai-settings-api.test.js" time="0">
            <failure message="jest is not defined" type="ReferenceError">
ReferenceError: jest is not defined
 ❯ tests/integration/ai-settings-api.test.js:18:1
            </failure>
        </testcase>
    </testsuite>
    <testsuite name="tests/integration/aiExplainability.test.js" timestamp="2026-01-03T18:25:10.159Z" hostname="MacBook-Pro-Piotr.local" tests="1" failures="1" errors="0" skipped="0" time="0">
        <testcase classname="tests/integration/aiExplainability.test.js" name="tests/integration/aiExplainability.test.js" time="0">
            <failure message="require is not defined in ES module scope, you can use import instead
This file is being treated as an ES module because it has a &apos;.js&apos; file extension and &apos;/Users/piotrwisniewski/Documents/Antygracity/DRD/consultify/server/package.json&apos; contains &quot;type&quot;: &quot;module&quot;. To treat it as a CommonJS script, rename it to use the &apos;.cjs&apos; file extension." type="ReferenceError">
ReferenceError: require is not defined in ES module scope, you can use import instead
This file is being treated as an ES module because it has a &apos;.js&apos; file extension and &apos;/Users/piotrwisniewski/Documents/Antygracity/DRD/consultify/server/package.json&apos; contains &quot;type&quot;: &quot;module&quot;. To treat it as a CommonJS script, rename it to use the &apos;.cjs&apos; file extension.
 ❯ server/index.js:1:1
            </failure>
        </testcase>
    </testsuite>
    <testsuite name="tests/integration/aiFailure.test.js" timestamp="2026-01-03T18:25:10.159Z" hostname="MacBook-Pro-Piotr.local" tests="7" failures="0" errors="0" skipped="0" time="0.003152583">
        <testcase classname="tests/integration/aiFailure.test.js" name="AI Failure Resilience &gt; PMO Routes Without AI &gt; should return initiatives even when AI service fails" time="0.000824667">
        </testcase>
        <testcase classname="tests/integration/aiFailure.test.js" name="AI Failure Resilience &gt; PMO Routes Without AI &gt; should return tasks when AI context fails" time="0.000193583">
        </testcase>
        <testcase classname="tests/integration/aiFailure.test.js" name="AI Failure Resilience &gt; PMO Routes Without AI &gt; should handle stage gate evaluation without AI" time="0.000126166">
        </testcase>
        <testcase classname="tests/integration/aiFailure.test.js" name="AI Failure Resilience &gt; PMO Routes Without AI &gt; should allow status transitions without AI policy check failure" time="0.000089792">
        </testcase>
        <testcase classname="tests/integration/aiFailure.test.js" name="AI Failure Resilience &gt; PMO Routes Without AI &gt; should serve My Work aggregation without AI" time="0.000095958">
        </testcase>
        <testcase classname="tests/integration/aiFailure.test.js" name="AI Failure Resilience &gt; Graceful Degradation &gt; should return default context when AI memory fails" time="0.000110584">
        </testcase>
        <testcase classname="tests/integration/aiFailure.test.js" name="AI Failure Resilience &gt; Graceful Degradation &gt; should log AI failures for monitoring" time="0.001177917">
        </testcase>
    </testsuite>
    <testsuite name="tests/integration/aiLayersIntegration.test.js" timestamp="2026-01-03T18:25:10.160Z" hostname="MacBook-Pro-Piotr.local" tests="1" failures="1" errors="0" skipped="0" time="0">
        <testcase classname="tests/integration/aiLayersIntegration.test.js" name="tests/integration/aiLayersIntegration.test.js" time="0">
            <system-out>
[Database] Mocking database for tests

            </system-out>
            <failure message="require is not defined in ES module scope, you can use import instead
This file is being treated as an ES module because it has a &apos;.js&apos; file extension and &apos;/Users/piotrwisniewski/Documents/Antygracity/DRD/consultify/server/package.json&apos; contains &quot;type&quot;: &quot;module&quot;. To treat it as a CommonJS script, rename it to use the &apos;.cjs&apos; file extension." type="ReferenceError">
ReferenceError: require is not defined in ES module scope, you can use import instead
This file is being treated as an ES module because it has a &apos;.js&apos; file extension and &apos;/Users/piotrwisniewski/Documents/Antygracity/DRD/consultify/server/package.json&apos; contains &quot;type&quot;: &quot;module&quot;. To treat it as a CommonJS script, rename it to use the &apos;.cjs&apos; file extension.
 ❯ server/services/aiDecisionGovernance.js:12:9
            </failure>
        </testcase>
    </testsuite>
    <testsuite name="tests/integration/aiPipeline.integration.test.js" timestamp="2026-01-03T18:25:10.160Z" hostname="MacBook-Pro-Piotr.local" tests="16" failures="1" errors="0" skipped="15" time="0.294954708">
        <testcase classname="tests/integration/aiPipeline.integration.test.js" name="AIPipeline Integration &gt; Full Pipeline Flow &gt; should process request through all stages" time="0">
            <skipped/>
        </testcase>
        <testcase classname="tests/integration/aiPipeline.integration.test.js" name="AIPipeline Integration &gt; Full Pipeline Flow &gt; should include quality score in response metadata" time="0">
            <skipped/>
        </testcase>
        <testcase classname="tests/integration/aiPipeline.integration.test.js" name="AIPipeline Integration &gt; Full Pipeline Flow &gt; should record metrics in performance optimizer" time="0">
            <skipped/>
        </testcase>
        <testcase classname="tests/integration/aiPipeline.integration.test.js" name="AIPipeline Integration &gt; Rate Limiting &gt; should check rate limits before processing" time="0">
            <skipped/>
        </testcase>
        <testcase classname="tests/integration/aiPipeline.integration.test.js" name="AIPipeline Integration &gt; Quality Checking &gt; should validate response quality" time="0">
            <skipped/>
        </testcase>
        <testcase classname="tests/integration/aiPipeline.integration.test.js" name="AIPipeline Integration &gt; Audit Logging &gt; should log audit entry via enterprise security" time="0">
            <skipped/>
        </testcase>
        <testcase classname="tests/integration/aiPipeline.integration.test.js" name="AIPipeline Integration &gt; Learning System Integration &gt; should record interaction for learning" time="0">
            <skipped/>
        </testcase>
        <testcase classname="tests/integration/aiPipeline.integration.test.js" name="AIPipeline Integration &gt; Error Handling &gt; should log errors via enterprise security" time="0">
            <skipped/>
        </testcase>
        <testcase classname="tests/integration/aiPipeline.integration.test.js" name="AIPipeline Integration &gt; Error Handling &gt; should record error metrics" time="0">
            <skipped/>
        </testcase>
        <testcase classname="tests/integration/aiPipeline.integration.test.js" name="AIPipeline Integration &gt; Cache Integration &gt; should handle cached responses" time="0">
            <skipped/>
        </testcase>
        <testcase classname="tests/integration/aiPipeline.integration.test.js" name="AIPipeline Integration &gt; Multi-provider Fallback &gt; should fallback to another provider on failure" time="0">
            <skipped/>
        </testcase>
        <testcase classname="tests/integration/aiPipeline.integration.test.js" name="AIPipeline Integration &gt; Enterprise Services Initialization &gt; should have all required services available" time="0">
            <skipped/>
        </testcase>
        <testcase classname="tests/integration/aiPipeline.integration.test.js" name="AIPipeline Integration &gt; Enterprise Services Initialization &gt; should have correct service methods" time="0">
            <skipped/>
        </testcase>
        <testcase classname="tests/integration/aiPipeline.integration.test.js" name="AIPipeline Integration &gt; Advanced Features Integration &gt; should integrate IntelligentResearch via ContextBuilder when needed" time="0">
            <skipped/>
        </testcase>
        <testcase classname="tests/integration/aiPipeline.integration.test.js" name="AIPipeline Integration &gt; Advanced Features Integration &gt; ActionExecutor should handle TRIGGER_RESEARCH action" time="0">
            <skipped/>
        </testcase>
        <testcase classname="tests/integration/aiPipeline.integration.test.js" name="AIPipeline Integration" time="0.294705042">
            <system-out>
[Database] Mocking database for tests

[Redis] Initializing client...
[Redis] Using Mock Client

            </system-out>
            <failure message="require is not defined in ES module scope, you can use import instead
This file is being treated as an ES module because it has a &apos;.js&apos; file extension and &apos;/Users/piotrwisniewski/Documents/Antygracity/DRD/consultify/server/package.json&apos; contains &quot;type&quot;: &quot;module&quot;. To treat it as a CommonJS script, rename it to use the &apos;.cjs&apos; file extension." type="ReferenceError">
ReferenceError: require is not defined in ES module scope, you can use import instead
This file is being treated as an ES module because it has a &apos;.js&apos; file extension and &apos;/Users/piotrwisniewski/Documents/Antygracity/DRD/consultify/server/package.json&apos; contains &quot;type&quot;: &quot;module&quot;. To treat it as a CommonJS script, rename it to use the &apos;.cjs&apos; file extension.
 ❯ server/services/ai/memoryManager.js:12:32
            </failure>
        </testcase>
    </testsuite>
    <testsuite name="tests/integration/aiPlaybookBranching.test.js" timestamp="2026-01-03T18:25:10.161Z" hostname="MacBook-Pro-Piotr.local" tests="1" failures="1" errors="0" skipped="0" time="0">
        <testcase classname="tests/integration/aiPlaybookBranching.test.js" name="tests/integration/aiPlaybookBranching.test.js" time="0">
            <failure message="require is not defined in ES module scope, you can use import instead
This file is being treated as an ES module because it has a &apos;.js&apos; file extension and &apos;/Users/piotrwisniewski/Documents/Antygracity/DRD/consultify/server/package.json&apos; contains &quot;type&quot;: &quot;module&quot;. To treat it as a CommonJS script, rename it to use the &apos;.cjs&apos; file extension." type="ReferenceError">
ReferenceError: require is not defined in ES module scope, you can use import instead
This file is being treated as an ES module because it has a &apos;.js&apos; file extension and &apos;/Users/piotrwisniewski/Documents/Antygracity/DRD/consultify/server/package.json&apos; contains &quot;type&quot;: &quot;module&quot;. To treat it as a CommonJS script, rename it to use the &apos;.cjs&apos; file extension.
 ❯ server/ai/aiPlaybookExecutor.js:1:27
            </failure>
        </testcase>
    </testsuite>
    <testsuite name="tests/integration/api.test.ts" timestamp="2026-01-03T18:25:10.161Z" hostname="MacBook-Pro-Piotr.local" tests="1" failures="1" errors="0" skipped="0" time="0">
        <testcase classname="tests/integration/api.test.ts" name="tests/integration/api.test.ts" time="0">
            <system-out>
[dotenv@17.2.3] injecting env (11) from .env -- tip: ⚙️  load multiple .env files with { path: [&apos;.env.local&apos;, &apos;.env&apos;] }

            </system-out>
            <failure message="module is not defined in ES module scope
This file is being treated as an ES module because it has a &apos;.js&apos; file extension and &apos;/Users/piotrwisniewski/Documents/Antygracity/DRD/consultify/server/package.json&apos; contains &quot;type&quot;: &quot;module&quot;. To treat it as a CommonJS script, rename it to use the &apos;.cjs&apos; file extension." type="ReferenceError">
ReferenceError: module is not defined in ES module scope
This file is being treated as an ES module because it has a &apos;.js&apos; file extension and &apos;/Users/piotrwisniewski/Documents/Antygracity/DRD/consultify/server/package.json&apos; contains &quot;type&quot;: &quot;module&quot;. To treat it as a CommonJS script, rename it to use the &apos;.cjs&apos; file extension.
 ❯ server/config/sentry.js:225:1
            </failure>
        </testcase>
    </testsuite>
    <testsuite name="tests/integration/apiFullFlow.test.js" timestamp="2026-01-03T18:25:10.162Z" hostname="MacBook-Pro-Piotr.local" tests="1" failures="1" errors="0" skipped="0" time="0">
        <testcase classname="tests/integration/apiFullFlow.test.js" name="tests/integration/apiFullFlow.test.js" time="0">
            <failure message="require is not defined in ES module scope, you can use import instead
This file is being treated as an ES module because it has a &apos;.js&apos; file extension and &apos;/Users/piotrwisniewski/Documents/Antygracity/DRD/consultify/server/package.json&apos; contains &quot;type&quot;: &quot;module&quot;. To treat it as a CommonJS script, rename it to use the &apos;.cjs&apos; file extension." type="ReferenceError">
ReferenceError: require is not defined in ES module scope, you can use import instead
This file is being treated as an ES module because it has a &apos;.js&apos; file extension and &apos;/Users/piotrwisniewski/Documents/Antygracity/DRD/consultify/server/package.json&apos; contains &quot;type&quot;: &quot;module&quot;. To treat it as a CommonJS script, rename it to use the &apos;.cjs&apos; file extension.
 ❯ server/index.js:1:1
            </failure>
        </testcase>
    </testsuite>
    <testsuite name="tests/integration/apiResilience.test.js" timestamp="2026-01-03T18:25:10.162Z" hostname="MacBook-Pro-Piotr.local" tests="1" failures="1" errors="0" skipped="0" time="0">
        <testcase classname="tests/integration/apiResilience.test.js" name="tests/integration/apiResilience.test.js" time="0">
            <failure message="require is not defined in ES module scope, you can use import instead
This file is being treated as an ES module because it has a &apos;.js&apos; file extension and &apos;/Users/piotrwisniewski/Documents/Antygracity/DRD/consultify/server/package.json&apos; contains &quot;type&quot;: &quot;module&quot;. To treat it as a CommonJS script, rename it to use the &apos;.cjs&apos; file extension." type="ReferenceError">
ReferenceError: require is not defined in ES module scope, you can use import instead
This file is being treated as an ES module because it has a &apos;.js&apos; file extension and &apos;/Users/piotrwisniewski/Documents/Antygracity/DRD/consultify/server/package.json&apos; contains &quot;type&quot;: &quot;module&quot;. To treat it as a CommonJS script, rename it to use the &apos;.cjs&apos; file extension.
 ❯ server/index.js:1:1
            </failure>
        </testcase>
    </testsuite>
    <testsuite name="tests/integration/assessment-ai.integration.test.js" timestamp="2026-01-03T18:25:10.162Z" hostname="MacBook-Pro-Piotr.local" tests="19" failures="0" errors="0" skipped="0" time="0.033148042">
        <testcase classname="tests/integration/assessment-ai.integration.test.js" name="Assessment AI Integration Tests &gt; POST /:projectId/ai/guidance &gt; should return guidance for axis" time="0.010464">
        </testcase>
        <testcase classname="tests/integration/assessment-ai.integration.test.js" name="Assessment AI Integration Tests &gt; POST /:projectId/ai/validate &gt; should validate score consistency" time="0.001264333">
        </testcase>
        <testcase classname="tests/integration/assessment-ai.integration.test.js" name="Assessment AI Integration Tests &gt; POST /:projectId/ai/validate &gt; should detect inconsistencies" time="0.001589542">
        </testcase>
        <testcase classname="tests/integration/assessment-ai.integration.test.js" name="Assessment AI Integration Tests &gt; POST /:projectId/ai/gap/:axisId &gt; should generate gap analysis" time="0.001239041">
        </testcase>
        <testcase classname="tests/integration/assessment-ai.integration.test.js" name="Assessment AI Integration Tests &gt; GET /:projectId/ai/insights &gt; should generate proactive insights" time="0.001433417">
        </testcase>
        <testcase classname="tests/integration/assessment-ai.integration.test.js" name="Assessment AI Integration Tests &gt; POST /:projectId/ai/clarify &gt; should generate clarifying question" time="0.000999666">
        </testcase>
        <testcase classname="tests/integration/assessment-ai.integration.test.js" name="Assessment AI Integration Tests &gt; POST /:projectId/ai/suggest-justification &gt; should suggest justification text" time="0.001130291">
        </testcase>
        <testcase classname="tests/integration/assessment-ai.integration.test.js" name="Assessment AI Integration Tests &gt; POST /:projectId/ai/suggest-evidence &gt; should suggest evidence types" time="0.000934833">
        </testcase>
        <testcase classname="tests/integration/assessment-ai.integration.test.js" name="Assessment AI Integration Tests &gt; POST /:projectId/ai/suggest-target &gt; should suggest target score" time="0.00087375">
        </testcase>
        <testcase classname="tests/integration/assessment-ai.integration.test.js" name="Assessment AI Integration Tests &gt; POST /:projectId/ai/correct-text &gt; should correct and improve text" time="0.000943084">
        </testcase>
        <testcase classname="tests/integration/assessment-ai.integration.test.js" name="Assessment AI Integration Tests &gt; POST /:projectId/ai/autocomplete &gt; should autocomplete partial text" time="0.000670875">
        </testcase>
        <testcase classname="tests/integration/assessment-ai.integration.test.js" name="Assessment AI Integration Tests &gt; POST /:projectId/ai/executive-summary &gt; should generate executive summary" time="0.000600708">
        </testcase>
        <testcase classname="tests/integration/assessment-ai.integration.test.js" name="Assessment AI Integration Tests &gt; POST /:projectId/ai/stakeholder-view &gt; should generate stakeholder-specific view" time="0.000955292">
        </testcase>
        <testcase classname="tests/integration/assessment-ai.integration.test.js" name="Assessment AI Integration Tests &gt; POST /:projectId/ai/generate-initiatives &gt; should generate initiatives from gaps" time="0.000946667">
        </testcase>
        <testcase classname="tests/integration/assessment-ai.integration.test.js" name="Assessment AI Integration Tests &gt; POST /:projectId/ai/prioritize-initiatives &gt; should prioritize initiatives" time="0.000796833">
        </testcase>
        <testcase classname="tests/integration/assessment-ai.integration.test.js" name="Assessment AI Integration Tests &gt; POST /:projectId/ai/estimate-roi &gt; should estimate initiative ROI" time="0.000664542">
        </testcase>
        <testcase classname="tests/integration/assessment-ai.integration.test.js" name="Assessment AI Integration Tests &gt; Error Handling &gt; should handle AI service errors gracefully" time="0.00312275">
        </testcase>
        <testcase classname="tests/integration/assessment-ai.integration.test.js" name="Assessment AI Integration Tests &gt; Error Handling &gt; should return fallback when AI unavailable" time="0.000661417">
        </testcase>
        <testcase classname="tests/integration/assessment-ai.integration.test.js" name="Assessment AI Integration Tests &gt; Rate Limiting &gt; should handle multiple rapid requests" time="0.001549916">
        </testcase>
    </testsuite>
    <testsuite name="tests/integration/assessment-api.integration.test.js" timestamp="2026-01-03T18:25:10.163Z" hostname="MacBook-Pro-Piotr.local" tests="45" failures="0" errors="0" skipped="0" time="0.047177375">
        <testcase classname="tests/integration/assessment-api.integration.test.js" name="Assessment API Integration Tests &gt; GET /api/assessment/:projectId &gt; should return assessment for valid project" time="0.007062458">
        </testcase>
        <testcase classname="tests/integration/assessment-api.integration.test.js" name="Assessment API Integration Tests &gt; GET /api/assessment/:projectId &gt; should return empty assessment for non-existent project" time="0.001564958">
        </testcase>
        <testcase classname="tests/integration/assessment-api.integration.test.js" name="Assessment API Integration Tests &gt; GET /api/assessment/:projectId &gt; should reject unauthenticated request" time="0.001214333">
        </testcase>
        <testcase classname="tests/integration/assessment-api.integration.test.js" name="Assessment API Integration Tests &gt; GET /api/assessment/:projectId &gt; should include gap analysis in response" time="0.000925292">
        </testcase>
        <testcase classname="tests/integration/assessment-api.integration.test.js" name="Assessment API Integration Tests &gt; PUT /api/assessment/:projectId &gt; should save assessment for authorized user" time="0.006527583">
        </testcase>
        <testcase classname="tests/integration/assessment-api.integration.test.js" name="Assessment API Integration Tests &gt; PUT /api/assessment/:projectId &gt; should deny access for viewer" time="0.001207125">
        </testcase>
        <testcase classname="tests/integration/assessment-api.integration.test.js" name="Assessment API Integration Tests &gt; POST /api/assessment/:projectId/gap-analysis &gt; should return gap analysis for valid project" time="0.000894459">
        </testcase>
        <testcase classname="tests/integration/assessment-api.integration.test.js" name="Assessment API Integration Tests &gt; POST /api/assessment/:projectId/gap-analysis &gt; should return 404 for non-existent assessment" time="0.000842459">
        </testcase>
        <testcase classname="tests/integration/assessment-api.integration.test.js" name="Assessment API Integration Tests &gt; POST /api/assessment/:projectId/ai/guidance &gt; should return AI guidance for valid request" time="0.001087375">
        </testcase>
        <testcase classname="tests/integration/assessment-api.integration.test.js" name="Assessment API Integration Tests &gt; POST /api/assessment/:projectId/ai/guidance &gt; should require axisId and currentScore" time="0.001096375">
        </testcase>
        <testcase classname="tests/integration/assessment-api.integration.test.js" name="Assessment API Integration Tests &gt; POST /api/assessment/:projectId/ai/guidance &gt; should use currentScore+1 as default target" time="0.000755291">
        </testcase>
        <testcase classname="tests/integration/assessment-api.integration.test.js" name="Assessment API Integration Tests &gt; POST /api/assessment/:projectId/ai/validate &gt; should validate score consistency" time="0.000684291">
        </testcase>
        <testcase classname="tests/integration/assessment-api.integration.test.js" name="Assessment API Integration Tests &gt; POST /api/assessment/:projectId/ai/validate &gt; should return 404 for non-existent assessment" time="0.00072775">
        </testcase>
        <testcase classname="tests/integration/assessment-api.integration.test.js" name="Assessment API Integration Tests &gt; POST /api/assessment/:projectId/ai/gap/:axisId &gt; should generate gap analysis for axis" time="0.000736917">
        </testcase>
        <testcase classname="tests/integration/assessment-api.integration.test.js" name="Assessment API Integration Tests &gt; POST /api/assessment/:projectId/ai/gap/:axisId &gt; should require currentScore and targetScore" time="0.000613042">
        </testcase>
        <testcase classname="tests/integration/assessment-api.integration.test.js" name="Assessment API Integration Tests &gt; POST /api/assessment/:projectId/ai/gap/:axisId &gt; should include justification when provided" time="0.000601875">
        </testcase>
        <testcase classname="tests/integration/assessment-api.integration.test.js" name="Assessment API Integration Tests &gt; GET /api/assessment/:projectId/ai/insights &gt; should return proactive insights" time="0.000628291">
        </testcase>
        <testcase classname="tests/integration/assessment-api.integration.test.js" name="Assessment API Integration Tests &gt; GET /api/assessment/:projectId/ai/insights &gt; should return 404 for non-existent assessment" time="0.000512583">
        </testcase>
        <testcase classname="tests/integration/assessment-api.integration.test.js" name="Assessment API Integration Tests &gt; POST /api/assessment/:projectId/ai/suggest-justification &gt; should suggest justification for axis" time="0.000559334">
        </testcase>
        <testcase classname="tests/integration/assessment-api.integration.test.js" name="Assessment API Integration Tests &gt; POST /api/assessment/:projectId/ai/suggest-justification &gt; should require axisId and score" time="0.000615416">
        </testcase>
        <testcase classname="tests/integration/assessment-api.integration.test.js" name="Assessment API Integration Tests &gt; POST /api/assessment/:projectId/ai/suggest-evidence &gt; should suggest evidence for axis" time="0.000664042">
        </testcase>
        <testcase classname="tests/integration/assessment-api.integration.test.js" name="Assessment API Integration Tests &gt; POST /api/assessment/:projectId/ai/suggest-evidence &gt; should require axisId and score" time="0.00060675">
        </testcase>
        <testcase classname="tests/integration/assessment-api.integration.test.js" name="Assessment API Integration Tests &gt; POST /api/assessment/:projectId/ai/suggest-target &gt; should suggest target score" time="0.000691333">
        </testcase>
        <testcase classname="tests/integration/assessment-api.integration.test.js" name="Assessment API Integration Tests &gt; POST /api/assessment/:projectId/ai/suggest-target &gt; should accept ambition level parameter" time="0.000608875">
        </testcase>
        <testcase classname="tests/integration/assessment-api.integration.test.js" name="Assessment API Integration Tests &gt; POST /api/assessment/:projectId/ai/correct-text &gt; should correct text" time="0.000574791">
        </testcase>
        <testcase classname="tests/integration/assessment-api.integration.test.js" name="Assessment API Integration Tests &gt; POST /api/assessment/:projectId/ai/correct-text &gt; should require text parameter" time="0.000597">
        </testcase>
        <testcase classname="tests/integration/assessment-api.integration.test.js" name="Assessment API Integration Tests &gt; POST /api/assessment/:projectId/ai/autocomplete &gt; should autocomplete text" time="0.000613125">
        </testcase>
        <testcase classname="tests/integration/assessment-api.integration.test.js" name="Assessment API Integration Tests &gt; POST /api/assessment/:projectId/ai/autocomplete &gt; should require all parameters" time="0.002016583">
        </testcase>
        <testcase classname="tests/integration/assessment-api.integration.test.js" name="Assessment API Integration Tests &gt; POST /api/assessment/:projectId/ai/fill-missing &gt; should fill missing fields" time="0.000605917">
        </testcase>
        <testcase classname="tests/integration/assessment-api.integration.test.js" name="Assessment API Integration Tests &gt; POST /api/assessment/:projectId/ai/fill-missing &gt; should deny access for viewer" time="0.0005195">
        </testcase>
        <testcase classname="tests/integration/assessment-api.integration.test.js" name="Assessment API Integration Tests &gt; POST /api/assessment/:projectId/ai/fill-missing &gt; should return 404 for non-existent assessment" time="0.000512417">
        </testcase>
        <testcase classname="tests/integration/assessment-api.integration.test.js" name="Assessment API Integration Tests &gt; POST /api/assessment/:projectId/ai/review-justifications &gt; should review all justifications" time="0.000486166">
        </testcase>
        <testcase classname="tests/integration/assessment-api.integration.test.js" name="Assessment API Integration Tests &gt; POST /api/assessment/:projectId/ai/review-justifications &gt; should return 404 for non-existent assessment" time="0.000474167">
        </testcase>
        <testcase classname="tests/integration/assessment-api.integration.test.js" name="Assessment API Integration Tests &gt; POST /api/assessment/:projectId/ai/reports/full &gt; should generate full report" time="0.00058875">
        </testcase>
        <testcase classname="tests/integration/assessment-api.integration.test.js" name="Assessment API Integration Tests &gt; POST /api/assessment/:projectId/ai/reports/full &gt; should return 404 for non-existent assessment" time="0.000540167">
        </testcase>
        <testcase classname="tests/integration/assessment-api.integration.test.js" name="Assessment API Integration Tests &gt; POST /api/assessment/:projectId/ai/reports/stakeholder &gt; should generate stakeholder report" time="0.000511208">
        </testcase>
        <testcase classname="tests/integration/assessment-api.integration.test.js" name="Assessment API Integration Tests &gt; POST /api/assessment/:projectId/ai/reports/stakeholder &gt; should require stakeholderRole" time="0.00048475">
        </testcase>
        <testcase classname="tests/integration/assessment-api.integration.test.js" name="Assessment API Integration Tests &gt; POST /api/assessment/:projectId/ai/generate-initiatives &gt; should generate initiatives from assessment" time="0.000587708">
        </testcase>
        <testcase classname="tests/integration/assessment-api.integration.test.js" name="Assessment API Integration Tests &gt; POST /api/assessment/:projectId/ai/generate-initiatives &gt; should return 404 for non-existent assessment" time="0.000541625">
        </testcase>
        <testcase classname="tests/integration/assessment-api.integration.test.js" name="Assessment API Integration Tests &gt; POST /api/assessment/:projectId/ai/prioritize-initiatives &gt; should prioritize initiatives" time="0.0005755">
        </testcase>
        <testcase classname="tests/integration/assessment-api.integration.test.js" name="Assessment API Integration Tests &gt; POST /api/assessment/:projectId/ai/prioritize-initiatives &gt; should require initiatives array" time="0.00076525">
        </testcase>
        <testcase classname="tests/integration/assessment-api.integration.test.js" name="Assessment API Integration Tests &gt; POST /api/assessment/:projectId/ai/estimate-roi &gt; should estimate ROI for initiative" time="0.000562917">
        </testcase>
        <testcase classname="tests/integration/assessment-api.integration.test.js" name="Assessment API Integration Tests &gt; POST /api/assessment/:projectId/ai/estimate-roi &gt; should require initiative object" time="0.000668125">
        </testcase>
        <testcase classname="tests/integration/assessment-api.integration.test.js" name="Assessment API Integration Tests &gt; Error Handling &gt; should handle service errors gracefully" time="0.000596792">
        </testcase>
        <testcase classname="tests/integration/assessment-api.integration.test.js" name="Assessment API Integration Tests &gt; Error Handling &gt; should handle AI service errors gracefully" time="0.00052175">
        </testcase>
    </testsuite>
    <testsuite name="tests/integration/assessment-rbac.integration.test.js" timestamp="2026-01-03T18:25:10.165Z" hostname="MacBook-Pro-Piotr.local" tests="48" failures="0" errors="0" skipped="0" time="0.046661083">
        <testcase classname="tests/integration/assessment-rbac.integration.test.js" name="Assessment RBAC Integration Tests &gt; Authentication &gt; should reject unauthenticated requests" time="0.007115292">
        </testcase>
        <testcase classname="tests/integration/assessment-rbac.integration.test.js" name="Assessment RBAC Integration Tests &gt; Authentication &gt; should accept authenticated requests" time="0.0015545">
        </testcase>
        <testcase classname="tests/integration/assessment-rbac.integration.test.js" name="Assessment RBAC Integration Tests &gt; Read Permissions &gt; should allow admin to read assessment" time="0.001097375">
        </testcase>
        <testcase classname="tests/integration/assessment-rbac.integration.test.js" name="Assessment RBAC Integration Tests &gt; Read Permissions &gt; should allow projectManager to read assessment" time="0.000769667">
        </testcase>
        <testcase classname="tests/integration/assessment-rbac.integration.test.js" name="Assessment RBAC Integration Tests &gt; Read Permissions &gt; should allow consultant to read assessment" time="0.000884375">
        </testcase>
        <testcase classname="tests/integration/assessment-rbac.integration.test.js" name="Assessment RBAC Integration Tests &gt; Read Permissions &gt; should allow viewer to read assessment" time="0.000795917">
        </testcase>
        <testcase classname="tests/integration/assessment-rbac.integration.test.js" name="Assessment RBAC Integration Tests &gt; Read Permissions &gt; should allow cto to read assessment" time="0.000625958">
        </testcase>
        <testcase classname="tests/integration/assessment-rbac.integration.test.js" name="Assessment RBAC Integration Tests &gt; Create Permissions &gt; should allow admin to create assessment" time="0.003826875">
        </testcase>
        <testcase classname="tests/integration/assessment-rbac.integration.test.js" name="Assessment RBAC Integration Tests &gt; Create Permissions &gt; should allow project manager to create assessment" time="0.001039292">
        </testcase>
        <testcase classname="tests/integration/assessment-rbac.integration.test.js" name="Assessment RBAC Integration Tests &gt; Create Permissions &gt; should allow consultant to create assessment" time="0.000858375">
        </testcase>
        <testcase classname="tests/integration/assessment-rbac.integration.test.js" name="Assessment RBAC Integration Tests &gt; Create Permissions &gt; should deny viewer from creating assessment" time="0.000727917">
        </testcase>
        <testcase classname="tests/integration/assessment-rbac.integration.test.js" name="Assessment RBAC Integration Tests &gt; Update Permissions &gt; should allow project manager to update assessment" time="0.000667334">
        </testcase>
        <testcase classname="tests/integration/assessment-rbac.integration.test.js" name="Assessment RBAC Integration Tests &gt; Update Permissions &gt; should deny viewer from updating assessment" time="0.000798708">
        </testcase>
        <testcase classname="tests/integration/assessment-rbac.integration.test.js" name="Assessment RBAC Integration Tests &gt; Update Permissions &gt; should deny CTO from updating assessment" time="0.000645333">
        </testcase>
        <testcase classname="tests/integration/assessment-rbac.integration.test.js" name="Assessment RBAC Integration Tests &gt; Delete Permissions &gt; should allow admin to delete assessment" time="0.000625">
        </testcase>
        <testcase classname="tests/integration/assessment-rbac.integration.test.js" name="Assessment RBAC Integration Tests &gt; Delete Permissions &gt; should deny project manager from deleting assessment" time="0.000728375">
        </testcase>
        <testcase classname="tests/integration/assessment-rbac.integration.test.js" name="Assessment RBAC Integration Tests &gt; Delete Permissions &gt; should deny consultant from deleting assessment" time="0.000749">
        </testcase>
        <testcase classname="tests/integration/assessment-rbac.integration.test.js" name="Assessment RBAC Integration Tests &gt; Workflow Permissions &gt; Submit for Review &gt; should allow project manager to submit" time="0.000709416">
        </testcase>
        <testcase classname="tests/integration/assessment-rbac.integration.test.js" name="Assessment RBAC Integration Tests &gt; Workflow Permissions &gt; Submit for Review &gt; should deny viewer from submitting" time="0.000604334">
        </testcase>
        <testcase classname="tests/integration/assessment-rbac.integration.test.js" name="Assessment RBAC Integration Tests &gt; Workflow Permissions &gt; Submit Review &gt; should allow CTO to submit review" time="0.000708334">
        </testcase>
        <testcase classname="tests/integration/assessment-rbac.integration.test.js" name="Assessment RBAC Integration Tests &gt; Workflow Permissions &gt; Submit Review &gt; should deny project manager from submitting review" time="0.000752958">
        </testcase>
        <testcase classname="tests/integration/assessment-rbac.integration.test.js" name="Assessment RBAC Integration Tests &gt; Workflow Permissions &gt; Approve Assessment &gt; should allow CTO to approve" time="0.000642542">
        </testcase>
        <testcase classname="tests/integration/assessment-rbac.integration.test.js" name="Assessment RBAC Integration Tests &gt; Workflow Permissions &gt; Approve Assessment &gt; should allow admin to approve" time="0.000519834">
        </testcase>
        <testcase classname="tests/integration/assessment-rbac.integration.test.js" name="Assessment RBAC Integration Tests &gt; Workflow Permissions &gt; Approve Assessment &gt; should deny project manager from approving" time="0.000667042">
        </testcase>
        <testcase classname="tests/integration/assessment-rbac.integration.test.js" name="Assessment RBAC Integration Tests &gt; Workflow Permissions &gt; Reject Assessment &gt; should allow CTO to reject" time="0.000748917">
        </testcase>
        <testcase classname="tests/integration/assessment-rbac.integration.test.js" name="Assessment RBAC Integration Tests &gt; Workflow Permissions &gt; Reject Assessment &gt; should deny consultant from rejecting" time="0.000754416">
        </testcase>
        <testcase classname="tests/integration/assessment-rbac.integration.test.js" name="Assessment RBAC Integration Tests &gt; Organization Isolation &gt; should deny access to other organization assessment" time="0.000890916">
        </testcase>
        <testcase classname="tests/integration/assessment-rbac.integration.test.js" name="Assessment RBAC Integration Tests &gt; Organization Isolation &gt; should allow access to own organization assessment" time="0.000758208">
        </testcase>
        <testcase classname="tests/integration/assessment-rbac.integration.test.js" name="Assessment RBAC Integration Tests &gt; Admin-Only Routes &gt; should allow admin to access admin routes" time="0.0005745">
        </testcase>
        <testcase classname="tests/integration/assessment-rbac.integration.test.js" name="Assessment RBAC Integration Tests &gt; Admin-Only Routes &gt; should deny project manager from admin routes" time="0.000606459">
        </testcase>
        <testcase classname="tests/integration/assessment-rbac.integration.test.js" name="Assessment RBAC Integration Tests &gt; Admin-Only Routes &gt; should deny CTO from admin routes" time="0.000620167">
        </testcase>
        <testcase classname="tests/integration/assessment-rbac.integration.test.js" name="Assessment RBAC Integration Tests &gt; Export Permissions &gt; should allow admin to export assessment" time="0.000558417">
        </testcase>
        <testcase classname="tests/integration/assessment-rbac.integration.test.js" name="Assessment RBAC Integration Tests &gt; Export Permissions &gt; should allow projectManager to export assessment" time="0.000564625">
        </testcase>
        <testcase classname="tests/integration/assessment-rbac.integration.test.js" name="Assessment RBAC Integration Tests &gt; Export Permissions &gt; should allow consultant to export assessment" time="0.000489791">
        </testcase>
        <testcase classname="tests/integration/assessment-rbac.integration.test.js" name="Assessment RBAC Integration Tests &gt; Export Permissions &gt; should allow viewer to export assessment" time="0.002137417">
        </testcase>
        <testcase classname="tests/integration/assessment-rbac.integration.test.js" name="Assessment RBAC Integration Tests &gt; Export Permissions &gt; should allow cto to export assessment" time="0.000653541">
        </testcase>
        <testcase classname="tests/integration/assessment-rbac.integration.test.js" name="Assessment RBAC Integration Tests &gt; Permission Matrix &gt; viewer GET /api/assessment/1 should return 200" time="0.000681333">
        </testcase>
        <testcase classname="tests/integration/assessment-rbac.integration.test.js" name="Assessment RBAC Integration Tests &gt; Permission Matrix &gt; viewer POST /api/assessment should return 403" time="0.000578292">
        </testcase>
        <testcase classname="tests/integration/assessment-rbac.integration.test.js" name="Assessment RBAC Integration Tests &gt; Permission Matrix &gt; viewer PUT /api/assessment/1 should return 403" time="0.000749875">
        </testcase>
        <testcase classname="tests/integration/assessment-rbac.integration.test.js" name="Assessment RBAC Integration Tests &gt; Permission Matrix &gt; viewer DELETE /api/assessment/1 should return 403" time="0.000652459">
        </testcase>
        <testcase classname="tests/integration/assessment-rbac.integration.test.js" name="Assessment RBAC Integration Tests &gt; Permission Matrix &gt; projectManager GET /api/assessment/1 should return 200" time="0.000515625">
        </testcase>
        <testcase classname="tests/integration/assessment-rbac.integration.test.js" name="Assessment RBAC Integration Tests &gt; Permission Matrix &gt; projectManager POST /api/assessment should return 201" time="0.000564875">
        </testcase>
        <testcase classname="tests/integration/assessment-rbac.integration.test.js" name="Assessment RBAC Integration Tests &gt; Permission Matrix &gt; projectManager PUT /api/assessment/1 should return 200" time="0.000553667">
        </testcase>
        <testcase classname="tests/integration/assessment-rbac.integration.test.js" name="Assessment RBAC Integration Tests &gt; Permission Matrix &gt; projectManager DELETE /api/assessment/1 should return 403" time="0.00050675">
        </testcase>
        <testcase classname="tests/integration/assessment-rbac.integration.test.js" name="Assessment RBAC Integration Tests &gt; Permission Matrix &gt; admin GET /api/assessment/1 should return 200" time="0.000432042">
        </testcase>
        <testcase classname="tests/integration/assessment-rbac.integration.test.js" name="Assessment RBAC Integration Tests &gt; Permission Matrix &gt; admin POST /api/assessment should return 201" time="0.000481416">
        </testcase>
        <testcase classname="tests/integration/assessment-rbac.integration.test.js" name="Assessment RBAC Integration Tests &gt; Permission Matrix &gt; admin PUT /api/assessment/1 should return 200" time="0.000577042">
        </testcase>
        <testcase classname="tests/integration/assessment-rbac.integration.test.js" name="Assessment RBAC Integration Tests &gt; Permission Matrix &gt; admin DELETE /api/assessment/1 should return 204" time="0.000501875">
        </testcase>
    </testsuite>
    <testsuite name="tests/integration/assessment-reports.integration.test.js" timestamp="2026-01-03T18:25:10.167Z" hostname="MacBook-Pro-Piotr.local" tests="24" failures="0" errors="0" skipped="0" time="0.035556833">
        <testcase classname="tests/integration/assessment-reports.integration.test.js" name="Assessment Reports Integration Tests &gt; PDF Report Generation &gt; should generate PDF report" time="0.011167667">
        </testcase>
        <testcase classname="tests/integration/assessment-reports.integration.test.js" name="Assessment Reports Integration Tests &gt; PDF Report Generation &gt; should accept language parameter" time="0.002489542">
        </testcase>
        <testcase classname="tests/integration/assessment-reports.integration.test.js" name="Assessment Reports Integration Tests &gt; PDF Report Generation &gt; should include gap analysis by default" time="0.001239875">
        </testcase>
        <testcase classname="tests/integration/assessment-reports.integration.test.js" name="Assessment Reports Integration Tests &gt; PDF Report Generation &gt; should allow excluding recommendations" time="0.001333958">
        </testcase>
        <testcase classname="tests/integration/assessment-reports.integration.test.js" name="Assessment Reports Integration Tests &gt; PDF Report Generation &gt; should handle generation errors" time="0.001435666">
        </testcase>
        <testcase classname="tests/integration/assessment-reports.integration.test.js" name="Assessment Reports Integration Tests &gt; Excel Report Generation &gt; should generate Excel report" time="0.001205041">
        </testcase>
        <testcase classname="tests/integration/assessment-reports.integration.test.js" name="Assessment Reports Integration Tests &gt; Excel Report Generation &gt; should allow including raw data" time="0.001012584">
        </testcase>
        <testcase classname="tests/integration/assessment-reports.integration.test.js" name="Assessment Reports Integration Tests &gt; Executive Summary Generation &gt; should generate executive summary" time="0.00090375">
        </testcase>
        <testcase classname="tests/integration/assessment-reports.integration.test.js" name="Assessment Reports Integration Tests &gt; Executive Summary Generation &gt; should support different audiences" time="0.001048917">
        </testcase>
        <testcase classname="tests/integration/assessment-reports.integration.test.js" name="Assessment Reports Integration Tests &gt; Stakeholder Report Generation &gt; should generate report for CTO" time="0.001252625">
        </testcase>
        <testcase classname="tests/integration/assessment-reports.integration.test.js" name="Assessment Reports Integration Tests &gt; Stakeholder Report Generation &gt; should generate report for CFO" time="0.000774375">
        </testcase>
        <testcase classname="tests/integration/assessment-reports.integration.test.js" name="Assessment Reports Integration Tests &gt; Stakeholder Report Generation &gt; should generate report for CHRO" time="0.000662833">
        </testcase>
        <testcase classname="tests/integration/assessment-reports.integration.test.js" name="Assessment Reports Integration Tests &gt; Stakeholder Report Generation &gt; should generate report for CEO" time="0.000752792">
        </testcase>
        <testcase classname="tests/integration/assessment-reports.integration.test.js" name="Assessment Reports Integration Tests &gt; Stakeholder Report Generation &gt; should generate report for COO" time="0.000718833">
        </testcase>
        <testcase classname="tests/integration/assessment-reports.integration.test.js" name="Assessment Reports Integration Tests &gt; Stakeholder Report Generation &gt; should include role-specific focus areas" time="0.000892417">
        </testcase>
        <testcase classname="tests/integration/assessment-reports.integration.test.js" name="Assessment Reports Integration Tests &gt; Report History &gt; should return report history" time="0.00097625">
        </testcase>
        <testcase classname="tests/integration/assessment-reports.integration.test.js" name="Assessment Reports Integration Tests &gt; Report History &gt; should return empty array for no history" time="0.000659458">
        </testcase>
        <testcase classname="tests/integration/assessment-reports.integration.test.js" name="Assessment Reports Integration Tests &gt; Report Download &gt; should return download URL" time="0.000628041">
        </testcase>
        <testcase classname="tests/integration/assessment-reports.integration.test.js" name="Assessment Reports Integration Tests &gt; Multi-language Support &gt; should generate report in pl" time="0.000760791">
        </testcase>
        <testcase classname="tests/integration/assessment-reports.integration.test.js" name="Assessment Reports Integration Tests &gt; Multi-language Support &gt; should generate report in en" time="0.000763041">
        </testcase>
        <testcase classname="tests/integration/assessment-reports.integration.test.js" name="Assessment Reports Integration Tests &gt; Multi-language Support &gt; should generate report in de" time="0.000669125">
        </testcase>
        <testcase classname="tests/integration/assessment-reports.integration.test.js" name="Assessment Reports Integration Tests &gt; Multi-language Support &gt; should generate report in fr" time="0.000638">
        </testcase>
        <testcase classname="tests/integration/assessment-reports.integration.test.js" name="Assessment Reports Integration Tests &gt; Report Content &gt; should include all axis scores in PDF" time="0.000844708">
        </testcase>
        <testcase classname="tests/integration/assessment-reports.integration.test.js" name="Assessment Reports Integration Tests &gt; Report Content &gt; should include gap analysis when requested" time="0.000662916">
        </testcase>
    </testsuite>
    <testsuite name="tests/integration/assessment-workflow.integration.test.js" timestamp="2026-01-03T18:25:10.168Z" hostname="MacBook-Pro-Piotr.local" tests="28" failures="1" errors="0" skipped="27" time="0.002023083">
        <testcase classname="tests/integration/assessment-workflow.integration.test.js" name="Assessment Workflow Integration Tests &gt; GET /:assessmentId/status &gt; should return 404 for non-existent workflow" time="0">
            <skipped/>
        </testcase>
        <testcase classname="tests/integration/assessment-workflow.integration.test.js" name="Assessment Workflow Integration Tests &gt; GET /:assessmentId/status &gt; should return workflow status" time="0">
            <skipped/>
        </testcase>
        <testcase classname="tests/integration/assessment-workflow.integration.test.js" name="Assessment Workflow Integration Tests &gt; GET /:assessmentId/status &gt; should include computed properties" time="0">
            <skipped/>
        </testcase>
        <testcase classname="tests/integration/assessment-workflow.integration.test.js" name="Assessment Workflow Integration Tests &gt; POST /:assessmentId/initialize &gt; should initialize workflow" time="0">
            <skipped/>
        </testcase>
        <testcase classname="tests/integration/assessment-workflow.integration.test.js" name="Assessment Workflow Integration Tests &gt; POST /:assessmentId/initialize &gt; should log audit event" time="0">
            <skipped/>
        </testcase>
        <testcase classname="tests/integration/assessment-workflow.integration.test.js" name="Assessment Workflow Integration Tests &gt; POST /:assessmentId/submit-for-review &gt; should require at least one reviewer" time="0">
            <skipped/>
        </testcase>
        <testcase classname="tests/integration/assessment-workflow.integration.test.js" name="Assessment Workflow Integration Tests &gt; POST /:assessmentId/submit-for-review &gt; should submit assessment for review" time="0">
            <skipped/>
        </testcase>
        <testcase classname="tests/integration/assessment-workflow.integration.test.js" name="Assessment Workflow Integration Tests &gt; POST /:assessmentId/submit-for-review &gt; should reject if not in DRAFT status" time="0">
            <skipped/>
        </testcase>
        <testcase classname="tests/integration/assessment-workflow.integration.test.js" name="Assessment Workflow Integration Tests &gt; POST /:assessmentId/approve &gt; should approve assessment" time="0">
            <skipped/>
        </testcase>
        <testcase classname="tests/integration/assessment-workflow.integration.test.js" name="Assessment Workflow Integration Tests &gt; POST /:assessmentId/approve &gt; should reject if not in AWAITING_APPROVAL status" time="0">
            <skipped/>
        </testcase>
        <testcase classname="tests/integration/assessment-workflow.integration.test.js" name="Assessment Workflow Integration Tests &gt; POST /:assessmentId/reject &gt; should require rejection reason" time="0">
            <skipped/>
        </testcase>
        <testcase classname="tests/integration/assessment-workflow.integration.test.js" name="Assessment Workflow Integration Tests &gt; POST /:assessmentId/reject &gt; should reject assessment with reason" time="0">
            <skipped/>
        </testcase>
        <testcase classname="tests/integration/assessment-workflow.integration.test.js" name="Assessment Workflow Integration Tests &gt; POST /reviews/:reviewId/submit &gt; should require recommendation" time="0">
            <skipped/>
        </testcase>
        <testcase classname="tests/integration/assessment-workflow.integration.test.js" name="Assessment Workflow Integration Tests &gt; POST /reviews/:reviewId/submit &gt; should submit review" time="0">
            <skipped/>
        </testcase>
        <testcase classname="tests/integration/assessment-workflow.integration.test.js" name="Assessment Workflow Integration Tests &gt; GET /:assessmentId/comments &gt; should return comments" time="0">
            <skipped/>
        </testcase>
        <testcase classname="tests/integration/assessment-workflow.integration.test.js" name="Assessment Workflow Integration Tests &gt; GET /:assessmentId/comments &gt; should filter by axisId" time="0">
            <skipped/>
        </testcase>
        <testcase classname="tests/integration/assessment-workflow.integration.test.js" name="Assessment Workflow Integration Tests &gt; POST /:assessmentId/comments &gt; should require axisId and comment" time="0">
            <skipped/>
        </testcase>
        <testcase classname="tests/integration/assessment-workflow.integration.test.js" name="Assessment Workflow Integration Tests &gt; POST /:assessmentId/comments &gt; should add comment" time="0">
            <skipped/>
        </testcase>
        <testcase classname="tests/integration/assessment-workflow.integration.test.js" name="Assessment Workflow Integration Tests &gt; POST /:assessmentId/comments &gt; should support parent comment for replies" time="0">
            <skipped/>
        </testcase>
        <testcase classname="tests/integration/assessment-workflow.integration.test.js" name="Assessment Workflow Integration Tests &gt; Version Management &gt; GET /:assessmentId/versions &gt; should return version history" time="0">
            <skipped/>
        </testcase>
        <testcase classname="tests/integration/assessment-workflow.integration.test.js" name="Assessment Workflow Integration Tests &gt; Version Management &gt; POST /:assessmentId/restore/:version &gt; should restore version" time="0">
            <skipped/>
        </testcase>
        <testcase classname="tests/integration/assessment-workflow.integration.test.js" name="Assessment Workflow Integration Tests &gt; Version Management &gt; POST /:assessmentId/restore/:version &gt; should return error for non-existent version" time="0">
            <skipped/>
        </testcase>
        <testcase classname="tests/integration/assessment-workflow.integration.test.js" name="Assessment Workflow Integration Tests &gt; Collaboration Features &gt; POST /:assessmentId/presence &gt; should update presence" time="0">
            <skipped/>
        </testcase>
        <testcase classname="tests/integration/assessment-workflow.integration.test.js" name="Assessment Workflow Integration Tests &gt; Collaboration Features &gt; POST /:assessmentId/activities &gt; should add activity" time="0">
            <skipped/>
        </testcase>
        <testcase classname="tests/integration/assessment-workflow.integration.test.js" name="Assessment Workflow Integration Tests &gt; Collaboration Features &gt; GET /:assessmentId/activities &gt; should return activities" time="0">
            <skipped/>
        </testcase>
        <testcase classname="tests/integration/assessment-workflow.integration.test.js" name="Assessment Workflow Integration Tests &gt; Export Features &gt; POST /:assessmentId/export/pdf &gt; should generate PDF report" time="0">
            <skipped/>
        </testcase>
        <testcase classname="tests/integration/assessment-workflow.integration.test.js" name="Assessment Workflow Integration Tests &gt; Export Features &gt; POST /:assessmentId/export/excel &gt; should generate Excel report" time="0">
            <skipped/>
        </testcase>
        <testcase classname="tests/integration/assessment-workflow.integration.test.js" name="Assessment Workflow Integration Tests" time="0.001741083">
            <failure message="require is not defined in ES module scope, you can use import instead
This file is being treated as an ES module because it has a &apos;.js&apos; file extension and &apos;/Users/piotrwisniewski/Documents/Antygracity/DRD/consultify/server/package.json&apos; contains &quot;type&quot;: &quot;module&quot;. To treat it as a CommonJS script, rename it to use the &apos;.cjs&apos; file extension." type="ReferenceError">
ReferenceError: require is not defined in ES module scope, you can use import instead
This file is being treated as an ES module because it has a &apos;.js&apos; file extension and &apos;/Users/piotrwisniewski/Documents/Antygracity/DRD/consultify/server/package.json&apos; contains &quot;type&quot;: &quot;module&quot;. To treat it as a CommonJS script, rename it to use the &apos;.cjs&apos; file extension.
 ❯ server/middleware/authMiddleware.js:1:20
            </failure>
        </testcase>
    </testsuite>
    <testsuite name="tests/integration/assessmentOverview.integration.test.js" timestamp="2026-01-03T18:25:10.170Z" hostname="MacBook-Pro-Piotr.local" tests="1" failures="1" errors="0" skipped="0" time="0">
        <testcase classname="tests/integration/assessmentOverview.integration.test.js" name="tests/integration/assessmentOverview.integration.test.js" time="0">
            <failure message="Cannot find module &apos;../../../server/index&apos;
Require stack:
- /Users/piotrwisniewski/Documents/Antygracity/DRD/consultify/tests/integration/assessmentOverview.integration.test.js" type="Error">
Error: Cannot find module &apos;../../../server/index&apos;
Require stack:
- /Users/piotrwisniewski/Documents/Antygracity/DRD/consultify/tests/integration/assessmentOverview.integration.test.js
 ❯ tests/integration/assessmentOverview.integration.test.js:6:13

⎯⎯⎯⎯⎯⎯⎯⎯⎯⎯⎯⎯⎯⎯⎯⎯⎯⎯⎯⎯⎯⎯⎯⎯⎯⎯⎯⎯⎯⎯⎯⎯⎯⎯⎯⎯⎯⎯⎯⎯⎯⎯⎯⎯⎯⎯⎯⎯⎯⎯⎯⎯⎯⎯⎯⎯⎯⎯⎯⎯⎯⎯⎯⎯⎯⎯⎯⎯⎯⎯⎯⎯⎯⎯⎯⎯⎯⎯⎯⎯⎯⎯⎯⎯⎯⎯⎯⎯⎯⎯⎯⎯⎯⎯⎯⎯⎯⎯⎯⎯⎯⎯⎯⎯⎯⎯⎯⎯⎯⎯⎯⎯⎯⎯⎯⎯⎯⎯⎯⎯⎯⎯⎯⎯⎯⎯⎯⎯⎯⎯⎯⎯⎯⎯⎯⎯⎯⎯⎯⎯⎯⎯⎯⎯⎯⎯⎯⎯⎯⎯⎯⎯⎯⎯⎯⎯⎯⎯⎯⎯⎯
Serialized Error: { code: &apos;MODULE_NOT_FOUND&apos;, requireStack: [ &apos;/Users/piotrwisniewski/Documents/Antygracity/DRD/consultify/tests/integration/assessmentOverview.integration.test.js&apos; ] }
            </failure>
        </testcase>
    </testsuite>
    <testsuite name="tests/integration/auth.test.js" timestamp="2026-01-03T18:25:10.171Z" hostname="MacBook-Pro-Piotr.local" tests="8" failures="1" errors="0" skipped="7" time="0.048777375">
        <testcase classname="tests/integration/auth.test.js" name="Auth Integration &gt; should login successfully with valid credentials" time="0">
            <skipped/>
[...]
            <failure message="require is not defined in ES module scope, you can use import instead
This file is being treated as an ES module because it has a &apos;.js&apos; file extension and &apos;/Users/piotrwisniewski/Documents/Antygracity/DRD/consultify/server/package.json&apos; contains &quot;type&quot;: &quot;module&quot;. To treat it as a CommonJS script, rename it to use the &apos;.cjs&apos; file extension." type="ReferenceError">
ReferenceError: require is not defined in ES module scope, you can use import instead
This file is being treated as an ES module because it has a &apos;.js&apos; file extension and &apos;/Users/piotrwisniewski/Documents/Antygracity/DRD/consultify/server/package.json&apos; contains &quot;type&quot;: &quot;module&quot;. To treat it as a CommonJS script, rename it to use the &apos;.cjs&apos; file extension.
 ❯ server/routes/tasks.js:1:17
            </failure>
        </testcase>
    </testsuite>
    <testsuite name="tests/integration/routes/teams.test.js" timestamp="2026-01-03T18:25:10.216Z" hostname="MacBook-Pro-Piotr.local" tests="1" failures="1" errors="0" skipped="0" time="0">
        <testcase classname="tests/integration/routes/teams.test.js" name="tests/integration/routes/teams.test.js" time="0">
            <failure message="require is not defined in ES module scope, you can use import instead
This file is being treated as an ES module because it has a &apos;.js&apos; file extension and &apos;/Users/piotrwisniewski/Documents/Antygracity/DRD/consultify/server/package.json&apos; contains &quot;type&quot;: &quot;module&quot;. To treat it as a CommonJS script, rename it to use the &apos;.cjs&apos; file extension." type="ReferenceError">
ReferenceError: require is not defined in ES module scope, you can use import instead
This file is being treated as an ES module because it has a &apos;.js&apos; file extension and &apos;/Users/piotrwisniewski/Documents/Antygracity/DRD/consultify/server/package.json&apos; contains &quot;type&quot;: &quot;module&quot;. To treat it as a CommonJS script, rename it to use the &apos;.cjs&apos; file extension.
 ❯ server/index.js:1:1
            </failure>
        </testcase>
    </testsuite>
    <testsuite name="tests/integration/routes/tokenBilling.test.js" timestamp="2026-01-03T18:25:10.216Z" hostname="MacBook-Pro-Piotr.local" tests="1" failures="1" errors="0" skipped="0" time="0">
        <testcase classname="tests/integration/routes/tokenBilling.test.js" name="tests/integration/routes/tokenBilling.test.js" time="0">
            <failure message="require is not defined in ES module scope, you can use import instead
This file is being treated as an ES module because it has a &apos;.js&apos; file extension and &apos;/Users/piotrwisniewski/Documents/Antygracity/DRD/consultify/server/package.json&apos; contains &quot;type&quot;: &quot;module&quot;. To treat it as a CommonJS script, rename it to use the &apos;.cjs&apos; file extension." type="ReferenceError">
ReferenceError: require is not defined in ES module scope, you can use import instead
This file is being treated as an ES module because it has a &apos;.js&apos; file extension and &apos;/Users/piotrwisniewski/Documents/Antygracity/DRD/consultify/server/package.json&apos; contains &quot;type&quot;: &quot;module&quot;. To treat it as a CommonJS script, rename it to use the &apos;.cjs&apos; file extension.
 ❯ server/index.js:1:1
            </failure>
        </testcase>
    </testsuite>
    <testsuite name="tests/integration/routes/users.test.js" timestamp="2026-01-03T18:25:10.216Z" hostname="MacBook-Pro-Piotr.local" tests="1" failures="1" errors="0" skipped="0" time="0">
        <testcase classname="tests/integration/routes/users.test.js" name="tests/integration/routes/users.test.js" time="0">
            <failure message="require is not defined in ES module scope, you can use import instead
This file is being treated as an ES module because it has a &apos;.js&apos; file extension and &apos;/Users/piotrwisniewski/Documents/Antygracity/DRD/consultify/server/package.json&apos; contains &quot;type&quot;: &quot;module&quot;. To treat it as a CommonJS script, rename it to use the &apos;.cjs&apos; file extension." type="ReferenceError">
ReferenceError: require is not defined in ES module scope, you can use import instead
This file is being treated as an ES module because it has a &apos;.js&apos; file extension and &apos;/Users/piotrwisniewski/Documents/Antygracity/DRD/consultify/server/package.json&apos; contains &quot;type&quot;: &quot;module&quot;. To treat it as a CommonJS script, rename it to use the &apos;.cjs&apos; file extension.
 ❯ server/index.js:1:1
            </failure>
        </testcase>
    </testsuite>
    <testsuite name="server/tests/integration/backend/index.integration.test.ts" timestamp="2026-01-03T18:25:10.216Z" hostname="MacBook-Pro-Piotr.local" tests="26" failures="0" errors="0" skipped="0" time="0.003212833">
        <testcase classname="server/tests/integration/backend/index.integration.test.ts" name="Server Entry Point - Integration Tests &gt; Server Configuration &gt; should use PORT from environment or default to 3005" time="0.000709291">
        </testcase>
        <testcase classname="server/tests/integration/backend/index.integration.test.ts" name="Server Entry Point - Integration Tests &gt; Server Configuration &gt; should detect test environment" time="0.000119125">
        </testcase>
        <testcase classname="server/tests/integration/backend/index.integration.test.ts" name="Server Entry Point - Integration Tests &gt; Server Configuration &gt; should configure trust proxy" time="0.000075959">
        </testcase>
        <testcase classname="server/tests/integration/backend/index.integration.test.ts" name="Server Entry Point - Integration Tests &gt; Middleware Setup &gt; should configure CORS" time="0.000093042">
        </testcase>
        <testcase classname="server/tests/integration/backend/index.integration.test.ts" name="Server Entry Point - Integration Tests &gt; Middleware Setup &gt; should configure security headers" time="0.000089417">
        </testcase>
        <testcase classname="server/tests/integration/backend/index.integration.test.ts" name="Server Entry Point - Integration Tests &gt; Middleware Setup &gt; should configure compression" time="0.000062834">
        </testcase>
        <testcase classname="server/tests/integration/backend/index.integration.test.ts" name="Server Entry Point - Integration Tests &gt; Middleware Setup &gt; should configure rate limiting" time="0.000062958">
        </testcase>
        <testcase classname="server/tests/integration/backend/index.integration.test.ts" name="Server Entry Point - Integration Tests &gt; Middleware Setup &gt; should configure correlation middleware" time="0.000058208">
        </testcase>
        <testcase classname="server/tests/integration/backend/index.integration.test.ts" name="Server Entry Point - Integration Tests &gt; Route Registration &gt; should register TypeScript routes" time="0.0001365">
        </testcase>
        <testcase classname="server/tests/integration/backend/index.integration.test.ts" name="Server Entry Point - Integration Tests &gt; Route Registration &gt; should register legacy CommonJS routes" time="0.000097041">
        </testcase>
        <testcase classname="server/tests/integration/backend/index.integration.test.ts" name="Server Entry Point - Integration Tests &gt; Route Registration &gt; should register auth routes" time="0.000060125">
        </testcase>
        <testcase classname="server/tests/integration/backend/index.integration.test.ts" name="Server Entry Point - Integration Tests &gt; Route Registration &gt; should register billing routes" time="0.000049">
        </testcase>
        <testcase classname="server/tests/integration/backend/index.integration.test.ts" name="Server Entry Point - Integration Tests &gt; Route Registration &gt; should register AI routes" time="0.00006025">
        </testcase>
        <testcase classname="server/tests/integration/backend/index.integration.test.ts" name="Server Entry Point - Integration Tests &gt; Error Handling &gt; should have error handler middleware" time="0.000049333">
        </testcase>
        <testcase classname="server/tests/integration/backend/index.integration.test.ts" name="Server Entry Point - Integration Tests &gt; Error Handling &gt; should have 404 handler" time="0.000044708">
        </testcase>
        <testcase classname="server/tests/integration/backend/index.integration.test.ts" name="Server Entry Point - Integration Tests &gt; Error Handling &gt; should handle errors gracefully" time="0.000044834">
        </testcase>
        <testcase classname="server/tests/integration/backend/index.integration.test.ts" name="Server Entry Point - Integration Tests &gt; Server Startup &gt; should initialize scheduler when not in test mode" time="0.000049083">
        </testcase>
        <testcase classname="server/tests/integration/backend/index.integration.test.ts" name="Server Entry Point - Integration Tests &gt; Server Startup &gt; should initialize health check job" time="0.000048292">
        </testcase>
        <testcase classname="server/tests/integration/backend/index.integration.test.ts" name="Server Entry Point - Integration Tests &gt; Server Startup &gt; should handle server errors gracefully" time="0.000043375">
        </testcase>
        <testcase classname="server/tests/integration/backend/index.integration.test.ts" name="Server Entry Point - Integration Tests &gt; Global Error Handlers &gt; should handle uncaught exceptions" time="0.000044166">
        </testcase>
        <testcase classname="server/tests/integration/backend/index.integration.test.ts" name="Server Entry Point - Integration Tests &gt; Global Error Handlers &gt; should handle unhandled promise rejections" time="0.000043375">
        </testcase>
        <testcase classname="server/tests/integration/backend/index.integration.test.ts" name="Server Entry Point - Integration Tests &gt; Global Error Handlers &gt; should handle warnings" time="0.000048583">
        </testcase>
        <testcase classname="server/tests/integration/backend/index.integration.test.ts" name="Server Entry Point - Integration Tests &gt; Sentry Integration &gt; should initialize Sentry in production" time="0.000052042">
        </testcase>
        <testcase classname="server/tests/integration/backend/index.integration.test.ts" name="Server Entry Point - Integration Tests &gt; Sentry Integration &gt; should not initialize Sentry in test mode" time="0.000058167">
        </testcase>
        <testcase classname="server/tests/integration/backend/index.integration.test.ts" name="Server Entry Point - Integration Tests &gt; Cron Jobs Initialization &gt; should skip cron jobs in test mode" time="0.000047625">
        </testcase>
        <testcase classname="server/tests/integration/backend/index.integration.test.ts" name="Server Entry Point - Integration Tests &gt; Cron Jobs Initialization &gt; should initialize cron jobs when not in test mode" time="0.000050083">
        </testcase>
    </testsuite>
    <testsuite name="server/tests/integration/backend/cron/CronJobs.integration.test.ts" timestamp="2026-01-03T18:25:10.217Z" hostname="MacBook-Pro-Piotr.local" tests="1" failures="1" errors="0" skipped="0" time="0">
        <testcase classname="server/tests/integration/backend/cron/CronJobs.integration.test.ts" name="server/tests/integration/backend/cron/CronJobs.integration.test.ts" time="0">
            <system-out>
[Database] Mocking database for tests

            </system-out>
            <system-err>
[Test Setup] Unhandled rejection (logged, not rethrown): Parse failure: Expression expected
At file: /server/services/storageReconciliationService.js:6:2

            </system-err>
            <failure message="Transform failed with 1 error:
/Users/piotrwisniewski/Documents/Antygracity/DRD/consultify/server/src/cron/TrialCron.ts:56:46: ERROR: &quot;await&quot; can only be used inside an &quot;async&quot; function" type="Error">
Error: Transform failed with 1 error:
/Users/piotrwisniewski/Documents/Antygracity/DRD/consultify/server/src/cron/TrialCron.ts:56:46: ERROR: &quot;await&quot; can only be used inside an &quot;async&quot; function
  Plugin: vite:esbuild
  File: /Users/piotrwisniewski/Documents/Antygracity/DRD/consultify/server/src/cron/TrialCron.ts:56:46
  
  &quot;await&quot; can only be used inside an &quot;async&quot; function
  54 |          this.deps = {
  55 |              db: deps?.db || getDatabase(),
  56 |              demoService: deps?.demoService || await import(&apos;../../services/demoService.js&apos;).then(m =&gt; m.default || m),
     |                                                ^
  57 |              trialService: deps?.trialService || await import(&apos;../../services/trialService.js&apos;).then(m =&gt; m.default || m),
  58 |          };
  
 ❯ failureErrorWithLog node_modules/esbuild/lib/main.js:1467:15
 ❯ node_modules/esbuild/lib/main.js:736:50
 ❯ responseCallbacks.&lt;computed&gt; node_modules/esbuild/lib/main.js:603:9
 ❯ handleIncomingPacket node_modules/esbuild/lib/main.js:658:12
 ❯ Socket.readFromStdout node_modules/esbuild/lib/main.js:581:7
            </failure>
        </testcase>
    </testsuite>
    <testsuite name="server/tests/integration/backend/routes/admin.integration.test.ts" timestamp="2026-01-03T18:25:10.218Z" hostname="MacBook-Pro-Piotr.local" tests="2" failures="0" errors="0" skipped="0" time="0.001370333">
        <testcase classname="server/tests/integration/backend/routes/admin.integration.test.ts" name="Admin Routes Integration &gt; Admin Operations Flow &gt; should create org, add users, and configure billing" time="0.00075825">
        </testcase>
        <testcase classname="server/tests/integration/backend/routes/admin.integration.test.ts" name="Admin Routes Integration &gt; Admin Operations Flow &gt; should manage organization settings and permissions" time="0.000121708">
        </testcase>
    </testsuite>
    <testsuite name="server/tests/integration/backend/routes/auth.integration.test.ts" timestamp="2026-01-03T18:25:10.218Z" hostname="MacBook-Pro-Piotr.local" tests="1" failures="0" errors="0" skipped="0" time="0.001288875">
        <testcase classname="server/tests/integration/backend/routes/auth.integration.test.ts" name="Auth Routes Integration &gt; should return 404 for non-existent route" time="0.000815709">
        </testcase>
    </testsuite>
    <testsuite name="server/tests/integration/backend/routes/billing.integration.test.ts" timestamp="2026-01-03T18:25:10.218Z" hostname="MacBook-Pro-Piotr.local" tests="3" failures="0" errors="0" skipped="0" time="0.00152">
        <testcase classname="server/tests/integration/backend/routes/billing.integration.test.ts" name="Billing Routes Integration &gt; Billing Flow &gt; should create subscription and generate invoice" time="0.000782208">
        </testcase>
        <testcase classname="server/tests/integration/backend/routes/billing.integration.test.ts" name="Billing Routes Integration &gt; Billing Flow &gt; should handle payment webhook and update invoice status" time="0.000126625">
        </testcase>
        <testcase classname="server/tests/integration/backend/routes/billing.integration.test.ts" name="Billing Routes Integration &gt; Billing Flow &gt; should cancel subscription and generate final invoice" time="0.000075459">
        </testcase>
    </testsuite>
    <testsuite name="server/tests/integration/backend/routes/projects.integration.test.ts" timestamp="2026-01-03T18:25:10.218Z" hostname="MacBook-Pro-Piotr.local" tests="3" failures="0" errors="0" skipped="0" time="0.001412583">
        <testcase classname="server/tests/integration/backend/routes/projects.integration.test.ts" name="Projects Routes Integration &gt; Project Creation Flow &gt; should create project, assign members, and update status" time="0.000750083">
        </testcase>
        <testcase classname="server/tests/integration/backend/routes/projects.integration.test.ts" name="Projects Routes Integration &gt; Project Creation Flow &gt; should create project with tasks and initiatives" time="0.000123166">
        </testcase>
        <testcase classname="server/tests/integration/backend/routes/projects.integration.test.ts" name="Projects Routes Integration &gt; Project Creation Flow &gt; should handle project deletion with cascade" time="0.000076125">
        </testcase>
    </testsuite>
    <testsuite name="server/tests/integration/backend/middleware/MiddlewareChain.test.ts" timestamp="2026-01-03T18:25:10.218Z" hostname="MacBook-Pro-Piotr.local" tests="6" failures="0" errors="0" skipped="0" time="0.002774666">
        <testcase classname="server/tests/integration/backend/middleware/MiddlewareChain.test.ts" name="Middleware Chain Integration &gt; Auth → RBAC → Validation → Controller &gt; should execute middleware chain in correct order" time="0.0014715">
        </testcase>
        <testcase classname="server/tests/integration/backend/middleware/MiddlewareChain.test.ts" name="Middleware Chain Integration &gt; Auth → RBAC → Validation → Controller &gt; should stop at auth middleware if not authenticated" time="0.000229917">
        </testcase>
        <testcase classname="server/tests/integration/backend/middleware/MiddlewareChain.test.ts" name="Middleware Chain Integration &gt; Auth → RBAC → Validation → Controller &gt; should stop at RBAC middleware if insufficient permissions" time="0.000135167">
        </testcase>
        <testcase classname="server/tests/integration/backend/middleware/MiddlewareChain.test.ts" name="Middleware Chain Integration &gt; Auth → RBAC → Validation → Controller &gt; should stop at validation middleware if invalid data" time="0.000134208">
        </testcase>
        <testcase classname="server/tests/integration/backend/middleware/MiddlewareChain.test.ts" name="Middleware Chain Integration &gt; Error Handling Chain &gt; should handle errors from middleware" time="0.000137125">
        </testcase>
        <testcase classname="server/tests/integration/backend/middleware/MiddlewareChain.test.ts" name="Middleware Chain Integration &gt; Security Headers Chain &gt; should apply security headers" time="0.000117292">
        </testcase>
    </testsuite>
    <testsuite name="server/tests/integration/backend/services/auth-services.integration.test.ts" timestamp="2026-01-03T18:25:10.218Z" hostname="MacBook-Pro-Piotr.local" tests="1" failures="1" errors="0" skipped="0" time="0.001902833">
        <testcase classname="server/tests/integration/backend/services/auth-services.integration.test.ts" name="Auth Services Integration &gt; Token and MFA Flow &gt; should generate tokens and verify MFA" time="0.001449833">
            <failure message="__vite_ssr_import_1__.default.setDependencies is not a function" type="TypeError">
TypeError: __vite_ssr_import_1__.default.setDependencies is not a function
 ❯ server/tests/integration/backend/services/auth-services.integration.test.ts:19:29
            </failure>
        </testcase>
    </testsuite>
    <testsuite name="server/tests/integration/backend/services/billing-services.integration.test.ts" timestamp="2026-01-03T18:25:10.219Z" hostname="MacBook-Pro-Piotr.local" tests="2" failures="0" errors="0" skipped="0" time="0.001524916">
        <testcase classname="server/tests/integration/backend/services/billing-services.integration.test.ts" name="Billing Services Integration &gt; Billing and Invoice Flow &gt; should create subscription and generate invoice" time="0.000872083">
        </testcase>
        <testcase classname="server/tests/integration/backend/services/billing-services.integration.test.ts" name="Billing Services Integration &gt; Billing and Invoice Flow &gt; should update invoice when payment received" time="0.00013575">
        </testcase>
    </testsuite>
</testsuites>
