<?xml version="1.0" encoding="UTF-8" ?>
<testsuites name="vitest tests" tests="150" failures="0" errors="0" time="0.708216834">
    <testsuite name="tests/backend/ai/aiPipeline.test.js" timestamp="2025-12-30T10:21:04.749Z" hostname="MacBook-Pro-Piotr.local" tests="8" failures="0" errors="0" skipped="0" time="0.130681667">
        <testcase classname="tests/backend/ai/aiPipeline.test.js" name="AIPipeline &gt; should instantiate correctly" time="0.00060325">
        </testcase>
        <testcase classname="tests/backend/ai/aiPipeline.test.js" name="AIPipeline &gt; should have process method" time="0.000139375">
        </testcase>
        <testcase classname="tests/backend/ai/aiPipeline.test.js" name="AIPipeline &gt; should have executeWithFallback method" time="0.000076166">
        </testcase>
        <testcase classname="tests/backend/ai/aiPipeline.test.js" name="AIPipeline &gt; should have isNonRetryableError method" time="0.000058917">
        </testcase>
        <testcase classname="tests/backend/ai/aiPipeline.test.js" name="AIPipeline &gt; isNonRetryableError() &gt; should return true for authentication errors" time="0.000087959">
        </testcase>
        <testcase classname="tests/backend/ai/aiPipeline.test.js" name="AIPipeline &gt; isNonRetryableError() &gt; should return true for budget errors" time="0.000064709">
        </testcase>
        <testcase classname="tests/backend/ai/aiPipeline.test.js" name="AIPipeline &gt; isNonRetryableError() &gt; should return false for other errors" time="0.000066042">
        </testcase>
        <testcase classname="tests/backend/ai/aiPipeline.test.js" name="AIPipeline &gt; isNonRetryableError() &gt; should handle errors without message" time="0.000060375">
        </testcase>
    </testsuite>
    <testsuite name="tests/backend/ai/enterpriseSecurity.test.js" timestamp="2025-12-30T10:21:04.751Z" hostname="MacBook-Pro-Piotr.local" tests="41" failures="0" errors="0" skipped="0" time="0.1326215">
        <testcase classname="tests/backend/ai/enterpriseSecurity.test.js" name="EnterpriseSecurityService &gt; PII Detection &gt; detectPII() &gt; should detect email addresses" time="0.001113">
        </testcase>
        <testcase classname="tests/backend/ai/enterpriseSecurity.test.js" name="EnterpriseSecurityService &gt; PII Detection &gt; detectPII() &gt; should detect Polish phone numbers" time="0.000406292">
        </testcase>
        <testcase classname="tests/backend/ai/enterpriseSecurity.test.js" name="EnterpriseSecurityService &gt; PII Detection &gt; detectPII() &gt; should detect PESEL" time="0.00025275">
        </testcase>
        <testcase classname="tests/backend/ai/enterpriseSecurity.test.js" name="EnterpriseSecurityService &gt; PII Detection &gt; detectPII() &gt; should detect NIP" time="0.000141458">
        </testcase>
        <testcase classname="tests/backend/ai/enterpriseSecurity.test.js" name="EnterpriseSecurityService &gt; PII Detection &gt; detectPII() &gt; should detect credit card numbers" time="0.000087333">
        </testcase>
        <testcase classname="tests/backend/ai/enterpriseSecurity.test.js" name="EnterpriseSecurityService &gt; PII Detection &gt; detectPII() &gt; should detect IBAN" time="0.000073791">
        </testcase>
        <testcase classname="tests/backend/ai/enterpriseSecurity.test.js" name="EnterpriseSecurityService &gt; PII Detection &gt; detectPII() &gt; should return empty array for clean content" time="0.000282167">
        </testcase>
        <testcase classname="tests/backend/ai/enterpriseSecurity.test.js" name="EnterpriseSecurityService &gt; PII Detection &gt; detectPII() &gt; should detect multiple PII types" time="0.000164333">
        </testcase>
        <testcase classname="tests/backend/ai/enterpriseSecurity.test.js" name="EnterpriseSecurityService &gt; PII Detection &gt; sanitizePII() &gt; should redact email addresses" time="0.000139625">
        </testcase>
        <testcase classname="tests/backend/ai/enterpriseSecurity.test.js" name="EnterpriseSecurityService &gt; PII Detection &gt; sanitizePII() &gt; should redact phone numbers" time="0.00006625">
        </testcase>
        <testcase classname="tests/backend/ai/enterpriseSecurity.test.js" name="EnterpriseSecurityService &gt; PII Detection &gt; sanitizePII() &gt; should redact multiple PII types" time="0.000058667">
        </testcase>
        <testcase classname="tests/backend/ai/enterpriseSecurity.test.js" name="EnterpriseSecurityService &gt; PII Detection &gt; sanitizePII() &gt; should truncate long content when specified" time="0.000937459">
        </testcase>
        <testcase classname="tests/backend/ai/enterpriseSecurity.test.js" name="EnterpriseSecurityService &gt; PII Detection &gt; sanitizePII() &gt; should handle null content" time="0.000084583">
        </testcase>
        <testcase classname="tests/backend/ai/enterpriseSecurity.test.js" name="EnterpriseSecurityService &gt; PII Detection &gt; sanitizePII() &gt; should preserve non-PII content" time="0.000043542">
        </testcase>
        <testcase classname="tests/backend/ai/enterpriseSecurity.test.js" name="EnterpriseSecurityService &gt; Risk Assessment &gt; assessRisk() &gt; should flag HIGH risk for password mentions" time="0.000116541">
        </testcase>
        <testcase classname="tests/backend/ai/enterpriseSecurity.test.js" name="EnterpriseSecurityService &gt; Risk Assessment &gt; assessRisk() &gt; should flag HIGH risk for delete operations" time="0.000081958">
        </testcase>
        <testcase classname="tests/backend/ai/enterpriseSecurity.test.js" name="EnterpriseSecurityService &gt; Risk Assessment &gt; assessRisk() &gt; should flag HIGH risk for admin access" time="0.000096333">
        </testcase>
        <testcase classname="tests/backend/ai/enterpriseSecurity.test.js" name="EnterpriseSecurityService &gt; Risk Assessment &gt; assessRisk() &gt; should flag MEDIUM risk for export operations" time="0.0000835">
        </testcase>
        <testcase classname="tests/backend/ai/enterpriseSecurity.test.js" name="EnterpriseSecurityService &gt; Risk Assessment &gt; assessRisk() &gt; should flag MEDIUM risk for sharing operations" time="0.000072208">
        </testcase>
        <testcase classname="tests/backend/ai/enterpriseSecurity.test.js" name="EnterpriseSecurityService &gt; Risk Assessment &gt; assessRisk() &gt; should return risk assessment for PII presence" time="0.000087667">
        </testcase>
        <testcase classname="tests/backend/ai/enterpriseSecurity.test.js" name="EnterpriseSecurityService &gt; Risk Assessment &gt; assessRisk() &gt; should return LOW risk for safe content" time="0.000045583">
        </testcase>
        <testcase classname="tests/backend/ai/enterpriseSecurity.test.js" name="EnterpriseSecurityService &gt; Risk Assessment &gt; assessRisk() &gt; should check both request and response" time="0.00003775">
        </testcase>
        <testcase classname="tests/backend/ai/enterpriseSecurity.test.js" name="EnterpriseSecurityService &gt; Risk Assessment &gt; assessRisk() &gt; should handle Polish keywords" time="0.000067333">
        </testcase>
        <testcase classname="tests/backend/ai/enterpriseSecurity.test.js" name="EnterpriseSecurityService &gt; Audit Logging &gt; logAudit() &gt; should add entry to audit buffer" time="0.000258458">
        </testcase>
        <testcase classname="tests/backend/ai/enterpriseSecurity.test.js" name="EnterpriseSecurityService &gt; Audit Logging &gt; logAudit() &gt; should sanitize PII in request and response" time="0.000103417">
        </testcase>
        <testcase classname="tests/backend/ai/enterpriseSecurity.test.js" name="EnterpriseSecurityService &gt; Audit Logging &gt; logAudit() &gt; should assess and store risk level" time="0.000227375">
            <system-err>
[2025-12-30T10:21:04.694Z] [WARN] [AI:EnterpriseSecurity] Flagged AI request: Destructive action requested (user: user-1)

            </system-err>
        </testcase>
        <testcase classname="tests/backend/ai/enterpriseSecurity.test.js" name="EnterpriseSecurityService &gt; Audit Logging &gt; logAudit() &gt; should generate unique ID for each entry" time="0.00014625">
        </testcase>
        <testcase classname="tests/backend/ai/enterpriseSecurity.test.js" name="EnterpriseSecurityService &gt; Audit Logging &gt; logAudit() &gt; should add timestamp to each entry" time="0.000098417">
        </testcase>
        <testcase classname="tests/backend/ai/enterpriseSecurity.test.js" name="EnterpriseSecurityService &gt; Rate Limiting &gt; getTimeWindow() &gt; should return correct window for per_minute" time="0.000049334">
        </testcase>
        <testcase classname="tests/backend/ai/enterpriseSecurity.test.js" name="EnterpriseSecurityService &gt; Rate Limiting &gt; getTimeWindow() &gt; should return correct window for per_hour" time="0.000033792">
        </testcase>
        <testcase classname="tests/backend/ai/enterpriseSecurity.test.js" name="EnterpriseSecurityService &gt; Rate Limiting &gt; getTimeWindow() &gt; should return correct window for per_day" time="0.00003775">
        </testcase>
        <testcase classname="tests/backend/ai/enterpriseSecurity.test.js" name="EnterpriseSecurityService &gt; Rate Limiting &gt; getTimeWindow() &gt; should return correct window for per_month" time="0.000029167">
        </testcase>
        <testcase classname="tests/backend/ai/enterpriseSecurity.test.js" name="EnterpriseSecurityService &gt; Rate Limiting &gt; getTimeWindow() &gt; should default to per_day for unknown type" time="0.000038875">
        </testcase>
        <testcase classname="tests/backend/ai/enterpriseSecurity.test.js" name="EnterpriseSecurityService &gt; Rate Limiting &gt; getResetTime() &gt; should return future time for per_minute" time="0.000087084">
        </testcase>
        <testcase classname="tests/backend/ai/enterpriseSecurity.test.js" name="EnterpriseSecurityService &gt; Rate Limiting &gt; getResetTime() &gt; should return future time for per_hour" time="0.000053459">
        </testcase>
        <testcase classname="tests/backend/ai/enterpriseSecurity.test.js" name="EnterpriseSecurityService &gt; Rate Limiting &gt; getResetTime() &gt; should return midnight for per_day" time="0.000045291">
        </testcase>
        <testcase classname="tests/backend/ai/enterpriseSecurity.test.js" name="EnterpriseSecurityService &gt; Rate Limiting &gt; getResetTime() &gt; should return first of next month for per_month" time="0.000040333">
        </testcase>
        <testcase classname="tests/backend/ai/enterpriseSecurity.test.js" name="EnterpriseSecurityService &gt; Rate Limiting &gt; checkRateLimit() &gt; should return a result object" time="0.000165083">
        </testcase>
        <testcase classname="tests/backend/ai/enterpriseSecurity.test.js" name="EnterpriseSecurityService &gt; PII_PATTERNS &gt; should export valid regex patterns" time="0.000073709">
        </testcase>
        <testcase classname="tests/backend/ai/enterpriseSecurity.test.js" name="EnterpriseSecurityService &gt; RISK_RULES &gt; should export valid risk rules" time="0.000059792">
        </testcase>
        <testcase classname="tests/backend/ai/enterpriseSecurity.test.js" name="EnterpriseSecurityService &gt; RISK_RULES &gt; should have pattern and reason for each rule" time="0.000086833">
        </testcase>
    </testsuite>
    <testsuite name="tests/backend/ai/learningSystem.test.js" timestamp="2025-12-30T10:21:04.753Z" hostname="MacBook-Pro-Piotr.local" tests="26" failures="0" errors="0" skipped="0" time="0.132682875">
        <testcase classname="tests/backend/ai/learningSystem.test.js" name="LearningSystem &gt; hashPrompt() &gt; should create consistent hash for same prompts" time="0.000709583">
        </testcase>
        <testcase classname="tests/backend/ai/learningSystem.test.js" name="LearningSystem &gt; hashPrompt() &gt; should normalize case differences" time="0.000124958">
        </testcase>
        <testcase classname="tests/backend/ai/learningSystem.test.js" name="LearningSystem &gt; hashPrompt() &gt; should normalize whitespace" time="0.000140375">
        </testcase>
        <testcase classname="tests/backend/ai/learningSystem.test.js" name="LearningSystem &gt; hashPrompt() &gt; should normalize numbers" time="0.000119333">
        </testcase>
        <testcase classname="tests/backend/ai/learningSystem.test.js" name="LearningSystem &gt; hashPrompt() &gt; should return different hashes for different prompts" time="0.000354916">
        </testcase>
        <testcase classname="tests/backend/ai/learningSystem.test.js" name="LearningSystem &gt; hashPrompt() &gt; should handle empty prompts" time="0.000082083">
        </testcase>
        <testcase classname="tests/backend/ai/learningSystem.test.js" name="LearningSystem &gt; hashPrompt() &gt; should return string hash" time="0.000050917">
        </testcase>
        <testcase classname="tests/backend/ai/learningSystem.test.js" name="LearningSystem &gt; recordInteraction() &gt; should record interaction without errors" time="0.001008125">
            <system-out>
[2025-12-30T10:21:04.691Z] [INFO] [AI:LearningSystem] Updated patterns for org-1:chat

            </system-out>
        </testcase>
        <testcase classname="tests/backend/ai/learningSystem.test.js" name="LearningSystem &gt; recordInteraction() &gt; should handle missing optional fields" time="0.000368125">
            <system-out>
[2025-12-30T10:21:04.692Z] [INFO] [AI:LearningSystem] Updated patterns for org-1:chat

            </system-out>
        </testcase>
        <testcase classname="tests/backend/ai/learningSystem.test.js" name="LearningSystem &gt; recordInteraction() &gt; should handle feedback data" time="0.000350333">
            <system-out>
[2025-12-30T10:21:04.692Z] [INFO] [AI:LearningSystem] Updated patterns for org-1:analysis

            </system-out>
        </testcase>
        <testcase classname="tests/backend/ai/learningSystem.test.js" name="LearningSystem &gt; getPatterns() &gt; should return patterns structure" time="0.00024275">
        </testcase>
        <testcase classname="tests/backend/ai/learningSystem.test.js" name="LearningSystem &gt; getPromptSuggestions() &gt; should return no suggestions when confidence is low" time="0.000398458">
        </testcase>
        <testcase classname="tests/backend/ai/learningSystem.test.js" name="LearningSystem &gt; getPromptSuggestions() &gt; should generate suggestions for failed patterns" time="0.000200292">
        </testcase>
        <testcase classname="tests/backend/ai/learningSystem.test.js" name="LearningSystem &gt; getPromptSuggestions() &gt; should generate suggestions for successful patterns" time="0.00015425">
        </testcase>
        <testcase classname="tests/backend/ai/learningSystem.test.js" name="LearningSystem &gt; getPromptSuggestions() &gt; should calculate improvement potential" time="0.000077167">
        </testcase>
        <testcase classname="tests/backend/ai/learningSystem.test.js" name="LearningSystem &gt; getAnalytics() &gt; should return analytics object" time="0.000191041">
        </testcase>
        <testcase classname="tests/backend/ai/learningSystem.test.js" name="LearningSystem &gt; getAnalytics() &gt; should return organization-specific analytics" time="0.000112042">
        </testcase>
        <testcase classname="tests/backend/ai/learningSystem.test.js" name="LearningSystem &gt; getAnalytics() &gt; should return global analytics when no org specified" time="0.000093375">
        </testcase>
        <testcase classname="tests/backend/ai/learningSystem.test.js" name="LearningSystem &gt; applyLearning() &gt; should not modify prompt when confidence is low" time="0.000068708">
        </testcase>
        <testcase classname="tests/backend/ai/learningSystem.test.js" name="LearningSystem &gt; applyLearning() &gt; should enhance prompt when confidence is high" time="0.000072083">
        </testcase>
        <testcase classname="tests/backend/ai/learningSystem.test.js" name="LearningSystem &gt; applyLearning() &gt; should not add context when no successful patterns" time="0.000049666">
        </testcase>
        <testcase classname="tests/backend/ai/learningSystem.test.js" name="LearningSystem &gt; Configuration &gt; should have default learning rate" time="0.000031167">
        </testcase>
        <testcase classname="tests/backend/ai/learningSystem.test.js" name="LearningSystem &gt; Configuration &gt; should have minimum samples threshold" time="0.000037875">
        </testcase>
        <testcase classname="tests/backend/ai/learningSystem.test.js" name="LearningSystem &gt; Configuration &gt; should initialize with empty patterns" time="0.000053542">
        </testcase>
        <testcase classname="tests/backend/ai/learningSystem.test.js" name="LearningSystem &gt; maybeExtractPatterns() &gt; should handle pattern extraction gracefully" time="0.000227709">
            <system-out>
[2025-12-30T10:21:04.694Z] [INFO] [AI:LearningSystem] Updated patterns for org-1:chat

            </system-out>
        </testcase>
        <testcase classname="tests/backend/ai/learningSystem.test.js" name="LearningSystem &gt; storePatterns() &gt; should store patterns without errors" time="0.000117417">
            <system-out>
[2025-12-30T10:21:04.695Z] [INFO] [AI:LearningSystem] Updated patterns for org-1:chat

            </system-out>
        </testcase>
    </testsuite>
    <testsuite name="tests/backend/ai/memoryManager.test.js" timestamp="2025-12-30T10:21:04.754Z" hostname="MacBook-Pro-Piotr.local" tests="45" failures="0" errors="0" skipped="0" time="0.146434708">
        <testcase classname="tests/backend/ai/memoryManager.test.js" name="MemoryManager &gt; retrieve() &gt; should retrieve from all default layers" time="0.002107167">
            <system-out>
[2025-12-30T10:21:04.716Z] [DEBUG] [AI:MemoryManager] Retrieving from layers: session, project, organization, knowledge

[2025-12-30T10:21:04.717Z] [DEBUG] [AI:MemoryManager] Retrieved 0 chunks in 1ms

            </system-out>
            <system-err>
[2025-12-30T10:21:04.716Z] [ERROR] [AI:OrgMemoryStore] Search error: OpenAI API key not configured

[2025-12-30T10:21:04.717Z] [WARN] [AI:MemoryManager] Layer knowledge retrieval failed: OpenAI API key not configured

            </system-err>
        </testcase>
        <testcase classname="tests/backend/ai/memoryManager.test.js" name="MemoryManager &gt; retrieve() &gt; should handle missing optional parameters" time="0.000283292">
            <system-out>
[2025-12-30T10:21:04.718Z] [DEBUG] [AI:MemoryManager] Retrieving from layers: session, project, organization, knowledge

[2025-12-30T10:21:04.718Z] [DEBUG] [AI:MemoryManager] Retrieved 0 chunks in 0ms

            </system-out>
            <system-err>
[2025-12-30T10:21:04.718Z] [WARN] [AI:MemoryManager] Layer knowledge retrieval failed: OpenAI API key not configured

            </system-err>
        </testcase>
        <testcase classname="tests/backend/ai/memoryManager.test.js" name="MemoryManager &gt; retrieve() &gt; should include external layer when requested" time="0.000220584">
            <system-out>
[2025-12-30T10:21:04.718Z] [DEBUG] [AI:MemoryManager] Retrieving from layers: session, project, organization, knowledge, external

[2025-12-30T10:21:04.718Z] [DEBUG] [AI:MemoryManager] Retrieved 0 chunks in 0ms

            </system-out>
            <system-err>
[2025-12-30T10:21:04.718Z] [WARN] [AI:MemoryManager] Layer knowledge retrieval failed: OpenAI API key not configured

            </system-err>
        </testcase>
        <testcase classname="tests/backend/ai/memoryManager.test.js" name="MemoryManager &gt; retrieve() &gt; should respect maxTokens limit" time="0.000170667">
            <system-out>
[2025-12-30T10:21:04.718Z] [DEBUG] [AI:MemoryManager] Retrieving from layers: session, project, organization, knowledge

[2025-12-30T10:21:04.718Z] [DEBUG] [AI:MemoryManager] Retrieved 0 chunks in 0ms

            </system-out>
            <system-err>
[2025-12-30T10:21:04.718Z] [WARN] [AI:MemoryManager] Layer knowledge retrieval failed: OpenAI API key not configured

            </system-err>
        </testcase>
        <testcase classname="tests/backend/ai/memoryManager.test.js" name="MemoryManager &gt; retrieve() &gt; should return query in result" time="0.000310708">
            <system-out>
[2025-12-30T10:21:04.718Z] [DEBUG] [AI:MemoryManager] Retrieving from layers: session, project, organization, knowledge

[2025-12-30T10:21:04.718Z] [DEBUG] [AI:MemoryManager] Retrieved 0 chunks in 0ms

            </system-out>
            <system-err>
[2025-12-30T10:21:04.718Z] [WARN] [AI:MemoryManager] Layer knowledge retrieval failed: OpenAI API key not configured

            </system-err>
        </testcase>
        <testcase classname="tests/backend/ai/memoryManager.test.js" name="MemoryManager &gt; recordIfSignificant() &gt; should not record when significance is below threshold" time="0.000163416">
        </testcase>
        <testcase classname="tests/backend/ai/memoryManager.test.js" name="MemoryManager &gt; recordIfSignificant() &gt; should record when significance meets threshold" time="0.000325209">
            <system-out>
[2025-12-30T10:21:04.719Z] [DEBUG] [AI:ProjectMemoryStore] Added memory 1978906f-0819-451e-a7ef-d58743945ad4 to project proj-1

            </system-out>
        </testcase>
        <testcase classname="tests/backend/ai/memoryManager.test.js" name="MemoryManager &gt; recordIfSignificant() &gt; should add to project memory for high significance" time="0.00043125">
            <system-out>
[2025-12-30T10:21:04.719Z] [DEBUG] [AI:ProjectMemoryStore] Added memory 5c6e28bd-2927-4235-be2e-6aa065e4a214 to project proj-1

            </system-out>
        </testcase>
        <testcase classname="tests/backend/ai/memoryManager.test.js" name="MemoryManager &gt; recordIfSignificant() &gt; should always update session" time="0.000109583">
        </testcase>
        <testcase classname="tests/backend/ai/memoryManager.test.js" name="MemoryManager &gt; recordDecision() &gt; should delegate to project store" time="0.000266333">
            <system-out>
[2025-12-30T10:21:04.720Z] [DEBUG] [AI:ProjectMemoryStore] Added memory 97b45d1e-a76a-49da-bffd-b676c5e5fe49 to project proj-1

            </system-out>
        </testcase>
        <testcase classname="tests/backend/ai/memoryManager.test.js" name="MemoryManager &gt; recordLearning() &gt; should delegate to project store" time="0.000197833">
            <system-out>
[2025-12-30T10:21:04.720Z] [DEBUG] [AI:ProjectMemoryStore] Added memory f4a8e3e0-fa98-41f8-8311-ca2f8e613780 to project proj-1

            </system-out>
        </testcase>
        <testcase classname="tests/backend/ai/memoryManager.test.js" name="MemoryManager &gt; serializeForPrompt() &gt; should return empty string for empty result" time="0.000063667">
        </testcase>
        <testcase classname="tests/backend/ai/memoryManager.test.js" name="MemoryManager &gt; serializeForPrompt() &gt; should return empty string for null result" time="0.000040666">
        </testcase>
        <testcase classname="tests/backend/ai/memoryManager.test.js" name="MemoryManager &gt; serializeForPrompt() &gt; should format project context" time="0.000047375">
        </testcase>
        <testcase classname="tests/backend/ai/memoryManager.test.js" name="MemoryManager &gt; serializeForPrompt() &gt; should format organization patterns" time="0.00005475">
        </testcase>
        <testcase classname="tests/backend/ai/memoryManager.test.js" name="MemoryManager &gt; serializeForPrompt() &gt; should format knowledge base" time="0.000041208">
        </testcase>
        <testcase classname="tests/backend/ai/memoryManager.test.js" name="MemoryManager &gt; serializeForPrompt() &gt; should format external research" time="0.00004275">
        </testcase>
        <testcase classname="tests/backend/ai/memoryManager.test.js" name="MemoryManager &gt; serializeForPrompt() &gt; should combine multiple layers" time="0.000055458">
        </testcase>
        <testcase classname="tests/backend/ai/memoryManager.test.js" name="MemoryManager &gt; getStats() &gt; should return stats structure" time="0.000314291">
        </testcase>
        <testcase classname="tests/backend/ai/memoryManager.test.js" name="MemoryManager &gt; getStats() &gt; should mark session as always available" time="0.000034833">
        </testcase>
        <testcase classname="tests/backend/ai/memoryManager.test.js" name="MemoryManager &gt; getStats() &gt; should mark project as available when projectId provided" time="0.000105875">
        </testcase>
        <testcase classname="tests/backend/ai/memoryManager.test.js" name="MemoryManager &gt; getStats() &gt; should mark project as unavailable without projectId" time="0.000034375">
        </testcase>
        <testcase classname="tests/backend/ai/memoryManager.test.js" name="MemoryManager &gt; _estimateTokens() &gt; should estimate tokens based on character count" time="0.000066958">
        </testcase>
        <testcase classname="tests/backend/ai/memoryManager.test.js" name="MemoryManager &gt; _estimateTokens() &gt; should handle empty chunks" time="0.000029292">
        </testcase>
        <testcase classname="tests/backend/ai/memoryManager.test.js" name="MemoryManager &gt; _estimateTokens() &gt; should handle chunks with no content" time="0.000034583">
        </testcase>
        <testcase classname="tests/backend/ai/memoryManager.test.js" name="MemoryManager &gt; _mergeAndRank() &gt; should sort by weighted relevance" time="0.000058459">
        </testcase>
        <testcase classname="tests/backend/ai/memoryManager.test.js" name="MemoryManager &gt; _mergeAndRank() &gt; should respect token limit" time="0.000040875">
        </testcase>
        <testcase classname="tests/backend/ai/memoryManager.test.js" name="MemoryManager &gt; _summarizeSources() &gt; should count chunks per layer" time="0.000039792">
        </testcase>
        <testcase classname="tests/backend/ai/memoryManager.test.js" name="MemoryManager &gt; _summarizeSources() &gt; should include error if present" time="0.000034625">
        </testcase>
        <testcase classname="tests/backend/ai/memoryManager.test.js" name="SessionMemoryStore &gt; addMessage() &gt; should add message to session" time="0.000067375">
        </testcase>
        <testcase classname="tests/backend/ai/memoryManager.test.js" name="SessionMemoryStore &gt; addMessage() &gt; should create new session if none exists" time="0.000031375">
        </testcase>
        <testcase classname="tests/backend/ai/memoryManager.test.js" name="SessionMemoryStore &gt; addMessage() &gt; should limit messages to 50" time="0.00006975">
        </testcase>
        <testcase classname="tests/backend/ai/memoryManager.test.js" name="SessionMemoryStore &gt; getRecentContext() &gt; should return empty array for unknown user" time="0.000215">
        </testcase>
        <testcase classname="tests/backend/ai/memoryManager.test.js" name="SessionMemoryStore &gt; getRecentContext() &gt; should respect limit parameter" time="0.000045166">
        </testcase>
        <testcase classname="tests/backend/ai/memoryManager.test.js" name="SessionMemoryStore &gt; getRecentContext() &gt; should return chunks with proper format" time="0.000207708">
        </testcase>
        <testcase classname="tests/backend/ai/memoryManager.test.js" name="SessionMemoryStore &gt; clearSession() &gt; should remove session" time="0.000047083">
        </testcase>
        <testcase classname="tests/backend/ai/memoryManager.test.js" name="SessionMemoryStore &gt; clearSession() &gt; should handle non-existent session" time="0.000345875">
        </testcase>
        <testcase classname="tests/backend/ai/memoryManager.test.js" name="SessionMemoryStore &gt; cleanup() &gt; should remove expired sessions" time="0.000054875">
        </testcase>
        <testcase classname="tests/backend/ai/memoryManager.test.js" name="SessionMemoryStore &gt; cleanup() &gt; should keep non-expired sessions" time="0.000030417">
        </testcase>
        <testcase classname="tests/backend/ai/memoryManager.test.js" name="SessionMemoryStore &gt; TTL behavior &gt; should return empty for expired session" time="0.000037459">
        </testcase>
        <testcase classname="tests/backend/ai/memoryManager.test.js" name="SessionMemoryStore &gt; TTL behavior &gt; should extend TTL on new message" time="0.01000625">
        </testcase>
        <testcase classname="tests/backend/ai/memoryManager.test.js" name="LAYER_CONFIG &gt; should export layer configuration" time="0.000123917">
        </testcase>
        <testcase classname="tests/backend/ai/memoryManager.test.js" name="LAYER_CONFIG &gt; should have correct weights" time="0.000077042">
        </testcase>
        <testcase classname="tests/backend/ai/memoryManager.test.js" name="LAYER_CONFIG &gt; should have external layer disabled by default" time="0.000029625">
        </testcase>
        <testcase classname="tests/backend/ai/memoryManager.test.js" name="LAYER_CONFIG &gt; should have session TTL configured" time="0.0000295">
        </testcase>
    </testsuite>
    <testsuite name="tests/backend/ai/qualityChecker.test.js" timestamp="2025-12-30T10:21:04.757Z" hostname="MacBook-Pro-Piotr.local" tests="30" failures="0" errors="0" skipped="0" time="0.165796084">
        <testcase classname="tests/backend/ai/qualityChecker.test.js" name="QualityChecker &gt; check() &gt; should pass a high-quality response" time="0.001530416">
            <system-out>
[2025-12-30T10:21:04.688Z] [DEBUG] [AI:QualityChecker] Check PASSED: score=0.95

            </system-out>
        </testcase>
        <testcase classname="tests/backend/ai/qualityChecker.test.js" name="QualityChecker &gt; check() &gt; should flag low-quality responses" time="0.000585958">
            <system-out>
[2025-12-30T10:21:04.689Z] [DEBUG] [AI:QualityChecker] Check FAILED: score=0.8

            </system-out>
        </testcase>
        <testcase classname="tests/backend/ai/qualityChecker.test.js" name="QualityChecker &gt; check() &gt; should work without context" time="0.000149958">
            <system-out>
[2025-12-30T10:21:04.690Z] [DEBUG] [AI:QualityChecker] Check PASSED: score=0.97

            </system-out>
        </testcase>
        <testcase classname="tests/backend/ai/qualityChecker.test.js" name="QualityChecker &gt; checkHallucination() &gt; should detect potential hallucinations with statistics" time="0.00031525">
        </testcase>
        <testcase classname="tests/backend/ai/qualityChecker.test.js" name="QualityChecker &gt; checkHallucination() &gt; should pass clean content" time="0.000076167">
        </testcase>
        <testcase classname="tests/backend/ai/qualityChecker.test.js" name="QualityChecker &gt; checkHallucination() &gt; should flag vague research claims" time="0.000051791">
        </testcase>
        <testcase classname="tests/backend/ai/qualityChecker.test.js" name="QualityChecker &gt; checkHallucination() &gt; should flag unsupported date claims" time="0.000041459">
        </testcase>
        <testcase classname="tests/backend/ai/qualityChecker.test.js" name="QualityChecker &gt; checkCitations() &gt; should flag content that needs citations but has none" time="0.000059375">
        </testcase>
        <testcase classname="tests/backend/ai/qualityChecker.test.js" name="QualityChecker &gt; checkCitations() &gt; should pass content with citations" time="0.00004825">
        </testcase>
        <testcase classname="tests/backend/ai/qualityChecker.test.js" name="QualityChecker &gt; checkCitations() &gt; should pass content that does not need citations" time="0.000062083">
        </testcase>
        <testcase classname="tests/backend/ai/qualityChecker.test.js" name="QualityChecker &gt; checkRelevance() &gt; should detect high relevance" time="0.000078125">
        </testcase>
        <testcase classname="tests/backend/ai/qualityChecker.test.js" name="QualityChecker &gt; checkRelevance() &gt; should detect low relevance" time="0.000057375">
        </testcase>
        <testcase classname="tests/backend/ai/qualityChecker.test.js" name="QualityChecker &gt; checkRelevance() &gt; should handle missing context gracefully" time="0.000035708">
        </testcase>
        <testcase classname="tests/backend/ai/qualityChecker.test.js" name="QualityChecker &gt; checkLength() &gt; should flag too short responses" time="0.000301583">
        </testcase>
        <testcase classname="tests/backend/ai/qualityChecker.test.js" name="QualityChecker &gt; checkLength() &gt; should accept appropriate length responses" time="0.000040917">
        </testcase>
        <testcase classname="tests/backend/ai/qualityChecker.test.js" name="QualityChecker &gt; checkLength() &gt; should handle missing context" time="0.000031083">
        </testcase>
        <testcase classname="tests/backend/ai/qualityChecker.test.js" name="QualityChecker &gt; checkStructure() &gt; should validate report structure" time="0.000052209">
        </testcase>
        <testcase classname="tests/backend/ai/qualityChecker.test.js" name="QualityChecker &gt; checkStructure() &gt; should flag incomplete responses" time="0.000040667">
        </testcase>
        <testcase classname="tests/backend/ai/qualityChecker.test.js" name="QualityChecker &gt; checkStructure() &gt; should validate JSON structure" time="0.000042875">
        </testcase>
        <testcase classname="tests/backend/ai/qualityChecker.test.js" name="QualityChecker &gt; checkStructure() &gt; should flag invalid JSON" time="0.000070917">
        </testcase>
        <testcase classname="tests/backend/ai/qualityChecker.test.js" name="QualityChecker &gt; checkLanguageQuality() &gt; should detect repetitive content" time="0.000068333">
        </testcase>
        <testcase classname="tests/backend/ai/qualityChecker.test.js" name="QualityChecker &gt; checkLanguageQuality() &gt; should flag placeholder text" time="0.000047292">
        </testcase>
        <testcase classname="tests/backend/ai/qualityChecker.test.js" name="QualityChecker &gt; checkLanguageQuality() &gt; should pass clean content" time="0.0000345">
        </testcase>
        <testcase classname="tests/backend/ai/qualityChecker.test.js" name="QualityChecker &gt; extractKeywords() &gt; should extract meaningful keywords" time="0.000126709">
        </testcase>
        <testcase classname="tests/backend/ai/qualityChecker.test.js" name="QualityChecker &gt; extractKeywords() &gt; should handle Polish text" time="0.000111541">
        </testcase>
        <testcase classname="tests/backend/ai/qualityChecker.test.js" name="QualityChecker &gt; extractKeywords() &gt; should handle empty text" time="0.000074167">
        </testcase>
        <testcase classname="tests/backend/ai/qualityChecker.test.js" name="QualityChecker &gt; collectWarnings() &gt; should collect warnings from failed checks" time="0.000052333">
        </testcase>
        <testcase classname="tests/backend/ai/qualityChecker.test.js" name="QualityChecker &gt; collectWarnings() &gt; should return empty array when all checks pass" time="0.000032542">
        </testcase>
        <testcase classname="tests/backend/ai/qualityChecker.test.js" name="QualityChecker &gt; getStats() &gt; should return statistics" time="0.00004925">
        </testcase>
        <testcase classname="tests/backend/ai/qualityChecker.test.js" name="QualityChecker &gt; getStats() &gt; should handle zero checks" time="0.000026292">
        </testcase>
    </testsuite>
</testsuites>
