<?xml version="1.0" encoding="UTF-8" ?>
<testsuites name="vitest tests" tests="1096" failures="127" errors="0" time="30.805815242">
    <testsuite name="tests/unit/actionProposalEngine.test.js" timestamp="2025-12-21T08:31:14.309Z" hostname="MacBook-Pro-Piotr.local" tests="6" failures="0" errors="0" skipped="0" time="0.184272958">
        <testcase classname="tests/unit/actionProposalEngine.test.js" name="ActionProposalEngine &gt; should generate proposals for USER_AT_RISK" time="0.006440083">
        </testcase>
        <testcase classname="tests/unit/actionProposalEngine.test.js" name="ActionProposalEngine &gt; should generate proposals for BLOCKED_INITIATIVE" time="0.000165209">
        </testcase>
        <testcase classname="tests/unit/actionProposalEngine.test.js" name="ActionProposalEngine &gt; should generate proposals for STRONG_TEAM_MEMBER" time="0.000140291">
        </testcase>
        <testcase classname="tests/unit/actionProposalEngine.test.js" name="ActionProposalEngine &gt; should be deterministic (return same output for same input)" time="0.000144458">
        </testcase>
        <testcase classname="tests/unit/actionProposalEngine.test.js" name="ActionProposalEngine &gt; should return sorted proposals by proposal_id" time="0.000283">
        </testcase>
        <testcase classname="tests/unit/actionProposalEngine.test.js" name="ActionProposalEngine &gt; should adhere to the mandatory output model" time="0.000346291">
        </testcase>
    </testsuite>
    <testsuite name="tests/unit/aiPlaybookRoutingEngine.test.js" timestamp="2025-12-21T08:31:14.310Z" hostname="MacBook-Pro-Piotr.local" tests="29" failures="0" errors="0" skipped="0" time="0.137688334">
        <testcase classname="tests/unit/aiPlaybookRoutingEngine.test.js" name="AIPlaybookRoutingEngine &gt; evaluateCondition &gt; metric_lte &gt; should match when metric is less than threshold" time="0.000659042">
        </testcase>
        <testcase classname="tests/unit/aiPlaybookRoutingEngine.test.js" name="AIPlaybookRoutingEngine &gt; evaluateCondition &gt; metric_lte &gt; should match when metric equals threshold" time="0.000077958">
        </testcase>
        <testcase classname="tests/unit/aiPlaybookRoutingEngine.test.js" name="AIPlaybookRoutingEngine &gt; evaluateCondition &gt; metric_lte &gt; should not match when metric is greater than threshold" time="0.000066125">
        </testcase>
        <testcase classname="tests/unit/aiPlaybookRoutingEngine.test.js" name="AIPlaybookRoutingEngine &gt; evaluateCondition &gt; metric_lte &gt; should not match when metric is not found" time="0.000074625">
        </testcase>
        <testcase classname="tests/unit/aiPlaybookRoutingEngine.test.js" name="AIPlaybookRoutingEngine &gt; evaluateCondition &gt; metric_lte &gt; should return false for invalid format" time="0.000073083">
        </testcase>
        <testcase classname="tests/unit/aiPlaybookRoutingEngine.test.js" name="AIPlaybookRoutingEngine &gt; evaluateCondition &gt; metric_gte &gt; should match when metric is greater than threshold" time="0.000058584">
        </testcase>
        <testcase classname="tests/unit/aiPlaybookRoutingEngine.test.js" name="AIPlaybookRoutingEngine &gt; evaluateCondition &gt; metric_gte &gt; should match when metric equals threshold" time="0.000047541">
        </testcase>
        <testcase classname="tests/unit/aiPlaybookRoutingEngine.test.js" name="AIPlaybookRoutingEngine &gt; evaluateCondition &gt; metric_gte &gt; should not match when metric is less than threshold" time="0.000042167">
        </testcase>
        <testcase classname="tests/unit/aiPlaybookRoutingEngine.test.js" name="AIPlaybookRoutingEngine &gt; evaluateCondition &gt; flag_eq &gt; should match when flag equals expected value" time="0.000058458">
        </testcase>
        <testcase classname="tests/unit/aiPlaybookRoutingEngine.test.js" name="AIPlaybookRoutingEngine &gt; evaluateCondition &gt; flag_eq &gt; should not match when flag does not equal expected value" time="0.000060167">
        </testcase>
        <testcase classname="tests/unit/aiPlaybookRoutingEngine.test.js" name="AIPlaybookRoutingEngine &gt; evaluateCondition &gt; flag_eq &gt; should work with string values" time="0.000047709">
        </testcase>
        <testcase classname="tests/unit/aiPlaybookRoutingEngine.test.js" name="AIPlaybookRoutingEngine &gt; evaluateCondition &gt; has_open_tasks &gt; should match when open tasks exist and condition is true" time="0.000049416">
        </testcase>
        <testcase classname="tests/unit/aiPlaybookRoutingEngine.test.js" name="AIPlaybookRoutingEngine &gt; evaluateCondition &gt; has_open_tasks &gt; should match when no open tasks and condition is false" time="0.000036334">
        </testcase>
        <testcase classname="tests/unit/aiPlaybookRoutingEngine.test.js" name="AIPlaybookRoutingEngine &gt; evaluateCondition &gt; has_open_tasks &gt; should recognize in_progress as open" time="0.000036542">
        </testcase>
        <testcase classname="tests/unit/aiPlaybookRoutingEngine.test.js" name="AIPlaybookRoutingEngine &gt; evaluateCondition &gt; has_open_tasks &gt; should recognize PENDING as open" time="0.000057458">
        </testcase>
        <testcase classname="tests/unit/aiPlaybookRoutingEngine.test.js" name="AIPlaybookRoutingEngine &gt; evaluateCondition &gt; signal_present &gt; should match when signal is present" time="0.000048667">
        </testcase>
        <testcase classname="tests/unit/aiPlaybookRoutingEngine.test.js" name="AIPlaybookRoutingEngine &gt; evaluateCondition &gt; signal_present &gt; should not match when signal is not present" time="0.000030083">
        </testcase>
        <testcase classname="tests/unit/aiPlaybookRoutingEngine.test.js" name="AIPlaybookRoutingEngine &gt; evaluateCondition &gt; signal_present &gt; should handle simple string signals" time="0.000042875">
        </testcase>
        <testcase classname="tests/unit/aiPlaybookRoutingEngine.test.js" name="AIPlaybookRoutingEngine &gt; evaluateCondition &gt; time_since_step_gte &gt; should match when enough time has passed" time="0.000157875">
        </testcase>
        <testcase classname="tests/unit/aiPlaybookRoutingEngine.test.js" name="AIPlaybookRoutingEngine &gt; evaluateCondition &gt; time_since_step_gte &gt; should not match when not enough time has passed" time="0.000044417">
        </testcase>
        <testcase classname="tests/unit/aiPlaybookRoutingEngine.test.js" name="AIPlaybookRoutingEngine &gt; evaluateCondition &gt; time_since_step_gte &gt; should not match when step timestamp not found" time="0.00003975">
        </testcase>
        <testcase classname="tests/unit/aiPlaybookRoutingEngine.test.js" name="AIPlaybookRoutingEngine &gt; evaluateCondition &gt; unknown conditions &gt; should fail safely for unknown condition type" time="0.000153708">
            <system-err>
[AIPlaybookRoutingEngine] Unknown condition type: unknown_condition

            </system-err>
        </testcase>
        <testcase classname="tests/unit/aiPlaybookRoutingEngine.test.js" name="AIPlaybookRoutingEngine &gt; evaluateCondition &gt; unknown conditions &gt; should fail safely for empty condition" time="0.000038708">
        </testcase>
        <testcase classname="tests/unit/aiPlaybookRoutingEngine.test.js" name="AIPlaybookRoutingEngine &gt; evaluateRouting &gt; should select first matching rule in first_match mode" time="0.000125708">
        </testcase>
        <testcase classname="tests/unit/aiPlaybookRoutingEngine.test.js" name="AIPlaybookRoutingEngine &gt; evaluateRouting &gt; should use else_goto when no rules match" time="0.000042417">
        </testcase>
        <testcase classname="tests/unit/aiPlaybookRoutingEngine.test.js" name="AIPlaybookRoutingEngine &gt; evaluateRouting &gt; should return null when no rules match and no else_goto" time="0.000046959">
        </testcase>
        <testcase classname="tests/unit/aiPlaybookRoutingEngine.test.js" name="AIPlaybookRoutingEngine &gt; evaluateRouting &gt; should use linear flow when no branch_rules defined" time="0.000031666">
        </testcase>
        <testcase classname="tests/unit/aiPlaybookRoutingEngine.test.js" name="AIPlaybookRoutingEngine &gt; evaluateRouting &gt; should record evaluation trace" time="0.00033875">
        </testcase>
        <testcase classname="tests/unit/aiPlaybookRoutingEngine.test.js" name="AIPlaybookRoutingEngine &gt; evaluateRouting &gt; should skip rules with invalid conditions" time="0.000047125">
        </testcase>
    </testsuite>
    <testsuite name="tests/unit/aiResponsePostProcessor.test.js" timestamp="2025-12-21T08:31:14.311Z" hostname="MacBook-Pro-Piotr.local" tests="20" failures="0" errors="0" skipped="0" time="0.246556958">
        <testcase classname="tests/unit/aiResponsePostProcessor.test.js" name="aiResponsePostProcessor &gt; Memory Prefix &gt; should add memory prefix when memory count &gt; 0" time="0.000494416">
        </testcase>
        <testcase classname="tests/unit/aiResponsePostProcessor.test.js" name="aiResponsePostProcessor &gt; Memory Prefix &gt; should NOT add memory prefix when memory count is 0" time="0.000136459">
        </testcase>
        <testcase classname="tests/unit/aiResponsePostProcessor.test.js" name="aiResponsePostProcessor &gt; Memory Prefix &gt; should NOT duplicate memory prefix if already present" time="0.000068625">
        </testcase>
        <testcase classname="tests/unit/aiResponsePostProcessor.test.js" name="aiResponsePostProcessor &gt; External Sources Prefix &gt; should add external prefix when external sources are used" time="0.000072916">
        </testcase>
        <testcase classname="tests/unit/aiResponsePostProcessor.test.js" name="aiResponsePostProcessor &gt; External Sources Prefix &gt; should NOT add external prefix when no external sources" time="0.000066125">
        </testcase>
        <testcase classname="tests/unit/aiResponsePostProcessor.test.js" name="aiResponsePostProcessor &gt; External Sources Prefix &gt; should NOT duplicate external prefix if already present" time="0.000056917">
        </testcase>
        <testcase classname="tests/unit/aiResponsePostProcessor.test.js" name="aiResponsePostProcessor &gt; Combined Prefixes &gt; should add both prefixes when both memory and external sources exist" time="0.000063">
        </testcase>
        <testcase classname="tests/unit/aiResponsePostProcessor.test.js" name="aiResponsePostProcessor &gt; Combined Prefixes &gt; should maintain correct order: memory first, then external" time="0.000051583">
        </testcase>
        <testcase classname="tests/unit/aiResponsePostProcessor.test.js" name="aiResponsePostProcessor &gt; Edge Cases &gt; should handle empty response safely" time="0.000040708">
        </testcase>
        <testcase classname="tests/unit/aiResponsePostProcessor.test.js" name="aiResponsePostProcessor &gt; Edge Cases &gt; should handle null response safely" time="0.000043542">
        </testcase>
        <testcase classname="tests/unit/aiResponsePostProcessor.test.js" name="aiResponsePostProcessor &gt; Edge Cases &gt; should handle undefined context safely" time="0.000030542">
        </testcase>
        <testcase classname="tests/unit/aiResponsePostProcessor.test.js" name="aiResponsePostProcessor &gt; Edge Cases &gt; should handle null context safely" time="0.000025708">
        </testcase>
        <testcase classname="tests/unit/aiResponsePostProcessor.test.js" name="aiResponsePostProcessor &gt; Edge Cases &gt; should trim whitespace from response" time="0.000025666">
        </testcase>
        <testcase classname="tests/unit/aiResponsePostProcessor.test.js" name="aiResponsePostProcessor &gt; Helper Functions &gt; getMemoryCount &gt; should count previous decisions" time="0.000029459">
        </testcase>
        <testcase classname="tests/unit/aiResponsePostProcessor.test.js" name="aiResponsePostProcessor &gt; Helper Functions &gt; getMemoryCount &gt; should return memoryCount from projectMemory" time="0.000038834">
        </testcase>
        <testcase classname="tests/unit/aiResponsePostProcessor.test.js" name="aiResponsePostProcessor &gt; Helper Functions &gt; getMemoryCount &gt; should return 1 when PMO health snapshot exists" time="0.000032125">
        </testcase>
        <testcase classname="tests/unit/aiResponsePostProcessor.test.js" name="aiResponsePostProcessor &gt; Helper Functions &gt; getExternalSources &gt; should return externalSourcesUsed array" time="0.000261166">
        </testcase>
        <testcase classname="tests/unit/aiResponsePostProcessor.test.js" name="aiResponsePostProcessor &gt; Helper Functions &gt; getExternalSources &gt; should derive sources from fetchedData" time="0.000310083">
        </testcase>
        <testcase classname="tests/unit/aiResponsePostProcessor.test.js" name="aiResponsePostProcessor &gt; Helper Functions &gt; stripPrefixes &gt; should remove memory and external prefixes" time="0.000078958">
        </testcase>
        <testcase classname="tests/unit/aiResponsePostProcessor.test.js" name="aiResponsePostProcessor &gt; Helper Functions &gt; stripPrefixes &gt; should handle text without prefixes" time="0.00003875">
        </testcase>
    </testsuite>
    <testsuite name="tests/unit/aiRoleGuard.test.js" timestamp="2025-12-21T08:31:14.312Z" hostname="MacBook-Pro-Piotr.local" tests="16" failures="0" errors="0" skipped="0" time="0.120416541">
        <testcase classname="tests/unit/aiRoleGuard.test.js" name="AI Role Guard &gt; Role Definitions &gt; should define three roles in correct hierarchy" time="0.000672083">
        </testcase>
        <testcase classname="tests/unit/aiRoleGuard.test.js" name="AI Role Guard &gt; Role Definitions &gt; should define capabilities for each role" time="0.000181084">
        </testcase>
        <testcase classname="tests/unit/aiRoleGuard.test.js" name="AI Role Guard &gt; Role Descriptions &gt; should return correct description for each role" time="0.000113625">
        </testcase>
        <testcase classname="tests/unit/aiRoleGuard.test.js" name="AI Role Guard &gt; Role Descriptions &gt; should default to ADVISOR description for unknown role" time="0.000041584">
        </testcase>
        <testcase classname="tests/unit/aiRoleGuard.test.js" name="AI Role Guard &gt; Action Capability Checks &gt; ADVISOR Role &gt; should allow explain actions" time="0.000181292">
        </testcase>
        <testcase classname="tests/unit/aiRoleGuard.test.js" name="AI Role Guard &gt; Action Capability Checks &gt; ADVISOR Role &gt; should block draft creation" time="0.000091167">
        </testcase>
        <testcase classname="tests/unit/aiRoleGuard.test.js" name="AI Role Guard &gt; Action Capability Checks &gt; ADVISOR Role &gt; should block execution actions" time="0.000050583">
        </testcase>
        <testcase classname="tests/unit/aiRoleGuard.test.js" name="AI Role Guard &gt; Action Capability Checks &gt; MANAGER Role &gt; should allow draft creation with approval required" time="0.000053667">
        </testcase>
        <testcase classname="tests/unit/aiRoleGuard.test.js" name="AI Role Guard &gt; Action Capability Checks &gt; MANAGER Role &gt; should block execution actions" time="0.000054792">
        </testcase>
        <testcase classname="tests/unit/aiRoleGuard.test.js" name="AI Role Guard &gt; Action Capability Checks &gt; OPERATOR Role &gt; should allow execution actions" time="0.000066083">
        </testcase>
        <testcase classname="tests/unit/aiRoleGuard.test.js" name="AI Role Guard &gt; Action Capability Checks &gt; OPERATOR Role &gt; should allow entity modifications" time="0.000058792">
        </testcase>
        <testcase classname="tests/unit/aiRoleGuard.test.js" name="AI Role Guard &gt; Mutation Validation &gt; should block all mutations for ADVISOR" time="0.000071375">
        </testcase>
        <testcase classname="tests/unit/aiRoleGuard.test.js" name="AI Role Guard &gt; Mutation Validation &gt; should allow mutations as drafts for MANAGER" time="0.000066208">
        </testcase>
        <testcase classname="tests/unit/aiRoleGuard.test.js" name="AI Role Guard &gt; Mutation Validation &gt; should allow direct mutations for OPERATOR" time="0.000050334">
        </testcase>
        <testcase classname="tests/unit/aiRoleGuard.test.js" name="AI Role Guard &gt; isActionBlocked &gt; should return blocked with required role for insufficient permissions" time="0.000080542">
        </testcase>
        <testcase classname="tests/unit/aiRoleGuard.test.js" name="AI Role Guard &gt; isActionBlocked &gt; should return not blocked for allowed actions" time="0.000035917">
        </testcase>
    </testsuite>
    <testsuite name="tests/unit/analytics.service.test.ts" timestamp="2025-12-21T08:31:14.313Z" hostname="MacBook-Pro-Piotr.local" tests="8" failures="0" errors="0" skipped="0" time="0.168379958">
        <testcase classname="tests/unit/analytics.service.test.ts" name="Service Test: Analytics &gt; calculateAnalytics &gt; calculates analytics for empty arrays" time="0.000514167">
        </testcase>
        <testcase classname="tests/unit/analytics.service.test.ts" name="Service Test: Analytics &gt; calculateAnalytics &gt; calculates completion rate correctly" time="0.000142042">
        </testcase>
        <testcase classname="tests/unit/analytics.service.test.ts" name="Service Test: Analytics &gt; calculateAnalytics &gt; calculates initiative statistics" time="0.000118916">
        </testcase>
        <testcase classname="tests/unit/analytics.service.test.ts" name="Service Test: Analytics &gt; calculateAnalytics &gt; calculates total cost and benefit" time="0.000057666">
        </testcase>
        <testcase classname="tests/unit/analytics.service.test.ts" name="Service Test: Analytics &gt; generateBurnDownData &gt; generates burn down data for date range" time="0.000222875">
        </testcase>
        <testcase classname="tests/unit/analytics.service.test.ts" name="Service Test: Analytics &gt; generateBurnDownData &gt; handles empty task list" time="0.0000545">
        </testcase>
        <testcase classname="tests/unit/analytics.service.test.ts" name="Service Test: Analytics &gt; generateVelocityData &gt; generates velocity data for specified weeks" time="0.000103916">
        </testcase>
        <testcase classname="tests/unit/analytics.service.test.ts" name="Service Test: Analytics &gt; generateVelocityData &gt; uses default 8 weeks when not specified" time="0.000242583">
        </testcase>
    </testsuite>
    <testsuite name="tests/unit/api.service.test.ts" timestamp="2025-12-21T08:31:14.314Z" hostname="MacBook-Pro-Piotr.local" tests="6" failures="0" errors="0" skipped="0" time="0.242153208">
        <testcase classname="tests/unit/api.service.test.ts" name="Api Service Unit Tests &gt; login: should store token and return user on success" time="0.001872833">
            <system-out>
Api.login called: { email: &apos;test@test.com&apos;, url: &apos;/api/auth/login&apos; }

Login response status: undefined

Login response data: { token: &apos;abc-123&apos;, user: { id: &apos;1&apos;, email: &apos;test@test.com&apos; } }

            </system-out>
        </testcase>
        <testcase classname="tests/unit/api.service.test.ts" name="Api Service Unit Tests &gt; login: should throw error on failure" time="0.000697625">
            <system-out>
Api.login called: { email: &apos;test@test.com&apos;, url: &apos;/api/auth/login&apos; }

Login response status: undefined

Login response data: { error: &apos;Invalid credentials&apos; }

            </system-out>
        </testcase>
        <testcase classname="tests/unit/api.service.test.ts" name="Api Service Unit Tests &gt; getUsers: should send Authorization header" time="0.000292958">
        </testcase>
        <testcase classname="tests/unit/api.service.test.ts" name="Api Service Unit Tests &gt; getLLMProviders: should return list" time="0.000100875">
        </testcase>
        <testcase classname="tests/unit/api.service.test.ts" name="Api Service Unit Tests &gt; indexKnowledgeFiles: should trigger indexing" time="0.000162375">
        </testcase>
        <testcase classname="tests/unit/api.service.test.ts" name="Api Service Unit Tests &gt; saveSession: should post data" time="0.000150125">
        </testcase>
    </testsuite>
    <testsuite name="tests/unit/asyncJobService.test.js" timestamp="2025-12-21T08:31:14.314Z" hostname="MacBook-Pro-Piotr.local" tests="16" failures="0" errors="0" skipped="0" time="0.388332417">
        <testcase classname="tests/unit/asyncJobService.test.js" name="AsyncJobService Constants and Logic &gt; JOB_TYPES Constants &gt; should export EXECUTE_DECISION type" time="0.141182917">
            <system-out>
[Queue] Using Mock Queue for ai-tasks

            </system-out>
        </testcase>
        <testcase classname="tests/unit/asyncJobService.test.js" name="AsyncJobService Constants and Logic &gt; JOB_TYPES Constants &gt; should export ADVANCE_PLAYBOOK_STEP type" time="0.001884">
        </testcase>
        <testcase classname="tests/unit/asyncJobService.test.js" name="AsyncJobService Constants and Logic &gt; JOB_STATUSES Constants &gt; should export all required statuses" time="0.001918875">
        </testcase>
        <testcase classname="tests/unit/asyncJobService.test.js" name="AsyncJobService Constants and Logic &gt; JOB_STATUSES Constants &gt; should have 6 status types" time="0.001881583">
        </testcase>
        <testcase classname="tests/unit/asyncJobService.test.js" name="AsyncJobService Constants and Logic &gt; Service Methods Existence &gt; should export enqueueActionExecution" time="0.001425667">
        </testcase>
        <testcase classname="tests/unit/asyncJobService.test.js" name="AsyncJobService Constants and Logic &gt; Service Methods Existence &gt; should export enqueuePlaybookAdvance" time="0.001823208">
        </testcase>
        <testcase classname="tests/unit/asyncJobService.test.js" name="AsyncJobService Constants and Logic &gt; Service Methods Existence &gt; should export getJob" time="0.001621583">
        </testcase>
        <testcase classname="tests/unit/asyncJobService.test.js" name="AsyncJobService Constants and Logic &gt; Service Methods Existence &gt; should export listJobs" time="0.0028995">
        </testcase>
        <testcase classname="tests/unit/asyncJobService.test.js" name="AsyncJobService Constants and Logic &gt; Service Methods Existence &gt; should export retryJob" time="0.001936084">
        </testcase>
        <testcase classname="tests/unit/asyncJobService.test.js" name="AsyncJobService Constants and Logic &gt; Service Methods Existence &gt; should export cancelJob" time="0.001127416">
        </testcase>
        <testcase classname="tests/unit/asyncJobService.test.js" name="AsyncJobService Constants and Logic &gt; Service Methods Existence &gt; should export updateJobStatus" time="0.001046333">
        </testcase>
        <testcase classname="tests/unit/asyncJobService.test.js" name="AsyncJobService Constants and Logic &gt; Service Methods Existence &gt; should export markDeadLetter" time="0.001159042">
        </testcase>
        <testcase classname="tests/unit/asyncJobService.test.js" name="AsyncJobService Constants and Logic &gt; Service Methods Existence &gt; should export incrementAttempts" time="0.001132333">
        </testcase>
        <testcase classname="tests/unit/asyncJobService.test.js" name="Action Error Codes &gt; should include async job error codes" time="0.002484792">
        </testcase>
        <testcase classname="tests/unit/asyncJobService.test.js" name="AsyncJobProcessor &gt; should export processDecisionExecution" time="0.01581225">
        </testcase>
        <testcase classname="tests/unit/asyncJobService.test.js" name="AsyncJobProcessor &gt; should export processPlaybookAdvance" time="0.000819917">
        </testcase>
    </testsuite>
    <testsuite name="tests/unit/breakGlassService.test.js" timestamp="2025-12-21T08:31:14.315Z" hostname="MacBook-Pro-Piotr.local" tests="15" failures="7" errors="0" skipped="0" time="0.146510042">
        <testcase classname="tests/unit/breakGlassService.test.js" name="BreakGlassService &gt; SCOPES &gt; should define all break-glass scopes" time="0.000822375">
        </testcase>
        <testcase classname="tests/unit/breakGlassService.test.js" name="BreakGlassService &gt; DEFAULT_DURATION_MINUTES &gt; should be 2 hours (120 minutes)" time="0.000101375">
        </testcase>
        <testcase classname="tests/unit/breakGlassService.test.js" name="BreakGlassService &gt; MAX_DURATION_MINUTES &gt; should be 24 hours (1440 minutes)" time="0.0000735">
        </testcase>
        <testcase classname="tests/unit/breakGlassService.test.js" name="BreakGlassService &gt; startSession &gt; should throw error for missing required parameters" time="0.0016165">
        </testcase>
        <testcase classname="tests/unit/breakGlassService.test.js" name="BreakGlassService &gt; startSession &gt; should throw error for invalid scope" time="0.000412416">
        </testcase>
        <testcase classname="tests/unit/breakGlassService.test.js" name="BreakGlassService &gt; startSession &gt; should throw error if session already exists for scope" time="0.007513208">
            <system-out>
[BreakGlass] Session started: 1d33cc58-4c52-48d3-bce2-3cb596603ad1 (scope: policy_engine_disabled) by user-1

            </system-out>
            <system-err>
[GovernanceAudit] Error fetching prev hash: Error: SQLITE_ERROR: no such column: record_hash
--&gt; in Database#get(&apos;SELECT record_hash FROM governance_audit_log \n&apos; +
  &apos;                 WHERE organization_id = ? \n&apos; +
  &apos;                 ORDER BY created_at DESC LIMIT 1&apos;, [ &apos;org-1&apos; ], [Function (anonymous)])
    at /Users/piotrwisniewski/Documents/Antygracity/DRD/consultify/server/services/governanceAuditService.js:95:16
    at new Promise (&lt;anonymous&gt;)
    at Object.logAudit (/Users/piotrwisniewski/Documents/Antygracity/DRD/consultify/server/services/governanceAuditService.js:93:16)
    at Statement.&lt;anonymous&gt; (/Users/piotrwisniewski/Documents/Antygracity/DRD/consultify/server/services/breakGlassService.js:89:54) {
  errno: 1,
  code: &apos;SQLITE_ERROR&apos;,
  __augmented: true
}

[GovernanceAudit] Insert error: [Error: SQLITE_ERROR: table governance_audit_log has no column named actor_role] {
  errno: 1,
  code: &apos;SQLITE_ERROR&apos;
}

[BreakGlass] Audit log error: [Error: SQLITE_ERROR: table governance_audit_log has no column named actor_role] {
  errno: 1,
  code: &apos;SQLITE_ERROR&apos;
}

            </system-err>
            <failure message="promise resolved &quot;{ …(7) }&quot; instead of rejecting" type="AssertionError">
AssertionError: promise resolved &quot;{ …(7) }&quot; instead of rejecting

- Expected
+ Received

- Error {
-   &quot;message&quot;: &quot;rejected promise&quot;,
+ {
+   &quot;actorId&quot;: &quot;user-1&quot;,
+   &quot;createdAt&quot;: &quot;2025-12-21T08:31:02.874Z&quot;,
+   &quot;expiresAt&quot;: &quot;2025-12-21T10:31:02.874Z&quot;,
+   &quot;id&quot;: &quot;1d33cc58-4c52-48d3-bce2-3cb596603ad1&quot;,
+   &quot;organizationId&quot;: &quot;org-1&quot;,
+   &quot;reason&quot;: &quot;Emergency fix&quot;,
+   &quot;scope&quot;: &quot;policy_engine_disabled&quot;,
  }

 ❯ tests/unit/breakGlassService.test.js:98:16
            </failure>
        </testcase>
        <testcase classname="tests/unit/breakGlassService.test.js" name="BreakGlassService &gt; startSession &gt; should create session successfully" time="0.000373542">
            <failure message="Active break-glass session already exists for scope: policy_engine_disabled" type="Error">
Error: Active break-glass session already exists for scope: policy_engine_disabled
 ❯ Object.startSession server/services/breakGlassService.js:68:19
 ❯ tests/unit/breakGlassService.test.js:102:28
            </failure>
        </testcase>
        <testcase classname="tests/unit/breakGlassService.test.js" name="BreakGlassService &gt; startSession &gt; should cap duration at MAX_DURATION_MINUTES" time="0.0008645">
            <system-out>
[BreakGlass] Session started: c3c277ef-e1d4-407a-9b6d-03908cf4f286 (scope: emergency_access) by user-1

            </system-out>
            <system-err>
[GovernanceAudit] Error fetching prev hash: Error: SQLITE_ERROR: no such column: record_hash
--&gt; in Database#get(&apos;SELECT record_hash FROM governance_audit_log \n&apos; +
  &apos;                 WHERE organization_id = ? \n&apos; +
  &apos;                 ORDER BY created_at DESC LIMIT 1&apos;, [ &apos;org-1&apos; ], [Function (anonymous)])
    at /Users/piotrwisniewski/Documents/Antygracity/DRD/consultify/server/services/governanceAuditService.js:95:16
    at new Promise (&lt;anonymous&gt;)
    at Object.logAudit (/Users/piotrwisniewski/Documents/Antygracity/DRD/consultify/server/services/governanceAuditService.js:93:16)
    at Statement.&lt;anonymous&gt; (/Users/piotrwisniewski/Documents/Antygracity/DRD/consultify/server/services/breakGlassService.js:89:54) {
  errno: 1,
  code: &apos;SQLITE_ERROR&apos;,
  __augmented: true
}

[GovernanceAudit] Insert error: [Error: SQLITE_ERROR: table governance_audit_log has no column named actor_role] {
  errno: 1,
  code: &apos;SQLITE_ERROR&apos;
}

[BreakGlass] Audit log error: [Error: SQLITE_ERROR: table governance_audit_log has no column named actor_role] {
  errno: 1,
  code: &apos;SQLITE_ERROR&apos;
}

            </system-err>
        </testcase>
        <testcase classname="tests/unit/breakGlassService.test.js" name="BreakGlassService &gt; closeSession &gt; should throw error for non-existent session" time="0.000366584">
        </testcase>
        <testcase classname="tests/unit/breakGlassService.test.js" name="BreakGlassService &gt; closeSession &gt; should throw error for already closed session" time="0.001121">
            <failure message="expected [Function] to throw error including &apos;Session already closed&apos; but got &apos;Session not found&apos;" type="AssertionError">
AssertionError: expected [Function] to throw error including &apos;Session already closed&apos; but got &apos;Session not found&apos;

Expected: &quot;Session already closed&quot;
Received: &quot;Session not found&quot;

 ❯ tests/unit/breakGlassService.test.js:151:13
            </failure>
        </testcase>
        <testcase classname="tests/unit/breakGlassService.test.js" name="BreakGlassService &gt; closeSession &gt; should close session successfully" time="0.00036425">
            <failure message="Session not found" type="Error">
Error: Session not found
 ❯ Statement.&lt;anonymous&gt; server/services/breakGlassService.js:133:39
 ❯ Statement.replacement server/node_modules/sqlite3/lib/trace.js:25:27
 ❯ Statement.replacement server/node_modules/sqlite3/lib/trace.js:25:27

⎯⎯⎯⎯⎯⎯⎯⎯⎯⎯⎯⎯⎯⎯⎯⎯⎯⎯⎯⎯⎯⎯⎯⎯⎯⎯⎯⎯⎯⎯
Serialized Error: { code: &apos;SESSION_NOT_FOUND&apos; }
            </failure>
        </testcase>
        <testcase classname="tests/unit/breakGlassService.test.js" name="BreakGlassService &gt; isBreakGlassActive &gt; should return false when no active session" time="0.000662625">
            <failure message="expected true to be false // Object.is equality" type="AssertionError">
AssertionError: expected true to be false // Object.is equality

- Expected
+ Received

- false
+ true

 ❯ tests/unit/breakGlassService.test.js:178:28
            </failure>
        </testcase>
        <testcase classname="tests/unit/breakGlassService.test.js" name="BreakGlassService &gt; isBreakGlassActive &gt; should return true when active session exists" time="0.00016425">
        </testcase>
        <testcase classname="tests/unit/breakGlassService.test.js" name="BreakGlassService &gt; getActiveSessions &gt; should return empty array when no sessions" time="0.000834291">
            <failure message="expected [ { …(7) }, { …(7) } ] to deeply equal []" type="AssertionError">
AssertionError: expected [ { …(7) }, { …(7) } ] to deeply equal []

- Expected
+ Received

- []
+ [
+   {
+     &quot;actorId&quot;: &quot;user-1&quot;,
+     &quot;createdAt&quot;: &quot;2025-12-21T08:31:02.881Z&quot;,
+     &quot;expiresAt&quot;: &quot;2025-12-22T08:31:02.881Z&quot;,
+     &quot;id&quot;: &quot;c3c277ef-e1d4-407a-9b6d-03908cf4f286&quot;,
+     &quot;organizationId&quot;: &quot;org-1&quot;,
+     &quot;reason&quot;: &quot;Long maintenance&quot;,
+     &quot;scope&quot;: &quot;emergency_access&quot;,
+   },
+   {
+     &quot;actorId&quot;: &quot;user-1&quot;,
+     &quot;createdAt&quot;: &quot;2025-12-21T08:31:02.874Z&quot;,
+     &quot;expiresAt&quot;: &quot;2025-12-21T10:31:02.874Z&quot;,
+     &quot;id&quot;: &quot;1d33cc58-4c52-48d3-bce2-3cb596603ad1&quot;,
+     &quot;organizationId&quot;: &quot;org-1&quot;,
+     &quot;reason&quot;: &quot;Emergency fix&quot;,
+     &quot;scope&quot;: &quot;policy_engine_disabled&quot;,
+   },
+ ]

 ❯ tests/unit/breakGlassService.test.js:196:28
            </failure>
        </testcase>
        <testcase classname="tests/unit/breakGlassService.test.js" name="BreakGlassService &gt; getActiveSessions &gt; should return active sessions" time="0.000668541">
            <failure message="expected [ { …(7) }, { …(7) } ] to have a length of 1 but got 2" type="AssertionError">
AssertionError: expected [ { …(7) }, { …(7) } ] to have a length of 1 but got 2

- Expected
+ Received

- 1
+ 2

 ❯ tests/unit/breakGlassService.test.js:213:28
            </failure>
        </testcase>
    </testsuite>
    <testsuite name="tests/unit/connectorAdapter.test.js" timestamp="2025-12-21T08:31:14.317Z" hostname="MacBook-Pro-Piotr.local" tests="11" failures="7" errors="0" skipped="0" time="0.171638583">
        <testcase classname="tests/unit/connectorAdapter.test.js" name="ConnectorAdapter &gt; Dry-run Mode &gt; should return plan without execution in dry-run mode" time="0.00543875">
            <failure message="expected false to be true // Object.is equality" type="AssertionError">
AssertionError: expected false to be true // Object.is equality

- Expected
+ Received

- true
+ false

 ❯ tests/unit/connectorAdapter.test.js:48:36
            </failure>
        </testcase>
        <testcase classname="tests/unit/connectorAdapter.test.js" name="ConnectorAdapter &gt; Dry-run Mode &gt; should respect sandbox_mode flag on config" time="0.000553875">
            <failure message="expected false to be true // Object.is equality" type="AssertionError">
AssertionError: expected false to be true // Object.is equality

- Expected
+ Received

- true
+ false

 ❯ tests/unit/connectorAdapter.test.js:71:36
            </failure>
        </testcase>
        <testcase classname="tests/unit/connectorAdapter.test.js" name="ConnectorAdapter &gt; Error Handling &gt; should return error for unknown connector" time="0.0001795">
        </testcase>
        <testcase classname="tests/unit/connectorAdapter.test.js" name="ConnectorAdapter &gt; Error Handling &gt; should return error for unsupported action" time="0.000092209">
        </testcase>
        <testcase classname="tests/unit/connectorAdapter.test.js" name="ConnectorAdapter &gt; Error Handling &gt; should return error when connector not configured" time="0.000401291">
        </testcase>
        <testcase classname="tests/unit/connectorAdapter.test.js" name="ConnectorAdapter &gt; Error Handling &gt; should return error when connector disconnected" time="0.000297">
        </testcase>
        <testcase classname="tests/unit/connectorAdapter.test.js" name="ConnectorAdapter &gt; Plan Generation &gt; should generate Jira plan for issue_create" time="0.000774666">
            <failure message="the given combination of arguments (undefined and string) is invalid for this assertion. You can use an array, a map, an object, a set, a string, or a weakset instead of a string" type="AssertionError">
AssertionError: the given combination of arguments (undefined and string) is invalid for this assertion. You can use an array, a map, an object, a set, a string, or a weakset instead of a string
 ❯ tests/unit/connectorAdapter.test.js:155:37
            </failure>
        </testcase>
        <testcase classname="tests/unit/connectorAdapter.test.js" name="ConnectorAdapter &gt; Plan Generation &gt; should generate Slack plan for message_send" time="0.000477125">
            <failure message="the given combination of arguments (undefined and string) is invalid for this assertion. You can use an array, a map, an object, a set, a string, or a weakset instead of a string" type="AssertionError">
AssertionError: the given combination of arguments (undefined and string) is invalid for this assertion. You can use an array, a map, an object, a set, a string, or a weakset instead of a string
 ❯ tests/unit/connectorAdapter.test.js:168:37
            </failure>
        </testcase>
        <testcase classname="tests/unit/connectorAdapter.test.js" name="ConnectorAdapter &gt; Plan Generation &gt; should generate Google Calendar plan for event_create" time="0.000595416">
            <failure message="the given combination of arguments (undefined and string) is invalid for this assertion. You can use an array, a map, an object, a set, a string, or a weakset instead of a string" type="AssertionError">
AssertionError: the given combination of arguments (undefined and string) is invalid for this assertion. You can use an array, a map, an object, a set, a string, or a weakset instead of a string
 ❯ tests/unit/connectorAdapter.test.js:181:37
            </failure>
        </testcase>
        <testcase classname="tests/unit/connectorAdapter.test.js" name="ConnectorAdapter &gt; Execution (Mock) &gt; should execute Slack message_send successfully" time="0.0007165">
            <failure message="expected false to be true // Object.is equality" type="AssertionError">
AssertionError: expected false to be true // Object.is equality

- Expected
+ Received

- true
+ false

 ❯ tests/unit/connectorAdapter.test.js:205:36
            </failure>
        </testcase>
        <testcase classname="tests/unit/connectorAdapter.test.js" name="ConnectorAdapter &gt; Execution (Mock) &gt; should include duration_ms in result" time="0.000427167">
            <failure message="expected undefined to be defined" type="AssertionError">
AssertionError: expected undefined to be defined
 ❯ tests/unit/connectorAdapter.test.js:221:40
            </failure>
        </testcase>
    </testsuite>
    <testsuite name="tests/unit/connectorRegistry.test.js" timestamp="2025-12-21T08:31:14.319Z" hostname="MacBook-Pro-Piotr.local" tests="14" failures="0" errors="0" skipped="0" time="0.182386791">
        <testcase classname="tests/unit/connectorRegistry.test.js" name="ConnectorRegistry &gt; getAllConnectors &gt; should return all available connectors" time="0.001457333">
        </testcase>
        <testcase classname="tests/unit/connectorRegistry.test.js" name="ConnectorRegistry &gt; getConnector &gt; should return connector by key" time="0.00014675">
        </testcase>
        <testcase classname="tests/unit/connectorRegistry.test.js" name="ConnectorRegistry &gt; getConnector &gt; should return null for unknown connector" time="0.000073583">
        </testcase>
        <testcase classname="tests/unit/connectorRegistry.test.js" name="ConnectorRegistry &gt; getConnectorsByCategory &gt; should return connectors filtered by category" time="0.000107167">
        </testcase>
        <testcase classname="tests/unit/connectorRegistry.test.js" name="ConnectorRegistry &gt; getConnectorsByCategory &gt; should return empty array for unknown category" time="0.000253125">
        </testcase>
        <testcase classname="tests/unit/connectorRegistry.test.js" name="ConnectorRegistry &gt; hasCapability &gt; should return true for supported capability" time="0.0000795">
        </testcase>
        <testcase classname="tests/unit/connectorRegistry.test.js" name="ConnectorRegistry &gt; hasCapability &gt; should return false for unsupported capability" time="0.00005175">
        </testcase>
        <testcase classname="tests/unit/connectorRegistry.test.js" name="ConnectorRegistry &gt; hasCapability &gt; should return false for unknown connector" time="0.000040959">
        </testcase>
        <testcase classname="tests/unit/connectorRegistry.test.js" name="ConnectorRegistry &gt; validateCredentials &gt; should validate all required credentials present" time="0.000091459">
        </testcase>
        <testcase classname="tests/unit/connectorRegistry.test.js" name="ConnectorRegistry &gt; validateCredentials &gt; should identify missing required credentials" time="0.0000925">
        </testcase>
        <testcase classname="tests/unit/connectorRegistry.test.js" name="ConnectorRegistry &gt; validateCredentials &gt; should handle unknown connector" time="0.000054875">
        </testcase>
        <testcase classname="tests/unit/connectorRegistry.test.js" name="ConnectorRegistry &gt; getRequiredCredentials &gt; should return required credentials for connector" time="0.000046625">
        </testcase>
        <testcase classname="tests/unit/connectorRegistry.test.js" name="ConnectorRegistry &gt; getRequiredCredentials &gt; should return empty array for unknown connector" time="0.000030292">
        </testcase>
        <testcase classname="tests/unit/connectorRegistry.test.js" name="ConnectorRegistry &gt; getAllCategories &gt; should return all categories" time="0.00009275">
        </testcase>
    </testsuite>
    <testsuite name="tests/unit/drdStructure.test.ts" timestamp="2025-12-21T08:31:14.319Z" hostname="MacBook-Pro-Piotr.local" tests="7" failures="0" errors="0" skipped="0" time="0.190588458">
        <testcase classname="tests/unit/drdStructure.test.ts" name="Service Test: drdStructure &gt; exports DRD_STRUCTURE as array" time="0.000440667">
        </testcase>
        <testcase classname="tests/unit/drdStructure.test.ts" name="Service Test: drdStructure &gt; each axis has required properties" time="0.000367375">
        </testcase>
        <testcase classname="tests/unit/drdStructure.test.ts" name="Service Test: drdStructure &gt; each area has required properties" time="0.000867208">
        </testcase>
        <testcase classname="tests/unit/drdStructure.test.ts" name="Service Test: drdStructure &gt; each level has required properties" time="0.003209458">
        </testcase>
        <testcase classname="tests/unit/drdStructure.test.ts" name="Service Test: drdStructure &gt; getQuestionsForAxis &gt; returns areas for valid axis ID" time="0.000108417">
        </testcase>
        <testcase classname="tests/unit/drdStructure.test.ts" name="Service Test: drdStructure &gt; getQuestionsForAxis &gt; returns empty array for invalid axis ID" time="0.000262625">
        </testcase>
        <testcase classname="tests/unit/drdStructure.test.ts" name="Service Test: drdStructure &gt; getQuestionsForAxis &gt; returns areas for different axis IDs" time="0.000080291">
        </testcase>
    </testsuite>
    <testsuite name="tests/unit/governanceAudit.test.js" timestamp="2025-12-21T08:31:14.319Z" hostname="MacBook-Pro-Piotr.local" tests="8" failures="0" errors="0" skipped="0" time="0.141902875">
        <testcase classname="tests/unit/governanceAudit.test.js" name="GovernanceAuditService &gt; logAudit &gt; should throw error for missing required parameters" time="0.0013105">
        </testcase>
        <testcase classname="tests/unit/governanceAudit.test.js" name="GovernanceAuditService &gt; logAudit &gt; should throw error for invalid action" time="0.000243041">
        </testcase>
        <testcase classname="tests/unit/governanceAudit.test.js" name="GovernanceAuditService &gt; logAudit &gt; should log audit entry successfully" time="0.000745042">
            <system-out>
[GovernanceAudit] Logged: CREATE on POLICY_RULE/rule-1 by user-1

            </system-out>
        </testcase>
        <testcase classname="tests/unit/governanceAudit.test.js" name="GovernanceAuditService &gt; getAuditLog &gt; should query with organization filter" time="0.000224208">
        </testcase>
        <testcase classname="tests/unit/governanceAudit.test.js" name="GovernanceAuditService &gt; getAuditLog &gt; should bypass org filter for superadmin" time="0.000119833">
        </testcase>
        <testcase classname="tests/unit/governanceAudit.test.js" name="GovernanceAuditService &gt; getAuditLog &gt; should support action filter" time="0.000289167">
        </testcase>
        <testcase classname="tests/unit/governanceAudit.test.js" name="GovernanceAuditService &gt; exportAuditLog &gt; should export as JSON by default" time="0.00013275">
        </testcase>
        <testcase classname="tests/unit/governanceAudit.test.js" name="GovernanceAuditService &gt; exportAuditLog &gt; should export as CSV when specified" time="0.000145917">
        </testcase>
    </testsuite>
    <testsuite name="tests/unit/notificationOutboxService.test.js" timestamp="2025-12-21T08:31:14.320Z" hostname="MacBook-Pro-Piotr.local" tests="16" failures="0" errors="0" skipped="0" time="0.258532208">
        <testcase classname="tests/unit/notificationOutboxService.test.js" name="NotificationOutboxService Constants and Logic &gt; NOTIFICATION_TYPES Constants &gt; should export APPROVAL_DUE type" time="0.00840925">
        </testcase>
        <testcase classname="tests/unit/notificationOutboxService.test.js" name="NotificationOutboxService Constants and Logic &gt; NOTIFICATION_TYPES Constants &gt; should export PLAYBOOK_STUCK type" time="0.001783958">
        </testcase>
        <testcase classname="tests/unit/notificationOutboxService.test.js" name="NotificationOutboxService Constants and Logic &gt; NOTIFICATION_TYPES Constants &gt; should export DEAD_LETTER type" time="0.001616959">
        </testcase>
        <testcase classname="tests/unit/notificationOutboxService.test.js" name="NotificationOutboxService Constants and Logic &gt; NOTIFICATION_TYPES Constants &gt; should export ESCALATION type" time="0.001813292">
        </testcase>
        <testcase classname="tests/unit/notificationOutboxService.test.js" name="NotificationOutboxService Constants and Logic &gt; NOTIFICATION_TYPES Constants &gt; should have 4 notification types" time="0.002236208">
        </testcase>
        <testcase classname="tests/unit/notificationOutboxService.test.js" name="NotificationOutboxService Constants and Logic &gt; OUTBOX_STATUSES Constants &gt; should export QUEUED status" time="0.001560041">
        </testcase>
        <testcase classname="tests/unit/notificationOutboxService.test.js" name="NotificationOutboxService Constants and Logic &gt; OUTBOX_STATUSES Constants &gt; should export SENT status" time="0.001658667">
        </testcase>
        <testcase classname="tests/unit/notificationOutboxService.test.js" name="NotificationOutboxService Constants and Logic &gt; OUTBOX_STATUSES Constants &gt; should export FAILED status" time="0.001188833">
        </testcase>
        <testcase classname="tests/unit/notificationOutboxService.test.js" name="NotificationOutboxService Constants and Logic &gt; MAX_ATTEMPTS &gt; should be 3" time="0.002073541">
        </testcase>
        <testcase classname="tests/unit/notificationOutboxService.test.js" name="NotificationOutboxService Constants and Logic &gt; Service Methods Existence &gt; should export enqueue" time="0.002727208">
        </testcase>
        <testcase classname="tests/unit/notificationOutboxService.test.js" name="NotificationOutboxService Constants and Logic &gt; Service Methods Existence &gt; should export shouldNotify" time="0.002290208">
        </testcase>
        <testcase classname="tests/unit/notificationOutboxService.test.js" name="NotificationOutboxService Constants and Logic &gt; Service Methods Existence &gt; should export getUserPreferences" time="0.001137083">
        </testcase>
        <testcase classname="tests/unit/notificationOutboxService.test.js" name="NotificationOutboxService Constants and Logic &gt; Service Methods Existence &gt; should export updateUserPreferences" time="0.001075875">
        </testcase>
        <testcase classname="tests/unit/notificationOutboxService.test.js" name="NotificationOutboxService Constants and Logic &gt; Service Methods Existence &gt; should export processQueue" time="0.001087708">
        </testcase>
        <testcase classname="tests/unit/notificationOutboxService.test.js" name="NotificationOutboxService Constants and Logic &gt; Service Methods Existence &gt; should export getOutboxStats" time="0.001447041">
        </testcase>
        <testcase classname="tests/unit/notificationOutboxService.test.js" name="NotificationOutboxService User Preferences &gt; should return true when no preferences set (default behavior)" time="0.001668958">
        </testcase>
    </testsuite>
    <testsuite name="tests/unit/pdfExport.test.ts" timestamp="2025-12-21T08:31:14.321Z" hostname="MacBook-Pro-Piotr.local" tests="5" failures="0" errors="0" skipped="0" time="0.261313541">
        <testcase classname="tests/unit/pdfExport.test.ts" name="Service Test: pdfExport &gt; exportReportToPDF &gt; returns false when element is not found" time="0.001113083">
            <system-err>
Element with id non-existent not found

            </system-err>
        </testcase>
        <testcase classname="tests/unit/pdfExport.test.ts" name="Service Test: pdfExport &gt; exportReportToPDF &gt; exports PDF successfully" time="0.000462459">
        </testcase>
        <testcase classname="tests/unit/pdfExport.test.ts" name="Service Test: pdfExport &gt; exportReportToPDF &gt; handles errors gracefully" time="0.001208042">
            <system-err>
PDF Export failed: Error: Canvas error
    at /Users/piotrwisniewski/Documents/Antygracity/DRD/consultify/tests/unit/pdfExport.test.ts:89:52
    at file:///Users/piotrwisniewski/Documents/Antygracity/DRD/consultify/node_modules/@vitest/runner/dist/index.js:145:11
    at file:///Users/piotrwisniewski/Documents/Antygracity/DRD/consultify/node_modules/@vitest/runner/dist/index.js:915:26
    at file:///Users/piotrwisniewski/Documents/Antygracity/DRD/consultify/node_modules/@vitest/runner/dist/index.js:1243:20
    at new Promise (&lt;anonymous&gt;)
    at runWithTimeout (file:///Users/piotrwisniewski/Documents/Antygracity/DRD/consultify/node_modules/@vitest/runner/dist/index.js:1209:10)
    at file:///Users/piotrwisniewski/Documents/Antygracity/DRD/consultify/node_modules/@vitest/runner/dist/index.js:1653:37
    at Traces.$ (file:///Users/piotrwisniewski/Documents/Antygracity/DRD/consultify/node_modules/vitest/dist/chunks/traces.U4xDYhzZ.js:115:27)
    at trace (file:///Users/piotrwisniewski/Documents/Antygracity/DRD/consultify/node_modules/vitest/dist/chunks/test.B8ej_ZHS.js:239:21)
    at runTest (file:///Users/piotrwisniewski/Documents/Antygracity/DRD/consultify/node_modules/@vitest/runner/dist/index.js:1653:12)

            </system-err>
        </testcase>
        <testcase classname="tests/unit/pdfExport.test.ts" name="Service Test: pdfExport &gt; exportDashboardToPDF &gt; creates PDF with metadata" time="0.008720083">
        </testcase>
        <testcase classname="tests/unit/pdfExport.test.ts" name="Service Test: pdfExport &gt; exportDashboardToPDF &gt; handles optional metadata" time="0.000255917">
        </testcase>
    </testsuite>
    <testsuite name="tests/unit/piiRedactor.test.js" timestamp="2025-12-21T08:31:14.321Z" hostname="MacBook-Pro-Piotr.local" tests="17" failures="0" errors="0" skipped="0" time="0.167793875">
        <testcase classname="tests/unit/piiRedactor.test.js" name="PII Redactor &gt; redactEmails &gt; should redact email addresses" time="0.000463292">
        </testcase>
        <testcase classname="tests/unit/piiRedactor.test.js" name="PII Redactor &gt; redactEmails &gt; should redact multiple emails" time="0.000070334">
        </testcase>
        <testcase classname="tests/unit/piiRedactor.test.js" name="PII Redactor &gt; redactEmails &gt; should return non-string values unchanged" time="0.000066541">
        </testcase>
        <testcase classname="tests/unit/piiRedactor.test.js" name="PII Redactor &gt; redactTokens &gt; should redact JWT-like tokens" time="0.000175334">
        </testcase>
        <testcase classname="tests/unit/piiRedactor.test.js" name="PII Redactor &gt; redactTokens &gt; should handle partial JWT patterns" time="0.000051375">
        </testcase>
        <testcase classname="tests/unit/piiRedactor.test.js" name="PII Redactor &gt; redact (deep object redaction) &gt; should redact email fields" time="0.00012475">
        </testcase>
        <testcase classname="tests/unit/piiRedactor.test.js" name="PII Redactor &gt; redact (deep object redaction) &gt; should redact name fields" time="0.000060667">
        </testcase>
        <testcase classname="tests/unit/piiRedactor.test.js" name="PII Redactor &gt; redact (deep object redaction) &gt; should redact password fields" time="0.000055958">
        </testcase>
        <testcase classname="tests/unit/piiRedactor.test.js" name="PII Redactor &gt; redact (deep object redaction) &gt; should redact token and secret fields" time="0.000065042">
        </testcase>
        <testcase classname="tests/unit/piiRedactor.test.js" name="PII Redactor &gt; redact (deep object redaction) &gt; should redact inline emails in string values" time="0.000056875">
        </testcase>
        <testcase classname="tests/unit/piiRedactor.test.js" name="PII Redactor &gt; redact (deep object redaction) &gt; should handle arrays with email strings" time="0.000060542">
        </testcase>
        <testcase classname="tests/unit/piiRedactor.test.js" name="PII Redactor &gt; redact (deep object redaction) &gt; should handle nested objects" time="0.000049417">
        </testcase>
        <testcase classname="tests/unit/piiRedactor.test.js" name="PII Redactor &gt; redact (deep object redaction) &gt; should not mutate original object" time="0.000032208">
        </testcase>
        <testcase classname="tests/unit/piiRedactor.test.js" name="PII Redactor &gt; redact (deep object redaction) &gt; should handle null and undefined" time="0.000037083">
        </testcase>
        <testcase classname="tests/unit/piiRedactor.test.js" name="PII Redactor &gt; redactKeys &gt; should redact specific keys" time="0.000060875">
        </testcase>
        <testcase classname="tests/unit/piiRedactor.test.js" name="PII Redactor &gt; createAuditSnapshot &gt; should return JSON string with redacted PII" time="0.000052083">
        </testcase>
        <testcase classname="tests/unit/piiRedactor.test.js" name="PII Redactor &gt; DEFAULT_PII_FIELDS &gt; should include common PII fields" time="0.000381667">
        </testcase>
    </testsuite>
    <testsuite name="tests/unit/policyEngine.test.js" timestamp="2025-12-21T08:31:14.322Z" hostname="MacBook-Pro-Piotr.local" tests="21" failures="0" errors="0" skipped="0" time="0.227933166">
        <testcase classname="tests/unit/policyEngine.test.js" name="PolicyEngine Core Logic &gt; Safety Guardrails Constants &gt; NEVER_AUTO_APPROVE_RISK_LEVELS should include HIGH" time="0.001351791">
        </testcase>
        <testcase classname="tests/unit/policyEngine.test.js" name="PolicyEngine Core Logic &gt; Safety Guardrails Constants &gt; ALWAYS_MANUAL_ACTION_TYPES should include MEETING_SCHEDULE" time="0.000109042">
        </testcase>
        <testcase classname="tests/unit/policyEngine.test.js" name="PolicyEngine Core Logic &gt; Safety Guardrails Constants &gt; should not include LOW in NEVER_AUTO_APPROVE_RISK_LEVELS" time="0.000112625">
        </testcase>
        <testcase classname="tests/unit/policyEngine.test.js" name="PolicyEngine Core Logic &gt; CONDITION_HANDLERS (Pure Functions) &gt; risk_level_lte &gt; should match when proposal risk is lower or equal" time="0.000157042">
        </testcase>
        <testcase classname="tests/unit/policyEngine.test.js" name="PolicyEngine Core Logic &gt; CONDITION_HANDLERS (Pure Functions) &gt; risk_level_lte &gt; should not match when proposal risk is higher" time="0.000085291">
        </testcase>
        <testcase classname="tests/unit/policyEngine.test.js" name="PolicyEngine Core Logic &gt; CONDITION_HANDLERS (Pure Functions) &gt; action_type_in &gt; should match when action type is in list" time="0.000067708">
        </testcase>
        <testcase classname="tests/unit/policyEngine.test.js" name="PolicyEngine Core Logic &gt; CONDITION_HANDLERS (Pure Functions) &gt; action_type_in &gt; should not match when action type is not in list" time="0.000061667">
        </testcase>
        <testcase classname="tests/unit/policyEngine.test.js" name="PolicyEngine Core Logic &gt; CONDITION_HANDLERS (Pure Functions) &gt; action_type_in &gt; should return false for non-array input" time="0.000039208">
        </testcase>
        <testcase classname="tests/unit/policyEngine.test.js" name="PolicyEngine Core Logic &gt; CONDITION_HANDLERS (Pure Functions) &gt; scope_eq &gt; should match when scope equals" time="0.000066417">
        </testcase>
        <testcase classname="tests/unit/policyEngine.test.js" name="PolicyEngine Core Logic &gt; CONDITION_HANDLERS (Pure Functions) &gt; scope_eq &gt; should not match when scope differs" time="0.00006825">
        </testcase>
        <testcase classname="tests/unit/policyEngine.test.js" name="PolicyEngine Core Logic &gt; CONDITION_HANDLERS (Pure Functions) &gt; signal_in &gt; should match when signal is in list" time="0.000049125">
        </testcase>
        <testcase classname="tests/unit/policyEngine.test.js" name="PolicyEngine Core Logic &gt; CONDITION_HANDLERS (Pure Functions) &gt; signal_in &gt; should not match when signal is not in list" time="0.000042792">
        </testcase>
        <testcase classname="tests/unit/policyEngine.test.js" name="PolicyEngine Core Logic &gt; CONDITION_HANDLERS (Pure Functions) &gt; signal_in &gt; should return false for non-array input" time="0.000035542">
        </testcase>
        <testcase classname="tests/unit/policyEngine.test.js" name="PolicyEngine Core Logic &gt; CONDITION_HANDLERS (Pure Functions) &gt; time_window &gt; should always match for anytime" time="0.000038917">
        </testcase>
        <testcase classname="tests/unit/policyEngine.test.js" name="PolicyEngine Core Logic &gt; CONDITION_HANDLERS (Pure Functions) &gt; time_window &gt; should return false for unrecognized values" time="0.00002725">
        </testcase>
        <testcase classname="tests/unit/policyEngine.test.js" name="PolicyEngine Core Logic &gt; evaluateConditions (Logic Tests) &gt; should return true when all conditions match" time="0.000066875">
        </testcase>
        <testcase classname="tests/unit/policyEngine.test.js" name="PolicyEngine Core Logic &gt; evaluateConditions (Logic Tests) &gt; should return false when any condition fails" time="0.00003425">
        </testcase>
        <testcase classname="tests/unit/policyEngine.test.js" name="PolicyEngine Core Logic &gt; evaluateConditions (Logic Tests) &gt; should return false for unknown conditions (safety)" time="0.000147375">
            <system-err>
[PolicyEngine] Unknown condition: unknown_condition

            </system-err>
        </testcase>
        <testcase classname="tests/unit/policyEngine.test.js" name="PolicyEngine Core Logic &gt; evaluateConditions (Logic Tests) &gt; should return true for empty conditions" time="0.000028792">
        </testcase>
        <testcase classname="tests/unit/policyEngine.test.js" name="PolicyEngine Safety Checks &gt; HIGH risk is in NEVER_AUTO_APPROVE list" time="0.000029666">
        </testcase>
        <testcase classname="tests/unit/policyEngine.test.js" name="PolicyEngine Safety Checks &gt; MEETING_SCHEDULE is in ALWAYS_MANUAL list" time="0.000022667">
        </testcase>
    </testsuite>
    <testsuite name="tests/unit/regulatoryModeGuard.test.js" timestamp="2025-12-21T08:31:14.323Z" hostname="MacBook-Pro-Piotr.local" tests="31" failures="0" errors="0" skipped="0" time="0.111556209">
        <testcase classname="tests/unit/regulatoryModeGuard.test.js" name="Regulatory Mode Guard &gt; Action Classification &gt; ALLOWED_ACTIONS &gt; should include all advisory-only actions" time="0.000838542">
        </testcase>
        <testcase classname="tests/unit/regulatoryModeGuard.test.js" name="Regulatory Mode Guard &gt; Action Classification &gt; BLOCKED_ACTIONS &gt; should include all mutation actions" time="0.000183667">
        </testcase>
        <testcase classname="tests/unit/regulatoryModeGuard.test.js" name="Regulatory Mode Guard &gt; isActionAllowed &gt; should allow EXPLAIN_CONTEXT in regulatory mode" time="0.000084709">
        </testcase>
        <testcase classname="tests/unit/regulatoryModeGuard.test.js" name="Regulatory Mode Guard &gt; isActionAllowed &gt; should allow ANALYZE_RISKS in regulatory mode" time="0.000037916">
        </testcase>
        <testcase classname="tests/unit/regulatoryModeGuard.test.js" name="Regulatory Mode Guard &gt; isActionAllowed &gt; should allow EDUCATE in regulatory mode" time="0.000047166">
        </testcase>
        <testcase classname="tests/unit/regulatoryModeGuard.test.js" name="Regulatory Mode Guard &gt; isActionAllowed &gt; should BLOCK CREATE_DRAFT_TASK in regulatory mode" time="0.00004225">
        </testcase>
        <testcase classname="tests/unit/regulatoryModeGuard.test.js" name="Regulatory Mode Guard &gt; isActionAllowed &gt; should BLOCK CREATE_DRAFT_INITIATIVE in regulatory mode" time="0.000043708">
        </testcase>
        <testcase classname="tests/unit/regulatoryModeGuard.test.js" name="Regulatory Mode Guard &gt; isActionAllowed &gt; should BLOCK UPDATE_STATUS in regulatory mode" time="0.000037708">
        </testcase>
        <testcase classname="tests/unit/regulatoryModeGuard.test.js" name="Regulatory Mode Guard &gt; isActionAllowed &gt; should BLOCK EXECUTE_ACTION in regulatory mode" time="0.000038542">
        </testcase>
        <testcase classname="tests/unit/regulatoryModeGuard.test.js" name="Regulatory Mode Guard &gt; isActionAllowed &gt; should BLOCK MODIFY_ENTITY in regulatory mode" time="0.000044834">
        </testcase>
        <testcase classname="tests/unit/regulatoryModeGuard.test.js" name="Regulatory Mode Guard &gt; isActionAllowed &gt; should BLOCK DELETE_ENTITY in regulatory mode" time="0.000031666">
        </testcase>
        <testcase classname="tests/unit/regulatoryModeGuard.test.js" name="Regulatory Mode Guard &gt; isActionAllowed &gt; should block actions containing mutation keywords" time="0.000067583">
        </testcase>
        <testcase classname="tests/unit/regulatoryModeGuard.test.js" name="Regulatory Mode Guard &gt; isActionAllowed &gt; should allow actions without mutation keywords" time="0.000040166">
        </testcase>
        <testcase classname="tests/unit/regulatoryModeGuard.test.js" name="Regulatory Mode Guard &gt; isActionAllowed &gt; should handle null/undefined action gracefully" time="0.00003">
        </testcase>
        <testcase classname="tests/unit/regulatoryModeGuard.test.js" name="Regulatory Mode Guard &gt; Regulatory Mode Prompt &gt; should contain prohibition statements" time="0.000064417">
        </testcase>
        <testcase classname="tests/unit/regulatoryModeGuard.test.js" name="Regulatory Mode Guard &gt; Regulatory Mode Prompt &gt; should forbid action verbs" time="0.00004525">
        </testcase>
        <testcase classname="tests/unit/regulatoryModeGuard.test.js" name="Regulatory Mode Guard &gt; Regulatory Mode Prompt &gt; should require advisory language" time="0.000038666">
        </testcase>
        <testcase classname="tests/unit/regulatoryModeGuard.test.js" name="Regulatory Mode Guard &gt; Regulatory Mode Prompt &gt; should include example responses" time="0.000035292">
        </testcase>
        <testcase classname="tests/unit/regulatoryModeGuard.test.js" name="Regulatory Mode Guard &gt; Forbidden Verbs List &gt; should contain all dangerous verbs" time="0.000166583">
        </testcase>
        <testcase classname="tests/unit/regulatoryModeGuard.test.js" name="Regulatory Mode Guard &gt; Advisory Phrases List &gt; should contain recommended advisory language" time="0.000058584">
        </testcase>
        <testcase classname="tests/unit/regulatoryModeGuard.test.js" name="Regulatory Mode Guard &gt; enforceRegulatoryMode (with mocked isEnabled) &gt; should block CREATE_DRAFT_TASK when regulatory mode is enabled" time="0.000213083">
        </testcase>
        <testcase classname="tests/unit/regulatoryModeGuard.test.js" name="Regulatory Mode Guard &gt; enforceRegulatoryMode (with mocked isEnabled) &gt; should block UPDATE_STATUS when regulatory mode is enabled" time="0.000083083">
        </testcase>
        <testcase classname="tests/unit/regulatoryModeGuard.test.js" name="Regulatory Mode Guard &gt; enforceRegulatoryMode (with mocked isEnabled) &gt; should allow EXPLAIN_CONTEXT when regulatory mode is enabled" time="0.000055584">
        </testcase>
        <testcase classname="tests/unit/regulatoryModeGuard.test.js" name="Regulatory Mode Guard &gt; enforceRegulatoryMode (with mocked isEnabled) &gt; should allow ANALYZE_RISKS when regulatory mode is enabled" time="0.000053375">
        </testcase>
        <testcase classname="tests/unit/regulatoryModeGuard.test.js" name="Regulatory Mode Guard &gt; enforceRegulatoryMode (with mocked isEnabled) &gt; should NOT block actions when regulatory mode is disabled" time="0.00005725">
        </testcase>
        <testcase classname="tests/unit/regulatoryModeGuard.test.js" name="Regulatory Mode Guard &gt; enforceRegulatoryMode (with mocked isEnabled) &gt; should NOT block when no projectId is provided" time="0.000034209">
        </testcase>
        <testcase classname="tests/unit/regulatoryModeGuard.test.js" name="Regulatory Mode Guard &gt; enforceRegulatoryMode (with mocked isEnabled) &gt; should log blocked attempts to audit trail" time="0.000478625">
        </testcase>
        <testcase classname="tests/unit/regulatoryModeGuard.test.js" name="Regulatory Mode Guard &gt; getStatus &gt; should return full status object when enabled" time="0.000097">
        </testcase>
        <testcase classname="tests/unit/regulatoryModeGuard.test.js" name="Regulatory Mode Guard &gt; getStatus &gt; should return full status object when disabled" time="0.000042208">
        </testcase>
        <testcase classname="tests/unit/regulatoryModeGuard.test.js" name="Regulatory Mode Guard &gt; Integration with AI Role System &gt; should override ANY role when regulatory mode is active" time="0.00010775">
        </testcase>
        <testcase classname="tests/unit/regulatoryModeGuard.test.js" name="Regulatory Mode Guard &gt; Safety: Fail-Safe Behavior &gt; should default to blocking when database error occurs" time="0.0000235">
        </testcase>
    </testsuite>
    <testsuite name="tests/unit/roi.test.ts" timestamp="2025-12-21T08:31:14.324Z" hostname="MacBook-Pro-Piotr.local" tests="3" failures="0" errors="0" skipped="0" time="0.15481175">
        <testcase classname="tests/unit/roi.test.ts" name="Unit Test: ROI Calculation &gt; should calculate ROI correctly for positive values" time="0.000392334">
        </testcase>
        <testcase classname="tests/unit/roi.test.ts" name="Unit Test: ROI Calculation &gt; should handle zero cost to avoid infinity" time="0.0000685">
        </testcase>
        <testcase classname="tests/unit/roi.test.ts" name="Unit Test: ROI Calculation &gt; should return 0 for break-even" time="0.000047958">
        </testcase>
    </testsuite>
    <testsuite name="tests/unit/secretsVault.test.js" timestamp="2025-12-21T08:31:14.324Z" hostname="MacBook-Pro-Piotr.local" tests="12" failures="0" errors="0" skipped="0" time="0.153403625">
        <testcase classname="tests/unit/secretsVault.test.js" name="SecretsVault Service &gt; Encryption/Decryption &gt; should encrypt and decrypt a string successfully" time="0.001827417">
        </testcase>
        <testcase classname="tests/unit/secretsVault.test.js" name="SecretsVault Service &gt; Encryption/Decryption &gt; should encrypt and decrypt an object successfully" time="0.000237459">
        </testcase>
        <testcase classname="tests/unit/secretsVault.test.js" name="SecretsVault Service &gt; Encryption/Decryption &gt; should return null when decrypting null/undefined" time="0.000142125">
        </testcase>
        <testcase classname="tests/unit/secretsVault.test.js" name="SecretsVault Service &gt; Encryption/Decryption &gt; should throw on invalid encrypted data" time="0.000314666">
        </testcase>
        <testcase classname="tests/unit/secretsVault.test.js" name="SecretsVault Service &gt; Encryption/Decryption &gt; should produce different ciphertext for same plaintext (random IV)" time="0.000169042">
        </testcase>
        <testcase classname="tests/unit/secretsVault.test.js" name="SecretsVault Service &gt; Redaction &gt; should redact string values showing only last 4 characters" time="0.000076417">
        </testcase>
        <testcase classname="tests/unit/secretsVault.test.js" name="SecretsVault Service &gt; Redaction &gt; should fully redact short strings" time="0.000050667">
        </testcase>
        <testcase classname="tests/unit/secretsVault.test.js" name="SecretsVault Service &gt; Redaction &gt; should recursively redact nested objects" time="0.000059291">
        </testcase>
        <testcase classname="tests/unit/secretsVault.test.js" name="SecretsVault Service &gt; Redaction &gt; should return empty object for null/undefined" time="0.000058125">
        </testcase>
        <testcase classname="tests/unit/secretsVault.test.js" name="SecretsVault Service &gt; Validation &gt; should validate present fields as valid" time="0.00008275">
        </testcase>
        <testcase classname="tests/unit/secretsVault.test.js" name="SecretsVault Service &gt; Validation &gt; should identify missing fields" time="0.0003405">
        </testcase>
        <testcase classname="tests/unit/secretsVault.test.js" name="SecretsVault Service &gt; Validation &gt; should handle null/undefined secrets" time="0.000058584">
        </testcase>
    </testsuite>
    <testsuite name="tests/unit/slaService.test.js" timestamp="2025-12-21T08:31:14.325Z" hostname="MacBook-Pro-Piotr.local" tests="7" failures="0" errors="0" skipped="0" time="0.261113375">
        <testcase classname="tests/unit/slaService.test.js" name="SLAService Constants and Logic &gt; SLA_CHECK_INTERVAL_MS &gt; should be 10 minutes in milliseconds" time="0.007042291">
        </testcase>
        <testcase classname="tests/unit/slaService.test.js" name="SLAService Constants and Logic &gt; Service Methods Existence &gt; should export findExpiredAssignments" time="0.002573875">
        </testcase>
        <testcase classname="tests/unit/slaService.test.js" name="SLAService Constants and Logic &gt; Service Methods Existence &gt; should export markExpired" time="0.002406334">
        </testcase>
        <testcase classname="tests/unit/slaService.test.js" name="SLAService Constants and Logic &gt; Service Methods Existence &gt; should export findOrgAdmin" time="0.001150291">
        </testcase>
        <testcase classname="tests/unit/slaService.test.js" name="SLAService Constants and Logic &gt; Service Methods Existence &gt; should export escalateAssignment" time="0.001893292">
        </testcase>
        <testcase classname="tests/unit/slaService.test.js" name="SLAService Constants and Logic &gt; Service Methods Existence &gt; should export runSlaCheck" time="0.002832667">
        </testcase>
        <testcase classname="tests/unit/slaService.test.js" name="SLAService Constants and Logic &gt; Service Methods Existence &gt; should export getSlaHealth" time="0.002223542">
        </testcase>
    </testsuite>
    <testsuite name="tests/unit/store.test.ts" timestamp="2025-12-21T08:31:14.325Z" hostname="MacBook-Pro-Piotr.local" tests="19" failures="0" errors="0" skipped="0" time="0.182984209">
        <testcase classname="tests/unit/store.test.ts" name="Store Test: useAppStore &gt; initializes with correct default values" time="0.000792125">
        </testcase>
        <testcase classname="tests/unit/store.test.ts" name="Store Test: useAppStore &gt; sets current view" time="0.000156916">
        </testcase>
        <testcase classname="tests/unit/store.test.ts" name="Store Test: useAppStore &gt; sets session mode" time="0.000093458">
        </testcase>
        <testcase classname="tests/unit/store.test.ts" name="Store Test: useAppStore &gt; sets current user" time="0.000268042">
        </testcase>
        <testcase classname="tests/unit/store.test.ts" name="Store Test: useAppStore &gt; toggles sidebar open state" time="0.000108208">
        </testcase>
        <testcase classname="tests/unit/store.test.ts" name="Store Test: useAppStore &gt; toggles sidebar collapse" time="0.0000845">
        </testcase>
        <testcase classname="tests/unit/store.test.ts" name="Store Test: useAppStore &gt; adds chat message" time="0.00052925">
        </testcase>
        <testcase classname="tests/unit/store.test.ts" name="Store Test: useAppStore &gt; sets chat messages" time="0.000163959">
        </testcase>
        <testcase classname="tests/unit/store.test.ts" name="Store Test: useAppStore &gt; clears chat" time="0.000139833">
        </testcase>
        <testcase classname="tests/unit/store.test.ts" name="Store Test: useAppStore &gt; sets bot typing state" time="0.000111917">
        </testcase>
        <testcase classname="tests/unit/store.test.ts" name="Store Test: useAppStore &gt; sets current stream content" time="0.000059208">
        </testcase>
        <testcase classname="tests/unit/store.test.ts" name="Store Test: useAppStore &gt; updates free session data" time="0.00006275">
        </testcase>
        <testcase classname="tests/unit/store.test.ts" name="Store Test: useAppStore &gt; updates free session data with function" time="0.000075166">
        </testcase>
        <testcase classname="tests/unit/store.test.ts" name="Store Test: useAppStore &gt; updates full session data" time="0.000064959">
        </testcase>
        <testcase classname="tests/unit/store.test.ts" name="Store Test: useAppStore &gt; sets AI config" time="0.000069916">
        </testcase>
        <testcase classname="tests/unit/store.test.ts" name="Store Test: useAppStore &gt; toggles theme" time="0.000062542">
        </testcase>
        <testcase classname="tests/unit/store.test.ts" name="Store Test: useAppStore &gt; updates last chat message" time="0.000079916">
        </testcase>
        <testcase classname="tests/unit/store.test.ts" name="Store Test: useAppStore &gt; logout resets state" time="0.000131708">
        </testcase>
        <testcase classname="tests/unit/store.test.ts" name="Store Test: useAppStore &gt; sets current project ID" time="0.000080625">
        </testcase>
    </testsuite>
    <testsuite name="tests/unit/templateGraphService.test.js" timestamp="2025-12-21T08:31:14.326Z" hostname="MacBook-Pro-Piotr.local" tests="16" failures="0" errors="0" skipped="0" time="0.171602917">
        <testcase classname="tests/unit/templateGraphService.test.js" name="templateGraphService &gt; createEmptyGraph &gt; creates a graph with START and END nodes connected" time="0.000852375">
        </testcase>
        <testcase classname="tests/unit/templateGraphService.test.js" name="templateGraphService &gt; stepsToGraph &gt; converts empty steps to START → END graph" time="0.00021275">
        </testcase>
        <testcase classname="tests/unit/templateGraphService.test.js" name="templateGraphService &gt; stepsToGraph &gt; converts steps array to linear graph" time="0.000215792">
        </testcase>
        <testcase classname="tests/unit/templateGraphService.test.js" name="templateGraphService &gt; stepsToGraph &gt; preserves step data in nodes" time="0.000324">
        </testcase>
        <testcase classname="tests/unit/templateGraphService.test.js" name="templateGraphService &gt; graphToSteps &gt; returns empty array for invalid graph" time="0.000120917">
        </testcase>
        <testcase classname="tests/unit/templateGraphService.test.js" name="templateGraphService &gt; graphToSteps &gt; skips START and END nodes in output" time="0.00008325">
        </testcase>
        <testcase classname="tests/unit/templateGraphService.test.js" name="templateGraphService &gt; graphToSteps &gt; converts linear graph to ordered steps" time="0.000111958">
        </testcase>
        <testcase classname="tests/unit/templateGraphService.test.js" name="templateGraphService &gt; validateDAG &gt; returns valid for acyclic graph" time="0.000129709">
        </testcase>
        <testcase classname="tests/unit/templateGraphService.test.js" name="templateGraphService &gt; validateDAG &gt; detects simple cycle" time="0.000068208">
        </testcase>
        <testcase classname="tests/unit/templateGraphService.test.js" name="templateGraphService &gt; validateDAG &gt; returns invalid for null graph" time="0.000044875">
        </testcase>
        <testcase classname="tests/unit/templateGraphService.test.js" name="templateGraphService &gt; findDeadEnds &gt; returns empty for valid graph" time="0.000072375">
        </testcase>
        <testcase classname="tests/unit/templateGraphService.test.js" name="templateGraphService &gt; findDeadEnds &gt; finds nodes without outgoing edges" time="0.000126292">
        </testcase>
        <testcase classname="tests/unit/templateGraphService.test.js" name="templateGraphService &gt; findBranchesWithoutElse &gt; returns empty when no BRANCH nodes" time="0.000062167">
        </testcase>
        <testcase classname="tests/unit/templateGraphService.test.js" name="templateGraphService &gt; findBranchesWithoutElse &gt; finds BRANCH node without else path" time="0.000055875">
        </testcase>
        <testcase classname="tests/unit/templateGraphService.test.js" name="templateGraphService &gt; findBranchesWithoutElse &gt; passes when BRANCH has else path" time="0.000041917">
        </testcase>
        <testcase classname="tests/unit/templateGraphService.test.js" name="templateGraphService &gt; roundtrip: steps → graph → steps &gt; preserves data through roundtrip" time="0.000078792">
        </testcase>
    </testsuite>
    <testsuite name="tests/unit/templateValidationService.test.js" timestamp="2025-12-21T08:31:14.326Z" hostname="MacBook-Pro-Piotr.local" tests="9" failures="0" errors="0" skipped="0" time="0.159808875">
        <testcase classname="tests/unit/templateValidationService.test.js" name="templateValidationService &gt; validate &gt; returns error for missing template graph" time="0.000753541">
        </testcase>
        <testcase classname="tests/unit/templateValidationService.test.js" name="templateValidationService &gt; validate &gt; returns error for invalid JSON in graph" time="0.000187166">
        </testcase>
        <testcase classname="tests/unit/templateValidationService.test.js" name="templateValidationService &gt; validate &gt; validates empty trigger_signal" time="0.000361875">
        </testcase>
        <testcase classname="tests/unit/templateValidationService.test.js" name="templateValidationService &gt; validateGraph &gt; returns error for missing nodes array" time="0.000126083">
        </testcase>
        <testcase classname="tests/unit/templateValidationService.test.js" name="templateValidationService &gt; validateGraph &gt; returns error for missing edges array" time="0.000102708">
        </testcase>
        <testcase classname="tests/unit/templateValidationService.test.js" name="templateValidationService &gt; validateGraph &gt; returns error when no START node exists" time="0.000101334">
        </testcase>
[...]
        </testcase>
        <testcase classname="tests/unit/backend/statusMachine.test.js" name="StatusMachine &gt; validateInitiativeTransition &gt; should prevent approved state if governance failed" time="0.00005325">
        </testcase>
        <testcase classname="tests/unit/backend/statusMachine.test.js" name="StatusMachine &gt; validateTaskTransition &gt; should validate blocker type" time="0.000069542">
        </testcase>
        <testcase classname="tests/unit/backend/statusMachine.test.js" name="StatusMachine &gt; validateTaskTransition &gt; should pass with full blocking info" time="0.000033084">
        </testcase>
    </testsuite>
    <testsuite name="tests/unit/backend/storageReconciliationService.test.js" timestamp="2025-12-21T08:31:14.372Z" hostname="MacBook-Pro-Piotr.local" tests="1" failures="0" errors="0" skipped="0" time="0.073329417">
        <testcase classname="tests/unit/backend/storageReconciliationService.test.js" name="Storage Reconciliation Service &gt; should handle reconciliation (DB interaction) [SKIPPED]" time="0.000395875">
        </testcase>
    </testsuite>
    <testsuite name="tests/unit/backend/storageService.test.js" timestamp="2025-12-21T08:31:14.372Z" hostname="MacBook-Pro-Piotr.local" tests="1" failures="0" errors="0" skipped="0" time="0.168788125">
        <testcase classname="tests/unit/backend/storageService.test.js" name="Storage Service &gt; should handle storage operations (DB interaction) [SKIPPED]" time="0.00042725">
        </testcase>
    </testsuite>
    <testsuite name="tests/unit/backend/systemIntegrity.test.js" timestamp="2025-12-21T08:31:14.372Z" hostname="MacBook-Pro-Piotr.local" tests="1" failures="0" errors="0" skipped="0" time="0.109688208">
        <testcase classname="tests/unit/backend/systemIntegrity.test.js" name="System Integrity Service &gt; should perform integrity checks (DB interaction) [SKIPPED]" time="0.000410458">
        </testcase>
    </testsuite>
    <testsuite name="tests/unit/backend/tokenBillingService.test.js" timestamp="2025-12-21T08:31:14.373Z" hostname="MacBook-Pro-Piotr.local" tests="16" failures="0" errors="0" skipped="0" time="0.261377375">
        <testcase classname="tests/unit/backend/tokenBillingService.test.js" name="TokenBillingService - Integration &gt; Margins &gt; should get margins without throwing" time="0.000532958">
        </testcase>
        <testcase classname="tests/unit/backend/tokenBillingService.test.js" name="TokenBillingService - Integration &gt; Margins &gt; should get specific margin by source type" time="0.000263">
        </testcase>
        <testcase classname="tests/unit/backend/tokenBillingService.test.js" name="TokenBillingService - Integration &gt; Packages &gt; should get packages without throwing" time="0.000240791">
        </testcase>
        <testcase classname="tests/unit/backend/tokenBillingService.test.js" name="TokenBillingService - Integration &gt; Packages &gt; should upsert package without throwing" time="0.000782125">
        </testcase>
        <testcase classname="tests/unit/backend/tokenBillingService.test.js" name="TokenBillingService - Integration &gt; Balance &gt; should get balance without throwing" time="0.000218084">
        </testcase>
        <testcase classname="tests/unit/backend/tokenBillingService.test.js" name="TokenBillingService - Integration &gt; Balance &gt; should ensure balance creates record" time="0.000182292">
        </testcase>
        <testcase classname="tests/unit/backend/tokenBillingService.test.js" name="TokenBillingService - Integration &gt; Balance &gt; should credit tokens to user" time="0.000909291">
        </testcase>
        <testcase classname="tests/unit/backend/tokenBillingService.test.js" name="TokenBillingService - Integration &gt; Balance Check &gt; should check sufficient balance" time="0.000556292">
        </testcase>
        <testcase classname="tests/unit/backend/tokenBillingService.test.js" name="TokenBillingService - Integration &gt; Margin Updates &gt; should update margin and persist changes" time="0.000512">
        </testcase>
        <testcase classname="tests/unit/backend/tokenBillingService.test.js" name="TokenBillingService - Integration &gt; Token Deduction / Usage &gt; should deduct tokens correctly for platform usage" time="0.00159975">
        </testcase>
        <testcase classname="tests/unit/backend/tokenBillingService.test.js" name="TokenBillingService - Integration &gt; Token Deduction / Usage &gt; should handle markup multipliers" time="0.003985875">
        </testcase>
        <testcase classname="tests/unit/backend/tokenBillingService.test.js" name="TokenBillingService - Integration &gt; User API Keys (BYOK) &gt; should add, get and delete user API keys" time="0.045393666">
        </testcase>
        <testcase classname="tests/unit/backend/tokenBillingService.test.js" name="TokenBillingService - Integration &gt; Source Determination &gt; should prefer BYOK if available and requested" time="0.043601834">
        </testcase>
        <testcase classname="tests/unit/backend/tokenBillingService.test.js" name="TokenBillingService - Integration &gt; Source Determination &gt; should fallback to platform if no BYOK key" time="0.00286325">
        </testcase>
        <testcase classname="tests/unit/backend/tokenBillingService.test.js" name="TokenBillingService - Integration &gt; Analytics &gt; should retrieve revenue analytics" time="0.000397416">
        </testcase>
        <testcase classname="tests/unit/backend/tokenBillingService.test.js" name="TokenBillingService - Integration &gt; Analytics &gt; should retrieve transactions for user" time="0.000664083">
        </testcase>
    </testsuite>
    <testsuite name="tests/unit/backend/usageService.test.js" timestamp="2025-12-21T08:31:14.373Z" hostname="MacBook-Pro-Piotr.local" tests="6" failures="6" errors="0" skipped="0" time="0.116587583">
        <testcase classname="tests/unit/backend/usageService.test.js" name="UsageService &gt; recordTokenUsage &gt; should record usage successfully" time="0.004217292">
            <failure message="expected &apos;usage-317aa91c-d653-470c-86c4-3b63196…&apos; to be &apos;uuid-1234&apos; // Object.is equality" type="AssertionError">
AssertionError: expected &apos;usage-317aa91c-d653-470c-86c4-3b63196…&apos; to be &apos;uuid-1234&apos; // Object.is equality

Expected: &quot;uuid-1234&quot;
Received: &quot;usage-317aa91c-d653-470c-86c4-3b6319658aba&quot;

 ❯ tests/unit/backend/usageService.test.js:60:31
            </failure>
        </testcase>
        <testcase classname="tests/unit/backend/usageService.test.js" name="UsageService &gt; getCurrentUsage &gt; should aggregate usage logs" time="0.001054375">
            <failure message="expected undefined to be 5000 // Object.is equality" type="AssertionError">
AssertionError: expected undefined to be 5000 // Object.is equality

- Expected: 
5000

+ Received: 
undefined

 ❯ tests/unit/backend/usageService.test.js:81:39
            </failure>
        </testcase>
        <testcase classname="tests/unit/backend/usageService.test.js" name="UsageService &gt; checkQuota &gt; should allow if within limit" time="0.000971042">
            <failure message="expected +0 to be 95000 // Object.is equality" type="AssertionError">
AssertionError: expected +0 to be 95000 // Object.is equality

- Expected
+ Received

- 95000
+ 0

 ❯ tests/unit/backend/usageService.test.js:98:38
            </failure>
        </testcase>
        <testcase classname="tests/unit/backend/usageService.test.js" name="UsageService &gt; checkQuota &gt; should allow overage if enabled" time="0.001044583">
            <failure message="expected false to be true // Object.is equality" type="AssertionError">
AssertionError: expected false to be true // Object.is equality

- Expected
+ Received

- true
+ false

 ❯ tests/unit/backend/usageService.test.js:112:43
            </failure>
        </testcase>
        <testcase classname="tests/unit/backend/usageService.test.js" name="UsageService &gt; checkQuota &gt; should block if over limit and no overage" time="0.000950625">
            <failure message="expected true to be false // Object.is equality" type="AssertionError">
AssertionError: expected true to be false // Object.is equality

- Expected
+ Received

- false
+ true

 ❯ tests/unit/backend/usageService.test.js:129:36
            </failure>
        </testcase>
        <testcase classname="tests/unit/backend/usageService.test.js" name="UsageService &gt; recordProjectStorageUsage &gt; should record project usage" time="0.000719625">
            <failure message="expected undefined to be &apos;uuid-1234&apos; // Object.is equality" type="AssertionError">
AssertionError: expected undefined to be &apos;uuid-1234&apos; // Object.is equality

- Expected: 
&quot;uuid-1234&quot;

+ Received: 
undefined

 ❯ tests/unit/backend/usageService.test.js:136:31
            </failure>
        </testcase>
    </testsuite>
    <testsuite name="tests/unit/backend/webhookService.test.js" timestamp="2025-12-21T08:31:14.374Z" hostname="MacBook-Pro-Piotr.local" tests="1" failures="0" errors="0" skipped="0" time="0.154044041">
        <testcase classname="tests/unit/backend/webhookService.test.js" name="Webhook Service &gt; should handle webhook registration (DB interaction) [SKIPPED]" time="0.000410292">
        </testcase>
    </testsuite>
    <testsuite name="tests/unit/backend/middleware/adminMiddleware.test.js" timestamp="2025-12-21T08:31:14.374Z" hostname="MacBook-Pro-Piotr.local" tests="4" failures="0" errors="0" skipped="0" time="0.182354042">
        <testcase classname="tests/unit/backend/middleware/adminMiddleware.test.js" name="AdminMiddleware &gt; should call next() if user is admin" time="0.002445125">
        </testcase>
        <testcase classname="tests/unit/backend/middleware/adminMiddleware.test.js" name="AdminMiddleware &gt; should call next() if user is superadmin" time="0.000374958">
        </testcase>
        <testcase classname="tests/unit/backend/middleware/adminMiddleware.test.js" name="AdminMiddleware &gt; should return 403 if user is not admin" time="0.001079083">
        </testcase>
        <testcase classname="tests/unit/backend/middleware/adminMiddleware.test.js" name="AdminMiddleware &gt; should return 401 if verify failed (bad signature)" time="0.000242375">
        </testcase>
    </testsuite>
    <testsuite name="tests/unit/backend/middleware/auditLog.test.js" timestamp="2025-12-21T08:31:14.374Z" hostname="MacBook-Pro-Piotr.local" tests="3" failures="0" errors="0" skipped="0" time="0.215424417">
        <testcase classname="tests/unit/backend/middleware/auditLog.test.js" name="AuditLog Middleware &gt; should call next() and override res.end" time="0.008308">
            <system-out>
[Database] Selected: SQLite

            </system-out>
        </testcase>
        <testcase classname="tests/unit/backend/middleware/auditLog.test.js" name="AuditLog Middleware &gt; should log activity when res.end is called for 2xx POST" time="0.052867083">
            <system-out>
[Database] Selected: SQLite

            </system-out>
        </testcase>
        <testcase classname="tests/unit/backend/middleware/auditLog.test.js" name="AuditLog Middleware &gt; should NOT log for GET requests" time="0.000665417">
            <system-out>
[Database] Selected: SQLite

            </system-out>
        </testcase>
    </testsuite>
    <testsuite name="tests/unit/backend/middleware/authMiddleware.test.js" timestamp="2025-12-21T08:31:14.374Z" hostname="MacBook-Pro-Piotr.local" tests="6" failures="0" errors="0" skipped="4" time="0.133970375">
        <testcase classname="tests/unit/backend/middleware/authMiddleware.test.js" name="AuthMiddleware &gt; should return 403 if no token provided" time="0.001432958">
        </testcase>
        <testcase classname="tests/unit/backend/middleware/authMiddleware.test.js" name="AuthMiddleware &gt; should return 401 if token expired" time="0">
            <skipped/>
        </testcase>
        <testcase classname="tests/unit/backend/middleware/authMiddleware.test.js" name="AuthMiddleware &gt; should return 401 if token invalid" time="0.000304791">
        </testcase>
        <testcase classname="tests/unit/backend/middleware/authMiddleware.test.js" name="AuthMiddleware &gt; should call next() if token valid and no revocation check needed (no jti)" time="0">
            <skipped/>
        </testcase>
        <testcase classname="tests/unit/backend/middleware/authMiddleware.test.js" name="AuthMiddleware &gt; should check revocation if jti is present" time="0">
            <skipped/>
        </testcase>
        <testcase classname="tests/unit/backend/middleware/authMiddleware.test.js" name="AuthMiddleware &gt; should return 401 if token is revoked" time="0">
            <skipped/>
        </testcase>
    </testsuite>
    <testsuite name="tests/unit/backend/middleware/planLimits.test.js" timestamp="2025-12-21T08:31:14.375Z" hostname="MacBook-Pro-Piotr.local" tests="8" failures="0" errors="0" skipped="0" time="0.2504465">
        <testcase classname="tests/unit/backend/middleware/planLimits.test.js" name="PlanLimits Middleware &gt; should return 403 if no organization found in user" time="0.005589041">
            <system-out>
[Database] Selected: SQLite

            </system-out>
        </testcase>
        <testcase classname="tests/unit/backend/middleware/planLimits.test.js" name="PlanLimits Middleware &gt; should return 404 if organization does not exist in DB" time="0.000935959">
        </testcase>
        <testcase classname="tests/unit/backend/middleware/planLimits.test.js" name="PlanLimits Middleware &gt; should allow request if within limit (Free plan)" time="0.002309666">
        </testcase>
        <testcase classname="tests/unit/backend/middleware/planLimits.test.js" name="PlanLimits Middleware &gt; should block request if limit reached (Free plan)" time="0.002553209">
        </testcase>
        <testcase classname="tests/unit/backend/middleware/planLimits.test.js" name="PlanLimits Middleware &gt; should allow request if within limit (Pro plan)" time="0.001906792">
        </testcase>
        <testcase classname="tests/unit/backend/middleware/planLimits.test.js" name="PlanLimits Middleware &gt; should treat trial status as pro plan" time="0.002392">
        </testcase>
        <testcase classname="tests/unit/backend/middleware/planLimits.test.js" name="PlanLimits Middleware &gt; should handle undefined limits gracefully (warn and allow)" time="0.002562875">
            <system-err>
Limit key unknown_limit_key not found for plan free

            </system-err>
        </testcase>
        <testcase classname="tests/unit/backend/middleware/planLimits.test.js" name="PlanLimits Middleware &gt; should check max_members limit" time="0.002136958">
        </testcase>
    </testsuite>
    <testsuite name="tests/unit/backend/middleware/projectQuotaMiddleware.test.js" timestamp="2025-12-21T08:31:14.375Z" hostname="MacBook-Pro-Piotr.local" tests="6" failures="0" errors="0" skipped="0" time="0.228349417">
        <testcase classname="tests/unit/backend/middleware/projectQuotaMiddleware.test.js" name="Project Quota Middleware (Integration) &gt; should skip check if no project_id provided" time="0.00089175">
        </testcase>
        <testcase classname="tests/unit/backend/middleware/projectQuotaMiddleware.test.js" name="Project Quota Middleware (Integration) &gt; should allow request if quota is sufficient" time="0.001580917">
        </testcase>
        <testcase classname="tests/unit/backend/middleware/projectQuotaMiddleware.test.js" name="Project Quota Middleware (Integration) &gt; should allow request if limit is NULL (unlimited)" time="0.001893292">
        </testcase>
        <testcase classname="tests/unit/backend/middleware/projectQuotaMiddleware.test.js" name="Project Quota Middleware (Integration) &gt; should block 429 if quota exceeded" time="0.003163792">
        </testcase>
        <testcase classname="tests/unit/backend/middleware/projectQuotaMiddleware.test.js" name="Project Quota Middleware (Integration) &gt; should cleanup temp file if quota exceeded" time="0.001723166">
        </testcase>
        <testcase classname="tests/unit/backend/middleware/projectQuotaMiddleware.test.js" name="Project Quota Middleware (Integration) &gt; should handle errors gracefully (e.g. project not found)" time="0.001112167">
            <system-err>
Project quota check error: Error: Project not found
    at Statement.&lt;anonymous&gt; (/Users/piotrwisniewski/Documents/Antygracity/DRD/consultify/server/services/usageService.js:300:41)
    at Statement.replacement (/Users/piotrwisniewski/Documents/Antygracity/DRD/consultify/server/node_modules/sqlite3/lib/trace.js:25:27)
    at Statement.replacement (/Users/piotrwisniewski/Documents/Antygracity/DRD/consultify/server/node_modules/sqlite3/lib/trace.js:25:27)

            </system-err>
        </testcase>
    </testsuite>
    <testsuite name="tests/unit/backend/middleware/quotaMiddleware.test.js" timestamp="2025-12-21T08:31:14.375Z" hostname="MacBook-Pro-Piotr.local" tests="8" failures="0" errors="0" skipped="0" time="0.230534">
        <testcase classname="tests/unit/backend/middleware/quotaMiddleware.test.js" name="Quota Middleware (Integration) &gt; enforceTokenQuota &gt; should return 401 if no orgId" time="0.001007125">
        </testcase>
        <testcase classname="tests/unit/backend/middleware/quotaMiddleware.test.js" name="Quota Middleware (Integration) &gt; enforceTokenQuota &gt; should allow if usage is below limit" time="0.004354375">
        </testcase>
        <testcase classname="tests/unit/backend/middleware/quotaMiddleware.test.js" name="Quota Middleware (Integration) &gt; enforceTokenQuota &gt; should block 429 if usage exceeds limit" time="0.001926542">
        </testcase>
        <testcase classname="tests/unit/backend/middleware/quotaMiddleware.test.js" name="Quota Middleware (Integration) &gt; enforceTokenQuota &gt; should allow if overage is enabled even if exceeded" time="0.001946667">
        </testcase>
        <testcase classname="tests/unit/backend/middleware/quotaMiddleware.test.js" name="Quota Middleware (Integration) &gt; enforceTokenQuota &gt; should set warning headers if &gt; 80%" time="0.001695625">
        </testcase>
        <testcase classname="tests/unit/backend/middleware/quotaMiddleware.test.js" name="Quota Middleware (Integration) &gt; enforceStorageQuota &gt; should allow if allowed" time="0.002017792">
        </testcase>
        <testcase classname="tests/unit/backend/middleware/quotaMiddleware.test.js" name="Quota Middleware (Integration) &gt; enforceStorageQuota &gt; should block 429 if exceeded" time="0.001395542">
        </testcase>
        <testcase classname="tests/unit/backend/middleware/quotaMiddleware.test.js" name="Quota Middleware (Integration) &gt; recordTokenUsageAfterResponse &gt; should insert usage record into DB" time="0.053151375">
        </testcase>
    </testsuite>
    <testsuite name="tests/unit/backend/middleware/superAdminMiddleware.test.js" timestamp="2025-12-21T08:31:14.376Z" hostname="MacBook-Pro-Piotr.local" tests="3" failures="0" errors="0" skipped="0" time="0.244077708">
        <testcase classname="tests/unit/backend/middleware/superAdminMiddleware.test.js" name="SuperAdminMiddleware &gt; should call next() if user is superadmin" time="0.002085333">
        </testcase>
        <testcase classname="tests/unit/backend/middleware/superAdminMiddleware.test.js" name="SuperAdminMiddleware &gt; should return 403 if user is admin (not super)" time="0.001181291">
        </testcase>
        <testcase classname="tests/unit/backend/middleware/superAdminMiddleware.test.js" name="SuperAdminMiddleware &gt; should return 401 if token is invalid (bad signature)" time="0.000881542">
        </testcase>
    </testsuite>
</testsuites>
