{"numTotalTestSuites":228,"numPassedTestSuites":228,"numFailedTestSuites":0,"numPendingTestSuites":0,"numTotalTests":602,"numPas    <testsuite name="tests/unit/governanceAudit.test.js" timestamp="2026-01-30T03:13:32.339Z" hostname="MacBook-Pro-Piotr.local" tests="4" failures="0" errors="0" skipped="0" time="0.004685667">
        <testcase classname="tests/unit/governanceAudit.test.js" name="GovernanceAuditService &gt; logAudit &gt; should log audit entry" time="0.0015875">
        </testcase>
        <testcase classname="tests/unit/governanceAudit.test.js" name="GovernanceAuditService &gt; logAudit &gt; should throw error for missing required parameters" time="0.000428375">
        </testcase>
        <testcase classname="tests/unit/governanceAudit.test.js" name="GovernanceAuditService &gt; logAudit &gt; should throw error for invalid action" time="0.000189041">
        </testcase>
        <testcase classname="tests/unit/governanceAudit.test.js" name="GovernanceAuditService &gt; getAuditLogs &gt; should return logs" time="0.000428417">
        </testcase>
    </testsuite>
    <testsuite name="tests/unit/settingsModules.test.tsx" timestamp="2026-01-30T03:13:32.350Z" hostname="MacBook-Pro-Piotr.local" tests="2" failures="0" errors="0" skipped="0" time="0.003464458">
        <testcase classname="tests/unit/settingsModules.test.tsx" name="SettingsModules &gt; should list modules" time="0.001412708">
        </testcase>
        <testcase classname="tests/unit/settingsModules.test.tsx" name="SettingsModules &gt; should save settings" time="0.000543291">
        </testcase>
    </testsuite>
    <testsuite name="tests/unit/utils.test.ts" timestamp="2026-01-30T03:13:32.354Z" hostname="MacBook-Pro-Piotr.local" tests="12" failures="0" errors="0" skipped="0" time="0.104942542">
        <testcase classname="tests/unit/utils.test.ts" name="Unit Test: Utilities &gt; formatNumber &gt; should format numbers in thousands" time="0.001704416">
        </testcase>
        <testcase classname="tests/unit/utils.test.ts" name="Unit Test: Utilities &gt; formatNumber &gt; should format numbers in millions" time="0.000296959">
        </testcase>
        <testcase classname="tests/unit/utils.test.ts" name="Unit Test: Utilities &gt; formatNumber &gt; should keep small numbers as is" time="0.00019825">
        </testcase>
        <testcase classname="tests/unit/utils.test.ts" name="Unit Test: Utilities &gt; formatCurrency &gt; should format USD currency correctly" time="0.066073833">
        </testcase>
        <testcase classname="tests/unit/utils.test.ts" name="Unit Test: Utilities &gt; formatCurrency &gt; should format EUR currency" time="0.000441416">
        </testcase>
        <testcase classname="tests/unit/utils.test.ts" name="Unit Test: Utilities &gt; truncateText &gt; should truncate long text with ellipsis" time="0.000230292">
        </testcase>
        <testcase classname="tests/unit/utils.test.ts" name="Unit Test: Utilities &gt; truncateText &gt; should not truncate text within limit" time="0.000160875">
        </testcase>
        <testcase classname="tests/unit/utils.test.ts" name="Unit Test: Utilities &gt; capitalizeFirst &gt; should capitalize first letter" time="0.001559833">
        </testcase>
        <testcase classname="tests/unit/utils.test.ts" name="Unit Test: Utilities &gt; capitalizeFirst &gt; should handle empty strings" time="0.000147666">
        </testcase>
        <testcase classname="tests/unit/utils.test.ts" name="Unit Test: Utilities &gt; slugify &gt; should create URL-friendly slugs" time="0.031203375">
        </testcase>
        <testcase classname="tests/unit/utils.test.ts" name="Unit Test: Utilities &gt; slugify &gt; should remove special characters" time="0.000288875">
        </testcase>
        <testcase classname="tests/unit/utils.test.ts" name="Unit Test: Utilities &gt; debounce &gt; should return a function" time="0.000135292">
        </testcase>
    </testsuite>
    <testsuite name="tests/unit/api/api-service.test.ts" timestamp="2026-01-30T03:13:32.380Z" hostname="MacBook-Pro-Piotr.local" tests="45" failures="0" errors="0" skipped="0" time="0.019542625">
        <testcase classname="tests/unit/api/api-service.test.ts" name="API Service Layer &gt; Request Handling &gt; should parse JSON body" time="0.002259958">
        </testcase>
        <testcase classname="tests/unit/api/api-service.test.ts" name="API Service Layer &gt; Request Handling &gt; should handle query parameters" time="0.001520042">
        </testcase>
        <testcase classname="tests/unit/api/api-service.test.ts" name="API Service Layer &gt; Request Handling &gt; should validate required fields" time="0.001257458">
        </testcase>
        <testcase classname="tests/unit/api/api-service.test.ts" name="API Service Layer &gt; Request Handling &gt; should sanitize input" time="0.001761042">
        </testcase>
        <testcase classname="tests/unit/api/api-service.test.ts" name="API Service Layer &gt; Request Handling &gt; should handle multipart form data" time="0.000281208">
        </testcase>
        <testcase classname="tests/unit/api/api-service.test.ts" name="API Service Layer &gt; Response Formatting &gt; should format success response" time="0.000754292">
        </testcase>
        <testcase classname="tests/unit/api/api-service.test.ts" name="API Service Layer &gt; Response Formatting &gt; should format error response" time="0.000822084">
        </testcase>
        <testcase classname="tests/unit/api/api-service.test.ts" name="API Service Layer &gt; Response Formatting &gt; should format paginated response" time="0.000395166">
        </testcase>
        <testcase classname="tests/unit/api/api-service.test.ts" name="API Service Layer &gt; Response Formatting &gt; should set proper content type" time="0.000222583">
        </testcase>
        <testcase classname="tests/unit/api/api-service.test.ts" name="API Service Layer &gt; Response Formatting &gt; should handle empty response" time="0.000483083">
        </testcase>
        <testcase classname="tests/unit/api/api-service.test.ts" name="API Service Layer &gt; Rate Limiting &gt; should track request count" time="0.000459458">
        </testcase>
        <testcase classname="tests/unit/api/api-service.test.ts" name="API Service Layer &gt; Rate Limiting &gt; should check rate limit" time="0.000159458">
        </testcase>
        <testcase classname="tests/unit/api/api-service.test.ts" name="API Service Layer &gt; Rate Limiting &gt; should calculate remaining requests" time="0.0001235">
        </testcase>
        <testcase classname="tests/unit/api/api-service.test.ts" name="API Service Layer &gt; Rate Limiting &gt; should reset after window" time="0.000140459">
        </testcase>
        <testcase classname="tests/unit/api/api-service.test.ts" name="API Service Layer &gt; Rate Limiting &gt; should return rate limit headers" time="0.000145083">
        </testcase>
        <testcase classname="tests/unit/api/api-service.test.ts" name="API Service Layer &gt; Caching &gt; should cache response" time="0.000143458">
        </testcase>
        <testcase classname="tests/unit/api/api-service.test.ts" name="API Service Layer &gt; Caching &gt; should generate cache key" time="0.00016075">
        </testcase>
        <testcase classname="tests/unit/api/api-service.test.ts" name="API Service Layer &gt; Caching &gt; should check cache expiry" time="0.000130375">
        </testcase>
        <testcase classname="tests/unit/api/api-service.test.ts" name="API Service Layer &gt; Caching &gt; should invalidate cache on mutation" time="0.000204125">
        </testcase>
        <testcase classname="tests/unit/api/api-service.test.ts" name="API Service Layer &gt; Caching &gt; should set cache control headers" time="0.000124708">
        </testcase>
        <testcase classname="tests/unit/api/api-service.test.ts" name="API Service Layer &gt; Error Handling &gt; should handle 400 Bad Request" time="0.000137167">
        </testcase>
        <testcase classname="tests/unit/api/api-service.test.ts" name="API Service Layer &gt; Error Handling &gt; should handle 401 Unauthorized" time="0.000128291">
        </testcase>
        <testcase classname="tests/unit/api/api-service.test.ts" name="API Service Layer &gt; Error Handling &gt; should handle 403 Forbidden" time="0.000117792">
        </testcase>
        <testcase classname="tests/unit/api/api-service.test.ts" name="API Service Layer &gt; Error Handling &gt; should handle 404 Not Found" time="0.00012225">
        </testcase>
        <testcase classname="tests/unit/api/api-service.test.ts" name="API Service Layer &gt; Error Handling &gt; should handle 500 Internal Error" time="0.000119375">
        </testcase>
        <testcase classname="tests/unit/api/api-service.test.ts" name="API Service Layer &gt; Error Handling &gt; should log errors" time="0.000703292">
        </testcase>
        <testcase classname="tests/unit/api/api-service.test.ts" name="API Service Layer &gt; Middleware &gt; should parse authorization header" time="0.000253458">
        </testcase>
        <testcase classname="tests/unit/api/api-service.test.ts" name="API Service Layer &gt; Middleware &gt; should extract user from token" time="0.000163541">
        </testcase>
        <testcase classname="tests/unit/api/api-service.test.ts" name="API Service Layer &gt; Middleware &gt; should validate content type" time="0.000137708">
        </testcase>
        <testcase classname="tests/unit/api/api-service.test.ts" name="API Service Layer &gt; Middleware &gt; should handle CORS" time="0.000129834">
        </testcase>
        <testcase classname="tests/unit/api/api-service.test.ts" name="API Service Layer &gt; Middleware &gt; should compress response" time="0.000125792">
        </testcase>
        <testcase classname="tests/unit/api/api-service.test.ts" name="API Service Layer &gt; Validation &gt; should validate email format" time="0.000201416">
        </testcase>
        <testcase classname="tests/unit/api/api-service.test.ts" name="API Service Layer &gt; Validation &gt; should validate URL format" time="0.000154958">
        </testcase>
        <testcase classname="tests/unit/api/api-service.test.ts" name="API Service Layer &gt; Validation &gt; should validate UUID format" time="0.00021325">
        </testcase>
        <testcase classname="tests/unit/api/api-service.test.ts" name="API Service Layer &gt; Validation &gt; should validate date format" time="0.000145958">
        </testcase>
        <testcase classname="tests/unit/api/api-service.test.ts" name="API Service Layer &gt; Validation &gt; should validate numeric range" time="0.000123917">
        </testcase>
        <testcase classname="tests/unit/api/api-service.test.ts" name="WebSocket Service &gt; Connection Management &gt; should track connected clients" time="0.0001315">
        </testcase>
        <testcase classname="tests/unit/api/api-service.test.ts" name="WebSocket Service &gt; Connection Management &gt; should handle disconnection" time="0.000112292">
        </testcase>
        <testcase classname="tests/unit/api/api-service.test.ts" name="WebSocket Service &gt; Connection Management &gt; should broadcast to all clients" time="0.000226">
        </testcase>
        <testcase classname="tests/unit/api/api-service.test.ts" name="WebSocket Service &gt; Connection Management &gt; should send to specific client" time="0.000116542">
        </testcase>
        <testcase classname="tests/unit/api/api-service.test.ts" name="WebSocket Service &gt; Connection Management &gt; should handle heartbeat" time="0.0001365">
        </testcase>
        <testcase classname="tests/unit/api/api-service.test.ts" name="WebSocket Service &gt; Event Handling &gt; should subscribe to channel" time="0.000123042">
        </testcase>
        <testcase classname="tests/unit/api/api-service.test.ts" name="WebSocket Service &gt; Event Handling &gt; should unsubscribe from channel" time="0.000123875">
        </testcase>
        <testcase classname="tests/unit/api/api-service.test.ts" name="WebSocket Service &gt; Event Handling &gt; should publish to channel" time="0.000347375">
        </testcase>
        <testcase classname="tests/unit/api/api-service.test.ts" name="WebSocket Service &gt; Event Handling &gt; should filter events by type" time="0.000565167">
        </testcase>
    </testsuite>
    <testsuite name="tests/unit/assessment/assessment-module.test.ts" timestamp="2026-01-30T03:13:32.480Z" hostname="MacBook-Pro-Piotr.local" tests="24" failures="0" errors="0" skipped="0" time="0.020178709">
        <testcase classname="tests/unit/assessment/assessment-module.test.ts" name="Assessment Module &gt; Maturity Assessment &gt; should create assessment" time="0.009760958">
        </testcase>
        <testcase classname="tests/unit/assessment/assessment-module.test.ts" name="Assessment Module &gt; Maturity Assessment &gt; should define maturity dimensions" time="0.000935">
        </testcase>
        <testcase classname="tests/unit/assessment/assessment-module.test.ts" name="Assessment Module &gt; Maturity Assessment &gt; should calculate dimension score" time="0.000261416">
        </testcase>
        <testcase classname="tests/unit/assessment/assessment-module.test.ts" name="Assessment Module &gt; Maturity Assessment &gt; should calculate overall maturity level" time="0.000280375">
        </testcase>
        <testcase classname="tests/unit/assessment/assessment-module.test.ts" name="Assessment Module &gt; Maturity Assessment &gt; should determine maturity level from score" time="0.0002365">
        </testcase>
        <testcase classname="tests/unit/assessment/assessment-module.test.ts" name="Assessment Module &gt; Assessment Questions &gt; should create question" time="0.000192708">
        </testcase>
        <testcase classname="tests/unit/assessment/assessment-module.test.ts" name="Assessment Module &gt; Assessment Questions &gt; should validate answer within scale" time="0.000150333">
        </testcase>
        <testcase classname="tests/unit/assessment/assessment-module.test.ts" name="Assessment Module &gt; Assessment Questions &gt; should reject answer outside scale" time="0.000137084">
        </testcase>
        <testcase classname="tests/unit/assessment/assessment-module.test.ts" name="Assessment Module &gt; Assessment Questions &gt; should calculate weighted score" time="0.000351584">
        </testcase>
        <testcase classname="tests/unit/assessment/assessment-module.test.ts" name="Assessment Module &gt; Gap Analysis &gt; should calculate gap between current and target" time="0.00086475">
        </testcase>
        <testcase classname="tests/unit/assessment/assessment-module.test.ts" name="Assessment Module &gt; Gap Analysis &gt; should identify priority areas" time="0.000583125">
        </testcase>
        <testcase classname="tests/unit/assessment/assessment-module.test.ts" name="Assessment Module &gt; Gap Analysis &gt; should calculate improvement effort" time="0.000414625">
        </testcase>
        <testcase classname="tests/unit/assessment/assessment-module.test.ts" name="Assessment Module &gt; Recommendations &gt; should generate recommendations based on gaps" time="0.000609916">
        </testcase>
        <testcase classname="tests/unit/assessment/assessment-module.test.ts" name="Assessment Module &gt; Recommendations &gt; should prioritize recommendations" time="0.000326791">
        </testcase>
        <testcase classname="tests/unit/assessment/assessment-module.test.ts" name="Assessment Module &gt; Rapid Lean Assessment &gt; should create rapid assessment" time="0.000296041">
        </testcase>
        <testcase classname="tests/unit/assessment/assessment-module.test.ts" name="Assessment Module &gt; Rapid Lean Assessment &gt; should calculate lean maturity" time="0.000191292">
        </testcase>
        <testcase classname="tests/unit/assessment/assessment-module.test.ts" name="Assessment Module &gt; Rapid Lean Assessment &gt; should identify waste types" time="0.000384209">
        </testcase>
        <testcase classname="tests/unit/assessment/assessment-module.test.ts" name="Assessment Module &gt; Assessment Progress &gt; should track completion progress" time="0.000144792">
        </testcase>
        <testcase classname="tests/unit/assessment/assessment-module.test.ts" name="Assessment Module &gt; Assessment Progress &gt; should save progress" time="0.000221417">
        </testcase>
        <testcase classname="tests/unit/assessment/assessment-module.test.ts" name="Assessment Module &gt; Assessment Progress &gt; should resume from saved progress" time="0.000132542">
        </testcase>
        <testcase classname="tests/unit/assessment/assessment-module.test.ts" name="Assessment Module &gt; Benchmark Comparison &gt; should compare against industry benchmark" time="0.000490875">
        </testcase>
        <testcase classname="tests/unit/assessment/assessment-module.test.ts" name="Assessment Module &gt; Benchmark Comparison &gt; should calculate percentile rank" time="0.000360583">
        </testcase>
        <testcase classname="tests/unit/assessment/assessment-module.test.ts" name="Assessment Module &gt; Assessment Templates &gt; should create assessment template" time="0.000183417">
        </testcase>
        <testcase classname="tests/unit/assessment/assessment-module.test.ts" name="Assessment Module &gt; Assessment Templates &gt; should clone template for organization" time="0.000311458">
        </testcase>
    </testsuite>
    <testsuite name="tests/unit/audit/audit-logging.test.ts" timestamp="2026-01-30T03:13:32.605Z" hostname="MacBook-Pro-Piotr.local" tests="35" failures="0" errors="0" skipped="0" time="0.018013666">
        <testcase classname="tests/unit/audit/audit-logging.test.ts" name="Audit &amp; Logging Module &gt; Audit Trail &gt; should create audit entry" time="0.002099583">
        </testcase>
        <testcase classname="tests/unit/audit/audit-logging.test.ts" name="Audit &amp; Logging Module &gt; Audit Trail &gt; should track before/after values" time="0.00034775">
        </testcase>
        <testcase classname="tests/unit/audit/audit-logging.test.ts" name="Audit &amp; Logging Module &gt; Audit Trail &gt; should track bulk operations" time="0.000247834">
        </testcase>
        <testcase classname="tests/unit/audit/audit-logging.test.ts" name="Audit &amp; Logging Module &gt; Audit Trail &gt; should include request context" time="0.000231666">
        </testcase>
        <testcase classname="tests/unit/audit/audit-logging.test.ts" name="Audit &amp; Logging Module &gt; Audit Trail &gt; should filter by entity" time="0.001413584">
        </testcase>
        <testcase classname="tests/unit/audit/audit-logging.test.ts" name="Audit &amp; Logging Module &gt; Audit Trail &gt; should filter by date range" time="0.000766917">
        </testcase>
        <testcase classname="tests/unit/audit/audit-logging.test.ts" name="Audit &amp; Logging Module &gt; Audit Trail &gt; should filter by actor" time="0.0003635">
        </testcase>
        <testcase classname="tests/unit/audit/audit-logging.test.ts" name="Audit &amp; Logging Module &gt; Application Logging &gt; should log with levels" time="0.000586708">
        </testcase>
        <testcase classname="tests/unit/audit/audit-logging.test.ts" name="Audit &amp; Logging Module &gt; Application Logging &gt; should format log message" time="0.00043825">
        </testcase>
        <testcase classname="tests/unit/audit/audit-logging.test.ts" name="Audit &amp; Logging Module &gt; Application Logging &gt; should include stack trace for errors" time="0.003695083">
        </testcase>
        <testcase classname="tests/unit/audit/audit-logging.test.ts" name="Audit &amp; Logging Module &gt; Application Logging &gt; should redact sensitive data" time="0.000235583">
        </testcase>
        <testcase classname="tests/unit/audit/audit-logging.test.ts" name="Audit &amp; Logging Module &gt; Application Logging &gt; should add correlation ID" time="0.000153375">
        </testcase>
        <testcase classname="tests/unit/audit/audit-logging.test.ts" name="Audit &amp; Logging Module &gt; Application Logging &gt; should log request/response" time="0.000154708">
        </testcase>
        <testcase classname="tests/unit/audit/audit-logging.test.ts" name="Audit &amp; Logging Module &gt; Error Tracking &gt; should capture error details" time="0.000138875">
        </testcase>
        <testcase classname="tests/unit/audit/audit-logging.test.ts" name="Audit &amp; Logging Module &gt; Error Tracking &gt; should group similar errors" time="0.000159625">
        </testcase>
        <testcase classname="tests/unit/audit/audit-logging.test.ts" name="Audit &amp; Logging Module &gt; Error Tracking &gt; should track error frequency" time="0.000265542">
        </testcase>
        <testcase classname="tests/unit/audit/audit-logging.test.ts" name="Audit &amp; Logging Module &gt; Error Tracking &gt; should create error report" time="0.000143125">
        </testcase>
        <testcase classname="tests/unit/audit/audit-logging.test.ts" name="Audit &amp; Logging Module &gt; Metrics Collection &gt; should track counter metric" time="0.000131208">
        </testcase>
        <testcase classname="tests/unit/audit/audit-logging.test.ts" name="Audit &amp; Logging Module &gt; Metrics Collection &gt; should track gauge metric" time="0.000121333">
        </testcase>
        <testcase classname="tests/unit/audit/audit-logging.test.ts" name="Audit &amp; Logging Module &gt; Metrics Collection &gt; should track histogram metric" time="0.000565875">
        </testcase>
        <testcase classname="tests/unit/audit/audit-logging.test.ts" name="Audit &amp; Logging Module &gt; Metrics Collection &gt; should calculate percentiles" time="0.000491458">
        </testcase>
        <testcase classname="tests/unit/audit/audit-logging.test.ts" name="Audit &amp; Logging Module &gt; Metrics Collection &gt; should aggregate by time window" time="0.000702292">
        </testcase>
        <testcase classname="tests/unit/audit/audit-logging.test.ts" name="Audit &amp; Logging Module &gt; Compliance Logging &gt; should log data access" time="0.00021475">
        </testcase>
        <testcase classname="tests/unit/audit/audit-logging.test.ts" name="Audit &amp; Logging Module &gt; Compliance Logging &gt; should log consent changes" time="0.00017225">
        </testcase>
        <testcase classname="tests/unit/audit/audit-logging.test.ts" name="Audit &amp; Logging Module &gt; Compliance Logging &gt; should log data deletion" time="0.000344792">
        </testcase>
        <testcase classname="tests/unit/audit/audit-logging.test.ts" name="Audit &amp; Logging Module &gt; Compliance Logging &gt; should log data export" time="0.000157833">
        </testcase>
        <testcase classname="tests/unit/audit/audit-logging.test.ts" name="Audit &amp; Logging Module &gt; Compliance Logging &gt; should log security events" time="0.000133">
        </testcase>
        <testcase classname="tests/unit/audit/audit-logging.test.ts" name="Audit &amp; Logging Module &gt; Log Retention &gt; should calculate retention period" time="0.000143625">
        </testcase>
        <testcase classname="tests/unit/audit/audit-logging.test.ts" name="Audit &amp; Logging Module &gt; Log Retention &gt; should archive old logs" time="0.000202875">
        </testcase>
        <testcase classname="tests/unit/audit/audit-logging.test.ts" name="Audit &amp; Logging Module &gt; Log Retention &gt; should delete expired logs" time="0.00017575">
        </testcase>
        <testcase classname="tests/unit/audit/audit-logging.test.ts" name="Audit &amp; Logging Module &gt; Log Retention &gt; should compress archived logs" time="0.000167375">
        </testcase>
        <testcase classname="tests/unit/audit/audit-logging.test.ts" name="Health Checks &gt; Service Health &gt; should check database connection" time="0.000137542">
        </testcase>
        <testcase classname="tests/unit/audit/audit-logging.test.ts" name="Health Checks &gt; Service Health &gt; should check cache connection" time="0.000117958">
        </testcase>
        <testcase classname="tests/unit/audit/audit-logging.test.ts" name="Health Checks &gt; Service Health &gt; should check external service" time="0.000113792">
        </testcase>
        <testcase classname="tests/unit/audit/audit-logging.test.ts" name="Health Checks &gt; Service Health &gt; should aggregate health status" time="0.000172333">
        </testcase>
    </testsuite>
    <testsuite name="tests/unit/auth/auth-module.test.ts" timestamp="2026-01-30T03:13:32.646Z" hostname="MacBook-Pro-Piotr.local" tests="21" failures="0" errors="0" skipped="0" time="0.009559959">
        <testcase classname="tests/unit/auth/auth-module.test.ts" name="Authentication Module &gt; User Registration &gt; should validate registration data" time="0.002539625">
        </testcase>
        <testcase classname="tests/unit/auth/auth-module.test.ts" name="Authentication Module &gt; User Registration &gt; should check email uniqueness" time="0.000421167">
        </testcase>
        <testcase classname="tests/unit/auth/auth-module.test.ts" name="Authentication Module &gt; User Registration &gt; should generate verification token" time="0.000289625">
        </testcase>
        <testcase classname="tests/unit/auth/auth-module.test.ts" name="Authentication Module &gt; Login &gt; should validate credentials format" time="0.000365042">
        </testcase>
        <testcase classname="tests/unit/auth/auth-module.test.ts" name="Authentication Module &gt; Login &gt; should track login attempts" time="0.000442916">
        </testcase>
        <testcase classname="tests/unit/auth/auth-module.test.ts" name="Authentication Module &gt; Login &gt; should lock account after max attempts" time="0.000258417">
        </testcase>
        <testcase classname="tests/unit/auth/auth-module.test.ts" name="Authentication Module &gt; Login &gt; should generate access token" time="0.000208667">
        </testcase>
        <testcase classname="tests/unit/auth/auth-module.test.ts" name="Authentication Module &gt; Password Management &gt; should validate password strength" time="0.000255375">
        </testcase>
        <testcase classname="tests/unit/auth/auth-module.test.ts" name="Authentication Module &gt; Password Management &gt; should calculate password strength score" time="0.000329375">
        </testcase>
        <testcase classname="tests/unit/auth/auth-module.test.ts" name="Authentication Module &gt; Password Management &gt; should check password history" time="0.00023475">
        </testcase>
        <testcase classname="tests/unit/auth/auth-module.test.ts" name="Authentication Module &gt; Multi-Factor Authentication &gt; should generate backup codes" time="0.000868291">
        </testcase>
        <testcase classname="tests/unit/auth/auth-module.test.ts" name="Authentication Module &gt; Multi-Factor Authentication &gt; should validate TOTP code format" time="0.000176833">
        </testcase>
        <testcase classname="tests/unit/auth/auth-module.test.ts" name="Authentication Module &gt; Multi-Factor Authentication &gt; should consume backup code" time="0.00014125">
        </testcase>
        <testcase classname="tests/unit/auth/auth-module.test.ts" name="Authentication Module &gt; Session Management &gt; should create session" time="0.000132458">
        </testcase>
        <testcase classname="tests/unit/auth/auth-module.test.ts" name="Authentication Module &gt; Session Management &gt; should detect session expiry" time="0.000125458">
        </testcase>
        <testcase classname="tests/unit/auth/auth-module.test.ts" name="Authentication Module &gt; Session Management &gt; should list user sessions" time="0.000184833">
        </testcase>
        <testcase classname="tests/unit/auth/auth-module.test.ts" name="Authentication Module &gt; OAuth &gt; should generate OAuth state" time="0.000119583">
        </testcase>
        <testcase classname="tests/unit/auth/auth-module.test.ts" name="Authentication Module &gt; OAuth &gt; should validate OAuth callback" time="0.000126708">
        </testcase>
        <testcase classname="tests/unit/auth/auth-module.test.ts" name="Authentication Module &gt; OAuth &gt; should map OAuth provider data" time="0.000204416">
        </testcase>
        <testcase classname="tests/unit/auth/auth-module.test.ts" name="Authentication Module &gt; Email Verification &gt; should generate verification link" time="0.00012675">
        </testcase>
        <testcase classname="tests/unit/auth/auth-module.test.ts" name="Authentication Module &gt; Email Verification &gt; should mark email as verified" time="0.000136542">
        </testcase>
    </testsuite>
    <testsuite name="tests/unit/billing/billing-module.test.ts" timestamp="2026-01-30T03:13:32.691Z" hostname="MacBook-Pro-Piotr.local" tests="30" failures="0" errors="0" skipped="0" time="0.054581917">
        <testcase classname="tests/unit/billing/billing-module.test.ts" name="Billing Module &gt; Invoice Generation &gt; should create invoice" time="0.007595">
        </testcase>
        <testcase classname="tests/unit/billing/billing-module.test.ts" name="Billing Module &gt; Invoice Generation &gt; should add line items" time="0.000359708">
        </testcase>
        <testcase classname="tests/unit/billing/billing-module.test.ts" name="Billing Module &gt; Invoice Generation &gt; should calculate tax" time="0.000293333">
        </testcase>
        <testcase classname="tests/unit/billing/billing-module.test.ts" name="Billing Module &gt; Invoice Generation &gt; should calculate invoice total" time="0.000197542">
        </testcase>
        <testcase classname="tests/unit/billing/billing-module.test.ts" name="Billing Module &gt; Invoice Generation &gt; should generate invoice number" time="0.000419083">
        </testcase>
        <testcase classname="tests/unit/billing/billing-module.test.ts" name="Billing Module &gt; Payment Processing &gt; should create payment record" time="0.000198959">
        </testcase>
        <testcase classname="tests/unit/billing/billing-module.test.ts" name="Billing Module &gt; Payment Processing &gt; should process successful payment" time="0.000164542">
        </testcase>
        <testcase classname="tests/unit/billing/billing-module.test.ts" name="Billing Module &gt; Payment Processing &gt; should handle payment failure" time="0.000138958">
        </testcase>
        <testcase classname="tests/unit/billing/billing-module.test.ts" name="Billing Module &gt; Payment Processing &gt; should calculate payment fee" time="0.000159666">
        </testcase>
        <testcase classname="tests/unit/billing/billing-module.test.ts" name="Billing Module &gt; Payment Processing &gt; should process refund" time="0.000202416">
        </testcase>
        <testcase classname="tests/unit/billing/billing-module.test.ts" name="Billing Module &gt; Subscription Billing &gt; should calculate prorated amount for upgrade" time="0.000141709">
        </testcase>
        <testcase classname="tests/unit/billing/billing-module.test.ts" name="Billing Module &gt; Subscription Billing &gt; should calculate next billing date" time="0.000180917">
        </testcase>
        <testcase classname="tests/unit/billing/billing-module.test.ts" name="Billing Module &gt; Subscription Billing &gt; should apply credit balance" time="0.000148041">
        </testcase>
        <testcase classname="tests/unit/billing/billing-module.test.ts" name="Billing Module &gt; Payment Methods &gt; should validate card expiry" time="0.000137917">
        </testcase>
        <testcase classname="tests/unit/billing/billing-module.test.ts" name="Billing Module &gt; Payment Methods &gt; should mask card number" time="0.00011575">
        </testcase>
        <testcase classname="tests/unit/billing/billing-module.test.ts" name="Billing Module &gt; Payment Methods &gt; should detect card brand" time="0.000117916">
        </testcase>
        <testcase classname="tests/unit/billing/billing-module.test.ts" name="Billing Module &gt; Payment Methods &gt; should set default payment method" time="0.000127208">
        </testcase>
        <testcase classname="tests/unit/billing/billing-module.test.ts" name="Billing Module &gt; Usage-Based Billing &gt; should track API usage" time="0.000121625">
        </testcase>
        <testcase classname="tests/unit/billing/billing-module.test.ts" name="Billing Module &gt; Usage-Based Billing &gt; should calculate storage charges" time="0.000118208">
        </testcase>
        <testcase classname="tests/unit/billing/billing-module.test.ts" name="Billing Module &gt; Usage-Based Billing &gt; should aggregate usage metrics" time="0.000137125">
        </testcase>
        <testcase classname="tests/unit/billing/billing-module.test.ts" name="Billing Module &gt; Discounts &amp; Credits &gt; should apply percentage discount" time="0.000137333">
        </testcase>
        <testcase classname="tests/unit/billing/billing-module.test.ts" name="Billing Module &gt; Discounts &amp; Credits &gt; should apply fixed discount" time="0.000156208">
        </testcase>
        <testcase classname="tests/unit/billing/billing-module.test.ts" name="Billing Module &gt; Discounts &amp; Credits &gt; should add credit to account" time="0.001155958">
        </testcase>
        <testcase classname="tests/unit/billing/billing-module.test.ts" name="Billing Module &gt; Discounts &amp; Credits &gt; should track discount usage" time="0.000279583">
        </testcase>
        <testcase classname="tests/unit/billing/billing-module.test.ts" name="Billing Module &gt; Billing History &gt; should list invoices" time="0.001796083">
        </testcase>
        <testcase classname="tests/unit/billing/billing-module.test.ts" name="Billing Module &gt; Billing History &gt; should calculate total spent" time="0.000178042">
        </testcase>
        <testcase classname="tests/unit/billing/billing-module.test.ts" name="Billing Module &gt; Billing History &gt; should filter by date range" time="0.0002285">
        </testcase>
        <testcase classname="tests/unit/billing/billing-module.test.ts" name="Billing Module &gt; Dunning Management &gt; should track failed payment attempts" time="0.000149833">
        </testcase>
        <testcase classname="tests/unit/billing/billing-module.test.ts" name="Billing Module &gt; Dunning Management &gt; should send dunning email" time="0.000128791">
        </testcase>
        <testcase classname="tests/unit/billing/billing-module.test.ts" name="Billing Module &gt; Dunning Management &gt; should suspend after max failures" time="0.000129333">
        </testcase>
    </testsuite>
    <testsuite name="tests/unit/collaboration/collaboration-module.test.ts" timestamp="2026-01-30T03:13:32.727Z" hostname="MacBook-Pro-Piotr.local" tests="33" failures="0" errors="0" skipped="0" time="0.046392459">
        <testcase classname="tests/unit/collaboration/collaboration-module.test.ts" name="Collaboration Module &gt; Comments System &gt; should create comment" time="0.00200375">
        </testcase>
        <testcase classname="tests/unit/collaboration/collaboration-module.test.ts" name="Collaboration Module &gt; Comments System &gt; should create reply" time="0.000336875">
        </testcase>
        <testcase classname="tests/unit/collaboration/collaboration-module.test.ts" name="Collaboration Module &gt; Comments System &gt; should mention users" time="0.000873042">
        </testcase>
        <testcase classname="tests/unit/collaboration/collaboration-module.test.ts" name="Collaboration Module &gt; Comments System &gt; should count comments" time="0.000282083">
        </testcase>
        <testcase classname="tests/unit/collaboration/collaboration-module.test.ts" name="Collaboration Module &gt; Comments System &gt; should track reactions" time="0.000224708">
        </testcase>
        <testcase classname="tests/unit/collaboration/collaboration-module.test.ts" name="Collaboration Module &gt; Activity Feed &gt; should log activity" time="0.002815166">
        </testcase>
        <testcase classname="tests/unit/collaboration/collaboration-module.test.ts" name="Collaboration Module &gt; Activity Feed &gt; should filter by entity" time="0.000849083">
        </testcase>
        <testcase classname="tests/unit/collaboration/collaboration-module.test.ts" name="Collaboration Module &gt; Activity Feed &gt; should group by date" time="0.0034105">
        </testcase>
        <testcase classname="tests/unit/collaboration/collaboration-module.test.ts" name="Collaboration Module &gt; Activity Feed &gt; should track actor activities" time="0.000485333">
        </testcase>
        <testcase classname="tests/unit/collaboration/collaboration-module.test.ts" name="Collaboration Module &gt; File Sharing &gt; should upload file" time="0.0009915">
        </testcase>
        <testcase classname="tests/unit/collaboration/collaboration-module.test.ts" name="Collaboration Module &gt; File Sharing &gt; should validate file type" time="0.000817458">
        </testcase>
        <testcase classname="tests/unit/collaboration/collaboration-module.test.ts" name="Collaboration Module &gt; File Sharing &gt; should check file size limit" time="0.000205041">
        </testcase>
        <testcase classname="tests/unit/collaboration/collaboration-module.test.ts" name="Collaboration Module &gt; File Sharing &gt; should generate thumbnail" time="0.000159417">
        </testcase>
        <testcase classname="tests/unit/collaboration/collaboration-module.test.ts" name="Collaboration Module &gt; File Sharing &gt; should track file versions" time="0.000759542">
        </testcase>
        <testcase classname="tests/unit/collaboration/collaboration-module.test.ts" name="Collaboration Module &gt; Real-time Collaboration &gt; should track online users" time="0.020067958">
        </testcase>
        <testcase classname="tests/unit/collaboration/collaboration-module.test.ts" name="Collaboration Module &gt; Real-time Collaboration &gt; should broadcast updates" time="0.003156958">
        </testcase>
        <testcase classname="tests/unit/collaboration/collaboration-module.test.ts" name="Collaboration Module &gt; Real-time Collaboration &gt; should handle presence" time="0.000189">
        </testcase>
        <testcase classname="tests/unit/collaboration/collaboration-module.test.ts" name="Collaboration Module &gt; Real-time Collaboration &gt; should detect concurrent edits" time="0.000156416">
        </testcase>
        <testcase classname="tests/unit/collaboration/collaboration-module.test.ts" name="Collaboration Module &gt; Notifications &gt; should create notification" time="0.000138">
        </testcase>
        <testcase classname="tests/unit/collaboration/collaboration-module.test.ts" name="Collaboration Module &gt; Notifications &gt; should mark as read" time="0.000138916">
        </testcase>
        <testcase classname="tests/unit/collaboration/collaboration-module.test.ts" name="Collaboration Module &gt; Notifications &gt; should count unread" time="0.000289917">
        </testcase>
        <testcase classname="tests/unit/collaboration/collaboration-module.test.ts" name="Collaboration Module &gt; Notifications &gt; should group by type" time="0.000259625">
        </testcase>
        <testcase classname="tests/unit/collaboration/collaboration-module.test.ts" name="Collaboration Module &gt; Notifications &gt; should handle notification preferences" time="0.000159083">
        </testcase>
        <testcase classname="tests/unit/collaboration/collaboration-module.test.ts" name="Collaboration Module &gt; Sharing &amp; Permissions &gt; should share with user" time="0.000145083">
        </testcase>
        <testcase classname="tests/unit/collaboration/collaboration-module.test.ts" name="Collaboration Module &gt; Sharing &amp; Permissions &gt; should share with team" time="0.000152334">
        </testcase>
        <testcase classname="tests/unit/collaboration/collaboration-module.test.ts" name="Collaboration Module &gt; Sharing &amp; Permissions &gt; should generate share link" time="0.000750333">
        </testcase>
        <testcase classname="tests/unit/collaboration/collaboration-module.test.ts" name="Collaboration Module &gt; Sharing &amp; Permissions &gt; should set link expiry" time="0.000196291">
        </testcase>
        <testcase classname="tests/unit/collaboration/collaboration-module.test.ts" name="Collaboration Module &gt; Sharing &amp; Permissions &gt; should revoke access" time="0.000229291">
        </testcase>
        <testcase classname="tests/unit/collaboration/collaboration-module.test.ts" name="Templates Module &gt; Project Templates &gt; should create template" time="0.000184542">
        </testcase>
        <testcase classname="tests/unit/collaboration/collaboration-module.test.ts" name="Templates Module &gt; Project Templates &gt; should apply template to project" time="0.000207209">
        </testcase>
        <testcase classname="tests/unit/collaboration/collaboration-module.test.ts" name="Templates Module &gt; Project Templates &gt; should customize template" time="0.000401125">
        </testcase>
        <testcase classname="tests/unit/collaboration/collaboration-module.test.ts" name="Templates Module &gt; Document Templates &gt; should create document template" time="0.000150125">
        </testcase>
        <testcase classname="tests/unit/collaboration/collaboration-module.test.ts" name="Templates Module &gt; Document Templates &gt; should fill template variables" time="0.0002345">
        </testcase>
    </testsuite>
    <testsuite name="tests/unit/components/ui-components.test.ts" timestamp="2026-01-30T03:13:32.759Z" hostname="MacBook-Pro-Piotr.local" tests="53" failures="0" errors="0" skipped="0" time="0.133395958">
        <testcase classname="tests/unit/components/ui-components.test.ts" name="UI Components &gt; Button Component &gt; should render button text" time="0.001498333">
        </testcase>
        <testcase classname="tests/unit/components/ui-components.test.ts" name="UI Components &gt; Button Component &gt; should handle disabled state" time="0.00132225">
        </testcase>
        <testcase classname="tests/unit/components/ui-components.test.ts" name="UI Components &gt; Button Component &gt; should apply variant styles" time="0.000880334">
        </testcase>
        <testcase classname="tests/unit/components/ui-components.test.ts" name="UI Components &gt; Button Component &gt; should show loading state" time="0.000215916">
        </testcase>
        <testcase classname="tests/unit/components/ui-components.test.ts" name="UI Components &gt; Button Component &gt; should handle icon positions" time="0.000233125">
        </testcase>
        <testcase classname="tests/unit/components/ui-components.test.ts" name="UI Components &gt; Input Component &gt; should handle value change" time="0.000216458">
        </testcase>
        <testcase classname="tests/unit/components/ui-components.test.ts" name="UI Components &gt; Input Component &gt; should show error state" time="0.000164667">
        </testcase>
        <testcase classname="tests/unit/components/ui-components.test.ts" name="UI Components &gt; Input Component &gt; should show helper text" time="0.000134333">
        </testcase>
        <testcase classname="tests/unit/components/ui-components.test.ts" name="UI Components &gt; Input Component &gt; should handle placeholder" time="0.000159875">
        </testcase>
        <testcase classname="tests/unit/components/ui-components.test.ts" name="UI Components &gt; Input Component &gt; should support different types" time="0.000263959">
        </testcase>
        <testcase classname="tests/unit/components/ui-components.test.ts" name="UI Components &gt; Select Component &gt; should render options" time="0.000403083">
        </testcase>
        <testcase classname="tests/unit/components/ui-components.test.ts" name="UI Components &gt; Select Component &gt; should handle selection" time="0.000151291">
        </testcase>
        <testcase classname="tests/unit/components/ui-components.test.ts" name="UI Components &gt; Select Component &gt; should support multi-select" time="0.000209792">
        </testcase>
        <testcase classname="tests/unit/components/ui-components.test.ts" name="UI Components &gt; Select Component &gt; should support search/filter" time="0.000254">
        </testcase>
        <testcase classname="tests/unit/components/ui-components.test.ts" name="UI Components &gt; Select Component &gt; should handle empty state" time="0.00018075">
        </testcase>
        <testcase classname="tests/unit/components/ui-components.test.ts" name="UI Components &gt; Modal Component &gt; should control visibility" time="0.000150292">
        </testcase>
        <testcase classname="tests/unit/components/ui-components.test.ts" name="UI Components &gt; Modal Component &gt; should render title" time="0.000114125">
        </testcase>
        <testcase classname="tests/unit/components/ui-components.test.ts" name="UI Components &gt; Modal Component &gt; should handle close on overlay click" time="0.000109625">
        </testcase>
        <testcase classname="tests/unit/components/ui-components.test.ts" name="UI Components &gt; Modal Component &gt; should prevent body scroll" time="0.000110875">
        </testcase>
        <testcase classname="tests/unit/components/ui-components.test.ts" name="UI Components &gt; Modal Component &gt; should support different sizes" time="0.000148292">
        </testcase>
        <testcase classname="tests/unit/components/ui-components.test.ts" name="UI Components &gt; Toast/Notification Component &gt; should create notification" time="0.000140208">
        </testcase>
        <testcase classname="tests/unit/components/ui-components.test.ts" name="UI Components &gt; Toast/Notification Component &gt; should auto-dismiss" time="0.0001365">
        </testcase>
        <testcase classname="tests/unit/components/ui-components.test.ts" name="UI Components &gt; Toast/Notification Component &gt; should support different types" time="0.00014675">
        </testcase>
        <testcase classname="tests/unit/components/ui-components.test.ts" name="UI Components &gt; Toast/Notification Component &gt; should queue notifications" time="0.000152583">
        </testcase>
        <testcase classname="tests/unit/components/ui-components.test.ts" name="UI Components &gt; Toast/Notification Component &gt; should allow manual dismiss" time="0.000166291">
        </testcase>
        <testcase classname="tests/unit/components/ui-components.test.ts" name="UI Components &gt; Table Component &gt; should render columns" time="0.000155625">
        </testcase>
        <testcase classname="tests/unit/components/ui-components.test.ts" name="UI Components &gt; Table Component &gt; should render rows" time="0.0001705">
        </testcase>
        <testcase classname="tests/unit/components/ui-components.test.ts" name="UI Components &gt; Table Component &gt; should handle sorting" time="0.114522458">
        </testcase>
        <testcase classname="tests/unit/components/ui-components.test.ts" name="UI Components &gt; Table Component &gt; should handle row selection" time="0.000227708">
        </testcase>
        <testcase classname="tests/unit/components/ui-components.test.ts" name="UI Components &gt; Table Component &gt; should handle pagination" time="0.000146375">
        </testcase>
        <testcase classname="tests/unit/components/ui-components.test.ts" name="UI Components &gt; Table Component &gt; should filter data" time="0.000231">
        </testcase>
        <testcase classname="tests/unit/components/ui-components.test.ts" name="UI Components &gt; Dropdown Component &gt; should toggle open state" time="0.000188667">
        </testcase>
        <testcase classname="tests/unit/components/ui-components.test.ts" name="UI Components &gt; Dropdown Component &gt; should render menu items" time="0.000186791">
        </testcase>
        <testcase classname="tests/unit/components/ui-components.test.ts" name="UI Components &gt; Dropdown Component &gt; should handle item click" time="0.000163792">
        </testcase>
        <testcase classname="tests/unit/components/ui-components.test.ts" name="UI Components &gt; Dropdown Component &gt; should close on outside click" time="0.000128541">
        </testcase>
        <testcase classname="tests/unit/components/ui-components.test.ts" name="UI Components &gt; Tabs Component &gt; should render tabs" time="0.000159083">
        </testcase>
        <testcase classname="tests/unit/components/ui-components.test.ts" name="UI Components &gt; Tabs Component &gt; should handle tab change" time="0.000139333">
        </testcase>
        <testcase classname="tests/unit/components/ui-components.test.ts" name="UI Components &gt; Tabs Component &gt; should disable tab" time="0.000160708">
        </testcase>
        <testcase classname="tests/unit/components/ui-components.test.ts" name="UI Components &gt; Card Component &gt; should render card content" time="0.000133917">
        </testcase>
        <testcase classname="tests/unit/components/ui-components.test.ts" name="UI Components &gt; Card Component &gt; should support variants" time="0.000189792">
        </testcase>
        <testcase classname="tests/unit/components/ui-components.test.ts" name="UI Components &gt; Card Component &gt; should handle click" time="0.000148125">
        </testcase>
        <testcase classname="tests/unit/components/ui-components.test.ts" name="UI Components &gt; Avatar Component &gt; should render image" time="0.000134708">
        </testcase>
        <testcase classname="tests/unit/components/ui-components.test.ts" name="UI Components &gt; Avatar Component &gt; should render initials fallback" time="0.000143958">
        </testcase>
        <testcase classname="tests/unit/components/ui-components.test.ts" name="UI Components &gt; Avatar Component &gt; should support sizes" time="0.000167083">
        </testcase>
        <testcase classname="tests/unit/components/ui-components.test.ts" name="UI Components &gt; Badge Component &gt; should render badge" time="0.000129917">
        </testcase>
        <testcase classname="tests/unit/components/ui-components.test.ts" name="UI Components &gt; Badge Component &gt; should support variants" time="0.000151542">
        </testcase>
        <testcase classname="tests/unit/components/ui-components.test.ts" name="UI Components &gt; Badge Component &gt; should render count" time="0.000134959">
        </testcase>
        <testcase classname="tests/unit/components/ui-components.test.ts" name="UI Components &gt; Tooltip Component &gt; should render tooltip content" time="0.00013825">
        </testcase>
        <testcase classname="tests/unit/components/ui-components.test.ts" name="UI Components &gt; Tooltip Component &gt; should support positions" time="0.000175709">
        </testcase>
        <testcase classname="tests/unit/components/ui-components.test.ts" name="UI Components &gt; Tooltip Component &gt; should handle delay" time="0.000134833">
        </testcase>
        <testcase classname="tests/unit/components/ui-components.test.ts" name="UI Components &gt; Progress Component &gt; should calculate percentage" time="0.000130416">
        </testcase>
        <testcase classname="tests/unit/components/ui-components.test.ts" name="UI Components &gt; Progress Component &gt; should show indeterminate state" time="0.000153041">
        </testcase>
        <testcase classname="tests/unit/components/ui-components.test.ts" name="UI Components &gt; Progress Component &gt; should support variants" time="0.004928167">
        </testcase>
    </testsuite>
    <testsuite name="tests/unit/dashboard/dashboard-module.test.ts" timestamp="2026-01-30T03:13:32.777Z" hostname="MacBook-Pro-Piotr.local" tests="30" failures="0" errors="0" skipped="0" time="0.17912325">
        <testcase classname="tests/unit/dashboard/dashboard-module.test.ts" name="Dashboard Module &gt; Widget Configuration &gt; should create widget configuration" time="0.010803459">
        </testcase>
        <testcase classname="tests/unit/dashboard/dashboard-module.test.ts" name="Dashboard Module &gt; Widget Configuration &gt; should list available widget types" time="0.000897792">
        </testcase>
        <testcase classname="tests/unit/dashboard/dashboard-module.test.ts" name="Dashboard Module &gt; Widget Configuration &gt; should validate widget size" time="0.000246417">
        </testcase>
        <testcase classname="tests/unit/dashboard/dashboard-module.test.ts" name="Dashboard Module &gt; Widget Configuration &gt; should set widget refresh interval" time="0.000221667">
        </testcase>
        <testcase classname="tests/unit/dashboard/dashboard-module.test.ts" name="Dashboard Module &gt; Dashboard Layout &gt; should create dashboard layout" time="0.001424708">
        </testcase>
        <testcase classname="tests/unit/dashboard/dashboard-module.test.ts" name="Dashboard Module &gt; Dashboard Layout &gt; should validate widget placement" time="0.000675208">
        </testcase>
        <testcase classname="tests/unit/dashboard/dashboard-module.test.ts" name="Dashboard Module &gt; Dashboard Layout &gt; should detect widget overlap" time="0.000199584">
        </testcase>
        <testcase classname="tests/unit/dashboard/dashboard-module.test.ts" name="Dashboard Module &gt; Dashboard Layout &gt; should save layout preferences" time="0.000154875">
        </testcase>
        <testcase classname="tests/unit/dashboard/dashboard-module.test.ts" name="Dashboard Module &gt; KPI Widget &gt; should calculate KPI value" time="0.000166916">
        </testcase>
        <testcase classname="tests/unit/dashboard/dashboard-module.test.ts" name="Dashboard Module &gt; KPI Widget &gt; should determine trend direction" time="0.008393875">
        </testcase>
        <testcase classname="tests/unit/dashboard/dashboard-module.test.ts" name="Dashboard Module &gt; KPI Widget &gt; should format KPI value" time="0.1439565">
        </testcase>
        <testcase classname="tests/unit/dashboard/dashboard-module.test.ts" name="Dashboard Module &gt; KPI Widget &gt; should set KPI threshold colors" time="0.000251083">
        </testcase>
        <testcase classname="tests/unit/dashboard/dashboard-module.test.ts" name="Dashboard Module &gt; Chart Widget &gt; should prepare line chart data" time="0.000256">
        </testcase>
        <testcase classname="tests/unit/dashboard/dashboard-module.test.ts" name="Dashboard Module &gt; Chart Widget &gt; should prepare bar chart data" time="0.000200584">
        </testcase>
        <testcase classname="tests/unit/dashboard/dashboard-module.test.ts" name="Dashboard Module &gt; Chart Widget &gt; should prepare pie chart data" time="0.000151834">
        </testcase>
        <testcase classname="tests/unit/dashboard/dashboard-module.test.ts" name="Dashboard Module &gt; Chart Widget &gt; should calculate chart range" time="0.000161417">
        </testcase>
        <testcase classname="tests/unit/dashboard/dashboard-module.test.ts" name="Dashboard Module &gt; Table Widget &gt; should define table columns" time="0.000189">
        </testcase>
        <testcase classname="tests/unit/dashboard/dashboard-module.test.ts" name="Dashboard Module &gt; Table Widget &gt; should sort table data" time="0.000137958">
        </testcase>
        <testcase classname="tests/unit/dashboard/dashboard-module.test.ts" name="Dashboard Module &gt; Table Widget &gt; should paginate table data" time="0.003297333">
        </testcase>
        <testcase classname="tests/unit/dashboard/dashboard-module.test.ts" name="Dashboard Module &gt; Table Widget &gt; should filter table data" time="0.000286583">
        </testcase>
        <testcase classname="tests/unit/dashboard/dashboard-module.test.ts" name="Dashboard Module &gt; Activity Feed &gt; should format activity item" time="0.000173875">
        </testcase>
        <testcase classname="tests/unit/dashboard/dashboard-module.test.ts" name="Dashboard Module &gt; Activity Feed &gt; should group activities by date" time="0.000317375">
        </testcase>
        <testcase classname="tests/unit/dashboard/dashboard-module.test.ts" name="Dashboard Module &gt; Activity Feed &gt; should limit activity items" time="0.000248083">
        </testcase>
        <testcase classname="tests/unit/dashboard/dashboard-module.test.ts" name="Dashboard Module &gt; Quick Actions &gt; should define quick actions" time="0.000364459">
        </testcase>
        <testcase classname="tests/unit/dashboard/dashboard-module.test.ts" name="Dashboard Module &gt; Quick Actions &gt; should check action permissions" time="0.000171875">
        </testcase>
        <testcase classname="tests/unit/dashboard/dashboard-module.test.ts" name="Dashboard Module &gt; Dashboard Filters &gt; should apply date filter" time="0.000160208">
        </testcase>
        <testcase classname="tests/unit/dashboard/dashboard-module.test.ts" name="Dashboard Module &gt; Dashboard Filters &gt; should apply project filter" time="0.00019575">
        </testcase>
        <testcase classname="tests/unit/dashboard/dashboard-module.test.ts" name="Dashboard Module &gt; Dashboard Filters &gt; should persist filter preferences" time="0.000173">
        </testcase>
        <testcase classname="tests/unit/dashboard/dashboard-module.test.ts" name="Dashboard Module &gt; Real-time Updates &gt; should handle widget update event" time="0.000161833">
        </testcase>
        <testcase classname="tests/unit/dashboard/dashboard-module.test.ts" name="Dashboard Module &gt; Real-time Updates &gt; should debounce rapid updates" time="0.00071925">
        </testcase>
    </testsuite>
    <testsuite name="tests/unit/discovery/discovery-module.test.ts" timestamp="2026-01-30T03:13:32.789Z" hostname="MacBook-Pro-Piotr.local" tests="17" failures="0" errors="0" skipped="0" time="0.008993417">
        <testcase classname="tests/unit/discovery/discovery-module.test.ts" name="Discovery Module &gt; Stakeholder Mapping &gt; should create stakeholder" time="0.002163041">
        </testcase>
        <testcase classname="tests/unit/discovery/discovery-module.test.ts" name="Discovery Module &gt; Stakeholder Mapping &gt; should categorize stakeholder" time="0.000531542">
        </testcase>
        <testcase classname="tests/unit/discovery/discovery-module.test.ts" name="Discovery Module &gt; Stakeholder Mapping &gt; should track stakeholder count" time="0.000321333">
        </testcase>
        <testcase classname="tests/unit/discovery/discovery-module.test.ts" name="Discovery Module &gt; Pain Point Analysis &gt; should capture pain point" time="0.000252792">
        </testcase>
        <testcase classname="tests/unit/discovery/discovery-module.test.ts" name="Discovery Module &gt; Pain Point Analysis &gt; should prioritize pain points" time="0.000278083">
        </testcase>
        <testcase classname="tests/unit/discovery/discovery-module.test.ts" name="Discovery Module &gt; Pain Point Analysis &gt; should link to opportunity" time="0.00019325">
        </testcase>
        <testcase classname="tests/unit/discovery/discovery-module.test.ts" name="Discovery Module &gt; Opportunity Identification &gt; should create opportunity" time="0.00016525">
        </testcase>
        <testcase classname="tests/unit/discovery/discovery-module.test.ts" name="Discovery Module &gt; Opportunity Identification &gt; should calculate ROI" time="0.000213292">
        </testcase>
        <testcase classname="tests/unit/discovery/discovery-module.test.ts" name="Discovery Module &gt; Opportunity Identification &gt; should categorize by theme" time="0.000780542">
        </testcase>
        <testcase classname="tests/unit/discovery/discovery-module.test.ts" name="Discovery Module &gt; Process Mapping &gt; should define process steps" time="0.000282583">
        </testcase>
        <testcase classname="tests/unit/discovery/discovery-module.test.ts" name="Discovery Module &gt; Process Mapping &gt; should identify bottlenecks" time="0.000169208">
        </testcase>
        <testcase classname="tests/unit/discovery/discovery-module.test.ts" name="Discovery Module &gt; Process Mapping &gt; should calculate cycle time" time="0.000146625">
        </testcase>
        <testcase classname="tests/unit/discovery/discovery-module.test.ts" name="Discovery Module &gt; Requirement Gathering &gt; should create requirement" time="0.000137417">
        </testcase>
        <testcase classname="tests/unit/discovery/discovery-module.test.ts" name="Discovery Module &gt; Requirement Gathering &gt; should categorize MoSCoW" time="0.000194708">
        </testcase>
        <testcase classname="tests/unit/discovery/discovery-module.test.ts" name="Discovery Module &gt; Requirement Gathering &gt; should track traceability" time="0.000146791">
        </testcase>
        <testcase classname="tests/unit/discovery/discovery-module.test.ts" name="Discovery Module &gt; Value Stream Mapping &gt; should calculate value-add ratio" time="0.000139125">
        </testcase>
        <testcase classname="tests/unit/discovery/discovery-module.test.ts" name="Discovery Module &gt; Value Stream Mapping &gt; should identify waste" time="0.000197291">
        </testcase>
    </testsuite>
    <testsuite name="tests/unit/export/export-import.test.ts" timestamp="2026-01-30T03:13:32.793Z" hostname="MacBook-Pro-Piotr.local" tests="48" failures="0" errors="0" skipped="0" time="0.133381208">
        <testcase classname="tests/unit/export/export-import.test.ts" name="Data Export Module &gt; CSV Export &gt; should generate CSV header" time="0.00158925">
        </testcase>
        <testcase classname="tests/unit/export/export-import.test.ts" name="Data Export Module &gt; CSV Export &gt; should format CSV row" time="0.003161084">
        </testcase>
        <testcase classname="tests/unit/export/export-import.test.ts" name="Data Export Module &gt; CSV Export &gt; should escape special characters" time="0.000987792">
        </testcase>
        <testcase classname="tests/unit/export/export-import.test.ts" name="Data Export Module &gt; CSV Export &gt; should handle newlines in values" time="0.000907333">
        </testcase>
        <testcase classname="tests/unit/export/export-import.test.ts" name="Data Export Module &gt; CSV Export &gt; should generate complete CSV" time="0.001302792">
        </testcase>
        <testcase classname="tests/unit/export/export-import.test.ts" name="Data Export Module &gt; JSON Export &gt; should format JSON with indentation" time="0.00029225">
        </testcase>
        <testcase classname="tests/unit/export/export-import.test.ts" name="Data Export Module &gt; JSON Export &gt; should handle nested objects" time="0.000170208">
        </testcase>
        <testcase classname="tests/unit/export/export-import.test.ts" name="Data Export Module &gt; JSON Export &gt; should handle arrays" time="0.000141458">
        </testcase>
        <testcase classname="tests/unit/export/export-import.test.ts" name="Data Export Module &gt; JSON Export &gt; should handle dates" time="0.000354">
        </testcase>
        <testcase classname="tests/unit/export/export-import.test.ts" name="Data Export Module &gt; JSON Export &gt; should filter sensitive fields" time="0.001724834">
        </testcase>
        <testcase classname="tests/unit/export/export-import.test.ts" name="Data Export Module &gt; Excel Export &gt; should create workbook structure" time="0.001537125">
        </testcase>
        <testcase classname="tests/unit/export/export-import.test.ts" name="Data Export Module &gt; Excel Export &gt; should create sheet with data" time="0.000241459">
        </testcase>
        <testcase classname="tests/unit/export/export-import.test.ts" name="Data Export Module &gt; Excel Export &gt; should format cell types" time="0.000150667">
        </testcase>
        <testcase classname="tests/unit/export/export-import.test.ts" name="Data Export Module &gt; Excel Export &gt; should apply column widths" time="0.000130042">
        </testcase>
        <testcase classname="tests/unit/export/export-import.test.ts" name="Data Export Module &gt; PDF Export &gt; should create document structure" time="0.000124584">
        </testcase>
        <testcase classname="tests/unit/export/export-import.test.ts" name="Data Export Module &gt; PDF Export &gt; should add header" time="0.000119708">
        </testcase>
        <testcase classname="tests/unit/export/export-import.test.ts" name="Data Export Module &gt; PDF Export &gt; should add table" time="0.000201875">
        </testcase>
        <testcase classname="tests/unit/export/export-import.test.ts" name="Data Export Module &gt; PDF Export &gt; should add chart" time="0.000135833">
        </testcase>
        <testcase classname="tests/unit/export/export-import.test.ts" name="Data Export Module &gt; Export Queue &gt; should queue export job" time="0.00014275">
        </testcase>
        <testcase classname="tests/unit/export/export-import.test.ts" name="Data Export Module &gt; Export Queue &gt; should track progress" time="0.000125875">
        </testcase>
        <testcase classname="tests/unit/export/export-import.test.ts" name="Data Export Module &gt; Export Queue &gt; should handle completion" time="0.000134458">
        </testcase>
        <testcase classname="tests/unit/export/export-import.test.ts" name="Data Export Module &gt; Export Queue &gt; should handle failure" time="0.000143417">
        </testcase>
        <testcase classname="tests/unit/export/export-import.test.ts" name="Data Import Module &gt; CSV Import &gt; should parse CSV header" time="0.09878525">
        </testcase>
        <testcase classname="tests/unit/export/export-import.test.ts" name="Data Import Module &gt; CSV Import &gt; should parse CSV rows" time="0.001693333">
        </testcase>
        <testcase classname="tests/unit/export/export-import.test.ts" name="Data Import Module &gt; CSV Import &gt; should detect delimiter" time="0.000186">
        </testcase>
        <testcase classname="tests/unit/export/export-import.test.ts" name="Data Import Module &gt; CSV Import &gt; should handle quoted values" time="0.006250375">
        </testcase>
        <testcase classname="tests/unit/export/export-import.test.ts" name="Data Import Module &gt; CSV Import &gt; should validate row count" time="0.000478042">
        </testcase>
        <testcase classname="tests/unit/export/export-import.test.ts" name="Data Import Module &gt; JSON Import &gt; should parse JSON array" time="0.000568958">
        </testcase>
        <testcase classname="tests/unit/export/export-import.test.ts" name="Data Import Module &gt; JSON Import &gt; should parse JSON object" time="0.000202541">
        </testcase>
        <testcase classname="tests/unit/export/export-import.test.ts" name="Data Import Module &gt; JSON Import &gt; should validate JSON schema" time="0.000659334">
        </testcase>
        <testcase classname="tests/unit/export/export-import.test.ts" name="Data Import Module &gt; JSON Import &gt; should handle invalid JSON" time="0.000212375">
        </testcase>
        <testcase classname="tests/unit/export/export-import.test.ts" name="Data Import Module &gt; Data Validation &gt; should validate required fields" time="0.000344292">
        </testcase>
        <testcase classname="tests/unit/export/export-import.test.ts" name="Data Import Module &gt; Data Validation &gt; should validate data types" time="0.000153958">
        </testcase>
        <testcase classname="tests/unit/export/export-import.test.ts" name="Data Import Module &gt; Data Validation &gt; should validate unique constraints" time="0.000135125">
        </testcase>
        <testcase classname="tests/unit/export/export-import.test.ts" name="Data Import Module &gt; Data Validation &gt; should collect validation errors" time="0.000930667">
        </testcase>
        <testcase classname="tests/unit/export/export-import.test.ts" name="Data Import Module &gt; Data Validation &gt; should validate foreign keys" time="0.000204875">
        </testcase>
        <testcase classname="tests/unit/export/export-import.test.ts" name="Data Import Module &gt; Import Queue &gt; should create import job" time="0.000172209">
        </testcase>
        <testcase classname="tests/unit/export/export-import.test.ts" name="Data Import Module &gt; Import Queue &gt; should map columns" time="0.000144417">
        </testcase>
        <testcase classname="tests/unit/export/export-import.test.ts" name="Data Import Module &gt; Import Queue &gt; should batch insert" time="0.000119291">
        </testcase>
        <testcase classname="tests/unit/export/export-import.test.ts" name="Data Import Module &gt; Import Queue &gt; should rollback on error" time="0.000115917">
        </testcase>
        <testcase classname="tests/unit/export/export-import.test.ts" name="Data Import Module &gt; Import Queue &gt; should generate import report" time="0.001017584">
        </testcase>
        <testcase classname="tests/unit/export/export-import.test.ts" name="Data Synchronization &gt; Change Detection &gt; should detect new records" time="0.000307625">
        </testcase>
        <testcase classname="tests/unit/export/export-import.test.ts" name="Data Synchronization &gt; Change Detection &gt; should detect deleted records" time="0.000238334">
        </testcase>
        <testcase classname="tests/unit/export/export-import.test.ts" name="Data Synchronization &gt; Change Detection &gt; should detect modified records" time="0.000634667">
        </testcase>
        <testcase classname="tests/unit/export/export-import.test.ts" name="Data Synchronization &gt; Change Detection &gt; should detect conflicts" time="0.000256">
        </testcase>
        <testcase classname="tests/unit/export/export-import.test.ts" name="Data Synchronization &gt; Sync Operations &gt; should create sync plan" time="0.000266791">
        </testcase>
        <testcase classname="tests/unit/export/export-import.test.ts" name="Data Synchronization &gt; Sync Operations &gt; should apply sync in order" time="0.000174083">
        </testcase>
        <testcase classname="tests/unit/export/export-import.test.ts" name="Data Synchronization &gt; Sync Operations &gt; should handle partial sync" time="0.000136833">
        </testcase>
    </testsuite>
    <testsuite name="tests/unit/governance/governance-module.test.ts" timestamp="2026-01-30T03:13:32.803Z" hostname="MacBook-Pro-Piotr.local" tests="15" failures="0" errors="0" skipped="0" time="0.013902333">
        <testcase classname="tests/unit/governance/governance-module.test.ts" name="Governance Module &gt; Decision Gates &gt; should define gate criteria" time="0.002914334">
        </testcase>
        <testcase classname="tests/unit/governance/governance-module.test.ts" name="Governance Module &gt; Decision Gates &gt; should track gate status" time="0.000472667">
        </testcase>
        <testcase classname="tests/unit/governance/governance-module.test.ts" name="Governance Module &gt; Decision Gates &gt; should record gate decision" time="0.000283458">
        </testcase>
        <testcase classname="tests/unit/governance/governance-module.test.ts" name="Governance Module &gt; Approval Workflows &gt; should create approval request" time="0.000263292">
        </testcase>
        <testcase classname="tests/unit/governance/governance-module.test.ts" name="Governance Module &gt; Approval Workflows &gt; should route to approvers" time="0.000334667">
        </testcase>
        <testcase classname="tests/unit/governance/governance-module.test.ts" name="Governance Module &gt; Approval Workflows &gt; should track approval chain" time="0.000305625">
        </testcase>
        <testcase classname="tests/unit/governance/governance-module.test.ts" name="Governance Module &gt; RACI Matrix &gt; should define RACI roles" time="0.000297958">
        </testcase>
        <testcase classname="tests/unit/governance/governance-module.test.ts" name="Governance Module &gt; RACI Matrix &gt; should validate single accountable" time="0.001043084">
        </testcase>
        <testcase classname="tests/unit/governance/governance-module.test.ts" name="Governance Module &gt; Risk Management &gt; should create risk" time="0.000396209">
        </testcase>
        <testcase classname="tests/unit/governance/governance-module.test.ts" name="Governance Module &gt; Risk Management &gt; should calculate risk score" time="0.00029175">
        </testcase>
        <testcase classname="tests/unit/governance/governance-module.test.ts" name="Governance Module &gt; Risk Management &gt; should assign mitigation" time="0.000203291">
        </testcase>
        <testcase classname="tests/unit/governance/governance-module.test.ts" name="Governance Module &gt; Compliance Tracking &gt; should track compliance items" time="0.001377">
        </testcase>
        <testcase classname="tests/unit/governance/governance-module.test.ts" name="Governance Module &gt; Compliance Tracking &gt; should schedule compliance audit" time="0.000397541">
        </testcase>
        <testcase classname="tests/unit/governance/governance-module.test.ts" name="Governance Module &gt; Change Management &gt; should create change request" time="0.000183125">
        </testcase>
        <testcase classname="tests/unit/governance/governance-module.test.ts" name="Governance Module &gt; Change Management &gt; should assess change impact" time="0.000239125">
        </testcase>
    </testsuite>
    <testsuite name="tests/unit/initiatives/initiatives-module.test.ts" timestamp="2026-01-30T03:13:32.809Z" hostname="MacBook-Pro-Piotr.local" tests="19" failures="0" errors="0" skipped="0" time="0.034361792">
        <testcase classname="tests/unit/initiatives/initiatives-module.test.ts" name="Initiatives Module &gt; Initiative CRUD &gt; should create initiative" time="0.0027345">
        </testcase>
        <testcase classname="tests/unit/initiatives/initiatives-module.test.ts" name="Initiatives Module &gt; Initiative CRUD &gt; should update initiative" time="0.000332">
        </testcase>
        <testcase classname="tests/unit/initiatives/initiatives-module.test.ts" name="Initiatives Module &gt; Initiative CRUD &gt; should archive initiative" time="0.001007042">
        </testcase>
        <testcase classname="tests/unit/initiatives/initiatives-module.test.ts" name="Initiatives Module &gt; Initiative Lifecycle &gt; should define stages" time="0.001295084">
        </testcase>
        <testcase classname="tests/unit/initiatives/initiatives-module.test.ts" name="Initiatives Module &gt; Initiative Lifecycle &gt; should validate stage transition" time="0.020500959">
        </testcase>
        <testcase classname="tests/unit/initiatives/initiatives-module.test.ts" name="Initiatives Module &gt; Initiative Lifecycle &gt; should track stage duration" time="0.000463709">
        </testcase>
        <testcase classname="tests/unit/initiatives/initiatives-module.test.ts" name="Initiatives Module &gt; Initiative Scoring &gt; should calculate priority score" time="0.000240167">
        </testcase>
        <testcase classname="tests/unit/initiatives/initiatives-module.test.ts" name="Initiatives Module &gt; Initiative Scoring &gt; should rank initiatives" time="0.000517083">
        </testcase>
        <testcase classname="tests/unit/initiatives/initiatives-module.test.ts" name="Initiatives Module &gt; Initiative Benefits &gt; should define benefits" time="0.000830583">
        </testcase>
        <testcase classname="tests/unit/initiatives/initiatives-module.test.ts" name="Initiatives Module &gt; Initiative Benefits &gt; should calculate total value" time="0.000266708">
        </testcase>
        <testcase classname="tests/unit/initiatives/initiatives-module.test.ts" name="Initiatives Module &gt; Initiative Benefits &gt; should track benefit realization" time="0.000316417">
        </testcase>
        <testcase classname="tests/unit/initiatives/initiatives-module.test.ts" name="Initiatives Module &gt; Initiative Dependencies &gt; should create dependency" time="0.000517042">
        </testcase>
        <testcase classname="tests/unit/initiatives/initiatives-module.test.ts" name="Initiatives Module &gt; Initiative Dependencies &gt; should detect circular dependency" time="0.000244166">
        </testcase>
        <testcase classname="tests/unit/initiatives/initiatives-module.test.ts" name="Initiatives Module &gt; Initiative Resources &gt; should allocate resources" time="0.000208">
        </testcase>
        <testcase classname="tests/unit/initiatives/initiatives-module.test.ts" name="Initiatives Module &gt; Initiative Resources &gt; should check resource availability" time="0.000153959">
        </testcase>
        <testcase classname="tests/unit/initiatives/initiatives-module.test.ts" name="Initiatives Module &gt; Initiative Milestones &gt; should create milestone" time="0.000294375">
        </testcase>
        <testcase classname="tests/unit/initiatives/initiatives-module.test.ts" name="Initiatives Module &gt; Initiative Milestones &gt; should track milestone progress" time="0.000292125">
        </testcase>
        <testcase classname="tests/unit/initiatives/initiatives-module.test.ts" name="Initiatives Module &gt; Initiative Reporting &gt; should generate status report" time="0.000185">
        </testcase>
        <testcase classname="tests/unit/initiatives/initiatives-module.test.ts" name="Initiatives Module &gt; Initiative Reporting &gt; should calculate health score" time="0.000188958">
        </testcase>
    </testsuite>
    <testsuite name="tests/unit/interview/interview-module.test.ts" timestamp="2026-01-30T03:13:32.814Z" hostname="MacBook-Pro-Piotr.local" tests="15" failures="0" errors="0" skipped="0" time="0.013732333">
        <testcase classname="tests/unit/interview/interview-module.test.ts" name="Interview Module &gt; Interview Scheduling &gt; should create interview" time="0.003759208">
        </testcase>
        <testcase classname="tests/unit/interview/interview-module.test.ts" name="Interview Module &gt; Interview Scheduling &gt; should check availability" time="0.001080208">
        </testcase>
        <testcase classname="tests/unit/interview/interview-module.test.ts" name="Interview Module &gt; Interview Scheduling &gt; should send reminder" time="0.000319709">
        </testcase>
        <testcase classname="tests/unit/interview/interview-module.test.ts" name="Interview Module &gt; Question Templates &gt; should create question template" time="0.001692959">
        </testcase>
        <testcase classname="tests/unit/interview/interview-module.test.ts" name="Interview Module &gt; Question Templates &gt; should categorize questions" time="0.001612792">
        </testcase>
        <testcase classname="tests/unit/interview/interview-module.test.ts" name="Interview Module &gt; Interview Notes &gt; should capture notes" time="0.000811416">
        </testcase>
        <testcase classname="tests/unit/interview/interview-module.test.ts" name="Interview Module &gt; Interview Notes &gt; should tag insights" time="0.000499708">
        </testcase>
        <testcase classname="tests/unit/interview/interview-module.test.ts" name="Interview Module &gt; Interview Notes &gt; should link to pain points" time="0.0001935">
        </testcase>
[...]
Configuration Module","User Preferences"],"fullName":"Settings & Configuration Module User Preferences should update settings","status":"passed","title":"should update settings","duration":0.5954169999999976,"failureMessages":[],"meta":{}},{"ancestorTitles":["Settings & Configuration Module","User Preferences"],"fullName":"Settings & Configuration Module User Preferences should validate settings schema","status":"passed","title":"should validate settings schema","duration":0.298457999999755,"failureMessages":[],"meta":{}},{"ancestorTitles":["Settings & Configuration Module","User Preferences"],"fullName":"Settings & Configuration Module User Preferences should reset to defaults","status":"passed","title":"should reset to defaults","duration":0.23641600000019025,"failureMessages":[],"meta":{}},{"ancestorTitles":["Settings & Configuration Module","User Preferences"],"fullName":"Settings & Configuration Module User Preferences should merge partial updates","status":"passed","title":"should merge partial updates","duration":0.27187499999990905,"failureMessages":[],"meta":{}},{"ancestorTitles":["Settings & Configuration Module","Organization Settings"],"fullName":"Settings & Configuration Module Organization Settings should get org settings","status":"passed","title":"should get org settings","duration":0.20804099999986647,"failureMessages":[],"meta":{}},{"ancestorTitles":["Settings & Configuration Module","Organization Settings"],"fullName":"Settings & Configuration Module Organization Settings should validate domain","status":"passed","title":"should validate domain","duration":0.4018750000000182,"failureMessages":[],"meta":{}},{"ancestorTitles":["Settings & Configuration Module","Organization Settings"],"fullName":"Settings & Configuration Module Organization Settings should configure branding","status":"passed","title":"should configure branding","duration":0.2157919999999649,"failureMessages":[],"meta":{}},{"ancestorTitles":["Settings & Configuration Module","Organization Settings"],"fullName":"Settings & Configuration Module Organization Settings should manage feature flags","status":"passed","title":"should manage feature flags","duration":0.7757500000002437,"failureMessages":[],"meta":{}},{"ancestorTitles":["Settings & Configuration Module","API Configuration"],"fullName":"Settings & Configuration Module API Configuration should generate API key","status":"passed","title":"should generate API key","duration":0.22533299999986411,"failureMessages":[],"meta":{}},{"ancestorTitles":["Settings & Configuration Module","API Configuration"],"fullName":"Settings & Configuration Module API Configuration should set rate limits","status":"passed","title":"should set rate limits","duration":0.16329199999972843,"failureMessages":[],"meta":{}},{"ancestorTitles":["Settings & Configuration Module","API Configuration"],"fullName":"Settings & Configuration Module API Configuration should configure webhooks","status":"passed","title":"should configure webhooks","duration":0.4614169999999831,"failureMessages":[],"meta":{}},{"ancestorTitles":["Settings & Configuration Module","API Configuration"],"fullName":"Settings & Configuration Module API Configuration should validate webhook URL","status":"passed","title":"should validate webhook URL","duration":0.12837499999977808,"failureMessages":[],"meta":{}},{"ancestorTitles":["Settings & Configuration Module","API Configuration"],"fullName":"Settings & Configuration Module API Configuration should track API usage","status":"passed","title":"should track API usage","duration":0.15949999999975262,"failureMessages":[],"meta":{}},{"ancestorTitles":["Settings & Configuration Module","Integration Settings"],"fullName":"Settings & Configuration Module Integration Settings should configure OAuth connection","status":"passed","title":"should configure OAuth connection","duration":0.125,"failureMessages":[],"meta":{}},{"ancestorTitles":["Settings & Configuration Module","Integration Settings"],"fullName":"Settings & Configuration Module Integration Settings should list available integrations","status":"passed","title":"should list available integrations","duration":0.1861669999998412,"failureMessages":[],"meta":{}},{"ancestorTitles":["Settings & Configuration Module","Integration Settings"],"fullName":"Settings & Configuration Module Integration Settings should sync integration data","status":"passed","title":"should sync integration data","duration":0.13341600000012477,"failureMessages":[],"meta":{}},{"ancestorTitles":["Settings & Configuration Module","Integration Settings"],"fullName":"Settings & Configuration Module Integration Settings should handle integration errors","status":"passed","title":"should handle integration errors","duration":0.12649999999985084,"failureMessages":[],"meta":{}},{"ancestorTitles":["Settings & Configuration Module","Security Settings"],"fullName":"Settings & Configuration Module Security Settings should configure password policy","status":"passed","title":"should configure password policy","duration":0.15504199999986668,"failureMessages":[],"meta":{}},{"ancestorTitles":["Settings & Configuration Module","Security Settings"],"fullName":"Settings & Configuration Module Security Settings should validate password against policy","status":"passed","title":"should validate password against policy","duration":0.19416700000010678,"failureMessages":[],"meta":{}},{"ancestorTitles":["Settings & Configuration Module","Security Settings"],"fullName":"Settings & Configuration Module Security Settings should configure MFA","status":"passed","title":"should configure MFA","duration":0.19570900000007896,"failureMessages":[],"meta":{}},{"ancestorTitles":["Settings & Configuration Module","Security Settings"],"fullName":"Settings & Configuration Module Security Settings should set session timeout","status":"passed","title":"should set session timeout","duration":75.32099999999991,"failureMessages":[],"meta":{}},{"ancestorTitles":["Settings & Configuration Module","Security Settings"],"fullName":"Settings & Configuration Module Security Settings should configure IP allowlist","status":"passed","title":"should configure IP allowlist","duration":1.7300829999999223,"failureMessages":[],"meta":{}},{"ancestorTitles":["Settings & Configuration Module","Notification Settings"],"fullName":"Settings & Configuration Module Notification Settings should configure notification channels","status":"passed","title":"should configure notification channels","duration":0.7172080000000278,"failureMessages":[],"meta":{}},{"ancestorTitles":["Settings & Configuration Module","Notification Settings"],"fullName":"Settings & Configuration Module Notification Settings should set digest preferences","status":"passed","title":"should set digest preferences","duration":0.7439580000000205,"failureMessages":[],"meta":{}},{"ancestorTitles":["Settings & Configuration Module","Notification Settings"],"fullName":"Settings & Configuration Module Notification Settings should configure quiet hours","status":"passed","title":"should configure quiet hours","duration":0.21916699999974298,"failureMessages":[],"meta":{}},{"ancestorTitles":["Settings & Configuration Module","Notification Settings"],"fullName":"Settings & Configuration Module Notification Settings should set per-project notifications","status":"passed","title":"should set per-project notifications","duration":0.20745799999986048,"failureMessages":[],"meta":{}},{"ancestorTitles":["Settings & Configuration Module","Export & Import"],"fullName":"Settings & Configuration Module Export & Import should export settings","status":"passed","title":"should export settings","duration":0.43775000000005093,"failureMessages":[],"meta":{}},{"ancestorTitles":["Settings & Configuration Module","Export & Import"],"fullName":"Settings & Configuration Module Export & Import should import settings","status":"passed","title":"should import settings","duration":0.15412500000002183,"failureMessages":[],"meta":{}},{"ancestorTitles":["Settings & Configuration Module","Export & Import"],"fullName":"Settings & Configuration Module Export & Import should validate imported settings","status":"passed","title":"should validate imported settings","duration":0.8901660000001357,"failureMessages":[],"meta":{}},{"ancestorTitles":["Settings & Configuration Module","Export & Import"],"fullName":"Settings & Configuration Module Export & Import should backup settings","status":"passed","title":"should backup settings","duration":0.4672920000002705,"failureMessages":[],"meta":{}}],"startTime":1769742808664,"endTime":1769742808755.4673,"status":"passed","message":"","name":"/Users/piotrwisniewski/Documents/Antygracity/DRD/consultify/tests/unit/settings/settings-module.test.ts"},{"assertionResults":[{"ancestorTitles":["Tasks Module","Task CRUD"],"fullName":"Tasks Module Task CRUD should create task","status":"passed","title":"should create task","duration":6.5565419999998085,"failureMessages":[],"meta":{}},{"ancestorTitles":["Tasks Module","Task CRUD"],"fullName":"Tasks Module Task CRUD should update task","status":"passed","title":"should update task","duration":0.33087499999965075,"failureMessages":[],"meta":{}},{"ancestorTitles":["Tasks Module","Task CRUD"],"fullName":"Tasks Module Task CRUD should complete task","status":"passed","title":"should complete task","duration":0.31887500000038926,"failureMessages":[],"meta":{}},{"ancestorTitles":["Tasks Module","Task CRUD"],"fullName":"Tasks Module Task CRUD should delete task","status":"passed","title":"should delete task","duration":1.9045839999998861,"failureMessages":[],"meta":{}},{"ancestorTitles":["Tasks Module","Task Assignment"],"fullName":"Tasks Module Task Assignment should assign task","status":"passed","title":"should assign task","duration":0.2913340000000062,"failureMessages":[],"meta":{}},{"ancestorTitles":["Tasks Module","Task Assignment"],"fullName":"Tasks Module Task Assignment should reassign task","status":"passed","title":"should reassign task","duration":0.1661250000001928,"failureMessages":[],"meta":{}},{"ancestorTitles":["Tasks Module","Task Assignment"],"fullName":"Tasks Module Task Assignment should list my tasks","status":"passed","title":"should list my tasks","duration":0.24262499999986176,"failureMessages":[],"meta":{}},{"ancestorTitles":["Tasks Module","Task Prioritization"],"fullName":"Tasks Module Task Prioritization should set priority","status":"passed","title":"should set priority","duration":0.37924999999995634,"failureMessages":[],"meta":{}},{"ancestorTitles":["Tasks Module","Task Prioritization"],"fullName":"Tasks Module Task Prioritization should sort by priority","status":"passed","title":"should sort by priority","duration":0.20320899999978792,"failureMessages":[],"meta":{}},{"ancestorTitles":["Tasks Module","Task Due Dates"],"fullName":"Tasks Module Task Due Dates should set due date","status":"passed","title":"should set due date","duration":0.5037499999998545,"failureMessages":[],"meta":{}},{"ancestorTitles":["Tasks Module","Task Due Dates"],"fullName":"Tasks Module Task Due Dates should detect overdue","status":"passed","title":"should detect overdue","duration":0.5847499999999854,"failureMessages":[],"meta":{}},{"ancestorTitles":["Tasks Module","Task Due Dates"],"fullName":"Tasks Module Task Due Dates should detect due soon","status":"passed","title":"should detect due soon","duration":0.506333999999697,"failureMessages":[],"meta":{}},{"ancestorTitles":["Tasks Module","Task Subtasks"],"fullName":"Tasks Module Task Subtasks should add subtask","status":"passed","title":"should add subtask","duration":0.3016250000000582,"failureMessages":[],"meta":{}},{"ancestorTitles":["Tasks Module","Task Subtasks"],"fullName":"Tasks Module Task Subtasks should calculate progress","status":"passed","title":"should calculate progress","duration":0.24479199999996126,"failureMessages":[],"meta":{}},{"ancestorTitles":["Tasks Module","Task Comments"],"fullName":"Tasks Module Task Comments should add comment","status":"passed","title":"should add comment","duration":17.25241700000015,"failureMessages":[],"meta":{}},{"ancestorTitles":["Tasks Module","Task Comments"],"fullName":"Tasks Module Task Comments should mention user","status":"passed","title":"should mention user","duration":0.4883749999999054,"failureMessages":[],"meta":{}},{"ancestorTitles":["Tasks Module","Task Labels"],"fullName":"Tasks Module Task Labels should add label","status":"passed","title":"should add label","duration":3.074000000000069,"failureMessages":[],"meta":{}},{"ancestorTitles":["Tasks Module","Task Labels"],"fullName":"Tasks Module Task Labels should filter by label","status":"passed","title":"should filter by label","duration":5.741125000000011,"failureMessages":[],"meta":{}},{"ancestorTitles":["Tasks Module","Task Time Tracking"],"fullName":"Tasks Module Task Time Tracking should log time","status":"passed","title":"should log time","duration":0.3291669999998703,"failureMessages":[],"meta":{}},{"ancestorTitles":["Tasks Module","Task Time Tracking"],"fullName":"Tasks Module Task Time Tracking should calculate total time","status":"passed","title":"should calculate total time","duration":9.289208000000144,"failureMessages":[],"meta":{}}],"startTime":1769742808646,"endTime":1769742808696.2893,"status":"passed","message":"","name":"/Users/piotrwisniewski/Documents/Antygracity/DRD/consultify/tests/unit/tasks/tasks-module.test.ts"},{"assertionResults":[{"ancestorTitles":["Utility Helpers","String Utilities"],"fullName":"Utility Helpers String Utilities should capitalize string","status":"passed","title":"should capitalize string","duration":2.1720839999998134,"failureMessages":[],"meta":{}},{"ancestorTitles":["Utility Helpers","String Utilities"],"fullName":"Utility Helpers String Utilities should truncate long string","status":"passed","title":"should truncate long string","duration":0.33466699999962657,"failureMessages":[],"meta":{}},{"ancestorTitles":["Utility Helpers","String Utilities"],"fullName":"Utility Helpers String Utilities should slugify string","status":"passed","title":"should slugify string","duration":0.23404200000004494,"failureMessages":[],"meta":{}},{"ancestorTitles":["Utility Helpers","String Utilities"],"fullName":"Utility Helpers String Utilities should generate random string","status":"passed","title":"should generate random string","duration":0.25937500000009095,"failureMessages":[],"meta":{}},{"ancestorTitles":["Utility Helpers","Number Utilities"],"fullName":"Utility Helpers Number Utilities should format number with commas","status":"passed","title":"should format number with commas","duration":150.49562500000047,"failureMessages":[],"meta":{}},{"ancestorTitles":["Utility Helpers","Number Utilities"],"fullName":"Utility Helpers Number Utilities should round to decimals","status":"passed","title":"should round to decimals","duration":0.27870899999925314,"failureMessages":[],"meta":{}},{"ancestorTitles":["Utility Helpers","Number Utilities"],"fullName":"Utility Helpers Number Utilities should clamp value","status":"passed","title":"should clamp value","duration":0.18495900000016263,"failureMessages":[],"meta":{}},{"ancestorTitles":["Utility Helpers","Number Utilities"],"fullName":"Utility Helpers Number Utilities should calculate percentage","status":"passed","title":"should calculate percentage","duration":4.584291000000121,"failureMessages":[],"meta":{}},{"ancestorTitles":["Utility Helpers","Date Utilities"],"fullName":"Utility Helpers Date Utilities should format date","status":"passed","title":"should format date","duration":9.421832999999424,"failureMessages":[],"meta":{}},{"ancestorTitles":["Utility Helpers","Date Utilities"],"fullName":"Utility Helpers Date Utilities should get days between dates","status":"passed","title":"should get days between dates","duration":0.2954589999999371,"failureMessages":[],"meta":{}},{"ancestorTitles":["Utility Helpers","Date Utilities"],"fullName":"Utility Helpers Date Utilities should check if date is past","status":"passed","title":"should check if date is past","duration":0.17612499999995634,"failureMessages":[],"meta":{}},{"ancestorTitles":["Utility Helpers","Date Utilities"],"fullName":"Utility Helpers Date Utilities should add days to date","status":"passed","title":"should add days to date","duration":0.15499999999974534,"failureMessages":[],"meta":{}},{"ancestorTitles":["Utility Helpers","Array Utilities"],"fullName":"Utility Helpers Array Utilities should remove duplicates","status":"passed","title":"should remove duplicates","duration":0.8485419999997248,"failureMessages":[],"meta":{}},{"ancestorTitles":["Utility Helpers","Array Utilities"],"fullName":"Utility Helpers Array Utilities should group by key","status":"passed","title":"should group by key","duration":0.28266699999949196,"failureMessages":[],"meta":{}},{"ancestorTitles":["Utility Helpers","Array Utilities"],"fullName":"Utility Helpers Array Utilities should chunk array","status":"passed","title":"should chunk array","duration":0.24070800000026793,"failureMessages":[],"meta":{}},{"ancestorTitles":["Utility Helpers","Array Utilities"],"fullName":"Utility Helpers Array Utilities should flatten nested array","status":"passed","title":"should flatten nested array","duration":7.985833000000639,"failureMessages":[],"meta":{}},{"ancestorTitles":["Utility Helpers","Object Utilities"],"fullName":"Utility Helpers Object Utilities should deep clone object","status":"passed","title":"should deep clone object","duration":0.3765000000003056,"failureMessages":[],"meta":{}},{"ancestorTitles":["Utility Helpers","Object Utilities"],"fullName":"Utility Helpers Object Utilities should pick properties","status":"passed","title":"should pick properties","duration":31.17016700000022,"failureMessages":[],"meta":{}},{"ancestorTitles":["Utility Helpers","Object Utilities"],"fullName":"Utility Helpers Object Utilities should omit properties","status":"passed","title":"should omit properties","duration":9.538042000000132,"failureMessages":[],"meta":{}},{"ancestorTitles":["Utility Helpers","Object Utilities"],"fullName":"Utility Helpers Object Utilities should check if object is empty","status":"passed","title":"should check if object is empty","duration":0.18829199999981938,"failureMessages":[],"meta":{}},{"ancestorTitles":["Utility Helpers","Validation Utilities"],"fullName":"Utility Helpers Validation Utilities should validate email","status":"passed","title":"should validate email","duration":12.33233299999938,"failureMessages":[],"meta":{}},{"ancestorTitles":["Utility Helpers","Validation Utilities"],"fullName":"Utility Helpers Validation Utilities should validate URL","status":"passed","title":"should validate URL","duration":0.31208300000071176,"failureMessages":[],"meta":{}},{"ancestorTitles":["Utility Helpers","Validation Utilities"],"fullName":"Utility Helpers Validation Utilities should validate phone number","status":"passed","title":"should validate phone number","duration":28.442541999999776,"failureMessages":[],"meta":{}},{"ancestorTitles":["Utility Helpers","Formatting Utilities"],"fullName":"Utility Helpers Formatting Utilities should format currency","status":"passed","title":"should format currency","duration":2.3812079999997877,"failureMessages":[],"meta":{}},{"ancestorTitles":["Utility Helpers","Formatting Utilities"],"fullName":"Utility Helpers Formatting Utilities should format file size","status":"passed","title":"should format file size","duration":0.24895900000046822,"failureMessages":[],"meta":{}},{"ancestorTitles":["Utility Helpers","Formatting Utilities"],"fullName":"Utility Helpers Formatting Utilities should format duration","status":"passed","title":"should format duration","duration":0.16150000000016007,"failureMessages":[],"meta":{}}],"startTime":1769742808645,"endTime":1769742808911.381,"status":"passed","message":"","name":"/Users/piotrwisniewski/Documents/Antygracity/DRD/consultify/tests/unit/utils/helpers.test.ts"}]}