<?xml version="1.0" encoding="UTF-8" ?>
<testsuites name="vitest tests" tests="5" failures="0" errors="0" time="0.18926725">
    <testsuite name="tests/integration/routes/pmoContext.test.js" timestamp="2025-12-20T18:13:45.304Z" hostname="MacBook-Pro-Piotr.local" tests="5" failures="0" errors="0" skipped="0" time="0.18926725">
        <testcase classname="tests/integration/routes/pmoContext.test.js" name="PMO Context API &gt; GET /api/pmo-context/:projectId &gt; should return PMO context with phase information" time="0.005096875">
            <system-err>
[ActivityService] Failed to log activity: SQLITE_CONSTRAINT: FOREIGN KEY constraint failed

            </system-err>
        </testcase>
        <testcase classname="tests/integration/routes/pmoContext.test.js" name="PMO Context API &gt; GET /api/pmo-context/:projectId &gt; should return 404 for non-existent project" time="0.001820083">
        </testcase>
        <testcase classname="tests/integration/routes/pmoContext.test.js" name="PMO Context API &gt; GET /api/pmo-context/:projectId &gt; should include allowed actions for current phase" time="0.001855583">
        </testcase>
        <testcase classname="tests/integration/routes/pmoContext.test.js" name="PMO Context API &gt; GET /api/pmo-context/:projectId &gt; should include system messages based on phase" time="0.001672208">
        </testcase>
        <testcase classname="tests/integration/routes/pmoContext.test.js" name="PMO Context API &gt; GET /api/pmo-context/:projectId/task-labels &gt; should return task labels with PMO relevance" time="0.001364334">
        </testcase>
    </testsuite>
</testsuites>
