{"numTotalTestSuites":5,"numPassedTestSuites":1,"numFailedTestSuites":4,"numPendingTestSuites":0,"numTotalTests":3,"numPassed    <testsuite name="tests/integration/apiFullFlow.test.js" timestamp="2026-01-06T07:52:40.438Z" hostname="MacBook-Pro-Piotr.local" tests="3" failures="2" errors="0" skipped="0" time="0.74688525">
        <testcase classname="tests/integration/apiFullFlow.test.js" name="Integration Test: Full API Flow &gt; Project Lifecycle &gt; should create, read, update, and delete a project" time="0.022257">
            <system-out>
2026-01-06 08:52:39:5239 [35mhttp[39m: [35mPOST /api/projects[39m
2026-01-06 08:52:39:5239 [32minfo[39m: [32m[Index] Pre-Gateway: POST /api/projects[39m

2026-01-06 08:52:39:5239 [32minfo[39m: [32m[AuthMiddleware] Verifying token: eyJhbGciOi... with secret length: 45[39m

[ProjectsRoute] POST / hit

2026-01-06 08:52:39:5239 [35mhttp[39m: [35mGET /api/projects/f938dc28-980d-4ff0-8ffe-b74a611f79cf[39m
2026-01-06 08:52:39:5239 [32minfo[39m: [32m[Index] Pre-Gateway: GET /api/projects/f938dc28-980d-4ff0-8ffe-b74a611f79cf[39m

2026-01-06 08:52:39:5239 [32minfo[39m: [32m[AuthMiddleware] Verifying token: eyJhbGciOi... with secret length: 45[39m

2026-01-06 08:52:39:5239 [35mhttp[39m: [35mPUT /api/projects/f938dc28-980d-4ff0-8ffe-b74a611f79cf[39m
2026-01-06 08:52:39:5239 [32minfo[39m: [32m[Index] Pre-Gateway: PUT /api/projects/f938dc28-980d-4ff0-8ffe-b74a611f79cf[39m

2026-01-06 08:52:39:5239 [32minfo[39m: [32m[AuthMiddleware] Verifying token: eyJhbGciOi... with secret length: 45[39m

2026-01-06 08:52:39:5239 [35mhttp[39m: [35mDELETE /api/projects/f938dc28-980d-4ff0-8ffe-b74a611f79cf[39m
2026-01-06 08:52:39:5239 [32minfo[39m: [32m[Index] Pre-Gateway: DELETE /api/projects/f938dc28-980d-4ff0-8ffe-b74a611f79cf[39m

2026-01-06 08:52:39:5239 [32minfo[39m: [32m[AuthMiddleware] Verifying token: eyJhbGciOi... with secret length: 45[39m

            </system-out>
            <system-err>
[ProjectController] createProject called. Org: org-flow-1, User: user-flow-1
[ProjectController] Executing INSERT for project f938dc28-980d-4ff0-8ffe-b74a611f79cf

[ProjectController] Immediate verify count for org org-flow-1: 1

            </system-err>
        </testcase>
        <testcase classname="tests/integration/apiFullFlow.test.js" name="Integration Test: Full API Flow &gt; Task Lifecycle &gt; should create and manage tasks" time="0.008059292">
            <system-out>
2026-01-06 08:52:39:5239 [35mhttp[39m: [35mPOST /api/tasks[39m
2026-01-06 08:52:39:5239 [32minfo[39m: [32m[Index] Pre-Gateway: POST /api/tasks[39m

2026-01-06 08:52:39:5239 [32minfo[39m: [32m[AuthMiddleware] Verifying token: eyJhbGciOi... with secret length: 45[39m

2026-01-06 08:52:39:5239 [33mwarn[39m: [33m[DB:Promise] Statement error[39m {&quot;error&quot;:&quot;SQLITE_ERROR: table tasks has no column named organization_id&quot;,&quot;sql&quot;:&quot;\n            INSERT INTO tasks (\n                id, project_id, organization_id, title, description&quot;,&quot;params&quot;:[&quot;f54fa3ad-4925-4b4e-bffe-5cb691af5f77&quot;,&quot;f938dc28-980d-4ff0-8ffe-b74a611f79cf&quot;,&quot;org-flow-1&quot;,&quot;API Flow Test Task&quot;,&quot;Test task description&quot;,&quot;todo&quot;,&quot;medium&quot;,null,&quot;user-flow-1&quot;,null,null,&quot;[]&quot;,&quot;execution&quot;,null,null,&quot;&quot;,&quot;{}&quot;,&quot;[]&quot;,&quot;[]&quot;,null,null,null,&quot;[]&quot;,0,&quot;&quot;,&quot;2026-01-06T07:52:39.903Z&quot;,&quot;2026-01-06T07:52:39.903Z&quot;]}

2026-01-06 08:52:39:5239 [31merror[39m: [31m[TaskController] Task creation failed:[39m

2026-01-06 08:52:39:5239 [33mwarn[39m: [33mPerformance metric[39m {&quot;method&quot;:&quot;POST&quot;,&quot;path&quot;:&quot;/api/tasks&quot;,&quot;statusCode&quot;:500,&quot;responseTime&quot;:3,&quot;dbQueryCount&quot;:0,&quot;dbQueryTime&quot;:0,&quot;memoryDelta&quot;:{&quot;heapUsed&quot;:1461872,&quot;external&quot;:9663,&quot;rss&quot;:294912},&quot;userId&quot;:&quot;user-flow-1&quot;,&quot;organizationId&quot;:&quot;org-flow-1&quot;,&quot;isSlow&quot;:false,&quot;isError&quot;:true}

2026-01-06 08:52:39:5239 [35mhttp[39m: [35mPOST /api/tasks[39m
2026-01-06 08:52:39:5239 [32minfo[39m: [32m[Index] Pre-Gateway: POST /api/tasks[39m

2026-01-06 08:52:39:5239 [32minfo[39m: [32m[AuthMiddleware] Verifying token: eyJhbGciOi... with secret length: 45[39m

2026-01-06 08:52:39:5239 [33mwarn[39m: [33m[DB:Promise] Statement error[39m {&quot;error&quot;:&quot;SQLITE_ERROR: table tasks has no column named organization_id&quot;,&quot;sql&quot;:&quot;\n            INSERT INTO tasks (\n                id, project_id, organization_id, title, description&quot;,&quot;params&quot;:[&quot;785c1eb4-1302-4d84-90d7-ab9759baf9d7&quot;,&quot;f938dc28-980d-4ff0-8ffe-b74a611f79cf&quot;,&quot;org-flow-1&quot;,&quot;API Flow Test Task&quot;,&quot;Test task description&quot;,&quot;todo&quot;,&quot;medium&quot;,null,&quot;user-flow-1&quot;,null,null,&quot;[]&quot;,&quot;execution&quot;,null,null,&quot;&quot;,&quot;{}&quot;,&quot;[]&quot;,&quot;[]&quot;,null,null,null,&quot;[]&quot;,0,&quot;&quot;,&quot;2026-01-06T07:52:39.908Z&quot;,&quot;2026-01-06T07:52:39.908Z&quot;]}

2026-01-06 08:52:39:5239 [31merror[39m: [31m[TaskController] Task creation failed:[39m

2026-01-06 08:52:39:5239 [33mwarn[39m: [33mPerformance metric[39m {&quot;method&quot;:&quot;POST&quot;,&quot;path&quot;:&quot;/api/tasks&quot;,&quot;statusCode&quot;:500,&quot;responseTime&quot;:1,&quot;dbQueryCount&quot;:0,&quot;dbQueryTime&quot;:0,&quot;memoryDelta&quot;:{&quot;heapUsed&quot;:-40792,&quot;external&quot;:1471,&quot;rss&quot;:65536},&quot;userId&quot;:&quot;user-flow-1&quot;,&quot;organizationId&quot;:&quot;org-flow-1&quot;,&quot;isSlow&quot;:false,&quot;isError&quot;:true}

            </system-out>
            <failure message="expected [ 200, 201 ] to include 500" type="AssertionError">
AssertionError: expected [ 200, 201 ] to include 500
 ❯ tests/integration/apiFullFlow.test.js:193:32
            </failure>
            <failure message="expected [ 200, 201 ] to include 500" type="AssertionError">
AssertionError: expected [ 200, 201 ] to include 500
 ❯ tests/integration/apiFullFlow.test.js:193:32
            </failure>
        </testcase>
        <testcase classname="tests/integration/apiFullFlow.test.js" name="Integration Test: Full API Flow &gt; Session Management &gt; should save and retrieve session data" time="0.0074055">
            <system-out>
2026-01-06 08:52:39:5239 [35mhttp[39m: [35mPOST /api/sessions[39m
2026-01-06 08:52:39:5239 [32minfo[39m: [32m[Index] Pre-Gateway: POST /api/sessions[39m

2026-01-06 08:52:39:5239 [32minfo[39m: [32m[AuthMiddleware] Verifying token: eyJhbGciOi... with secret length: 45[39m

2026-01-06 08:52:39:5239 [33mwarn[39m: [33m[DB:Promise] Statement error[39m {&quot;error&quot;:&quot;SQLITE_ERROR: no such table: active_sessions&quot;,&quot;sql&quot;:&quot;INSERT INTO active_sessions (id, user_id, device, ip_address, last_active, created_at)\n         VALU&quot;,&quot;params&quot;:[&quot;91693515-97a9-4e55-ad2f-5cc6c2d7c715&quot;,&quot;user-flow-1&quot;,&quot;Unknown Device&quot;,&quot;::ffff:127.0.0.1&quot;]}

2026-01-06 08:52:39:5239 [31merror[39m: [31m[AlertWatchdog] Detected Server Error:[39m
2026-01-06 08:52:39:5239 [31merror[39m: [31m[ErrorHandler] SQLITE_ERROR: no such table: active_sessions[39m {&quot;stack&quot;:&quot;Error: SQLITE_ERROR: no such table: active_sessions\n    at /Users/piotrwisniewski/Documents/Antygracity/DRD/consultify/server/src/routes/user/sessions.routes.ts:86:19\n    at processTicksAndRejections (node:internal/process/task_queues:103:5)&quot;,&quot;path&quot;:&quot;/api/sessions&quot;,&quot;method&quot;:&quot;POST&quot;,&quot;userId&quot;:&quot;user-flow-1&quot;}

2026-01-06 08:52:39:5239 [33mwarn[39m: [33mPerformance metric[39m {&quot;method&quot;:&quot;POST&quot;,&quot;path&quot;:&quot;/api/sessions&quot;,&quot;statusCode&quot;:500,&quot;responseTime&quot;:2,&quot;dbQueryCount&quot;:0,&quot;dbQueryTime&quot;:0,&quot;memoryDelta&quot;:{&quot;heapUsed&quot;:445248,&quot;external&quot;:9866,&quot;rss&quot;:475136},&quot;userId&quot;:&quot;user-flow-1&quot;,&quot;organizationId&quot;:&quot;org-flow-1&quot;,&quot;isSlow&quot;:false,&quot;isError&quot;:true}

2026-01-06 08:52:39:5239 [35mhttp[39m: [35mPOST /api/sessions[39m
2026-01-06 08:52:39:5239 [32minfo[39m: [32m[Index] Pre-Gateway: POST /api/sessions[39m

2026-01-06 08:52:39:5239 [32minfo[39m: [32m[AuthMiddleware] Verifying token: eyJhbGciOi... with secret length: 45[39m

2026-01-06 08:52:39:5239 [33mwarn[39m: [33m[DB:Promise] Statement error[39m {&quot;error&quot;:&quot;SQLITE_ERROR: no such table: active_sessions&quot;,&quot;sql&quot;:&quot;INSERT INTO active_sessions (id, user_id, device, ip_address, last_active, created_at)\n         VALU&quot;,&quot;params&quot;:[&quot;6ebd7077-e53e-4975-b2e0-b61911a0f607&quot;,&quot;user-flow-1&quot;,&quot;Unknown Device&quot;,&quot;::ffff:127.0.0.1&quot;]}

2026-01-06 08:52:39:5239 [31merror[39m: [31m[AlertWatchdog] Detected Server Error:[39m
2026-01-06 08:52:39:5239 [31merror[39m: [31m[ErrorHandler] SQLITE_ERROR: no such table: active_sessions[39m {&quot;stack&quot;:&quot;Error: SQLITE_ERROR: no such table: active_sessions\n    at /Users/piotrwisniewski/Documents/Antygracity/DRD/consultify/server/src/routes/user/sessions.routes.ts:86:19\n    at processTicksAndRejections (node:internal/process/task_queues:103:5)&quot;,&quot;path&quot;:&quot;/api/sessions&quot;,&quot;method&quot;:&quot;POST&quot;,&quot;userId&quot;:&quot;user-flow-1&quot;}

2026-01-06 08:52:39:5239 [33mwarn[39m: [33mPerformance metric[39m {&quot;method&quot;:&quot;POST&quot;,&quot;path&quot;:&quot;/api/sessions&quot;,&quot;statusCode&quot;:500,&quot;responseTime&quot;:2,&quot;dbQueryCount&quot;:0,&quot;dbQueryTime&quot;:0,&quot;memoryDelta&quot;:{&quot;heapUsed&quot;:122840,&quot;external&quot;:1674,&quot;rss&quot;:475136},&quot;userId&quot;:&quot;user-flow-1&quot;,&quot;organizationId&quot;:&quot;org-flow-1&quot;,&quot;isSlow&quot;:false,&quot;isError&quot;:true}

            </system-out>
            <failure message="expected 500 to be 200 // Object.is equality" type="AssertionError">
AssertionError: expected 500 to be 200 // Object.is equality

- Expected
+ Received

- 200
+ 500

 ❯ tests/integration/apiFullFlow.test.js:231:36
            </failure>
            <failure message="expected 500 to be 200 // Object.is equality" type="AssertionError">
AssertionError: expected 500 to be 200 // Object.is equality

- Expected
+ Received

- 200
+ 500

 ❯ tests/integration/apiFullFlow.test.js:231:36
            </failure>
        </testcase>
    </testsuite>
</testsuites>
