{"numTotalTestSuites":301,"numPassedTestSuites":301,"numFailedTestSuites":0,"numPendingTestSuites":0,"numTotalTests":727,"numPas    <testsuite name="tests/unit/aiPlaybookRoutingEngine.test.js" timestamp="2026-01-29T10:47:19.984Z" hostname="MacBook-Pro-Piotr.local" tests="29" failures="0" errors="0" skipped="0" time="0.014354917">
        <testcase classname="tests/unit/aiPlaybookRoutingEngine.test.js" name="AIPlaybookRoutingEngine &gt; evaluateCondition &gt; metric_lte &gt; should match when metric is less than threshold" time="0.003561917">
        </testcase>
        <testcase classname="tests/unit/aiPlaybookRoutingEngine.test.js" name="AIPlaybookRoutingEngine &gt; evaluateCondition &gt; metric_lte &gt; should match when metric equals threshold" time="0.000327917">
        </testcase>
        <testcase classname="tests/unit/aiPlaybookRoutingEngine.test.js" name="AIPlaybookRoutingEngine &gt; evaluateCondition &gt; metric_lte &gt; should not match when metric is greater than threshold" time="0.000253708">
        </testcase>
        <testcase classname="tests/unit/aiPlaybookRoutingEngine.test.js" name="AIPlaybookRoutingEngine &gt; evaluateCondition &gt; metric_lte &gt; should not match when metric is not found" time="0.001130375">
        </testcase>
        <testcase classname="tests/unit/aiPlaybookRoutingEngine.test.js" name="AIPlaybookRoutingEngine &gt; evaluateCondition &gt; metric_lte &gt; should return false for invalid format" time="0.00030525">
        </testcase>
        <testcase classname="tests/unit/aiPlaybookRoutingEngine.test.js" name="AIPlaybookRoutingEngine &gt; evaluateCondition &gt; metric_gte &gt; should match when metric is greater than threshold" time="0.00030075">
        </testcase>
        <testcase classname="tests/unit/aiPlaybookRoutingEngine.test.js" name="AIPlaybookRoutingEngine &gt; evaluateCondition &gt; metric_gte &gt; should match when metric equals threshold" time="0.000201833">
        </testcase>
        <testcase classname="tests/unit/aiPlaybookRoutingEngine.test.js" name="AIPlaybookRoutingEngine &gt; evaluateCondition &gt; metric_gte &gt; should not match when metric is less than threshold" time="0.000158625">
        </testcase>
        <testcase classname="tests/unit/aiPlaybookRoutingEngine.test.js" name="AIPlaybookRoutingEngine &gt; evaluateCondition &gt; flag_eq &gt; should match when flag equals expected value" time="0.000194917">
        </testcase>
        <testcase classname="tests/unit/aiPlaybookRoutingEngine.test.js" name="AIPlaybookRoutingEngine &gt; evaluateCondition &gt; flag_eq &gt; should not match when flag does not equal expected value" time="0.000180583">
        </testcase>
        <testcase classname="tests/unit/aiPlaybookRoutingEngine.test.js" name="AIPlaybookRoutingEngine &gt; evaluateCondition &gt; flag_eq &gt; should work with string values" time="0.000527166">
        </testcase>
        <testcase classname="tests/unit/aiPlaybookRoutingEngine.test.js" name="AIPlaybookRoutingEngine &gt; evaluateCondition &gt; has_open_tasks &gt; should match when open tasks exist and condition is true" time="0.000255291">
        </testcase>
        <testcase classname="tests/unit/aiPlaybookRoutingEngine.test.js" name="AIPlaybookRoutingEngine &gt; evaluateCondition &gt; has_open_tasks &gt; should match when no open tasks and condition is false" time="0.000149667">
        </testcase>
        <testcase classname="tests/unit/aiPlaybookRoutingEngine.test.js" name="AIPlaybookRoutingEngine &gt; evaluateCondition &gt; has_open_tasks &gt; should recognize in_progress as open" time="0.000160542">
        </testcase>
        <testcase classname="tests/unit/aiPlaybookRoutingEngine.test.js" name="AIPlaybookRoutingEngine &gt; evaluateCondition &gt; has_open_tasks &gt; should recognize PENDING as open" time="0.000143375">
        </testcase>
        <testcase classname="tests/unit/aiPlaybookRoutingEngine.test.js" name="AIPlaybookRoutingEngine &gt; evaluateCondition &gt; signal_present &gt; should match when signal is present" time="0.000145791">
        </testcase>
        <testcase classname="tests/unit/aiPlaybookRoutingEngine.test.js" name="AIPlaybookRoutingEngine &gt; evaluateCondition &gt; signal_present &gt; should not match when signal is not present" time="0.000121625">
        </testcase>
        <testcase classname="tests/unit/aiPlaybookRoutingEngine.test.js" name="AIPlaybookRoutingEngine &gt; evaluateCondition &gt; signal_present &gt; should handle simple string signals" time="0.000144167">
        </testcase>
        <testcase classname="tests/unit/aiPlaybookRoutingEngine.test.js" name="AIPlaybookRoutingEngine &gt; evaluateCondition &gt; time_since_step_gte &gt; should match when enough time has passed" time="0.000378625">
        </testcase>
        <testcase classname="tests/unit/aiPlaybookRoutingEngine.test.js" name="AIPlaybookRoutingEngine &gt; evaluateCondition &gt; time_since_step_gte &gt; should not match when not enough time has passed" time="0.000158792">
        </testcase>
        <testcase classname="tests/unit/aiPlaybookRoutingEngine.test.js" name="AIPlaybookRoutingEngine &gt; evaluateCondition &gt; time_since_step_gte &gt; should not match when step timestamp not found" time="0.000158083">
        </testcase>
        <testcase classname="tests/unit/aiPlaybookRoutingEngine.test.js" name="AIPlaybookRoutingEngine &gt; evaluateCondition &gt; unknown conditions &gt; should fail safely for unknown condition type" time="0.0008695">
            <system-err>
[AIPlaybookRoutingEngine] Unknown condition type: unknown_condition

            </system-err>
        </testcase>
        <testcase classname="tests/unit/aiPlaybookRoutingEngine.test.js" name="AIPlaybookRoutingEngine &gt; evaluateCondition &gt; unknown conditions &gt; should fail safely for empty condition" time="0.000152542">
        </testcase>
        <testcase classname="tests/unit/aiPlaybookRoutingEngine.test.js" name="AIPlaybookRoutingEngine &gt; evaluateRouting &gt; should select first matching rule in first_match mode" time="0.0003485">
        </testcase>
        <testcase classname="tests/unit/aiPlaybookRoutingEngine.test.js" name="AIPlaybookRoutingEngine &gt; evaluateRouting &gt; should use else_goto when no rules match" time="0.000170541">
        </testcase>
        <testcase classname="tests/unit/aiPlaybookRoutingEngine.test.js" name="AIPlaybookRoutingEngine &gt; evaluateRouting &gt; should return null when no rules match and no else_goto" time="0.00017175">
        </testcase>
        <testcase classname="tests/unit/aiPlaybookRoutingEngine.test.js" name="AIPlaybookRoutingEngine &gt; evaluateRouting &gt; should use linear flow when no branch_rules defined" time="0.000137875">
        </testcase>
        <testcase classname="tests/unit/aiPlaybookRoutingEngine.test.js" name="AIPlaybookRoutingEngine &gt; evaluateRouting &gt; should record evaluation trace" time="0.000764291">
        </testcase>
        <testcase classname="tests/unit/aiPlaybookRoutingEngine.test.js" name="AIPlaybookRoutingEngine &gt; evaluateRouting &gt; should skip rules with invalid conditions" time="0.000165167">
        </testcase>
    </testsuite>
    <testsuite name="tests/unit/analytics.service.test.ts" timestamp="2026-01-29T10:47:19.986Z" hostname="MacBook-Pro-Piotr.local" tests="8" failures="0" errors="0" skipped="0" time="0.0037065">
        <testcase classname="tests/unit/analytics.service.test.ts" name="Service Test: Analytics &gt; calculateAnalytics &gt; calculates analytics for empty arrays" time="0.001129">
        </testcase>
        <testcase classname="tests/unit/analytics.service.test.ts" name="Service Test: Analytics &gt; calculateAnalytics &gt; calculates completion rate correctly" time="0.000286333">
        </testcase>
        <testcase classname="tests/unit/analytics.service.test.ts" name="Service Test: Analytics &gt; calculateAnalytics &gt; calculates initiative statistics" time="0.000229625">
        </testcase>
        <testcase classname="tests/unit/analytics.service.test.ts" name="Service Test: Analytics &gt; calculateAnalytics &gt; calculates total cost and benefit" time="0.000169">
        </testcase>
        <testcase classname="tests/unit/analytics.service.test.ts" name="Service Test: Analytics &gt; generateBurnDownData &gt; generates burn down data for date range" time="0.0003585">
        </testcase>
        <testcase classname="tests/unit/analytics.service.test.ts" name="Service Test: Analytics &gt; generateBurnDownData &gt; handles empty task list" time="0.000124583">
        </testcase>
        <testcase classname="tests/unit/analytics.service.test.ts" name="Service Test: Analytics &gt; generateVelocityData &gt; generates velocity data for specified weeks" time="0.000214667">
        </testcase>
        <testcase classname="tests/unit/analytics.service.test.ts" name="Service Test: Analytics &gt; generateVelocityData &gt; uses default 8 weeks when not specified" time="0.000107709">
        </testcase>
    </testsuite>
    <testsuite name="tests/unit/governanceAudit.test.js" timestamp="2026-01-29T10:47:19.987Z" hostname="MacBook-Pro-Piotr.local" tests="4" failures="0" errors="0" skipped="0" time="0.00374975">
        <testcase classname="tests/unit/governanceAudit.test.js" name="GovernanceAuditService &gt; logAudit &gt; should log audit entry" time="0.001429875">
        </testcase>
        <testcase classname="tests/unit/governanceAudit.test.js" name="GovernanceAuditService &gt; logAudit &gt; should throw error for missing required parameters" time="0.000372125">
        </testcase>
        <testcase classname="tests/unit/governanceAudit.test.js" name="GovernanceAuditService &gt; logAudit &gt; should throw error for invalid action" time="0.000194292">
        </testcase>
        <testcase classname="tests/unit/governanceAudit.test.js" name="GovernanceAuditService &gt; getAuditLogs &gt; should return logs" time="0.000263125">
        </testcase>
    </testsuite>
    <testsuite name="tests/unit/securityModule.test.tsx" timestamp="2026-01-29T10:47:19.987Z" hostname="MacBook-Pro-Piotr.local" tests="3" failures="0" errors="0" skipped="0" time="0.002107">
        <testcase classname="tests/unit/securityModule.test.tsx" name="SecurityModule &gt; should validate token" time="0.000939">
        </testcase>
        <testcase classname="tests/unit/securityModule.test.tsx" name="SecurityModule &gt; should check permissions" time="0.000172166">
        </testcase>
        <testcase classname="tests/unit/securityModule.test.tsx" name="SecurityModule &gt; should handle threats" time="0.000122583">
        </testcase>
    </testsuite>
    <testsuite name="tests/unit/utils.test.ts" timestamp="2026-01-29T10:47:19.987Z" hostname="MacBook-Pro-Piotr.local" tests="12" failures="0" errors="0" skipped="0" time="0.016874209">
        <testcase classname="tests/unit/utils.test.ts" name="Unit Test: Utilities &gt; formatNumber &gt; should format numbers in thousands" time="0.001090084">
        </testcase>
        <testcase classname="tests/unit/utils.test.ts" name="Unit Test: Utilities &gt; formatNumber &gt; should format numbers in millions" time="0.000210041">
        </testcase>
        <testcase classname="tests/unit/utils.test.ts" name="Unit Test: Utilities &gt; formatNumber &gt; should keep small numbers as is" time="0.000140084">
        </testcase>
        <testcase classname="tests/unit/utils.test.ts" name="Unit Test: Utilities &gt; formatCurrency &gt; should format USD currency correctly" time="0.012956542">
        </testcase>
        <testcase classname="tests/unit/utils.test.ts" name="Unit Test: Utilities &gt; formatCurrency &gt; should format EUR currency" time="0.00028375">
        </testcase>
        <testcase classname="tests/unit/utils.test.ts" name="Unit Test: Utilities &gt; truncateText &gt; should truncate long text with ellipsis" time="0.0001665">
        </testcase>
        <testcase classname="tests/unit/utils.test.ts" name="Unit Test: Utilities &gt; truncateText &gt; should not truncate text within limit" time="0.000101125">
        </testcase>
        <testcase classname="tests/unit/utils.test.ts" name="Unit Test: Utilities &gt; capitalizeFirst &gt; should capitalize first letter" time="0.000109834">
        </testcase>
        <testcase classname="tests/unit/utils.test.ts" name="Unit Test: Utilities &gt; capitalizeFirst &gt; should handle empty strings" time="0.000095667">
        </testcase>
        <testcase classname="tests/unit/utils.test.ts" name="Unit Test: Utilities &gt; slugify &gt; should create URL-friendly slugs" time="0.000230458">
        </testcase>
        <testcase classname="tests/unit/utils.test.ts" name="Unit Test: Utilities &gt; slugify &gt; should remove special characters" time="0.000083584">
        </testcase>
        <testcase classname="tests/unit/utils.test.ts" name="Unit Test: Utilities &gt; debounce &gt; should return a function" time="0.000093208">
        </testcase>
    </testsuite>
    <testsuite name="tests/unit/ai/abTesting.test.js" timestamp="2026-01-29T10:47:19.988Z" hostname="MacBook-Pro-Piotr.local" tests="21" failures="0" errors="0" skipped="0" time="0.01048425">
        <testcase classname="tests/unit/ai/abTesting.test.js" name="ABTesting &gt; createExperiment() &gt; should create a new experiment" time="0.001797958">
        </testcase>
        <testcase classname="tests/unit/ai/abTesting.test.js" name="ABTesting &gt; createExperiment() &gt; should reject invalid experiment config" time="0.000927167">
        </testcase>
        <testcase classname="tests/unit/ai/abTesting.test.js" name="ABTesting &gt; getVariant() &gt; should return deterministic variant assignment" time="0.00042975">
        </testcase>
        <testcase classname="tests/unit/ai/abTesting.test.js" name="ABTesting &gt; getVariant() &gt; should return null for non-running experiment" time="0.0001555">
        </testcase>
        <testcase classname="tests/unit/ai/abTesting.test.js" name="ABTesting &gt; recordOutcome() &gt; should handle outcome recording for unassigned user gracefully" time="0.000322833">
        </testcase>
        <testcase classname="tests/unit/ai/abTesting.test.js" name="ABTesting &gt; getExperimentStats() &gt; should return experiment statistics" time="0.00029325">
        </testcase>
        <testcase classname="tests/unit/ai/abTesting.test.js" name="ABTesting &gt; getExperimentStats() &gt; should throw for non-existent experiment" time="0.000172125">
        </testcase>
        <testcase classname="tests/unit/ai/abTesting.test.js" name="ABTesting &gt; startExperiment() &gt; should successfully start a draft experiment" time="0.000228833">
        </testcase>
        <testcase classname="tests/unit/ai/abTesting.test.js" name="ABTesting &gt; startExperiment() &gt; should throw when starting non-existent experiment" time="0.000174916">
        </testcase>
        <testcase classname="tests/unit/ai/abTesting.test.js" name="ABTesting &gt; startExperiment() &gt; should throw when starting already running experiment" time="0.000201208">
        </testcase>
        <testcase classname="tests/unit/ai/abTesting.test.js" name="ABTesting &gt; stopExperiment() &gt; should successfully stop an experiment" time="0.000175375">
        </testcase>
        <testcase classname="tests/unit/ai/abTesting.test.js" name="ABTesting &gt; listExperiments() &gt; should list experiments with optional filtering" time="0.000192042">
        </testcase>
        <testcase classname="tests/unit/ai/abTesting.test.js" name="ABTesting &gt; listExperiments() &gt; should filter by status" time="0.000142167">
        </testcase>
        <testcase classname="tests/unit/ai/abTesting.test.js" name="ABTesting &gt; assignVariant() &gt; should deterministically assign variants" time="0.000171333">
        </testcase>
        <testcase classname="tests/unit/ai/abTesting.test.js" name="ABTesting &gt; assignVariant() &gt; should respect traffic split ratios" time="0.001813584">
        </testcase>
        <testcase classname="tests/unit/ai/abTesting.test.js" name="ABTesting &gt; calculateStats() &gt; should return insufficient data message when not enough variants" time="0.000148417">
        </testcase>
        <testcase classname="tests/unit/ai/abTesting.test.js" name="ABTesting &gt; calculateStats() &gt; should return insufficient sample message when count is low" time="0.000102125">
        </testcase>
        <testcase classname="tests/unit/ai/abTesting.test.js" name="ABTesting &gt; calculateStats() &gt; should calculate significance correctly" time="0.000191875">
        </testcase>
        <testcase classname="tests/unit/ai/abTesting.test.js" name="ABTesting &gt; simpleHash() &gt; should return consistent hash for same input" time="0.000107">
        </testcase>
        <testcase classname="tests/unit/ai/abTesting.test.js" name="ABTesting &gt; simpleHash() &gt; should return different hashes for different inputs" time="0.00016525">
        </testcase>
        <testcase classname="tests/unit/ai/abTesting.test.js" name="ABTesting &gt; simpleHash() &gt; should return non-negative numbers" time="0.001139042">
        </testcase>
    </testsuite>
    <testsuite name="tests/unit/ai/ai-service.test.ts" timestamp="2026-01-29T10:47:19.989Z" hostname="MacBook-Pro-Piotr.local" tests="28" failures="0" errors="0" skipped="0" time="0.014722042">
        <testcase classname="tests/unit/ai/ai-service.test.ts" name="AI Service &gt; Text Completion &gt; should generate completion for prompt" time="0.001784375">
        </testcase>
        <testcase classname="tests/unit/ai/ai-service.test.ts" name="AI Service &gt; Text Completion &gt; should respect max tokens limit" time="0.000340416">
        </testcase>
        <testcase classname="tests/unit/ai/ai-service.test.ts" name="AI Service &gt; Text Completion &gt; should handle temperature parameter" time="0.000285666">
        </testcase>
        <testcase classname="tests/unit/ai/ai-service.test.ts" name="AI Service &gt; Text Completion &gt; should handle system prompt" time="0.000201541">
        </testcase>
        <testcase classname="tests/unit/ai/ai-service.test.ts" name="AI Service &gt; Embeddings &gt; should generate text embeddings" time="0.00080825">
        </testcase>
        <testcase classname="tests/unit/ai/ai-service.test.ts" name="AI Service &gt; Embeddings &gt; should handle batch embeddings" time="0.001189666">
        </testcase>
        <testcase classname="tests/unit/ai/ai-service.test.ts" name="AI Service &gt; Embeddings &gt; should calculate cosine similarity" time="0.000375334">
        </testcase>
        <testcase classname="tests/unit/ai/ai-service.test.ts" name="AI Service &gt; AI Recommendations &gt; should generate task recommendations" time="0.000378458">
        </testcase>
        <testcase classname="tests/unit/ai/ai-service.test.ts" name="AI Service &gt; AI Recommendations &gt; should prioritize recommendations by urgency" time="0.000215584">
        </testcase>
        <testcase classname="tests/unit/ai/ai-service.test.ts" name="AI Service &gt; AI Recommendations &gt; should filter by minimum confidence" time="0.000304333">
        </testcase>
        <testcase classname="tests/unit/ai/ai-service.test.ts" name="AI Service &gt; AI Actions &gt; should validate action payload" time="0.000176875">
        </testcase>
        <testcase classname="tests/unit/ai/ai-service.test.ts" name="AI Service &gt; AI Actions &gt; should handle action execution result" time="0.00017875">
        </testcase>
        <testcase classname="tests/unit/ai/ai-service.test.ts" name="AI Service &gt; AI Actions &gt; should track action history" time="0.000169334">
        </testcase>
        <testcase classname="tests/unit/ai/ai-service.test.ts" name="AI Service &gt; Context Management &gt; should build context from user data" time="0.000159834">
        </testcase>
        <testcase classname="tests/unit/ai/ai-service.test.ts" name="AI Service &gt; Context Management &gt; should limit context window size" time="0.000120667">
        </testcase>
        <testcase classname="tests/unit/ai/ai-service.test.ts" name="AI Service &gt; Context Management &gt; should truncate long context" time="0.000210542">
        </testcase>
        <testcase classname="tests/unit/ai/ai-service.test.ts" name="AI Service &gt; Token Estimation &gt; should estimate tokens from character count" time="0.000132625">
        </testcase>
        <testcase classname="tests/unit/ai/ai-service.test.ts" name="AI Service &gt; Token Estimation &gt; should handle empty text" time="0.00012525">
        </testcase>
        <testcase classname="tests/unit/ai/ai-service.test.ts" name="AI Service &gt; Token Estimation &gt; should estimate tokens for complex text" time="0.000118667">
        </testcase>
        <testcase classname="tests/unit/ai/ai-service.test.ts" name="AI Service &gt; Rate Limiting &gt; should track request count" time="0.000135958">
        </testcase>
        <testcase classname="tests/unit/ai/ai-service.test.ts" name="AI Service &gt; Rate Limiting &gt; should determine if rate limited" time="0.000139458">
        </testcase>
        <testcase classname="tests/unit/ai/ai-service.test.ts" name="AI Service &gt; Rate Limiting &gt; should calculate retry after time" time="0.000155917">
        </testcase>
        <testcase classname="tests/unit/ai/ai-service.test.ts" name="AI Service &gt; Error Handling &gt; should handle API timeout" time="0.000255">
        </testcase>
        <testcase classname="tests/unit/ai/ai-service.test.ts" name="AI Service &gt; Error Handling &gt; should handle token limit exceeded" time="0.000159792">
        </testcase>
        <testcase classname="tests/unit/ai/ai-service.test.ts" name="AI Service &gt; Error Handling &gt; should handle invalid API key" time="0.000141333">
        </testcase>
        <testcase classname="tests/unit/ai/ai-service.test.ts" name="AI Service &gt; Caching &gt; should generate cache key from prompt" time="0.000257">
        </testcase>
        <testcase classname="tests/unit/ai/ai-service.test.ts" name="AI Service &gt; Caching &gt; should detect cache hit" time="0.000181083">
        </testcase>
        <testcase classname="tests/unit/ai/ai-service.test.ts" name="AI Service &gt; Caching &gt; should invalidate stale cache" time="0.000153209">
        </testcase>
    </testsuite>
    <testsuite name="tests/unit/ai/learningSystem.test.js" timestamp="2026-01-29T10:47:19.991Z" hostname="MacBook-Pro-Piotr.local" tests="2" failures="0" errors="0" skipped="0" time="0.002635917">
        <testcase classname="tests/unit/ai/learningSystem.test.js" name="AILearningSystem &gt; should track learning" time="0.001027083">
        </testcase>
        <testcase classname="tests/unit/ai/learningSystem.test.js" name="AILearningSystem &gt; should apply feedback" time="0.000229584">
        </testcase>
    </testsuite>
    <testsuite name="tests/unit/ai/performanceOptimizer.test.js" timestamp="2026-01-29T10:47:19.991Z" hostname="MacBook-Pro-Piotr.local" tests="14" failures="0" errors="0" skipped="0" time="0.009491542">
        <testcase classname="tests/unit/ai/performanceOptimizer.test.js" name="PerformanceOptimizer &gt; recordMetrics() &gt; should record metrics successfully" time="0.004208208">
        </testcase>
        <testcase classname="tests/unit/ai/performanceOptimizer.test.js" name="PerformanceOptimizer &gt; recordMetrics() &gt; should handle missing optional fields" time="0.0003795">
        </testcase>
        <testcase classname="tests/unit/ai/performanceOptimizer.test.js" name="PerformanceOptimizer &gt; recordMetrics() &gt; should track error metrics" time="0.000280792">
        </testcase>
        <testcase classname="tests/unit/ai/performanceOptimizer.test.js" name="PerformanceOptimizer &gt; getSummary() &gt; should return statistics object" time="0.000561917">
        </testcase>
        <testcase classname="tests/unit/ai/performanceOptimizer.test.js" name="PerformanceOptimizer &gt; getSummary() &gt; should calculate percentiles" time="0.000427">
        </testcase>
        <testcase classname="tests/unit/ai/performanceOptimizer.test.js" name="PerformanceOptimizer &gt; getSummary() &gt; should return zero stats for empty metrics" time="0.000203917">
        </testcase>
        <testcase classname="tests/unit/ai/performanceOptimizer.test.js" name="PerformanceOptimizer &gt; getRecommendations() &gt; should return array of recommendations" time="0.000311208">
        </testcase>
        <testcase classname="tests/unit/ai/performanceOptimizer.test.js" name="PerformanceOptimizer &gt; getRecommendations() &gt; should return empty array when no data" time="0.000126417">
        </testcase>
        <testcase classname="tests/unit/ai/performanceOptimizer.test.js" name="PerformanceOptimizer &gt; reset() &gt; should clear all recorded metrics" time="0.000174459">
        </testcase>
        <testcase classname="tests/unit/ai/performanceOptimizer.test.js" name="PerformanceOptimizer &gt; getCacheHitRate() &gt; should calculate cache hit rate correctly" time="0.000250208">
        </testcase>
        <testcase classname="tests/unit/ai/performanceOptimizer.test.js" name="PerformanceOptimizer &gt; getCacheHitRate() &gt; should return 0 for no requests" time="0.000157208">
        </testcase>
        <testcase classname="tests/unit/ai/performanceOptimizer.test.js" name="PerformanceOptimizer &gt; getErrorRate() &gt; should calculate error rate correctly" time="0.000184917">
        </testcase>
        <testcase classname="tests/unit/ai/performanceOptimizer.test.js" name="PerformanceOptimizer &gt; getErrorRate() &gt; should return 0 for no errors" time="0.000138583">
        </testcase>
        <testcase classname="tests/unit/ai/performanceOptimizer.test.js" name="PerformanceOptimizer &gt; Token tracking &gt; should track total tokens used" time="0.000156417">
        </testcase>
    </testsuite>
    <testsuite name="tests/unit/analytics/analytics-service.test.ts" timestamp="2026-01-29T10:47:19.991Z" hostname="MacBook-Pro-Piotr.local" tests="28" failures="0" errors="0" skipped="0" time="0.010753792">
        <testcase classname="tests/unit/analytics/analytics-service.test.ts" name="Analytics Service &gt; Event Tracking &gt; should track page view event" time="0.002776958">
        </testcase>
        <testcase classname="tests/unit/analytics/analytics-service.test.ts" name="Analytics Service &gt; Event Tracking &gt; should track feature usage event" time="0.0004655">
        </testcase>
        <testcase classname="tests/unit/analytics/analytics-service.test.ts" name="Analytics Service &gt; Event Tracking &gt; should track conversion event" time="0.00025625">
        </testcase>
        <testcase classname="tests/unit/analytics/analytics-service.test.ts" name="Analytics Service &gt; Event Tracking &gt; should batch events" time="0.001019709">
        </testcase>
        <testcase classname="tests/unit/analytics/analytics-service.test.ts" name="Analytics Service &gt; User Metrics &gt; should calculate daily active users" time="0.000230417">
        </testcase>
        <testcase classname="tests/unit/analytics/analytics-service.test.ts" name="Analytics Service &gt; User Metrics &gt; should calculate session duration" time="0.0001715">
        </testcase>
        <testcase classname="tests/unit/analytics/analytics-service.test.ts" name="Analytics Service &gt; User Metrics &gt; should track pages per session" time="0.000196167">
        </testcase>
        <testcase classname="tests/unit/analytics/analytics-service.test.ts" name="Analytics Service &gt; User Metrics &gt; should calculate bounce rate" time="0.00013525">
        </testcase>
        <testcase classname="tests/unit/analytics/analytics-service.test.ts" name="Analytics Service &gt; User Metrics &gt; should track retention" time="0.000143916">
        </testcase>
        <testcase classname="tests/unit/analytics/analytics-service.test.ts" name="Analytics Service &gt; Feature Analytics &gt; should track feature adoption" time="0.000159667">
        </testcase>
        <testcase classname="tests/unit/analytics/analytics-service.test.ts" name="Analytics Service &gt; Feature Analytics &gt; should calculate feature usage frequency" time="0.00014675">
        </testcase>
        <testcase classname="tests/unit/analytics/analytics-service.test.ts" name="Analytics Service &gt; Feature Analytics &gt; should identify power users" time="0.000182834">
        </testcase>
        <testcase classname="tests/unit/analytics/analytics-service.test.ts" name="Analytics Service &gt; Conversion Funnels &gt; should track funnel steps" time="0.000168334">
        </testcase>
        <testcase classname="tests/unit/analytics/analytics-service.test.ts" name="Analytics Service &gt; Conversion Funnels &gt; should calculate step conversion" time="0.000126084">
        </testcase>
        <testcase classname="tests/unit/analytics/analytics-service.test.ts" name="Analytics Service &gt; Conversion Funnels &gt; should calculate overall funnel conversion" time="0.0001235">
        </testcase>
        <testcase classname="tests/unit/analytics/analytics-service.test.ts" name="Analytics Service &gt; Conversion Funnels &gt; should identify largest drop-off" time="0.000148125">
        </testcase>
        <testcase classname="tests/unit/analytics/analytics-service.test.ts" name="Analytics Service &gt; Time Series &gt; should aggregate by day" time="0.000143875">
        </testcase>
        <testcase classname="tests/unit/analytics/analytics-service.test.ts" name="Analytics Service &gt; Time Series &gt; should calculate moving average" time="0.000258">
        </testcase>
        <testcase classname="tests/unit/analytics/analytics-service.test.ts" name="Analytics Service &gt; Time Series &gt; should calculate growth rate" time="0.000139166">
        </testcase>
        <testcase classname="tests/unit/analytics/analytics-service.test.ts" name="Analytics Service &gt; Time Series &gt; should detect trend" time="0.000151875">
        </testcase>
        <testcase classname="tests/unit/analytics/analytics-service.test.ts" name="Analytics Service &gt; Dashboard Widgets &gt; should build KPI widget" time="0.000163542">
        </testcase>
        <testcase classname="tests/unit/analytics/analytics-service.test.ts" name="Analytics Service &gt; Dashboard Widgets &gt; should build chart widget" time="0.000193833">
        </testcase>
        <testcase classname="tests/unit/analytics/analytics-service.test.ts" name="Analytics Service &gt; Dashboard Widgets &gt; should build table widget" time="0.000178459">
        </testcase>
        <testcase classname="tests/unit/analytics/analytics-service.test.ts" name="Analytics Service &gt; Segmentation &gt; should segment by user type" time="0.000197666">
        </testcase>
        <testcase classname="tests/unit/analytics/analytics-service.test.ts" name="Analytics Service &gt; Segmentation &gt; should segment by activity level" time="0.000270875">
        </testcase>
        <testcase classname="tests/unit/analytics/analytics-service.test.ts" name="Analytics Service &gt; Segmentation &gt; should segment by tenure" time="0.000372625">
        </testcase>
        <testcase classname="tests/unit/analytics/analytics-service.test.ts" name="Analytics Service &gt; Export &gt; should export to CSV format" time="0.00024875">
        </testcase>
        <testcase classname="tests/unit/analytics/analytics-service.test.ts" name="Analytics Service &gt; Export &gt; should format date range" time="0.000156">
        </testcase>
    </testsuite>
    <testsuite name="tests/unit/assessment/assessment-module.test.ts" timestamp="2026-01-29T10:47:19.993Z" hostname="MacBook-Pro-Piotr.local" tests="24" failures="0" errors="0" skipped="0" time="0.009118125">
        <testcase classname="tests/unit/assessment/assessment-module.test.ts" name="Assessment Module &gt; Maturity Assessment &gt; should create assessment" time="0.00210725">
        </testcase>
        <testcase classname="tests/unit/assessment/assessment-module.test.ts" name="Assessment Module &gt; Maturity Assessment &gt; should define maturity dimensions" time="0.000938">
        </testcase>
        <testcase classname="tests/unit/assessment/assessment-module.test.ts" name="Assessment Module &gt; Maturity Assessment &gt; should calculate dimension score" time="0.000248042">
        </testcase>
        <testcase classname="tests/unit/assessment/assessment-module.test.ts" name="Assessment Module &gt; Maturity Assessment &gt; should calculate overall maturity level" time="0.000301917">
        </testcase>
        <testcase classname="tests/unit/assessment/assessment-module.test.ts" name="Assessment Module &gt; Maturity Assessment &gt; should determine maturity level from score" time="0.000214167">
        </testcase>
        <testcase classname="tests/unit/assessment/assessment-module.test.ts" name="Assessment Module &gt; Assessment Questions &gt; should create question" time="0.000200041">
        </testcase>
        <testcase classname="tests/unit/assessment/assessment-module.test.ts" name="Assessment Module &gt; Assessment Questions &gt; should validate answer within scale" time="0.000160458">
        </testcase>
        <testcase classname="tests/unit/assessment/assessment-module.test.ts" name="Assessment Module &gt; Assessment Questions &gt; should reject answer outside scale" time="0.000141208">
        </testcase>
        <testcase classname="tests/unit/assessment/assessment-module.test.ts" name="Assessment Module &gt; Assessment Questions &gt; should calculate weighted score" time="0.000188333">
        </testcase>
        <testcase classname="tests/unit/assessment/assessment-module.test.ts" name="Assessment Module &gt; Gap Analysis &gt; should calculate gap between current and target" time="0.000216584">
        </testcase>
        <testcase classname="tests/unit/assessment/assessment-module.test.ts" name="Assessment Module &gt; Gap Analysis &gt; should identify priority areas" time="0.000176625">
        </testcase>
        <testcase classname="tests/unit/assessment/assessment-module.test.ts" name="Assessment Module &gt; Gap Analysis &gt; should calculate improvement effort" time="0.000142">
        </testcase>
        <testcase classname="tests/unit/assessment/assessment-module.test.ts" name="Assessment Module &gt; Recommendations &gt; should generate recommendations based on gaps" time="0.000262583">
        </testcase>
        <testcase classname="tests/unit/assessment/assessment-module.test.ts" name="Assessment Module &gt; Recommendations &gt; should prioritize recommendations" time="0.000153292">
        </testcase>
        <testcase classname="tests/unit/assessment/assessment-module.test.ts" name="Assessment Module &gt; Rapid Lean Assessment &gt; should create rapid assessment" time="0.000188333">
        </testcase>
        <testcase classname="tests/unit/assessment/assessment-module.test.ts" name="Assessment Module &gt; Rapid Lean Assessment &gt; should calculate lean maturity" time="0.000154709">
        </testcase>
        <testcase classname="tests/unit/assessment/assessment-module.test.ts" name="Assessment Module &gt; Rapid Lean Assessment &gt; should identify waste types" time="0.0003315">
        </testcase>
        <testcase classname="tests/unit/assessment/assessment-module.test.ts" name="Assessment Module &gt; Assessment Progress &gt; should track completion progress" time="0.00012975">
        </testcase>
        <testcase classname="tests/unit/assessment/assessment-module.test.ts" name="Assessment Module &gt; Assessment Progress &gt; should save progress" time="0.00020925">
        </testcase>
        <testcase classname="tests/unit/assessment/assessment-module.test.ts" name="Assessment Module &gt; Assessment Progress &gt; should resume from saved progress" time="0.000131417">
        </testcase>
        <testcase classname="tests/unit/assessment/assessment-module.test.ts" name="Assessment Module &gt; Benchmark Comparison &gt; should compare against industry benchmark" time="0.000136875">
        </testcase>
        <testcase classname="tests/unit/assessment/assessment-module.test.ts" name="Assessment Module &gt; Benchmark Comparison &gt; should calculate percentile rank" time="0.000152958">
        </testcase>
        <testcase classname="tests/unit/assessment/assessment-module.test.ts" name="Assessment Module &gt; Assessment Templates &gt; should create assessment template" time="0.000133708">
        </testcase>
        <testcase classname="tests/unit/assessment/assessment-module.test.ts" name="Assessment Module &gt; Assessment Templates &gt; should clone template for organization" time="0.000132">
        </testcase>
    </testsuite>
    <testsuite name="tests/unit/auth/auth-module.test.ts" timestamp="2026-01-29T10:47:19.995Z" hostname="MacBook-Pro-Piotr.local" tests="21" failures="0" errors="0" skipped="0" time="0.007643166">
        <testcase classname="tests/unit/auth/auth-module.test.ts" name="Authentication Module &gt; User Registration &gt; should validate registration data" time="0.001592875">
        </testcase>
        <testcase classname="tests/unit/auth/auth-module.test.ts" name="Authentication Module &gt; User Registration &gt; should check email uniqueness" time="0.000297417">
        </testcase>
        <testcase classname="tests/unit/auth/auth-module.test.ts" name="Authentication Module &gt; User Registration &gt; should generate verification token" time="0.000234417">
        </testcase>
        <testcase classname="tests/unit/auth/auth-module.test.ts" name="Authentication Module &gt; Login &gt; should validate credentials format" time="0.000217583">
        </testcase>
        <testcase classname="tests/unit/auth/auth-module.test.ts" name="Authentication Module &gt; Login &gt; should track login attempts" time="0.000216625">
        </testcase>
        <testcase classname="tests/unit/auth/auth-module.test.ts" name="Authentication Module &gt; Login &gt; should lock account after max attempts" time="0.000159917">
        </testcase>
        <testcase classname="tests/unit/auth/auth-module.test.ts" name="Authentication Module &gt; Login &gt; should generate access token" time="0.000155792">
        </testcase>
        <testcase classname="tests/unit/auth/auth-module.test.ts" name="Authentication Module &gt; Password Management &gt; should validate password strength" time="0.00020225">
        </testcase>
        <testcase classname="tests/unit/auth/auth-module.test.ts" name="Authentication Module &gt; Password Management &gt; should calculate password strength score" time="0.000241875">
        </testcase>
        <testcase classname="tests/unit/auth/auth-module.test.ts" name="Authentication Module &gt; Password Management &gt; should check password history" time="0.000203416">
        </testcase>
        <testcase classname="tests/unit/auth/auth-module.test.ts" name="Authentication Module &gt; Multi-Factor Authentication &gt; should generate backup codes" time="0.000704167">
        </testcase>
        <testcase classname="tests/unit/auth/auth-module.test.ts" name="Authentication Module &gt; Multi-Factor Authentication &gt; should validate TOTP code format" time="0.000160666">
        </testcase>
        <testcase classname="tests/unit/auth/auth-module.test.ts" name="Authentication Module &gt; Multi-Factor Authentication &gt; should consume backup code" time="0.000144334">
        </testcase>
        <testcase classname="tests/unit/auth/auth-module.test.ts" name="Authentication Module &gt; Session Management &gt; should create session" time="0.000136458">
        </testcase>
        <testcase classname="tests/unit/auth/auth-module.test.ts" name="Authentication Module &gt; Session Management &gt; should detect session expiry" time="0.000144083">
        </testcase>
        <testcase classname="tests/unit/auth/auth-module.test.ts" name="Authentication Module &gt; Session Management &gt; should list user sessions" time="0.00019275">
        </testcase>
        <testcase classname="tests/unit/auth/auth-module.test.ts" name="Authentication Module &gt; OAuth &gt; should generate OAuth state" time="0.000132333">
        </testcase>
        <testcase classname="tests/unit/auth/auth-module.test.ts" name="Authentication Module &gt; OAuth &gt; should validate OAuth callback" time="0.000135208">
        </testcase>
        <testcase classname="tests/unit/auth/auth-module.test.ts" name="Authentication Module &gt; OAuth &gt; should map OAuth provider data" time="0.000210708">
        </testcase>
        <testcase classname="tests/unit/auth/auth-module.test.ts" name="Authentication Module &gt; Email Verification &gt; should generate verification link" time="0.000144083">
        </testcase>
        <testcase classname="tests/unit/auth/auth-module.test.ts" name="Authentication Module &gt; Email Verification &gt; should mark email as verified" time="0.000153834">
        </testcase>
    </testsuite>
    <testsuite name="tests/unit/billing/billing-module.test.ts" timestamp="2026-01-29T10:47:19.996Z" hostname="MacBook-Pro-Piotr.local" tests="30" failures="0" errors="0" skipped="0" time="0.010266958">
        <testcase classname="tests/unit/billing/billing-module.test.ts" name="Billing Module &gt; Invoice Generation &gt; should create invoice" time="0.001874291">
        </testcase>
        <testcase classname="tests/unit/billing/billing-module.test.ts" name="Billing Module &gt; Invoice Generation &gt; should add line items" time="0.000370459">
        </testcase>
        <testcase classname="tests/unit/billing/billing-module.test.ts" name="Billing Module &gt; Invoice Generation &gt; should calculate tax" time="0.000321542">
        </testcase>
        <testcase classname="tests/unit/billing/billing-module.test.ts" name="Billing Module &gt; Invoice Generation &gt; should calculate invoice total" time="0.000214917">
        </testcase>
        <testcase classname="tests/unit/billing/billing-module.test.ts" name="Billing Module &gt; Invoice Generation &gt; should generate invoice number" time="0.000313667">
        </testcase>
        <testcase classname="tests/unit/billing/billing-module.test.ts" name="Billing Module &gt; Payment Processing &gt; should create payment record" time="0.000186208">
        </testcase>
        <testcase classname="tests/unit/billing/billing-module.test.ts" name="Billing Module &gt; Payment Processing &gt; should process successful payment" time="0.000156833">
        </testcase>
        <testcase classname="tests/unit/billing/billing-module.test.ts" name="Billing Module &gt; Payment Processing &gt; should handle payment failure" time="0.000138917">
        </testcase>
        <testcase classname="tests/unit/billing/billing-module.test.ts" name="Billing Module &gt; Payment Processing &gt; should calculate payment fee" time="0.000157333">
        </testcase>
        <testcase classname="tests/unit/billing/billing-module.test.ts" name="Billing Module &gt; Payment Processing &gt; should process refund" time="0.000209583">
        </testcase>
        <testcase classname="tests/unit/billing/billing-module.test.ts" name="Billing Module &gt; Subscription Billing &gt; should calculate prorated amount for upgrade" time="0.000154291">
        </testcase>
        <testcase classname="tests/unit/billing/billing-module.test.ts" name="Billing Module &gt; Subscription Billing &gt; should calculate next billing date" time="0.000175292">
        </testcase>
        <testcase classname="tests/unit/billing/billing-module.test.ts" name="Billing Module &gt; Subscription Billing &gt; should apply credit balance" time="0.000134666">
        </testcase>
        <testcase classname="tests/unit/billing/billing-module.test.ts" name="Billing Module &gt; Payment Methods &gt; should validate card expiry" time="0.000141666">
        </testcase>
        <testcase classname="tests/unit/billing/billing-module.test.ts" name="Billing Module &gt; Payment Methods &gt; should mask card number" time="0.000120083">
        </testcase>
        <testcase classname="tests/unit/billing/billing-module.test.ts" name="Billing Module &gt; Payment Methods &gt; should detect card brand" time="0.000119375">
        </testcase>
        <testcase classname="tests/unit/billing/billing-module.test.ts" name="Billing Module &gt; Payment Methods &gt; should set default payment method" time="0.00013075">
        </testcase>
        <testcase classname="tests/unit/billing/billing-module.test.ts" name="Billing Module &gt; Usage-Based Billing &gt; should track API usage" time="0.000121167">
        </testcase>
        <testcase classname="tests/unit/billing/billing-module.test.ts" name="Billing Module &gt; Usage-Based Billing &gt; should calculate storage charges" time="0.000115209">
        </testcase>
        <testcase classname="tests/unit/billing/billing-module.test.ts" name="Billing Module &gt; Usage-Based Billing &gt; should aggregate usage metrics" time="0.000138791">
        </testcase>
        <testcase classname="tests/unit/billing/billing-module.test.ts" name="Billing Module &gt; Discounts &amp; Credits &gt; should apply percentage discount" time="0.000138417">
        </testcase>
        <testcase classname="tests/unit/billing/billing-module.test.ts" name="Billing Module &gt; Discounts &amp; Credits &gt; should apply fixed discount" time="0.000135166">
        </testcase>
        <testcase classname="tests/unit/billing/billing-module.test.ts" name="Billing Module &gt; Discounts &amp; Credits &gt; should add credit to account" time="0.000120875">
        </testcase>
        <testcase classname="tests/unit/billing/billing-module.test.ts" name="Billing Module &gt; Discounts &amp; Credits &gt; should track discount usage" time="0.000131084">
        </testcase>
        <testcase classname="tests/unit/billing/billing-module.test.ts" name="Billing Module &gt; Billing History &gt; should list invoices" time="0.00074325">
        </testcase>
        <testcase classname="tests/unit/billing/billing-module.test.ts" name="Billing Module &gt; Billing History &gt; should calculate total spent" time="0.000173208">
        </testcase>
        <testcase classname="tests/unit/billing/billing-module.test.ts" name="Billing Module &gt; Billing History &gt; should filter by date range" time="0.000229834">
        </testcase>
        <testcase classname="tests/unit/billing/billing-module.test.ts" name="Billing Module &gt; Dunning Management &gt; should track failed payment attempts" time="0.000329459">
        </testcase>
        <testcase classname="tests/unit/billing/billing-module.test.ts" name="Billing Module &gt; Dunning Management &gt; should send dunning email" time="0.00028175">
        </testcase>
        <testcase classname="tests/unit/billing/billing-module.test.ts" name="Billing Module &gt; Dunning Management &gt; should suspend after max failures" time="0.000172792">
        </testcase>
    </testsuite>
    <testsuite name="tests/unit/dashboard/dashboard-module.test.ts" timestamp="2026-01-29T10:47:19.998Z" hostname="MacBook-Pro-Piotr.local" tests="30" failures="0" errors="0" skipped="0" time="0.019395917">
        <testcase classname="tests/unit/dashboard/dashboard-module.test.ts" name="Dashboard Module &gt; Widget Configuration &gt; should create widget configuration" time="0.001020875">
        </testcase>
        <testcase classname="tests/unit/dashboard/dashboard-module.test.ts" name="Dashboard Module &gt; Widget Configuration &gt; should list available widget types" time="0.000565667">
        </testcase>
        <testcase classname="tests/unit/dashboard/dashboard-module.test.ts" name="Dashboard Module &gt; Widget Configuration &gt; should validate widget size" time="0.000155458">
        </testcase>
        <testcase classname="tests/unit/dashboard/dashboard-module.test.ts" name="Dashboard Module &gt; Widget Configuration &gt; should set widget refresh interval" time="0.000140291">
        </testcase>
        <testcase classname="tests/unit/dashboard/dashboard-module.test.ts" name="Dashboard Module &gt; Dashboard Layout &gt; should create dashboard layout" time="0.000330875">
        </testcase>
        <testcase classname="tests/unit/dashboard/dashboard-module.test.ts" name="Dashboard Module &gt; Dashboard Layout &gt; should validate widget placement" time="0.000120292">
        </testcase>
        <testcase classname="tests/unit/dashboard/dashboard-module.test.ts" name="Dashboard Module &gt; Dashboard Layout &gt; should detect widget overlap" time="0.000112542">
        </testcase>
        <testcase classname="tests/unit/dashboard/dashboard-module.test.ts" name="Dashboard Module &gt; Dashboard Layout &gt; should save layout preferences" time="0.000105292">
        </testcase>
        <testcase classname="tests/unit/dashboard/dashboard-module.test.ts" name="Dashboard Module &gt; KPI Widget &gt; should calculate KPI value" time="0.000125375">
        </testcase>
        <testcase classname="tests/unit/dashboard/dashboard-module.test.ts" name="Dashboard Module &gt; KPI Widget &gt; should determine trend direction" time="0.00013225">
        </testcase>
        <testcase classname="tests/unit/dashboard/dashboard-module.test.ts" name="Dashboard Module &gt; KPI Widget &gt; should format KPI value" time="0.012949667">
        </testcase>
        <testcase classname="tests/unit/dashboard/dashboard-module.test.ts" name="Dashboard Module &gt; KPI Widget &gt; should set KPI threshold colors" time="0.000129375">
        </testcase>
        <testcase classname="tests/unit/dashboard/dashboard-module.test.ts" name="Dashboard Module &gt; Chart Widget &gt; should prepare line chart data" time="0.00016">
        </testcase>
        <testcase classname="tests/unit/dashboard/dashboard-module.test.ts" name="Dashboard Module &gt; Chart Widget &gt; should prepare bar chart data" time="0.000130583">
        </testcase>
        <testcase classname="tests/unit/dashboard/dashboard-module.test.ts" name="Dashboard Module &gt; Chart Widget &gt; should prepare pie chart data" time="0.000103292">
        </testcase>
        <testcase classname="tests/unit/dashboard/dashboard-module.test.ts" name="Dashboard Module &gt; Chart Widget &gt; should calculate chart range" time="0.000124333">
        </testcase>
        <testcase classname="tests/unit/dashboard/dashboard-module.test.ts" name="Dashboard Module &gt; Table Widget &gt; should define table columns" time="0.000168042">
        </testcase>
        <testcase classname="tests/unit/dashboard/dashboard-module.test.ts" name="Dashboard Module &gt; Table Widget &gt; should sort table data" time="0.000104583">
        </testcase>
        <testcase classname="tests/unit/dashboard/dashboard-module.test.ts" name="Dashboard Module &gt; Table Widget &gt; should paginate table data" time="0.000100709">
        </testcase>
        <testcase classname="tests/unit/dashboard/dashboard-module.test.ts" name="Dashboard Module &gt; Table Widget &gt; should filter table data" time="0.000128125">
        </testcase>
        <testcase classname="tests/unit/dashboard/dashboard-module.test.ts" name="Dashboard Module &gt; Activity Feed &gt; should format activity item" time="0.000109459">
        </testcase>
        <testcase classname="tests/unit/dashboard/dashboard-module.test.ts" name="Dashboard Module &gt; Activity Feed &gt; should group activities by date" time="0.000153875">
        </testcase>
        <testcase classname="tests/unit/dashboard/dashboard-module.test.ts" name="Dashboard Module &gt; Activity Feed &gt; should limit activity items" time="0.000142917">
        </testcase>
        <testcase classname="tests/unit/dashboard/dashboard-module.test.ts" name="Dashboard Module &gt; Quick Actions &gt; should define quick actions" time="0.00012175">
        </testcase>
        <testcase classname="tests/unit/dashboard/dashboard-module.test.ts" name="Dashboard Module &gt; Quick Actions &gt; should check action permissions" time="0.000110167">
        </testcase>
        <testcase classname="tests/unit/dashboard/dashboard-module.test.ts" name="Dashboard Module &gt; Dashboard Filters &gt; should apply date filter" time="0.000092042">
        </testcase>
        <testcase classname="tests/unit/dashboard/dashboard-module.test.ts" name="Dashboard Module &gt; Dashboard Filters &gt; should apply project filter" time="0.000129209">
        </testcase>
        <testcase classname="tests/unit/dashboard/dashboard-module.test.ts" name="Dashboard Module &gt; Dashboard Filters &gt; should persist filter preferences" time="0.000123791">
        </testcase>
        <testcase classname="tests/unit/dashboard/dashboard-module.test.ts" name="Dashboard Module &gt; Real-time Updates &gt; should handle widget update event" time="0.000104958">
        </testcase>
        <testcase classname="tests/unit/dashboard/dashboard-module.test.ts" name="Dashboard Module &gt; Real-time Updates &gt; should debounce rapid updates" time="0.000135709">
        </testcase>
    </testsuite>
    <testsuite name="tests/unit/database/database-layer.test.ts" timestamp="2026-01-29T10:47:20.000Z" hostname="MacBook-Pro-Piotr.local" tests="38" failures="0" errors="0" skipped="0" time="0.008790584">
        <testcase classname="tests/unit/database/database-layer.test.ts" name="Database Layer &gt; Query Builder &gt; should build SELECT query" time="0.00104475">
        </testcase>
        <testcase classname="tests/unit/database/database-layer.test.ts" name="Database Layer &gt; Query Builder &gt; should build WHERE clause" time="0.000228084">
        </testcase>
        <testcase classname="tests/unit/database/database-layer.test.ts" name="Database Layer &gt; Query Builder &gt; should build ORDER BY clause" time="0.000172084">
        </testcase>
        <testcase classname="tests/unit/database/database-layer.test.ts" name="Database Layer &gt; Query Builder &gt; should build LIMIT and OFFSET" time="0.000152542">
        </testcase>
        <testcase classname="tests/unit/database/database-layer.test.ts" name="Database Layer &gt; Query Builder &gt; should build JOIN clause" time="0.000220209">
        </testcase>
        <testcase classname="tests/unit/database/database-layer.test.ts" name="Database Layer &gt; Transactions &gt; should track transaction state" time="0.000144459">
        </testcase>
        <testcase classname="tests/unit/database/database-layer.test.ts" name="Database Layer &gt; Transactions &gt; should commit transaction" time="0.000128292">
        </testcase>
        <testcase classname="tests/unit/database/database-layer.test.ts" name="Database Layer &gt; Transactions &gt; should rollback transaction" time="0.0001205">
        </testcase>
        <testcase classname="tests/unit/database/database-layer.test.ts" name="Database Layer &gt; Transactions &gt; should track operations in transaction" time="0.00053625">
        </testcase>
        <testcase classname="tests/unit/database/database-layer.test.ts" name="Database Layer &gt; Migrations &gt; should track migration version" time="0.00022175">
        </testcase>
        <testcase classname="tests/unit/database/database-layer.test.ts" name="Database Layer &gt; Migrations &gt; should generate migration filename" time="0.000133375">
        </testcase>
        <testcase classname="tests/unit/database/database-layer.test.ts" name="Database Layer &gt; Migrations &gt; should validate migration order" time="0.000134541">
        </testcase>
        <testcase classname="tests/unit/database/database-layer.test.ts" name="Database Layer &gt; Connection Pool &gt; should track pool statistics" time="0.000131792">
        </testcase>
        <testcase classname="tests/unit/database/database-layer.test.ts" name="Database Layer &gt; Connection Pool &gt; should calculate pool utilization" time="0.000115125">
        </testcase>
        <testcase classname="tests/unit/database/database-layer.test.ts" name="Database Layer &gt; Connection Pool &gt; should detect pool exhaustion" time="0.00011825">
        </testcase>
        <testcase classname="tests/unit/database/database-layer.test.ts" name="Database Layer &gt; Query Optimization &gt; should detect slow query" time="0.0001155">
        </testcase>
        <testcase classname="tests/unit/database/database-layer.test.ts" name="Database Layer &gt; Query Optimization &gt; should check index usage" time="0.000118959">
        </testcase>
        <testcase classname="tests/unit/database/database-layer.test.ts" name="Database Layer &gt; Query Optimization &gt; should estimate query cost" time="0.000121375">
        </testcase>
        <testcase classname="tests/unit/database/database-layer.test.ts" name="Database Layer &gt; Query Optimization &gt; should prefer index scan over full scan" time="0.000121584">
        </testcase>
        <testcase classname="tests/unit/database/database-layer.test.ts" name="Database Layer &gt; Data Types &gt; should handle UUID" time="0.000164542">
        </testcase>
        <testcase classname="tests/unit/database/database-layer.test.ts" name="Database Layer &gt; Data Types &gt; should handle timestamp" time="0.00030725">
        </testcase>
        <testcase classname="tests/unit/database/database-layer.test.ts" name="Database Layer &gt; Data Types &gt; should handle JSON field" time="0.000147416">
        </testcase>
        <testcase classname="tests/unit/database/database-layer.test.ts" name="Database Layer &gt; Data Types &gt; should handle boolean" time="0.000130416">
        </testcase>
        <testcase classname="tests/unit/database/database-layer.test.ts" name="Database Layer &gt; Data Types &gt; should handle decimal precision" time="0.000127334">
        </testcase>
        <testcase classname="tests/unit/database/database-layer.test.ts" name="Database Layer &gt; Multi-Tenant &gt; should apply tenant filter" time="0.000130291">
        </testcase>
        <testcase classname="tests/unit/database/database-layer.test.ts" name="Database Layer &gt; Multi-Tenant &gt; should validate tenant access" time="0.000129875">
        </testcase>
        <testcase classname="tests/unit/database/database-layer.test.ts" name="Database Layer &gt; Multi-Tenant &gt; should prevent cross-tenant access" time="0.000122167">
        </testcase>
        <testcase classname="tests/unit/database/database-layer.test.ts" name="Database Layer &gt; Soft Delete &gt; should mark as deleted" time="0.000146542">
        </testcase>
        <testcase classname="tests/unit/database/database-layer.test.ts" name="Database Layer &gt; Soft Delete &gt; should filter deleted records" time="0.0001945">
        </testcase>
        <testcase classname="tests/unit/database/database-layer.test.ts" name="Database Layer &gt; Soft Delete &gt; should restore deleted record" time="0.000141792">
        </testcase>
        <testcase classname="tests/unit/database/database-layer.test.ts" name="Database Layer &gt; Audit Trail &gt; should track created_at" time="0.000182041">
        </testcase>
        <testcase classname="tests/unit/database/database-layer.test.ts" name="Database Layer &gt; Audit Trail &gt; should track updated_at" time="0.0001505">
        </testcase>
        <testcase classname="tests/unit/database/database-layer.test.ts" name="Database Layer &gt; Audit Trail &gt; should track created_by" time="0.000430167">
        </testcase>
        <testcase classname="tests/unit/database/database-layer.test.ts" name="Database Layer &gt; Batch Operations &gt; should batch insert" time="0.000152541">
        </testcase>
        <testcase classname="tests/unit/database/database-layer.test.ts" name="Database Layer &gt; Batch Operations &gt; should batch update" time="0.00019525">
        </testcase>
        <testcase classname="tests/unit/database/database-layer.test.ts" name="Database Layer &gt; Batch Operations &gt; should batch delete" time="0.000149792">
        </testcase>
        <testcase classname="tests/unit/database/database-layer.test.ts" name="Database Layer &gt; Full-Text Search &gt; should build search query" time="0.000148875">
        </testcase>
        <testcase classname="tests/unit/database/database-layer.test.ts" name="Database Layer &gt; Full-Text Search &gt; should rank search results" time="0.000156791">
        </testcase>
    </testsuite>
    <testsuite name="tests/unit/discovery/discovery-module.test.ts" timestamp="2026-01-29T10:47:20.002Z" hostname="MacBook-Pro-Piotr.local" tests="17" failures="0" errors="0" skipped="0" time="0.008500542">
        <testcase classname="tests/unit/discovery/discovery-module.test.ts" name="Discovery Module &gt; Stakeholder Mapping &gt; should create stakeholder" time="0.002119375">
        </testcase>
        <testcase classname="tests/unit/discovery/discovery-module.test.ts" name="Discovery Module &gt; Stakeholder Mapping &gt; should categorize stakeholder" time="0.000341209">
        </testcase>
        <testcase classname="tests/unit/discovery/discovery-module.test.ts" name="Discovery Module &gt; Stakeholder Mapping &gt; should track stakeholder count" time="0.000380709">
        </testcase>
        <testcase classname="tests/unit/discovery/discovery-module.test.ts" name="Discovery Module &gt; Pain Point Analysis &gt; should capture pain point" time="0.0004335">
        </testcase>
        <testcase classname="tests/unit/discovery/discovery-module.test.ts" name="Discovery Module &gt; Pain Point Analysis &gt; should prioritize pain points" time="0.000280792">
        </testcase>
        <testcase classname="tests/unit/discovery/discovery-module.test.ts" name="Discovery Module &gt; Pain Point Analysis &gt; should link to opportunity" time="0.0002135">
        </testcase>
        <testcase classname="tests/unit/discovery/discovery-module.test.ts" name="Discovery Module &gt; Opportunity Identification &gt; should create opportunity" time="0.000814708">
        </testcase>
        <testcase classname="tests/unit/discovery/discovery-module.test.ts" name="Discovery Module &gt; Opportunity Identification &gt; should calculate ROI" time="0.0002165">
        </testcase>
        <testcase classname="tests/unit/discovery/discovery-module.test.ts" name="Discovery Module &gt; Opportunity Identification &gt; should categorize by theme" time="0.000613834">
        </testcase>
        <testcase classname="tests/unit/discovery/discovery-module.test.ts" name="Discovery Module &gt; Process Mapping &gt; should define process steps" time="0.000222">
        </testcase>
        <testcase classname="tests/unit/discovery/discovery-module.test.ts" name="Discovery Module &gt; Process Mapping &gt; should identify bottlenecks" time="0.000156833">
        </testcase>
        <testcase classname="tests/unit/discovery/discovery-module.test.ts" name="Discovery Module &gt; Process Mapping &gt; should calculate cycle time" time="0.000139">
        </testcase>
        <testcase classname="tests/unit/discovery/discovery-module.test.ts" name="Discovery Module &gt; Requirement Gathering &gt; should create requirement" time="0.000125833">
        </testcase>
        <testcase classname="tests/unit/discovery/discovery-module.test.ts" name="Discovery Module &gt; Requirement Gathering &gt; should categorize MoSCoW" time="0.000178459">
        </testcase>
        <testcase classname="tests/unit/discovery/discovery-module.test.ts" name="Discovery Module &gt; Requirement Gathering &gt; should track traceability" time="0.000124042">
        </testcase>
        <testcase classname="tests/unit/discovery/discovery-module.test.ts" name="Discovery Module &gt; Value Stream Mapping &gt; should calculate value-add ratio" time="0.000136708">
        </testcase>
        <testcase classname="tests/unit/discovery/discovery-module.test.ts" name="Discovery Module &gt; Value Stream Mapping &gt; should identify waste" time="0.000185">
        </testcase>
    </testsuite>
    <testsuite name="tests/unit/governance/governance-module.test.ts" timestamp="2026-01-29T10:47:20.003Z" hostname="MacBook-Pro-Piotr.local" tests="15" failures="0" errors="0" skipped="0" time="0.005137333">
        <testcase classname="tests/unit/governance/governance-module.test.ts" name="Governance Module &gt; Decision Gates &gt; should define gate criteria" time="0.001399167">
        </testcase>
        <testcase classname="tests/unit/governance/governance-module.test.ts" name="Governance Module &gt; Decision Gates &gt; should track gate status" time="0.000256791">
        </testcase>
        <testcase classname="tests/unit/governance/governance-module.test.ts" name="Governance Module &gt; Decision Gates &gt; should record gate decision" time="0.000167334">
        </testcase>
        <testcase classname="tests/unit/governance/governance-module.test.ts" name="Governance Module &gt; Approval Workflows &gt; should create approval request" time="0.000207125">
        </testcase>
        <testcase classname="tests/unit/governance/governance-module.test.ts" name="Governance Module &gt; Approval Workflows &gt; should route to approvers" time="0.000212459">
        </testcase>
        <testcase classname="tests/unit/governance/governance-module.test.ts" name="Governance Module &gt; Approval Workflows &gt; should track approval chain" time="0.000152916">
        </testcase>
        <testcase classname="tests/unit/governance/governance-module.test.ts" name="Governance Module &gt; RACI Matrix &gt; should define RACI roles" time="0.000174583">
        </testcase>
        <testcase classname="tests/unit/governance/governance-module.test.ts" name="Governance Module &gt; RACI Matrix &gt; should validate single accountable" time="0.000121791">
        </testcase>
        <testcase classname="tests/unit/governance/governance-module.test.ts" name="Governance Module &gt; Risk Management &gt; should create risk" time="0.000145125">
        </testcase>
        <testcase classname="tests/unit/governance/governance-module.test.ts" name="Governance Module &gt; Risk Management &gt; should calculate risk score" time="0.0001555">
        </testcase>
        <testcase classname="tests/unit/governance/governance-module.test.ts" name="Governance Module &gt; Risk Management &gt; should assign mitigation" time="0.00014425">
        </testcase>
        <testcase classname="tests/unit/governance/governance-module.test.ts" name="Governance Module &gt; Compliance Tracking &gt; should track compliance items" time="0.00013125">
        </testcase>
        <testcase classname="tests/unit/governance/governance-module.test.ts" name="Governance Module &gt; Compliance Tracking &gt; should schedule compliance audit" time="0.00016525">
        </testcase>
        <testcase classname="tests/unit/governance/governance-module.test.ts" name="Governance Module &gt; Change Management &gt; should create change request" time="0.000129292">
        </testcase>
        <testcase classname="tests/unit/governance/governance-module.test.ts" name="Governance Module &gt; Change Management &gt; should assess change impact" time="0.000182">
        </testcase>
    </testsuite>
    <testsuite name="tests/unit/industrial/module-controllers.test.ts" timestamp="2026-01-29T10:47:20.004Z" hostname="MacBook-Pro-Piotr.local" tests="32" failures="0" errors="0" skipped="0" time="0.011490333">
        <testcase classname="tests/unit/industrial/module-controllers.test.ts" name="Industrial Module Controllers &gt; MES Controller &gt; Production Orders &gt; should create production order" time="0.002482708">
        </testcase>
        <testcase classname="tests/unit/industrial/module-controllers.test.ts" name="Industrial Module Controllers &gt; MES Controller &gt; Production Orders &gt; should validate quantity is positive" time="0.000387375">
        </testcase>
        <testcase classname="tests/unit/industrial/module-controllers.test.ts" name="Industrial Module Controllers &gt; MES Controller &gt; Production Orders &gt; should validate date range" time="0.000294125">
        </testcase>
        <testcase classname="tests/unit/industrial/module-controllers.test.ts" name="Industrial Module Controllers &gt; MES Controller &gt; Production Orders &gt; should calculate OEE" time="0.000706958">
        </testcase>
        <testcase classname="tests/unit/industrial/module-controllers.test.ts" name="Industrial Module Controllers &gt; MES Controller &gt; Production Orders &gt; should track production status transitions" time="0.001321958">
        </testcase>
        <testcase classname="tests/unit/industrial/module-controllers.test.ts" name="Industrial Module Controllers &gt; MES Controller &gt; Equipment Monitoring &gt; should track equipment status" time="0.000229875">
        </testcase>
        <testcase classname="tests/unit/industrial/module-controllers.test.ts" name="Industrial Module Controllers &gt; MES Controller &gt; Equipment Monitoring &gt; should calculate equipment utilization" time="0.000159291">
        </testcase>
        <testcase classname="tests/unit/industrial/module-controllers.test.ts" name="Industrial Module Controllers &gt; WMS Controller &gt; Inventory Management &gt; should track inventory levels" time="0.000161583">
        </testcase>
        <testcase classname="tests/unit/industrial/module-controllers.test.ts" name="Industrial Module Controllers &gt; WMS Controller &gt; Inventory Management &gt; should detect low stock" time="0.000149417">
        </testcase>
        <testcase classname="tests/unit/industrial/module-controllers.test.ts" name="Industrial Module Controllers &gt; WMS Controller &gt; Inventory Management &gt; should detect overstock" time="0.000248917">
        </testcase>
        <testcase classname="tests/unit/industrial/module-controllers.test.ts" name="Industrial Module Controllers &gt; WMS Controller &gt; Inventory Management &gt; should calculate reorder quantity" time="0.000139458">
        </testcase>
        <testcase classname="tests/unit/industrial/module-controllers.test.ts" name="Industrial Module Controllers &gt; WMS Controller &gt; Warehouse Operations &gt; should validate pick operation" time="0.000188375">
        </testcase>
        <testcase classname="tests/unit/industrial/module-controllers.test.ts" name="Industrial Module Controllers &gt; WMS Controller &gt; Warehouse Operations &gt; should track location capacity" time="0.0001365">
        </testcase>
        <testcase classname="tests/unit/industrial/module-controllers.test.ts" name="Industrial Module Controllers &gt; QMS Controller &gt; Quality Inspections &gt; should create inspection record" time="0.000135875">
        </testcase>
        <testcase classname="tests/unit/industrial/module-controllers.test.ts" name="Industrial Module Controllers &gt; QMS Controller &gt; Quality Inspections &gt; should calculate defect rate" time="0.000121209">
        </testcase>
        <testcase classname="tests/unit/industrial/module-controllers.test.ts" name="Industrial Module Controllers &gt; QMS Controller &gt; Quality Inspections &gt; should determine pass/fail based on threshold" time="0.000129791">
        </testcase>
        <testcase classname="tests/unit/industrial/module-controllers.test.ts" name="Industrial Module Controllers &gt; QMS Controller &gt; Non-Conformance Reports &gt; should create NCR" time="0.000128458">
        </testcase>
        <testcase classname="tests/unit/industrial/module-controllers.test.ts" name="Industrial Module Controllers &gt; QMS Controller &gt; Non-Conformance Reports &gt; should validate NCR severity levels" time="0.000191583">
        </testcase>
        <testcase classname="tests/unit/industrial/module-controllers.test.ts" name="Industrial Module Controllers &gt; CMMS Controller &gt; Work Orders &gt; should create maintenance work order" time="0.000130042">
        </testcase>
        <testcase classname="tests/unit/industrial/module-controllers.test.ts" name="Industrial Module Controllers &gt; CMMS Controller &gt; Work Orders &gt; should validate priority levels" time="0.000188042">
        </testcase>
        <testcase classname="tests/unit/industrial/module-controllers.test.ts" name="Industrial Module Controllers &gt; CMMS Controller &gt; Work Orders &gt; should calculate maintenance hours" time="0.000158292">
        </testcase>
        <testcase classname="tests/unit/industrial/module-controllers.test.ts" name="Industrial Module Controllers &gt; CMMS Controller &gt; Asset Management &gt; should track asset lifecycle" time="0.000155625">
        </testcase>
        <testcase classname="tests/unit/industrial/module-controllers.test.ts" name="Industrial Module Controllers &gt; CMMS Controller &gt; Asset Management &gt; should calculate MTBF" time="0.000130916">
        </testcase>
        <testcase classname="tests/unit/industrial/module-controllers.test.ts" name="Industrial Module Controllers &gt; CMMS Controller &gt; Asset Management &gt; should calculate MTTR" time="0.000119959">
        </testcase>
        <testcase classname="tests/unit/industrial/module-controllers.test.ts" name="Industrial Module Controllers &gt; HSE Controller &gt; Incident Reporting &gt; should create incident report" time="0.000131">
        </testcase>
        <testcase classname="tests/unit/industrial/module-controllers.test.ts" name="Industrial Module Controllers &gt; HSE Controller &gt; Incident Reporting &gt; should validate incident types" time="0.000186541">
        </testcase>
        <testcase classname="tests/unit/industrial/module-controllers.test.ts" name="Industrial Module Controllers &gt; HSE Controller &gt; Incident Reporting &gt; should calculate incident rate" time="0.000128125">
        </testcase>
        <testcase classname="tests/unit/industrial/module-controllers.test.ts" name="Industrial Module Controllers &gt; HSE Controller &gt; Safety Audits &gt; should create safety audit" time="0.000163333">
        </testcase>
        <testcase classname="tests/unit/industrial/module-controllers.test.ts" name="Industrial Module Controllers &gt; ESG Controller &gt; Environmental Metrics &gt; should track carbon emissions" time="0.000131292">
        </testcase>
        <testcase classname="tests/unit/industrial/module-controllers.test.ts" name="Industrial Module Controllers &gt; ESG Controller &gt; Environmental Metrics &gt; should calculate emission reduction" time="0.000120417">
        </testcase>
        <testcase classname="tests/unit/industrial/module-controllers.test.ts" name="Industrial Module Controllers &gt; ESG Controller &gt; Social Metrics &gt; should track diversity metrics" time="0.00014725">
        </testcase>
        <testcase classname="tests/unit/industrial/module-controllers.test.ts" name="Industrial Module Controllers &gt; ESG Controller &gt; Governance Metrics &gt; should track board composition" time="0.000145417">
        </testcase>
    </testsuite>
    <testsuite name="tests/unit/initiatives/initiatives-module.test.ts" timestamp="2026-01-29T10:47:20.005Z" hostname="MacBook-Pro-Piotr.local" tests="19" failures="0" errors="0" skipped="0" time="0.007635916">
        <testcase classname="tests/unit/initiatives/initiatives-module.test.ts" name="Initiatives Module &gt; Initiative CRUD &gt; should create initiative" time="0.001585958">
        </testcase>
        <testcase classname="tests/unit/initiatives/initiatives-module.test.ts" name="Initiatives Module &gt; Initiative CRUD &gt; should update initiative" time="0.000303208">
        </testcase>
        <testcase classname="tests/unit/initiatives/initiatives-module.test.ts" name="Initiatives Module &gt; Initiative CRUD &gt; should archive initiative" time="0.000283">
        </testcase>
        <testcase classname="tests/unit/initiatives/initiatives-module.test.ts" name="Initiatives Module &gt; Initiative Lifecycle &gt; should define stages" time="0.000776667">
        </testcase>
        <testcase classname="tests/unit/initiatives/initiatives-module.test.ts" name="Initiatives Module &gt; Initiative Lifecycle &gt; should validate stage transition" time="0.000240083">
        </testcase>
        <testcase classname="tests/unit/initiatives/initiatives-module.test.ts" name="Initiatives Module &gt; Initiative Lifecycle &gt; should track stage duration" time="0.0001955">
        </testcase>
        <testcase classname="tests/unit/initiatives/initiatives-module.test.ts" name="Initiatives Module &gt; Initiative Scoring &gt; should calculate priority score" time="0.00018575">
        </testcase>
        <testcase classname="tests/unit/initiatives/initiatives-module.test.ts" name="Initiatives Module &gt; Initiative Scoring &gt; should rank initiatives" time="0.000154416">
        </testcase>
        <testcase classname="tests/unit/initiatives/initiatives-module.test.ts" name="Initiatives Module &gt; Initiative Benefits &gt; should define benefits" time="0.000217125">
        </testcase>
        <testcase classname="tests/unit/initiatives/initiatives-module.test.ts" name="Initiatives Module &gt; Initiative Benefits &gt; should calculate total value" time="0.000212125">
        </testcase>
        <testcase classname="tests/unit/initiatives/initiatives-module.test.ts" name="Initiatives Module &gt; Initiative Benefits &gt; should track benefit realization" time="0.00015525">
        </testcase>
        <testcase classname="tests/unit/initiatives/initiatives-module.test.ts" name="Initiatives Module &gt; Initiative Dependencies &gt; should create dependency" time="0.000133709">
        </testcase>
        <testcase classname="tests/unit/initiatives/initiatives-module.test.ts" name="Initiatives Module &gt; Initiative Dependencies &gt; should detect circular dependency" time="0.000143084">
        </testcase>
        <testcase classname="tests/unit/initiatives/initiatives-module.test.ts" name="Initiatives Module &gt; Initiative Resources &gt; should allocate resources" time="0.000132083">
        </testcase>
        <testcase classname="tests/unit/initiatives/initiatives-module.test.ts" name="Initiatives Module &gt; Initiative Resources &gt; should check resource availability" time="0.000146666">
        </testcase>
        <testcase classname="tests/unit/initiatives/initiatives-module.test.ts" name="Initiatives Module &gt; Initiative Milestones &gt; should create milestone" time="0.00012525">
        </testcase>
        <testcase classname="tests/unit/initiatives/initiatives-module.test.ts" name="Initiatives Module &gt; Initiative Milestones &gt; should track milestone progress" time="0.000185583">
        </testcase>
        <testcase classname="tests/unit/initiatives/initiatives-module.test.ts" name="Initiatives Module &gt; Initiative Reporting &gt; should generate status report" time="0.000128583">
        </testcase>
        <testcase classname="tests/unit/initiatives/initiatives-module.test.ts" name="Initiatives Module &gt; Initiative Reporting &gt; should calculate health score" time="0.000144584">
        </testcase>
    </testsuite>
    <testsuite name="tests/unit/integration/integration-module.test.ts" timestamp="2026-01-29T10:47:20.006Z" hostname="MacBook-Pro-Piotr.local" tests="32" failures="0" errors="0" skipped="0" time="0.010263333">
        <testcase classname="tests/unit/integration/integration-module.test.ts" name="Integration Module &gt; OAuth Connections &gt; should store OAuth tokens" time="0.00200275">
        </testcase>
        <testcase classname="tests/unit/integration/integration-module.test.ts" name="Integration Module &gt; OAuth Connections &gt; should detect expired token" time="0.000364958">
        </testcase>
        <testcase classname="tests/unit/integration/integration-module.test.ts" name="Integration Module &gt; OAuth Connections &gt; should check token refresh needed" time="0.000234292">
        </testcase>
[...]
/consultify/tests/unit/superadmin/dashboard-widgets.test.ts"},{"assertionResults":[{"ancestorTitles":["Tasks Module","Task CRUD"],"fullName":"Tasks Module Task CRUD should create task","status":"passed","title":"should create task","duration":1.3472500000002583,"failureMessages":[],"meta":{}},{"ancestorTitles":["Tasks Module","Task CRUD"],"fullName":"Tasks Module Task CRUD should update task","status":"passed","title":"should update task","duration":0.2668329999996786,"failureMessages":[],"meta":{}},{"ancestorTitles":["Tasks Module","Task CRUD"],"fullName":"Tasks Module Task CRUD should complete task","status":"passed","title":"should complete task","duration":0.29241700000011406,"failureMessages":[],"meta":{}},{"ancestorTitles":["Tasks Module","Task CRUD"],"fullName":"Tasks Module Task CRUD should delete task","status":"passed","title":"should delete task","duration":0.6610000000000582,"failureMessages":[],"meta":{}},{"ancestorTitles":["Tasks Module","Task Assignment"],"fullName":"Tasks Module Task Assignment should assign task","status":"passed","title":"should assign task","duration":0.2114169999999831,"failureMessages":[],"meta":{}},{"ancestorTitles":["Tasks Module","Task Assignment"],"fullName":"Tasks Module Task Assignment should reassign task","status":"passed","title":"should reassign task","duration":0.15541699999994307,"failureMessages":[],"meta":{}},{"ancestorTitles":["Tasks Module","Task Assignment"],"fullName":"Tasks Module Task Assignment should list my tasks","status":"passed","title":"should list my tasks","duration":0.19274999999970532,"failureMessages":[],"meta":{}},{"ancestorTitles":["Tasks Module","Task Prioritization"],"fullName":"Tasks Module Task Prioritization should set priority","status":"passed","title":"should set priority","duration":0.3458339999997406,"failureMessages":[],"meta":{}},{"ancestorTitles":["Tasks Module","Task Prioritization"],"fullName":"Tasks Module Task Prioritization should sort by priority","status":"passed","title":"should sort by priority","duration":0.19233399999984613,"failureMessages":[],"meta":{}},{"ancestorTitles":["Tasks Module","Task Due Dates"],"fullName":"Tasks Module Task Due Dates should set due date","status":"passed","title":"should set due date","duration":0.22554200000013225,"failureMessages":[],"meta":{}},{"ancestorTitles":["Tasks Module","Task Due Dates"],"fullName":"Tasks Module Task Due Dates should detect overdue","status":"passed","title":"should detect overdue","duration":0.1461669999998776,"failureMessages":[],"meta":{}},{"ancestorTitles":["Tasks Module","Task Due Dates"],"fullName":"Tasks Module Task Due Dates should detect due soon","status":"passed","title":"should detect due soon","duration":0.16662499999983993,"failureMessages":[],"meta":{}},{"ancestorTitles":["Tasks Module","Task Subtasks"],"fullName":"Tasks Module Task Subtasks should add subtask","status":"passed","title":"should add subtask","duration":0.20349999999962165,"failureMessages":[],"meta":{}},{"ancestorTitles":["Tasks Module","Task Subtasks"],"fullName":"Tasks Module Task Subtasks should calculate progress","status":"passed","title":"should calculate progress","duration":0.1876670000001468,"failureMessages":[],"meta":{}},{"ancestorTitles":["Tasks Module","Task Comments"],"fullName":"Tasks Module Task Comments should add comment","status":"passed","title":"should add comment","duration":0.20541700000012497,"failureMessages":[],"meta":{}},{"ancestorTitles":["Tasks Module","Task Comments"],"fullName":"Tasks Module Task Comments should mention user","status":"passed","title":"should mention user","duration":0.2009170000001177,"failureMessages":[],"meta":{}},{"ancestorTitles":["Tasks Module","Task Labels"],"fullName":"Tasks Module Task Labels should add label","status":"passed","title":"should add label","duration":0.16374999999970896,"failureMessages":[],"meta":{}},{"ancestorTitles":["Tasks Module","Task Labels"],"fullName":"Tasks Module Task Labels should filter by label","status":"passed","title":"should filter by label","duration":0.15545800000018062,"failureMessages":[],"meta":{}},{"ancestorTitles":["Tasks Module","Task Time Tracking"],"fullName":"Tasks Module Task Time Tracking should log time","status":"passed","title":"should log time","duration":0.12733299999990777,"failureMessages":[],"meta":{}},{"ancestorTitles":["Tasks Module","Task Time Tracking"],"fullName":"Tasks Module Task Time Tracking should calculate total time","status":"passed","title":"should calculate total time","duration":0.1432079999999587,"failureMessages":[],"meta":{}}],"startTime":1769683639375,"endTime":1769683639381.201,"status":"passed","message":"","name":"/Users/piotrwisniewski/Documents/Antygracity/DRD/consultify/tests/unit/tasks/tasks-module.test.ts"},{"assertionResults":[{"ancestorTitles":["Utility Helpers","String Utilities"],"fullName":"Utility Helpers String Utilities should capitalize string","status":"passed","title":"should capitalize string","duration":1.080583999999817,"failureMessages":[],"meta":{}},{"ancestorTitles":["Utility Helpers","String Utilities"],"fullName":"Utility Helpers String Utilities should truncate long string","status":"passed","title":"should truncate long string","duration":0.20383300000003146,"failureMessages":[],"meta":{}},{"ancestorTitles":["Utility Helpers","String Utilities"],"fullName":"Utility Helpers String Utilities should slugify string","status":"passed","title":"should slugify string","duration":0.16104200000017954,"failureMessages":[],"meta":{}},{"ancestorTitles":["Utility Helpers","String Utilities"],"fullName":"Utility Helpers String Utilities should generate random string","status":"passed","title":"should generate random string","duration":0.15995899999961694,"failureMessages":[],"meta":{}},{"ancestorTitles":["Utility Helpers","Number Utilities"],"fullName":"Utility Helpers Number Utilities should format number with commas","status":"passed","title":"should format number with commas","duration":12.528208000000177,"failureMessages":[],"meta":{}},{"ancestorTitles":["Utility Helpers","Number Utilities"],"fullName":"Utility Helpers Number Utilities should round to decimals","status":"passed","title":"should round to decimals","duration":0.15833400000019537,"failureMessages":[],"meta":{}},{"ancestorTitles":["Utility Helpers","Number Utilities"],"fullName":"Utility Helpers Number Utilities should clamp value","status":"passed","title":"should clamp value","duration":0.12375000000020009,"failureMessages":[],"meta":{}},{"ancestorTitles":["Utility Helpers","Number Utilities"],"fullName":"Utility Helpers Number Utilities should calculate percentage","status":"passed","title":"should calculate percentage","duration":0.102708999999777,"failureMessages":[],"meta":{}},{"ancestorTitles":["Utility Helpers","Date Utilities"],"fullName":"Utility Helpers Date Utilities should format date","status":"passed","title":"should format date","duration":3.116790999999921,"failureMessages":[],"meta":{}},{"ancestorTitles":["Utility Helpers","Date Utilities"],"fullName":"Utility Helpers Date Utilities should get days between dates","status":"passed","title":"should get days between dates","duration":0.1862909999999829,"failureMessages":[],"meta":{}},{"ancestorTitles":["Utility Helpers","Date Utilities"],"fullName":"Utility Helpers Date Utilities should check if date is past","status":"passed","title":"should check if date is past","duration":0.11679099999992104,"failureMessages":[],"meta":{}},{"ancestorTitles":["Utility Helpers","Date Utilities"],"fullName":"Utility Helpers Date Utilities should add days to date","status":"passed","title":"should add days to date","duration":0.11637500000006185,"failureMessages":[],"meta":{}},{"ancestorTitles":["Utility Helpers","Array Utilities"],"fullName":"Utility Helpers Array Utilities should remove duplicates","status":"passed","title":"should remove duplicates","duration":0.5559589999998025,"failureMessages":[],"meta":{}},{"ancestorTitles":["Utility Helpers","Array Utilities"],"fullName":"Utility Helpers Array Utilities should group by key","status":"passed","title":"should group by key","duration":0.31775000000016007,"failureMessages":[],"meta":{}},{"ancestorTitles":["Utility Helpers","Array Utilities"],"fullName":"Utility Helpers Array Utilities should chunk array","status":"passed","title":"should chunk array","duration":0.2474170000000413,"failureMessages":[],"meta":{}},{"ancestorTitles":["Utility Helpers","Array Utilities"],"fullName":"Utility Helpers Array Utilities should flatten nested array","status":"passed","title":"should flatten nested array","duration":0.19554100000004837,"failureMessages":[],"meta":{}},{"ancestorTitles":["Utility Helpers","Object Utilities"],"fullName":"Utility Helpers Object Utilities should deep clone object","status":"passed","title":"should deep clone object","duration":0.1477500000000873,"failureMessages":[],"meta":{}},{"ancestorTitles":["Utility Helpers","Object Utilities"],"fullName":"Utility Helpers Object Utilities should pick properties","status":"passed","title":"should pick properties","duration":0.18083299999989322,"failureMessages":[],"meta":{}},{"ancestorTitles":["Utility Helpers","Object Utilities"],"fullName":"Utility Helpers Object Utilities should omit properties","status":"passed","title":"should omit properties","duration":0.12979200000017954,"failureMessages":[],"meta":{}},{"ancestorTitles":["Utility Helpers","Object Utilities"],"fullName":"Utility Helpers Object Utilities should check if object is empty","status":"passed","title":"should check if object is empty","duration":0.10020799999983865,"failureMessages":[],"meta":{}},{"ancestorTitles":["Utility Helpers","Validation Utilities"],"fullName":"Utility Helpers Validation Utilities should validate email","status":"passed","title":"should validate email","duration":0.14975000000004002,"failureMessages":[],"meta":{}},{"ancestorTitles":["Utility Helpers","Validation Utilities"],"fullName":"Utility Helpers Validation Utilities should validate URL","status":"passed","title":"should validate URL","duration":0.11216700000022684,"failureMessages":[],"meta":{}},{"ancestorTitles":["Utility Helpers","Validation Utilities"],"fullName":"Utility Helpers Validation Utilities should validate phone number","status":"passed","title":"should validate phone number","duration":0.11345799999980954,"failureMessages":[],"meta":{}},{"ancestorTitles":["Utility Helpers","Formatting Utilities"],"fullName":"Utility Helpers Formatting Utilities should format currency","status":"passed","title":"should format currency","duration":0.4744590000000244,"failureMessages":[],"meta":{}},{"ancestorTitles":["Utility Helpers","Formatting Utilities"],"fullName":"Utility Helpers Formatting Utilities should format file size","status":"passed","title":"should format file size","duration":0.14466700000002675,"failureMessages":[],"meta":{}},{"ancestorTitles":["Utility Helpers","Formatting Utilities"],"fullName":"Utility Helpers Formatting Utilities should format duration","status":"passed","title":"should format duration","duration":0.10275000000001455,"failureMessages":[],"meta":{}}],"startTime":1769683637036,"endTime":1769683637058.1028,"status":"passed","message":"","name":"/Users/piotrwisniewski/Documents/Antygracity/DRD/consultify/tests/unit/utils/helpers.test.ts"},{"assertionResults":[{"ancestorTitles":["Workflow Service","Workflow Definition"],"fullName":"Workflow Service Workflow Definition should create workflow","status":"passed","title":"should create workflow","duration":1.4761250000001382,"failureMessages":[],"meta":{}},{"ancestorTitles":["Workflow Service","Workflow Definition"],"fullName":"Workflow Service Workflow Definition should validate workflow structure","status":"passed","title":"should validate workflow structure","duration":0.2853749999999309,"failureMessages":[],"meta":{}},{"ancestorTitles":["Workflow Service","Workflow Definition"],"fullName":"Workflow Service Workflow Definition should list available triggers","status":"passed","title":"should list available triggers","duration":0.31558300000006057,"failureMessages":[],"meta":{}},{"ancestorTitles":["Workflow Service","Workflow Definition"],"fullName":"Workflow Service Workflow Definition should list available actions","status":"passed","title":"should list available actions","duration":0.15737499999977445,"failureMessages":[],"meta":{}},{"ancestorTitles":["Workflow Service","Workflow Triggers"],"fullName":"Workflow Service Workflow Triggers should match event trigger","status":"passed","title":"should match event trigger","duration":0.1551249999997708,"failureMessages":[],"meta":{}},{"ancestorTitles":["Workflow Service","Workflow Triggers"],"fullName":"Workflow Service Workflow Triggers should handle scheduled trigger","status":"passed","title":"should handle scheduled trigger","duration":0.1257500000001528,"failureMessages":[],"meta":{}},{"ancestorTitles":["Workflow Service","Workflow Triggers"],"fullName":"Workflow Service Workflow Triggers should handle webhook trigger","status":"passed","title":"should handle webhook trigger","duration":0.10670799999979863,"failureMessages":[],"meta":{}},{"ancestorTitles":["Workflow Service","Workflow Triggers"],"fullName":"Workflow Service Workflow Triggers should handle conditional trigger","status":"passed","title":"should handle conditional trigger","duration":0.10704200000009223,"failureMessages":[],"meta":{}},{"ancestorTitles":["Workflow Service","Workflow Conditions"],"fullName":"Workflow Service Workflow Conditions should evaluate equals condition","status":"passed","title":"should evaluate equals condition","duration":0.11820799999986775,"failureMessages":[],"meta":{}},{"ancestorTitles":["Workflow Service","Workflow Conditions"],"fullName":"Workflow Service Workflow Conditions should evaluate contains condition","status":"passed","title":"should evaluate contains condition","duration":0.13245800000004238,"failureMessages":[],"meta":{}},{"ancestorTitles":["Workflow Service","Workflow Conditions"],"fullName":"Workflow Service Workflow Conditions should evaluate greater than condition","status":"passed","title":"should evaluate greater than condition","duration":0.10312500000009095,"failureMessages":[],"meta":{}},{"ancestorTitles":["Workflow Service","Workflow Conditions"],"fullName":"Workflow Service Workflow Conditions should evaluate multiple conditions with AND","status":"passed","title":"should evaluate multiple conditions with AND","duration":0.10749999999961801,"failureMessages":[],"meta":{}},{"ancestorTitles":["Workflow Service","Workflow Conditions"],"fullName":"Workflow Service Workflow Conditions should evaluate multiple conditions with OR","status":"passed","title":"should evaluate multiple conditions with OR","duration":0.10245800000029703,"failureMessages":[],"meta":{}},{"ancestorTitles":["Workflow Service","Workflow Actions"],"fullName":"Workflow Service Workflow Actions should execute notify action","status":"passed","title":"should execute notify action","duration":0.14174999999977445,"failureMessages":[],"meta":{}},{"ancestorTitles":["Workflow Service","Workflow Actions"],"fullName":"Workflow Service Workflow Actions should execute email action","status":"passed","title":"should execute email action","duration":0.09937500000023647,"failureMessages":[],"meta":{}},{"ancestorTitles":["Workflow Service","Workflow Actions"],"fullName":"Workflow Service Workflow Actions should execute webhook action","status":"passed","title":"should execute webhook action","duration":0.09729199999992488,"failureMessages":[],"meta":{}},{"ancestorTitles":["Workflow Service","Workflow Actions"],"fullName":"Workflow Service Workflow Actions should execute field update action","status":"passed","title":"should execute field update action","duration":0.0965000000001055,"failureMessages":[],"meta":{}},{"ancestorTitles":["Workflow Service","Workflow Actions"],"fullName":"Workflow Service Workflow Actions should execute create task action","status":"passed","title":"should execute create task action","duration":0.10012499999993452,"failureMessages":[],"meta":{}},{"ancestorTitles":["Workflow Service","Workflow Execution"],"fullName":"Workflow Service Workflow Execution should track execution status","status":"passed","title":"should track execution status","duration":0.10041700000010678,"failureMessages":[],"meta":{}},{"ancestorTitles":["Workflow Service","Workflow Execution"],"fullName":"Workflow Service Workflow Execution should log step results","status":"passed","title":"should log step results","duration":0.11004199999979392,"failureMessages":[],"meta":{}},{"ancestorTitles":["Workflow Service","Workflow Execution"],"fullName":"Workflow Service Workflow Execution should handle execution timeout","status":"passed","title":"should handle execution timeout","duration":0.11279199999989942,"failureMessages":[],"meta":{}},{"ancestorTitles":["Workflow Service","Workflow Execution"],"fullName":"Workflow Service Workflow Execution should retry failed steps","status":"passed","title":"should retry failed steps","duration":0.1062090000000353,"failureMessages":[],"meta":{}},{"ancestorTitles":["Workflow Service","Workflow Execution"],"fullName":"Workflow Service Workflow Execution should calculate execution duration","status":"passed","title":"should calculate execution duration","duration":0.12079099999982645,"failureMessages":[],"meta":{}},{"ancestorTitles":["Workflow Service","Workflow Variables"],"fullName":"Workflow Service Workflow Variables should resolve trigger variables","status":"passed","title":"should resolve trigger variables","duration":0.11216600000034305,"failureMessages":[],"meta":{}},{"ancestorTitles":["Workflow Service","Workflow Variables"],"fullName":"Workflow Service Workflow Variables should resolve context variables","status":"passed","title":"should resolve context variables","duration":0.22483399999964604,"failureMessages":[],"meta":{}},{"ancestorTitles":["Workflow Service","Workflow Variables"],"fullName":"Workflow Service Workflow Variables should handle nested variables","status":"passed","title":"should handle nested variables","duration":0.10874999999987267,"failureMessages":[],"meta":{}},{"ancestorTitles":["Workflow Service","Workflow History"],"fullName":"Workflow Service Workflow History should track execution history","status":"passed","title":"should track execution history","duration":0.11958300000014788,"failureMessages":[],"meta":{}},{"ancestorTitles":["Workflow Service","Workflow History"],"fullName":"Workflow Service Workflow History should calculate success rate","status":"passed","title":"should calculate success rate","duration":0.10354099999995015,"failureMessages":[],"meta":{}},{"ancestorTitles":["Workflow Service","Workflow History"],"fullName":"Workflow Service Workflow History should track average execution time","status":"passed","title":"should track average execution time","duration":0.10891700000001947,"failureMessages":[],"meta":{}},{"ancestorTitles":["Workflow Service","Workflow Permissions"],"fullName":"Workflow Service Workflow Permissions should check edit permission","status":"passed","title":"should check edit permission","duration":0.10716600000023391,"failureMessages":[],"meta":{}},{"ancestorTitles":["Workflow Service","Workflow Permissions"],"fullName":"Workflow Service Workflow Permissions should check view permission","status":"passed","title":"should check view permission","duration":0.1064169999999649,"failureMessages":[],"meta":{}},{"ancestorTitles":["Workflow Service","Workflow Permissions"],"fullName":"Workflow Service Workflow Permissions should deny access to unauthorized user","status":"passed","title":"should deny access to unauthorized user","duration":0.11262499999975262,"failureMessages":[],"meta":{}}],"startTime":1769683637036,"endTime":1769683637042.1196,"status":"passed","message":"","name":"/Users/piotrwisniewski/Documents/Antygracity/DRD/consultify/tests/unit/workflow/workflow-service.test.ts"}]}