{"numTotalTestSuites":358,"numPassedTestSuites":358,"numFailedTestSuites":0,"numPendingTestSuites":0,"numTotalTests":986,"numPas    <testsuite name="tests/unit/governanceAudit.test.js" timestamp="2026-01-31T13:37:54.658Z" hostname="MacBook-Pro-Piotr.local" tests="4" failures="0" errors="0" skipped="0" time="0.00329125">
        <testcase classname="tests/unit/governanceAudit.test.js" name="GovernanceAuditService &gt; logAudit &gt; should log audit entry" time="0.00123225">
        </testcase>
        <testcase classname="tests/unit/governanceAudit.test.js" name="GovernanceAuditService &gt; logAudit &gt; should throw error for missing required parameters" time="0.000334292">
        </testcase>
        <testcase classname="tests/unit/governanceAudit.test.js" name="GovernanceAuditService &gt; logAudit &gt; should throw error for invalid action" time="0.000170958">
        </testcase>
        <testcase classname="tests/unit/governanceAudit.test.js" name="GovernanceAuditService &gt; getAuditLogs &gt; should return logs" time="0.000222625">
        </testcase>
    </testsuite>
    <testsuite name="tests/unit/utils.test.ts" timestamp="2026-01-31T13:37:54.659Z" hostname="MacBook-Pro-Piotr.local" tests="12" failures="0" errors="0" skipped="0" time="0.029364292">
        <testcase classname="tests/unit/utils.test.ts" name="Unit Test: Utilities &gt; formatNumber &gt; should format numbers in thousands" time="0.001613709">
        </testcase>
        <testcase classname="tests/unit/utils.test.ts" name="Unit Test: Utilities &gt; formatNumber &gt; should format numbers in millions" time="0.0003445">
        </testcase>
        <testcase classname="tests/unit/utils.test.ts" name="Unit Test: Utilities &gt; formatNumber &gt; should keep small numbers as is" time="0.001494667">
        </testcase>
        <testcase classname="tests/unit/utils.test.ts" name="Unit Test: Utilities &gt; formatCurrency &gt; should format USD currency correctly" time="0.021130042">
        </testcase>
        <testcase classname="tests/unit/utils.test.ts" name="Unit Test: Utilities &gt; formatCurrency &gt; should format EUR currency" time="0.000414625">
        </testcase>
        <testcase classname="tests/unit/utils.test.ts" name="Unit Test: Utilities &gt; truncateText &gt; should truncate long text with ellipsis" time="0.000222125">
        </testcase>
        <testcase classname="tests/unit/utils.test.ts" name="Unit Test: Utilities &gt; truncateText &gt; should not truncate text within limit" time="0.000151709">
        </testcase>
        <testcase classname="tests/unit/utils.test.ts" name="Unit Test: Utilities &gt; capitalizeFirst &gt; should capitalize first letter" time="0.000171833">
        </testcase>
        <testcase classname="tests/unit/utils.test.ts" name="Unit Test: Utilities &gt; capitalizeFirst &gt; should handle empty strings" time="0.000128">
        </testcase>
        <testcase classname="tests/unit/utils.test.ts" name="Unit Test: Utilities &gt; slugify &gt; should create URL-friendly slugs" time="0.000324958">
        </testcase>
        <testcase classname="tests/unit/utils.test.ts" name="Unit Test: Utilities &gt; slugify &gt; should remove special characters" time="0.000135125">
        </testcase>
        <testcase classname="tests/unit/utils.test.ts" name="Unit Test: Utilities &gt; debounce &gt; should return a function" time="0.00014275">
        </testcase>
    </testsuite>
    <testsuite name="tests/unit/analytics/analytics-reporting.test.ts" timestamp="2026-01-31T13:37:54.660Z" hostname="MacBook-Pro-Piotr.local" tests="29" failures="0" errors="0" skipped="0" time="0.019894541">
        <testcase classname="tests/unit/analytics/analytics-reporting.test.ts" name="Analytics &amp; Reporting &gt; Event Tracking &gt; should track page view" time="0.0015785">
        </testcase>
        <testcase classname="tests/unit/analytics/analytics-reporting.test.ts" name="Analytics &amp; Reporting &gt; Event Tracking &gt; should track custom event" time="0.000313416">
        </testcase>
        <testcase classname="tests/unit/analytics/analytics-reporting.test.ts" name="Analytics &amp; Reporting &gt; Event Tracking &gt; should track user properties" time="0.000257083">
        </testcase>
        <testcase classname="tests/unit/analytics/analytics-reporting.test.ts" name="Analytics &amp; Reporting &gt; Event Tracking &gt; should batch events" time="0.000991625">
        </testcase>
        <testcase classname="tests/unit/analytics/analytics-reporting.test.ts" name="Analytics &amp; Reporting &gt; Event Tracking &gt; should respect tracking consent" time="0.000256333">
        </testcase>
        <testcase classname="tests/unit/analytics/analytics-reporting.test.ts" name="Analytics &amp; Reporting &gt; Metrics Calculation &gt; should calculate average" time="0.00019275">
        </testcase>
        <testcase classname="tests/unit/analytics/analytics-reporting.test.ts" name="Analytics &amp; Reporting &gt; Metrics Calculation &gt; should calculate median" time="0.000174833">
        </testcase>
        <testcase classname="tests/unit/analytics/analytics-reporting.test.ts" name="Analytics &amp; Reporting &gt; Metrics Calculation &gt; should calculate percentile" time="0.0001455">
        </testcase>
        <testcase classname="tests/unit/analytics/analytics-reporting.test.ts" name="Analytics &amp; Reporting &gt; Metrics Calculation &gt; should calculate growth rate" time="0.0001565">
        </testcase>
        <testcase classname="tests/unit/analytics/analytics-reporting.test.ts" name="Analytics &amp; Reporting &gt; Metrics Calculation &gt; should calculate conversion rate" time="0.000189917">
        </testcase>
        <testcase classname="tests/unit/analytics/analytics-reporting.test.ts" name="Analytics &amp; Reporting &gt; Metrics Calculation &gt; should calculate retention rate" time="0.000148166">
        </testcase>
        <testcase classname="tests/unit/analytics/analytics-reporting.test.ts" name="Analytics &amp; Reporting &gt; Data Aggregation &gt; should group by date" time="0.000176958">
        </testcase>
        <testcase classname="tests/unit/analytics/analytics-reporting.test.ts" name="Analytics &amp; Reporting &gt; Data Aggregation &gt; should group by category" time="0.000223708">
        </testcase>
        <testcase classname="tests/unit/analytics/analytics-reporting.test.ts" name="Analytics &amp; Reporting &gt; Data Aggregation &gt; should calculate time series" time="0.000163166">
        </testcase>
        <testcase classname="tests/unit/analytics/analytics-reporting.test.ts" name="Analytics &amp; Reporting &gt; Data Aggregation &gt; should calculate moving average" time="0.00137625">
        </testcase>
        <testcase classname="tests/unit/analytics/analytics-reporting.test.ts" name="Analytics &amp; Reporting &gt; Report Generation &gt; should create report structure" time="0.00036525">
        </testcase>
        <testcase classname="tests/unit/analytics/analytics-reporting.test.ts" name="Analytics &amp; Reporting &gt; Report Generation &gt; should generate chart data" time="0.000234541">
        </testcase>
        <testcase classname="tests/unit/analytics/analytics-reporting.test.ts" name="Analytics &amp; Reporting &gt; Report Generation &gt; should generate table data" time="0.000227916">
        </testcase>
        <testcase classname="tests/unit/analytics/analytics-reporting.test.ts" name="Analytics &amp; Reporting &gt; Report Generation &gt; should calculate summary metrics" time="0.000286959">
        </testcase>
        <testcase classname="tests/unit/analytics/analytics-reporting.test.ts" name="Analytics &amp; Reporting &gt; Dashboard Widgets &gt; should create KPI widget" time="0.000198375">
        </testcase>
        <testcase classname="tests/unit/analytics/analytics-reporting.test.ts" name="Analytics &amp; Reporting &gt; Dashboard Widgets &gt; should calculate trend" time="0.000176417">
        </testcase>
        <testcase classname="tests/unit/analytics/analytics-reporting.test.ts" name="Analytics &amp; Reporting &gt; Dashboard Widgets &gt; should create sparkline data" time="0.000154416">
        </testcase>
        <testcase classname="tests/unit/analytics/analytics-reporting.test.ts" name="Analytics &amp; Reporting &gt; Funnel Analysis &gt; should calculate funnel steps" time="0.000164875">
        </testcase>
        <testcase classname="tests/unit/analytics/analytics-reporting.test.ts" name="Analytics &amp; Reporting &gt; Funnel Analysis &gt; should calculate overall conversion" time="0.00013425">
        </testcase>
        <testcase classname="tests/unit/analytics/analytics-reporting.test.ts" name="Analytics &amp; Reporting &gt; Cohort Analysis &gt; should group users by cohort" time="0.000221667">
        </testcase>
        <testcase classname="tests/unit/analytics/analytics-reporting.test.ts" name="Analytics &amp; Reporting &gt; Cohort Analysis &gt; should calculate cohort retention" time="0.0001425">
        </testcase>
        <testcase classname="tests/unit/analytics/analytics-reporting.test.ts" name="Analytics &amp; Reporting &gt; A/B Testing &gt; should assign variant" time="0.000351208">
        </testcase>
        <testcase classname="tests/unit/analytics/analytics-reporting.test.ts" name="Analytics &amp; Reporting &gt; A/B Testing &gt; should track experiment results" time="0.000156375">
        </testcase>
        <testcase classname="tests/unit/analytics/analytics-reporting.test.ts" name="Analytics &amp; Reporting &gt; A/B Testing &gt; should calculate statistical significance" time="0.000177834">
        </testcase>
    </testsuite>
    <testsuite name="tests/unit/assessment/assessment-module.test.ts" timestamp="2026-01-31T13:37:54.662Z" hostname="MacBook-Pro-Piotr.local" tests="24" failures="0" errors="0" skipped="0" time="0.015361791">
        <testcase classname="tests/unit/assessment/assessment-module.test.ts" name="Assessment Module &gt; Maturity Assessment &gt; should create assessment" time="0.001696916">
        </testcase>
        <testcase classname="tests/unit/assessment/assessment-module.test.ts" name="Assessment Module &gt; Maturity Assessment &gt; should define maturity dimensions" time="0.000855167">
        </testcase>
        <testcase classname="tests/unit/assessment/assessment-module.test.ts" name="Assessment Module &gt; Maturity Assessment &gt; should calculate dimension score" time="0.000246291">
        </testcase>
        <testcase classname="tests/unit/assessment/assessment-module.test.ts" name="Assessment Module &gt; Maturity Assessment &gt; should calculate overall maturity level" time="0.000272166">
        </testcase>
        <testcase classname="tests/unit/assessment/assessment-module.test.ts" name="Assessment Module &gt; Maturity Assessment &gt; should determine maturity level from score" time="0.0002105">
        </testcase>
        <testcase classname="tests/unit/assessment/assessment-module.test.ts" name="Assessment Module &gt; Assessment Questions &gt; should create question" time="0.000171625">
        </testcase>
        <testcase classname="tests/unit/assessment/assessment-module.test.ts" name="Assessment Module &gt; Assessment Questions &gt; should validate answer within scale" time="0.000156375">
        </testcase>
        <testcase classname="tests/unit/assessment/assessment-module.test.ts" name="Assessment Module &gt; Assessment Questions &gt; should reject answer outside scale" time="0.000156209">
        </testcase>
        <testcase classname="tests/unit/assessment/assessment-module.test.ts" name="Assessment Module &gt; Assessment Questions &gt; should calculate weighted score" time="0.000192625">
        </testcase>
        <testcase classname="tests/unit/assessment/assessment-module.test.ts" name="Assessment Module &gt; Gap Analysis &gt; should calculate gap between current and target" time="0.000204375">
        </testcase>
        <testcase classname="tests/unit/assessment/assessment-module.test.ts" name="Assessment Module &gt; Gap Analysis &gt; should identify priority areas" time="0.000173458">
        </testcase>
        <testcase classname="tests/unit/assessment/assessment-module.test.ts" name="Assessment Module &gt; Gap Analysis &gt; should calculate improvement effort" time="0.000158333">
        </testcase>
        <testcase classname="tests/unit/assessment/assessment-module.test.ts" name="Assessment Module &gt; Recommendations &gt; should generate recommendations based on gaps" time="0.000258166">
        </testcase>
        <testcase classname="tests/unit/assessment/assessment-module.test.ts" name="Assessment Module &gt; Recommendations &gt; should prioritize recommendations" time="0.000155167">
        </testcase>
        <testcase classname="tests/unit/assessment/assessment-module.test.ts" name="Assessment Module &gt; Rapid Lean Assessment &gt; should create rapid assessment" time="0.000197709">
        </testcase>
        <testcase classname="tests/unit/assessment/assessment-module.test.ts" name="Assessment Module &gt; Rapid Lean Assessment &gt; should calculate lean maturity" time="0.000144583">
        </testcase>
        <testcase classname="tests/unit/assessment/assessment-module.test.ts" name="Assessment Module &gt; Rapid Lean Assessment &gt; should identify waste types" time="0.001067833">
        </testcase>
        <testcase classname="tests/unit/assessment/assessment-module.test.ts" name="Assessment Module &gt; Assessment Progress &gt; should track completion progress" time="0.000163917">
        </testcase>
        <testcase classname="tests/unit/assessment/assessment-module.test.ts" name="Assessment Module &gt; Assessment Progress &gt; should save progress" time="0.00020925">
        </testcase>
        <testcase classname="tests/unit/assessment/assessment-module.test.ts" name="Assessment Module &gt; Assessment Progress &gt; should resume from saved progress" time="0.000128125">
        </testcase>
        <testcase classname="tests/unit/assessment/assessment-module.test.ts" name="Assessment Module &gt; Benchmark Comparison &gt; should compare against industry benchmark" time="0.000140834">
        </testcase>
        <testcase classname="tests/unit/assessment/assessment-module.test.ts" name="Assessment Module &gt; Benchmark Comparison &gt; should calculate percentile rank" time="0.000156417">
        </testcase>
        <testcase classname="tests/unit/assessment/assessment-module.test.ts" name="Assessment Module &gt; Assessment Templates &gt; should create assessment template" time="0.000136583">
        </testcase>
        <testcase classname="tests/unit/assessment/assessment-module.test.ts" name="Assessment Module &gt; Assessment Templates &gt; should clone template for organization" time="0.000132792">
        </testcase>
    </testsuite>
    <testsuite name="tests/unit/api/api-service.test.ts" timestamp="2026-01-31T13:37:54.663Z" hostname="MacBook-Pro-Piotr.local" tests="45" failures="0" errors="0" skipped="0" time="0.013036375">
        <testcase classname="tests/unit/api/api-service.test.ts" name="API Service Layer &gt; Request Handling &gt; should parse JSON body" time="0.0013765">
        </testcase>
        <testcase classname="tests/unit/api/api-service.test.ts" name="API Service Layer &gt; Request Handling &gt; should handle query parameters" time="0.000386959">
        </testcase>
        <testcase classname="tests/unit/api/api-service.test.ts" name="API Service Layer &gt; Request Handling &gt; should validate required fields" time="0.000702959">
        </testcase>
        <testcase classname="tests/unit/api/api-service.test.ts" name="API Service Layer &gt; Request Handling &gt; should sanitize input" time="0.000285625">
        </testcase>
        <testcase classname="tests/unit/api/api-service.test.ts" name="API Service Layer &gt; Request Handling &gt; should handle multipart form data" time="0.000203667">
        </testcase>
        <testcase classname="tests/unit/api/api-service.test.ts" name="API Service Layer &gt; Response Formatting &gt; should format success response" time="0.000211583">
        </testcase>
        <testcase classname="tests/unit/api/api-service.test.ts" name="API Service Layer &gt; Response Formatting &gt; should format error response" time="0.000202625">
        </testcase>
        <testcase classname="tests/unit/api/api-service.test.ts" name="API Service Layer &gt; Response Formatting &gt; should format paginated response" time="0.000154708">
        </testcase>
        <testcase classname="tests/unit/api/api-service.test.ts" name="API Service Layer &gt; Response Formatting &gt; should set proper content type" time="0.000146708">
        </testcase>
        <testcase classname="tests/unit/api/api-service.test.ts" name="API Service Layer &gt; Response Formatting &gt; should handle empty response" time="0.000214708">
        </testcase>
        <testcase classname="tests/unit/api/api-service.test.ts" name="API Service Layer &gt; Rate Limiting &gt; should track request count" time="0.000381375">
        </testcase>
        <testcase classname="tests/unit/api/api-service.test.ts" name="API Service Layer &gt; Rate Limiting &gt; should check rate limit" time="0.000142208">
        </testcase>
        <testcase classname="tests/unit/api/api-service.test.ts" name="API Service Layer &gt; Rate Limiting &gt; should calculate remaining requests" time="0.000126459">
        </testcase>
        <testcase classname="tests/unit/api/api-service.test.ts" name="API Service Layer &gt; Rate Limiting &gt; should reset after window" time="0.000122458">
        </testcase>
        <testcase classname="tests/unit/api/api-service.test.ts" name="API Service Layer &gt; Rate Limiting &gt; should return rate limit headers" time="0.000135917">
        </testcase>
        <testcase classname="tests/unit/api/api-service.test.ts" name="API Service Layer &gt; Caching &gt; should cache response" time="0.000136083">
        </testcase>
        <testcase classname="tests/unit/api/api-service.test.ts" name="API Service Layer &gt; Caching &gt; should generate cache key" time="0.000139625">
        </testcase>
        <testcase classname="tests/unit/api/api-service.test.ts" name="API Service Layer &gt; Caching &gt; should check cache expiry" time="0.000121084">
        </testcase>
        <testcase classname="tests/unit/api/api-service.test.ts" name="API Service Layer &gt; Caching &gt; should invalidate cache on mutation" time="0.000203958">
        </testcase>
        <testcase classname="tests/unit/api/api-service.test.ts" name="API Service Layer &gt; Caching &gt; should set cache control headers" time="0.000126875">
        </testcase>
        <testcase classname="tests/unit/api/api-service.test.ts" name="API Service Layer &gt; Error Handling &gt; should handle 400 Bad Request" time="0.000133208">
        </testcase>
        <testcase classname="tests/unit/api/api-service.test.ts" name="API Service Layer &gt; Error Handling &gt; should handle 401 Unauthorized" time="0.000128417">
        </testcase>
        <testcase classname="tests/unit/api/api-service.test.ts" name="API Service Layer &gt; Error Handling &gt; should handle 403 Forbidden" time="0.000127042">
        </testcase>
        <testcase classname="tests/unit/api/api-service.test.ts" name="API Service Layer &gt; Error Handling &gt; should handle 404 Not Found" time="0.000119708">
        </testcase>
        <testcase classname="tests/unit/api/api-service.test.ts" name="API Service Layer &gt; Error Handling &gt; should handle 500 Internal Error" time="0.000123667">
        </testcase>
        <testcase classname="tests/unit/api/api-service.test.ts" name="API Service Layer &gt; Error Handling &gt; should log errors" time="0.000324417">
        </testcase>
        <testcase classname="tests/unit/api/api-service.test.ts" name="API Service Layer &gt; Middleware &gt; should parse authorization header" time="0.000168042">
        </testcase>
        <testcase classname="tests/unit/api/api-service.test.ts" name="API Service Layer &gt; Middleware &gt; should extract user from token" time="0.000126291">
        </testcase>
        <testcase classname="tests/unit/api/api-service.test.ts" name="API Service Layer &gt; Middleware &gt; should validate content type" time="0.000124583">
        </testcase>
        <testcase classname="tests/unit/api/api-service.test.ts" name="API Service Layer &gt; Middleware &gt; should handle CORS" time="0.000123917">
        </testcase>
        <testcase classname="tests/unit/api/api-service.test.ts" name="API Service Layer &gt; Middleware &gt; should compress response" time="0.000128458">
        </testcase>
        <testcase classname="tests/unit/api/api-service.test.ts" name="API Service Layer &gt; Validation &gt; should validate email format" time="0.000172583">
        </testcase>
        <testcase classname="tests/unit/api/api-service.test.ts" name="API Service Layer &gt; Validation &gt; should validate URL format" time="0.000140375">
        </testcase>
        <testcase classname="tests/unit/api/api-service.test.ts" name="API Service Layer &gt; Validation &gt; should validate UUID format" time="0.000184625">
        </testcase>
        <testcase classname="tests/unit/api/api-service.test.ts" name="API Service Layer &gt; Validation &gt; should validate date format" time="0.000143709">
        </testcase>
        <testcase classname="tests/unit/api/api-service.test.ts" name="API Service Layer &gt; Validation &gt; should validate numeric range" time="0.000124542">
        </testcase>
        <testcase classname="tests/unit/api/api-service.test.ts" name="WebSocket Service &gt; Connection Management &gt; should track connected clients" time="0.000142542">
        </testcase>
        <testcase classname="tests/unit/api/api-service.test.ts" name="WebSocket Service &gt; Connection Management &gt; should handle disconnection" time="0.000124084">
        </testcase>
        <testcase classname="tests/unit/api/api-service.test.ts" name="WebSocket Service &gt; Connection Management &gt; should broadcast to all clients" time="0.000208875">
        </testcase>
        <testcase classname="tests/unit/api/api-service.test.ts" name="WebSocket Service &gt; Connection Management &gt; should send to specific client" time="0.000119709">
        </testcase>
        <testcase classname="tests/unit/api/api-service.test.ts" name="WebSocket Service &gt; Connection Management &gt; should handle heartbeat" time="0.000130541">
        </testcase>
        <testcase classname="tests/unit/api/api-service.test.ts" name="WebSocket Service &gt; Event Handling &gt; should subscribe to channel" time="0.000146542">
        </testcase>
        <testcase classname="tests/unit/api/api-service.test.ts" name="WebSocket Service &gt; Event Handling &gt; should unsubscribe from channel" time="0.000142792">
        </testcase>
        <testcase classname="tests/unit/api/api-service.test.ts" name="WebSocket Service &gt; Event Handling &gt; should publish to channel" time="0.000153791">
        </testcase>
        <testcase classname="tests/unit/api/api-service.test.ts" name="WebSocket Service &gt; Event Handling &gt; should filter events by type" time="0.002032417">
        </testcase>
    </testsuite>
    <testsuite name="tests/unit/audit/audit-logging.test.ts" timestamp="2026-01-31T13:37:54.666Z" hostname="MacBook-Pro-Piotr.local" tests="35" failures="0" errors="0" skipped="0" time="0.021863209">
        <testcase classname="tests/unit/audit/audit-logging.test.ts" name="Audit &amp; Logging Module &gt; Audit Trail &gt; should create audit entry" time="0.001540792">
        </testcase>
        <testcase classname="tests/unit/audit/audit-logging.test.ts" name="Audit &amp; Logging Module &gt; Audit Trail &gt; should track before/after values" time="0.000335458">
        </testcase>
        <testcase classname="tests/unit/audit/audit-logging.test.ts" name="Audit &amp; Logging Module &gt; Audit Trail &gt; should track bulk operations" time="0.000215291">
        </testcase>
        <testcase classname="tests/unit/audit/audit-logging.test.ts" name="Audit &amp; Logging Module &gt; Audit Trail &gt; should include request context" time="0.000187417">
        </testcase>
        <testcase classname="tests/unit/audit/audit-logging.test.ts" name="Audit &amp; Logging Module &gt; Audit Trail &gt; should filter by entity" time="0.000972833">
        </testcase>
        <testcase classname="tests/unit/audit/audit-logging.test.ts" name="Audit &amp; Logging Module &gt; Audit Trail &gt; should filter by date range" time="0.0037795">
        </testcase>
        <testcase classname="tests/unit/audit/audit-logging.test.ts" name="Audit &amp; Logging Module &gt; Audit Trail &gt; should filter by actor" time="0.00224075">
        </testcase>
        <testcase classname="tests/unit/audit/audit-logging.test.ts" name="Audit &amp; Logging Module &gt; Application Logging &gt; should log with levels" time="0.001166042">
        </testcase>
        <testcase classname="tests/unit/audit/audit-logging.test.ts" name="Audit &amp; Logging Module &gt; Application Logging &gt; should format log message" time="0.0004835">
        </testcase>
        <testcase classname="tests/unit/audit/audit-logging.test.ts" name="Audit &amp; Logging Module &gt; Application Logging &gt; should include stack trace for errors" time="0.00326625">
        </testcase>
        <testcase classname="tests/unit/audit/audit-logging.test.ts" name="Audit &amp; Logging Module &gt; Application Logging &gt; should redact sensitive data" time="0.000199166">
        </testcase>
        <testcase classname="tests/unit/audit/audit-logging.test.ts" name="Audit &amp; Logging Module &gt; Application Logging &gt; should add correlation ID" time="0.00013375">
        </testcase>
        <testcase classname="tests/unit/audit/audit-logging.test.ts" name="Audit &amp; Logging Module &gt; Application Logging &gt; should log request/response" time="0.00014975">
        </testcase>
        <testcase classname="tests/unit/audit/audit-logging.test.ts" name="Audit &amp; Logging Module &gt; Error Tracking &gt; should capture error details" time="0.000138667">
        </testcase>
        <testcase classname="tests/unit/audit/audit-logging.test.ts" name="Audit &amp; Logging Module &gt; Error Tracking &gt; should group similar errors" time="0.000182167">
        </testcase>
        <testcase classname="tests/unit/audit/audit-logging.test.ts" name="Audit &amp; Logging Module &gt; Error Tracking &gt; should track error frequency" time="0.00026825">
        </testcase>
        <testcase classname="tests/unit/audit/audit-logging.test.ts" name="Audit &amp; Logging Module &gt; Error Tracking &gt; should create error report" time="0.000146875">
        </testcase>
        <testcase classname="tests/unit/audit/audit-logging.test.ts" name="Audit &amp; Logging Module &gt; Metrics Collection &gt; should track counter metric" time="0.000148917">
        </testcase>
        <testcase classname="tests/unit/audit/audit-logging.test.ts" name="Audit &amp; Logging Module &gt; Metrics Collection &gt; should track gauge metric" time="0.000123916">
        </testcase>
        <testcase classname="tests/unit/audit/audit-logging.test.ts" name="Audit &amp; Logging Module &gt; Metrics Collection &gt; should track histogram metric" time="0.000171958">
        </testcase>
        <testcase classname="tests/unit/audit/audit-logging.test.ts" name="Audit &amp; Logging Module &gt; Metrics Collection &gt; should calculate percentiles" time="0.000190833">
        </testcase>
        <testcase classname="tests/unit/audit/audit-logging.test.ts" name="Audit &amp; Logging Module &gt; Metrics Collection &gt; should aggregate by time window" time="0.000170792">
        </testcase>
        <testcase classname="tests/unit/audit/audit-logging.test.ts" name="Audit &amp; Logging Module &gt; Compliance Logging &gt; should log data access" time="0.000140459">
        </testcase>
        <testcase classname="tests/unit/audit/audit-logging.test.ts" name="Audit &amp; Logging Module &gt; Compliance Logging &gt; should log consent changes" time="0.000129125">
        </testcase>
        <testcase classname="tests/unit/audit/audit-logging.test.ts" name="Audit &amp; Logging Module &gt; Compliance Logging &gt; should log data deletion" time="0.000165334">
        </testcase>
        <testcase classname="tests/unit/audit/audit-logging.test.ts" name="Audit &amp; Logging Module &gt; Compliance Logging &gt; should log data export" time="0.000146792">
        </testcase>
        <testcase classname="tests/unit/audit/audit-logging.test.ts" name="Audit &amp; Logging Module &gt; Compliance Logging &gt; should log security events" time="0.000127875">
        </testcase>
        <testcase classname="tests/unit/audit/audit-logging.test.ts" name="Audit &amp; Logging Module &gt; Log Retention &gt; should calculate retention period" time="0.000131208">
        </testcase>
        <testcase classname="tests/unit/audit/audit-logging.test.ts" name="Audit &amp; Logging Module &gt; Log Retention &gt; should archive old logs" time="0.000185583">
        </testcase>
        <testcase classname="tests/unit/audit/audit-logging.test.ts" name="Audit &amp; Logging Module &gt; Log Retention &gt; should delete expired logs" time="0.000169041">
        </testcase>
        <testcase classname="tests/unit/audit/audit-logging.test.ts" name="Audit &amp; Logging Module &gt; Log Retention &gt; should compress archived logs" time="0.000152542">
        </testcase>
        <testcase classname="tests/unit/audit/audit-logging.test.ts" name="Health Checks &gt; Service Health &gt; should check database connection" time="0.000129167">
        </testcase>
        <testcase classname="tests/unit/audit/audit-logging.test.ts" name="Health Checks &gt; Service Health &gt; should check cache connection" time="0.000110334">
        </testcase>
        <testcase classname="tests/unit/audit/audit-logging.test.ts" name="Health Checks &gt; Service Health &gt; should check external service" time="0.000106917">
        </testcase>
        <testcase classname="tests/unit/audit/audit-logging.test.ts" name="Health Checks &gt; Service Health &gt; should aggregate health status" time="0.000139917">
        </testcase>
    </testsuite>
    <testsuite name="tests/unit/auth/auth-module.test.ts" timestamp="2026-01-31T13:37:54.668Z" hostname="MacBook-Pro-Piotr.local" tests="21" failures="0" errors="0" skipped="0" time="0.0106125">
        <testcase classname="tests/unit/auth/auth-module.test.ts" name="Authentication Module &gt; User Registration &gt; should validate registration data" time="0.0020235">
        </testcase>
        <testcase classname="tests/unit/auth/auth-module.test.ts" name="Authentication Module &gt; User Registration &gt; should check email uniqueness" time="0.00033375">
        </testcase>
        <testcase classname="tests/unit/auth/auth-module.test.ts" name="Authentication Module &gt; User Registration &gt; should generate verification token" time="0.00027475">
        </testcase>
        <testcase classname="tests/unit/auth/auth-module.test.ts" name="Authentication Module &gt; Login &gt; should validate credentials format" time="0.000241084">
        </testcase>
        <testcase classname="tests/unit/auth/auth-module.test.ts" name="Authentication Module &gt; Login &gt; should track login attempts" time="0.00024625">
        </testcase>
        <testcase classname="tests/unit/auth/auth-module.test.ts" name="Authentication Module &gt; Login &gt; should lock account after max attempts" time="0.000193875">
        </testcase>
        <testcase classname="tests/unit/auth/auth-module.test.ts" name="Authentication Module &gt; Login &gt; should generate access token" time="0.000191708">
        </testcase>
        <testcase classname="tests/unit/auth/auth-module.test.ts" name="Authentication Module &gt; Password Management &gt; should validate password strength" time="0.000253208">
        </testcase>
        <testcase classname="tests/unit/auth/auth-module.test.ts" name="Authentication Module &gt; Password Management &gt; should calculate password strength score" time="0.000302958">
        </testcase>
        <testcase classname="tests/unit/auth/auth-module.test.ts" name="Authentication Module &gt; Password Management &gt; should check password history" time="0.000216375">
        </testcase>
        <testcase classname="tests/unit/auth/auth-module.test.ts" name="Authentication Module &gt; Multi-Factor Authentication &gt; should generate backup codes" time="0.000723917">
        </testcase>
        <testcase classname="tests/unit/auth/auth-module.test.ts" name="Authentication Module &gt; Multi-Factor Authentication &gt; should validate TOTP code format" time="0.000217417">
        </testcase>
        <testcase classname="tests/unit/auth/auth-module.test.ts" name="Authentication Module &gt; Multi-Factor Authentication &gt; should consume backup code" time="0.000138625">
        </testcase>
        <testcase classname="tests/unit/auth/auth-module.test.ts" name="Authentication Module &gt; Session Management &gt; should create session" time="0.000134209">
        </testcase>
        <testcase classname="tests/unit/auth/auth-module.test.ts" name="Authentication Module &gt; Session Management &gt; should detect session expiry" time="0.000138166">
        </testcase>
        <testcase classname="tests/unit/auth/auth-module.test.ts" name="Authentication Module &gt; Session Management &gt; should list user sessions" time="0.000178167">
        </testcase>
        <testcase classname="tests/unit/auth/auth-module.test.ts" name="Authentication Module &gt; OAuth &gt; should generate OAuth state" time="0.000117292">
        </testcase>
        <testcase classname="tests/unit/auth/auth-module.test.ts" name="Authentication Module &gt; OAuth &gt; should validate OAuth callback" time="0.000124916">
        </testcase>
        <testcase classname="tests/unit/auth/auth-module.test.ts" name="Authentication Module &gt; OAuth &gt; should map OAuth provider data" time="0.000200875">
        </testcase>
        <testcase classname="tests/unit/auth/auth-module.test.ts" name="Authentication Module &gt; Email Verification &gt; should generate verification link" time="0.000133542">
        </testcase>
        <testcase classname="tests/unit/auth/auth-module.test.ts" name="Authentication Module &gt; Email Verification &gt; should mark email as verified" time="0.000141917">
        </testcase>
    </testsuite>
    <testsuite name="tests/unit/cache/caching-module.test.ts" timestamp="2026-01-31T13:37:54.670Z" hostname="MacBook-Pro-Piotr.local" tests="30" failures="0" errors="0" skipped="0" time="0.019765166">
        <testcase classname="tests/unit/cache/caching-module.test.ts" name="Caching Module &gt; Cache Operations &gt; should set cache value" time="0.002019416">
        </testcase>
        <testcase classname="tests/unit/cache/caching-module.test.ts" name="Caching Module &gt; Cache Operations &gt; should get cache value" time="0.000367667">
        </testcase>
        <testcase classname="tests/unit/cache/caching-module.test.ts" name="Caching Module &gt; Cache Operations &gt; should delete cache value" time="0.000264875">
        </testcase>
        <testcase classname="tests/unit/cache/caching-module.test.ts" name="Caching Module &gt; Cache Operations &gt; should check cache exists" time="0.0003305">
        </testcase>
        <testcase classname="tests/unit/cache/caching-module.test.ts" name="Caching Module &gt; Cache Operations &gt; should clear all cache" time="0.002213333">
        </testcase>
        <testcase classname="tests/unit/cache/caching-module.test.ts" name="Caching Module &gt; Cache Operations &gt; should get cache size" time="0.002397">
        </testcase>
        <testcase classname="tests/unit/cache/caching-module.test.ts" name="Caching Module &gt; Cache TTL &gt; should set TTL on cache entry" time="0.000331208">
        </testcase>
        <testcase classname="tests/unit/cache/caching-module.test.ts" name="Caching Module &gt; Cache TTL &gt; should check if entry expired" time="0.000193333">
        </testcase>
        <testcase classname="tests/unit/cache/caching-module.test.ts" name="Caching Module &gt; Cache TTL &gt; should return null for expired entry" time="0.00019375">
        </testcase>
        <testcase classname="tests/unit/cache/caching-module.test.ts" name="Caching Module &gt; Cache TTL &gt; should refresh TTL on access" time="0.000248292">
        </testcase>
        <testcase classname="tests/unit/cache/caching-module.test.ts" name="Caching Module &gt; Cache TTL &gt; should support different TTL per key" time="0.000147708">
        </testcase>
        <testcase classname="tests/unit/cache/caching-module.test.ts" name="Caching Module &gt; Cache Keys &gt; should generate cache key" time="0.000152125">
        </testcase>
        <testcase classname="tests/unit/cache/caching-module.test.ts" name="Caching Module &gt; Cache Keys &gt; should generate composite key" time="0.000134875">
        </testcase>
        <testcase classname="tests/unit/cache/caching-module.test.ts" name="Caching Module &gt; Cache Keys &gt; should hash complex key" time="0.000239917">
        </testcase>
        <testcase classname="tests/unit/cache/caching-module.test.ts" name="Caching Module &gt; Cache Keys &gt; should list keys by pattern" time="0.000861958">
        </testcase>
        <testcase classname="tests/unit/cache/caching-module.test.ts" name="Caching Module &gt; Cache Keys &gt; should delete keys by pattern" time="0.000191">
        </testcase>
        <testcase classname="tests/unit/cache/caching-module.test.ts" name="Caching Module &gt; Cache Invalidation &gt; should invalidate by key" time="0.001059834">
        </testcase>
        <testcase classname="tests/unit/cache/caching-module.test.ts" name="Caching Module &gt; Cache Invalidation &gt; should invalidate by tag" time="0.000300125">
        </testcase>
        <testcase classname="tests/unit/cache/caching-module.test.ts" name="Caching Module &gt; Cache Invalidation &gt; should cascade invalidation" time="0.00026425">
        </testcase>
        <testcase classname="tests/unit/cache/caching-module.test.ts" name="Caching Module &gt; Cache Strategies &gt; should use cache-aside pattern" time="0.000300375">
        </testcase>
        <testcase classname="tests/unit/cache/caching-module.test.ts" name="Caching Module &gt; Cache Strategies &gt; should use write-through pattern" time="0.000300833">
        </testcase>
        <testcase classname="tests/unit/cache/caching-module.test.ts" name="Caching Module &gt; Cache Strategies &gt; should implement LRU eviction" time="0.000556708">
        </testcase>
        <testcase classname="tests/unit/cache/caching-module.test.ts" name="Caching Module &gt; Cache Statistics &gt; should track hit rate" time="0.000164209">
        </testcase>
        <testcase classname="tests/unit/cache/caching-module.test.ts" name="Caching Module &gt; Cache Statistics &gt; should track memory usage" time="0.0001385">
        </testcase>
        <testcase classname="tests/unit/cache/caching-module.test.ts" name="Caching Module &gt; Cache Statistics &gt; should track evictions" time="0.000151083">
        </testcase>
        <testcase classname="tests/unit/cache/caching-module.test.ts" name="Distributed Cache &gt; Multi-node Operations &gt; should replicate across nodes" time="0.000165458">
        </testcase>
        <testcase classname="tests/unit/cache/caching-module.test.ts" name="Distributed Cache &gt; Multi-node Operations &gt; should handle node failure" time="0.000151167">
        </testcase>
        <testcase classname="tests/unit/cache/caching-module.test.ts" name="Distributed Cache &gt; Multi-node Operations &gt; should distribute keys across nodes" time="0.0001475">
        </testcase>
        <testcase classname="tests/unit/cache/caching-module.test.ts" name="Distributed Cache &gt; Cache Synchronization &gt; should broadcast invalidation" time="0.000131">
        </testcase>
        <testcase classname="tests/unit/cache/caching-module.test.ts" name="Distributed Cache &gt; Cache Synchronization &gt; should handle network partition" time="0.0001335">
        </testcase>
    </testsuite>
    <testsuite name="tests/unit/collaboration/collaboration-module.test.ts" timestamp="2026-01-31T13:37:54.672Z" hostname="MacBook-Pro-Piotr.local" tests="33" failures="0" errors="0" skipped="0" time="0.009429708">
        <testcase classname="tests/unit/collaboration/collaboration-module.test.ts" name="Collaboration Module &gt; Comments System &gt; should create comment" time="0.001356125">
        </testcase>
        <testcase classname="tests/unit/collaboration/collaboration-module.test.ts" name="Collaboration Module &gt; Comments System &gt; should create reply" time="0.000276417">
        </testcase>
        <testcase classname="tests/unit/collaboration/collaboration-module.test.ts" name="Collaboration Module &gt; Comments System &gt; should mention users" time="0.000773542">
        </testcase>
        <testcase classname="tests/unit/collaboration/collaboration-module.test.ts" name="Collaboration Module &gt; Comments System &gt; should count comments" time="0.000255542">
        </testcase>
        <testcase classname="tests/unit/collaboration/collaboration-module.test.ts" name="Collaboration Module &gt; Comments System &gt; should track reactions" time="0.000196833">
        </testcase>
        <testcase classname="tests/unit/collaboration/collaboration-module.test.ts" name="Collaboration Module &gt; Activity Feed &gt; should log activity" time="0.000160833">
        </testcase>
        <testcase classname="tests/unit/collaboration/collaboration-module.test.ts" name="Collaboration Module &gt; Activity Feed &gt; should filter by entity" time="0.00020475">
        </testcase>
        <testcase classname="tests/unit/collaboration/collaboration-module.test.ts" name="Collaboration Module &gt; Activity Feed &gt; should group by date" time="0.000203834">
        </testcase>
        <testcase classname="tests/unit/collaboration/collaboration-module.test.ts" name="Collaboration Module &gt; Activity Feed &gt; should track actor activities" time="0.000201875">
        </testcase>
        <testcase classname="tests/unit/collaboration/collaboration-module.test.ts" name="Collaboration Module &gt; File Sharing &gt; should upload file" time="0.000171">
        </testcase>
        <testcase classname="tests/unit/collaboration/collaboration-module.test.ts" name="Collaboration Module &gt; File Sharing &gt; should validate file type" time="0.000131167">
        </testcase>
        <testcase classname="tests/unit/collaboration/collaboration-module.test.ts" name="Collaboration Module &gt; File Sharing &gt; should check file size limit" time="0.000130208">
        </testcase>
        <testcase classname="tests/unit/collaboration/collaboration-module.test.ts" name="Collaboration Module &gt; File Sharing &gt; should generate thumbnail" time="0.000123875">
        </testcase>
        <testcase classname="tests/unit/collaboration/collaboration-module.test.ts" name="Collaboration Module &gt; File Sharing &gt; should track file versions" time="0.000121917">
        </testcase>
        <testcase classname="tests/unit/collaboration/collaboration-module.test.ts" name="Collaboration Module &gt; Real-time Collaboration &gt; should track online users" time="0.00012875">
        </testcase>
        <testcase classname="tests/unit/collaboration/collaboration-module.test.ts" name="Collaboration Module &gt; Real-time Collaboration &gt; should broadcast updates" time="0.000203833">
        </testcase>
        <testcase classname="tests/unit/collaboration/collaboration-module.test.ts" name="Collaboration Module &gt; Real-time Collaboration &gt; should handle presence" time="0.000139833">
        </testcase>
        <testcase classname="tests/unit/collaboration/collaboration-module.test.ts" name="Collaboration Module &gt; Real-time Collaboration &gt; should detect concurrent edits" time="0.000148375">
        </testcase>
        <testcase classname="tests/unit/collaboration/collaboration-module.test.ts" name="Collaboration Module &gt; Notifications &gt; should create notification" time="0.000143959">
        </testcase>
        <testcase classname="tests/unit/collaboration/collaboration-module.test.ts" name="Collaboration Module &gt; Notifications &gt; should mark as read" time="0.000145">
        </testcase>
        <testcase classname="tests/unit/collaboration/collaboration-module.test.ts" name="Collaboration Module &gt; Notifications &gt; should count unread" time="0.00016525">
        </testcase>
        <testcase classname="tests/unit/collaboration/collaboration-module.test.ts" name="Collaboration Module &gt; Notifications &gt; should group by type" time="0.000180542">
        </testcase>
        <testcase classname="tests/unit/collaboration/collaboration-module.test.ts" name="Collaboration Module &gt; Notifications &gt; should handle notification preferences" time="0.000148541">
        </testcase>
        <testcase classname="tests/unit/collaboration/collaboration-module.test.ts" name="Collaboration Module &gt; Sharing &amp; Permissions &gt; should share with user" time="0.00015275">
        </testcase>
        <testcase classname="tests/unit/collaboration/collaboration-module.test.ts" name="Collaboration Module &gt; Sharing &amp; Permissions &gt; should share with team" time="0.000174959">
        </testcase>
        <testcase classname="tests/unit/collaboration/collaboration-module.test.ts" name="Collaboration Module &gt; Sharing &amp; Permissions &gt; should generate share link" time="0.000248083">
        </testcase>
        <testcase classname="tests/unit/collaboration/collaboration-module.test.ts" name="Collaboration Module &gt; Sharing &amp; Permissions &gt; should set link expiry" time="0.000156625">
        </testcase>
        <testcase classname="tests/unit/collaboration/collaboration-module.test.ts" name="Collaboration Module &gt; Sharing &amp; Permissions &gt; should revoke access" time="0.000202375">
        </testcase>
        <testcase classname="tests/unit/collaboration/collaboration-module.test.ts" name="Templates Module &gt; Project Templates &gt; should create template" time="0.000156708">
        </testcase>
        <testcase classname="tests/unit/collaboration/collaboration-module.test.ts" name="Templates Module &gt; Project Templates &gt; should apply template to project" time="0.000194041">
        </testcase>
        <testcase classname="tests/unit/collaboration/collaboration-module.test.ts" name="Templates Module &gt; Project Templates &gt; should customize template" time="0.000335166">
        </testcase>
        <testcase classname="tests/unit/collaboration/collaboration-module.test.ts" name="Templates Module &gt; Document Templates &gt; should create document template" time="0.00011525">
        </testcase>
        <testcase classname="tests/unit/collaboration/collaboration-module.test.ts" name="Templates Module &gt; Document Templates &gt; should fill template variables" time="0.000182083">
        </testcase>
    </testsuite>
    <testsuite name="tests/unit/billing/billing-module.test.ts" timestamp="2026-01-31T13:37:54.675Z" hostname="MacBook-Pro-Piotr.local" tests="30" failures="0" errors="0" skipped="0" time="0.024949833">
        <testcase classname="tests/unit/billing/billing-module.test.ts" name="Billing Module &gt; Invoice Generation &gt; should create invoice" time="0.004076209">
        </testcase>
        <testcase classname="tests/unit/billing/billing-module.test.ts" name="Billing Module &gt; Invoice Generation &gt; should add line items" time="0.000320958">
        </testcase>
        <testcase classname="tests/unit/billing/billing-module.test.ts" name="Billing Module &gt; Invoice Generation &gt; should calculate tax" time="0.000305333">
        </testcase>
        <testcase classname="tests/unit/billing/billing-module.test.ts" name="Billing Module &gt; Invoice Generation &gt; should calculate invoice total" time="0.000210917">
        </testcase>
        <testcase classname="tests/unit/billing/billing-module.test.ts" name="Billing Module &gt; Invoice Generation &gt; should generate invoice number" time="0.000292875">
        </testcase>
        <testcase classname="tests/unit/billing/billing-module.test.ts" name="Billing Module &gt; Payment Processing &gt; should create payment record" time="0.000188042">
        </testcase>
        <testcase classname="tests/unit/billing/billing-module.test.ts" name="Billing Module &gt; Payment Processing &gt; should process successful payment" time="0.000159709">
        </testcase>
        <testcase classname="tests/unit/billing/billing-module.test.ts" name="Billing Module &gt; Payment Processing &gt; should handle payment failure" time="0.000134417">
        </testcase>
        <testcase classname="tests/unit/billing/billing-module.test.ts" name="Billing Module &gt; Payment Processing &gt; should calculate payment fee" time="0.000161958">
        </testcase>
        <testcase classname="tests/unit/billing/billing-module.test.ts" name="Billing Module &gt; Payment Processing &gt; should process refund" time="0.000203083">
        </testcase>
        <testcase classname="tests/unit/billing/billing-module.test.ts" name="Billing Module &gt; Subscription Billing &gt; should calculate prorated amount for upgrade" time="0.00014875">
        </testcase>
        <testcase classname="tests/unit/billing/billing-module.test.ts" name="Billing Module &gt; Subscription Billing &gt; should calculate next billing date" time="0.000155458">
        </testcase>
        <testcase classname="tests/unit/billing/billing-module.test.ts" name="Billing Module &gt; Subscription Billing &gt; should apply credit balance" time="0.000125959">
        </testcase>
        <testcase classname="tests/unit/billing/billing-module.test.ts" name="Billing Module &gt; Payment Methods &gt; should validate card expiry" time="0.00013">
        </testcase>
        <testcase classname="tests/unit/billing/billing-module.test.ts" name="Billing Module &gt; Payment Methods &gt; should mask card number" time="0.000135792">
        </testcase>
        <testcase classname="tests/unit/billing/billing-module.test.ts" name="Billing Module &gt; Payment Methods &gt; should detect card brand" time="0.000126708">
        </testcase>
        <testcase classname="tests/unit/billing/billing-module.test.ts" name="Billing Module &gt; Payment Methods &gt; should set default payment method" time="0.000139417">
        </testcase>
        <testcase classname="tests/unit/billing/billing-module.test.ts" name="Billing Module &gt; Usage-Based Billing &gt; should track API usage" time="0.000119917">
        </testcase>
        <testcase classname="tests/unit/billing/billing-module.test.ts" name="Billing Module &gt; Usage-Based Billing &gt; should calculate storage charges" time="0.000117584">
        </testcase>
        <testcase classname="tests/unit/billing/billing-module.test.ts" name="Billing Module &gt; Usage-Based Billing &gt; should aggregate usage metrics" time="0.000137542">
        </testcase>
        <testcase classname="tests/unit/billing/billing-module.test.ts" name="Billing Module &gt; Discounts &amp; Credits &gt; should apply percentage discount" time="0.000139458">
        </testcase>
        <testcase classname="tests/unit/billing/billing-module.test.ts" name="Billing Module &gt; Discounts &amp; Credits &gt; should apply fixed discount" time="0.000138083">
        </testcase>
        <testcase classname="tests/unit/billing/billing-module.test.ts" name="Billing Module &gt; Discounts &amp; Credits &gt; should add credit to account" time="0.000126667">
        </testcase>
        <testcase classname="tests/unit/billing/billing-module.test.ts" name="Billing Module &gt; Discounts &amp; Credits &gt; should track discount usage" time="0.000147084">
        </testcase>
        <testcase classname="tests/unit/billing/billing-module.test.ts" name="Billing Module &gt; Billing History &gt; should list invoices" time="0.001893709">
        </testcase>
        <testcase classname="tests/unit/billing/billing-module.test.ts" name="Billing Module &gt; Billing History &gt; should calculate total spent" time="0.000273917">
        </testcase>
        <testcase classname="tests/unit/billing/billing-module.test.ts" name="Billing Module &gt; Billing History &gt; should filter by date range" time="0.000680417">
        </testcase>
        <testcase classname="tests/unit/billing/billing-module.test.ts" name="Billing Module &gt; Dunning Management &gt; should track failed payment attempts" time="0.000267375">
        </testcase>
        <testcase classname="tests/unit/billing/billing-module.test.ts" name="Billing Module &gt; Dunning Management &gt; should send dunning email" time="0.000177875">
        </testcase>
        <testcase classname="tests/unit/billing/billing-module.test.ts" name="Billing Module &gt; Dunning Management &gt; should suspend after max failures" time="0.000156583">
        </testcase>
    </testsuite>
    <testsuite name="tests/unit/database/database-operations.test.ts" timestamp="2026-01-31T13:37:54.678Z" hostname="MacBook-Pro-Piotr.local" tests="42" failures="0" errors="0" skipped="0" time="0.011277916">
        <testcase classname="tests/unit/database/database-operations.test.ts" name="Database Operations &gt; Query Building &gt; should build SELECT query" time="0.001380417">
        </testcase>
        <testcase classname="tests/unit/database/database-operations.test.ts" name="Database Operations &gt; Query Building &gt; should add WHERE clause" time="0.00028775">
        </testcase>
        <testcase classname="tests/unit/database/database-operations.test.ts" name="Database Operations &gt; Query Building &gt; should add ORDER BY" time="0.000223667">
        </testcase>
        <testcase classname="tests/unit/database/database-operations.test.ts" name="Database Operations &gt; Query Building &gt; should add LIMIT and OFFSET" time="0.000188791">
        </testcase>
        <testcase classname="tests/unit/database/database-operations.test.ts" name="Database Operations &gt; Query Building &gt; should build INSERT query" time="0.000290541">
        </testcase>
        <testcase classname="tests/unit/database/database-operations.test.ts" name="Database Operations &gt; Query Building &gt; should build UPDATE query" time="0.00019525">
        </testcase>
        <testcase classname="tests/unit/database/database-operations.test.ts" name="Database Operations &gt; Query Building &gt; should build DELETE query" time="0.000165167">
        </testcase>
        <testcase classname="tests/unit/database/database-operations.test.ts" name="Database Operations &gt; Query Parameters &gt; should use parameterized queries" time="0.000663375">
        </testcase>
        <testcase classname="tests/unit/database/database-operations.test.ts" name="Database Operations &gt; Query Parameters &gt; should escape special characters" time="0.000192292">
        </testcase>
        <testcase classname="tests/unit/database/database-operations.test.ts" name="Database Operations &gt; Query Parameters &gt; should handle NULL values" time="0.000201125">
        </testcase>
        <testcase classname="tests/unit/database/database-operations.test.ts" name="Database Operations &gt; Query Parameters &gt; should handle arrays" time="0.000168583">
        </testcase>
        <testcase classname="tests/unit/database/database-operations.test.ts" name="Database Operations &gt; Transactions &gt; should begin transaction" time="0.000194125">
        </testcase>
        <testcase classname="tests/unit/database/database-operations.test.ts" name="Database Operations &gt; Transactions &gt; should commit transaction" time="0.000204791">
        </testcase>
        <testcase classname="tests/unit/database/database-operations.test.ts" name="Database Operations &gt; Transactions &gt; should rollback transaction" time="0.000185167">
        </testcase>
        <testcase classname="tests/unit/database/database-operations.test.ts" name="Database Operations &gt; Transactions &gt; should handle nested transactions" time="0.000207625">
        </testcase>
        <testcase classname="tests/unit/database/database-operations.test.ts" name="Database Operations &gt; Transactions &gt; should track transaction operations" time="0.000193459">
        </testcase>
        <testcase classname="tests/unit/database/database-operations.test.ts" name="Database Operations &gt; Connection Pool &gt; should create connection pool" time="0.000137958">
        </testcase>
        <testcase classname="tests/unit/database/database-operations.test.ts" name="Database Operations &gt; Connection Pool &gt; should track active connections" time="0.000118333">
        </testcase>
        <testcase classname="tests/unit/database/database-operations.test.ts" name="Database Operations &gt; Connection Pool &gt; should handle connection timeout" time="0.000116833">
        </testcase>
        <testcase classname="tests/unit/database/database-operations.test.ts" name="Database Operations &gt; Connection Pool &gt; should release connection" time="0.0001335">
        </testcase>
        <testcase classname="tests/unit/database/database-operations.test.ts" name="Database Operations &gt; Migrations &gt; should track migration version" time="0.0002055">
        </testcase>
        <testcase classname="tests/unit/database/database-operations.test.ts" name="Database Operations &gt; Migrations &gt; should run migration up" time="0.000137458">
        </testcase>
        <testcase classname="tests/unit/database/database-operations.test.ts" name="Database Operations &gt; Migrations &gt; should run migration down" time="0.000124208">
        </testcase>
        <testcase classname="tests/unit/database/database-operations.test.ts" name="Database Operations &gt; Migrations &gt; should detect pending migrations" time="0.000556">
        </testcase>
        <testcase classname="tests/unit/database/database-operations.test.ts" name="Database Operations &gt; Indexes &gt; should create index" time="0.000143833">
        </testcase>
        <testcase classname="tests/unit/database/database-operations.test.ts" name="Database Operations &gt; Indexes &gt; should create composite index" time="0.000192875">
        </testcase>
        <testcase classname="tests/unit/database/database-operations.test.ts" name="Database Operations &gt; Indexes &gt; should check index exists" time="0.000129375">
        </testcase>
        <testcase classname="tests/unit/database/database-operations.test.ts" name="Database Operations &gt; Query Analysis &gt; should analyze query plan" time="0.000129958">
        </testcase>
        <testcase classname="tests/unit/database/database-operations.test.ts" name="Database Operations &gt; Query Analysis &gt; should detect slow query" time="0.00012725">
        </testcase>
        <testcase classname="tests/unit/database/database-operations.test.ts" name="Database Operations &gt; Query Analysis &gt; should track query statistics" time="0.000128792">
        </testcase>
        <testcase classname="tests/unit/database/database-operations.test.ts" name="Database Operations &gt; Data Types &gt; should handle date types" time="0.000295333">
        </testcase>
        <testcase classname="tests/unit/database/database-operations.test.ts" name="Database Operations &gt; Data Types &gt; should handle JSON types" time="0.000155375">
        </testcase>
        <testcase classname="tests/unit/database/database-operations.test.ts" name="Database Operations &gt; Data Types &gt; should handle boolean types" time="0.0001265">
        </testcase>
        <testcase classname="tests/unit/database/database-operations.test.ts" name="Database Operations &gt; Data Types &gt; should handle array types" time="0.000159459">
        </testcase>
        <testcase classname="tests/unit/database/database-operations.test.ts" name="Database Operations &gt; Soft Deletes &gt; should mark as deleted" time="0.000181125">
        </testcase>
        <testcase classname="tests/unit/database/database-operations.test.ts" name="Database Operations &gt; Soft Deletes &gt; should filter deleted records" time="0.000204333">
        </testcase>
        <testcase classname="tests/unit/database/database-operations.test.ts" name="Database Operations &gt; Soft Deletes &gt; should restore deleted record" time="0.000132875">
        </testcase>
        <testcase classname="tests/unit/database/database-operations.test.ts" name="Database Operations &gt; Pagination &gt; should calculate total pages" time="0.000131209">
        </testcase>
        <testcase classname="tests/unit/database/database-operations.test.ts" name="Database Operations &gt; Pagination &gt; should calculate offset" time="0.000141208">
        </testcase>
        <testcase classname="tests/unit/database/database-operations.test.ts" name="Database Operations &gt; Pagination &gt; should determine has next page" time="0.000138375">
        </testcase>
        <testcase classname="tests/unit/database/database-operations.test.ts" name="Database Operations &gt; Pagination &gt; should determine has previous page" time="0.000124417">
        </testcase>
        <testcase classname="tests/unit/database/database-operations.test.ts" name="Database Operations &gt; Pagination &gt; should format pagination metadata" time="0.000131041">
        </testcase>
    </testsuite>
    <testsuite name="tests/unit/dashboard/dashboard-module.test.ts" timestamp="2026-01-31T13:37:54.681Z" hostname="MacBook-Pro-Piotr.local" tests="30" failures="0" errors="0" skipped="0" time="0.04055225">
        <testcase classname="tests/unit/dashboard/dashboard-module.test.ts" name="Dashboard Module &gt; Widget Configuration &gt; should create widget configuration" time="0.001429958">
        </testcase>
        <testcase classname="tests/unit/dashboard/dashboard-module.test.ts" name="Dashboard Module &gt; Widget Configuration &gt; should list available widget types" time="0.00158125">
        </testcase>
        <testcase classname="tests/unit/dashboard/dashboard-module.test.ts" name="Dashboard Module &gt; Widget Configuration &gt; should validate widget size" time="0.001220541">
        </testcase>
        <testcase classname="tests/unit/dashboard/dashboard-module.test.ts" name="Dashboard Module &gt; Widget Configuration &gt; should set widget refresh interval" time="0.000298417">
        </testcase>
        <testcase classname="tests/unit/dashboard/dashboard-module.test.ts" name="Dashboard Module &gt; Dashboard Layout &gt; should create dashboard layout" time="0.005609458">
        </testcase>
        <testcase classname="tests/unit/dashboard/dashboard-module.test.ts" name="Dashboard Module &gt; Dashboard Layout &gt; should validate widget placement" time="0.000354375">
        </testcase>
        <testcase classname="tests/unit/dashboard/dashboard-module.test.ts" name="Dashboard Module &gt; Dashboard Layout &gt; should detect widget overlap" time="0.000208709">
        </testcase>
        <testcase classname="tests/unit/dashboard/dashboard-module.test.ts" name="Dashboard Module &gt; Dashboard Layout &gt; should save layout preferences" time="0.000175958">
        </testcase>
        <testcase classname="tests/unit/dashboard/dashboard-module.test.ts" name="Dashboard Module &gt; KPI Widget &gt; should calculate KPI value" time="0.000179584">
        </testcase>
        <testcase classname="tests/unit/dashboard/dashboard-module.test.ts" name="Dashboard Module &gt; KPI Widget &gt; should determine trend direction" time="0.000199459">
        </testcase>
        <testcase classname="tests/unit/dashboard/dashboard-module.test.ts" name="Dashboard Module &gt; KPI Widget &gt; should format KPI value" time="0.024034791">
        </testcase>
        <testcase classname="tests/unit/dashboard/dashboard-module.test.ts" name="Dashboard Module &gt; KPI Widget &gt; should set KPI threshold colors" time="0.000227334">
        </testcase>
        <testcase classname="tests/unit/dashboard/dashboard-module.test.ts" name="Dashboard Module &gt; Chart Widget &gt; should prepare line chart data" time="0.000251708">
        </testcase>
        <testcase classname="tests/unit/dashboard/dashboard-module.test.ts" name="Dashboard Module &gt; Chart Widget &gt; should prepare bar chart data" time="0.000202458">
        </testcase>
        <testcase classname="tests/unit/dashboard/dashboard-module.test.ts" name="Dashboard Module &gt; Chart Widget &gt; should prepare pie chart data" time="0.000148708">
        </testcase>
        <testcase classname="tests/unit/dashboard/dashboard-module.test.ts" name="Dashboard Module &gt; Chart Widget &gt; should calculate chart range" time="0.000179208">
        </testcase>
        <testcase classname="tests/unit/dashboard/dashboard-module.test.ts" name="Dashboard Module &gt; Table Widget &gt; should define table columns" time="0.000201375">
        </testcase>
        <testcase classname="tests/unit/dashboard/dashboard-module.test.ts" name="Dashboard Module &gt; Table Widget &gt; should sort table data" time="0.0001465">
        </testcase>
        <testcase classname="tests/unit/dashboard/dashboard-module.test.ts" name="Dashboard Module &gt; Table Widget &gt; should paginate table data" time="0.000144875">
        </testcase>
        <testcase classname="tests/unit/dashboard/dashboard-module.test.ts" name="Dashboard Module &gt; Table Widget &gt; should filter table data" time="0.000174084">
        </testcase>
        <testcase classname="tests/unit/dashboard/dashboard-module.test.ts" name="Dashboard Module &gt; Activity Feed &gt; should format activity item" time="0.000143792">
        </testcase>
        <testcase classname="tests/unit/dashboard/dashboard-module.test.ts" name="Dashboard Module &gt; Activity Feed &gt; should group activities by date" time="0.000196667">
        </testcase>
        <testcase classname="tests/unit/dashboard/dashboard-module.test.ts" name="Dashboard Module &gt; Activity Feed &gt; should limit activity items" time="0.0001955">
        </testcase>
        <testcase classname="tests/unit/dashboard/dashboard-module.test.ts" name="Dashboard Module &gt; Quick Actions &gt; should define quick actions" time="0.000175916">
        </testcase>
        <testcase classname="tests/unit/dashboard/dashboard-module.test.ts" name="Dashboard Module &gt; Quick Actions &gt; should check action permissions" time="0.000132">
        </testcase>
        <testcase classname="tests/unit/dashboard/dashboard-module.test.ts" name="Dashboard Module &gt; Dashboard Filters &gt; should apply date filter" time="0.000141375">
        </testcase>
        <testcase classname="tests/unit/dashboard/dashboard-module.test.ts" name="Dashboard Module &gt; Dashboard Filters &gt; should apply project filter" time="0.000167042">
        </testcase>
        <testcase classname="tests/unit/dashboard/dashboard-module.test.ts" name="Dashboard Module &gt; Dashboard Filters &gt; should persist filter preferences" time="0.000175833">
        </testcase>
        <testcase classname="tests/unit/dashboard/dashboard-module.test.ts" name="Dashboard Module &gt; Real-time Updates &gt; should handle widget update event" time="0.000142125">
        </testcase>
        <testcase classname="tests/unit/dashboard/dashboard-module.test.ts" name="Dashboard Module &gt; Real-time Updates &gt; should debounce rapid updates" time="0.000186583">
        </testcase>
    </testsuite>
    <testsuite name="tests/unit/components/ui-components.test.ts" timestamp="2026-01-31T13:37:54.682Z" hostname="MacBook-Pro-Piotr.local" tests="53" failures="0" errors="0" skipped="0" time="0.033041584">
        <testcase classname="tests/unit/components/ui-components.test.ts" name="UI Components &gt; Button Component &gt; should render button text" time="0.005939667">
        </testcase>
        <testcase classname="tests/unit/components/ui-components.test.ts" name="UI Components &gt; Button Component &gt; should handle disabled state" time="0.000367083">
        </testcase>
        <testcase classname="tests/unit/components/ui-components.test.ts" name="UI Components &gt; Button Component &gt; should apply variant styles" time="0.000795291">
        </testcase>
        <testcase classname="tests/unit/components/ui-components.test.ts" name="UI Components &gt; Button Component &gt; should show loading state" time="0.000247834">
        </testcase>
        <testcase classname="tests/unit/components/ui-components.test.ts" name="UI Components &gt; Button Component &gt; should handle icon positions" time="0.000216792">
        </testcase>
        <testcase classname="tests/unit/components/ui-components.test.ts" name="UI Components &gt; Input Component &gt; should handle value change" time="0.000178667">
        </testcase>
        <testcase classname="tests/unit/components/ui-components.test.ts" name="UI Components &gt; Input Component &gt; should show error state" time="0.000169791">
        </testcase>
        <testcase classname="tests/unit/components/ui-components.test.ts" name="UI Components &gt; Input Component &gt; should show helper text" time="0.00015525">
        </testcase>
        <testcase classname="tests/unit/components/ui-components.test.ts" name="UI Components &gt; Input Component &gt; should handle placeholder" time="0.000173334">
        </testcase>
        <testcase classname="tests/unit/components/ui-components.test.ts" name="UI Components &gt; Input Component &gt; should support different types" time="0.000255667">
        </testcase>
        <testcase classname="tests/unit/components/ui-components.test.ts" name="UI Components &gt; Select Component &gt; should render options" time="0.000431458">
        </testcase>
        <testcase classname="tests/unit/components/ui-components.test.ts" name="UI Components &gt; Select Component &gt; should handle selection" time="0.000144666">
        </testcase>
        <testcase classname="tests/unit/components/ui-components.test.ts" name="UI Components &gt; Select Component &gt; should support multi-select" time="0.000195834">
        </testcase>
        <testcase classname="tests/unit/components/ui-components.test.ts" name="UI Components &gt; Select Component &gt; should support search/filter" time="0.000252708">
        </testcase>
        <testcase classname="tests/unit/components/ui-components.test.ts" name="UI Components &gt; Select Component &gt; should handle empty state" time="0.000195583">
        </testcase>
        <testcase classname="tests/unit/components/ui-components.test.ts" name="UI Components &gt; Modal Component &gt; should control visibility" time="0.00014875">
        </testcase>
        <testcase classname="tests/unit/components/ui-components.test.ts" name="UI Components &gt; Modal Component &gt; should render title" time="0.000113459">
        </testcase>
        <testcase classname="tests/unit/components/ui-components.test.ts" name="UI Components &gt; Modal Component &gt; should handle close on overlay click" time="0.000111666">
        </testcase>
        <testcase classname="tests/unit/components/ui-components.test.ts" name="UI Components &gt; Modal Component &gt; should prevent body scroll" time="0.00011125">
        </testcase>
        <testcase classname="tests/unit/components/ui-components.test.ts" name="UI Components &gt; Modal Component &gt; should support different sizes" time="0.000144125">
        </testcase>
        <testcase classname="tests/unit/components/ui-components.test.ts" name="UI Components &gt; Toast/Notification Component &gt; should create notification" time="0.000138375">
        </testcase>
        <testcase classname="tests/unit/components/ui-components.test.ts" name="UI Components &gt; Toast/Notification Component &gt; should auto-dismiss" time="0.000132416">
        </testcase>
        <testcase classname="tests/unit/components/ui-components.test.ts" name="UI Components &gt; Toast/Notification Component &gt; should support different types" time="0.000147416">
        </testcase>
        <testcase classname="tests/unit/components/ui-components.test.ts" name="UI Components &gt; Toast/Notification Component &gt; should queue notifications" time="0.00016125">
        </testcase>
        <testcase classname="tests/unit/components/ui-components.test.ts" name="UI Components &gt; Toast/Notification Component &gt; should allow manual dismiss" time="0.000166959">
        </testcase>
        <testcase classname="tests/unit/components/ui-components.test.ts" name="UI Components &gt; Table Component &gt; should render columns" time="0.000154291">
        </testcase>
        <testcase classname="tests/unit/components/ui-components.test.ts" name="UI Components &gt; Table Component &gt; should render rows" time="0.000158792">
        </testcase>
        <testcase classname="tests/unit/components/ui-components.test.ts" name="UI Components &gt; Table Component &gt; should handle sorting" time="0.011856833">
        </testcase>
        <testcase classname="tests/unit/components/ui-components.test.ts" name="UI Components &gt; Table Component &gt; should handle row selection" time="0.000163125">
        </testcase>
        <testcase classname="tests/unit/components/ui-components.test.ts" name="UI Components &gt; Table Component &gt; should handle pagination" time="0.000127709">
        </testcase>
        <testcase classname="tests/unit/components/ui-components.test.ts" name="UI Components &gt; Table Component &gt; should filter data" time="0.000188583">
        </testcase>
        <testcase classname="tests/unit/components/ui-components.test.ts" name="UI Components &gt; Dropdown Component &gt; should toggle open state" time="0.000156542">
        </testcase>
        <testcase classname="tests/unit/components/ui-components.test.ts" name="UI Components &gt; Dropdown Component &gt; should render menu items" time="0.000177917">
        </testcase>
        <testcase classname="tests/unit/components/ui-components.test.ts" name="UI Components &gt; Dropdown Component &gt; should handle item click" time="0.000148875">
        </testcase>
        <testcase classname="tests/unit/components/ui-components.test.ts" name="UI Components &gt; Dropdown Component &gt; should close on outside click" time="0.000124875">
        </testcase>
        <testcase classname="tests/unit/components/ui-components.test.ts" name="UI Components &gt; Tabs Component &gt; should render tabs" time="0.000153708">
        </testcase>
        <testcase classname="tests/unit/components/ui-components.test.ts" name="UI Components &gt; Tabs Component &gt; should handle tab change" time="0.000129292">
        </testcase>
        <testcase classname="tests/unit/components/ui-components.test.ts" name="UI Components &gt; Tabs Component &gt; should disable tab" time="0.000135042">
        </testcase>
        <testcase classname="tests/unit/components/ui-components.test.ts" name="UI Components &gt; Card Component &gt; should render card content" time="0.000124583">
        </testcase>
        <testcase classname="tests/unit/components/ui-components.test.ts" name="UI Components &gt; Card Component &gt; should support variants" time="0.000160334">
        </testcase>
        <testcase classname="tests/unit/components/ui-components.test.ts" name="UI Components &gt; Card Component &gt; should handle click" time="0.000131709">
        </testcase>
        <testcase classname="tests/unit/components/ui-components.test.ts" name="UI Components &gt; Avatar Component &gt; should render image" time="0.000135333">
        </testcase>
        <testcase classname="tests/unit/components/ui-components.test.ts" name="UI Components &gt; Avatar Component &gt; should render initials fallback" time="0.000163458">
        </testcase>
        <testcase classname="tests/unit/components/ui-components.test.ts" name="UI Components &gt; Avatar Component &gt; should support sizes" time="0.000155042">
        </testcase>
        <testcase classname="tests/unit/components/ui-components.test.ts" name="UI Components &gt; Badge Component &gt; should render badge" time="0.000138125">
        </testcase>
        <testcase classname="tests/unit/components/ui-components.test.ts" name="UI Components &gt; Badge Component &gt; should support variants" time="0.0001555">
        </testcase>
        <testcase classname="tests/unit/components/ui-components.test.ts" name="UI Components &gt; Badge Component &gt; should render count" time="0.000137542">
        </testcase>
        <testcase classname="tests/unit/components/ui-components.test.ts" name="UI Components &gt; Tooltip Component &gt; should render tooltip content" time="0.001123041">
        </testcase>
        <testcase classname="tests/unit/components/ui-components.test.ts" name="UI Components &gt; Tooltip Component &gt; should support positions" time="0.000177667">
        </testcase>
        <testcase classname="tests/unit/components/ui-components.test.ts" name="UI Components &gt; Tooltip Component &gt; should handle delay" time="0.001034417">
        </testcase>
        <testcase classname="tests/unit/components/ui-components.test.ts" name="UI Components &gt; Progress Component &gt; should calculate percentage" time="0.00022925">
        </testcase>
        <testcase classname="tests/unit/components/ui-components.test.ts" name="UI Components &gt; Progress Component &gt; should show indeterminate state" time="0.0001735">
        </testcase>
        <testcase classname="tests/unit/components/ui-components.test.ts" name="UI Components &gt; Progress Component &gt; should support variants" time="0.000246209">
        </testcase>
    </testsuite>
    <testsuite name="tests/unit/discovery/discovery-module.test.ts" timestamp="2026-01-31T13:37:54.685Z" hostname="MacBook-Pro-Piotr.local" tests="17" failures="0" errors="0" skipped="0" time="0.011638209">
        <testcase classname="tests/unit/discovery/discovery-module.test.ts" name="Discovery Module &gt; Stakeholder Mapping &gt; should create stakeholder" time="0.001596083">
        </testcase>
        <testcase classname="tests/unit/discovery/discovery-module.test.ts" name="Discovery Module &gt; Stakeholder Mapping &gt; should categorize stakeholder" time="0.000311083">
        </testcase>
        <testcase classname="tests/unit/discovery/discovery-module.test.ts" name="Discovery Module &gt; Stakeholder Mapping &gt; should track stakeholder count" time="0.000266834">
        </testcase>
        <testcase classname="tests/unit/discovery/discovery-module.test.ts" name="Discovery Module &gt; Pain Point Analysis &gt; should capture pain point" time="0.000233375">
        </testcase>
        <testcase classname="tests/unit/discovery/discovery-module.test.ts" name="Discovery Module &gt; Pain Point Analysis &gt; should prioritize pain points" time="0.000393667">
        </testcase>
        <testcase classname="tests/unit/discovery/discovery-module.test.ts" name="Discovery Module &gt; Pain Point Analysis &gt; should link to opportunity" time="0.000221458">
        </testcase>
        <testcase classname="tests/unit/discovery/discovery-module.test.ts" name="Discovery Module &gt; Opportunity Identification &gt; should create opportunity" time="0.000200583">
        </testcase>
        <testcase classname="tests/unit/discovery/discovery-module.test.ts" name="Discovery Module &gt; Opportunity Identification &gt; should calculate ROI" time="0.000260083">
        </testcase>
[...]
s":[],"meta":{}},{"ancestorTitles":["File & Storage Module","File Upload"],"fullName":"File & Storage Module File Upload should handle upload error","status":"passed","title":"should handle upload error","duration":0.22745800000029703,"failureMessages":[],"meta":{}},{"ancestorTitles":["File & Storage Module","File Download"],"fullName":"File & Storage Module File Download should create download URL","status":"passed","title":"should create download URL","duration":0.14766599999984464,"failureMessages":[],"meta":{}},{"ancestorTitles":["File & Storage Module","File Download"],"fullName":"File & Storage Module File Download should set content disposition","status":"passed","title":"should set content disposition","duration":0.1307080000001406,"failureMessages":[],"meta":{}},{"ancestorTitles":["File & Storage Module","File Download"],"fullName":"File & Storage Module File Download should track download","status":"passed","title":"should track download","duration":0.12879199999997581,"failureMessages":[],"meta":{}},{"ancestorTitles":["File & Storage Module","Storage Management"],"fullName":"File & Storage Module Storage Management should calculate storage usage","status":"passed","title":"should calculate storage usage","duration":0.13887500000009823,"failureMessages":[],"meta":{}},{"ancestorTitles":["File & Storage Module","Storage Management"],"fullName":"File & Storage Module Storage Management should check storage quota","status":"passed","title":"should check storage quota","duration":0.15058300000009694,"failureMessages":[],"meta":{}},{"ancestorTitles":["File & Storage Module","Storage Management"],"fullName":"File & Storage Module Storage Management should organize files by type","status":"passed","title":"should organize files by type","duration":0.15908399999989342,"failureMessages":[],"meta":{}},{"ancestorTitles":["File & Storage Module","Storage Management"],"fullName":"File & Storage Module Storage Management should list recent files","status":"passed","title":"should list recent files","duration":0.17195799999990413,"failureMessages":[],"meta":{}},{"ancestorTitles":["File & Storage Module","Image Processing"],"fullName":"File & Storage Module Image Processing should resize image dimensions","status":"passed","title":"should resize image dimensions","duration":0.15833399999974063,"failureMessages":[],"meta":{}},{"ancestorTitles":["File & Storage Module","Image Processing"],"fullName":"File & Storage Module Image Processing should generate thumbnail","status":"passed","title":"should generate thumbnail","duration":0.12012499999991633,"failureMessages":[],"meta":{}},{"ancestorTitles":["File & Storage Module","Image Processing"],"fullName":"File & Storage Module Image Processing should detect image format","status":"passed","title":"should detect image format","duration":0.13858399999980975,"failureMessages":[],"meta":{}},{"ancestorTitles":["File & Storage Module","Folder Management"],"fullName":"File & Storage Module Folder Management should create folder structure","status":"passed","title":"should create folder structure","duration":0.1341669999997066,"failureMessages":[],"meta":{}},{"ancestorTitles":["File & Storage Module","Folder Management"],"fullName":"File & Storage Module Folder Management should build folder path","status":"passed","title":"should build folder path","duration":0.1862909999999829,"failureMessages":[],"meta":{}},{"ancestorTitles":["File & Storage Module","Folder Management"],"fullName":"File & Storage Module Folder Management should count folder contents","status":"passed","title":"should count folder contents","duration":0.1285410000000411,"failureMessages":[],"meta":{}},{"ancestorTitles":["File & Storage Module","Folder Management"],"fullName":"File & Storage Module Folder Management should move files between folders","status":"passed","title":"should move files between folders","duration":0.1263330000001588,"failureMessages":[],"meta":{}},{"ancestorTitles":["File & Storage Module","File Versioning"],"fullName":"File & Storage Module File Versioning should track file versions","status":"passed","title":"should track file versions","duration":0.7843340000003991,"failureMessages":[],"meta":{}},{"ancestorTitles":["File & Storage Module","File Versioning"],"fullName":"File & Storage Module File Versioning should get latest version","status":"passed","title":"should get latest version","duration":0.15337499999986903,"failureMessages":[],"meta":{}},{"ancestorTitles":["File & Storage Module","File Versioning"],"fullName":"File & Storage Module File Versioning should restore version","status":"passed","title":"should restore version","duration":0.15037500000016735,"failureMessages":[],"meta":{}},{"ancestorTitles":["File & Storage Module","File Sharing"],"fullName":"File & Storage Module File Sharing should create share link","status":"passed","title":"should create share link","duration":0.1501659999998992,"failureMessages":[],"meta":{}},{"ancestorTitles":["File & Storage Module","File Sharing"],"fullName":"File & Storage Module File Sharing should check share expiry","status":"passed","title":"should check share expiry","duration":0.12412499999982174,"failureMessages":[],"meta":{}},{"ancestorTitles":["File & Storage Module","File Sharing"],"fullName":"File & Storage Module File Sharing should track share access","status":"passed","title":"should track share access","duration":0.12633299999970404,"failureMessages":[],"meta":{}}],"startTime":1769866673781,"endTime":1769866673795.1504,"status":"passed","message":"","name":"/Users/piotrwisniewski/Documents/Antygracity/DRD/consultify/tests/unit/storage/file-storage.test.ts"},{"assertionResults":[{"ancestorTitles":["Utility Helpers","String Utilities"],"fullName":"Utility Helpers String Utilities should capitalize string","status":"passed","title":"should capitalize string","duration":1.4989160000000084,"failureMessages":[],"meta":{}},{"ancestorTitles":["Utility Helpers","String Utilities"],"fullName":"Utility Helpers String Utilities should truncate long string","status":"passed","title":"should truncate long string","duration":0.3115419999999176,"failureMessages":[],"meta":{}},{"ancestorTitles":["Utility Helpers","String Utilities"],"fullName":"Utility Helpers String Utilities should slugify string","status":"passed","title":"should slugify string","duration":0.26020799999969313,"failureMessages":[],"meta":{}},{"ancestorTitles":["Utility Helpers","String Utilities"],"fullName":"Utility Helpers String Utilities should generate random string","status":"passed","title":"should generate random string","duration":0.24979199999961565,"failureMessages":[],"meta":{}},{"ancestorTitles":["Utility Helpers","Number Utilities"],"fullName":"Utility Helpers Number Utilities should format number with commas","status":"passed","title":"should format number with commas","duration":17.627709000000323,"failureMessages":[],"meta":{}},{"ancestorTitles":["Utility Helpers","Number Utilities"],"fullName":"Utility Helpers Number Utilities should round to decimals","status":"passed","title":"should round to decimals","duration":0.1792089999999007,"failureMessages":[],"meta":{}},{"ancestorTitles":["Utility Helpers","Number Utilities"],"fullName":"Utility Helpers Number Utilities should clamp value","status":"passed","title":"should clamp value","duration":0.1536250000003747,"failureMessages":[],"meta":{}},{"ancestorTitles":["Utility Helpers","Number Utilities"],"fullName":"Utility Helpers Number Utilities should calculate percentage","status":"passed","title":"should calculate percentage","duration":0.1363749999995889,"failureMessages":[],"meta":{}},{"ancestorTitles":["Utility Helpers","Date Utilities"],"fullName":"Utility Helpers Date Utilities should format date","status":"passed","title":"should format date","duration":4.064957999999933,"failureMessages":[],"meta":{}},{"ancestorTitles":["Utility Helpers","Date Utilities"],"fullName":"Utility Helpers Date Utilities should get days between dates","status":"passed","title":"should get days between dates","duration":0.22537499999998545,"failureMessages":[],"meta":{}},{"ancestorTitles":["Utility Helpers","Date Utilities"],"fullName":"Utility Helpers Date Utilities should check if date is past","status":"passed","title":"should check if date is past","duration":0.14704200000005585,"failureMessages":[],"meta":{}},{"ancestorTitles":["Utility Helpers","Date Utilities"],"fullName":"Utility Helpers Date Utilities should add days to date","status":"passed","title":"should add days to date","duration":0.13741699999991397,"failureMessages":[],"meta":{}},{"ancestorTitles":["Utility Helpers","Array Utilities"],"fullName":"Utility Helpers Array Utilities should remove duplicates","status":"passed","title":"should remove duplicates","duration":0.6994999999997162,"failureMessages":[],"meta":{}},{"ancestorTitles":["Utility Helpers","Array Utilities"],"fullName":"Utility Helpers Array Utilities should group by key","status":"passed","title":"should group by key","duration":0.22229099999958635,"failureMessages":[],"meta":{}},{"ancestorTitles":["Utility Helpers","Array Utilities"],"fullName":"Utility Helpers Array Utilities should chunk array","status":"passed","title":"should chunk array","duration":0.19112499999982901,"failureMessages":[],"meta":{}},{"ancestorTitles":["Utility Helpers","Array Utilities"],"fullName":"Utility Helpers Array Utilities should flatten nested array","status":"passed","title":"should flatten nested array","duration":0.18449999999984357,"failureMessages":[],"meta":{}},{"ancestorTitles":["Utility Helpers","Object Utilities"],"fullName":"Utility Helpers Object Utilities should deep clone object","status":"passed","title":"should deep clone object","duration":0.15224999999963984,"failureMessages":[],"meta":{}},{"ancestorTitles":["Utility Helpers","Object Utilities"],"fullName":"Utility Helpers Object Utilities should pick properties","status":"passed","title":"should pick properties","duration":0.203125,"failureMessages":[],"meta":{}},{"ancestorTitles":["Utility Helpers","Object Utilities"],"fullName":"Utility Helpers Object Utilities should omit properties","status":"passed","title":"should omit properties","duration":0.16487499999993815,"failureMessages":[],"meta":{}},{"ancestorTitles":["Utility Helpers","Object Utilities"],"fullName":"Utility Helpers Object Utilities should check if object is empty","status":"passed","title":"should check if object is empty","duration":1.9787919999998849,"failureMessages":[],"meta":{}},{"ancestorTitles":["Utility Helpers","Validation Utilities"],"fullName":"Utility Helpers Validation Utilities should validate email","status":"passed","title":"should validate email","duration":0.29562499999974534,"failureMessages":[],"meta":{}},{"ancestorTitles":["Utility Helpers","Validation Utilities"],"fullName":"Utility Helpers Validation Utilities should validate URL","status":"passed","title":"should validate URL","duration":0.1728330000000824,"failureMessages":[],"meta":{}},{"ancestorTitles":["Utility Helpers","Validation Utilities"],"fullName":"Utility Helpers Validation Utilities should validate phone number","status":"passed","title":"should validate phone number","duration":0.16666600000007747,"failureMessages":[],"meta":{}},{"ancestorTitles":["Utility Helpers","Formatting Utilities"],"fullName":"Utility Helpers Formatting Utilities should format currency","status":"passed","title":"should format currency","duration":0.6598750000002838,"failureMessages":[],"meta":{}},{"ancestorTitles":["Utility Helpers","Formatting Utilities"],"fullName":"Utility Helpers Formatting Utilities should format file size","status":"passed","title":"should format file size","duration":0.2189579999999296,"failureMessages":[],"meta":{}},{"ancestorTitles":["Utility Helpers","Formatting Utilities"],"fullName":"Utility Helpers Formatting Utilities should format duration","status":"passed","title":"should format duration","duration":0.15908299999955489,"failureMessages":[],"meta":{}}],"startTime":1769866673890,"endTime":1769866673921.66,"status":"passed","message":"","name":"/Users/piotrwisniewski/Documents/Antygracity/DRD/consultify/tests/unit/utils/helpers.test.ts"},{"assertionResults":[{"ancestorTitles":["Workflow Engine","Workflow Definition"],"fullName":"Workflow Engine Workflow Definition should define workflow","status":"passed","title":"should define workflow","duration":2.193333000000166,"failureMessages":[],"meta":{}},{"ancestorTitles":["Workflow Engine","Workflow Definition"],"fullName":"Workflow Engine Workflow Definition should define step types","status":"passed","title":"should define step types","duration":2.36520900000005,"failureMessages":[],"meta":{}},{"ancestorTitles":["Workflow Engine","Workflow Definition"],"fullName":"Workflow Engine Workflow Definition should define transitions","status":"passed","title":"should define transitions","duration":0.3775839999998425,"failureMessages":[],"meta":{}},{"ancestorTitles":["Workflow Engine","Workflow Definition"],"fullName":"Workflow Engine Workflow Definition should define conditions","status":"passed","title":"should define conditions","duration":0.2982090000000426,"failureMessages":[],"meta":{}},{"ancestorTitles":["Workflow Engine","Workflow Definition"],"fullName":"Workflow Engine Workflow Definition should support parallel execution","status":"passed","title":"should support parallel execution","duration":0.28270800000018426,"failureMessages":[],"meta":{}},{"ancestorTitles":["Workflow Engine","Workflow Execution"],"fullName":"Workflow Engine Workflow Execution should create workflow instance","status":"passed","title":"should create workflow instance","duration":0.1893329999998059,"failureMessages":[],"meta":{}},{"ancestorTitles":["Workflow Engine","Workflow Execution"],"fullName":"Workflow Engine Workflow Execution should track execution status","status":"passed","title":"should track execution status","duration":0.21445800000037707,"failureMessages":[],"meta":{}},{"ancestorTitles":["Workflow Engine","Workflow Execution"],"fullName":"Workflow Engine Workflow Execution should execute step","status":"passed","title":"should execute step","duration":0.15808300000026065,"failureMessages":[],"meta":{}},{"ancestorTitles":["Workflow Engine","Workflow Execution"],"fullName":"Workflow Engine Workflow Execution should handle step failure","status":"passed","title":"should handle step failure","duration":0.16187499999978172,"failureMessages":[],"meta":{}},{"ancestorTitles":["Workflow Engine","Workflow Execution"],"fullName":"Workflow Engine Workflow Execution should support retry","status":"passed","title":"should support retry","duration":0.19474999999965803,"failureMessages":[],"meta":{}},{"ancestorTitles":["Workflow Engine","Workflow Actions"],"fullName":"Workflow Engine Workflow Actions should execute action step","status":"passed","title":"should execute action step","duration":0.15324999999984357,"failureMessages":[],"meta":{}},{"ancestorTitles":["Workflow Engine","Workflow Actions"],"fullName":"Workflow Engine Workflow Actions should execute webhook action","status":"passed","title":"should execute webhook action","duration":0.14225000000033106,"failureMessages":[],"meta":{}},{"ancestorTitles":["Workflow Engine","Workflow Actions"],"fullName":"Workflow Engine Workflow Actions should execute update action","status":"passed","title":"should execute update action","duration":0.13000000000010914,"failureMessages":[],"meta":{}},{"ancestorTitles":["Workflow Engine","Workflow Actions"],"fullName":"Workflow Engine Workflow Actions should execute assignment action","status":"passed","title":"should execute assignment action","duration":0.13400000000001455,"failureMessages":[],"meta":{}},{"ancestorTitles":["Workflow Engine","Workflow Approvals"],"fullName":"Workflow Engine Workflow Approvals should create approval request","status":"passed","title":"should create approval request","duration":0.37258399999973335,"failureMessages":[],"meta":{}},{"ancestorTitles":["Workflow Engine","Workflow Approvals"],"fullName":"Workflow Engine Workflow Approvals should track approval responses","status":"passed","title":"should track approval responses","duration":0.2397080000000642,"failureMessages":[],"meta":{}},{"ancestorTitles":["Workflow Engine","Workflow Approvals"],"fullName":"Workflow Engine Workflow Approvals should check approval threshold","status":"passed","title":"should check approval threshold","duration":0.15345799999977316,"failureMessages":[],"meta":{}},{"ancestorTitles":["Workflow Engine","Workflow Approvals"],"fullName":"Workflow Engine Workflow Approvals should handle approval delegation","status":"passed","title":"should handle approval delegation","duration":0.18162500000016735,"failureMessages":[],"meta":{}},{"ancestorTitles":["Workflow Engine","Workflow Approvals"],"fullName":"Workflow Engine Workflow Approvals should set approval deadline","status":"passed","title":"should set approval deadline","duration":0.15858299999990777,"failureMessages":[],"meta":{}},{"ancestorTitles":["Workflow Engine","Workflow Variables"],"fullName":"Workflow Engine Workflow Variables should resolve variable","status":"passed","title":"should resolve variable","duration":0.19849999999996726,"failureMessages":[],"meta":{}},{"ancestorTitles":["Workflow Engine","Workflow Variables"],"fullName":"Workflow Engine Workflow Variables should interpolate template","status":"passed","title":"should interpolate template","duration":0.24737499999991996,"failureMessages":[],"meta":{}},{"ancestorTitles":["Workflow Engine","Workflow Variables"],"fullName":"Workflow Engine Workflow Variables should evaluate expression","status":"passed","title":"should evaluate expression","duration":0.1430419999996957,"failureMessages":[],"meta":{}},{"ancestorTitles":["Workflow Engine","Workflow History"],"fullName":"Workflow Engine Workflow History should track execution history","status":"passed","title":"should track execution history","duration":0.21058300000004238,"failureMessages":[],"meta":{}},{"ancestorTitles":["Workflow Engine","Workflow History"],"fullName":"Workflow Engine Workflow History should calculate duration","status":"passed","title":"should calculate duration","duration":0.21174999999993815,"failureMessages":[],"meta":{}},{"ancestorTitles":["Workflow Engine","Workflow History"],"fullName":"Workflow Engine Workflow History should track step performers","status":"passed","title":"should track step performers","duration":0.3351660000002994,"failureMessages":[],"meta":{}},{"ancestorTitles":["Workflow Engine","Workflow Templates"],"fullName":"Workflow Engine Workflow Templates should create from template","status":"passed","title":"should create from template","duration":0.22725000000036744,"failureMessages":[],"meta":{}},{"ancestorTitles":["Workflow Engine","Workflow Templates"],"fullName":"Workflow Engine Workflow Templates should customize template","status":"passed","title":"should customize template","duration":0.17783299999973678,"failureMessages":[],"meta":{}},{"ancestorTitles":["Workflow Engine","Workflow Scheduling"],"fullName":"Workflow Engine Workflow Scheduling should schedule workflow","status":"passed","title":"should schedule workflow","duration":0.4279999999998836,"failureMessages":[],"meta":{}},{"ancestorTitles":["Workflow Engine","Workflow Scheduling"],"fullName":"Workflow Engine Workflow Scheduling should trigger on event","status":"passed","title":"should trigger on event","duration":0.29308299999956944,"failureMessages":[],"meta":{}},{"ancestorTitles":["Workflow Engine","Workflow Scheduling"],"fullName":"Workflow Engine Workflow Scheduling should delay execution","status":"passed","title":"should delay execution","duration":0.26854099999991377,"failureMessages":[],"meta":{}}],"startTime":1769866673879,"endTime":1769866673890.428,"status":"passed","message":"","name":"/Users/piotrwisniewski/Documents/Antygracity/DRD/consultify/tests/unit/workflow/workflow-engine.test.ts"}]}