<?xml version="1.0" encoding="UTF-8" ?>
<testsuites name="vitest tests" tests="2770" failures="222" errors="0" time="175.566289206">
    <testsuite name="tests/unit/actionProposalEngine.test.js" timestamp="2026-01-01T00:57:06.349Z" hostname="MacBook-Pro-Piotr.local" tests="6" failures="0" errors="0" skipped="0" time="0.351381">
        <testcase classname="tests/unit/actionProposalEngine.test.js" name="ActionProposalEngine &gt; should generate proposals for USER_AT_RISK" time="0.006743125">
        </testcase>
        <testcase classname="tests/unit/actionProposalEngine.test.js" name="ActionProposalEngine &gt; should generate proposals for BLOCKED_INITIATIVE" time="0.000219208">
        </testcase>
        <testcase classname="tests/unit/actionProposalEngine.test.js" name="ActionProposalEngine &gt; should generate proposals for STRONG_TEAM_MEMBER" time="0.000167292">
        </testcase>
        <testcase classname="tests/unit/actionProposalEngine.test.js" name="ActionProposalEngine &gt; should be deterministic (return same output for same input)" time="0.0001635">
        </testcase>
        <testcase classname="tests/unit/actionProposalEngine.test.js" name="ActionProposalEngine &gt; should return sorted proposals by proposal_id" time="0.000300959">
        </testcase>
        <testcase classname="tests/unit/actionProposalEngine.test.js" name="ActionProposalEngine &gt; should adhere to the mandatory output model" time="0.000312667">
        </testcase>
    </testsuite>
    <testsuite name="tests/unit/aiModeResolver.test.js" timestamp="2026-01-01T00:57:06.350Z" hostname="MacBook-Pro-Piotr.local" tests="29" failures="0" errors="0" skipped="0" time="0.301961125">
        <testcase classname="tests/unit/aiModeResolver.test.js" name="AIModeResolver &gt; Mode Constants &gt; should have all 6 AI modes" time="0.000664833">
        </testcase>
        <testcase classname="tests/unit/aiModeResolver.test.js" name="AIModeResolver &gt; Phase to Mode Mapping &gt; Phase A maps to OFF (no AI)" time="0.000124708">
        </testcase>
        <testcase classname="tests/unit/aiModeResolver.test.js" name="AIModeResolver &gt; Phase to Mode Mapping &gt; Phase B maps to NARRATOR" time="0.000065958">
        </testcase>
        <testcase classname="tests/unit/aiModeResolver.test.js" name="AIModeResolver &gt; Phase to Mode Mapping &gt; Phase C maps to GUIDE" time="0.000057">
        </testcase>
        <testcase classname="tests/unit/aiModeResolver.test.js" name="AIModeResolver &gt; Phase to Mode Mapping &gt; Phase D maps to GUIDE" time="0.000061">
        </testcase>
        <testcase classname="tests/unit/aiModeResolver.test.js" name="AIModeResolver &gt; Phase to Mode Mapping &gt; Phase E maps to THINKING_PARTNER" time="0.000040417">
        </testcase>
        <testcase classname="tests/unit/aiModeResolver.test.js" name="AIModeResolver &gt; Phase to Mode Mapping &gt; Phase F maps to FACILITATOR" time="0.000034916">
        </testcase>
        <testcase classname="tests/unit/aiModeResolver.test.js" name="AIModeResolver &gt; Phase to Mode Mapping &gt; Phase G maps to META_ANALYST" time="0.000039125">
        </testcase>
        <testcase classname="tests/unit/aiModeResolver.test.js" name="AIModeResolver &gt; Mode Capabilities &gt; OFF mode cannot respond" time="0.000076667">
        </testcase>
        <testcase classname="tests/unit/aiModeResolver.test.js" name="AIModeResolver &gt; Mode Capabilities &gt; NARRATOR can explain but not recommend" time="0.000076708">
        </testcase>
        <testcase classname="tests/unit/aiModeResolver.test.js" name="AIModeResolver &gt; Mode Capabilities &gt; GUIDE can explain but not recommend or analyze" time="0.000054875">
        </testcase>
        <testcase classname="tests/unit/aiModeResolver.test.js" name="AIModeResolver &gt; Mode Capabilities &gt; THINKING_PARTNER can recommend and analyze" time="0.00006325">
        </testcase>
        <testcase classname="tests/unit/aiModeResolver.test.js" name="AIModeResolver &gt; Mode Capabilities &gt; FACILITATOR can facilitate but not benchmark" time="0.000046542">
        </testcase>
        <testcase classname="tests/unit/aiModeResolver.test.js" name="AIModeResolver &gt; Mode Capabilities &gt; META_ANALYST has all capabilities" time="0.000069042">
        </testcase>
        <testcase classname="tests/unit/aiModeResolver.test.js" name="AIModeResolver &gt; canAIRespond &gt; returns false for OFF mode" time="0.000036">
        </testcase>
        <testcase classname="tests/unit/aiModeResolver.test.js" name="AIModeResolver &gt; canAIRespond &gt; returns true for all other modes" time="0.000061791">
        </testcase>
        <testcase classname="tests/unit/aiModeResolver.test.js" name="AIModeResolver &gt; Request Validation &gt; OFF mode blocks all requests" time="0.000094833">
        </testcase>
        <testcase classname="tests/unit/aiModeResolver.test.js" name="AIModeResolver &gt; Request Validation &gt; NARRATOR blocks recommendations" time="0.000030042">
        </testcase>
        <testcase classname="tests/unit/aiModeResolver.test.js" name="AIModeResolver &gt; Request Validation &gt; GUIDE blocks analysis" time="0.000025125">
        </testcase>
        <testcase classname="tests/unit/aiModeResolver.test.js" name="AIModeResolver &gt; Request Validation &gt; THINKING_PARTNER allows recommendations" time="0.000023875">
        </testcase>
        <testcase classname="tests/unit/aiModeResolver.test.js" name="AIModeResolver &gt; Request Validation &gt; THINKING_PARTNER blocks benchmarks" time="0.000023208">
        </testcase>
        <testcase classname="tests/unit/aiModeResolver.test.js" name="AIModeResolver &gt; Request Validation &gt; META_ANALYST allows benchmarks" time="0.00002225">
        </testcase>
        <testcase classname="tests/unit/aiModeResolver.test.js" name="AIModeResolver &gt; System Instructions &gt; OFF mode returns null" time="0.000034333">
        </testcase>
        <testcase classname="tests/unit/aiModeResolver.test.js" name="AIModeResolver &gt; System Instructions &gt; NARRATOR instruction contains mode declaration" time="0.000136125">
        </testcase>
        <testcase classname="tests/unit/aiModeResolver.test.js" name="AIModeResolver &gt; System Instructions &gt; GUIDE instruction contains forbidden actions" time="0.000047041">
        </testcase>
        <testcase classname="tests/unit/aiModeResolver.test.js" name="AIModeResolver &gt; System Instructions &gt; THINKING_PARTNER instruction contains 5-7 questions rule" time="0.000029625">
        </testcase>
        <testcase classname="tests/unit/aiModeResolver.test.js" name="AIModeResolver &gt; System Instructions &gt; FACILITATOR instruction forbids taking sides" time="0.000026541">
        </testcase>
        <testcase classname="tests/unit/aiModeResolver.test.js" name="AIModeResolver &gt; System Instructions &gt; META_ANALYST instruction forbids exposing identities" time="0.000023417">
        </testcase>
        <testcase classname="tests/unit/aiModeResolver.test.js" name="AIModeResolver &gt; Off Mode Response &gt; returns appropriate message for Phase A users" time="0.000031875">
        </testcase>
    </testsuite>
    <testsuite name="tests/unit/aiPlaybookRoutingEngine.test.js" timestamp="2026-01-01T00:57:06.351Z" hostname="MacBook-Pro-Piotr.local" tests="29" failures="0" errors="0" skipped="0" time="0.133793417">
        <testcase classname="tests/unit/aiPlaybookRoutingEngine.test.js" name="AIPlaybookRoutingEngine &gt; evaluateCondition &gt; metric_lte &gt; should match when metric is less than threshold" time="0.00077275">
        </testcase>
        <testcase classname="tests/unit/aiPlaybookRoutingEngine.test.js" name="AIPlaybookRoutingEngine &gt; evaluateCondition &gt; metric_lte &gt; should match when metric equals threshold" time="0.000100833">
        </testcase>
        <testcase classname="tests/unit/aiPlaybookRoutingEngine.test.js" name="AIPlaybookRoutingEngine &gt; evaluateCondition &gt; metric_lte &gt; should not match when metric is greater than threshold" time="0.00007225">
        </testcase>
        <testcase classname="tests/unit/aiPlaybookRoutingEngine.test.js" name="AIPlaybookRoutingEngine &gt; evaluateCondition &gt; metric_lte &gt; should not match when metric is not found" time="0.000082292">
        </testcase>
        <testcase classname="tests/unit/aiPlaybookRoutingEngine.test.js" name="AIPlaybookRoutingEngine &gt; evaluateCondition &gt; metric_lte &gt; should return false for invalid format" time="0.000073041">
        </testcase>
        <testcase classname="tests/unit/aiPlaybookRoutingEngine.test.js" name="AIPlaybookRoutingEngine &gt; evaluateCondition &gt; metric_gte &gt; should match when metric is greater than threshold" time="0.000061">
        </testcase>
        <testcase classname="tests/unit/aiPlaybookRoutingEngine.test.js" name="AIPlaybookRoutingEngine &gt; evaluateCondition &gt; metric_gte &gt; should match when metric equals threshold" time="0.000044375">
        </testcase>
        <testcase classname="tests/unit/aiPlaybookRoutingEngine.test.js" name="AIPlaybookRoutingEngine &gt; evaluateCondition &gt; metric_gte &gt; should not match when metric is less than threshold" time="0.000042083">
        </testcase>
        <testcase classname="tests/unit/aiPlaybookRoutingEngine.test.js" name="AIPlaybookRoutingEngine &gt; evaluateCondition &gt; flag_eq &gt; should match when flag equals expected value" time="0.000057">
        </testcase>
        <testcase classname="tests/unit/aiPlaybookRoutingEngine.test.js" name="AIPlaybookRoutingEngine &gt; evaluateCondition &gt; flag_eq &gt; should not match when flag does not equal expected value" time="0.000061458">
        </testcase>
        <testcase classname="tests/unit/aiPlaybookRoutingEngine.test.js" name="AIPlaybookRoutingEngine &gt; evaluateCondition &gt; flag_eq &gt; should work with string values" time="0.000044208">
        </testcase>
        <testcase classname="tests/unit/aiPlaybookRoutingEngine.test.js" name="AIPlaybookRoutingEngine &gt; evaluateCondition &gt; has_open_tasks &gt; should match when open tasks exist and condition is true" time="0.000050375">
        </testcase>
        <testcase classname="tests/unit/aiPlaybookRoutingEngine.test.js" name="AIPlaybookRoutingEngine &gt; evaluateCondition &gt; has_open_tasks &gt; should match when no open tasks and condition is false" time="0.000035041">
        </testcase>
        <testcase classname="tests/unit/aiPlaybookRoutingEngine.test.js" name="AIPlaybookRoutingEngine &gt; evaluateCondition &gt; has_open_tasks &gt; should recognize in_progress as open" time="0.000031">
        </testcase>
        <testcase classname="tests/unit/aiPlaybookRoutingEngine.test.js" name="AIPlaybookRoutingEngine &gt; evaluateCondition &gt; has_open_tasks &gt; should recognize PENDING as open" time="0.000029625">
        </testcase>
        <testcase classname="tests/unit/aiPlaybookRoutingEngine.test.js" name="AIPlaybookRoutingEngine &gt; evaluateCondition &gt; signal_present &gt; should match when signal is present" time="0.000039">
        </testcase>
        <testcase classname="tests/unit/aiPlaybookRoutingEngine.test.js" name="AIPlaybookRoutingEngine &gt; evaluateCondition &gt; signal_present &gt; should not match when signal is not present" time="0.000049584">
        </testcase>
        <testcase classname="tests/unit/aiPlaybookRoutingEngine.test.js" name="AIPlaybookRoutingEngine &gt; evaluateCondition &gt; signal_present &gt; should handle simple string signals" time="0.000046875">
        </testcase>
        <testcase classname="tests/unit/aiPlaybookRoutingEngine.test.js" name="AIPlaybookRoutingEngine &gt; evaluateCondition &gt; time_since_step_gte &gt; should match when enough time has passed" time="0.000267167">
        </testcase>
        <testcase classname="tests/unit/aiPlaybookRoutingEngine.test.js" name="AIPlaybookRoutingEngine &gt; evaluateCondition &gt; time_since_step_gte &gt; should not match when not enough time has passed" time="0.000112125">
        </testcase>
        <testcase classname="tests/unit/aiPlaybookRoutingEngine.test.js" name="AIPlaybookRoutingEngine &gt; evaluateCondition &gt; time_since_step_gte &gt; should not match when step timestamp not found" time="0.000062542">
        </testcase>
        <testcase classname="tests/unit/aiPlaybookRoutingEngine.test.js" name="AIPlaybookRoutingEngine &gt; evaluateCondition &gt; unknown conditions &gt; should fail safely for unknown condition type" time="0.000207583">
            <system-err>
[AIPlaybookRoutingEngine] Unknown condition type: unknown_condition

            </system-err>
        </testcase>
        <testcase classname="tests/unit/aiPlaybookRoutingEngine.test.js" name="AIPlaybookRoutingEngine &gt; evaluateCondition &gt; unknown conditions &gt; should fail safely for empty condition" time="0.000046792">
        </testcase>
        <testcase classname="tests/unit/aiPlaybookRoutingEngine.test.js" name="AIPlaybookRoutingEngine &gt; evaluateRouting &gt; should select first matching rule in first_match mode" time="0.000133916">
        </testcase>
        <testcase classname="tests/unit/aiPlaybookRoutingEngine.test.js" name="AIPlaybookRoutingEngine &gt; evaluateRouting &gt; should use else_goto when no rules match" time="0.000051375">
        </testcase>
        <testcase classname="tests/unit/aiPlaybookRoutingEngine.test.js" name="AIPlaybookRoutingEngine &gt; evaluateRouting &gt; should return null when no rules match and no else_goto" time="0.000051709">
        </testcase>
        <testcase classname="tests/unit/aiPlaybookRoutingEngine.test.js" name="AIPlaybookRoutingEngine &gt; evaluateRouting &gt; should use linear flow when no branch_rules defined" time="0.000041">
        </testcase>
        <testcase classname="tests/unit/aiPlaybookRoutingEngine.test.js" name="AIPlaybookRoutingEngine &gt; evaluateRouting &gt; should record evaluation trace" time="0.000453709">
        </testcase>
        <testcase classname="tests/unit/aiPlaybookRoutingEngine.test.js" name="AIPlaybookRoutingEngine &gt; evaluateRouting &gt; should skip rules with invalid conditions" time="0.000085584">
        </testcase>
    </testsuite>
    <testsuite name="tests/unit/aiResponsePostProcessor.test.js" timestamp="2026-01-01T00:57:06.353Z" hostname="MacBook-Pro-Piotr.local" tests="20" failures="0" errors="0" skipped="0" time="0.269051708">
        <testcase classname="tests/unit/aiResponsePostProcessor.test.js" name="aiResponsePostProcessor &gt; Memory Prefix &gt; should add memory prefix when memory count &gt; 0" time="0.000569792">
        </testcase>
        <testcase classname="tests/unit/aiResponsePostProcessor.test.js" name="aiResponsePostProcessor &gt; Memory Prefix &gt; should NOT add memory prefix when memory count is 0" time="0.000144875">
        </testcase>
        <testcase classname="tests/unit/aiResponsePostProcessor.test.js" name="aiResponsePostProcessor &gt; Memory Prefix &gt; should NOT duplicate memory prefix if already present" time="0.000085542">
        </testcase>
        <testcase classname="tests/unit/aiResponsePostProcessor.test.js" name="aiResponsePostProcessor &gt; External Sources Prefix &gt; should add external prefix when external sources are used" time="0.000149625">
        </testcase>
        <testcase classname="tests/unit/aiResponsePostProcessor.test.js" name="aiResponsePostProcessor &gt; External Sources Prefix &gt; should NOT add external prefix when no external sources" time="0.000112209">
        </testcase>
        <testcase classname="tests/unit/aiResponsePostProcessor.test.js" name="aiResponsePostProcessor &gt; External Sources Prefix &gt; should NOT duplicate external prefix if already present" time="0.000069209">
        </testcase>
        <testcase classname="tests/unit/aiResponsePostProcessor.test.js" name="aiResponsePostProcessor &gt; Combined Prefixes &gt; should add both prefixes when both memory and external sources exist" time="0.000076209">
        </testcase>
        <testcase classname="tests/unit/aiResponsePostProcessor.test.js" name="aiResponsePostProcessor &gt; Combined Prefixes &gt; should maintain correct order: memory first, then external" time="0.000065708">
        </testcase>
        <testcase classname="tests/unit/aiResponsePostProcessor.test.js" name="aiResponsePostProcessor &gt; Edge Cases &gt; should handle empty response safely" time="0.000046167">
        </testcase>
        <testcase classname="tests/unit/aiResponsePostProcessor.test.js" name="aiResponsePostProcessor &gt; Edge Cases &gt; should handle null response safely" time="0.000049125">
        </testcase>
        <testcase classname="tests/unit/aiResponsePostProcessor.test.js" name="aiResponsePostProcessor &gt; Edge Cases &gt; should handle undefined context safely" time="0.000033375">
        </testcase>
        <testcase classname="tests/unit/aiResponsePostProcessor.test.js" name="aiResponsePostProcessor &gt; Edge Cases &gt; should handle null context safely" time="0.000026625">
        </testcase>
        <testcase classname="tests/unit/aiResponsePostProcessor.test.js" name="aiResponsePostProcessor &gt; Edge Cases &gt; should trim whitespace from response" time="0.000031541">
        </testcase>
        <testcase classname="tests/unit/aiResponsePostProcessor.test.js" name="aiResponsePostProcessor &gt; Helper Functions &gt; getMemoryCount &gt; should count previous decisions" time="0.000035458">
        </testcase>
        <testcase classname="tests/unit/aiResponsePostProcessor.test.js" name="aiResponsePostProcessor &gt; Helper Functions &gt; getMemoryCount &gt; should return memoryCount from projectMemory" time="0.000042375">
        </testcase>
        <testcase classname="tests/unit/aiResponsePostProcessor.test.js" name="aiResponsePostProcessor &gt; Helper Functions &gt; getMemoryCount &gt; should return 1 when PMO health snapshot exists" time="0.000035958">
        </testcase>
        <testcase classname="tests/unit/aiResponsePostProcessor.test.js" name="aiResponsePostProcessor &gt; Helper Functions &gt; getExternalSources &gt; should return externalSourcesUsed array" time="0.000296084">
        </testcase>
        <testcase classname="tests/unit/aiResponsePostProcessor.test.js" name="aiResponsePostProcessor &gt; Helper Functions &gt; getExternalSources &gt; should derive sources from fetchedData" time="0.000341875">
        </testcase>
        <testcase classname="tests/unit/aiResponsePostProcessor.test.js" name="aiResponsePostProcessor &gt; Helper Functions &gt; stripPrefixes &gt; should remove memory and external prefixes" time="0.000092125">
        </testcase>
        <testcase classname="tests/unit/aiResponsePostProcessor.test.js" name="aiResponsePostProcessor &gt; Helper Functions &gt; stripPrefixes &gt; should handle text without prefixes" time="0.000041292">
        </testcase>
    </testsuite>
    <testsuite name="tests/unit/aiRoleGuard.test.js" timestamp="2026-01-01T00:57:06.354Z" hostname="MacBook-Pro-Piotr.local" tests="16" failures="0" errors="0" skipped="0" time="0.317407458">
        <testcase classname="tests/unit/aiRoleGuard.test.js" name="AI Role Guard &gt; Role Definitions &gt; should define three roles in correct hierarchy" time="0.000768916">
        </testcase>
        <testcase classname="tests/unit/aiRoleGuard.test.js" name="AI Role Guard &gt; Role Definitions &gt; should define capabilities for each role" time="0.00018725">
        </testcase>
        <testcase classname="tests/unit/aiRoleGuard.test.js" name="AI Role Guard &gt; Role Descriptions &gt; should return correct description for each role" time="0.000409917">
        </testcase>
        <testcase classname="tests/unit/aiRoleGuard.test.js" name="AI Role Guard &gt; Role Descriptions &gt; should default to ADVISOR description for unknown role" time="0.000516667">
        </testcase>
        <testcase classname="tests/unit/aiRoleGuard.test.js" name="AI Role Guard &gt; Action Capability Checks &gt; ADVISOR Role &gt; should allow explain actions" time="0.000249583">
        </testcase>
        <testcase classname="tests/unit/aiRoleGuard.test.js" name="AI Role Guard &gt; Action Capability Checks &gt; ADVISOR Role &gt; should block draft creation" time="0.000090041">
        </testcase>
        <testcase classname="tests/unit/aiRoleGuard.test.js" name="AI Role Guard &gt; Action Capability Checks &gt; ADVISOR Role &gt; should block execution actions" time="0.000057792">
        </testcase>
        <testcase classname="tests/unit/aiRoleGuard.test.js" name="AI Role Guard &gt; Action Capability Checks &gt; MANAGER Role &gt; should allow draft creation with approval required" time="0.000064666">
        </testcase>
        <testcase classname="tests/unit/aiRoleGuard.test.js" name="AI Role Guard &gt; Action Capability Checks &gt; MANAGER Role &gt; should block execution actions" time="0.000054167">
        </testcase>
        <testcase classname="tests/unit/aiRoleGuard.test.js" name="AI Role Guard &gt; Action Capability Checks &gt; OPERATOR Role &gt; should allow execution actions" time="0.000076708">
        </testcase>
        <testcase classname="tests/unit/aiRoleGuard.test.js" name="AI Role Guard &gt; Action Capability Checks &gt; OPERATOR Role &gt; should allow entity modifications" time="0.000048625">
        </testcase>
        <testcase classname="tests/unit/aiRoleGuard.test.js" name="AI Role Guard &gt; Mutation Validation &gt; should block all mutations for ADVISOR" time="0.000073292">
        </testcase>
        <testcase classname="tests/unit/aiRoleGuard.test.js" name="AI Role Guard &gt; Mutation Validation &gt; should allow mutations as drafts for MANAGER" time="0.00005975">
        </testcase>
        <testcase classname="tests/unit/aiRoleGuard.test.js" name="AI Role Guard &gt; Mutation Validation &gt; should allow direct mutations for OPERATOR" time="0.000050709">
        </testcase>
        <testcase classname="tests/unit/aiRoleGuard.test.js" name="AI Role Guard &gt; isActionBlocked &gt; should return blocked with required role for insufficient permissions" time="0.000083125">
        </testcase>
        <testcase classname="tests/unit/aiRoleGuard.test.js" name="AI Role Guard &gt; isActionBlocked &gt; should return not blocked for allowed actions" time="0.000040333">
        </testcase>
    </testsuite>
    <testsuite name="tests/unit/analytics.service.test.ts" timestamp="2026-01-01T00:57:06.355Z" hostname="MacBook-Pro-Piotr.local" tests="8" failures="0" errors="0" skipped="0" time="0.349952834">
        <testcase classname="tests/unit/analytics.service.test.ts" name="Service Test: Analytics &gt; calculateAnalytics &gt; calculates analytics for empty arrays" time="0.000680541">
        </testcase>
        <testcase classname="tests/unit/analytics.service.test.ts" name="Service Test: Analytics &gt; calculateAnalytics &gt; calculates completion rate correctly" time="0.000165">
        </testcase>
        <testcase classname="tests/unit/analytics.service.test.ts" name="Service Test: Analytics &gt; calculateAnalytics &gt; calculates initiative statistics" time="0.000172625">
        </testcase>
        <testcase classname="tests/unit/analytics.service.test.ts" name="Service Test: Analytics &gt; calculateAnalytics &gt; calculates total cost and benefit" time="0.000071416">
        </testcase>
        <testcase classname="tests/unit/analytics.service.test.ts" name="Service Test: Analytics &gt; generateBurnDownData &gt; generates burn down data for date range" time="0.000227542">
        </testcase>
        <testcase classname="tests/unit/analytics.service.test.ts" name="Service Test: Analytics &gt; generateBurnDownData &gt; handles empty task list" time="0.00005675">
        </testcase>
        <testcase classname="tests/unit/analytics.service.test.ts" name="Service Test: Analytics &gt; generateVelocityData &gt; generates velocity data for specified weeks" time="0.00014875">
        </testcase>
        <testcase classname="tests/unit/analytics.service.test.ts" name="Service Test: Analytics &gt; generateVelocityData &gt; uses default 8 weeks when not specified" time="0.000138166">
        </testcase>
    </testsuite>
    <testsuite name="tests/unit/api.service.test.ts" timestamp="2026-01-01T00:57:06.356Z" hostname="MacBook-Pro-Piotr.local" tests="1" failures="0" errors="0" skipped="1" time="0">
        <testcase classname="tests/unit/api.service.test.ts" name="API Service Tests &gt; should be implemented" time="0">
            <skipped/>
        </testcase>
    </testsuite>
    <testsuite name="tests/unit/asyncJobService.test.js" timestamp="2026-01-01T00:57:06.356Z" hostname="MacBook-Pro-Piotr.local" tests="16" failures="0" errors="0" skipped="0" time="0.696580792">
        <testcase classname="tests/unit/asyncJobService.test.js" name="AsyncJobService Constants and Logic &gt; JOB_TYPES Constants &gt; should export EXECUTE_DECISION type" time="0.093283541">
            <system-out>
[Queue] Using Mock Queue for ai-tasks

            </system-out>
        </testcase>
        <testcase classname="tests/unit/asyncJobService.test.js" name="AsyncJobService Constants and Logic &gt; JOB_TYPES Constants &gt; should export ADVANCE_PLAYBOOK_STEP type" time="0.001922417">
        </testcase>
        <testcase classname="tests/unit/asyncJobService.test.js" name="AsyncJobService Constants and Logic &gt; JOB_STATUSES Constants &gt; should export all required statuses" time="0.00148075">
        </testcase>
        <testcase classname="tests/unit/asyncJobService.test.js" name="AsyncJobService Constants and Logic &gt; JOB_STATUSES Constants &gt; should have 6 status types" time="0.003862916">
        </testcase>
        <testcase classname="tests/unit/asyncJobService.test.js" name="AsyncJobService Constants and Logic &gt; Service Methods Existence &gt; should export enqueueActionExecution" time="0.002733208">
        </testcase>
        <testcase classname="tests/unit/asyncJobService.test.js" name="AsyncJobService Constants and Logic &gt; Service Methods Existence &gt; should export enqueuePlaybookAdvance" time="0.001482">
        </testcase>
        <testcase classname="tests/unit/asyncJobService.test.js" name="AsyncJobService Constants and Logic &gt; Service Methods Existence &gt; should export getJob" time="0.002162959">
        </testcase>
        <testcase classname="tests/unit/asyncJobService.test.js" name="AsyncJobService Constants and Logic &gt; Service Methods Existence &gt; should export listJobs" time="0.002332458">
        </testcase>
        <testcase classname="tests/unit/asyncJobService.test.js" name="AsyncJobService Constants and Logic &gt; Service Methods Existence &gt; should export retryJob" time="0.001111125">
        </testcase>
        <testcase classname="tests/unit/asyncJobService.test.js" name="AsyncJobService Constants and Logic &gt; Service Methods Existence &gt; should export cancelJob" time="0.001490167">
        </testcase>
        <testcase classname="tests/unit/asyncJobService.test.js" name="AsyncJobService Constants and Logic &gt; Service Methods Existence &gt; should export updateJobStatus" time="0.001245667">
        </testcase>
        <testcase classname="tests/unit/asyncJobService.test.js" name="AsyncJobService Constants and Logic &gt; Service Methods Existence &gt; should export markDeadLetter" time="0.001621583">
        </testcase>
        <testcase classname="tests/unit/asyncJobService.test.js" name="AsyncJobService Constants and Logic &gt; Service Methods Existence &gt; should export incrementAttempts" time="0.000947083">
        </testcase>
        <testcase classname="tests/unit/asyncJobService.test.js" name="Action Error Codes &gt; should include async job error codes" time="0.004128125">
        </testcase>
        <testcase classname="tests/unit/asyncJobService.test.js" name="AsyncJobProcessor &gt; should export processDecisionExecution" time="0.335305666">
            <system-out>
[Redis] Module loaded successfully
[Redis] Initializing client...
[Redis] Using Mock Client

            </system-out>
        </testcase>
        <testcase classname="tests/unit/asyncJobService.test.js" name="AsyncJobProcessor &gt; should export processPlaybookAdvance" time="0.0011215">
        </testcase>
    </testsuite>
    <testsuite name="tests/unit/breakGlassService.test.js" timestamp="2026-01-01T00:57:06.357Z" hostname="MacBook-Pro-Piotr.local" tests="15" failures="0" errors="0" skipped="0" time="0.280603542">
        <testcase classname="tests/unit/breakGlassService.test.js" name="BreakGlassService &gt; SCOPES &gt; should define all break-glass scopes" time="0.000650541">
        </testcase>
        <testcase classname="tests/unit/breakGlassService.test.js" name="BreakGlassService &gt; DEFAULT_DURATION_MINUTES &gt; should be 2 hours (120 minutes)" time="0.000100209">
        </testcase>
        <testcase classname="tests/unit/breakGlassService.test.js" name="BreakGlassService &gt; MAX_DURATION_MINUTES &gt; should be 24 hours (1440 minutes)" time="0.000072792">
        </testcase>
        <testcase classname="tests/unit/breakGlassService.test.js" name="BreakGlassService &gt; startSession &gt; should throw error for missing required parameters" time="0.001184334">
        </testcase>
        <testcase classname="tests/unit/breakGlassService.test.js" name="BreakGlassService &gt; startSession &gt; should throw error for invalid scope" time="0.00018775">
        </testcase>
        <testcase classname="tests/unit/breakGlassService.test.js" name="BreakGlassService &gt; startSession &gt; should throw error if session already exists for scope" time="0.000303916">
        </testcase>
        <testcase classname="tests/unit/breakGlassService.test.js" name="BreakGlassService &gt; startSession &gt; should create session successfully" time="0.000311291">
            <system-out>
[BreakGlass] Session started: test-uuid-1234 (scope: policy_engine_disabled) by user-1

            </system-out>
        </testcase>
        <testcase classname="tests/unit/breakGlassService.test.js" name="BreakGlassService &gt; startSession &gt; should cap duration at MAX_DURATION_MINUTES" time="0.000167917">
            <system-out>
[BreakGlass] Session started: test-uuid-1234 (scope: emergency_access) by user-1

            </system-out>
        </testcase>
        <testcase classname="tests/unit/breakGlassService.test.js" name="BreakGlassService &gt; closeSession &gt; should throw error for non-existent session" time="0.000177875">
        </testcase>
        <testcase classname="tests/unit/breakGlassService.test.js" name="BreakGlassService &gt; closeSession &gt; should throw error for already closed session" time="0.00014125">
        </testcase>
        <testcase classname="tests/unit/breakGlassService.test.js" name="BreakGlassService &gt; closeSession &gt; should close session successfully" time="0.000198875">
            <system-out>
[BreakGlass] Session closed: session-1 by user-1

            </system-out>
        </testcase>
        <testcase classname="tests/unit/breakGlassService.test.js" name="BreakGlassService &gt; isBreakGlassActive &gt; should return false when no active session" time="0.000073375">
        </testcase>
        <testcase classname="tests/unit/breakGlassService.test.js" name="BreakGlassService &gt; isBreakGlassActive &gt; should return true when active session exists" time="0.00004725">
        </testcase>
        <testcase classname="tests/unit/breakGlassService.test.js" name="BreakGlassService &gt; getActiveSessions &gt; should return empty array when no sessions" time="0.000276292">
        </testcase>
        <testcase classname="tests/unit/breakGlassService.test.js" name="BreakGlassService &gt; getActiveSessions &gt; should return active sessions" time="0.000318542">
        </testcase>
    </testsuite>
    <testsuite name="tests/unit/connectorAdapter.test.js" timestamp="2026-01-01T00:57:06.358Z" hostname="MacBook-Pro-Piotr.local" tests="11" failures="0" errors="0" skipped="0" time="0.315241708">
        <testcase classname="tests/unit/connectorAdapter.test.js" name="ConnectorAdapter &gt; Dry-run Mode &gt; should return plan without execution in dry-run mode" time="0.008971125">
        </testcase>
        <testcase classname="tests/unit/connectorAdapter.test.js" name="ConnectorAdapter &gt; Dry-run Mode &gt; should respect sandbox_mode flag on config" time="0.000424875">
        </testcase>
        <testcase classname="tests/unit/connectorAdapter.test.js" name="ConnectorAdapter &gt; Error Handling &gt; should return error for unknown connector" time="0.000276209">
        </testcase>
        <testcase classname="tests/unit/connectorAdapter.test.js" name="ConnectorAdapter &gt; Error Handling &gt; should return error for unsupported action" time="0.000207875">
        </testcase>
        <testcase classname="tests/unit/connectorAdapter.test.js" name="ConnectorAdapter &gt; Error Handling &gt; should return error when connector not configured" time="0.000184125">
        </testcase>
        <testcase classname="tests/unit/connectorAdapter.test.js" name="ConnectorAdapter &gt; Error Handling &gt; should return error when connector disconnected" time="0.000156792">
        </testcase>
        <testcase classname="tests/unit/connectorAdapter.test.js" name="ConnectorAdapter &gt; Plan Generation &gt; should generate Jira plan for issue_create" time="0.000550792">
        </testcase>
        <testcase classname="tests/unit/connectorAdapter.test.js" name="ConnectorAdapter &gt; Plan Generation &gt; should generate Slack plan for message_send" time="0.000199375">
        </testcase>
        <testcase classname="tests/unit/connectorAdapter.test.js" name="ConnectorAdapter &gt; Plan Generation &gt; should generate Google Calendar plan for event_create" time="0.000185625">
        </testcase>
        <testcase classname="tests/unit/connectorAdapter.test.js" name="ConnectorAdapter &gt; Execution (Mock) &gt; should execute Slack message_send successfully" time="0.00022525">
        </testcase>
        <testcase classname="tests/unit/connectorAdapter.test.js" name="ConnectorAdapter &gt; Execution (Mock) &gt; should include duration_ms in result" time="0.00010225">
        </testcase>
    </testsuite>
    <testsuite name="tests/unit/connectorRegistry.test.js" timestamp="2026-01-01T00:57:06.358Z" hostname="MacBook-Pro-Piotr.local" tests="14" failures="0" errors="0" skipped="0" time="0.218432334">
        <testcase classname="tests/unit/connectorRegistry.test.js" name="ConnectorRegistry &gt; getAllConnectors &gt; should return all available connectors" time="0.001853875">
        </testcase>
        <testcase classname="tests/unit/connectorRegistry.test.js" name="ConnectorRegistry &gt; getConnector &gt; should return connector by key" time="0.000177625">
        </testcase>
        <testcase classname="tests/unit/connectorRegistry.test.js" name="ConnectorRegistry &gt; getConnector &gt; should return null for unknown connector" time="0.000071333">
        </testcase>
        <testcase classname="tests/unit/connectorRegistry.test.js" name="ConnectorRegistry &gt; getConnectorsByCategory &gt; should return connectors filtered by category" time="0.000103458">
        </testcase>
        <testcase classname="tests/unit/connectorRegistry.test.js" name="ConnectorRegistry &gt; getConnectorsByCategory &gt; should return empty array for unknown category" time="0.000260375">
        </testcase>
        <testcase classname="tests/unit/connectorRegistry.test.js" name="ConnectorRegistry &gt; hasCapability &gt; should return true for supported capability" time="0.000085875">
        </testcase>
        <testcase classname="tests/unit/connectorRegistry.test.js" name="ConnectorRegistry &gt; hasCapability &gt; should return false for unsupported capability" time="0.000054791">
        </testcase>
        <testcase classname="tests/unit/connectorRegistry.test.js" name="ConnectorRegistry &gt; hasCapability &gt; should return false for unknown connector" time="0.000038209">
        </testcase>
        <testcase classname="tests/unit/connectorRegistry.test.js" name="ConnectorRegistry &gt; validateCredentials &gt; should validate all required credentials present" time="0.000086667">
        </testcase>
        <testcase classname="tests/unit/connectorRegistry.test.js" name="ConnectorRegistry &gt; validateCredentials &gt; should identify missing required credentials" time="0.000110792">
        </testcase>
        <testcase classname="tests/unit/connectorRegistry.test.js" name="ConnectorRegistry &gt; validateCredentials &gt; should handle unknown connector" time="0.000053375">
        </testcase>
        <testcase classname="tests/unit/connectorRegistry.test.js" name="ConnectorRegistry &gt; getRequiredCredentials &gt; should return required credentials for connector" time="0.000048708">
        </testcase>
        <testcase classname="tests/unit/connectorRegistry.test.js" name="ConnectorRegistry &gt; getRequiredCredentials &gt; should return empty array for unknown connector" time="0.000035666">
        </testcase>
        <testcase classname="tests/unit/connectorRegistry.test.js" name="ConnectorRegistry &gt; getAllCategories &gt; should return all categories" time="0.000100875">
        </testcase>
    </testsuite>
    <testsuite name="tests/unit/demoGuard.test.js" timestamp="2026-01-01T00:57:06.359Z" hostname="MacBook-Pro-Piotr.local" tests="6" failures="0" errors="0" skipped="0" time="0.382112959">
        <testcase classname="tests/unit/demoGuard.test.js" name="Demo Guard Middleware &gt; should allow regular users to perform write operations" time="0.011799292">
        </testcase>
        <testcase classname="tests/unit/demoGuard.test.js" name="Demo Guard Middleware &gt; should allow demo users to perform read operations" time="0.001687791">
        </testcase>
        <testcase classname="tests/unit/demoGuard.test.js" name="Demo Guard Middleware &gt; should BLOCK demo users from performing write operations on protected routes" time="0.001418458">
            <system-err>
[DemoGuard] Blocked POST /api/tasks for Demo User undefined (Action: CREATE_TASKS)

            </system-err>
        </testcase>
        <testcase classname="tests/unit/demoGuard.test.js" name="Demo Guard Middleware &gt; should ALLOW demo users to perform write operations on ALLOWED routes (AI Chat)" time="0.001028916">
        </testcase>
        <testcase classname="tests/unit/demoGuard.test.js" name="Demo Guard Middleware &gt; should ALLOW demo users to perform write operations on ALLOWED routes (Logout)" time="0.000968792">
        </testcase>
        <testcase classname="tests/unit/demoGuard.test.js" name="Demo Guard Middleware &gt; should passthrough if no user matches (unauthenticated requests handled elsewhere)" time="0.003048333">
        </testcase>
    </testsuite>
    <testsuite name="tests/unit/demoIsolation.test.js" timestamp="2026-01-01T00:57:06.360Z" hostname="MacBook-Pro-Piotr.local" tests="3" failures="0" errors="0" skipped="0" time="0.303256959">
        <testcase classname="tests/unit/demoIsolation.test.js" name="Demo Guard Isolation Extension &gt; should allow Normal GET for demo user" time="0.007261833">
        </testcase>
        <testcase classname="tests/unit/demoIsolation.test.js" name="Demo Guard Isolation Extension &gt; should BLOCK demo user if they try to switch context via Query Param" time="0.00171575">
            <system-err>
[DemoGuard] Blocked cross-tenant access attempt by Demo User undefined (Target: org-real, Actual: org-demo)

            </system-err>
        </testcase>
        <testcase classname="tests/unit/demoIsolation.test.js" name="Demo Guard Isolation Extension &gt; should BLOCK demo user if they try to switch context via Body" time="0.005091208">
            <system-err>
[DemoGuard] Blocked cross-tenant access attempt by Demo User undefined (Target: org-real, Actual: org-demo)

            </system-err>
        </testcase>
    </testsuite>
    <testsuite name="tests/unit/drdStructure.test.ts" timestamp="2026-01-01T00:57:06.360Z" hostname="MacBook-Pro-Piotr.local" tests="1" failures="1" errors="0" skipped="0" time="0">
        <testcase classname="tests/unit/drdStructure.test.ts" name="tests/unit/drdStructure.test.ts" time="0">
            <failure message="Failed to resolve import &quot;../drd_data.json&quot; from &quot;services/drdStructure.ts&quot;. Does the file exist?" type="Error">
Error: Failed to resolve import &quot;../drd_data.json&quot; from &quot;services/drdStructure.ts&quot;. Does the file exist?
  Plugin: vite:import-analysis
  File: /Users/piotrwisniewski/Documents/Antygracity/DRD/consultify/services/drdStructure.ts:1:20
  1  |  import rawData from &quot;../drd_data.json&quot;;
     |                       ^
  2  |  const typedData = rawData;
  3  |  let axis7 = typedData.find((a) =&gt; a.id === 7);
 ❯ TransformPluginContext._formatLog node_modules/vite/dist/node/chunks/dep-D4NMHUTW.js:42528:41
 ❯ TransformPluginContext.error node_modules/vite/dist/node/chunks/dep-D4NMHUTW.js:42525:16
 ❯ normalizeUrl node_modules/vite/dist/node/chunks/dep-D4NMHUTW.js:40504:23
 ❯ node_modules/vite/dist/node/chunks/dep-D4NMHUTW.js:40623:37
 ❯ TransformPluginContext.transform node_modules/vite/dist/node/chunks/dep-D4NMHUTW.js:40550:7
 ❯ EnvironmentPluginContainer.transform node_modules/vite/dist/node/chunks/dep-D4NMHUTW.js:42323:18
 ❯ loadAndTransform node_modules/vite/dist/node/chunks/dep-D4NMHUTW.js:35739:27
            </failure>
        </testcase>
    </testsuite>
    <testsuite name="tests/unit/governanceAudit.test.js" timestamp="2026-01-01T00:57:06.361Z" hostname="MacBook-Pro-Piotr.local" tests="8" failures="0" errors="0" skipped="0" time="0.346648375">
        <testcase classname="tests/unit/governanceAudit.test.js" name="GovernanceAuditService &gt; logAudit &gt; should throw error for missing required parameters" time="0.001281334">
        </testcase>
        <testcase classname="tests/unit/governanceAudit.test.js" name="GovernanceAuditService &gt; logAudit &gt; should throw error for invalid action" time="0.000225">
        </testcase>
        <testcase classname="tests/unit/governanceAudit.test.js" name="GovernanceAuditService &gt; logAudit &gt; should log audit entry successfully" time="0.000794916">
            <system-out>
[GovernanceAudit] Logged: CREATE on POLICY_RULE/rule-1 by user-1

            </system-out>
        </testcase>
        <testcase classname="tests/unit/governanceAudit.test.js" name="GovernanceAuditService &gt; getAuditLog &gt; should query with organization filter" time="0.000234167">
        </testcase>
        <testcase classname="tests/unit/governanceAudit.test.js" name="GovernanceAuditService &gt; getAuditLog &gt; should bypass org filter for superadmin" time="0.000148333">
        </testcase>
        <testcase classname="tests/unit/governanceAudit.test.js" name="GovernanceAuditService &gt; getAuditLog &gt; should support action filter" time="0.000341042">
        </testcase>
        <testcase classname="tests/unit/governanceAudit.test.js" name="GovernanceAuditService &gt; exportAuditLog &gt; should export as JSON by default" time="0.000147625">
        </testcase>
        <testcase classname="tests/unit/governanceAudit.test.js" name="GovernanceAuditService &gt; exportAuditLog &gt; should export as CSV when specified" time="0.000157458">
        </testcase>
    </testsuite>
    <testsuite name="tests/unit/helpFeedback.test.js" timestamp="2026-01-01T00:57:06.361Z" hostname="MacBook-Pro-Piotr.local" tests="25" failures="11" errors="0" skipped="0" time="0.411517">
        <testcase classname="tests/unit/helpFeedback.test.js" name="Help Feedback API &gt; POST /api/help/feedback &gt; should create feedback successfully" time="0.021349709">
            <failure message="expected 400 to be 201 // Object.is equality" type="AssertionError">
AssertionError: expected 400 to be 201 // Object.is equality

- Expected
+ Received

- 201
+ 400

 ❯ tests/unit/helpFeedback.test.js:63:37
            </failure>
        </testcase>
        <testcase classname="tests/unit/helpFeedback.test.js" name="Help Feedback API &gt; POST /api/help/feedback &gt; should validate required fields" time="0.001781542">
        </testcase>
        <testcase classname="tests/unit/helpFeedback.test.js" name="Help Feedback API &gt; POST /api/help/feedback &gt; should validate content_type enum" time="0.002265625">
        </testcase>
        <testcase classname="tests/unit/helpFeedback.test.js" name="Help Feedback API &gt; POST /api/help/feedback &gt; should validate rating range (1-5)" time="0.001321958">
        </testcase>
        <testcase classname="tests/unit/helpFeedback.test.js" name="Help Feedback API &gt; POST /api/help/feedback &gt; should allow feedback without comment" time="0.0018245">
            <failure message="expected 400 to be 201 // Object.is equality" type="AssertionError">
AssertionError: expected 400 to be 201 // Object.is equality

- Expected
+ Received

- 201
+ 400

 ❯ tests/unit/helpFeedback.test.js:108:37
            </failure>
        </testcase>
        <testcase classname="tests/unit/helpFeedback.test.js" name="Help Feedback API &gt; GET /api/help/feedback/stats &gt; should return feedback statistics" time="0.001052125">
            <failure message="db.get.mockResolvedValue is not a function" type="TypeError">
TypeError: db.get.mockResolvedValue is not a function
 ❯ tests/unit/helpFeedback.test.js:123:20
            </failure>
        </testcase>
        <testcase classname="tests/unit/helpFeedback.test.js" name="Help Feedback API &gt; GET /api/help/feedback/stats &gt; should accept days query parameter" time="0.000449083">
            <failure message="db.get.mockResolvedValue is not a function" type="TypeError">
TypeError: db.get.mockResolvedValue is not a function
 ❯ tests/unit/helpFeedback.test.js:123:20
            </failure>
        </testcase>
        <testcase classname="tests/unit/helpFeedback.test.js" name="Help Feedback API &gt; GET /api/help/feedback/stats &gt; should accept content_type filter" time="0.000238583">
            <failure message="db.get.mockResolvedValue is not a function" type="TypeError">
TypeError: db.get.mockResolvedValue is not a function
 ❯ tests/unit/helpFeedback.test.js:123:20
            </failure>
        </testcase>
        <testcase classname="tests/unit/helpFeedback.test.js" name="Help Feedback API &gt; POST /api/help/analytics/event &gt; should track view event" time="0.001649792">
            <failure message="expected 400 to be 201 // Object.is equality" type="AssertionError">
AssertionError: expected 400 to be 201 // Object.is equality

- Expected
+ Received

- 201
+ 400

 ❯ tests/unit/helpFeedback.test.js:164:37
            </failure>
        </testcase>
        <testcase classname="tests/unit/helpFeedback.test.js" name="Help Feedback API &gt; POST /api/help/analytics/event &gt; should track search event" time="0.005355167">
            <failure message="expected 400 to be 201 // Object.is equality" type="AssertionError">
AssertionError: expected 400 to be 201 // Object.is equality

- Expected
+ Received

- 201
+ 400

 ❯ tests/unit/helpFeedback.test.js:175:37
            </failure>
        </testcase>
        <testcase classname="tests/unit/helpFeedback.test.js" name="Help Feedback API &gt; POST /api/help/analytics/event &gt; should track video complete event" time="0.001412041">
            <failure message="expected 400 to be 201 // Object.is equality" type="AssertionError">
AssertionError: expected 400 to be 201 // Object.is equality

- Expected
+ Received

- 201
+ 400

 ❯ tests/unit/helpFeedback.test.js:188:37
            </failure>
        </testcase>
        <testcase classname="tests/unit/helpFeedback.test.js" name="Help Feedback API &gt; POST /api/help/analytics/event &gt; should validate event_type" time="0.001926">
        </testcase>
        <testcase classname="tests/unit/helpFeedback.test.js" name="Help Feedback API &gt; POST /api/help/analytics/event &gt; should include session_id if provided" time="0.001568875">
            <failure message="expected 400 to be 201 // Object.is equality" type="AssertionError">
AssertionError: expected 400 to be 201 // Object.is equality

- Expected
+ Received

- 201
+ 400

 ❯ tests/unit/helpFeedback.test.js:213:37
            </failure>
        </testcase>
        <testcase classname="tests/unit/helpFeedback.test.js" name="Help Feedback API &gt; GET /api/help/analytics/summary &gt; should return analytics summary" time="0.000269958">
            <failure message="db.all.mockResolvedValue is not a function" type="TypeError">
TypeError: db.all.mockResolvedValue is not a function
 ❯ tests/unit/helpFeedback.test.js:220:20
            </failure>
        </testcase>
        <testcase classname="tests/unit/helpFeedback.test.js" name="Help Feedback API &gt; GET /api/help/analytics/summary &gt; should accept date range parameters" time="0.000161042">
            <failure message="db.all.mockResolvedValue is not a function" type="TypeError">
TypeError: db.all.mockResolvedValue is not a function
 ❯ tests/unit/helpFeedback.test.js:220:20
            </failure>
        </testcase>
        <testcase classname="tests/unit/helpFeedback.test.js" name="Feedback Service &gt; validateFeedback &gt; should accept valid content types" time="0.00007775">
        </testcase>
        <testcase classname="tests/unit/helpFeedback.test.js" name="Feedback Service &gt; validateFeedback &gt; should accept valid ratings" time="0.000064167">
        </testcase>
        <testcase classname="tests/unit/helpFeedback.test.js" name="Feedback Service &gt; validateFeedback &gt; should handle boolean is_helpful values" time="0.000041583">
        </testcase>
        <testcase classname="tests/unit/helpFeedback.test.js" name="Feedback Service &gt; sanitizeComment &gt; should trim whitespace" time="0.000028375">
        </testcase>
        <testcase classname="tests/unit/helpFeedback.test.js" name="Feedback Service &gt; sanitizeComment &gt; should handle null/undefined comments" time="0.000038083">
        </testcase>
        <testcase classname="tests/unit/helpFeedback.test.js" name="Feedback Service &gt; sanitizeComment &gt; should respect max length" time="0.000031542">
        </testcase>
        <testcase classname="tests/unit/helpFeedback.test.js" name="Analytics Service &gt; event types &gt; should define all expected event types" time="0.000316833">
        </testcase>
        <testcase classname="tests/unit/helpFeedback.test.js" name="Analytics Service &gt; metadata handling &gt; should serialize metadata to JSON" time="0.000037041">
        </testcase>
        <testcase classname="tests/unit/helpFeedback.test.js" name="Analytics Service &gt; metadata handling &gt; should handle empty metadata" time="0.000024125">
        </testcase>
        <testcase classname="tests/unit/helpFeedback.test.js" name="Analytics Service &gt; metadata handling &gt; should handle null metadata" time="0.000021834">
        </testcase>
    </testsuite>
    <testsuite name="tests/unit/helpSearchService.test.ts" timestamp="2026-01-01T00:57:06.364Z" hostname="MacBook-Pro-Piotr.local" tests="25" failures="21" errors="0" skipped="0" time="0.343323166">
        <testcase classname="tests/unit/helpSearchService.test.ts" name="HelpSearchService &gt; buildIndex &gt; should build index from modules, cards, and FAQs" time="0.002591375">
            <failure message="Cannot read properties of undefined (reading &apos;en&apos;)" type="TypeError">
TypeError: Cannot read properties of undefined (reading &apos;en&apos;)
 ❯ services/helpSearchService.ts:151:25
 ❯ buildSearchIndex services/helpSearchService.ts:149:41
 ❯ Object.getSearchIndex services/helpSearchService.ts:252:16
 ❯ tests/unit/helpSearchService.test.ts:17:41
            </failure>
        </testcase>
        <testcase classname="tests/unit/helpSearchService.test.ts" name="HelpSearchService &gt; buildIndex &gt; should include all expected module IDs" time="0.000313292">
            <failure message="Cannot read properties of undefined (reading &apos;en&apos;)" type="TypeError">
TypeError: Cannot read properties of undefined (reading &apos;en&apos;)
 ❯ services/helpSearchService.ts:151:25
 ❯ buildSearchIndex services/helpSearchService.ts:149:41
 ❯ Object.getSearchIndex services/helpSearchService.ts:252:16
 ❯ tests/unit/helpSearchService.test.ts:25:41
            </failure>
        </testcase>
        <testcase classname="tests/unit/helpSearchService.test.ts" name="HelpSearchService &gt; buildIndex &gt; should include searchable text for each item" time="0.000191458">
            <failure message="Cannot read properties of undefined (reading &apos;en&apos;)" type="TypeError">
TypeError: Cannot read properties of undefined (reading &apos;en&apos;)
 ❯ services/helpSearchService.ts:151:25
 ❯ buildSearchIndex services/helpSearchService.ts:149:41
 ❯ Object.getSearchIndex services/helpSearchService.ts:252:16
 ❯ tests/unit/helpSearchService.test.ts:34:41
            </failure>
        </testcase>
        <testcase classname="tests/unit/helpSearchService.test.ts" name="HelpSearchService &gt; search &gt; should return results for valid queries" time="0.000189375">
            <failure message="Cannot read properties of undefined (reading &apos;en&apos;)" type="TypeError">
TypeError: Cannot read properties of undefined (reading &apos;en&apos;)
 ❯ services/helpSearchService.ts:151:25
 ❯ buildSearchIndex services/helpSearchService.ts:149:41
 ❯ getSearchIndex services/helpSearchService.ts:252:16
 ❯ Object.searchHelp services/helpSearchService.ts:280:19
 ❯ tests/unit/helpSearchService.test.ts:53:43
            </failure>
        </testcase>
        <testcase classname="tests/unit/helpSearchService.test.ts" name="HelpSearchService &gt; search &gt; should return empty array for empty query" time="0.0003565">
        </testcase>
        <testcase classname="tests/unit/helpSearchService.test.ts" name="HelpSearchService &gt; search &gt; should return empty array for whitespace-only query" time="0.00006225">
        </testcase>
        <testcase classname="tests/unit/helpSearchService.test.ts" name="HelpSearchService &gt; search &gt; should handle special characters in query" time="0.000116042">
            <failure message="Cannot read properties of undefined (reading &apos;en&apos;)" type="TypeError">
TypeError: Cannot read properties of undefined (reading &apos;en&apos;)
 ❯ services/helpSearchService.ts:151:25
 ❯ buildSearchIndex services/helpSearchService.ts:149:41
 ❯ getSearchIndex services/helpSearchService.ts:252:16
 ❯ Object.searchHelp services/helpSearchService.ts:280:19
 ❯ tests/unit/helpSearchService.test.ts:70:43
            </failure>
        </testcase>
        <testcase classname="tests/unit/helpSearchService.test.ts" name="HelpSearchService &gt; search &gt; should be case insensitive" time="0.00010675">
            <failure message="Cannot read properties of undefined (reading &apos;en&apos;)" type="TypeError">
TypeError: Cannot read properties of undefined (reading &apos;en&apos;)
 ❯ services/helpSearchService.ts:151:25
 ❯ buildSearchIndex services/helpSearchService.ts:149:41
 ❯ getSearchIndex services/helpSearchService.ts:252:16
 ❯ Object.searchHelp services/helpSearchService.ts:280:19
 ❯ tests/unit/helpSearchService.test.ts:76:48
            </failure>
        </testcase>
        <testcase classname="tests/unit/helpSearchService.test.ts" name="HelpSearchService &gt; search &gt; should prioritize exact matches" time="0.000104125">
            <failure message="Cannot read properties of undefined (reading &apos;en&apos;)" type="TypeError">
TypeError: Cannot read properties of undefined (reading &apos;en&apos;)
 ❯ services/helpSearchService.ts:151:25
 ❯ buildSearchIndex services/helpSearchService.ts:149:41
 ❯ getSearchIndex services/helpSearchService.ts:252:16
 ❯ Object.searchHelp services/helpSearchService.ts:280:19
 ❯ tests/unit/helpSearchService.test.ts:83:43
            </failure>
        </testcase>
        <testcase classname="tests/unit/helpSearchService.test.ts" name="HelpSearchService &gt; search &gt; should limit results to specified maximum" time="0.000085459">
        </testcase>
        <testcase classname="tests/unit/helpSearchService.test.ts" name="HelpSearchService &gt; search &gt; should filter by type when specified" time="0.000099916">
            <failure message="Cannot read properties of undefined (reading &apos;en&apos;)" type="TypeError">
TypeError: Cannot read properties of undefined (reading &apos;en&apos;)
 ❯ services/helpSearchService.ts:151:25
 ❯ buildSearchIndex services/helpSearchService.ts:149:41
 ❯ getSearchIndex services/helpSearchService.ts:252:16
 ❯ Object.searchHelp services/helpSearchService.ts:280:19
 ❯ tests/unit/helpSearchService.test.ts:100:43
            </failure>
        </testcase>
        <testcase classname="tests/unit/helpSearchService.test.ts" name="HelpSearchService &gt; search &gt; should include relevance score" time="0.00008425">
            <failure message="Cannot read properties of undefined (reading &apos;en&apos;)" type="TypeError">
TypeError: Cannot read properties of undefined (reading &apos;en&apos;)
 ❯ services/helpSearchService.ts:151:25
 ❯ buildSearchIndex services/helpSearchService.ts:149:41
 ❯ getSearchIndex services/helpSearchService.ts:252:16
 ❯ Object.searchHelp services/helpSearchService.ts:280:19
 ❯ tests/unit/helpSearchService.test.ts:108:43
            </failure>
        </testcase>
        <testcase classname="tests/unit/helpSearchService.test.ts" name="HelpSearchService &gt; search results structure &gt; should return properly structured results" time="0.000091167">
            <failure message="Cannot read properties of undefined (reading &apos;en&apos;)" type="TypeError">
TypeError: Cannot read properties of undefined (reading &apos;en&apos;)
 ❯ services/helpSearchService.ts:151:25
 ❯ buildSearchIndex services/helpSearchService.ts:149:41
 ❯ getSearchIndex services/helpSearchService.ts:252:16
 ❯ Object.searchHelp services/helpSearchService.ts:280:19
 ❯ tests/unit/helpSearchService.test.ts:120:43
            </failure>
        </testcase>
        <testcase classname="tests/unit/helpSearchService.test.ts" name="HelpSearchService &gt; search results structure &gt; should include moduleId for card results" time="0.000079667">
            <failure message="Cannot read properties of undefined (reading &apos;en&apos;)" type="TypeError">
TypeError: Cannot read properties of undefined (reading &apos;en&apos;)
 ❯ services/helpSearchService.ts:151:25
 ❯ buildSearchIndex services/helpSearchService.ts:149:41
 ❯ getSearchIndex services/helpSearchService.ts:252:16
 ❯ Object.searchHelp services/helpSearchService.ts:280:19
 ❯ tests/unit/helpSearchService.test.ts:134:43
            </failure>
        </testcase>
        <testcase classname="tests/unit/helpSearchService.test.ts" name="HelpSearchService &gt; search results structure &gt; should include answer for FAQ results" time="0.000075625">
            <failure message="Cannot read properties of undefined (reading &apos;en&apos;)" type="TypeError">
TypeError: Cannot read properties of undefined (reading &apos;en&apos;)
 ❯ services/helpSearchService.ts:151:25
 ❯ buildSearchIndex services/helpSearchService.ts:149:41
 ❯ getSearchIndex services/helpSearchService.ts:252:16
 ❯ Object.searchHelp services/helpSearchService.ts:280:19
 ❯ tests/unit/helpSearchService.test.ts:143:43
            </failure>
        </testcase>
        <testcase classname="tests/unit/helpSearchService.test.ts" name="HelpSearchService &gt; multilingual search &gt; should find results in English" time="0.000091833">
            <failure message="Cannot read properties of undefined (reading &apos;en&apos;)" type="TypeError">
TypeError: Cannot read properties of undefined (reading &apos;en&apos;)
 ❯ services/helpSearchService.ts:151:25
 ❯ buildSearchIndex services/helpSearchService.ts:149:41
 ❯ getSearchIndex services/helpSearchService.ts:252:16
 ❯ Object.searchHelp services/helpSearchService.ts:280:19
 ❯ tests/unit/helpSearchService.test.ts:154:43
            </failure>
        </testcase>
        <testcase classname="tests/unit/helpSearchService.test.ts" name="HelpSearchService &gt; multilingual search &gt; should find results in Polish" time="0.000078958">
            <failure message="Cannot read properties of undefined (reading &apos;en&apos;)" type="TypeError">
TypeError: Cannot read properties of undefined (reading &apos;en&apos;)
 ❯ services/helpSearchService.ts:151:25
 ❯ buildSearchIndex services/helpSearchService.ts:149:41
 ❯ getSearchIndex services/helpSearchService.ts:252:16
 ❯ Object.searchHelp services/helpSearchService.ts:280:19
 ❯ tests/unit/helpSearchService.test.ts:159:43
            </failure>
        </testcase>
        <testcase classname="tests/unit/helpSearchService.test.ts" name="HelpSearchService &gt; multilingual search &gt; should return titles in correct language" time="0.000085333">
            <failure message="Cannot read properties of undefined (reading &apos;en&apos;)" type="TypeError">
TypeError: Cannot read properties of undefined (reading &apos;en&apos;)
 ❯ services/helpSearchService.ts:151:25
 ❯ buildSearchIndex services/helpSearchService.ts:149:41
 ❯ getSearchIndex services/helpSearchService.ts:252:16
 ❯ Object.searchHelp services/helpSearchService.ts:280:19
 ❯ tests/unit/helpSearchService.test.ts:164:45
            </failure>
        </testcase>
        <testcase classname="tests/unit/helpSearchService.test.ts" name="HelpSearchService &gt; performance &gt; should complete search within 100ms" time="0.000088417">
            <failure message="Cannot read properties of undefined (reading &apos;en&apos;)" type="TypeError">
TypeError: Cannot read properties of undefined (reading &apos;en&apos;)
 ❯ services/helpSearchService.ts:151:25
 ❯ buildSearchIndex services/helpSearchService.ts:149:41
 ❯ getSearchIndex services/helpSearchService.ts:252:16
 ❯ Object.searchHelp services/helpSearchService.ts:280:19
 ❯ tests/unit/helpSearchService.test.ts:178:27
            </failure>
        </testcase>
        <testcase classname="tests/unit/helpSearchService.test.ts" name="HelpSearchService &gt; performance &gt; should handle multiple concurrent searches" time="0.000099375">
            <failure message="Cannot read properties of undefined (reading &apos;en&apos;)" type="TypeError">
TypeError: Cannot read properties of undefined (reading &apos;en&apos;)
 ❯ services/helpSearchService.ts:151:25
 ❯ buildSearchIndex services/helpSearchService.ts:149:41
 ❯ getSearchIndex services/helpSearchService.ts:252:16
 ❯ Object.searchHelp services/helpSearchService.ts:280:19
 ❯ tests/unit/helpSearchService.test.ts:188:64
 ❯ tests/unit/helpSearchService.test.ts:188:25
            </failure>
        </testcase>
        <testcase classname="tests/unit/helpSearchService.test.ts" name="HelpSearchService &gt; getRecentSearches &gt; should return empty array initially" time="0.000109708">
        </testcase>
        <testcase classname="tests/unit/helpSearchService.test.ts" name="HelpSearchService &gt; getRecentSearches &gt; should track recent searches" time="0.000088459">
            <failure message="Cannot read properties of undefined (reading &apos;en&apos;)" type="TypeError">
TypeError: Cannot read properties of undefined (reading &apos;en&apos;)
 ❯ services/helpSearchService.ts:151:25
 ❯ buildSearchIndex services/helpSearchService.ts:149:41
 ❯ getSearchIndex services/helpSearchService.ts:252:16
 ❯ Object.searchHelp services/helpSearchService.ts:280:19
 ❯ tests/unit/helpSearchService.test.ts:205:27
            </failure>
        </testcase>
        <testcase classname="tests/unit/helpSearchService.test.ts" name="HelpSearchService &gt; getRecentSearches &gt; should limit recent searches count" time="0.000080708">
            <failure message="Cannot read properties of undefined (reading &apos;en&apos;)" type="TypeError">
TypeError: Cannot read properties of undefined (reading &apos;en&apos;)
 ❯ services/helpSearchService.ts:151:25
 ❯ buildSearchIndex services/helpSearchService.ts:149:41
 ❯ getSearchIndex services/helpSearchService.ts:252:16
 ❯ Object.searchHelp services/helpSearchService.ts:280:19
 ❯ tests/unit/helpSearchService.test.ts:216:31
            </failure>
        </testcase>
        <testcase classname="tests/unit/helpSearchService.test.ts" name="HelpSearchService &gt; getRecentSearches &gt; should not duplicate searches" time="0.000078042">
            <failure message="Cannot read properties of undefined (reading &apos;en&apos;)" type="TypeError">
TypeError: Cannot read properties of undefined (reading &apos;en&apos;)
 ❯ services/helpSearchService.ts:151:25
 ❯ buildSearchIndex services/helpSearchService.ts:149:41
 ❯ getSearchIndex services/helpSearchService.ts:252:16
 ❯ Object.searchHelp services/helpSearchService.ts:280:19
 ❯ tests/unit/helpSearchService.test.ts:224:27
            </failure>
        </testcase>
        <testcase classname="tests/unit/helpSearchService.test.ts" name="HelpSearchService &gt; clearRecentSearches &gt; should clear all recent searches" time="0.000087125">
            <failure message="Cannot read properties of undefined (reading &apos;en&apos;)" type="TypeError">
TypeError: Cannot read properties of undefined (reading &apos;en&apos;)
 ❯ services/helpSearchService.ts:151:25
 ❯ buildSearchIndex services/helpSearchService.ts:149:41
 ❯ getSearchIndex services/helpSearchService.ts:252:16
 ❯ Object.searchHelp services/helpSearchService.ts:280:19
 ❯ tests/unit/helpSearchService.test.ts:237:27
            </failure>
        </testcase>
    </testsuite>
    <testsuite name="tests/unit/notificationOutboxService.test.js" timestamp="2026-01-01T00:57:06.367Z" hostname="MacBook-Pro-Piotr.local" tests="16" failures="0" errors="0" skipped="0" time="0.520181291">
        <testcase classname="tests/unit/notificationOutboxService.test.js" name="NotificationOutboxService Constants and Logic &gt; NOTIFICATION_TYPES Constants &gt; should export APPROVAL_DUE type" time="0.008302583">
        </testcase>
        <testcase classname="tests/unit/notificationOutboxService.test.js" name="NotificationOutboxService Constants and Logic &gt; NOTIFICATION_TYPES Constants &gt; should export PLAYBOOK_STUCK type" time="0.001588208">
        </testcase>
        <testcase classname="tests/unit/notificationOutboxService.test.js" name="NotificationOutboxService Constants and Logic &gt; NOTIFICATION_TYPES Constants &gt; should export DEAD_LETTER type" time="0.000988166">
        </testcase>
        <testcase classname="tests/unit/notificationOutboxService.test.js" name="NotificationOutboxService Constants and Logic &gt; NOTIFICATION_TYPES Constants &gt; should export ESCALATION type" time="0.002377417">
        </testcase>
        <testcase classname="tests/unit/notificationOutboxService.test.js" name="NotificationOutboxService Constants and Logic &gt; NOTIFICATION_TYPES Constants &gt; should have 4 notification types" time="0.001555167">
        </testcase>
        <testcase classname="tests/unit/notificationOutboxService.test.js" name="NotificationOutboxService Constants and Logic &gt; OUTBOX_STATUSES Constants &gt; should export QUEUED status" time="0.001566875">
        </testcase>
        <testcase classname="tests/unit/notificationOutboxService.test.js" name="NotificationOutboxService Constants and Logic &gt; OUTBOX_STATUSES Constants &gt; should export SENT status" time="0.002040875">
        </testcase>
        <testcase classname="tests/unit/notificationOutboxService.test.js" name="NotificationOutboxService Constants and Logic &gt; OUTBOX_STATUSES Constants &gt; should export FAILED status" time="0.002101292">
        </testcase>
        <testcase classname="tests/unit/notificationOutboxService.test.js" name="NotificationOutboxService Constants and Logic &gt; MAX_ATTEMPTS &gt; should be 3" time="0.001989625">
        </testcase>
        <testcase classname="tests/unit/notificationOutboxService.test.js" name="NotificationOutboxService Constants and Logic &gt; Service Methods Existence &gt; should export enqueue" time="0.001417375">
        </testcase>
        <testcase classname="tests/unit/notificationOutboxService.test.js" name="NotificationOutboxService Constants and Logic &gt; Service Methods Existence &gt; should export shouldNotify" time="0.001885125">
        </testcase>
        <testcase classname="tests/unit/notificationOutboxService.test.js" name="NotificationOutboxService Constants and Logic &gt; Service Methods Existence &gt; should export getUserPreferences" time="0.000974334">
        </testcase>
        <testcase classname="tests/unit/notificationOutboxService.test.js" name="NotificationOutboxService Constants and Logic &gt; Service Methods Existence &gt; should export updateUserPreferences" time="0.000820292">
        </testcase>
        <testcase classname="tests/unit/notificationOutboxService.test.js" name="NotificationOutboxService Constants and Logic &gt; Service Methods Existence &gt; should export processQueue" time="0.001574917">
        </testcase>
        <testcase classname="tests/unit/notificationOutboxService.test.js" name="NotificationOutboxService Constants and Logic &gt; Service Methods Existence &gt; should export getOutboxStats" time="0.0017445">
        </testcase>
        <testcase classname="tests/unit/notificationOutboxService.test.js" name="NotificationOutboxService User Preferences &gt; should return true when no preferences set (default behavior)" time="0.001814666">
        </testcase>
    </testsuite>
    <testsuite name="tests/unit/pdfExport.test.ts" timestamp="2026-01-01T00:57:06.368Z" hostname="MacBook-Pro-Piotr.local" tests="5" failures="0" errors="0" skipped="0" time="0.307431583">
        <testcase classname="tests/unit/pdfExport.test.ts" name="Service Test: pdfExport &gt; exportReportToPDF &gt; returns false when element is not found" time="0.001362333">
            <system-err>
Element with id non-existent not found

            </system-err>
        </testcase>
        <testcase classname="tests/unit/pdfExport.test.ts" name="Service Test: pdfExport &gt; exportReportToPDF &gt; exports PDF successfully" time="0.000461167">
        </testcase>
        <testcase classname="tests/unit/pdfExport.test.ts" name="Service Test: pdfExport &gt; exportReportToPDF &gt; handles errors gracefully" time="0.001327333">
            <system-err>
PDF Export failed: Error: Canvas error
    at [90m/Users/piotrwisniewski/Documents/Antygracity/DRD/consultify/[39mtests/unit/pdfExport.test.ts:89:53
    at [90mfile:///Users/piotrwisniewski/Documents/Antygracity/DRD/consultify/[39mnode_modules/[4m@vitest/runner[24m/dist/index.js:145:11
    at [90mfile:///Users/piotrwisniewski/Documents/Antygracity/DRD/consultify/[39mnode_modules/[4m@vitest/runner[24m/dist/index.js:915:26
    at [90mfile:///Users/piotrwisniewski/Documents/Antygracity/DRD/consultify/[39mnode_modules/[4m@vitest/runner[24m/dist/index.js:1243:20
    at new Promise (&lt;anonymous&gt;)
    at runWithTimeout [90m(file:///Users/piotrwisniewski/Documents/Antygracity/DRD/consultify/[39mnode_modules/[4m@vitest/runner[24m/dist/index.js:1209:10[90m)[39m
    at [90mfile:///Users/piotrwisniewski/Documents/Antygracity/DRD/consultify/[39mnode_modules/[4m@vitest/runner[24m/dist/index.js:1653:37
    at Traces.$ [90m(file:///Users/piotrwisniewski/Documents/Antygracity/DRD/consultify/[39mnode_modules/[4mvitest[24m/dist/chunks/traces.U4xDYhzZ.js:115:27[90m)[39m
    at trace [90m(file:///Users/piotrwisniewski/Documents/Antygracity/DRD/consultify/[39mnode_modules/[4mvitest[24m/dist/chunks/test.B8ej_ZHS.js:239:21[90m)[39m
    at runTest [90m(file:///Users/piotrwisniewski/Documents/Antygracity/DRD/consultify/[39mnode_modules/[4m@vitest/runner[24m/dist/index.js:1653:12[90m)[39m

            </system-err>
        </testcase>
        <testcase classname="tests/unit/pdfExport.test.ts" name="Service Test: pdfExport &gt; exportDashboardToPDF &gt; creates PDF with metadata" time="0.008749792">
        </testcase>
        <testcase classname="tests/unit/pdfExport.test.ts" name="Service Test: pdfExport &gt; exportDashboardToPDF &gt; handles optional metadata" time="0.000303542">
        </testcase>
    </testsuite>
    <testsuite name="tests/unit/piiRedactor.test.js" timestamp="2026-01-01T00:57:06.369Z" hostname="MacBook-Pro-Piotr.local" tests="17" failures="0" errors="0" skipped="0" time="0.336505792">
        <testcase classname="tests/unit/piiRedactor.test.js" name="PII Redactor &gt; redactEmails &gt; should redact email addresses" time="0.000554917">
        </testcase>
        <testcase classname="tests/unit/piiRedactor.test.js" name="PII Redactor &gt; redactEmails &gt; should redact multiple emails" time="0.000086875">
        </testcase>
        <testcase classname="tests/unit/piiRedactor.test.js" name="PII Redactor &gt; redactEmails &gt; should return non-string values unchanged" time="0.000079291">
        </testcase>
        <testcase classname="tests/unit/piiRedactor.test.js" name="PII Redactor &gt; redactTokens &gt; should redact JWT-like tokens" time="0.000776125">
        </testcase>
        <testcase classname="tests/unit/piiRedactor.test.js" name="PII Redactor &gt; redactTokens &gt; should handle partial JWT patterns" time="0.0001715">
        </testcase>
        <testcase classname="tests/unit/piiRedactor.test.js" name="PII Redactor &gt; redact (deep object redaction) &gt; should redact email fields" time="0.000168875">
        </testcase>
        <testcase classname="tests/unit/piiRedactor.test.js" name="PII Redactor &gt; redact (deep object redaction) &gt; should redact name fields" time="0.000074875">
        </testcase>
        <testcase classname="tests/unit/piiRedactor.test.js" name="PII Redactor &gt; redact (deep object redaction) &gt; should redact password fields" time="0.000215791">
        </testcase>
        <testcase classname="tests/unit/piiRedactor.test.js" name="PII Redactor &gt; redact (deep object redaction) &gt; should redact token and secret fields" time="0.000123292">
        </testcase>
        <testcase classname="tests/unit/piiRedactor.test.js" name="PII Redactor &gt; redact (deep object redaction) &gt; should redact inline emails in string values" time="0.000080333">
        </testcase>
        <testcase classname="tests/unit/piiRedactor.test.js" name="PII Redactor &gt; redact (deep object redaction) &gt; should handle arrays with email strings" time="0.000075084">
        </testcase>
        <testcase classname="tests/unit/piiRedactor.test.js" name="PII Redactor &gt; redact (deep object redaction) &gt; should handle nested objects" time="0.000055959">
        </testcase>
        <testcase classname="tests/unit/piiRedactor.test.js" name="PII Redactor &gt; redact (deep object redaction) &gt; should not mutate original object" time="0.000039">
        </testcase>
        <testcase classname="tests/unit/piiRedactor.test.js" name="PII Redactor &gt; redact (deep object redaction) &gt; should handle null and undefined" time="0.000046792">
        </testcase>
        <testcase classname="tests/unit/piiRedactor.test.js" name="PII Redactor &gt; redactKeys &gt; should redact specific keys" time="0.000070334">
        </testcase>
        <testcase classname="tests/unit/piiRedactor.test.js" name="PII Redactor &gt; createAuditSnapshot &gt; should return JSON string with redacted PII" time="0.00006675">
        </testcase>
        <testcase classname="tests/unit/piiRedactor.test.js" name="PII Redactor &gt; DEFAULT_PII_FIELDS &gt; should include common PII fields" time="0.000441709">
        </testcase>
    </testsuite>
    <testsuite name="tests/unit/policyEngine.test.js" timestamp="2026-01-01T00:57:06.370Z" hostname="MacBook-Pro-Piotr.local" tests="21" failures="0" errors="0" skipped="0" time="0.381639584">
        <testcase classname="tests/unit/policyEngine.test.js" name="PolicyEngine Core Logic &gt; Safety Guardrails Constants &gt; NEVER_AUTO_APPROVE_RISK_LEVELS should include HIGH" time="0.002222583">
        </testcase>
        <testcase classname="tests/unit/policyEngine.test.js" name="PolicyEngine Core Logic &gt; Safety Guardrails Constants &gt; ALWAYS_MANUAL_ACTION_TYPES should include MEETING_SCHEDULE" time="0.000163125">
        </testcase>
        <testcase classname="tests/unit/policyEngine.test.js" name="PolicyEngine Core Logic &gt; Safety Guardrails Constants &gt; should not include LOW in NEVER_AUTO_APPROVE_RISK_LEVELS" time="0.000125458">
        </testcase>
        <testcase classname="tests/unit/policyEngine.test.js" name="PolicyEngine Core Logic &gt; CONDITION_HANDLERS (Pure Functions) &gt; risk_level_lte &gt; should match when proposal risk is lower or equal" time="0.000173">
        </testcase>
        <testcase classname="tests/unit/policyEngine.test.js" name="PolicyEngine Core Logic &gt; CONDITION_HANDLERS (Pure Functions) &gt; risk_level_lte &gt; should not match when proposal risk is higher" time="0.000092083">
        </testcase>
        <testcase classname="tests/unit/policyEngine.test.js" name="PolicyEngine Core Logic &gt; CONDITION_HANDLERS (Pure Functions) &gt; action_type_in &gt; should match when action type is in list" time="0.000074875">
        </testcase>
        <testcase classname="tests/unit/policyEngine.test.js" name="PolicyEngine Core Logic &gt; CONDITION_HANDLERS (Pure Functions) &gt; action_type_in &gt; should not match when action type is not in list" time="0.000068">
        </testcase>
        <testcase classname="tests/unit/policyEngine.test.js" name="PolicyEngine Core Logic &gt; CONDITION_HANDLERS (Pure Functions) &gt; action_type_in &gt; should return false for non-array input" time="0.000044541">
        </testcase>
        <testcase classname="tests/unit/policyEngine.test.js" name="PolicyEngine Core Logic &gt; CONDITION_HANDLERS (Pure Functions) &gt; scope_eq &gt; should match when scope equals" time="0.000071">
        </testcase>
        <testcase classname="tests/unit/policyEngine.test.js" name="PolicyEngine Core Logic &gt; CONDITION_HANDLERS (Pure Functions) &gt; scope_eq &gt; should not match when scope differs" time="0.000074417">
        </testcase>
        <testcase classname="tests/unit/policyEngine.test.js" name="PolicyEngine Core Logic &gt; CONDITION_HANDLERS (Pure Functions) &gt; signal_in &gt; should match when signal is in list" time="0.000055417">
        </testcase>
        <testcase classname="tests/unit/policyEngine.test.js" name="PolicyEngine Core Logic &gt; CONDITION_HANDLERS (Pure Functions) &gt; signal_in &gt; should not match when signal is not in list" time="0.000046292">
        </testcase>
        <testcase classname="tests/unit/policyEngine.test.js" name="PolicyEngine Core Logic &gt; CONDITION_HANDLERS (Pure Functions) &gt; signal_in &gt; should return false for non-array input" time="0.000046959">
        </testcase>
        <testcase classname="tests/unit/policyEngine.test.js" name="PolicyEngine Core Logic &gt; CONDITION_HANDLERS (Pure Functions) &gt; time_window &gt; should always match for anytime" time="0.000046167">
        </testcase>
        <testcase classname="tests/unit/policyEngine.test.js" name="PolicyEngine Core Logic &gt; CONDITION_HANDLERS (Pure Functions) &gt; time_window &gt; should return false for unrecognized values" time="0.000038125">
        </testcase>
        <testcase classname="tests/unit/policyEngine.test.js" name="PolicyEngine Core Logic &gt; evaluateConditions (Logic Tests) &gt; should return true when all conditions match" time="0.000071667">
        </testcase>
        <testcase classname="tests/unit/policyEngine.test.js" name="PolicyEngine Core Logic &gt; evaluateConditions (Logic Tests) &gt; should return false when any condition fails" time="0.00003825">
        </testcase>
[...]
        </testcase>
        <testcase classname="tests/unit/backend/middleware/rbac.test.js" name="RBAC Middleware &gt; requireOrgAccess &gt; for organization members &gt; should allow OWNER to access when only OWNER is required" time="0.000063583">
        </testcase>
        <testcase classname="tests/unit/backend/middleware/rbac.test.js" name="RBAC Middleware &gt; requireOrgAccess &gt; for consultants &gt; should allow consultant access when no specific permissions required" time="0.000281708">
        </testcase>
        <testcase classname="tests/unit/backend/middleware/rbac.test.js" name="RBAC Middleware &gt; requireOrgAccess &gt; for consultants &gt; should deny consultant access when allowConsultant is false" time="0.000231292">
        </testcase>
        <testcase classname="tests/unit/backend/middleware/rbac.test.js" name="RBAC Middleware &gt; requireOrgAccess &gt; for consultants &gt; should allow consultant with required permissions in array" time="0.000405875">
        </testcase>
        <testcase classname="tests/unit/backend/middleware/rbac.test.js" name="RBAC Middleware &gt; requireOrgAccess &gt; for consultants &gt; should allow consultant with boolean permission flag" time="0.000087">
        </testcase>
        <testcase classname="tests/unit/backend/middleware/rbac.test.js" name="RBAC Middleware &gt; requireOrgAccess &gt; for consultants &gt; should deny consultant missing required permissions" time="0.00013125">
        </testcase>
        <testcase classname="tests/unit/backend/middleware/rbac.test.js" name="RBAC Middleware &gt; requireOrgAccess &gt; for consultants &gt; should require all permissions when multiple specified" time="0.000074416">
        </testcase>
        <testcase classname="tests/unit/backend/middleware/rbac.test.js" name="RBAC Middleware &gt; requireOrgAccess &gt; when no valid access type &gt; should deny access when neither member nor consultant" time="0.000114042">
        </testcase>
        <testcase classname="tests/unit/backend/middleware/rbac.test.js" name="RBAC Middleware &gt; requireRole &gt; should return 401 when user is not authenticated" time="0.000248333">
        </testcase>
        <testcase classname="tests/unit/backend/middleware/rbac.test.js" name="RBAC Middleware &gt; requireRole &gt; should allow user with matching role" time="0.000055708">
        </testcase>
        <testcase classname="tests/unit/backend/middleware/rbac.test.js" name="RBAC Middleware &gt; requireRole &gt; should deny user without matching role" time="0.00009425">
        </testcase>
        <testcase classname="tests/unit/backend/middleware/rbac.test.js" name="RBAC Middleware &gt; requireRole &gt; should allow SUPERADMIN for admin-only routes" time="0.0000505">
        </testcase>
        <testcase classname="tests/unit/backend/middleware/rbac.test.js" name="RBAC Middleware &gt; requireOrgMember &gt; should return 400 when org context is missing" time="0.000068334">
        </testcase>
        <testcase classname="tests/unit/backend/middleware/rbac.test.js" name="RBAC Middleware &gt; requireOrgMember &gt; should allow organization members" time="0.000062708">
        </testcase>
        <testcase classname="tests/unit/backend/middleware/rbac.test.js" name="RBAC Middleware &gt; requireOrgMember &gt; should deny consultants" time="0.000139334">
        </testcase>
        <testcase classname="tests/unit/backend/middleware/rbac.test.js" name="RBAC Middleware &gt; requireOrgRole &gt; should return 400 when org context is missing" time="0.000078042">
        </testcase>
        <testcase classname="tests/unit/backend/middleware/rbac.test.js" name="RBAC Middleware &gt; requireOrgRole &gt; should deny non-members" time="0.000054583">
        </testcase>
        <testcase classname="tests/unit/backend/middleware/rbac.test.js" name="RBAC Middleware &gt; requireOrgRole &gt; should allow member with matching role" time="0.000051875">
        </testcase>
        <testcase classname="tests/unit/backend/middleware/rbac.test.js" name="RBAC Middleware &gt; requireOrgRole &gt; should deny member without matching role" time="0.000087334">
        </testcase>
        <testcase classname="tests/unit/backend/middleware/rbac.test.js" name="RBAC Middleware &gt; requireOrgRoleOrHigher &gt; should return 400 when org context is missing" time="0.000074667">
        </testcase>
        <testcase classname="tests/unit/backend/middleware/rbac.test.js" name="RBAC Middleware &gt; requireOrgRoleOrHigher &gt; should allow user with exactly minimum role" time="0.000049667">
        </testcase>
        <testcase classname="tests/unit/backend/middleware/rbac.test.js" name="RBAC Middleware &gt; requireOrgRoleOrHigher &gt; should allow user with higher role" time="0.000048916">
        </testcase>
        <testcase classname="tests/unit/backend/middleware/rbac.test.js" name="RBAC Middleware &gt; requireOrgRoleOrHigher &gt; should deny user with lower role" time="0.000094458">
        </testcase>
        <testcase classname="tests/unit/backend/middleware/rbac.test.js" name="RBAC Middleware &gt; requireOrgRoleOrHigher &gt; should handle unknown roles with level 0" time="0.00005625">
        </testcase>
        <testcase classname="tests/unit/backend/middleware/rbac.test.js" name="RBAC Middleware &gt; requireConsultantScope &gt; should return 400 when org context is missing" time="0.000080125">
        </testcase>
        <testcase classname="tests/unit/backend/middleware/rbac.test.js" name="RBAC Middleware &gt; requireConsultantScope &gt; should allow non-consultants to pass through" time="0.000049375">
        </testcase>
        <testcase classname="tests/unit/backend/middleware/rbac.test.js" name="RBAC Middleware &gt; requireConsultantScope &gt; should allow consultant with required permission in array" time="0.000063958">
        </testcase>
        <testcase classname="tests/unit/backend/middleware/rbac.test.js" name="RBAC Middleware &gt; requireConsultantScope &gt; should allow consultant with boolean permission flag" time="0.000052167">
        </testcase>
        <testcase classname="tests/unit/backend/middleware/rbac.test.js" name="RBAC Middleware &gt; requireConsultantScope &gt; should deny consultant missing permissions" time="0.000086833">
        </testcase>
        <testcase classname="tests/unit/backend/middleware/rbac.test.js" name="RBAC Middleware &gt; requireConsultantScope &gt; should handle single permission as string" time="0.000051625">
        </testcase>
        <testcase classname="tests/unit/backend/middleware/rbac.test.js" name="RBAC Middleware &gt; requireConsultantScope &gt; should require all permissions when multiple specified" time="0.000054208">
        </testcase>
        <testcase classname="tests/unit/backend/middleware/rbac.test.js" name="RBAC Middleware &gt; requireConsultantScope &gt; should handle empty permission scope" time="0.000054667">
        </testcase>
        <testcase classname="tests/unit/backend/middleware/rbac.test.js" name="RBAC Middleware &gt; requireOwnerOrSuperadmin &gt; should return 401 when user is not authenticated" time="0.000132">
        </testcase>
        <testcase classname="tests/unit/backend/middleware/rbac.test.js" name="RBAC Middleware &gt; requireOwnerOrSuperadmin &gt; should allow global SUPERADMIN" time="0.00005425">
        </testcase>
        <testcase classname="tests/unit/backend/middleware/rbac.test.js" name="RBAC Middleware &gt; requireOwnerOrSuperadmin &gt; should allow organization OWNER" time="0.000051375">
        </testcase>
        <testcase classname="tests/unit/backend/middleware/rbac.test.js" name="RBAC Middleware &gt; requireOwnerOrSuperadmin &gt; should deny ADMIN who is not OWNER" time="0.000091166">
        </testcase>
        <testcase classname="tests/unit/backend/middleware/rbac.test.js" name="RBAC Middleware &gt; requireOwnerOrSuperadmin &gt; should deny consultant even with full permissions" time="0.000060375">
        </testcase>
        <testcase classname="tests/unit/backend/middleware/rbac.test.js" name="RBAC Middleware &gt; requireOwnerOrSuperadmin &gt; should deny regular member" time="0.000055792">
        </testcase>
        <testcase classname="tests/unit/backend/middleware/rbac.test.js" name="RBAC Middleware &gt; Edge Cases &gt; should handle undefined permissions array gracefully" time="0.000067">
        </testcase>
        <testcase classname="tests/unit/backend/middleware/rbac.test.js" name="RBAC Middleware &gt; Edge Cases &gt; should handle empty roles array" time="0.000062833">
        </testcase>
        <testcase classname="tests/unit/backend/middleware/rbac.test.js" name="RBAC Middleware &gt; Edge Cases &gt; should handle null roles option" time="0.000057416">
        </testcase>
    </testsuite>
    <testsuite name="tests/unit/backend/middleware/securityHeadersMiddleware.test.js" timestamp="2026-01-01T00:57:06.515Z" hostname="MacBook-Pro-Piotr.local" tests="10" failures="0" errors="0" skipped="0" time="0.411209833">
        <testcase classname="tests/unit/backend/middleware/securityHeadersMiddleware.test.js" name="Security Headers Middleware &gt; securityHeaders &gt; should set standard security headers" time="0.002286833">
        </testcase>
        <testcase classname="tests/unit/backend/middleware/securityHeadersMiddleware.test.js" name="Security Headers Middleware &gt; securityHeaders &gt; should set HSTS in production" time="0.00031275">
        </testcase>
        <testcase classname="tests/unit/backend/middleware/securityHeadersMiddleware.test.js" name="Security Headers Middleware &gt; securityHeaders &gt; should NOT set HSTS in non-production" time="0.000258458">
        </testcase>
        <testcase classname="tests/unit/backend/middleware/securityHeadersMiddleware.test.js" name="Security Headers Middleware &gt; createRateLimiter &gt; should allow requests under the limit" time="0.00026425">
        </testcase>
        <testcase classname="tests/unit/backend/middleware/securityHeadersMiddleware.test.js" name="Security Headers Middleware &gt; createRateLimiter &gt; should block requests over the limit" time="0.000455542">
        </testcase>
        <testcase classname="tests/unit/backend/middleware/securityHeadersMiddleware.test.js" name="Security Headers Middleware &gt; createRateLimiter &gt; should reset after windowMs" time="0.0002635">
        </testcase>
        <testcase classname="tests/unit/backend/middleware/securityHeadersMiddleware.test.js" name="Security Headers Middleware &gt; validateRequest &gt; should call next if validation passes" time="0.000185833">
        </testcase>
        <testcase classname="tests/unit/backend/middleware/securityHeadersMiddleware.test.js" name="Security Headers Middleware &gt; validateRequest &gt; should return 400 if required field is missing" time="0.0001815">
        </testcase>
        <testcase classname="tests/unit/backend/middleware/securityHeadersMiddleware.test.js" name="Security Headers Middleware &gt; validateRequest &gt; should return 400 if type is incorrect" time="0.0002705">
        </testcase>
        <testcase classname="tests/unit/backend/middleware/securityHeadersMiddleware.test.js" name="Security Headers Middleware &gt; validateRequest &gt; should validate enum values" time="0.000155125">
        </testcase>
    </testsuite>
    <testsuite name="tests/unit/backend/middleware/superAdminMiddleware.test.js" timestamp="2026-01-01T00:57:06.516Z" hostname="MacBook-Pro-Piotr.local" tests="23" failures="0" errors="0" skipped="0" time="0.368359">
        <testcase classname="tests/unit/backend/middleware/superAdminMiddleware.test.js" name="Super Admin Middleware (DI Refactored) &gt; token validation &gt; should return 403 when no authorization header is provided" time="0.0013135">
        </testcase>
        <testcase classname="tests/unit/backend/middleware/superAdminMiddleware.test.js" name="Super Admin Middleware (DI Refactored) &gt; token validation &gt; should return 403 when authorization header is null" time="0.000168833">
        </testcase>
        <testcase classname="tests/unit/backend/middleware/superAdminMiddleware.test.js" name="Super Admin Middleware (DI Refactored) &gt; token validation &gt; should return 403 when authorization header is empty string" time="0.000130667">
        </testcase>
        <testcase classname="tests/unit/backend/middleware/superAdminMiddleware.test.js" name="Super Admin Middleware (DI Refactored) &gt; token validation &gt; should extract token after &quot;Bearer &quot; prefix" time="0.000222208">
        </testcase>
        <testcase classname="tests/unit/backend/middleware/superAdminMiddleware.test.js" name="Super Admin Middleware (DI Refactored) &gt; token validation &gt; should return 401 for invalid token" time="0.000197209">
        </testcase>
        <testcase classname="tests/unit/backend/middleware/superAdminMiddleware.test.js" name="Super Admin Middleware (DI Refactored) &gt; token validation &gt; should return 401 for expired token" time="0.00011">
        </testcase>
        <testcase classname="tests/unit/backend/middleware/superAdminMiddleware.test.js" name="Super Admin Middleware (DI Refactored) &gt; token validation &gt; should return 401 for malformed token" time="0.000101209">
        </testcase>
        <testcase classname="tests/unit/backend/middleware/superAdminMiddleware.test.js" name="Super Admin Middleware (DI Refactored) &gt; role verification &gt; should allow SUPERADMIN role" time="0.000144709">
        </testcase>
        <testcase classname="tests/unit/backend/middleware/superAdminMiddleware.test.js" name="Super Admin Middleware (DI Refactored) &gt; role verification &gt; should allow SUPER_ADMIN role (alternative format)" time="0.000094292">
        </testcase>
        <testcase classname="tests/unit/backend/middleware/superAdminMiddleware.test.js" name="Super Admin Middleware (DI Refactored) &gt; role verification &gt; should deny ADMIN role" time="0.000153875">
        </testcase>
        <testcase classname="tests/unit/backend/middleware/superAdminMiddleware.test.js" name="Super Admin Middleware (DI Refactored) &gt; role verification &gt; should deny USER role" time="0.000098916">
        </testcase>
        <testcase classname="tests/unit/backend/middleware/superAdminMiddleware.test.js" name="Super Admin Middleware (DI Refactored) &gt; role verification &gt; should deny OWNER role" time="0.000073208">
        </testcase>
        <testcase classname="tests/unit/backend/middleware/superAdminMiddleware.test.js" name="Super Admin Middleware (DI Refactored) &gt; role verification &gt; should deny when role is undefined" time="0.000063459">
        </testcase>
        <testcase classname="tests/unit/backend/middleware/superAdminMiddleware.test.js" name="Super Admin Middleware (DI Refactored) &gt; role verification &gt; should deny when role is null" time="0.00006675">
        </testcase>
        <testcase classname="tests/unit/backend/middleware/superAdminMiddleware.test.js" name="Super Admin Middleware (DI Refactored) &gt; role verification &gt; should deny when role is empty string" time="0.000070541">
        </testcase>
        <testcase classname="tests/unit/backend/middleware/superAdminMiddleware.test.js" name="Super Admin Middleware (DI Refactored) &gt; request population &gt; should populate req.user with decoded token" time="0.000076292">
        </testcase>
        <testcase classname="tests/unit/backend/middleware/superAdminMiddleware.test.js" name="Super Admin Middleware (DI Refactored) &gt; request population &gt; should preserve all decoded token properties" time="0.00010425">
        </testcase>
        <testcase classname="tests/unit/backend/middleware/superAdminMiddleware.test.js" name="Super Admin Middleware (DI Refactored) &gt; edge cases &gt; should handle token with only space after Bearer" time="0.000068625">
        </testcase>
        <testcase classname="tests/unit/backend/middleware/superAdminMiddleware.test.js" name="Super Admin Middleware (DI Refactored) &gt; edge cases &gt; should handle role with different casing (lowercase)" time="0.000063584">
        </testcase>
        <testcase classname="tests/unit/backend/middleware/superAdminMiddleware.test.js" name="Super Admin Middleware (DI Refactored) &gt; edge cases &gt; should handle role with mixed casing" time="0.000065792">
        </testcase>
        <testcase classname="tests/unit/backend/middleware/superAdminMiddleware.test.js" name="Super Admin Middleware (DI Refactored) &gt; edge cases &gt; should not modify original headers" time="0.0000705">
        </testcase>
        <testcase classname="tests/unit/backend/middleware/superAdminMiddleware.test.js" name="Super Admin Middleware (DI Refactored) &gt; security &gt; should not expose JWT_SECRET in error responses" time="0.000114">
        </testcase>
        <testcase classname="tests/unit/backend/middleware/superAdminMiddleware.test.js" name="Super Admin Middleware (DI Refactored) &gt; security &gt; should not expose token in error responses" time="0.000065541">
        </testcase>
    </testsuite>
    <testsuite name="tests/unit/backend/middleware/trialEntryGuard.test.js" timestamp="2026-01-01T00:57:06.517Z" hostname="MacBook-Pro-Piotr.local" tests="6" failures="0" errors="0" skipped="0" time="0.347145958">
        <testcase classname="tests/unit/backend/middleware/trialEntryGuard.test.js" name="Trial Entry Guard Middleware &gt; isTrialEntryUser &gt; should return true if status is TRIAL_ENTRY" time="0.000706958">
        </testcase>
        <testcase classname="tests/unit/backend/middleware/trialEntryGuard.test.js" name="Trial Entry Guard Middleware &gt; isTrialEntryUser &gt; should return false if status is other check" time="0.000141542">
        </testcase>
        <testcase classname="tests/unit/backend/middleware/trialEntryGuard.test.js" name="Trial Entry Guard Middleware &gt; trialEntryGuard &gt; should skip if no user" time="0.000205125">
        </testcase>
        <testcase classname="tests/unit/backend/middleware/trialEntryGuard.test.js" name="Trial Entry Guard Middleware &gt; trialEntryGuard &gt; should skip if not trial entry user" time="0.000102417">
        </testcase>
        <testcase classname="tests/unit/backend/middleware/trialEntryGuard.test.js" name="Trial Entry Guard Middleware &gt; trialEntryGuard &gt; should block blocked route for trial entry user" time="0.001032">
        </testcase>
        <testcase classname="tests/unit/backend/middleware/trialEntryGuard.test.js" name="Trial Entry Guard Middleware &gt; trialEntryGuard &gt; should allow non-blocked route for trial entry user" time="0.000159834">
        </testcase>
    </testsuite>
    <testsuite name="tests/unit/backend/middleware/userStateGuard.test.js" timestamp="2026-01-01T00:57:06.517Z" hostname="MacBook-Pro-Piotr.local" tests="4" failures="0" errors="0" skipped="0" time="0.248992417">
        <testcase classname="tests/unit/backend/middleware/userStateGuard.test.js" name="User State Guard Middleware &gt; attachUserState &gt; should attach default state if user not found" time="0.000788334">
        </testcase>
        <testcase classname="tests/unit/backend/middleware/userStateGuard.test.js" name="User State Guard Middleware &gt; attachUserState &gt; should attach state from db" time="0.000162875">
        </testcase>
        <testcase classname="tests/unit/backend/middleware/userStateGuard.test.js" name="User State Guard Middleware &gt; requireState &gt; should allow if state matches" time="0.000123041">
        </testcase>
        <testcase classname="tests/unit/backend/middleware/userStateGuard.test.js" name="User State Guard Middleware &gt; requireState &gt; should block if state does not match" time="0.000471083">
        </testcase>
    </testsuite>
</testsuites>
