{"numTotalTestSuites":475,"numPassedTestSuites":337,"numFailedTestSuites":138,"numPendingTestSuites":0,"numTotalTests":807,"numPassedTests":582,"numFailedTests":115,"numPendingTests":108,"numTodoTests":0,"snapshot":{"added":0,"failure":false,"filesAdded":0,"filesRemoved":0,"filesRemovedList":[],"filesUnmatched":0,"filesUpdated":0,"matched":0,"total":0,"unchecked":0,"uncheckedKeysByFile":[],"unmatched":0,"updated":0,"didUpdate":false},"startTime":1767444592679,"success":false,"testResults":[{"assertionResults":[],"startTime":1767444592679,"endTime":1767444592679,"status":"failed","message":"require is not defined in ES module scope, you can use import instead\nThis file is being treated as an ES module because it has a '.js' file extension and '/Users/piotrwisniewski/Documents/Antygracity/DRD/consultify/server/package.json' contains \"type\": \"module\". To treat it as a CommonJS script, rename it to use the '.cjs' file extension.","name":"/Users/piotrwisniewski/Documents/Antygracity/DRD/consultify/tests/unit/backend/actionDecision.service.test.js"},{"assertionResults":[{"ancestorTitles":["Backend Service Test: ActivityService","log"],"fullName":"Backend Service Test: ActivityService log logs activity with all parameters","status":"skipped","title":"logs activity with all parameters","failureMessages":[],"meta":{}},{"ancestorTitles":["Backend Service Test: ActivityService","log"],"fullName":"Backend Service Test: ActivityService log handles optional parameters","status":"skipped","title":"handles optional parameters","failureMessages":[],"meta":{}},{"ancestorTitles":["Backend Service Test: ActivityService","getRecent"],"fullName":"Backend Service Test: ActivityService getRecent fetches recent activities with default limit","status":"skipped","title":"fetches recent activities with default limit","failureMessages":[],"meta":{}},{"ancestorTitles":["Backend Service Test: ActivityService","getRecent"],"fullName":"Backend Service Test: ActivityService getRecent fetches recent activities with custom limit","status":"skipped","title":"fetches recent activities with custom limit","failureMessages":[],"meta":{}},{"ancestorTitles":["Backend Service Test: ActivityService","getRecent"],"fullName":"Backend Service Test: ActivityService getRecent handles database errors gracefully","status":"skipped","title":"handles database errors gracefully","failureMessages":[],"meta":{}},{"ancestorTitles":["Backend Service Test: ActivityService","getByOrganization"],"fullName":"Backend Service Test: ActivityService getByOrganization fetches activities for organization","status":"skipped","title":"fetches activities for organization","failureMessages":[],"meta":{}},{"ancestorTitles":["Backend Service Test: ActivityService","getStats"],"fullName":"Backend Service Test: ActivityService getStats fetches basic activity stats","status":"skipped","title":"fetches basic activity stats","failureMessages":[],"meta":{}},{"ancestorTitles":["Backend Service Test: ActivityService","getStats"],"fullName":"Backend Service Test: ActivityService getStats handles database errors","status":"skipped","title":"handles database errors","failureMessages":[],"meta":{}},{"ancestorTitles":["Backend Service Test: ActivityService","log error handling"],"fullName":"Backend Service Test: ActivityService log error handling handles db.run failure gracefully without crashing","status":"skipped","title":"handles db.run failure gracefully without crashing","failureMessages":[],"meta":{}},{"ancestorTitles":["Backend Service Test: ActivityService","log error handling"],"fullName":"Backend Service Test: ActivityService log error handling handles SIEM service failure gracefully","status":"skipped","title":"handles SIEM service failure gracefully","failureMessages":[],"meta":{}}],"startTime":1767444592679,"endTime":1767444592679,"status":"failed","message":"","name":"/Users/piotrwisniewski/Documents/Antygracity/DRD/consultify/tests/unit/backend/activityService.test.js"},{"assertionResults":[],"startTime":1767444592679,"endTime":1767444592679,"status":"failed","message":"require is not defined in ES module scope, you can use import instead\nThis file is being treated as an ES module because it has a '.js' file extension and '/Users/piotrwisniewski/Documents/Antygracity/DRD/consultify/server/package.json' contains \"type\": \"module\". To treat it as a CommonJS script, rename it to use the '.cjs' file extension.","name":"/Users/piotrwisniewski/Documents/Antygracity/DRD/consultify/tests/unit/backend/aiAssessmentReportGenerator.test.js"},{"assertionResults":[{"ancestorTitles":["AIAuditLogger","logInteraction"],"fullName":"AIAuditLogger logInteraction should log a basic AI interaction","status":"passed","title":"should log a basic AI interaction","duration":5.131541999999968,"failureMessages":[],"meta":{}},{"ancestorTitles":["AIAuditLogger","logInteraction"],"fullName":"AIAuditLogger logInteraction should store correlation_id if provided","status":"passed","title":"should store correlation_id if provided","duration":0.20195799999999053,"failureMessages":[],"meta":{}},{"ancestorTitles":["AIAuditLogger","logInteraction"],"fullName":"AIAuditLogger logInteraction should handle optional fields","status":"passed","title":"should handle optional fields","duration":0.10341600000003837,"failureMessages":[],"meta":{}},{"ancestorTitles":["AIAuditLogger","logInteraction"],"fullName":"AIAuditLogger logInteraction should store explanation data if provided","status":"passed","title":"should store explanation data if provided","duration":0.09525000000007822,"failureMessages":[],"meta":{}},{"ancestorTitles":["AIAuditLogger","logInteraction"],"fullName":"AIAuditLogger logInteraction should handle database error","status":"passed","title":"should handle database error","duration":0.5927919999999176,"failureMessages":[],"meta":{}},{"ancestorTitles":["AIAuditLogger","logWithExplanation"],"fullName":"AIAuditLogger logWithExplanation should log interaction with full explanation object","status":"passed","title":"should log interaction with full explanation object","duration":0.14379199999996217,"failureMessages":[],"meta":{}},{"ancestorTitles":["AIAuditLogger","logWithExplanation"],"fullName":"AIAuditLogger logWithExplanation should default actionType to AI_RESPONSE","status":"passed","title":"should default actionType to AI_RESPONSE","duration":0.0861250000000382,"failureMessages":[],"meta":{}},{"ancestorTitles":["AIAuditLogger","logSuggestion"],"fullName":"AIAuditLogger logSuggestion should log AI suggestion","status":"passed","title":"should log AI suggestion","duration":0.10587499999996908,"failureMessages":[],"meta":{}},{"ancestorTitles":["AIAuditLogger","logSuggestion"],"fullName":"AIAuditLogger logSuggestion should handle minimal parameters","status":"passed","title":"should handle minimal parameters","duration":0.06229099999995924,"failureMessages":[],"meta":{}},{"ancestorTitles":["AIAuditLogger","recordUserDecision"],"fullName":"AIAuditLogger recordUserDecision should update user decision on logged suggestion","status":"passed","title":"should update user decision on logged suggestion","duration":0.11741700000004585,"failureMessages":[],"meta":{}},{"ancestorTitles":["AIAuditLogger","recordUserDecision"],"fullName":"AIAuditLogger recordUserDecision should record rejection without feedback","status":"passed","title":"should record rejection without feedback","duration":0.06516600000009021,"failureMessages":[],"meta":{}},{"ancestorTitles":["AIAuditLogger","recordUserDecision"],"fullName":"AIAuditLogger recordUserDecision should handle non-existent audit entry","status":"passed","title":"should handle non-existent audit entry","duration":0.05645900000001802,"failureMessages":[],"meta":{}},{"ancestorTitles":["AIAuditLogger","getAuditLogs"],"fullName":"AIAuditLogger getAuditLogs should return audit logs for organization","status":"passed","title":"should return audit logs for organization","duration":0.42308300000001964,"failureMessages":[],"meta":{}},{"ancestorTitles":["AIAuditLogger","getAuditLogs"],"fullName":"AIAuditLogger getAuditLogs should filter by project if provided","status":"passed","title":"should filter by project if provided","duration":0.08662500000002638,"failureMessages":[],"meta":{}},{"ancestorTitles":["AIAuditLogger","getAuditLogs"],"fullName":"AIAuditLogger getAuditLogs should filter by date range","status":"passed","title":"should filter by date range","duration":0.059166000000004715,"failureMessages":[],"meta":{}},{"ancestorTitles":["AIAuditLogger","getAuditLogs"],"fullName":"AIAuditLogger getAuditLogs should limit results","status":"passed","title":"should limit results","duration":0.0392500000000382,"failureMessages":[],"meta":{}},{"ancestorTitles":["AIAuditLogger","getAuditLogs"],"fullName":"AIAuditLogger getAuditLogs should filter by action type","status":"passed","title":"should filter by action type","duration":0.05200000000002092,"failureMessages":[],"meta":{}},{"ancestorTitles":["AIAuditLogger","getAuditLogs"],"fullName":"AIAuditLogger getAuditLogs should return empty array on database error","status":"passed","title":"should return empty array on database error","duration":0.13012499999990723,"failureMessages":[],"meta":{}},{"ancestorTitles":["AIAuditLogger","getAuditStats"],"fullName":"AIAuditLogger getAuditStats should return statistics for organization","status":"passed","title":"should return statistics for organization","duration":0.13312500000006366,"failureMessages":[],"meta":{}},{"ancestorTitles":["AIAuditLogger","getAuditStats"],"fullName":"AIAuditLogger getAuditStats should filter by project if provided","status":"passed","title":"should filter by project if provided","duration":0.11841600000002472,"failureMessages":[],"meta":{}},{"ancestorTitles":["AIAuditLogger","getRoleDistribution"],"fullName":"AIAuditLogger getRoleDistribution should return role distribution","status":"passed","title":"should return role distribution","duration":0.12174999999990632,"failureMessages":[],"meta":{}},{"ancestorTitles":["AIAuditLogger","clearOldLogs"],"fullName":"AIAuditLogger clearOldLogs should clear logs older than specified days","status":"passed","title":"should clear logs older than specified days","duration":0.0871670000000222,"failureMessages":[],"meta":{}},{"ancestorTitles":["AIAuditLogger","clearOldLogs"],"fullName":"AIAuditLogger clearOldLogs should use default retention period of 90 days","status":"passed","title":"should use default retention period of 90 days","duration":0.05433400000003985,"failureMessages":[],"meta":{}},{"ancestorTitles":["AIAuditLogger","clearOldLogs"],"fullName":"AIAuditLogger clearOldLogs should respect custom retention period","status":"passed","title":"should respect custom retention period","duration":0.05329099999994469,"failureMessages":[],"meta":{}}],"startTime":1767444596090,"endTime":1767444596099.1218,"status":"passed","message":"","name":"/Users/piotrwisniewski/Documents/Antygracity/DRD/consultify/tests/unit/backend/aiAuditLogger.test.js"},{"assertionResults":[],"startTime":1767444592679,"endTime":1767444592679,"status":"failed","message":"require is not defined in ES module scope, you can use import instead\nThis file is being treated as an ES module because it has a '.js' file extension and '/Users/piotrwisniewski/Documents/Antygracity/DRD/consultify/server/package.json' contains \"type\": \"module\". To treat it as a CommonJS script, rename it to use the '.cjs' file extension.","name":"/Users/piotrwisniewski/Documents/Antygracity/DRD/consultify/tests/unit/backend/aiCoach.test.js"},{"assertionResults":[{"ancestorTitles":["AICostControlService","setGlobalBudget"],"fullName":"AICostControlService setGlobalBudget should set global budget","status":"passed","title":"should set global budget","duration":0.7891250000000127,"failureMessages":[],"meta":{}},{"ancestorTitles":["AICostControlService","setGlobalBudget"],"fullName":"AICostControlService setGlobalBudget should handle database errors","status":"passed","title":"should handle database errors","duration":0.6044999999999163,"failureMessages":[],"meta":{}},{"ancestorTitles":["AICostControlService","setTenantBudget"],"fullName":"AICostControlService setTenantBudget should set tenant budget","status":"passed","title":"should set tenant budget","duration":0.16366599999992104,"failureMessages":[],"meta":{}},{"ancestorTitles":["AICostControlService","setProjectBudget"],"fullName":"AICostControlService setProjectBudget should set project budget","status":"passed","title":"should set project budget","duration":0.12787500000001728,"failureMessages":[],"meta":{}},{"ancestorTitles":["AICostControlService","getBudget"],"fullName":"AICostControlService getBudget should return budget when found","status":"passed","title":"should return budget when found","duration":0.11970899999994344,"failureMessages":[],"meta":{}},{"ancestorTitles":["AICostControlService","getBudget"],"fullName":"AICostControlService getBudget should return null when not found","status":"passed","title":"should return null when not found","duration":0.0675420000000031,"failureMessages":[],"meta":{}},{"ancestorTitles":["AICostControlService","checkBudget"],"fullName":"AICostControlService checkBudget should allow action when no limits set","status":"passed","title":"should allow action when no limits set","duration":0.25987499999996544,"failureMessages":[],"meta":{}},{"ancestorTitles":["AICostControlService","checkBudget"],"fullName":"AICostControlService checkBudget should allow action when within budget","status":"passed","title":"should allow action when within budget","duration":0.11904099999992468,"failureMessages":[],"meta":{}},{"ancestorTitles":["AICostControlService","checkBudget"],"fullName":"AICostControlService checkBudget should block action when exceeding budget without auto-downgrade","status":"passed","title":"should block action when exceeding budget without auto-downgrade","duration":0.09333400000002712,"failureMessages":[],"meta":{}},{"ancestorTitles":["AICostControlService","checkBudget"],"fullName":"AICostControlService checkBudget should trigger downgrade when exceeding budget with auto-downgrade enabled","status":"passed","title":"should trigger downgrade when exceeding budget with auto-downgrade enabled","duration":0.10237499999993815,"failureMessages":[],"meta":{}},{"ancestorTitles":["AICostControlService","checkBudget"],"fullName":"AICostControlService checkBudget should check project budget limit","status":"passed","title":"should check project budget limit","duration":0.07062500000006366,"failureMessages":[],"meta":{}},{"ancestorTitles":["AICostControlService","estimateCost"],"fullName":"AICostControlService estimateCost should calculate cost for known models","status":"passed","title":"should calculate cost for known models","duration":0.07904200000007222,"failureMessages":[],"meta":{}},{"ancestorTitles":["AICostControlService","estimateCost"],"fullName":"AICostControlService estimateCost should fallback to default for unknown models","status":"passed","title":"should fallback to default for unknown models","duration":0.038625000000024556,"failureMessages":[],"meta":{}},{"ancestorTitles":["AICostControlService","logUsage"],"fullName":"AICostControlService logUsage should log usage and update budgets","status":"passed","title":"should log usage and update budgets","duration":0.18154199999992215,"failureMessages":[],"meta":{}},{"ancestorTitles":["AICostControlService","logUsage"],"fullName":"AICostControlService logUsage should handle updates without project","status":"passed","title":"should handle updates without project","duration":0.04825000000005275,"failureMessages":[],"meta":{}},{"ancestorTitles":["AICostControlService","resetMonthlyUsage"],"fullName":"AICostControlService resetMonthlyUsage should reset usage for all scopes if unspecified","status":"passed","title":"should reset usage for all scopes if unspecified","duration":0.08145799999999781,"failureMessages":[],"meta":{}},{"ancestorTitles":["AICostControlService","resetMonthlyUsage"],"fullName":"AICostControlService resetMonthlyUsage should reset usage for specific scope","status":"passed","title":"should reset usage for specific scope","duration":0.9230420000000095,"failureMessages":[],"meta":{}},{"ancestorTitles":["AICostControlService","Model Selection"],"fullName":"AICostControlService Model Selection should return correct category for action","status":"passed","title":"should return correct category for action","duration":0.06500000000005457,"failureMessages":[],"meta":{}},{"ancestorTitles":["AICostControlService","Model Selection"],"fullName":"AICostControlService Model Selection should fallback to CHAT for unknown action","status":"passed","title":"should fallback to CHAT for unknown action","duration":0.03383300000007239,"failureMessages":[],"meta":{}},{"ancestorTitles":["AICostControlService","Model Selection"],"fullName":"AICostControlService Model Selection should prioritize role if present","status":"passed","title":"should prioritize role if present","duration":0.03008399999998801,"failureMessages":[],"meta":{}},{"ancestorTitles":["AICostControlService","getTierForBudget"],"fullName":"AICostControlService getTierForBudget should return tier 1 for non-downgraded reasoning","status":"passed","title":"should return tier 1 for non-downgraded reasoning","duration":0.05445899999995163,"failureMessages":[],"meta":{}},{"ancestorTitles":["AICostControlService","getTierForBudget"],"fullName":"AICostControlService getTierForBudget should downgrade premium to standard when budget constrained","status":"passed","title":"should downgrade premium to standard when budget constrained","duration":0.0414579999999205,"failureMessages":[],"meta":{}},{"ancestorTitles":["AICostControlService","getTierForBudget"],"fullName":"AICostControlService getTierForBudget should downgrade standard to budget when constrained","status":"passed","title":"should downgrade standard to budget when constrained","duration":0.03462500000000546,"failureMessages":[],"meta":{}},{"ancestorTitles":["AICostControlService","getTierForBudget"],"fullName":"AICostControlService getTierForBudget should keep budget tier at 3 even when constrained","status":"passed","title":"should keep budget tier at 3 even when constrained","duration":0.035207999999897766,"failureMessages":[],"meta":{}},{"ancestorTitles":["AICostControlService","Analytics"],"fullName":"AICostControlService Analytics should return usage summary","status":"passed","title":"should return usage summary","duration":0.15029099999992468,"failureMessages":[],"meta":{}},{"ancestorTitles":["AICostControlService","Analytics"],"fullName":"AICostControlService Analytics should return user usage","status":"passed","title":"should return user usage","duration":0.08866599999998925,"failureMessages":[],"meta":{}},{"ancestorTitles":["AICostControlService","Analytics"],"fullName":"AICostControlService Analytics should return all budgets","status":"passed","title":"should return all budgets","duration":0.17962499999998727,"failureMessages":[],"meta":{}}],"startTime":1767444596044,"endTime":1767444596049.1797,"status":"passed","message":"","name":"/Users/piotrwisniewski/Documents/Antygracity/DRD/consultify/tests/unit/backend/aiCostControlService.test.js"},{"assertionResults":[],"startTime":1767444592679,"endTime":1767444592679,"status":"failed","message":"module is not defined in ES module scope\nThis file is being treated as an ES module because it has a '.js' file extension and '/Users/piotrwisniewski/Documents/Antygracity/DRD/consultify/server/package.json' contains \"type\": \"module\". To treat it as a CommonJS script, rename it to use the '.cjs' file extension.","name":"/Users/piotrwisniewski/Documents/Antygracity/DRD/consultify/tests/unit/backend/aiExplainabilityService.test.js"},{"assertionResults":[{"ancestorTitles":["AI External Data Control","Internet Toggle"],"fullName":"AI External Data Control Internet Toggle should block external sources when internetEnabled is false","status":"passed","title":"should block external sources when internetEnabled is false","duration":0.7293750000000045,"failureMessages":[],"meta":{}},{"ancestorTitles":["AI External Data Control","Internet Toggle"],"fullName":"AI External Data Control Internet Toggle should allow external sources when internetEnabled is true","status":"passed","title":"should allow external sources when internetEnabled is true","duration":0.12595800000002555,"failureMessages":[],"meta":{}},{"ancestorTitles":["AI External Data Control","Internet Toggle"],"fullName":"AI External Data Control Internet Toggle should respect project-level internet toggle","status":"passed","title":"should respect project-level internet toggle","duration":0.06641700000000128,"failureMessages":[],"meta":{}},{"ancestorTitles":["AI External Data Control","RAG Toggle (GAP-03)"],"fullName":"AI External Data Control RAG Toggle (GAP-03) should disable RAG when rag_enabled is 0","status":"passed","title":"should disable RAG when rag_enabled is 0","duration":0.07149999999995771,"failureMessages":[],"meta":{}},{"ancestorTitles":["AI External Data Control","RAG Toggle (GAP-03)"],"fullName":"AI External Data Control RAG Toggle (GAP-03) should enable RAG by default","status":"passed","title":"should enable RAG by default","duration":0.06391600000000608,"failureMessages":[],"meta":{}}],"startTime":1767444596498,"endTime":1767444596499.126,"status":"passed","message":"","name":"/Users/piotrwisniewski/Documents/Antygracity/DRD/consultify/tests/unit/backend/aiExternalData.test.js"},{"assertionResults":[{"ancestorTitles":["AIFailureHandler","withFallback()"],"fullName":"AIFailureHandler withFallback() should execute AI function successfully","status":"passed","title":"should execute AI function successfully","duration":1.2693749999999682,"failureMessages":[],"meta":{}},{"ancestorTitles":["AIFailureHandler","withFallback()"],"fullName":"AIFailureHandler withFallback() should use fallback when AI function fails","status":"passed","title":"should use fallback when AI function fails","duration":0.34987499999999727,"failureMessages":[],"meta":{}},{"ancestorTitles":["AIFailureHandler","withFallback()"],"fullName":"AIFailureHandler withFallback() should handle timeout","status":"passed","title":"should handle timeout","duration":0.8652079999999387,"failureMessages":[],"meta":{}},{"ancestorTitles":["AIFailureHandler","withFallback()"],"fullName":"AIFailureHandler withFallback() should return graceful degradation when fallback also fails","status":"passed","title":"should return graceful degradation when fallback also fails","duration":0.24937499999998636,"failureMessages":[],"meta":{}},{"ancestorTitles":["AIFailureHandler","_identifyFailureType()"],"fullName":"AIFailureHandler _identifyFailureType() should identify timeout errors","status":"passed","title":"should identify timeout errors","duration":0.07504200000005312,"failureMessages":[],"meta":{}},{"ancestorTitles":["AIFailureHandler","_identifyFailureType()"],"fullName":"AIFailureHandler _identifyFailureType() should identify rate limit errors","status":"passed","title":"should identify rate limit errors","duration":0.053916999999955806,"failureMessages":[],"meta":{}},{"ancestorTitles":["AIFailureHandler","_identifyFailureType()"],"fullName":"AIFailureHandler _identifyFailureType() should identify budget exceeded errors","status":"passed","title":"should identify budget exceeded errors","duration":0.05091600000002927,"failureMessages":[],"meta":{}},{"ancestorTitles":["AIFailureHandler","_identifyFailureType()"],"fullName":"AIFailureHandler _identifyFailureType() should identify authentication errors","status":"passed","title":"should identify authentication errors","duration":0.051708999999959815,"failureMessages":[],"meta":{}},{"ancestorTitles":["AIFailureHandler","_identifyFailureType()"],"fullName":"AIFailureHandler _identifyFailureType() should default to unknown error","status":"passed","title":"should default to unknown error","duration":0.05458299999997962,"failureMessages":[],"meta":{}},{"ancestorTitles":["AIFailureHandler","logFailure()"],"fullName":"AIFailureHandler logFailure() should log failure to database","status":"passed","title":"should log failure to database","duration":0.8330419999999776,"failureMessages":[],"meta":{}},{"ancestorTitles":["AIFailureHandler","getRecentFailures()"],"fullName":"AIFailureHandler getRecentFailures() should return recent failures","status":"passed","title":"should return recent failures","duration":0.1468330000000151,"failureMessages":[],"meta":{}},{"ancestorTitles":["AIFailureHandler","degrade()"],"fullName":"AIFailureHandler degrade() should return degradation info for model unavailable","status":"passed","title":"should return degradation info for model unavailable","duration":0.0649590000000444,"failureMessages":[],"meta":{}},{"ancestorTitles":["AIFailureHandler","degrade()"],"fullName":"AIFailureHandler degrade() should return degradation info for budget exceeded","status":"passed","title":"should return degradation info for budget exceeded","duration":0.22754199999997127,"failureMessages":[],"meta":{}},{"ancestorTitles":["AIFailureHandler","degrade()"],"fullName":"AIFailureHandler degrade() should return degradation info for timeout","status":"passed","title":"should return degradation info for timeout","duration":0.042584000000033484,"failureMessages":[],"meta":{}},{"ancestorTitles":["AIFailureHandler","explainFailure()"],"fullName":"AIFailureHandler explainFailure() should return user-friendly explanation for timeout","status":"passed","title":"should return user-friendly explanation for timeout","duration":0.05729199999996126,"failureMessages":[],"meta":{}},{"ancestorTitles":["AIFailureHandler","explainFailure()"],"fullName":"AIFailureHandler explainFailure() should return explanation for budget exceeded","status":"passed","title":"should return explanation for budget exceeded","duration":0.04070899999999256,"failureMessages":[],"meta":{}},{"ancestorTitles":["AIFailureHandler","nonBlocking()"],"fullName":"AIFailureHandler nonBlocking() should return AI result when successful","status":"passed","title":"should return AI result when successful","duration":0.07175000000006548,"failureMessages":[],"meta":{}},{"ancestorTitles":["AIFailureHandler","nonBlocking()"],"fullName":"AIFailureHandler nonBlocking() should return default value when AI fails","status":"passed","title":"should return default value when AI fails","duration":0.09724999999991724,"failureMessages":[],"meta":{}},{"ancestorTitles":["AIFailureHandler","FAILURE_SCENARIOS and HEALTH_STATUS constants"],"fullName":"AIFailureHandler FAILURE_SCENARIOS and HEALTH_STATUS constants should have all expected failure scenarios","status":"passed","title":"should have all expected failure scenarios","duration":0.05216599999994287,"failureMessages":[],"meta":{}},{"ancestorTitles":["AIFailureHandler","FAILURE_SCENARIOS and HEALTH_STATUS constants"],"fullName":"AIFailureHandler FAILURE_SCENARIOS and HEALTH_STATUS constants should have all expected health statuses","status":"passed","title":"should have all expected health statuses","duration":0.041583999999943444,"failureMessages":[],"meta":{}}],"startTime":1767444596006,"endTime":1767444596011.2275,"status":"passed","message":"","name":"/Users/piotrwisniewski/Documents/Antygracity/DRD/consultify/tests/unit/backend/aiFailureHandler.test.js"},{"assertionResults":[{"ancestorTitles":["AI Integration Service","Logic: getProviderCapabilities"],"fullName":"AI Integration Service Logic: getProviderCapabilities should return correct capabilities for known providers","status":"passed","title":"should return correct capabilities for known providers","duration":38.25091699999996,"failureMessages":[],"meta":{}},{"ancestorTitles":["AI Integration Service","Logic: getProviderCapabilities"],"fullName":"AI Integration Service Logic: getProviderCapabilities should return empty array for unknown provider","status":"passed","title":"should return empty array for unknown provider","duration":18.50883299999998,"failureMessages":[],"meta":{}},{"ancestorTitles":["AI Integration Service","suggestSync"],"fullName":"AI Integration Service suggestSync should create pending action","status":"passed","title":"should create pending action","duration":5.631124999999997,"failureMessages":[],"meta":{}},{"ancestorTitles":["AI Integration Service","executeAction"],"fullName":"AI Integration Service executeAction should execute approved action and update status","status":"passed","title":"should execute approved action and update status","duration":9.87175000000002,"failureMessages":[],"meta":{}},{"ancestorTitles":["AI Integration Service","executeAction"],"fullName":"AI Integration Service executeAction should throw if action not found or not approved","status":"passed","title":"should throw if action not found or not approved","duration":11.848333000000025,"failureMessages":[],"meta":{}},{"ancestorTitles":["AI Integration Service","handleWebhook"],"fullName":"AI Integration Service handleWebhook should process webhook if integration active","status":"passed","title":"should process webhook if integration active","duration":14.029375000000073,"failureMessages":[],"meta":{}}],"startTime":1767444595068,"endTime":1767444595166.0293,"status":"passed","message":"","name":"/Users/piotrwisniewski/Documents/Antygracity/DRD/consultify/tests/unit/backend/aiIntegrationService.test.js"},{"assertionResults":[{"ancestorTitles":["AIMemoryManager","createSession()"],"fullName":"AIMemoryManager createSession() should create new session","status":"passed","title":"should create new session","duration":32.82212500000003,"failureMessages":[],"meta":{}},{"ancestorTitles":["AIMemoryManager","createSession()"],"fullName":"AIMemoryManager createSession() should create unique session IDs","status":"passed","title":"should create unique session IDs","duration":0.49424999999996544,"failureMessages":[],"meta":{}},{"ancestorTitles":["AIMemoryManager","addMessage()"],"fullName":"AIMemoryManager addMessage() should add message to session","status":"passed","title":"should add message to session","duration":0.6391660000000456,"failureMessages":[],"meta":{}},{"ancestorTitles":["AIMemoryManager","addMessage()"],"fullName":"AIMemoryManager addMessage() should add multiple messages","status":"passed","title":"should add multiple messages","duration":0.2766669999999749,"failureMessages":[],"meta":{}},{"ancestorTitles":["AIMemoryManager","recordProjectMemory()"],"fullName":"AIMemoryManager recordProjectMemory() should record project memory","status":"passed","title":"should record project memory","duration":0.7661669999999958,"failureMessages":[],"meta":{}},{"ancestorTitles":["AIMemoryManager","recordProjectMemory()"],"fullName":"AIMemoryManager recordProjectMemory() should handle database errors","status":"passed","title":"should handle database errors","duration":0.6989579999999478,"failureMessages":[],"meta":{}},{"ancestorTitles":["AIMemoryManager","recordDecision()"],"fullName":"AIMemoryManager recordDecision() should record decision with rationale","status":"passed","title":"should record decision with rationale","duration":0.2706670000000031,"failureMessages":[],"meta":{}},{"ancestorTitles":["AIMemoryManager","recordPhaseTransition()"],"fullName":"AIMemoryManager recordPhaseTransition() should record phase transition","status":"passed","title":"should record phase transition","duration":0.232167000000004,"failureMessages":[],"meta":{}},{"ancestorTitles":["AIMemoryManager","recordRecommendation()"],"fullName":"AIMemoryManager recordRecommendation() should record recommendation and user response","status":"passed","title":"should record recommendation and user response","duration":0.23004199999991215,"failureMessages":[],"meta":{}},{"ancestorTitles":["AIMemoryManager","getProjectMemory()"],"fullName":"AIMemoryManager getProjectMemory() should retrieve project memories","status":"passed","title":"should retrieve project memories","duration":0.3885420000000295,"failureMessages":[],"meta":{}},{"ancestorTitles":["AIMemoryManager","getProjectMemory()"],"fullName":"AIMemoryManager getProjectMemory() should filter by memory type","status":"passed","title":"should filter by memory type","duration":0.19762500000001637,"failureMessages":[],"meta":{}},{"ancestorTitles":["AIMemoryManager","buildProjectMemorySummary()"],"fullName":"AIMemoryManager buildProjectMemorySummary() should build project memory summary","status":"passed","title":"should build project memory summary","duration":0.27374999999995,"failureMessages":[],"meta":{}}],"startTime":1767444594965,"endTime":1767444595002.2737,"status":"passed","message":"","name":"/Users/piotrwisniewski/Documents/Antygracity/DRD/consultify/tests/unit/backend/aiMemoryManager.test.js"},{"assertionResults":[],"startTime":1767444592679,"endTime":1767444592679,"status":"failed","message":"require is not defined in ES module scope, you can use import instead\nThis file is being treated as an ES module because it has a '.js' file extension and '/Users/piotrwisniewski/Documents/Antygracity/DRD/consultify/server/package.json' contains \"type\": \"module\". To treat it as a CommonJS script, rename it to use the '.cjs' file extension.","name":"/Users/piotrwisniewski/Documents/Antygracity/DRD/consultify/tests/unit/backend/aiOrchestrator.test.js"},{"assertionResults":[],"startTime":1767444592679,"endTime":1767444592679,"status":"failed","message":"require is not defined in ES module scope, you can use import instead\nThis file is being treated as an ES module because it has a '.js' file extension and '/Users/piotrwisniewski/Documents/Antygracity/DRD/consultify/server/package.json' contains \"type\": \"module\". To treat it as a CommonJS script, rename it to use the '.cjs' file extension.","name":"/Users/piotrwisniewski/Documents/Antygracity/DRD/consultify/tests/unit/backend/aiPlaybookService.test.js"},{"assertionResults":[],"startTime":1767444592679,"endTime":1767444592679,"status":"failed","message":"require is not defined in ES module scope, you can use import instead\nThis file is being treated as an ES module because it has a '.js' file extension and '/Users/piotrwisniewski/Documents/Antygracity/DRD/consultify/server/package.json' contains \"type\": \"module\". To treat it as a CommonJS script, rename it to use the '.cjs' file extension.","name":"/Users/piotrwisniewski/Documents/Antygracity/DRD/consultify/tests/unit/backend/aiProactivityEngine.test.js"},{"assertionResults":[],"startTime":1767444592679,"endTime":1767444592679,"status":"failed","message":"require is not defined in ES module scope, you can use import instead\nThis file is being treated as an ES module because it has a '.js' file extension and '/Users/piotrwisniewski/Documents/Antygracity/DRD/consultify/server/package.json' contains \"type\": \"module\". To treat it as a CommonJS script, rename it to use the '.cjs' file extension.","name":"/Users/piotrwisniewski/Documents/Antygracity/DRD/consultify/tests/unit/backend/aiRecommendationEngine.test.js"},{"assertionResults":[{"ancestorTitles":["AIRecommendationService","generateRecommendations"],"fullName":"AIRecommendationService generateRecommendations should generate recommendations based on gaps","status":"passed","title":"should generate recommendations based on gaps","duration":61.42224999999996,"failureMessages":[],"meta":{}},{"ancestorTitles":["AIRecommendationService","generateRecommendations"],"fullName":"AIRecommendationService generateRecommendations should prioritize axes with larger gaps","status":"passed","title":"should prioritize axes with larger gaps","duration":0.5443750000000591,"failureMessages":[],"meta":{}},{"ancestorTitles":["AIRecommendationService","generateRecommendations"],"fullName":"AIRecommendationService generateRecommendations should filter recommendations by gap size","status":"passed","title":"should filter recommendations by gap size","duration":0.3305830000000469,"failureMessages":[],"meta":{}},{"ancestorTitles":["AIRecommendationService","generateRecommendations"],"fullName":"AIRecommendationService generateRecommendations should return empty array when no gaps","status":"passed","title":"should return empty array when no gaps","duration":0.31358399999999165,"failureMessages":[],"meta":{}},{"ancestorTitles":["AIRecommendationService","generateRecommendations"],"fullName":"AIRecommendationService generateRecommendations should limit recommendations per axis","status":"passed","title":"should limit recommendations per axis","duration":0.29970800000000963,"failureMessages":[],"meta":{}},{"ancestorTitles":["AIRecommendationService","Database Operations"],"fullName":"AIRecommendationService Database Operations should get stored recommendations","status":"passed","title":"should get stored recommendations","duration":0.27962500000001,"failureMessages":[],"meta":{}},{"ancestorTitles":["AIRecommendationService","Database Operations"],"fullName":"AIRecommendationService Database Operations should save recommendations","status":"passed","title":"should save recommendations","duration":0.3051660000000993,"failureMessages":[],"meta":{}}],"startTime":1767444595103,"endTime":1767444595166.3052,"status":"passed","message":"","name":"/Users/piotrwisniewski/Documents/Antygracity/DRD/consultify/tests/unit/backend/aiRecommendationService.test.js"},{"assertionResults":[{"ancestorTitles":["AIRoleGuard","getProjectRole()"],"fullName":"AIRoleGuard getProjectRole() should return ADVISOR as default for null projectId","status":"passed","title":"should return ADVISOR as default for null projectId","duration":0.635291000000052,"failureMessages":[],"meta":{}},{"ancestorTitles":["AIRoleGuard","getProjectRole()"],"fullName":"AIRoleGuard getProjectRole() should return project AI role from database","status":"passed","title":"should return project AI role from database","duration":1.0726250000000164,"failureMessages":[],"meta":{}},{"ancestorTitles":["AIRoleGuard","getProjectRole()"],"fullName":"AIRoleGuard getProjectRole() should default to ADVISOR when project not found","status":"passed","title":"should default to ADVISOR when project not found","duration":0.10641599999996743,"failureMessages":[],"meta":{}},{"ancestorTitles":["AIRoleGuard","getProjectRole()"],"fullName":"AIRoleGuard getProjectRole() should default to ADVISOR on database error","status":"passed","title":"should default to ADVISOR on database error","duration":2.8489170000000286,"failureMessages":[],"meta":{}},{"ancestorTitles":["AIRoleGuard","setProjectRole()"],"fullName":"AIRoleGuard setProjectRole() should set project AI role","status":"passed","title":"should set project AI role","duration":0.3057089999999789,"failureMessages":[],"meta":{}},{"ancestorTitles":["AIRoleGuard","setProjectRole()"],"fullName":"AIRoleGuard setProjectRole() should reject invalid role","status":"passed","title":"should reject invalid role","duration":0.5378749999999854,"failureMessages":[],"meta":{}},{"ancestorTitles":["AIRoleGuard","setProjectRole()"],"fullName":"AIRoleGuard setProjectRole() should handle database errors","status":"passed","title":"should handle database errors","duration":0.2819170000000213,"failureMessages":[],"meta":{}},{"ancestorTitles":["AIRoleGuard","canPerformAction()"],"fullName":"AIRoleGuard canPerformAction() should allow EXPLAIN_CONTEXT for ADVISOR","status":"passed","title":"should allow EXPLAIN_CONTEXT for ADVISOR","duration":0.09299999999996089,"failureMessages":[],"meta":{}},{"ancestorTitles":["AIRoleGuard","canPerformAction()"],"fullName":"AIRoleGuard canPerformAction() should block CREATE_DRAFT_TASK for ADVISOR","status":"passed","title":"should block CREATE_DRAFT_TASK for ADVISOR","duration":0.11520799999993869,"failureMessages":[],"meta":{}},{"ancestorTitles":["AIRoleGuard","canPerformAction()"],"fullName":"AIRoleGuard canPerformAction() should allow CREATE_DRAFT_TASK for MANAGER","status":"passed","title":"should allow CREATE_DRAFT_TASK for MANAGER","duration":0.08383300000002691,"failureMessages":[],"meta":{}},{"ancestorTitles":["AIRoleGuard","canPerformAction()"],"fullName":"AIRoleGuard canPerformAction() should allow EXECUTE_TASK_UPDATE for OPERATOR","status":"passed","title":"should allow EXECUTE_TASK_UPDATE for OPERATOR","duration":0.07604200000002947,"failureMessages":[],"meta":{}},{"ancestorTitles":["AIRoleGuard","canPerformAction()"],"fullName":"AIRoleGuard canPerformAction() should block EXECUTE_TASK_UPDATE for MANAGER","status":"passed","title":"should block EXECUTE_TASK_UPDATE for MANAGER","duration":0.06062499999995907,"failureMessages":[],"meta":{}},{"ancestorTitles":["AIRoleGuard","canPerformAction()"],"fullName":"AIRoleGuard canPerformAction() should allow unknown action types (default allow)","status":"passed","title":"should allow unknown action types (default allow)","duration":0.060417000000029475,"failureMessages":[],"meta":{}},{"ancestorTitles":["AIRoleGuard","isActionBlocked()"],"fullName":"AIRoleGuard isActionBlocked() should return blocked=false for allowed actions","status":"passed","title":"should return blocked=false for allowed actions","duration":0.0747079999999869,"failureMessages":[],"meta":{}},{"ancestorTitles":["AIRoleGuard","isActionBlocked()"],"fullName":"AIRoleGuard isActionBlocked() should return blocked=true with details for blocked actions","status":"passed","title":"should return blocked=true with details for blocked actions","duration":0.08395800000005238,"failureMessages":[],"meta":{}},{"ancestorTitles":["AIRoleGuard","validateMutation()"],"fullName":"AIRoleGuard validateMutation() should block all mutations for ADVISOR","status":"passed","title":"should block all mutations for ADVISOR","duration":0.07520799999997507,"failureMessages":[],"meta":{}},{"ancestorTitles":["AIRoleGuard","validateMutation()"],"fullName":"AIRoleGuard validateMutation() should allow mutations as drafts for MANAGER","status":"passed","title":"should allow mutations as drafts for MANAGER","duration":0.06970799999999144,"failureMessages":[],"meta":{}},{"ancestorTitles":["AIRoleGuard","validateMutation()"],"fullName":"AIRoleGuard validateMutation() should allow mutations for OPERATOR","status":"passed","title":"should allow mutations for OPERATOR","duration":0.06545900000003257,"failureMessages":[],"meta":{}},{"ancestorTitles":["AIRoleGuard","validateMutation()"],"fullName":"AIRoleGuard validateMutation() should fail-safe to ADVISOR for unknown role","status":"passed","title":"should fail-safe to ADVISOR for unknown role","duration":0.08037500000000364,"failureMessages":[],"meta":{}},{"ancestorTitles":["AIRoleGuard","getRoleCapabilities()"],"fullName":"AIRoleGuard getRoleCapabilities() should return capabilities for ADVISOR","status":"passed","title":"should return capabilities for ADVISOR","duration":0.06583299999999781,"failureMessages":[],"meta":{}},{"ancestorTitles":["AIRoleGuard","getRoleCapabilities()"],"fullName":"AIRoleGuard getRoleCapabilities() should return capabilities for MANAGER","status":"passed","title":"should return capabilities for MANAGER","duration":0.04437499999994543,"failureMessages":[],"meta":{}},{"ancestorTitles":["AIRoleGuard","getRoleCapabilities()"],"fullName":"AIRoleGuard getRoleCapabilities() should return capabilities for OPERATOR","status":"passed","title":"should return capabilities for OPERATOR","duration":0.04200000000003001,"failureMessages":[],"meta":{}},{"ancestorTitles":["AIRoleGuard","getRoleCapabilities()"],"fullName":"AIRoleGuard getRoleCapabilities() should default to ADVISOR for unknown role","status":"passed","title":"should default to ADVISOR for unknown role","duration":0.036207999999987805,"failureMessages":[],"meta":{}},{"ancestorTitles":["AIRoleGuard","getRoleConfig()"],"fullName":"AIRoleGuard getRoleConfig() should return full role configuration","status":"passed","title":"should return full role configuration","duration":0.1084170000000313,"failureMessages":[],"meta":{}}],"startTime":1767444595744,"endTime":1767444595751.1084,"status":"passed","message":"","name":"/Users/piotrwisniewski/Documents/Antygracity/DRD/consultify/tests/unit/backend/aiRoleGuard.test.js"},{"assertionResults":[{"ancestorTitles":["AIService Test Suite","Core Logic"],"fullName":"AIService Test Suite Core Logic should use Google Gemini by default if checks pass","status":"skipped","title":"should use Google Gemini by default if checks pass","failureMessages":[],"meta":{}},{"ancestorTitles":["AIService Test Suite","Core Logic"],"fullName":"AIService Test Suite Core Logic should block if balance is insufficient","status":"skipped","title":"should block if balance is insufficient","failureMessages":[],"meta":{}},{"ancestorTitles":["AIService Test Suite","Core Logic"],"fullName":"AIService Test Suite Core Logic should call OpenAI via fetch when provider is openai","status":"skipped","title":"should call OpenAI via fetch when provider is openai","failureMessages":[],"meta":{}},{"ancestorTitles":["AIService Test Suite","Core Logic"],"fullName":"AIService Test Suite Core Logic should call Anthropic via fetch when provider is anthropic","status":"skipped","title":"should call Anthropic via fetch when provider is anthropic","failureMessages":[],"meta":{}},{"ancestorTitles":["AIService Test Suite","generateInitiatives"],"fullName":"AIService Test Suite generateInitiatives should parse JSON response correctly","status":"skipped","title":"should parse JSON response correctly","failureMessages":[],"meta":{}},{"ancestorTitles":["AIService Test Suite","generateInitiatives"],"fullName":"AIService Test Suite generateInitiatives should return empty array on JSON parse error","status":"skipped","title":"should return empty array on JSON parse error","failureMessages":[],"meta":{}},{"ancestorTitles":["AIService Test Suite","streamLLM"],"fullName":"AIService Test Suite streamLLM should yield chunks from Gemini stream","status":"skipped","title":"should yield chunks from Gemini stream","failureMessages":[],"meta":{}},{"ancestorTitles":["AIService Test Suite","streamLLM"],"fullName":"AIService Test Suite streamLLM should handle errors in stream","status":"skipped","title":"should handle errors in stream","failureMessages":[],"meta":{}},{"ancestorTitles":["AIService Test Suite","Vision Capabilities"],"fullName":"AIService Test Suite Vision Capabilities should format payload correctly for OpenAI Vision","status":"skipped","title":"should format payload correctly for OpenAI Vision","failureMessages":[],"meta":{}},{"ancestorTitles":["AIService Test Suite","Vision Capabilities"],"fullName":"AIService Test Suite Vision Capabilities should use Gemini 1.5 Flash for vision fallback","status":"skipped","title":"should use Gemini 1.5 Flash for vision fallback","failureMessages":[],"meta":{}},{"ancestorTitles":["AIService Test Suite","Advanced Streaming"],"fullName":"AIService Test Suite Advanced Streaming should parse OpenAI SSE stream correctly","status":"skipped","title":"should parse OpenAI SSE stream correctly","failureMessages":[],"meta":{}},{"ancestorTitles":["AIService Test Suite","Advanced Streaming"],"fullName":"AIService Test Suite Advanced Streaming should handle OpenAI stream error","status":"skipped","title":"should handle OpenAI stream error","failureMessages":[],"meta":{}},{"ancestorTitles":["AIService Test Suite","Provider Integrations"],"fullName":"AIService Test Suite Provider Integrations should generate JWT for Zhipu AI provider","status":"skipped","title":"should generate JWT for Zhipu AI provider","failureMessages":[],"meta":{}},{"ancestorTitles":["AIService Test Suite","Extended AI Capabilities"],"fullName":"AIService Test Suite Extended AI Capabilities should return parsed insights when LLM returns valid JSON","status":"skipped","title":"should return parsed insights when LLM returns valid JSON","failureMessages":[],"meta":{}},{"ancestorTitles":["AIService Test Suite","Extended AI Capabilities"],"fullName":"AIService Test Suite Extended AI Capabilities should return fallback object on LLM failure","status":"skipped","title":"should return fallback object on LLM failure","failureMessages":[],"meta":{}},{"ancestorTitles":["AIService Test Suite","Extended AI Capabilities"],"fullName":"AIService Test Suite Extended AI Capabilities should combine financial simulation with AI commentary","status":"skipped","title":"should combine financial simulation with AI commentary","failureMessages":[],"meta":{}},{"ancestorTitles":["AIService Test Suite","Extended AI Capabilities"],"fullName":"AIService Test Suite Extended AI Capabilities should return just simulation if AI fails","status":"skipped","title":"should return just simulation if AI fails","failureMessages":[],"meta":{}}],"startTime":1767444592679,"endTime":1767444592679,"status":"failed","message":"","name":"/Users/piotrwisniewski/Documents/Antygracity/DRD/consultify/tests/unit/backend/aiService.test.js"},{"assertionResults":[],"startTime":1767444592679,"endTime":1767444592679,"status":"failed","message":"Cannot find module '/server/ai/aiSignalEngine' imported from '/Users/piotrwisniewski/Documents/Antygracity/DRD/consultify/tests/unit/backend/aiSignalEngine.test.js'","name":"/Users/piotrwisniewski/Documents/Antygracity/DRD/consultify/tests/unit/backend/aiSignalEngine.test.js"},{"assertionResults":[{"ancestorTitles":["AI Workload Intelligence Service","Logic: _getWorkloadStatus"],"fullName":"AI Workload Intelligence Service Logic: _getWorkloadStatus should classify utilization correctly","status":"passed","title":"should classify utilization correctly","duration":73.50524999999993,"failureMessages":[],"meta":{}},{"ancestorTitles":["AI Workload Intelligence Service","Logic: _calculateBurnoutRisk"],"fullName":"AI Workload Intelligence Service Logic: _calculateBurnoutRisk should calculate risk score based on factors","status":"passed","title":"should calculate risk score based on factors","duration":0.3534579999999323,"failureMessages":[],"meta":{}},{"ancestorTitles":["AI Workload Intelligence Service","getPortfolioWorkload"],"fullName":"AI Workload Intelligence Service getPortfolioWorkload should calculate workload metrics from DB data","status":"passed","title":"should calculate workload metrics from DB data","duration":0.4538749999999254,"failureMessages":[],"meta":{}},{"ancestorTitles":["AI Workload Intelligence Service","detectOverAllocation"],"fullName":"AI Workload Intelligence Service detectOverAllocation should detect users with weeks exceeding capacity","status":"passed","title":"should detect users with weeks exceeding capacity","duration":0.3938750000000937,"failureMessages":[],"meta":{}},{"ancestorTitles":["AI Workload Intelligence Service","suggestRebalancing"],"fullName":"AI Workload Intelligence Service suggestRebalancing should return no suggestions if no over-allocation","status":"passed","title":"should return no suggestions if no over-allocation","duration":0.25579100000004473,"failureMessages":[],"meta":{}},{"ancestorTitles":["AI Workload Intelligence Service","suggestRebalancing"],"fullName":"AI Workload Intelligence Service suggestRebalancing should suggest reassignment when capacity exists","status":"passed","title":"should suggest reassignment when capacity exists","duration":0.2742079999999305,"failureMessages":[],"meta":{}}],"startTime":1767444595107,"endTime":1767444595183.2742,"status":"passed","message":"","name":"/Users/piotrwisniewski/Documents/Antygracity/DRD/consultify/tests/unit/backend/aiWorkloadIntelligence.test.js"},{"assertionResults":[],"startTime":1767444592679,"endTime":1767444592679,"status":"failed","message":"module is not defined in ES module scope\nThis file is being treated as an ES module because it has a '.js' file extension and '/Users/piotrwisniewski/Documents/Antygracity/DRD/consultify/server/package.json' contains \"type\": \"module\". To treat it as a CommonJS script, rename it to use the '.cjs' file extension.","name":"/Users/piotrwisniewski/Documents/Antygracity/DRD/consultify/tests/unit/backend/alertService.test.js"},{"assertionResults":[{"ancestorTitles":["AssessmentAuditLogger","log"],"fullName":"AssessmentAuditLogger log should log audit event with all required fields","status":"passed","title":"should log audit event with all required fields","duration":98.66820800000005,"failureMessages":[],"meta":{}},{"ancestorTitles":["AssessmentAuditLogger","log"],"fullName":"AssessmentAuditLogger log should handle missing optional fields","status":"passed","title":"should handle missing optional fields","duration":0.30654100000003837,"failureMessages":[],"meta":{}},{"ancestorTitles":["AssessmentAuditLogger","log"],"fullName":"AssessmentAuditLogger log should stringify details object","status":"passed","title":"should stringify details object","duration":0.5647089999999935,"failureMessages":[],"meta":{}},{"ancestorTitles":["AssessmentAuditLogger","log"],"fullName":"AssessmentAuditLogger log should reject on database error - implementation catches errors silently","status":"skipped","title":"should reject on database error - implementation catches errors silently","failureMessages":[],"meta":{}},{"ancestorTitles":["AssessmentAuditLogger","log"],"fullName":"AssessmentAuditLogger log should include timestamp in log","status":"passed","title":"should include timestamp in log","duration":0.15645899999992707,"failureMessages":[],"meta":{}},{"ancestorTitles":["AssessmentAuditLogger","Action Types"],"fullName":"AssessmentAuditLogger Action Types should log WORKFLOW_INITIALIZED action","status":"passed","title":"should log WORKFLOW_INITIALIZED action","duration":0.23850000000004457,"failureMessages":[],"meta":{}},{"ancestorTitles":["AssessmentAuditLogger","Action Types"],"fullName":"AssessmentAuditLogger Action Types should log SUBMITTED_FOR_REVIEW action","status":"passed","title":"should log SUBMITTED_FOR_REVIEW action","duration":0.12987500000008367,"failureMessages":[],"meta":{}},{"ancestorTitles":["AssessmentAuditLogger","Action Types"],"fullName":"AssessmentAuditLogger Action Types should log REVIEW_SUBMITTED action","status":"passed","title":"should log REVIEW_SUBMITTED action","duration":0.12291700000002947,"failureMessages":[],"meta":{}},{"ancestorTitles":["AssessmentAuditLogger","Action Types"],"fullName":"AssessmentAuditLogger Action Types should log ASSESSMENT_APPROVED action","status":"passed","title":"should log ASSESSMENT_APPROVED action","duration":0.1017500000000382,"failureMessages":[],"meta":{}},{"ancestorTitles":["AssessmentAuditLogger","Action Types"],"fullName":"AssessmentAuditLogger Action Types should log ASSESSMENT_REJECTED action","status":"passed","title":"should log ASSESSMENT_REJECTED action","duration":0.10225000000002638,"failureMessages":[],"meta":{}},{"ancestorTitles":["AssessmentAuditLogger","Action Types"],"fullName":"AssessmentAuditLogger Action Types should log VERSION_RESTORED action","status":"passed","title":"should log VERSION_RESTORED action","duration":0.10658300000000054,"failureMessages":[],"meta":{}},{"ancestorTitles":["AssessmentAuditLogger","Action Types"],"fullName":"AssessmentAuditLogger Action Types should log PDF_EXPORTED action","status":"passed","title":"should log PDF_EXPORTED action","duration":0.08987500000000637,"failureMessages":[],"meta":{}},{"ancestorTitles":["AssessmentAuditLogger","Action Types"],"fullName":"AssessmentAuditLogger Action Types should log EXCEL_EXPORTED action","status":"passed","title":"should log EXCEL_EXPORTED action","duration":0.08491700000001856,"failureMessages":[],"meta":{}},{"ancestorTitles":["AssessmentAuditLogger","Action Types"],"fullName":"AssessmentAuditLogger Action Types should log COMMENT_ADDED action","status":"passed","title":"should log COMMENT_ADDED action","duration":0.07299999999997908,"failureMessages":[],"meta":{}},{"ancestorTitles":["AssessmentAuditLogger","Action Types"],"fullName":"AssessmentAuditLogger Action Types should log AXIS_UPDATED action","status":"passed","title":"should log AXIS_UPDATED action","duration":0.06875000000002274,"failureMessages":[],"meta":{}},{"ancestorTitles":["AssessmentAuditLogger","Action Types"],"fullName":"AssessmentAuditLogger Action Types should log SCORE_CHANGED action","status":"passed","title":"should log SCORE_CHANGED action","duration":0.06320800000003146,"failureMessages":[],"meta":{}},{"ancestorTitles":["AssessmentAuditLogger","Resource Types"],"fullName":"AssessmentAuditLogger Resource Types should log ASSESSMENT resource type","status":"passed","title":"should log ASSESSMENT resource type","duration":0.10245900000006714,"failureMessages":[],"meta":{}},{"ancestorTitles":["AssessmentAuditLogger","Resource Types"],"fullName":"AssessmentAuditLogger Resource Types should log ASSESSMENT_WORKFLOW resource type","status":"passed","title":"should log ASSESSMENT_WORKFLOW resource type","duration":0.06429199999990942,"failureMessages":[],"meta":{}},{"ancestorTitles":["AssessmentAuditLogger","Resource Types"],"fullName":"AssessmentAuditLogger Resource Types should log ASSESSMENT_REVIEW resource type","status":"passed","title":"should log ASSESSMENT_REVIEW resource type","duration":0.0747079999999869,"failureMessages":[],"meta":{}},{"ancestorTitles":["AssessmentAuditLogger","Resource Types"],"fullName":"AssessmentAuditLogger Resource Types should log ASSESSMENT_VERSION resource type","status":"passed","title":"should log ASSESSMENT_VERSION resource type","duration":0.06683399999997164,"failureMessages":[],"meta":{}},{"ancestorTitles":["AssessmentAuditLogger","Resource Types"],"fullName":"AssessmentAuditLogger Resource Types should log ASSESSMENT_REPORT resource type","status":"passed","title":"should log ASSESSMENT_REPORT resource type","duration":0.06679200000007768,"failureMessages":[],"meta":{}},{"ancestorTitles":["AssessmentAuditLogger","Resource Types"],"fullName":"AssessmentAuditLogger Resource Types should log ASSESSMENT_COMMENT resource type","status":"passed","title":"should log ASSESSMENT_COMMENT resource type","duration":0.05829100000005383,"failureMessages":[],"meta":{}},{"ancestorTitles":["AssessmentAuditLogger","getAuditLog (NOT IMPLEMENTED)"],"fullName":"AssessmentAuditLogger getAuditLog (NOT IMPLEMENTED) should retrieve audit logs for assessment","status":"skipped","title":"should retrieve audit logs for assessment","failureMessages":[],"meta":{}},{"ancestorTitles":["AssessmentAuditLogger","getAuditLog (NOT IMPLEMENTED)"],"fullName":"AssessmentAuditLogger getAuditLog (NOT IMPLEMENTED) should filter by date range","status":"skipped","title":"should filter by date range","failureMessages":[],"meta":{}},{"ancestorTitles":["AssessmentAuditLogger","getAuditLog (NOT IMPLEMENTED)"],"fullName":"AssessmentAuditLogger getAuditLog (NOT IMPLEMENTED) should filter by action type","status":"skipped","title":"should filter by action type","failureMessages":[],"meta":{}},{"ancestorTitles":["AssessmentAuditLogger","getAuditLog (NOT IMPLEMENTED)"],"fullName":"AssessmentAuditLogger getAuditLog (NOT IMPLEMENTED) should filter by user","status":"skipped","title":"should filter by user","failureMessages":[],"meta":{}},{"ancestorTitles":["AssessmentAuditLogger","getAuditLog (NOT IMPLEMENTED)"],"fullName":"AssessmentAuditLogger getAuditLog (NOT IMPLEMENTED) should return empty array for no logs","status":"skipped","title":"should return empty array for no logs","failureMessages":[],"meta":{}},{"ancestorTitles":["AssessmentAuditLogger","getAuditLog (NOT IMPLEMENTED)"],"fullName":"AssessmentAuditLogger getAuditLog (NOT IMPLEMENTED) should handle database error","status":"skipped","title":"should handle database error","failureMessages":[],"meta":{}},{"ancestorTitles":["AssessmentAuditLogger","getAuditLogByOrganization (NOT IMPLEMENTED)"],"fullName":"AssessmentAuditLogger getAuditLogByOrganization (NOT IMPLEMENTED) should retrieve audit logs for organization","status":"skipped","title":"should retrieve audit logs for organization","failureMessages":[],"meta":{}},{"ancestorTitles":["AssessmentAuditLogger","getAuditLogByOrganization (NOT IMPLEMENTED)"],"fullName":"AssessmentAuditLogger getAuditLogByOrganization (NOT IMPLEMENTED) should support pagination","status":"skipped","title":"should support pagination","failureMessages":[],"meta":{}},{"ancestorTitles":["AssessmentAuditLogger","exportAuditLog (NOT IMPLEMENTED)"],"fullName":"AssessmentAuditLogger exportAuditLog (NOT IMPLEMENTED) should export audit log as JSON","status":"skipped","title":"should export audit log as JSON","failureMessages":[],"meta":{}},{"ancestorTitles":["AssessmentAuditLogger","exportAuditLog (NOT IMPLEMENTED)"],"fullName":"AssessmentAuditLogger exportAuditLog (NOT IMPLEMENTED) should export audit log as CSV","status":"skipped","title":"should export audit log as CSV","failureMessages":[],"meta":{}},{"ancestorTitles":["AssessmentAuditLogger","Edge Cases"],"fullName":"AssessmentAuditLogger Edge Cases should handle null details","status":"passed","title":"should handle null details","duration":0.08262500000000728,"failureMessages":[],"meta":{}},{"ancestorTitles":["AssessmentAuditLogger","Edge Cases"],"fullName":"AssessmentAuditLogger Edge Cases should handle empty string values","status":"passed","title":"should handle empty string values","duration":0.0757499999999709,"failureMessages":[],"meta":{}},{"ancestorTitles":["AssessmentAuditLogger","Edge Cases"],"fullName":"AssessmentAuditLogger Edge Cases should handle special characters in details","status":"passed","title":"should handle special characters in details","duration":0.06879100000003291,"failureMessages":[],"meta":{}},{"ancestorTitles":["AssessmentAuditLogger","Edge Cases"],"fullName":"AssessmentAuditLogger Edge Cases should handle very long details","status":"passed","title":"should handle very long details","duration":0.08137499999997999,"failureMessages":[],"meta":{}},{"ancestorTitles":["AssessmentAuditLogger","Concurrency"],"fullName":"AssessmentAuditLogger Concurrency should handle multiple simultaneous log writes","status":"passed","title":"should handle multiple simultaneous log writes","duration":11.94745899999998,"failureMessages":[],"meta":{}}],"startTime":1767444595234,"endTime":1767444595346.9475,"status":"passed","message":"","name":"/Users/piotrwisniewski/Documents/Antygracity/DRD/consultify/tests/unit/backend/assessmentAuditLogger.test.js"},{"assertionResults":[{"ancestorTitles":["AssessmentOverviewService","getAssessmentOverview"],"fullName":"AssessmentOverviewService getAssessmentOverview should return comprehensive assessment overview","status":"passed","title":"should return comprehensive assessment overview","duration":43.789041,"failureMessages":[],"meta":{}},{"ancestorTitles":["AssessmentOverviewService","getAssessmentOverview"],"fullName":"AssessmentOverviewService getAssessmentOverview should handle organization with no assessments","status":"passed","title":"should handle organization with no assessments","duration":0.44129099999997834,"failureMessages":[],"meta":{}},{"ancestorTitles":["AssessmentOverviewService","getAssessmentOverview"],"fullName":"AssessmentOverviewService getAssessmentOverview should include project filter when provided","status":"passed","title":"should include project filter when provided","duration":0.27095900000000483,"failureMessages":[],"meta":{}},{"ancestorTitles":["AssessmentOverviewService","getAssessmentsList"],"fullName":"AssessmentOverviewService getAssessmentsList should return list of assessments for table view","status":"passed","title":"should return list of assessments for table view","duration":0.21433300000001054,"failureMessages":[],"meta":{}},{"ancestorTitles":["AssessmentOverviewService","getAssessmentsList"],"fullName":"AssessmentOverviewService getAssessmentsList should return empty array when no assessments exist","status":"passed","title":"should return empty array when no assessments exist","duration":0.23612500000001546,"failureMessages":[],"meta":{}},{"ancestorTitles":["AssessmentOverviewService","getAssessmentDetails"],"fullName":"AssessmentOverviewService getAssessmentDetails should return full assessment details","status":"passed","title":"should return full assessment details","duration":0.4741660000000252,"failureMessages":[],"meta":{}},{"ancestorTitles":["AssessmentOverviewService","getAssessmentDetails"],"fullName":"AssessmentOverviewService getAssessmentDetails should return null for non-existent assessment","status":"passed","title":"should return null for non-existent assessment","duration":2.377917000000025,"failureMessages":[],"meta":{}},{"ancestorTitles":["AssessmentOverviewService","getReportsList"],"fullName":"AssessmentOverviewService getReportsList should return list of reports","status":"passed","title":"should return list of reports","duration":2.3780419999999935,"failureMessages":[],"meta":{}},{"ancestorTitles":["AssessmentOverviewService","getReportsList"],"fullName":"AssessmentOverviewService getReportsList should return empty array when no reports exist","status":"passed","title":"should return empty array when no reports exist","duration":0.3445830000000001,"failureMessages":[],"meta":{}},{"ancestorTitles":["AssessmentOverviewService","getDRDSummary"],"fullName":"AssessmentOverviewService getDRDSummary should return DRD assessment summary","status":"passed","title":"should return DRD assessment summary","duration":0.2825409999999806,"failureMessages":[],"meta":{}},{"ancestorTitles":["AssessmentOverviewService","calculateConsolidatedMetrics"],"fullName":"AssessmentOverviewService calculateConsolidatedMetrics should calculate consolidated metrics from overview data","status":"passed","title":"should calculate consolidated metrics from overview data","duration":0.2089159999999879,"failureMessages":[],"meta":{}},{"ancestorTitles":["AssessmentOverviewService","convertAxisScoresToFrontendFormat"],"fullName":"AssessmentOverviewService convertAxisScoresToFrontendFormat should convert DB axis scores to frontend format","status":"passed","title":"should convert DB axis scores to frontend format","duration":0.2195000000000391,"failureMessages":[],"meta":{}},{"ancestorTitles":["AssessmentOverviewService","convertAxisScoresToFrontendFormat"],"fullName":"AssessmentOverviewService convertAxisScoresToFrontendFormat should handle array format scores","status":"passed","title":"should handle array format scores","duration":0.1953749999999559,"failureMessages":[],"meta":{}},{"ancestorTitles":["AssessmentOverviewService","convertAxisScoresToFrontendFormat"],"fullName":"AssessmentOverviewService convertAxisScoresToFrontendFormat should handle null/undefined input","status":"passed","title":"should handle null/undefined input","duration":0.17333399999995436,"failureMessages":[],"meta":{}},{"ancestorTitles":["AssessmentOverviewService","Error Handling"],"fullName":"AssessmentOverviewService Error Handling should handle database errors gracefully","status":"passed","title":"should handle database errors gracefully","duration":0.18837500000000773,"failureMessages":[],"meta":{}},{"ancestorTitles":["AssessmentOverviewService","Error Handling"],"fullName":"AssessmentOverviewService Error Handling should handle null organization ID","status":"passed","title":"should handle null organization ID","duration":3.1403339999999957,"failureMessages":[],"meta":{}}],"startTime":1767444595613,"endTime":1767444595668.1404,"status":"passed","message":"","name":"/Users/piotrwisniewski/Documents/Antygracity/DRD/consultify/tests/unit/backend/assessmentOverviewService.test.js"},{"assertionResults":[{"ancestorTitles":["AssessmentReportService (SKIPPED - CJS mock limitation)","generatePDFReport"],"fullName":"AssessmentReportService (SKIPPED - CJS mock limitation) generatePDFReport should generate PDF report successfully","status":"skipped","title":"should generate PDF report successfully","failureMessages":[],"meta":{}},{"ancestorTitles":["AssessmentReportService (SKIPPED - CJS mock limitation)","generatePDFReport"],"fullName":"AssessmentReportService (SKIPPED - CJS mock limitation) generatePDFReport should include watermark when specified","status":"skipped","title":"should include watermark when specified","failureMessages":[],"meta":{}},{"ancestorTitles":["AssessmentReportService (SKIPPED - CJS mock limitation)","generatePDFReport"],"fullName":"AssessmentReportService (SKIPPED - CJS mock limitation) generatePDFReport should include comments when specified","status":"skipped","title":"should include comments when specified","failureMessages":[],"meta":{}},{"ancestorTitles":["AssessmentReportService (SKIPPED - CJS mock limitation)","generatePDFReport"],"fullName":"AssessmentReportService (SKIPPED - CJS mock limitation) generatePDFReport should include history when specified","status":"skipped","title":"should include history when specified","failureMessages":[],"meta":{}},{"ancestorTitles":["AssessmentReportService (SKIPPED - CJS mock limitation)","generatePDFReport"],"fullName":"AssessmentReportService (SKIPPED - CJS mock limitation) generatePDFReport should handle missing assessment","status":"skipped","title":"should handle missing assessment","failureMessages":[],"meta":{}},{"ancestorTitles":["AssessmentReportService (SKIPPED - CJS mock limitation)","generateExcelReport"],"fullName":"AssessmentReportService (SKIPPED - CJS mock limitation) generateExcelReport should generate Excel report successfully","status":"skipped","title":"should generate Excel report successfully","failureMessages":[],"meta":{}},{"ancestorTitles":["AssessmentReportService (SKIPPED - CJS mock limitation)","generateExcelReport"],"fullName":"AssessmentReportService (SKIPPED - CJS mock limitation) generateExcelReport should include raw data when specified","status":"skipped","title":"should include raw data when specified","failureMessages":[],"meta":{}},{"ancestorTitles":["AssessmentReportService (SKIPPED - CJS mock limitation)","generateExcelReport"],"fullName":"AssessmentReportService (SKIPPED - CJS mock limitation) generateExcelReport should include formulas when specified","status":"skipped","title":"should include formulas when specified","failureMessages":[],"meta":{}},{"ancestorTitles":["AssessmentReportService (SKIPPED - CJS mock limitation)","generateExcelReport"],"fullName":"AssessmentReportService (SKIPPED - CJS mock limitation) generateExcelReport should handle database error","status":"skipped","title":"should handle database error","failureMessages":[],"meta":{}},{"ancestorTitles":["AssessmentReportService (SKIPPED - CJS mock limitation)","getReportHistory"],"fullName":"AssessmentReportService (SKIPPED - CJS mock limitation) getReportHistory should return report history for assessment","status":"skipped","title":"should return report history for assessment","failureMessages":[],"meta":{}},{"ancestorTitles":["AssessmentReportService (SKIPPED - CJS mock limitation)","getReportHistory"],"fullName":"AssessmentReportService (SKIPPED - CJS mock limitation) getReportHistory should return empty array when no history","status":"skipped","title":"should return empty array when no history","failureMessages":[],"meta":{}},{"ancestorTitles":["AssessmentReportService (SKIPPED - CJS mock limitation)","Report Content Validation"],"fullName":"AssessmentReportService (SKIPPED - CJS mock limitation) Report Content Validation should include all 7 axes in report","status":"skipped","title":"should include all 7 axes in report","failureMessages":[],"meta":{}},{"ancestorTitles":["AssessmentReportService (SKIPPED - CJS mock limitation)","Report Content Validation"],"fullName":"AssessmentReportService (SKIPPED - CJS mock limitation) Report Content Validation should calculate gap correctly for each axis","status":"skipped","title":"should calculate gap correctly for each axis","failureMessages":[],"meta":{}},{"ancestorTitles":["AssessmentReportService (SKIPPED - CJS mock limitation)","Report Format Options"],"fullName":"AssessmentReportService (SKIPPED - CJS mock limitation) Report Format Options should support A4 page size","status":"skipped","title":"should support A4 page size","failureMessages":[],"meta":{}},{"ancestorTitles":["AssessmentReportService (SKIPPED - CJS mock limitation)","Report Format Options"],"fullName":"AssessmentReportService (SKIPPED - CJS mock limitation) Report Format Options should support Letter page size","status":"skipped","title":"should support Letter page size","failureMessages":[],"meta":{}},{"ancestorTitles":["AssessmentReportService (SKIPPED - CJS mock limitation)","Report Format Options"],"fullName":"AssessmentReportService (SKIPPED - CJS mock limitation) Report Format Options should support landscape orientation","status":"skipped","title":"should support landscape orientation","failureMessages":[],"meta":{}},{"ancestorTitles":["AssessmentReportService (SKIPPED - CJS mock limitation)","Report Format Options"],"fullName":"AssessmentReportService (SKIPPED - CJS mock limitation) Report Format Options should support different languages","status":"skipped","title":"should support different languages","failureMessages":[],"meta":{}},{"ancestorTitles":["AssessmentReportService (SKIPPED - CJS mock limitation)","Report Metadata"],"fullName":"AssessmentReportService (SKIPPED - CJS mock limitation) Report Metadata should include generation timestamp","status":"skipped","title":"should include generation timestamp","failureMessages":[],"meta":{}},{"ancestorTitles":["AssessmentReportService (SKIPPED - CJS mock limitation)","Report Metadata"],"fullName":"AssessmentReportService (SKIPPED - CJS mock limitation) Report Metadata should include report ID","status":"skipped","title":"should include report ID","failureMessages":[],"meta":{}},{"ancestorTitles":["AssessmentReportService (SKIPPED - CJS mock limitation)","Report Metadata"],"fullName":"AssessmentReportService (SKIPPED - CJS mock limitation) Report Metadata should include file name with assessment ID","status":"skipped","title":"should include file name with assessment ID","failureMessages":[],"meta":{}},{"ancestorTitles":["AssessmentReportService (SKIPPED - CJS mock limitation)","Error Handling"],"fullName":"AssessmentReportService (SKIPPED - CJS mock limitation) Error Handling should handle invalid assessment ID format","status":"skipped","title":"should handle invalid assessment ID format","failureMessages":[],"meta":{}},{"ancestorTitles":["AssessmentReportService (SKIPPED - CJS mock limitation)","Error Handling"],"fullName":"AssessmentReportService (SKIPPED - CJS mock limitation) Error Handling should handle corrupted axis_scores JSON","status":"skipped","title":"should handle corrupted axis_scores JSON","failureMessages":[],"meta":{}},{"ancestorTitles":["AssessmentReportService (SKIPPED - CJS mock limitation)","Error Handling"],"fullName":"AssessmentReportService (SKIPPED - CJS mock limitation) Error Handling should handle file system errors gracefully","status":"skipped","title":"should handle file system errors gracefully","failureMessages":[],"meta":{}},{"ancestorTitles":["AssessmentReportService (SKIPPED - CJS mock limitation)","Benchmark Comparison Report"],"fullName":"AssessmentReportService (SKIPPED - CJS mock limitation) Benchmark Comparison Report should include benchmark data when available","status":"skipped","title":"should include benchmark data when available","failureMessages":[],"meta":{}},{"ancestorTitles":["AssessmentReportService (SKIPPED - CJS mock limitation)","Gap Analysis Report"],"fullName":"AssessmentReportService (SKIPPED - CJS mock limitation) Gap Analysis Report should generate gap analysis section","status":"skipped","title":"should generate gap analysis section","failureMessages":[],"meta":{}}],"startTime":1767444592679,"endTime":1767444592679,"status":"passed","message":"","name":"/Users/piotrwisniewski/Documents/Antygracity/DRD/consultify/tests/unit/backend/assessmentReportService.test.js"},{"assertionResults":[{"ancestorTitles":["AttributionService","constants"],"fullName":"AttributionService constants should export SOURCE_TYPES","status":"passed","title":"should export SOURCE_TYPES","duration":0.8582499999999982,"failureMessages":[],"meta":{}},{"ancestorTitles":["AttributionService","recordAttribution"],"fullName":"AttributionService recordAttribution should throw error for missing organizationId","status":"passed","title":"should throw error for missing organizationId","duration":0.6528329999999869,"failureMessages":[],"meta":{}},{"ancestorTitles":["AttributionService","recordAttribution"],"fullName":"AttributionService recordAttribution should throw error for missing sourceType","status":"passed","title":"should throw error for missing sourceType","duration":0.14412500000003092,"failureMessages":[],"meta":{}},{"ancestorTitles":["AttributionService","recordAttribution"],"fullName":"AttributionService recordAttribution should throw error for invalid sourceType","status":"passed","title":"should throw error for invalid sourceType","duration":0.109375,"failureMessages":[],"meta":{}},{"ancestorTitles":["AttributionService","recordAttribution"],"fullName":"AttributionService recordAttribution should record DEMO attribution successfully","status":"passed","title":"should record DEMO attribution successfully","duration":1.0451249999999845,"failureMessages":[],"meta":{}},{"ancestorTitles":["AttributionService","recordAttribution"],"fullName":"AttributionService recordAttribution should record PROMO_CODE attribution successfully","status":"passed","title":"should record PROMO_CODE attribution successfully","duration":0.13895800000000236,"failureMessages":[],"meta":{}},{"ancestorTitles":["AttributionService","recordAttribution"],"fullName":"AttributionService recordAttribution should record INVITATION attribution with metadata","status":"passed","title":"should record INVITATION attribution with metadata","duration":0.11237499999992906,"failureMessages":[],"meta":{}},{"ancestorTitles":["AttributionService","getOrganizationAttribution"],"fullName":"AttributionService getOrganizationAttribution should return all attribution events for org","status":"passed","title":"should return all attribution events for org","duration":0.35149999999998727,"failureMessages":[],"meta":{}},{"ancestorTitles":["AttributionService","getOrganizationAttribution"],"fullName":"AttributionService getOrganizationAttribution should return empty array for org with no attribution","status":"passed","title":"should return empty array for org with no attribution","duration":0.07966699999997218,"failureMessages":[],"meta":{}},{"ancestorTitles":["AttributionService","getFirstAttribution"],"fullName":"AttributionService getFirstAttribution should return first attribution event","status":"passed","title":"should return first attribution event","duration":0.14412500000003092,"failureMessages":[],"meta":{}},{"ancestorTitles":["AttributionService","getFirstAttribution"],"fullName":"AttributionService getFirstAttribution should return null for org with no attribution","status":"passed","title":"should return null for org with no attribution","duration":0.0858339999999771,"failureMessages":[],"meta":{}},{"ancestorTitles":["AttributionService","hasAttribution"],"fullName":"AttributionService hasAttribution should return true if org has attribution","status":"passed","title":"should return true if org has attribution","duration":0.07624999999995907,"failureMessages":[],"meta":{}},{"ancestorTitles":["AttributionService","hasAttribution"],"fullName":"AttributionService hasAttribution should return false if org has no attribution","status":"passed","title":"should return false if org has no attribution","duration":0.04941699999994853,"failureMessages":[],"meta":{}},{"ancestorTitles":["AttributionService","exportAttribution"],"fullName":"AttributionService exportAttribution should export with filters","status":"passed","title":"should export with filters","duration":0.18162500000005366,"failureMessages":[],"meta":{}},{"ancestorTitles":["AttributionService","exportAttri
[...]
t Object.<anonymous> (file:///Users/piotrwisniewski/Documents/Antygracity/DRD/consultify/node_modules/@vitest/runner/dist/index.js:615:28)\n    at chain (file:///Users/piotrwisniewski/Documents/Antygracity/DRD/consultify/node_modules/@vitest/runner/dist/chunk-tasks.js:9:14)\n    at /Users/piotrwisniewski/Documents/Antygracity/DRD/consultify/tests/unit/backend/services/revenueModule.test.js:109:7\n    at file:///Users/piotrwisniewski/Documents/Antygracity/DRD/consultify/node_modules/@vitest/runner/dist/index.js:901:40\n    at runWithSuite (file:///Users/piotrwisniewski/Documents/Antygracity/DRD/consultify/node_modules/@vitest/runner/dist/index.js:1195:8)\n    at Object.collect (file:///Users/piotrwisniewski/Documents/Antygracity/DRD/consultify/node_modules/@vitest/runner/dist/index.js:901:10)\n    at Object.collect (file:///Users/piotrwisniewski/Documents/Antygracity/DRD/consultify/node_modules/@vitest/runner/dist/index.js:905:54)\n    at processTicksAndRejections (node:internal/process/task_queues:103:5)\n    at Object.collect (file:///Users/piotrwisniewski/Documents/Antygracity/DRD/consultify/node_modules/@vitest/runner/dist/index.js:905:46)\n    at file:///Users/piotrwisniewski/Documents/Antygracity/DRD/consultify/node_modules/@vitest/runner/dist/index.js:1390:26\n    at collectTests (file:///Users/piotrwisniewski/Documents/Antygracity/DRD/consultify/node_modules/@vitest/runner/dist/index.js:1365:3)\n    at startTests (file:///Users/piotrwisniewski/Documents/Antygracity/DRD/consultify/node_modules/@vitest/runner/dist/index.js:1937:17)\n    at file:///Users/piotrwisniewski/Documents/Antygracity/DRD/consultify/node_modules/vitest/dist/chunks/base.Bin-9uYm.js:86:26"],"meta":{}},{"ancestorTitles":["Revenue Module","Subscription Changes"],"fullName":"Revenue Module Subscription Changes should create a subscription change request","status":"passed","title":"should create a subscription change request","duration":0.9471659999999247,"failureMessages":[],"meta":{}},{"ancestorTitles":["Revenue Module","Subscription Changes"],"fullName":"Revenue Module Subscription Changes should approve a subscription change","status":"passed","title":"should approve a subscription change","duration":0.136000000000422,"failureMessages":[],"meta":{}},{"ancestorTitles":["Revenue Module","Subscription Changes"],"fullName":"Revenue Module Subscription Changes should calculate proration amount correctly","status":"passed","title":"should calculate proration amount correctly","duration":0.13054100000044855,"failureMessages":[],"meta":{}},{"ancestorTitles":["Revenue Module","Subscription Changes"],"fullName":"Revenue Module Subscription Changes should get subscription change statistics","status":"failed","title":"should get subscription change statistics","duration":5001.504083000002,"failureMessages":["Error: STACK_TRACE_ERROR\n    at task (file:///Users/piotrwisniewski/Documents/Antygracity/DRD/consultify/node_modules/@vitest/runner/dist/index.js:796:27)\n    at Object.<anonymous> (file:///Users/piotrwisniewski/Documents/Antygracity/DRD/consultify/node_modules/@vitest/runner/dist/index.js:823:16)\n    at Object.<anonymous> (file:///Users/piotrwisniewski/Documents/Antygracity/DRD/consultify/node_modules/@vitest/runner/dist/index.js:615:28)\n    at chain (file:///Users/piotrwisniewski/Documents/Antygracity/DRD/consultify/node_modules/@vitest/runner/dist/chunk-tasks.js:9:14)\n    at /Users/piotrwisniewski/Documents/Antygracity/DRD/consultify/tests/unit/backend/services/revenueModule.test.js:200:7\n    at file:///Users/piotrwisniewski/Documents/Antygracity/DRD/consultify/node_modules/@vitest/runner/dist/index.js:901:40\n    at runWithSuite (file:///Users/piotrwisniewski/Documents/Antygracity/DRD/consultify/node_modules/@vitest/runner/dist/index.js:1195:8)\n    at Object.collect (file:///Users/piotrwisniewski/Documents/Antygracity/DRD/consultify/node_modules/@vitest/runner/dist/index.js:901:10)\n    at Object.collect (file:///Users/piotrwisniewski/Documents/Antygracity/DRD/consultify/node_modules/@vitest/runner/dist/index.js:905:54)\n    at processTicksAndRejections (node:internal/process/task_queues:103:5)\n    at Object.collect (file:///Users/piotrwisniewski/Documents/Antygracity/DRD/consultify/node_modules/@vitest/runner/dist/index.js:905:46)\n    at file:///Users/piotrwisniewski/Documents/Antygracity/DRD/consultify/node_modules/@vitest/runner/dist/index.js:1390:26\n    at collectTests (file:///Users/piotrwisniewski/Documents/Antygracity/DRD/consultify/node_modules/@vitest/runner/dist/index.js:1365:3)\n    at startTests (file:///Users/piotrwisniewski/Documents/Antygracity/DRD/consultify/node_modules/@vitest/runner/dist/index.js:1937:17)\n    at file:///Users/piotrwisniewski/Documents/Antygracity/DRD/consultify/node_modules/vitest/dist/chunks/base.Bin-9uYm.js:86:26"],"meta":{}},{"ancestorTitles":["Revenue Module","Revenue Recognition (ASC 606)"],"fullName":"Revenue Module Revenue Recognition (ASC 606) should create a revenue recognition entry","status":"passed","title":"should create a revenue recognition entry","duration":0.40254099999947357,"failureMessages":[],"meta":{}},{"ancestorTitles":["Revenue Module","Revenue Recognition (ASC 606)"],"fullName":"Revenue Module Revenue Recognition (ASC 606) should generate straight-line recognition schedule","status":"passed","title":"should generate straight-line recognition schedule","duration":0.44425000000046566,"failureMessages":[],"meta":{}},{"ancestorTitles":["Revenue Module","Revenue Recognition (ASC 606)"],"fullName":"Revenue Module Revenue Recognition (ASC 606) should recognize revenue for a period","status":"passed","title":"should recognize revenue for a period","duration":0.3312499999992724,"failureMessages":[],"meta":{}},{"ancestorTitles":["Revenue Module","Revenue Recognition (ASC 606)"],"fullName":"Revenue Module Revenue Recognition (ASC 606) should calculate recognition statistics","status":"failed","title":"should calculate recognition statistics","duration":5000.802667000002,"failureMessages":["Error: STACK_TRACE_ERROR\n    at task (file:///Users/piotrwisniewski/Documents/Antygracity/DRD/consultify/node_modules/@vitest/runner/dist/index.js:796:27)\n    at Object.<anonymous> (file:///Users/piotrwisniewski/Documents/Antygracity/DRD/consultify/node_modules/@vitest/runner/dist/index.js:823:16)\n    at Object.<anonymous> (file:///Users/piotrwisniewski/Documents/Antygracity/DRD/consultify/node_modules/@vitest/runner/dist/index.js:615:28)\n    at chain (file:///Users/piotrwisniewski/Documents/Antygracity/DRD/consultify/node_modules/@vitest/runner/dist/chunk-tasks.js:9:14)\n    at /Users/piotrwisniewski/Documents/Antygracity/DRD/consultify/tests/unit/backend/services/revenueModule.test.js:313:7\n    at file:///Users/piotrwisniewski/Documents/Antygracity/DRD/consultify/node_modules/@vitest/runner/dist/index.js:901:40\n    at runWithSuite (file:///Users/piotrwisniewski/Documents/Antygracity/DRD/consultify/node_modules/@vitest/runner/dist/index.js:1195:8)\n    at Object.collect (file:///Users/piotrwisniewski/Documents/Antygracity/DRD/consultify/node_modules/@vitest/runner/dist/index.js:901:10)\n    at Object.collect (file:///Users/piotrwisniewski/Documents/Antygracity/DRD/consultify/node_modules/@vitest/runner/dist/index.js:905:54)\n    at processTicksAndRejections (node:internal/process/task_queues:103:5)\n    at Object.collect (file:///Users/piotrwisniewski/Documents/Antygracity/DRD/consultify/node_modules/@vitest/runner/dist/index.js:905:46)\n    at file:///Users/piotrwisniewski/Documents/Antygracity/DRD/consultify/node_modules/@vitest/runner/dist/index.js:1390:26\n    at collectTests (file:///Users/piotrwisniewski/Documents/Antygracity/DRD/consultify/node_modules/@vitest/runner/dist/index.js:1365:3)\n    at startTests (file:///Users/piotrwisniewski/Documents/Antygracity/DRD/consultify/node_modules/@vitest/runner/dist/index.js:1937:17)\n    at file:///Users/piotrwisniewski/Documents/Antygracity/DRD/consultify/node_modules/vitest/dist/chunks/base.Bin-9uYm.js:86:26"],"meta":{}},{"ancestorTitles":["Revenue Module","Revenue Forecasting"],"fullName":"Revenue Module Revenue Forecasting should create a revenue forecast","status":"passed","title":"should create a revenue forecast","duration":0.22083300000304007,"failureMessages":[],"meta":{}},{"ancestorTitles":["Revenue Module","Revenue Forecasting"],"fullName":"Revenue Module Revenue Forecasting should generate linear forecast","status":"passed","title":"should generate linear forecast","duration":0.21245799999815063,"failureMessages":[],"meta":{}},{"ancestorTitles":["Revenue Module","Revenue Forecasting"],"fullName":"Revenue Module Revenue Forecasting should calculate forecast confidence level","status":"passed","title":"should calculate forecast confidence level","duration":0.07595800000126474,"failureMessages":[],"meta":{}},{"ancestorTitles":["Revenue Module","Revenue Forecasting"],"fullName":"Revenue Module Revenue Forecasting should get forecast statistics","status":"failed","title":"should get forecast statistics","duration":5000.751832999998,"failureMessages":["Error: STACK_TRACE_ERROR\n    at task (file:///Users/piotrwisniewski/Documents/Antygracity/DRD/consultify/node_modules/@vitest/runner/dist/index.js:796:27)\n    at Object.<anonymous> (file:///Users/piotrwisniewski/Documents/Antygracity/DRD/consultify/node_modules/@vitest/runner/dist/index.js:823:16)\n    at Object.<anonymous> (file:///Users/piotrwisniewski/Documents/Antygracity/DRD/consultify/node_modules/@vitest/runner/dist/index.js:615:28)\n    at chain (file:///Users/piotrwisniewski/Documents/Antygracity/DRD/consultify/node_modules/@vitest/runner/dist/chunk-tasks.js:9:14)\n    at /Users/piotrwisniewski/Documents/Antygracity/DRD/consultify/tests/unit/backend/services/revenueModule.test.js:412:7\n    at file:///Users/piotrwisniewski/Documents/Antygracity/DRD/consultify/node_modules/@vitest/runner/dist/index.js:901:40\n    at runWithSuite (file:///Users/piotrwisniewski/Documents/Antygracity/DRD/consultify/node_modules/@vitest/runner/dist/index.js:1195:8)\n    at Object.collect (file:///Users/piotrwisniewski/Documents/Antygracity/DRD/consultify/node_modules/@vitest/runner/dist/index.js:901:10)\n    at Object.collect (file:///Users/piotrwisniewski/Documents/Antygracity/DRD/consultify/node_modules/@vitest/runner/dist/index.js:905:54)\n    at processTicksAndRejections (node:internal/process/task_queues:103:5)\n    at Object.collect (file:///Users/piotrwisniewski/Documents/Antygracity/DRD/consultify/node_modules/@vitest/runner/dist/index.js:905:46)\n    at file:///Users/piotrwisniewski/Documents/Antygracity/DRD/consultify/node_modules/@vitest/runner/dist/index.js:1390:26\n    at collectTests (file:///Users/piotrwisniewski/Documents/Antygracity/DRD/consultify/node_modules/@vitest/runner/dist/index.js:1365:3)\n    at startTests (file:///Users/piotrwisniewski/Documents/Antygracity/DRD/consultify/node_modules/@vitest/runner/dist/index.js:1937:17)\n    at file:///Users/piotrwisniewski/Documents/Antygracity/DRD/consultify/node_modules/vitest/dist/chunks/base.Bin-9uYm.js:86:26"],"meta":{}},{"ancestorTitles":["Revenue Module","Payment Management & Dunning"],"fullName":"Revenue Module Payment Management & Dunning should add a payment method","status":"passed","title":"should add a payment method","duration":0.16983299999992596,"failureMessages":[],"meta":{}},{"ancestorTitles":["Revenue Module","Payment Management & Dunning"],"fullName":"Revenue Module Payment Management & Dunning should record a payment failure","status":"passed","title":"should record a payment failure","duration":0.08574999999837019,"failureMessages":[],"meta":{}},{"ancestorTitles":["Revenue Module","Payment Management & Dunning"],"fullName":"Revenue Module Payment Management & Dunning should implement dunning retry logic","status":"failed","title":"should implement dunning retry logic","duration":4999.613833000003,"failureMessages":["Error: STACK_TRACE_ERROR\n    at task (file:///Users/piotrwisniewski/Documents/Antygracity/DRD/consultify/node_modules/@vitest/runner/dist/index.js:796:27)\n    at Object.<anonymous> (file:///Users/piotrwisniewski/Documents/Antygracity/DRD/consultify/node_modules/@vitest/runner/dist/index.js:823:16)\n    at Object.<anonymous> (file:///Users/piotrwisniewski/Documents/Antygracity/DRD/consultify/node_modules/@vitest/runner/dist/index.js:615:28)\n    at chain (file:///Users/piotrwisniewski/Documents/Antygracity/DRD/consultify/node_modules/@vitest/runner/dist/chunk-tasks.js:9:14)\n    at /Users/piotrwisniewski/Documents/Antygracity/DRD/consultify/tests/unit/backend/services/revenueModule.test.js:507:7\n    at file:///Users/piotrwisniewski/Documents/Antygracity/DRD/consultify/node_modules/@vitest/runner/dist/index.js:901:40\n    at runWithSuite (file:///Users/piotrwisniewski/Documents/Antygracity/DRD/consultify/node_modules/@vitest/runner/dist/index.js:1195:8)\n    at Object.collect (file:///Users/piotrwisniewski/Documents/Antygracity/DRD/consultify/node_modules/@vitest/runner/dist/index.js:901:10)\n    at Object.collect (file:///Users/piotrwisniewski/Documents/Antygracity/DRD/consultify/node_modules/@vitest/runner/dist/index.js:905:54)\n    at processTicksAndRejections (node:internal/process/task_queues:103:5)\n    at Object.collect (file:///Users/piotrwisniewski/Documents/Antygracity/DRD/consultify/node_modules/@vitest/runner/dist/index.js:905:46)\n    at file:///Users/piotrwisniewski/Documents/Antygracity/DRD/consultify/node_modules/@vitest/runner/dist/index.js:1390:26\n    at collectTests (file:///Users/piotrwisniewski/Documents/Antygracity/DRD/consultify/node_modules/@vitest/runner/dist/index.js:1365:3)\n    at startTests (file:///Users/piotrwisniewski/Documents/Antygracity/DRD/consultify/node_modules/@vitest/runner/dist/index.js:1937:17)\n    at file:///Users/piotrwisniewski/Documents/Antygracity/DRD/consultify/node_modules/vitest/dist/chunks/base.Bin-9uYm.js:86:26"],"meta":{}},{"ancestorTitles":["Revenue Module","Payment Management & Dunning"],"fullName":"Revenue Module Payment Management & Dunning should resolve a payment failure","status":"passed","title":"should resolve a payment failure","duration":0.27220800000213785,"failureMessages":[],"meta":{}},{"ancestorTitles":["Revenue Module","Payment Management & Dunning"],"fullName":"Revenue Module Payment Management & Dunning should calculate payment failure statistics","status":"failed","title":"should calculate payment failure statistics","duration":5001.255500000003,"failureMessages":["Error: STACK_TRACE_ERROR\n    at task (file:///Users/piotrwisniewski/Documents/Antygracity/DRD/consultify/node_modules/@vitest/runner/dist/index.js:796:27)\n    at Object.<anonymous> (file:///Users/piotrwisniewski/Documents/Antygracity/DRD/consultify/node_modules/@vitest/runner/dist/index.js:823:16)\n    at Object.<anonymous> (file:///Users/piotrwisniewski/Documents/Antygracity/DRD/consultify/node_modules/@vitest/runner/dist/index.js:615:28)\n    at chain (file:///Users/piotrwisniewski/Documents/Antygracity/DRD/consultify/node_modules/@vitest/runner/dist/chunk-tasks.js:9:14)\n    at /Users/piotrwisniewski/Documents/Antygracity/DRD/consultify/tests/unit/backend/services/revenueModule.test.js:554:7\n    at file:///Users/piotrwisniewski/Documents/Antygracity/DRD/consultify/node_modules/@vitest/runner/dist/index.js:901:40\n    at runWithSuite (file:///Users/piotrwisniewski/Documents/Antygracity/DRD/consultify/node_modules/@vitest/runner/dist/index.js:1195:8)\n    at Object.collect (file:///Users/piotrwisniewski/Documents/Antygracity/DRD/consultify/node_modules/@vitest/runner/dist/index.js:901:10)\n    at Object.collect (file:///Users/piotrwisniewski/Documents/Antygracity/DRD/consultify/node_modules/@vitest/runner/dist/index.js:905:54)\n    at processTicksAndRejections (node:internal/process/task_queues:103:5)\n    at Object.collect (file:///Users/piotrwisniewski/Documents/Antygracity/DRD/consultify/node_modules/@vitest/runner/dist/index.js:905:46)\n    at file:///Users/piotrwisniewski/Documents/Antygracity/DRD/consultify/node_modules/@vitest/runner/dist/index.js:1390:26\n    at collectTests (file:///Users/piotrwisniewski/Documents/Antygracity/DRD/consultify/node_modules/@vitest/runner/dist/index.js:1365:3)\n    at startTests (file:///Users/piotrwisniewski/Documents/Antygracity/DRD/consultify/node_modules/@vitest/runner/dist/index.js:1937:17)\n    at file:///Users/piotrwisniewski/Documents/Antygracity/DRD/consultify/node_modules/vitest/dist/chunks/base.Bin-9uYm.js:86:26"],"meta":{}},{"ancestorTitles":["Revenue Module","Payment Management & Dunning"],"fullName":"Revenue Module Payment Management & Dunning should mask payment details correctly","status":"passed","title":"should mask payment details correctly","duration":0.2967080000016722,"failureMessages":[],"meta":{}},{"ancestorTitles":["Revenue Module","Revenue Module Integration"],"fullName":"Revenue Module Revenue Module Integration should handle complete subscription upgrade flow","status":"passed","title":"should handle complete subscription upgrade flow","duration":0.2678330000053393,"failureMessages":[],"meta":{}},{"ancestorTitles":["Revenue Module","Revenue Module Integration"],"fullName":"Revenue Module Revenue Module Integration should handle payment failure and recovery flow","status":"passed","title":"should handle payment failure and recovery flow","duration":1.3526659999988624,"failureMessages":[],"meta":{}}],"startTime":1767444593181,"endTime":1767444628196.3528,"status":"failed","message":"","name":"/Users/piotrwisniewski/Documents/Antygracity/DRD/consultify/tests/unit/backend/services/revenueModule.test.js"},{"assertionResults":[],"startTime":1767444592679,"endTime":1767444592679,"status":"failed","message":"require is not defined in ES module scope, you can use import instead\nThis file is being treated as an ES module because it has a '.js' file extension and '/Users/piotrwisniewski/Documents/Antygracity/DRD/consultify/server/package.json' contains \"type\": \"module\". To treat it as a CommonJS script, rename it to use the '.cjs' file extension.","name":"/Users/piotrwisniewski/Documents/Antygracity/DRD/consultify/tests/unit/backend/services/securityIncidentService.test.js"},{"assertionResults":[],"startTime":1767444592679,"endTime":1767444592679,"status":"failed","message":"require is not defined in ES module scope, you can use import instead\nThis file is being treated as an ES module because it has a '.js' file extension and '/Users/piotrwisniewski/Documents/Antygracity/DRD/consultify/server/package.json' contains \"type\": \"module\". To treat it as a CommonJS script, rename it to use the '.cjs' file extension.","name":"/Users/piotrwisniewski/Documents/Antygracity/DRD/consultify/tests/unit/backend/services/stageGateService.test.js"},{"assertionResults":[],"startTime":1767444592679,"endTime":1767444592679,"status":"failed","message":"require is not defined in ES module scope, you can use import instead\nThis file is being treated as an ES module because it has a '.js' file extension and '/Users/piotrwisniewski/Documents/Antygracity/DRD/consultify/server/package.json' contains \"type\": \"module\". To treat it as a CommonJS script, rename it to use the '.cjs' file extension.","name":"/Users/piotrwisniewski/Documents/Antygracity/DRD/consultify/tests/unit/backend/services/supportTicketService.test.js"},{"assertionResults":[],"startTime":1767444592679,"endTime":1767444592679,"status":"failed","message":"Vitest cannot be imported in a CommonJS module using require(). Please use \"import\" instead.\n\nIf you are using \"import\" in your source code, then it's possible it was bundled into require() automatically by your bundler. In that case, do not bundle CommonJS output since it will never work with Vitest, or use dynamic import() which is available in all CommonJS modules.","name":"/Users/piotrwisniewski/Documents/Antygracity/DRD/consultify/tests/unit/backend/services/threatIntelligenceService.test.js"}]}