<?xml version="1.0" encoding="UTF-8" ?>
<testsuites name="vitest tests" tests="41" failures="0" errors="0" time="0.338606">
    <testsuite name="tests/unit/backend/initiativeService.test.js" timestamp="2025-12-28T19:57:37.123Z" hostname="MacBook-Pro-Piotr.local" tests="6" failures="0" errors="0" skipped="0" time="0.106699125">
        <testcase classname="tests/unit/backend/initiativeService.test.js" name="InitiativeService &gt; recalculateProgress &gt; should return 0 when no initiativeId provided" time="0.000826375">
            <system-err>
[InitiativeService] DEPRECATION WARNING: recalculateProgress called without organizationId

            </system-err>
        </testcase>
        <testcase classname="tests/unit/backend/initiativeService.test.js" name="InitiativeService &gt; recalculateProgress &gt; should handle database error during fetch" time="0.002509">
            <system-out>
2025-12-28T19:57:37.110Z [31merror[39m: [Object] Error recalculating initiative progress {&quot;error&quot;:&quot;DB Fetch Error&quot;,&quot;stack&quot;:&quot;Error: DB Fetch Error\n    at /Users/piotrwisniewski/Documents/Antygracity/DRD/consultify/tests/unit/backend/initiativeService.test.js:31:43\n    at file:///Users/piotrwisniewski/Documents/Antygracity/DRD/consultify/node_modules/@vitest/runner/dist/index.js:145:11\n    at file:///Users/piotrwisniewski/Documents/Antygracity/DRD/consultify/node_modules/@vitest/runner/dist/index.js:915:26\n    at file:///Users/piotrwisniewski/Documents/Antygracity/DRD/consultify/node_modules/@vitest/runner/dist/index.js:1243:20\n    at new Promise (&lt;anonymous&gt;)\n    at runWithTimeout (file:///Users/piotrwisniewski/Documents/Antygracity/DRD/consultify/node_modules/@vitest/runner/dist/index.js:1209:10)\n    at file:///Users/piotrwisniewski/Documents/Antygracity/DRD/consultify/node_modules/@vitest/runner/dist/index.js:1653:37\n    at Traces.$ (file:///Users/piotrwisniewski/Documents/Antygracity/DRD/consultify/node_modules/vitest/dist/chunks/traces.U4xDYhzZ.js:115:27)\n    at trace (file:///Users/piotrwisniewski/Documents/Antygracity/DRD/consultify/node_modules/vitest/dist/chunks/test.B8ej_ZHS.js:239:21)\n    at runTest (file:///Users/piotrwisniewski/Documents/Antygracity/DRD/consultify/node_modules/@vitest/runner/dist/index.js:1653:12)&quot;,&quot;name&quot;:&quot;Error&quot;}

            </system-out>
        </testcase>
        <testcase classname="tests/unit/backend/initiativeService.test.js" name="InitiativeService &gt; recalculateProgress &gt; should set progress to 0 if no tasks found" time="0.000924417">
        </testcase>
        <testcase classname="tests/unit/backend/initiativeService.test.js" name="InitiativeService &gt; recalculateProgress &gt; should calculate weighted progress correctly" time="0.000201667">
        </testcase>
        <testcase classname="tests/unit/backend/initiativeService.test.js" name="InitiativeService &gt; recalculateProgress &gt; should handle tasks with missing progress/priority" time="0.000096667">
        </testcase>
        <testcase classname="tests/unit/backend/initiativeService.test.js" name="InitiativeService &gt; recalculateProgress &gt; should handle database error during update" time="0.000305625">
            <system-out>
2025-12-28T19:57:37.112Z [31merror[39m: [Object] Error recalculating initiative progress {&quot;error&quot;:&quot;Update failed&quot;,&quot;stack&quot;:&quot;Error: Update failed\n    at /Users/piotrwisniewski/Documents/Antygracity/DRD/consultify/tests/unit/backend/initiativeService.test.js:84:43\n    at file:///Users/piotrwisniewski/Documents/Antygracity/DRD/consultify/node_modules/@vitest/runner/dist/index.js:145:11\n    at file:///Users/piotrwisniewski/Documents/Antygracity/DRD/consultify/node_modules/@vitest/runner/dist/index.js:915:26\n    at file:///Users/piotrwisniewski/Documents/Antygracity/DRD/consultify/node_modules/@vitest/runner/dist/index.js:1243:20\n    at new Promise (&lt;anonymous&gt;)\n    at runWithTimeout (file:///Users/piotrwisniewski/Documents/Antygracity/DRD/consultify/node_modules/@vitest/runner/dist/index.js:1209:10)\n    at file:///Users/piotrwisniewski/Documents/Antygracity/DRD/consultify/node_modules/@vitest/runner/dist/index.js:1653:37\n    at Traces.$ (file:///Users/piotrwisniewski/Documents/Antygracity/DRD/consultify/node_modules/vitest/dist/chunks/traces.U4xDYhzZ.js:115:27)\n    at trace (file:///Users/piotrwisniewski/Documents/Antygracity/DRD/consultify/node_modules/vitest/dist/chunks/test.B8ej_ZHS.js:239:21)\n    at runTest (file:///Users/piotrwisniewski/Documents/Antygracity/DRD/consultify/node_modules/@vitest/runner/dist/index.js:1653:12)&quot;,&quot;name&quot;:&quot;Error&quot;}

            </system-out>
        </testcase>
    </testsuite>
    <testsuite name="tests/unit/backend/myWorkService.test.js" timestamp="2025-12-28T19:57:37.124Z" hostname="MacBook-Pro-Piotr.local" tests="2" failures="0" errors="0" skipped="0" time="0.130734042">
        <testcase classname="tests/unit/backend/myWorkService.test.js" name="MyWorkService &gt; getMyWork &gt; should aggregate work" time="0.001154208">
        </testcase>
        <testcase classname="tests/unit/backend/myWorkService.test.js" name="MyWorkService &gt; errors &gt; should propagate db error" time="0.000662166">
        </testcase>
    </testsuite>
    <testsuite name="tests/unit/backend/services/stageGateService.test.js" timestamp="2025-12-28T19:57:37.125Z" hostname="MacBook-Pro-Piotr.local" tests="33" failures="0" errors="0" skipped="0" time="0.101172833">
        <testcase classname="tests/unit/backend/services/stageGateService.test.js" name="StageGateService &gt; GATE_TYPES &gt; defines all required gate types" time="0.00071875">
        </testcase>
        <testcase classname="tests/unit/backend/services/stageGateService.test.js" name="StageGateService &gt; PHASE_ORDER &gt; defines correct phase sequence" time="0.000324917">
        </testcase>
        <testcase classname="tests/unit/backend/services/stageGateService.test.js" name="StageGateService &gt; getGateType &gt; returns READINESS_GATE for Context to Assessment" time="0.000139208">
        </testcase>
        <testcase classname="tests/unit/backend/services/stageGateService.test.js" name="StageGateService &gt; getGateType &gt; returns DESIGN_GATE for Assessment to Initiatives" time="0.000070375">
        </testcase>
        <testcase classname="tests/unit/backend/services/stageGateService.test.js" name="StageGateService &gt; getGateType &gt; returns PLANNING_GATE for Initiatives to Roadmap" time="0.000082916">
        </testcase>
        <testcase classname="tests/unit/backend/services/stageGateService.test.js" name="StageGateService &gt; getGateType &gt; returns EXECUTION_GATE for Roadmap to Execution" time="0.000064292">
        </testcase>
        <testcase classname="tests/unit/backend/services/stageGateService.test.js" name="StageGateService &gt; getGateType &gt; returns CLOSURE_GATE for Execution to Stabilization" time="0.000061542">
        </testcase>
        <testcase classname="tests/unit/backend/services/stageGateService.test.js" name="StageGateService &gt; getGateType &gt; handles Idea as Context alias" time="0.000048625">
        </testcase>
        <testcase classname="tests/unit/backend/services/stageGateService.test.js" name="StageGateService &gt; getGateType &gt; returns null for invalid transition" time="0.000064667">
        </testcase>
        <testcase classname="tests/unit/backend/services/stageGateService.test.js" name="StageGateService &gt; evaluateGate &gt; READINESS_GATE &gt; evaluates strategic goals criterion" time="0.000382708">
        </testcase>
        <testcase classname="tests/unit/backend/services/stageGateService.test.js" name="StageGateService &gt; evaluateGate &gt; READINESS_GATE &gt; marks criteria as not met when missing strategic goals" time="0.000129583">
        </testcase>
        <testcase classname="tests/unit/backend/services/stageGateService.test.js" name="StageGateService &gt; evaluateGate &gt; READINESS_GATE &gt; returns READY when all criteria met" time="0.000109583">
        </testcase>
        <testcase classname="tests/unit/backend/services/stageGateService.test.js" name="StageGateService &gt; evaluateGate &gt; DESIGN_GATE &gt; checks assessment completion" time="0.000118042">
        </testcase>
        <testcase classname="tests/unit/backend/services/stageGateService.test.js" name="StageGateService &gt; evaluateGate &gt; PLANNING_GATE &gt; checks for initiatives" time="0.000106541">
        </testcase>
        <testcase classname="tests/unit/backend/services/stageGateService.test.js" name="StageGateService &gt; evaluateGate &gt; PLANNING_GATE &gt; checks all initiatives have owners" time="0.000081167">
        </testcase>
        <testcase classname="tests/unit/backend/services/stageGateService.test.js" name="StageGateService &gt; evaluateGate &gt; EXECUTION_GATE &gt; checks roadmap is baselined" time="0.0000875">
        </testcase>
        <testcase classname="tests/unit/backend/services/stageGateService.test.js" name="StageGateService &gt; evaluateGate &gt; EXECUTION_GATE &gt; checks all initiatives assigned to waves" time="0.000060208">
        </testcase>
        <testcase classname="tests/unit/backend/services/stageGateService.test.js" name="StageGateService &gt; evaluateGate &gt; CLOSURE_GATE &gt; checks all initiatives closed" time="0.000098542">
        </testcase>
        <testcase classname="tests/unit/backend/services/stageGateService.test.js" name="StageGateService &gt; evaluateGate &gt; CLOSURE_GATE &gt; checks no blocking decisions" time="0.000068916">
        </testcase>
        <testcase classname="tests/unit/backend/services/stageGateService.test.js" name="StageGateService &gt; evaluateGate &gt; CLOSURE_GATE &gt; checks KPIs measured" time="0.000063125">
        </testcase>
        <testcase classname="tests/unit/backend/services/stageGateService.test.js" name="StageGateService &gt; evaluateGate &gt; Error Handling &gt; throws error when project not found" time="0.000503666">
        </testcase>
        <testcase classname="tests/unit/backend/services/stageGateService.test.js" name="StageGateService &gt; evaluateGate &gt; Error Handling &gt; handles database errors" time="0.000108375">
        </testcase>
        <testcase classname="tests/unit/backend/services/stageGateService.test.js" name="StageGateService &gt; passGate &gt; records gate passage" time="0.000157291">
        </testcase>
        <testcase classname="tests/unit/backend/services/stageGateService.test.js" name="StageGateService &gt; passGate &gt; updates project phase after passing gate" time="0.00033225">
        </testcase>
        <testcase classname="tests/unit/backend/services/stageGateService.test.js" name="StageGateService &gt; passGate &gt; handles gate passage errors" time="0.00009725">
        </testcase>
        <testcase classname="tests/unit/backend/services/stageGateService.test.js" name="StageGateService &gt; passGate &gt; handles phase update errors" time="0.000114333">
        </testcase>
        <testcase classname="tests/unit/backend/services/stageGateService.test.js" name="StageGateService &gt; Helper Methods &gt; _checkContextField &gt; validates array fields correctly" time="0.000068">
        </testcase>
        <testcase classname="tests/unit/backend/services/stageGateService.test.js" name="StageGateService &gt; Helper Methods &gt; _checkContextField &gt; handles missing context data" time="0.00005675">
        </testcase>
        <testcase classname="tests/unit/backend/services/stageGateService.test.js" name="StageGateService &gt; Helper Methods &gt; _checkContextField &gt; handles invalid JSON" time="0.0000715">
        </testcase>
        <testcase classname="tests/unit/backend/services/stageGateService.test.js" name="StageGateService &gt; Helper Methods &gt; _checkContextReadiness &gt; returns true when goals and challenges present" time="0.000056333">
        </testcase>
        <testcase classname="tests/unit/backend/services/stageGateService.test.js" name="StageGateService &gt; Helper Methods &gt; _checkContextReadiness &gt; returns false when goals missing" time="0.000050541">
        </testcase>
        <testcase classname="tests/unit/backend/services/stageGateService.test.js" name="StageGateService &gt; Helper Methods &gt; _countInitiatives &gt; returns initiative count" time="0.000054792">
        </testcase>
        <testcase classname="tests/unit/backend/services/stageGateService.test.js" name="StageGateService &gt; Helper Methods &gt; _countInitiatives &gt; returns 0 when no initiatives" time="0.000057583">
        </testcase>
    </testsuite>
</testsuites>
