<?xml version="1.0" encoding="UTF-8" ?>
<testsuites name="vitest tests" tests="2681" failures="191" errors="0" time="172.050860695">
    <testsuite name="tests/unit/actionProposalEngine.test.js" timestamp="2025-12-29T06:42:48.356Z" hostname="MacBook-Pro-Piotr.local" tests="6" failures="0" errors="0" skipped="0" time="0.333699416">
        <testcase classname="tests/unit/actionProposalEngine.test.js" name="ActionProposalEngine &gt; should generate proposals for USER_AT_RISK" time="0.007016417">
        </testcase>
        <testcase classname="tests/unit/actionProposalEngine.test.js" name="ActionProposalEngine &gt; should generate proposals for BLOCKED_INITIATIVE" time="0.000214625">
        </testcase>
        <testcase classname="tests/unit/actionProposalEngine.test.js" name="ActionProposalEngine &gt; should generate proposals for STRONG_TEAM_MEMBER" time="0.000174042">
        </testcase>
        <testcase classname="tests/unit/actionProposalEngine.test.js" name="ActionProposalEngine &gt; should be deterministic (return same output for same input)" time="0.000218041">
        </testcase>
        <testcase classname="tests/unit/actionProposalEngine.test.js" name="ActionProposalEngine &gt; should return sorted proposals by proposal_id" time="0.000295834">
        </testcase>
        <testcase classname="tests/unit/actionProposalEngine.test.js" name="ActionProposalEngine &gt; should adhere to the mandatory output model" time="0.000332792">
        </testcase>
    </testsuite>
    <testsuite name="tests/unit/aiModeResolver.test.js" timestamp="2025-12-29T06:42:48.358Z" hostname="MacBook-Pro-Piotr.local" tests="29" failures="0" errors="0" skipped="0" time="0.269659416">
        <testcase classname="tests/unit/aiModeResolver.test.js" name="AIModeResolver &gt; Mode Constants &gt; should have all 6 AI modes" time="0.000766708">
        </testcase>
        <testcase classname="tests/unit/aiModeResolver.test.js" name="AIModeResolver &gt; Phase to Mode Mapping &gt; Phase A maps to OFF (no AI)" time="0.0002645">
        </testcase>
        <testcase classname="tests/unit/aiModeResolver.test.js" name="AIModeResolver &gt; Phase to Mode Mapping &gt; Phase B maps to NARRATOR" time="0.000103166">
        </testcase>
        <testcase classname="tests/unit/aiModeResolver.test.js" name="AIModeResolver &gt; Phase to Mode Mapping &gt; Phase C maps to GUIDE" time="0.000066583">
        </testcase>
        <testcase classname="tests/unit/aiModeResolver.test.js" name="AIModeResolver &gt; Phase to Mode Mapping &gt; Phase D maps to GUIDE" time="0.000064542">
        </testcase>
        <testcase classname="tests/unit/aiModeResolver.test.js" name="AIModeResolver &gt; Phase to Mode Mapping &gt; Phase E maps to THINKING_PARTNER" time="0.000041">
        </testcase>
        <testcase classname="tests/unit/aiModeResolver.test.js" name="AIModeResolver &gt; Phase to Mode Mapping &gt; Phase F maps to FACILITATOR" time="0.000036084">
        </testcase>
        <testcase classname="tests/unit/aiModeResolver.test.js" name="AIModeResolver &gt; Phase to Mode Mapping &gt; Phase G maps to META_ANALYST" time="0.000036417">
        </testcase>
        <testcase classname="tests/unit/aiModeResolver.test.js" name="AIModeResolver &gt; Mode Capabilities &gt; OFF mode cannot respond" time="0.000079125">
        </testcase>
        <testcase classname="tests/unit/aiModeResolver.test.js" name="AIModeResolver &gt; Mode Capabilities &gt; NARRATOR can explain but not recommend" time="0.000078458">
        </testcase>
        <testcase classname="tests/unit/aiModeResolver.test.js" name="AIModeResolver &gt; Mode Capabilities &gt; GUIDE can explain but not recommend or analyze" time="0.000056208">
        </testcase>
        <testcase classname="tests/unit/aiModeResolver.test.js" name="AIModeResolver &gt; Mode Capabilities &gt; THINKING_PARTNER can recommend and analyze" time="0.000066125">
        </testcase>
        <testcase classname="tests/unit/aiModeResolver.test.js" name="AIModeResolver &gt; Mode Capabilities &gt; FACILITATOR can facilitate but not benchmark" time="0.0000455">
        </testcase>
        <testcase classname="tests/unit/aiModeResolver.test.js" name="AIModeResolver &gt; Mode Capabilities &gt; META_ANALYST has all capabilities" time="0.00005275">
        </testcase>
        <testcase classname="tests/unit/aiModeResolver.test.js" name="AIModeResolver &gt; canAIRespond &gt; returns false for OFF mode" time="0.000037041">
        </testcase>
        <testcase classname="tests/unit/aiModeResolver.test.js" name="AIModeResolver &gt; canAIRespond &gt; returns true for all other modes" time="0.000066834">
        </testcase>
        <testcase classname="tests/unit/aiModeResolver.test.js" name="AIModeResolver &gt; Request Validation &gt; OFF mode blocks all requests" time="0.000143834">
        </testcase>
        <testcase classname="tests/unit/aiModeResolver.test.js" name="AIModeResolver &gt; Request Validation &gt; NARRATOR blocks recommendations" time="0.0000455">
        </testcase>
        <testcase classname="tests/unit/aiModeResolver.test.js" name="AIModeResolver &gt; Request Validation &gt; GUIDE blocks analysis" time="0.000030208">
        </testcase>
        <testcase classname="tests/unit/aiModeResolver.test.js" name="AIModeResolver &gt; Request Validation &gt; THINKING_PARTNER allows recommendations" time="0.00002575">
        </testcase>
        <testcase classname="tests/unit/aiModeResolver.test.js" name="AIModeResolver &gt; Request Validation &gt; THINKING_PARTNER blocks benchmarks" time="0.000023291">
        </testcase>
        <testcase classname="tests/unit/aiModeResolver.test.js" name="AIModeResolver &gt; Request Validation &gt; META_ANALYST allows benchmarks" time="0.000022667">
        </testcase>
        <testcase classname="tests/unit/aiModeResolver.test.js" name="AIModeResolver &gt; System Instructions &gt; OFF mode returns null" time="0.00003325">
        </testcase>
        <testcase classname="tests/unit/aiModeResolver.test.js" name="AIModeResolver &gt; System Instructions &gt; NARRATOR instruction contains mode declaration" time="0.00003">
        </testcase>
        <testcase classname="tests/unit/aiModeResolver.test.js" name="AIModeResolver &gt; System Instructions &gt; GUIDE instruction contains forbidden actions" time="0.000027875">
        </testcase>
        <testcase classname="tests/unit/aiModeResolver.test.js" name="AIModeResolver &gt; System Instructions &gt; THINKING_PARTNER instruction contains 5-7 questions rule" time="0.000022083">
        </testcase>
        <testcase classname="tests/unit/aiModeResolver.test.js" name="AIModeResolver &gt; System Instructions &gt; FACILITATOR instruction forbids taking sides" time="0.000021209">
        </testcase>
        <testcase classname="tests/unit/aiModeResolver.test.js" name="AIModeResolver &gt; System Instructions &gt; META_ANALYST instruction forbids exposing identities" time="0.000020625">
        </testcase>
        <testcase classname="tests/unit/aiModeResolver.test.js" name="AIModeResolver &gt; Off Mode Response &gt; returns appropriate message for Phase A users" time="0.000026958">
        </testcase>
    </testsuite>
    <testsuite name="tests/unit/aiPlaybookRoutingEngine.test.js" timestamp="2025-12-29T06:42:48.362Z" hostname="MacBook-Pro-Piotr.local" tests="29" failures="0" errors="0" skipped="0" time="0.376231208">
        <testcase classname="tests/unit/aiPlaybookRoutingEngine.test.js" name="AIPlaybookRoutingEngine &gt; evaluateCondition &gt; metric_lte &gt; should match when metric is less than threshold" time="0.000877541">
        </testcase>
        <testcase classname="tests/unit/aiPlaybookRoutingEngine.test.js" name="AIPlaybookRoutingEngine &gt; evaluateCondition &gt; metric_lte &gt; should match when metric equals threshold" time="0.00011325">
        </testcase>
        <testcase classname="tests/unit/aiPlaybookRoutingEngine.test.js" name="AIPlaybookRoutingEngine &gt; evaluateCondition &gt; metric_lte &gt; should not match when metric is greater than threshold" time="0.00008225">
        </testcase>
        <testcase classname="tests/unit/aiPlaybookRoutingEngine.test.js" name="AIPlaybookRoutingEngine &gt; evaluateCondition &gt; metric_lte &gt; should not match when metric is not found" time="0.000084917">
        </testcase>
        <testcase classname="tests/unit/aiPlaybookRoutingEngine.test.js" name="AIPlaybookRoutingEngine &gt; evaluateCondition &gt; metric_lte &gt; should return false for invalid format" time="0.000216875">
        </testcase>
        <testcase classname="tests/unit/aiPlaybookRoutingEngine.test.js" name="AIPlaybookRoutingEngine &gt; evaluateCondition &gt; metric_gte &gt; should match when metric is greater than threshold" time="0.000225167">
        </testcase>
        <testcase classname="tests/unit/aiPlaybookRoutingEngine.test.js" name="AIPlaybookRoutingEngine &gt; evaluateCondition &gt; metric_gte &gt; should match when metric equals threshold" time="0.000079541">
        </testcase>
        <testcase classname="tests/unit/aiPlaybookRoutingEngine.test.js" name="AIPlaybookRoutingEngine &gt; evaluateCondition &gt; metric_gte &gt; should not match when metric is less than threshold" time="0.000305833">
        </testcase>
        <testcase classname="tests/unit/aiPlaybookRoutingEngine.test.js" name="AIPlaybookRoutingEngine &gt; evaluateCondition &gt; flag_eq &gt; should match when flag equals expected value" time="0.000123917">
        </testcase>
        <testcase classname="tests/unit/aiPlaybookRoutingEngine.test.js" name="AIPlaybookRoutingEngine &gt; evaluateCondition &gt; flag_eq &gt; should not match when flag does not equal expected value" time="0.000077708">
        </testcase>
        <testcase classname="tests/unit/aiPlaybookRoutingEngine.test.js" name="AIPlaybookRoutingEngine &gt; evaluateCondition &gt; flag_eq &gt; should work with string values" time="0.000052292">
        </testcase>
        <testcase classname="tests/unit/aiPlaybookRoutingEngine.test.js" name="AIPlaybookRoutingEngine &gt; evaluateCondition &gt; has_open_tasks &gt; should match when open tasks exist and condition is true" time="0.000051833">
        </testcase>
        <testcase classname="tests/unit/aiPlaybookRoutingEngine.test.js" name="AIPlaybookRoutingEngine &gt; evaluateCondition &gt; has_open_tasks &gt; should match when no open tasks and condition is false" time="0.000036625">
        </testcase>
        <testcase classname="tests/unit/aiPlaybookRoutingEngine.test.js" name="AIPlaybookRoutingEngine &gt; evaluateCondition &gt; has_open_tasks &gt; should recognize in_progress as open" time="0.000033042">
        </testcase>
        <testcase classname="tests/unit/aiPlaybookRoutingEngine.test.js" name="AIPlaybookRoutingEngine &gt; evaluateCondition &gt; has_open_tasks &gt; should recognize PENDING as open" time="0.000033959">
        </testcase>
        <testcase classname="tests/unit/aiPlaybookRoutingEngine.test.js" name="AIPlaybookRoutingEngine &gt; evaluateCondition &gt; signal_present &gt; should match when signal is present" time="0.000045084">
        </testcase>
        <testcase classname="tests/unit/aiPlaybookRoutingEngine.test.js" name="AIPlaybookRoutingEngine &gt; evaluateCondition &gt; signal_present &gt; should not match when signal is not present" time="0.000043708">
        </testcase>
        <testcase classname="tests/unit/aiPlaybookRoutingEngine.test.js" name="AIPlaybookRoutingEngine &gt; evaluateCondition &gt; signal_present &gt; should handle simple string signals" time="0.000057708">
        </testcase>
        <testcase classname="tests/unit/aiPlaybookRoutingEngine.test.js" name="AIPlaybookRoutingEngine &gt; evaluateCondition &gt; time_since_step_gte &gt; should match when enough time has passed" time="0.000362625">
        </testcase>
        <testcase classname="tests/unit/aiPlaybookRoutingEngine.test.js" name="AIPlaybookRoutingEngine &gt; evaluateCondition &gt; time_since_step_gte &gt; should not match when not enough time has passed" time="0.000202792">
        </testcase>
        <testcase classname="tests/unit/aiPlaybookRoutingEngine.test.js" name="AIPlaybookRoutingEngine &gt; evaluateCondition &gt; time_since_step_gte &gt; should not match when step timestamp not found" time="0.000204959">
        </testcase>
        <testcase classname="tests/unit/aiPlaybookRoutingEngine.test.js" name="AIPlaybookRoutingEngine &gt; evaluateCondition &gt; unknown conditions &gt; should fail safely for unknown condition type" time="0.000308625">
            <system-err>
[AIPlaybookRoutingEngine] Unknown condition type: unknown_condition

            </system-err>
        </testcase>
        <testcase classname="tests/unit/aiPlaybookRoutingEngine.test.js" name="AIPlaybookRoutingEngine &gt; evaluateCondition &gt; unknown conditions &gt; should fail safely for empty condition" time="0.000062583">
        </testcase>
        <testcase classname="tests/unit/aiPlaybookRoutingEngine.test.js" name="AIPlaybookRoutingEngine &gt; evaluateRouting &gt; should select first matching rule in first_match mode" time="0.000162">
        </testcase>
        <testcase classname="tests/unit/aiPlaybookRoutingEngine.test.js" name="AIPlaybookRoutingEngine &gt; evaluateRouting &gt; should use else_goto when no rules match" time="0.000057125">
        </testcase>
        <testcase classname="tests/unit/aiPlaybookRoutingEngine.test.js" name="AIPlaybookRoutingEngine &gt; evaluateRouting &gt; should return null when no rules match and no else_goto" time="0.000060291">
        </testcase>
        <testcase classname="tests/unit/aiPlaybookRoutingEngine.test.js" name="AIPlaybookRoutingEngine &gt; evaluateRouting &gt; should use linear flow when no branch_rules defined" time="0.000045458">
        </testcase>
        <testcase classname="tests/unit/aiPlaybookRoutingEngine.test.js" name="AIPlaybookRoutingEngine &gt; evaluateRouting &gt; should record evaluation trace" time="0.00039875">
        </testcase>
        <testcase classname="tests/unit/aiPlaybookRoutingEngine.test.js" name="AIPlaybookRoutingEngine &gt; evaluateRouting &gt; should skip rules with invalid conditions" time="0.000057541">
        </testcase>
    </testsuite>
    <testsuite name="tests/unit/aiResponsePostProcessor.test.js" timestamp="2025-12-29T06:42:48.364Z" hostname="MacBook-Pro-Piotr.local" tests="20" failures="0" errors="0" skipped="0" time="0.27585325">
        <testcase classname="tests/unit/aiResponsePostProcessor.test.js" name="aiResponsePostProcessor &gt; Memory Prefix &gt; should add memory prefix when memory count &gt; 0" time="0.000554625">
        </testcase>
        <testcase classname="tests/unit/aiResponsePostProcessor.test.js" name="aiResponsePostProcessor &gt; Memory Prefix &gt; should NOT add memory prefix when memory count is 0" time="0.000148208">
        </testcase>
        <testcase classname="tests/unit/aiResponsePostProcessor.test.js" name="aiResponsePostProcessor &gt; Memory Prefix &gt; should NOT duplicate memory prefix if already present" time="0.000143291">
        </testcase>
        <testcase classname="tests/unit/aiResponsePostProcessor.test.js" name="aiResponsePostProcessor &gt; External Sources Prefix &gt; should add external prefix when external sources are used" time="0.000084166">
        </testcase>
        <testcase classname="tests/unit/aiResponsePostProcessor.test.js" name="aiResponsePostProcessor &gt; External Sources Prefix &gt; should NOT add external prefix when no external sources" time="0.000074708">
        </testcase>
        <testcase classname="tests/unit/aiResponsePostProcessor.test.js" name="aiResponsePostProcessor &gt; External Sources Prefix &gt; should NOT duplicate external prefix if already present" time="0.000049875">
        </testcase>
        <testcase classname="tests/unit/aiResponsePostProcessor.test.js" name="aiResponsePostProcessor &gt; Combined Prefixes &gt; should add both prefixes when both memory and external sources exist" time="0.000059708">
        </testcase>
        <testcase classname="tests/unit/aiResponsePostProcessor.test.js" name="aiResponsePostProcessor &gt; Combined Prefixes &gt; should maintain correct order: memory first, then external" time="0.000053583">
        </testcase>
        <testcase classname="tests/unit/aiResponsePostProcessor.test.js" name="aiResponsePostProcessor &gt; Edge Cases &gt; should handle empty response safely" time="0.000041834">
        </testcase>
        <testcase classname="tests/unit/aiResponsePostProcessor.test.js" name="aiResponsePostProcessor &gt; Edge Cases &gt; should handle null response safely" time="0.000048542">
        </testcase>
        <testcase classname="tests/unit/aiResponsePostProcessor.test.js" name="aiResponsePostProcessor &gt; Edge Cases &gt; should handle undefined context safely" time="0.000032792">
        </testcase>
        <testcase classname="tests/unit/aiResponsePostProcessor.test.js" name="aiResponsePostProcessor &gt; Edge Cases &gt; should handle null context safely" time="0.000028375">
        </testcase>
        <testcase classname="tests/unit/aiResponsePostProcessor.test.js" name="aiResponsePostProcessor &gt; Edge Cases &gt; should trim whitespace from response" time="0.000028084">
        </testcase>
        <testcase classname="tests/unit/aiResponsePostProcessor.test.js" name="aiResponsePostProcessor &gt; Helper Functions &gt; getMemoryCount &gt; should count previous decisions" time="0.000031875">
        </testcase>
        <testcase classname="tests/unit/aiResponsePostProcessor.test.js" name="aiResponsePostProcessor &gt; Helper Functions &gt; getMemoryCount &gt; should return memoryCount from projectMemory" time="0.000042084">
        </testcase>
        <testcase classname="tests/unit/aiResponsePostProcessor.test.js" name="aiResponsePostProcessor &gt; Helper Functions &gt; getMemoryCount &gt; should return 1 when PMO health snapshot exists" time="0.00003275">
        </testcase>
        <testcase classname="tests/unit/aiResponsePostProcessor.test.js" name="aiResponsePostProcessor &gt; Helper Functions &gt; getExternalSources &gt; should return externalSourcesUsed array" time="0.000310042">
        </testcase>
        <testcase classname="tests/unit/aiResponsePostProcessor.test.js" name="aiResponsePostProcessor &gt; Helper Functions &gt; getExternalSources &gt; should derive sources from fetchedData" time="0.0003545">
        </testcase>
        <testcase classname="tests/unit/aiResponsePostProcessor.test.js" name="aiResponsePostProcessor &gt; Helper Functions &gt; stripPrefixes &gt; should remove memory and external prefixes" time="0.0000855">
        </testcase>
        <testcase classname="tests/unit/aiResponsePostProcessor.test.js" name="aiResponsePostProcessor &gt; Helper Functions &gt; stripPrefixes &gt; should handle text without prefixes" time="0.000040041">
        </testcase>
    </testsuite>
    <testsuite name="tests/unit/aiRoleGuard.test.js" timestamp="2025-12-29T06:42:48.365Z" hostname="MacBook-Pro-Piotr.local" tests="16" failures="0" errors="0" skipped="0" time="0.274471541">
        <testcase classname="tests/unit/aiRoleGuard.test.js" name="AI Role Guard &gt; Role Definitions &gt; should define three roles in correct hierarchy" time="0.000817333">
        </testcase>
        <testcase classname="tests/unit/aiRoleGuard.test.js" name="AI Role Guard &gt; Role Definitions &gt; should define capabilities for each role" time="0.000187375">
        </testcase>
        <testcase classname="tests/unit/aiRoleGuard.test.js" name="AI Role Guard &gt; Role Descriptions &gt; should return correct description for each role" time="0.000350958">
        </testcase>
        <testcase classname="tests/unit/aiRoleGuard.test.js" name="AI Role Guard &gt; Role Descriptions &gt; should default to ADVISOR description for unknown role" time="0.000072875">
        </testcase>
        <testcase classname="tests/unit/aiRoleGuard.test.js" name="AI Role Guard &gt; Action Capability Checks &gt; ADVISOR Role &gt; should allow explain actions" time="0.000200375">
        </testcase>
        <testcase classname="tests/unit/aiRoleGuard.test.js" name="AI Role Guard &gt; Action Capability Checks &gt; ADVISOR Role &gt; should block draft creation" time="0.000082417">
        </testcase>
        <testcase classname="tests/unit/aiRoleGuard.test.js" name="AI Role Guard &gt; Action Capability Checks &gt; ADVISOR Role &gt; should block execution actions" time="0.000053375">
        </testcase>
        <testcase classname="tests/unit/aiRoleGuard.test.js" name="AI Role Guard &gt; Action Capability Checks &gt; MANAGER Role &gt; should allow draft creation with approval required" time="0.000057542">
        </testcase>
        <testcase classname="tests/unit/aiRoleGuard.test.js" name="AI Role Guard &gt; Action Capability Checks &gt; MANAGER Role &gt; should block execution actions" time="0.000051708">
        </testcase>
        <testcase classname="tests/unit/aiRoleGuard.test.js" name="AI Role Guard &gt; Action Capability Checks &gt; OPERATOR Role &gt; should allow execution actions" time="0.000079083">
        </testcase>
        <testcase classname="tests/unit/aiRoleGuard.test.js" name="AI Role Guard &gt; Action Capability Checks &gt; OPERATOR Role &gt; should allow entity modifications" time="0.000048458">
        </testcase>
        <testcase classname="tests/unit/aiRoleGuard.test.js" name="AI Role Guard &gt; Mutation Validation &gt; should block all mutations for ADVISOR" time="0.000064375">
        </testcase>
        <testcase classname="tests/unit/aiRoleGuard.test.js" name="AI Role Guard &gt; Mutation Validation &gt; should allow mutations as drafts for MANAGER" time="0.0000605">
        </testcase>
        <testcase classname="tests/unit/aiRoleGuard.test.js" name="AI Role Guard &gt; Mutation Validation &gt; should allow direct mutations for OPERATOR" time="0.000047">
        </testcase>
        <testcase classname="tests/unit/aiRoleGuard.test.js" name="AI Role Guard &gt; isActionBlocked &gt; should return blocked with required role for insufficient permissions" time="0.000082875">
        </testcase>
        <testcase classname="tests/unit/aiRoleGuard.test.js" name="AI Role Guard &gt; isActionBlocked &gt; should return not blocked for allowed actions" time="0.000038792">
        </testcase>
    </testsuite>
    <testsuite name="tests/unit/analytics.service.test.ts" timestamp="2025-12-29T06:42:48.366Z" hostname="MacBook-Pro-Piotr.local" tests="8" failures="0" errors="0" skipped="0" time="0.610106666">
        <testcase classname="tests/unit/analytics.service.test.ts" name="Service Test: Analytics &gt; calculateAnalytics &gt; calculates analytics for empty arrays" time="0.000576959">
        </testcase>
        <testcase classname="tests/unit/analytics.service.test.ts" name="Service Test: Analytics &gt; calculateAnalytics &gt; calculates completion rate correctly" time="0.000158125">
        </testcase>
        <testcase classname="tests/unit/analytics.service.test.ts" name="Service Test: Analytics &gt; calculateAnalytics &gt; calculates initiative statistics" time="0.000138792">
        </testcase>
        <testcase classname="tests/unit/analytics.service.test.ts" name="Service Test: Analytics &gt; calculateAnalytics &gt; calculates total cost and benefit" time="0.00007475">
        </testcase>
        <testcase classname="tests/unit/analytics.service.test.ts" name="Service Test: Analytics &gt; generateBurnDownData &gt; generates burn down data for date range" time="0.000696709">
        </testcase>
        <testcase classname="tests/unit/analytics.service.test.ts" name="Service Test: Analytics &gt; generateBurnDownData &gt; handles empty task list" time="0.000094125">
        </testcase>
        <testcase classname="tests/unit/analytics.service.test.ts" name="Service Test: Analytics &gt; generateVelocityData &gt; generates velocity data for specified weeks" time="0.000165792">
        </testcase>
        <testcase classname="tests/unit/analytics.service.test.ts" name="Service Test: Analytics &gt; generateVelocityData &gt; uses default 8 weeks when not specified" time="0.0000565">
        </testcase>
    </testsuite>
    <testsuite name="tests/unit/api.service.test.ts" timestamp="2025-12-29T06:42:48.366Z" hostname="MacBook-Pro-Piotr.local" tests="1" failures="0" errors="0" skipped="1" time="0">
        <testcase classname="tests/unit/api.service.test.ts" name="API Service Tests &gt; should be implemented" time="0">
            <skipped/>
        </testcase>
    </testsuite>
    <testsuite name="tests/unit/asyncJobService.test.js" timestamp="2025-12-29T06:42:48.366Z" hostname="MacBook-Pro-Piotr.local" tests="16" failures="0" errors="0" skipped="0" time="0.797459041">
        <testcase classname="tests/unit/asyncJobService.test.js" name="AsyncJobService Constants and Logic &gt; JOB_TYPES Constants &gt; should export EXECUTE_DECISION type" time="0.10577925">
            <system-out>
[Queue] Using Mock Queue for ai-tasks

            </system-out>
        </testcase>
        <testcase classname="tests/unit/asyncJobService.test.js" name="AsyncJobService Constants and Logic &gt; JOB_TYPES Constants &gt; should export ADVANCE_PLAYBOOK_STEP type" time="0.008540875">
        </testcase>
        <testcase classname="tests/unit/asyncJobService.test.js" name="AsyncJobService Constants and Logic &gt; JOB_STATUSES Constants &gt; should export all required statuses" time="0.003977375">
        </testcase>
        <testcase classname="tests/unit/asyncJobService.test.js" name="AsyncJobService Constants and Logic &gt; JOB_STATUSES Constants &gt; should have 6 status types" time="0.002182958">
        </testcase>
        <testcase classname="tests/unit/asyncJobService.test.js" name="AsyncJobService Constants and Logic &gt; Service Methods Existence &gt; should export enqueueActionExecution" time="0.002572708">
        </testcase>
        <testcase classname="tests/unit/asyncJobService.test.js" name="AsyncJobService Constants and Logic &gt; Service Methods Existence &gt; should export enqueuePlaybookAdvance" time="0.001410417">
        </testcase>
        <testcase classname="tests/unit/asyncJobService.test.js" name="AsyncJobService Constants and Logic &gt; Service Methods Existence &gt; should export getJob" time="0.00130375">
        </testcase>
        <testcase classname="tests/unit/asyncJobService.test.js" name="AsyncJobService Constants and Logic &gt; Service Methods Existence &gt; should export listJobs" time="0.000680375">
        </testcase>
        <testcase classname="tests/unit/asyncJobService.test.js" name="AsyncJobService Constants and Logic &gt; Service Methods Existence &gt; should export retryJob" time="0.001050333">
        </testcase>
        <testcase classname="tests/unit/asyncJobService.test.js" name="AsyncJobService Constants and Logic &gt; Service Methods Existence &gt; should export cancelJob" time="0.001273667">
        </testcase>
        <testcase classname="tests/unit/asyncJobService.test.js" name="AsyncJobService Constants and Logic &gt; Service Methods Existence &gt; should export updateJobStatus" time="0.002153791">
        </testcase>
        <testcase classname="tests/unit/asyncJobService.test.js" name="AsyncJobService Constants and Logic &gt; Service Methods Existence &gt; should export markDeadLetter" time="0.000971791">
        </testcase>
        <testcase classname="tests/unit/asyncJobService.test.js" name="AsyncJobService Constants and Logic &gt; Service Methods Existence &gt; should export incrementAttempts" time="0.001370667">
        </testcase>
        <testcase classname="tests/unit/asyncJobService.test.js" name="Action Error Codes &gt; should include async job error codes" time="0.004350542">
        </testcase>
        <testcase classname="tests/unit/asyncJobService.test.js" name="AsyncJobProcessor &gt; should export processDecisionExecution" time="0.41976925">
            <system-out>
[Redis] Module loaded successfully
[Redis] Initializing client...
[Redis] Using Mock Client

            </system-out>
        </testcase>
        <testcase classname="tests/unit/asyncJobService.test.js" name="AsyncJobProcessor &gt; should export processPlaybookAdvance" time="0.004399959">
        </testcase>
    </testsuite>
    <testsuite name="tests/unit/breakGlassService.test.js" timestamp="2025-12-29T06:42:48.367Z" hostname="MacBook-Pro-Piotr.local" tests="15" failures="0" errors="0" skipped="0" time="0.241328042">
        <testcase classname="tests/unit/breakGlassService.test.js" name="BreakGlassService &gt; SCOPES &gt; should define all break-glass scopes" time="0.0013195">
        </testcase>
        <testcase classname="tests/unit/breakGlassService.test.js" name="BreakGlassService &gt; DEFAULT_DURATION_MINUTES &gt; should be 2 hours (120 minutes)" time="0.000131709">
        </testcase>
        <testcase classname="tests/unit/breakGlassService.test.js" name="BreakGlassService &gt; MAX_DURATION_MINUTES &gt; should be 24 hours (1440 minutes)" time="0.00007325">
        </testcase>
        <testcase classname="tests/unit/breakGlassService.test.js" name="BreakGlassService &gt; startSession &gt; should throw error for missing required parameters" time="0.000656875">
        </testcase>
        <testcase classname="tests/unit/breakGlassService.test.js" name="BreakGlassService &gt; startSession &gt; should throw error for invalid scope" time="0.000129208">
        </testcase>
        <testcase classname="tests/unit/breakGlassService.test.js" name="BreakGlassService &gt; startSession &gt; should throw error if session already exists for scope" time="0.000292458">
        </testcase>
        <testcase classname="tests/unit/breakGlassService.test.js" name="BreakGlassService &gt; startSession &gt; should create session successfully" time="0.000290625">
            <system-out>
[BreakGlass] Session started: test-uuid-1234 (scope: policy_engine_disabled) by user-1

            </system-out>
        </testcase>
        <testcase classname="tests/unit/breakGlassService.test.js" name="BreakGlassService &gt; startSession &gt; should cap duration at MAX_DURATION_MINUTES" time="0.000162875">
            <system-out>
[BreakGlass] Session started: test-uuid-1234 (scope: emergency_access) by user-1

            </system-out>
        </testcase>
        <testcase classname="tests/unit/breakGlassService.test.js" name="BreakGlassService &gt; closeSession &gt; should throw error for non-existent session" time="0.000170208">
        </testcase>
        <testcase classname="tests/unit/breakGlassService.test.js" name="BreakGlassService &gt; closeSession &gt; should throw error for already closed session" time="0.000131542">
        </testcase>
        <testcase classname="tests/unit/breakGlassService.test.js" name="BreakGlassService &gt; closeSession &gt; should close session successfully" time="0.000167708">
            <system-out>
[BreakGlass] Session closed: session-1 by user-1

            </system-out>
        </testcase>
        <testcase classname="tests/unit/breakGlassService.test.js" name="BreakGlassService &gt; isBreakGlassActive &gt; should return false when no active session" time="0.000076084">
        </testcase>
        <testcase classname="tests/unit/breakGlassService.test.js" name="BreakGlassService &gt; isBreakGlassActive &gt; should return true when active session exists" time="0.000049">
        </testcase>
        <testcase classname="tests/unit/breakGlassService.test.js" name="BreakGlassService &gt; getActiveSessions &gt; should return empty array when no sessions" time="0.00029575">
        </testcase>
        <testcase classname="tests/unit/breakGlassService.test.js" name="BreakGlassService &gt; getActiveSessions &gt; should return active sessions" time="0.000349125">
        </testcase>
    </testsuite>
    <testsuite name="tests/unit/connectorAdapter.test.js" timestamp="2025-12-29T06:42:48.368Z" hostname="MacBook-Pro-Piotr.local" tests="11" failures="0" errors="0" skipped="0" time="0.451900958">
        <testcase classname="tests/unit/connectorAdapter.test.js" name="ConnectorAdapter &gt; Dry-run Mode &gt; should return plan without execution in dry-run mode" time="0.01276775">
        </testcase>
        <testcase classname="tests/unit/connectorAdapter.test.js" name="ConnectorAdapter &gt; Dry-run Mode &gt; should respect sandbox_mode flag on config" time="0.000397875">
        </testcase>
        <testcase classname="tests/unit/connectorAdapter.test.js" name="ConnectorAdapter &gt; Error Handling &gt; should return error for unknown connector" time="0.000231417">
        </testcase>
        <testcase classname="tests/unit/connectorAdapter.test.js" name="ConnectorAdapter &gt; Error Handling &gt; should return error for unsupported action" time="0.00020775">
        </testcase>
        <testcase classname="tests/unit/connectorAdapter.test.js" name="ConnectorAdapter &gt; Error Handling &gt; should return error when connector not configured" time="0.000217584">
        </testcase>
        <testcase classname="tests/unit/connectorAdapter.test.js" name="ConnectorAdapter &gt; Error Handling &gt; should return error when connector disconnected" time="0.000376917">
        </testcase>
        <testcase classname="tests/unit/connectorAdapter.test.js" name="ConnectorAdapter &gt; Plan Generation &gt; should generate Jira plan for issue_create" time="0.000803667">
        </testcase>
        <testcase classname="tests/unit/connectorAdapter.test.js" name="ConnectorAdapter &gt; Plan Generation &gt; should generate Slack plan for message_send" time="0.000293292">
        </testcase>
        <testcase classname="tests/unit/connectorAdapter.test.js" name="ConnectorAdapter &gt; Plan Generation &gt; should generate Google Calendar plan for event_create" time="0.000307875">
        </testcase>
        <testcase classname="tests/unit/connectorAdapter.test.js" name="ConnectorAdapter &gt; Execution (Mock) &gt; should execute Slack message_send successfully" time="0.000411625">
        </testcase>
        <testcase classname="tests/unit/connectorAdapter.test.js" name="ConnectorAdapter &gt; Execution (Mock) &gt; should include duration_ms in result" time="0.0006295">
        </testcase>
    </testsuite>
    <testsuite name="tests/unit/connectorRegistry.test.js" timestamp="2025-12-29T06:42:48.369Z" hostname="MacBook-Pro-Piotr.local" tests="14" failures="0" errors="0" skipped="0" time="0.250222917">
        <testcase classname="tests/unit/connectorRegistry.test.js" name="ConnectorRegistry &gt; getAllConnectors &gt; should return all available connectors" time="0.001518791">
        </testcase>
        <testcase classname="tests/unit/connectorRegistry.test.js" name="ConnectorRegistry &gt; getConnector &gt; should return connector by key" time="0.000175041">
        </testcase>
        <testcase classname="tests/unit/connectorRegistry.test.js" name="ConnectorRegistry &gt; getConnector &gt; should return null for unknown connector" time="0.000073542">
        </testcase>
        <testcase classname="tests/unit/connectorRegistry.test.js" name="ConnectorRegistry &gt; getConnectorsByCategory &gt; should return connectors filtered by category" time="0.000115084">
        </testcase>
        <testcase classname="tests/unit/connectorRegistry.test.js" name="ConnectorRegistry &gt; getConnectorsByCategory &gt; should return empty array for unknown category" time="0.000261958">
        </testcase>
        <testcase classname="tests/unit/connectorRegistry.test.js" name="ConnectorRegistry &gt; hasCapability &gt; should return true for supported capability" time="0.0000795">
        </testcase>
        <testcase classname="tests/unit/connectorRegistry.test.js" name="ConnectorRegistry &gt; hasCapability &gt; should return false for unsupported capability" time="0.000058333">
        </testcase>
        <testcase classname="tests/unit/connectorRegistry.test.js" name="ConnectorRegistry &gt; hasCapability &gt; should return false for unknown connector" time="0.000046167">
        </testcase>
        <testcase classname="tests/unit/connectorRegistry.test.js" name="ConnectorRegistry &gt; validateCredentials &gt; should validate all required credentials present" time="0.000098208">
        </testcase>
        <testcase classname="tests/unit/connectorRegistry.test.js" name="ConnectorRegistry &gt; validateCredentials &gt; should identify missing required credentials" time="0.000108">
        </testcase>
        <testcase classname="tests/unit/connectorRegistry.test.js" name="ConnectorRegistry &gt; validateCredentials &gt; should handle unknown connector" time="0.000053333">
        </testcase>
        <testcase classname="tests/unit/connectorRegistry.test.js" name="ConnectorRegistry &gt; getRequiredCredentials &gt; should return required credentials for connector" time="0.000053291">
        </testcase>
        <testcase classname="tests/unit/connectorRegistry.test.js" name="ConnectorRegistry &gt; getRequiredCredentials &gt; should return empty array for unknown connector" time="0.000034792">
        </testcase>
        <testcase classname="tests/unit/connectorRegistry.test.js" name="ConnectorRegistry &gt; getAllCategories &gt; should return all categories" time="0.000099167">
        </testcase>
    </testsuite>
    <testsuite name="tests/unit/demoGuard.test.js" timestamp="2025-12-29T06:42:48.369Z" hostname="MacBook-Pro-Piotr.local" tests="6" failures="0" errors="0" skipped="0" time="0.316968416">
        <testcase classname="tests/unit/demoGuard.test.js" name="Demo Guard Middleware &gt; should allow regular users to perform write operations" time="0.009483083">
        </testcase>
        <testcase classname="tests/unit/demoGuard.test.js" name="Demo Guard Middleware &gt; should allow demo users to perform read operations" time="0.001663459">
        </testcase>
        <testcase classname="tests/unit/demoGuard.test.js" name="Demo Guard Middleware &gt; should BLOCK demo users from performing write operations on protected routes" time="0.00126625">
            <system-err>
[DemoGuard] Blocked POST /api/tasks for Demo User undefined (Action: CREATE_TASKS)

            </system-err>
        </testcase>
        <testcase classname="tests/unit/demoGuard.test.js" name="Demo Guard Middleware &gt; should ALLOW demo users to perform write operations on ALLOWED routes (AI Chat)" time="0.000885834">
        </testcase>
        <testcase classname="tests/unit/demoGuard.test.js" name="Demo Guard Middleware &gt; should ALLOW demo users to perform write operations on ALLOWED routes (Logout)" time="0.000892458">
        </testcase>
        <testcase classname="tests/unit/demoGuard.test.js" name="Demo Guard Middleware &gt; should passthrough if no user matches (unauthenticated requests handled elsewhere)" time="0.001706916">
        </testcase>
    </testsuite>
    <testsuite name="tests/unit/demoIsolation.test.js" timestamp="2025-12-29T06:42:48.370Z" hostname="MacBook-Pro-Piotr.local" tests="3" failures="0" errors="0" skipped="0" time="0.696719542">
        <testcase classname="tests/unit/demoIsolation.test.js" name="Demo Guard Isolation Extension &gt; should allow Normal GET for demo user" time="0.008410084">
        </testcase>
        <testcase classname="tests/unit/demoIsolation.test.js" name="Demo Guard Isolation Extension &gt; should BLOCK demo user if they try to switch context via Query Param" time="0.001596583">
            <system-err>
[DemoGuard] Blocked cross-tenant access attempt by Demo User undefined (Target: org-real, Actual: org-demo)

            </system-err>
        </testcase>
        <testcase classname="tests/unit/demoIsolation.test.js" name="Demo Guard Isolation Extension &gt; should BLOCK demo user if they try to switch context via Body" time="0.004967791">
            <system-err>
[DemoGuard] Blocked cross-tenant access attempt by Demo User undefined (Target: org-real, Actual: org-demo)

            </system-err>
        </testcase>
    </testsuite>
    <testsuite name="tests/unit/drdStructure.test.ts" timestamp="2025-12-29T06:42:48.370Z" hostname="MacBook-Pro-Piotr.local" tests="7" failures="0" errors="0" skipped="0" time="0.294851292">
        <testcase classname="tests/unit/drdStructure.test.ts" name="Service Test: drdStructure &gt; exports DRD_STRUCTURE as array" time="0.0005765">
        </testcase>
        <testcase classname="tests/unit/drdStructure.test.ts" name="Service Test: drdStructure &gt; each axis has required properties" time="0.00054325">
        </testcase>
        <testcase classname="tests/unit/drdStructure.test.ts" name="Service Test: drdStructure &gt; each area has required properties" time="0.001008333">
        </testcase>
        <testcase classname="tests/unit/drdStructure.test.ts" name="Service Test: drdStructure &gt; each level has required properties" time="0.0039745">
        </testcase>
        <testcase classname="tests/unit/drdStructure.test.ts" name="Service Test: drdStructure &gt; getQuestionsForAxis &gt; returns areas for valid axis ID" time="0.000129209">
        </testcase>
        <testcase classname="tests/unit/drdStructure.test.ts" name="Service Test: drdStructure &gt; getQuestionsForAxis &gt; returns empty array for invalid axis ID" time="0.000273041">
        </testcase>
        <testcase classname="tests/unit/drdStructure.test.ts" name="Service Test: drdStructure &gt; getQuestionsForAxis &gt; returns areas for different axis IDs" time="0.000082959">
        </testcase>
    </testsuite>
    <testsuite name="tests/unit/governanceAudit.test.js" timestamp="2025-12-29T06:42:48.370Z" hostname="MacBook-Pro-Piotr.local" tests="8" failures="0" errors="0" skipped="0" time="0.289876792">
        <testcase classname="tests/unit/governanceAudit.test.js" name="GovernanceAuditService &gt; logAudit &gt; should throw error for missing required parameters" time="0.001255958">
        </testcase>
        <testcase classname="tests/unit/governanceAudit.test.js" name="GovernanceAuditService &gt; logAudit &gt; should throw error for invalid action" time="0.000223834">
        </testcase>
        <testcase classname="tests/unit/governanceAudit.test.js" name="GovernanceAuditService &gt; logAudit &gt; should log audit entry successfully" time="0.000743417">
            <system-out>
[GovernanceAudit] Logged: CREATE on POLICY_RULE/rule-1 by user-1

            </system-out>
        </testcase>
        <testcase classname="tests/unit/governanceAudit.test.js" name="GovernanceAuditService &gt; getAuditLog &gt; should query with organization filter" time="0.000218167">
        </testcase>
        <testcase classname="tests/unit/governanceAudit.test.js" name="GovernanceAuditService &gt; getAuditLog &gt; should bypass org filter for superadmin" time="0.000126083">
        </testcase>
        <testcase classname="tests/unit/governanceAudit.test.js" name="GovernanceAuditService &gt; getAuditLog &gt; should support action filter" time="0.000351416">
        </testcase>
        <testcase classname="tests/unit/governanceAudit.test.js" name="GovernanceAuditService &gt; exportAuditLog &gt; should export as JSON by default" time="0.000134834">
        </testcase>
        <testcase classname="tests/unit/governanceAudit.test.js" name="GovernanceAuditService &gt; exportAuditLog &gt; should export as CSV when specified" time="0.0001515">
        </testcase>
    </testsuite>
    <testsuite name="tests/unit/helpFeedback.test.js" timestamp="2025-12-29T06:42:48.371Z" hostname="MacBook-Pro-Piotr.local" tests="1" failures="1" errors="0" skipped="0" time="0">
        <testcase classname="tests/unit/helpFeedback.test.js" name="tests/unit/helpFeedback.test.js" time="0">
            <system-out>
[Database] Selected: SQLite

[DB:n0cf9r] Initializing database at :memory:
[DB:n0cf9r] Connected to the SQLite database.
[DB:n0cf9r] WAL mode, Busy Timeout (10s), and Synchronous=NORMAL enabled.
Created billing tables and seeded default subscription plans.
Seeded SuperAdmin and DBR77 Users.

            </system-out>
            <failure message="jest is not defined" type="ReferenceError">
ReferenceError: jest is not defined
 ❯ tests/unit/helpFeedback.test.js:10:1
            </failure>
        </testcase>
    </testsuite>
    <testsuite name="tests/unit/helpSearchService.test.ts" timestamp="2025-12-29T06:42:48.371Z" hostname="MacBook-Pro-Piotr.local" tests="25" failures="25" errors="0" skipped="0" time="0.617376666">
        <testcase classname="tests/unit/helpSearchService.test.ts" name="HelpSearchService &gt; buildIndex &gt; should build index from modules, cards, and FAQs" time="0.002716542">
            <failure message="__vite_ssr_import_1__.HelpSearchService is not a constructor" type="TypeError">
TypeError: __vite_ssr_import_1__.HelpSearchService is not a constructor
 ❯ tests/unit/helpSearchService.test.ts:12:25
            </failure>
        </testcase>
        <testcase classname="tests/unit/helpSearchService.test.ts" name="HelpSearchService &gt; buildIndex &gt; should include all expected module IDs" time="0.000233791">
            <failure message="__vite_ssr_import_1__.HelpSearchService is not a constructor" type="TypeError">
TypeError: __vite_ssr_import_1__.HelpSearchService is not a constructor
 ❯ tests/unit/helpSearchService.test.ts:12:25
            </failure>
        </testcase>
        <testcase classname="tests/unit/helpSearchService.test.ts" name="HelpSearchService &gt; buildIndex &gt; should include searchable text for each item" time="0.00014125">
            <failure message="__vite_ssr_import_1__.HelpSearchService is not a constructor" type="TypeError">
TypeError: __vite_ssr_import_1__.HelpSearchService is not a constructor
 ❯ tests/unit/helpSearchService.test.ts:12:25
            </failure>
        </testcase>
        <testcase classname="tests/unit/helpSearchService.test.ts" name="HelpSearchService &gt; search &gt; should return results for valid queries" time="0.000105375">
            <failure message="__vite_ssr_import_1__.HelpSearchService is not a constructor" type="TypeError">
TypeError: __vite_ssr_import_1__.HelpSearchService is not a constructor
 ❯ tests/unit/helpSearchService.test.ts:12:25
            </failure>
        </testcase>
        <testcase classname="tests/unit/helpSearchService.test.ts" name="HelpSearchService &gt; search &gt; should return empty array for empty query" time="0.000096292">
            <failure message="__vite_ssr_import_1__.HelpSearchService is not a constructor" type="TypeError">
TypeError: __vite_ssr_import_1__.HelpSearchService is not a constructor
 ❯ tests/unit/helpSearchService.test.ts:12:25
            </failure>
        </testcase>
        <testcase classname="tests/unit/helpSearchService.test.ts" name="HelpSearchService &gt; search &gt; should return empty array for whitespace-only query" time="0.000079833">
            <failure message="__vite_ssr_import_1__.HelpSearchService is not a constructor" type="TypeError">
TypeError: __vite_ssr_import_1__.HelpSearchService is not a constructor
 ❯ tests/unit/helpSearchService.test.ts:12:25
            </failure>
        </testcase>
        <testcase classname="tests/unit/helpSearchService.test.ts" name="HelpSearchService &gt; search &gt; should handle special characters in query" time="0.000076167">
            <failure message="__vite_ssr_import_1__.HelpSearchService is not a constructor" type="TypeError">
TypeError: __vite_ssr_import_1__.HelpSearchService is not a constructor
 ❯ tests/unit/helpSearchService.test.ts:12:25
            </failure>
        </testcase>
        <testcase classname="tests/unit/helpSearchService.test.ts" name="HelpSearchService &gt; search &gt; should be case insensitive" time="0.000074958">
            <failure message="__vite_ssr_import_1__.HelpSearchService is not a constructor" type="TypeError">
TypeError: __vite_ssr_import_1__.HelpSearchService is not a constructor
 ❯ tests/unit/helpSearchService.test.ts:12:25
            </failure>
        </testcase>
        <testcase classname="tests/unit/helpSearchService.test.ts" name="HelpSearchService &gt; search &gt; should prioritize exact matches" time="0.000081166">
            <failure message="__vite_ssr_import_1__.HelpSearchService is not a constructor" type="TypeError">
TypeError: __vite_ssr_import_1__.HelpSearchService is not a constructor
 ❯ tests/unit/helpSearchService.test.ts:12:25
            </failure>
        </testcase>
        <testcase classname="tests/unit/helpSearchService.test.ts" name="HelpSearchService &gt; search &gt; should limit results to specified maximum" time="0.00009275">
            <failure message="__vite_ssr_import_1__.HelpSearchService is not a constructor" type="TypeError">
TypeError: __vite_ssr_import_1__.HelpSearchService is not a constructor
 ❯ tests/unit/helpSearchService.test.ts:12:25
            </failure>
        </testcase>
        <testcase classname="tests/unit/helpSearchService.test.ts" name="HelpSearchService &gt; search &gt; should filter by type when specified" time="0.000082208">
            <failure message="__vite_ssr_import_1__.HelpSearchService is not a constructor" type="TypeError">
TypeError: __vite_ssr_import_1__.HelpSearchService is not a constructor
 ❯ tests/unit/helpSearchService.test.ts:12:25
            </failure>
        </testcase>
        <testcase classname="tests/unit/helpSearchService.test.ts" name="HelpSearchService &gt; search &gt; should include relevance score" time="0.000074959">
            <failure message="__vite_ssr_import_1__.HelpSearchService is not a constructor" type="TypeError">
TypeError: __vite_ssr_import_1__.HelpSearchService is not a constructor
 ❯ tests/unit/helpSearchService.test.ts:12:25
            </failure>
        </testcase>
        <testcase classname="tests/unit/helpSearchService.test.ts" name="HelpSearchService &gt; search results structure &gt; should return properly structured results" time="0.000080625">
            <failure message="__vite_ssr_import_1__.HelpSearchService is not a constructor" type="TypeError">
TypeError: __vite_ssr_import_1__.HelpSearchService is not a constructor
 ❯ tests/unit/helpSearchService.test.ts:12:25
            </failure>
        </testcase>
        <testcase classname="tests/unit/helpSearchService.test.ts" name="HelpSearchService &gt; search results structure &gt; should include moduleId for card results" time="0.000065">
            <failure message="__vite_ssr_import_1__.HelpSearchService is not a constructor" type="TypeError">
TypeError: __vite_ssr_import_1__.HelpSearchService is not a constructor
 ❯ tests/unit/helpSearchService.test.ts:12:25
            </failure>
        </testcase>
        <testcase classname="tests/unit/helpSearchService.test.ts" name="HelpSearchService &gt; search results structure &gt; should include answer for FAQ results" time="0.000125834">
            <failure message="__vite_ssr_import_1__.HelpSearchService is not a constructor" type="TypeError">
TypeError: __vite_ssr_import_1__.HelpSearchService is not a constructor
 ❯ tests/unit/helpSearchService.test.ts:12:25
            </failure>
        </testcase>
        <testcase classname="tests/unit/helpSearchService.test.ts" name="HelpSearchService &gt; multilingual search &gt; should find results in English" time="0.000067167">
            <failure message="__vite_ssr_import_1__.HelpSearchService is not a constructor" type="TypeError">
TypeError: __vite_ssr_import_1__.HelpSearchService is not a constructor
 ❯ tests/unit/helpSearchService.test.ts:12:25
            </failure>
        </testcase>
        <testcase classname="tests/unit/helpSearchService.test.ts" name="HelpSearchService &gt; multilingual search &gt; should find results in Polish" time="0.000061458">
            <failure message="__vite_ssr_import_1__.HelpSearchService is not a constructor" type="TypeError">
TypeError: __vite_ssr_import_1__.HelpSearchService is not a constructor
 ❯ tests/unit/helpSearchService.test.ts:12:25
            </failure>
        </testcase>
        <testcase classname="tests/unit/helpSearchService.test.ts" name="HelpSearchService &gt; multilingual search &gt; should return titles in correct language" time="0.000082833">
            <failure message="__vite_ssr_import_1__.HelpSearchService is not a constructor" type="TypeError">
TypeError: __vite_ssr_import_1__.HelpSearchService is not a constructor
 ❯ tests/unit/helpSearchService.test.ts:12:25
            </failure>
        </testcase>
        <testcase classname="tests/unit/helpSearchService.test.ts" name="HelpSearchService &gt; performance &gt; should complete search within 100ms" time="0.000118875">
            <failure message="__vite_ssr_import_1__.HelpSearchService is not a constructor" type="TypeError">
TypeError: __vite_ssr_import_1__.HelpSearchService is not a constructor
 ❯ tests/unit/helpSearchService.test.ts:12:25
            </failure>
        </testcase>
        <testcase classname="tests/unit/helpSearchService.test.ts" name="HelpSearchService &gt; performance &gt; should handle multiple concurrent searches" time="0.000084083">
            <failure message="__vite_ssr_import_1__.HelpSearchService is not a constructor" type="TypeError">
TypeError: __vite_ssr_import_1__.HelpSearchService is not a constructor
 ❯ tests/unit/helpSearchService.test.ts:12:25
            </failure>
        </testcase>
        <testcase classname="tests/unit/helpSearchService.test.ts" name="HelpSearchService &gt; getRecentSearches &gt; should return empty array initially" time="0.000094291">
            <failure message="__vite_ssr_import_1__.HelpSearchService is not a constructor" type="TypeError">
TypeError: __vite_ssr_import_1__.HelpSearchService is not a constructor
 ❯ tests/unit/helpSearchService.test.ts:12:25
            </failure>
        </testcase>
        <testcase classname="tests/unit/helpSearchService.test.ts" name="HelpSearchService &gt; getRecentSearches &gt; should track recent searches" time="0.000067583">
            <failure message="__vite_ssr_import_1__.HelpSearchService is not a constructor" type="TypeError">
TypeError: __vite_ssr_import_1__.HelpSearchService is not a constructor
 ❯ tests/unit/helpSearchService.test.ts:12:25
            </failure>
        </testcase>
        <testcase classname="tests/unit/helpSearchService.test.ts" name="HelpSearchService &gt; getRecentSearches &gt; should limit recent searches count" time="0.00018225">
            <failure message="__vite_ssr_import_1__.HelpSearchService is not a constructor" type="TypeError">
TypeError: __vite_ssr_import_1__.HelpSearchService is not a constructor
 ❯ tests/unit/helpSearchService.test.ts:12:25
            </failure>
        </testcase>
        <testcase classname="tests/unit/helpSearchService.test.ts" name="HelpSearchService &gt; getRecentSearches &gt; should not duplicate searches" time="0.000267833">
            <failure message="__vite_ssr_import_1__.HelpSearchService is not a constructor" type="TypeError">
TypeError: __vite_ssr_import_1__.HelpSearchService is not a constructor
 ❯ tests/unit/helpSearchService.test.ts:12:25
            </failure>
        </testcase>
        <testcase classname="tests/unit/helpSearchService.test.ts" name="HelpSearchService &gt; clearRecentSearches &gt; should clear all recent searches" time="0.000149458">
            <failure message="__vite_ssr_import_1__.HelpSearchService is not a constructor" type="TypeError">
TypeError: __vite_ssr_import_1__.HelpSearchService is not a constructor
 ❯ tests/unit/helpSearchService.test.ts:12:25
            </failure>
        </testcase>
    </testsuite>
    <testsuite name="tests/unit/notificationOutboxService.test.js" timestamp="2025-12-29T06:42:48.375Z" hostname="MacBook-Pro-Piotr.local" tests="16" failures="0" errors="0" skipped="0" time="0.524688583">
        <testcase classname="tests/unit/notificationOutboxService.test.js" name="NotificationOutboxService Constants and Logic &gt; NOTIFICATION_TYPES Constants &gt; should export APPROVAL_DUE type" time="0.008874667">
        </testcase>
        <testcase classname="tests/unit/notificationOutboxService.test.js" name="NotificationOutboxService Constants and Logic &gt; NOTIFICATION_TYPES Constants &gt; should export PLAYBOOK_STUCK type" time="0.004046667">
        </testcase>
        <testcase classname="tests/unit/notificationOutboxService.test.js" name="NotificationOutboxService Constants and Logic &gt; NOTIFICATION_TYPES Constants &gt; should export DEAD_LETTER type" time="0.000997917">
        </testcase>
        <testcase classname="tests/unit/notificationOutboxService.test.js" name="NotificationOutboxService Constants and Logic &gt; NOTIFICATION_TYPES Constants &gt; should export ESCALATION type" time="0.000867083">
        </testcase>
        <testcase classname="tests/unit/notificationOutboxService.test.js" name="NotificationOutboxService Constants and Logic &gt; NOTIFICATION_TYPES Constants &gt; should have 4 notification types" time="0.00146">
        </testcase>
        <testcase classname="tests/unit/notificationOutboxService.test.js" name="NotificationOutboxService Constants and Logic &gt; OUTBOX_STATUSES Constants &gt; should export QUEUED status" time="0.001224583">
        </testcase>
        <testcase classname="tests/unit/notificationOutboxService.test.js" name="NotificationOutboxService Constants and Logic &gt; OUTBOX_STATUSES Constants &gt; should export SENT status" time="0.001674042">
        </testcase>
        <testcase classname="tests/unit/notificationOutboxService.test.js" name="NotificationOutboxService Constants and Logic &gt; OUTBOX_STATUSES Constants &gt; should export FAILED status" time="0.000943875">
        </testcase>
        <testcase classname="tests/unit/notificationOutboxService.test.js" name="NotificationOutboxService Constants and Logic &gt; MAX_ATTEMPTS &gt; should be 3" time="0.001748125">
        </testcase>
        <testcase classname="tests/unit/notificationOutboxService.test.js" name="NotificationOutboxService Constants and Logic &gt; Service Methods Existence &gt; should export enqueue" time="0.001188958">
        </testcase>
        <testcase classname="tests/unit/notificationOutboxService.test.js" name="NotificationOutboxService Constants and Logic &gt; Service Methods Existence &gt; should export shouldNotify" time="0.001500667">
        </testcase>
        <testcase classname="tests/unit/notificationOutboxService.test.js" name="NotificationOutboxService Constants and Logic &gt; Service Methods Existence &gt; should export getUserPreferences" time="0.001709125">
        </testcase>
        <testcase classname="tests/unit/notificationOutboxService.test.js" name="NotificationOutboxService Constants and Logic &gt; Service Methods Existence &gt; should export updateUserPreferences" time="0.002009208">
        </testcase>
        <testcase classname="tests/unit/notificationOutboxService.test.js" name="NotificationOutboxService Constants and Logic &gt; Service Methods Existence &gt; should export processQueue" time="0.00127875">
        </testcase>
        <testcase classname="tests/unit/notificationOutboxService.test.js" name="NotificationOutboxService Constants and Logic &gt; Service Methods Existence &gt; should export getOutboxStats" time="0.001169583">
        </testcase>
        <testcase classname="tests/unit/notificationOutboxService.test.js" name="NotificationOutboxService User Preferences &gt; should return true when no preferences set (default behavior)" time="0.001758292">
        </testcase>
    </testsuite>
    <testsuite name="tests/unit/pdfExport.test.ts" timestamp="2025-12-29T06:42:48.376Z" hostname="MacBook-Pro-Piotr.local" tests="5" failures="0" errors="0" skipped="0" time="0.519523917">
        <testcase classname="tests/unit/pdfExport.test.ts" name="Service Test: pdfExport &gt; exportReportToPDF &gt; returns false when element is not found" time="0.001501459">
            <system-err>
Element with id non-existent not found

            </system-err>
        </testcase>
        <testcase classname="tests/unit/pdfExport.test.ts" name="Service Test: pdfExport &gt; exportReportToPDF &gt; exports PDF successfully" time="0.000495708">
        </testcase>
        <testcase classname="tests/unit/pdfExport.test.ts" name="Service Test: pdfExport &gt; exportReportToPDF &gt; handles errors gracefully" time="0.001280625">
            <system-err>
PDF Export failed: Error: Canvas error
    at /Users/piotrwisniewski/Documents/Antygracity/DRD/consultify/tests/unit/pdfExport.test.ts:89:53
    at file:///Users/piotrwisniewski/Documents/Antygracity/DRD/consultify/node_modules/@vitest/runner/dist/index.js:145:11
    at file:///Users/piotrwisniewski/Documents/Antygracity/DRD/consultify/node_modules/@vitest/runner/dist/index.js:915:26
    at file:///Users/piotrwisniewski/Documents/Antygracity/DRD/consultify/node_modules/@vitest/runner/dist/index.js:1243:20
    at new Promise (&lt;anonymous&gt;)
    at runWithTimeout (file:///Users/piotrwisniewski/Documents/Antygracity/DRD/consultify/node_modules/@vitest/runner/dist/index.js:1209:10)
    at file:///Users/piotrwisniewski/Documents/Antygracity/DRD/consultify/node_modules/@vitest/runner/dist/index.js:1653:37
    at Traces.$ (file:///Users/piotrwisniewski/Documents/Antygracity/DRD/consultify/node_modules/vitest/dist/chunks/traces.U4xDYhzZ.js:115:27)
    at trace (file:///Users/piotrwisniewski/Documents/Antygracity/DRD/consultify/node_modules/vitest/dist/chunks/test.B8ej_ZHS.js:239:21)
    at runTest (file:///Users/piotrwisniewski/Documents/Antygracity/DRD/consultify/node_modules/@vitest/runner/dist/index.js:1653:12)

            </system-err>
        </testcase>
        <testcase classname="tests/unit/pdfExport.test.ts" name="Service Test: pdfExport &gt; exportDashboardToPDF &gt; creates PDF with metadata" time="0.008827834">
        </testcase>
        <testcase classname="tests/unit/pdfExport.test.ts" name="Service Test: pdfExport &gt; exportDashboardToPDF &gt; handles optional metadata" time="0.001260041">
        </testcase>
    </testsuite>
    <testsuite name="tests/unit/piiRedactor.test.js" timestamp="2025-12-29T06:42:48.376Z" hostname="MacBook-Pro-Piotr.local" tests="17" failures="0" errors="0" skipped="0" time="0.303973583">
        <testcase classname="tests/unit/piiRedactor.test.js" name="PII Redactor &gt; redactEmails &gt; should redact email addresses" time="0.000544625">
        </testcase>
        <testcase classname="tests/unit/piiRedactor.test.js" name="PII Redactor &gt; redactEmails &gt; should redact multiple emails" time="0.00008275">
        </testcase>
        <testcase classname="tests/unit/piiRedactor.test.js" name="PII Redactor &gt; redactEmails &gt; should return non-string values unchanged" time="0.000078333">
        </testcase>
        <testcase classname="tests/unit/piiRedactor.test.js" name="PII Redactor &gt; redactTokens &gt; should redact JWT-like tokens" time="0.000178542">
        </testcase>
        <testcase classname="tests/unit/piiRedactor.test.js" name="PII Redactor &gt; redactTokens &gt; should handle partial JWT patterns" time="0.000062208">
        </testcase>
        <testcase classname="tests/unit/piiRedactor.test.js" name="PII Redactor &gt; redact (deep object redaction) &gt; should redact email fields" time="0.000126958">
        </testcase>
        <testcase classname="tests/unit/piiRedactor.test.js" name="PII Redactor &gt; redact (deep object redaction) &gt; should redact name fields" time="0.000067209">
        </testcase>
        <testcase classname="tests/unit/piiRedactor.test.js" name="PII Redactor &gt; redact (deep object redaction) &gt; should redact password fields" time="0.000068166">
        </testcase>
        <testcase classname="tests/unit/piiRedactor.test.js" name="PII Redactor &gt; redact (deep object redaction) &gt; should redact token and secret fields" time="0.000081292">
        </testcase>
        <testcase classname="tests/unit/piiRedactor.test.js" name="PII Redactor &gt; redact (deep object redaction) &gt; should redact inline emails in string values" time="0.000065084">
        </testcase>
        <testcase classname="tests/unit/piiRedactor.test.js" name="PII Redactor &gt; redact (deep object redaction) &gt; should handle arrays with email strings" time="0.000065875">
        </testcase>
        <testcase classname="tests/unit/piiRedactor.test.js" name="PII Redactor &gt; redact (deep object redaction) &gt; should handle nested objects" time="0.000056666">
        </testcase>
        <testcase classname="tests/unit/piiRedactor.test.js" name="PII Redactor &gt; redact (deep object redaction) &gt; should not mutate original object" time="0.000046708">
        </testcase>
        <testcase classname="tests/unit/piiRedactor.test.js" name="PII Redactor &gt; redact (deep object redaction) &gt; should handle null and undefined" time="0.000052667">
        </testcase>
        <testcase classname="tests/unit/piiRedactor.test.js" name="PII Redactor &gt; redactKeys &gt; should redact specific keys" time="0.000097917">
        </testcase>
        <testcase classname="tests/unit/piiRedactor.test.js" name="PII Redactor &gt; createAuditSnapshot &gt; should return JSON string with redacted PII" time="0.000084292">
        </testcase>
        <testcase classname="tests/unit/piiRedactor.test.js" name="PII Redactor &gt; DEFAULT_PII_FIELDS &gt; should include common PII fields" time="0.000395583">
        </testcase>
    </testsuite>
    <testsuite name="tests/unit/policyEngine.test.js" timestamp="2025-12-29T06:42:48.377Z" hostname="MacBook-Pro-Piotr.local" tests="21" failures="0" errors="0" skipped="0" time="0.282761084">
        <testcase classname="tests/unit/policyEngine.test.js" name="PolicyEngine Core Logic &gt; Safety Guardrails Constants &gt; NEVER_AUTO_APPROVE_RISK_LEVELS should include HIGH" time="0.001308334">
        </testcase>
        <testcase classname="tests/unit/policyEngine.test.js" name="PolicyEngine Core Logic &gt; Safety Guardrails Constants &gt; ALWAYS_MANUAL_ACTION_TYPES should include MEETING_SCHEDULE" time="0.000137334">
        </testcase>
        <testcase classname="tests/unit/policyEngine.test.js" name="PolicyEngine Core Logic &gt; Safety Guardrails Constants &gt; should not include LOW in NEVER_AUTO_APPROVE_RISK_LEVELS" time="0.000118709">
        </testcase>
        <testcase classname="tests/unit/policyEngine.test.js" name="PolicyEngine Core Logic &gt; CONDITION_HANDLERS (Pure Functions) &gt; risk_level_lte &gt; should match when proposal risk is lower or equal" time="0.000168625">
        </testcase>
        <testcase classname="tests/unit/policyEngine.test.js" name="PolicyEngine Core Logic &gt; CONDITION_HANDLERS (Pure Functions) &gt; risk_level_lte &gt; should not match when proposal risk is higher" time="0.000099167">
        </testcase>
        <testcase classname="tests/unit/policyEngine.test.js" name="PolicyEngine Core Logic &gt; CONDITION_HANDLERS (Pure Functions) &gt; action_type_in &gt; should match when action type is in list" time="0.000080292">
        </testcase>
        <testcase classname="tests/unit/policyEngine.test.js" name="PolicyEngine Core Logic &gt; CONDITION_HANDLERS (Pure Functions) &gt; action_type_in &gt; should not match when action type is not in list" time="0.000068583">
        </testcase>
        <testcase classname="tests/unit/policyEngine.test.js" name="PolicyEngine Core Logic &gt; CONDITION_HANDLERS (Pure Functions) &gt; action_type_in &gt; should return false for non-array input" time="0.000047042">
        </testcase>
        <testcase classname="tests/unit/policyEngine.test.js" name="PolicyEngine Core Logic &gt; CONDITION_HANDLERS (Pure Functions) &gt; scope_eq &gt; should match when scope equals" time="0.000079542">
        </testcase>
        <testcase classname="tests/unit/policyEngine.test.js" name="PolicyEngine Core Logic &gt; CONDITION_HANDLERS (Pure Functions) &gt; scope_eq &gt; should not match when scope differs" time="0.00009025">
        </testcase>
        <testcase classname="tests/unit/policyEngine.test.js" name="PolicyEngine Core Logic &gt; CONDITION_HANDLERS (Pure Functions) &gt; signal_in &gt; should match when signal is in list" time="0.000060542">
        </testcase>
        <testcase classname="tests/unit/policyEngine.test.js" name="PolicyEngine Core Logic &gt; CONDITION_HANDLERS (Pure Functions) &gt; signal_in &gt; should not match when signal is not in list" time="0.000054791">
        </testcase>
        <testcase classname="tests/unit/policyEngine.test.js" name="PolicyEngine Core Logic &gt; CONDITION_HANDLERS (Pure Functions) &gt; signal_in &gt; should return false for non-array input" time="0.00004875">
        </testcase>
        <testcase classname="tests/unit/policyEngine.test.js" name="PolicyEngine Core Logic &gt; CONDITION_HANDLERS (Pure Functions) &gt; time_window &gt; should always match for anytime" time="0.000056417">
        </testcase>
        <testcase classname="tests/unit/policyEngine.test.js" name="PolicyEngine Core Logic &gt; CONDITION_HANDLERS (Pure Functions) &gt; time_window &gt; should return false for unrecognized values" time="0.000039792">
        </testcase>
        <testcase classname="tests/unit/policyEngine.test.js" name="PolicyEngine Core Logic &gt; evaluateConditions (Logic Tests) &gt; should return true when all conditions match" time="0.000099541">
        </testcase>
        <testcase classname="tests/unit/policyEngine.test.js" name="PolicyEngine Core Logic &gt; evaluateConditions (Logic Tests) &gt; should return false when any condition fails" time="0.000045334">
        </testcase>
        <testcase classname="tests/unit/policyEngine.test.js" name="PolicyEngine Core Logic &gt; evaluateConditions (Logic Tests) &gt; should return false for unknown conditions (safety)" time="0.00018925">
            <system-err>
[PolicyEngine] Unknown condition: unknown_condition

            </system-err>
        </testcase>
        <testcase classname="tests/unit/policyEngine.test.js" name="PolicyEngine Core Logic &gt; evaluateConditions (Logic Tests) &gt; should return true for empty conditions" time="0.000037167">
        </testcase>
        <testcase classname="tests/unit/policyEngine.test.js" name="PolicyEngine Safety Checks &gt; HIGH risk is in NEVER_AUTO_APPROVE list" time="0.000036167">
        </testcase>
        <testcase classname="tests/unit/policyEngine.test.js" name="PolicyEngine Safety Checks &gt; MEETING_SCHEDULE is in ALWAYS_MANUAL list" time="0.000034666">
        </testcase>
    </testsuite>
    <testsuite name="tests/unit/projectMemberService.test.js" timestamp="2025-12-29T06:42:48.378Z" hostname="MacBook-Pro-Piotr.local" tests="1" failures="1" errors="0" skipped="0" time="0">
        <testcase classname="tests/unit/projectMemberService.test.js" name="tests/unit/projectMemberService.test.js" time="0">
            <failure message="Vitest cannot be imported in a CommonJS module using require(). Please use &quot;import&quot; instead.

If you are using &quot;import&quot; in your source code, then it&apos;s possible it was bundled into require() automatically by your bundler. In that case, do not bundle CommonJS output since it will never work with Vitest, or use dynamic import() which is available in all CommonJS modules." type="Error">
Error: Vitest cannot be imported in a CommonJS module using require(). Please use &quot;import&quot; instead.

If you are using &quot;import&quot; in your source code, then it&apos;s possible it was bundled into require() automatically by your bundler. In that case, do not bundle CommonJS output since it will never work with Vitest, or use dynamic import() which is available in all CommonJS modules.
 ❯ Object.&lt;anonymous&gt; node_modules/vitest/index.cjs:1:7
 ❯ tests/unit/projectMemberService.test.js:12:61
            </failure>
        </testcase>
    </testsuite>
    <testsuite name="tests/unit/regulatoryModeGuard.test.js" timestamp="2025-12-29T06:42:48.378Z" hostname="MacBook-Pro-Piotr.local" tests="31" failures="0" errors="0" skipped="0" time="0.198876875">
        <testcase classname="tests/unit/regulatoryModeGuard.test.js" name="Regulatory Mode Guard &gt; Action Classification &gt; ALLOWED_ACTIONS &gt; should include all advisory-only actions" time="0.000851709">
        </testcase>
        <testcase classname="tests/unit/regulatoryModeGuard.test.js" name="Regulatory Mode Guard &gt; Action Classification &gt; BLOCKED_ACTIONS &gt; should include all mutation actions" time="0.000207125">
        </testcase>
        <testcase classname="tests/unit/regulatoryModeGuard.test.js" name="Regulatory Mode Guard &gt; isActionAllowed &gt; should allow EXPLAIN_CONTEXT in regulatory mode" time="0.000107042">
        </testcase>
        <testcase classname="tests/unit/regulatoryModeGuard.test.js" name="Regulatory Mode Guard &gt; isActionAllowed &gt; should allow ANALYZE_RISKS in regulatory mode" time="0.000052833">
        </testcase>
        <testcase classname="tests/unit/regulatoryModeGuard.test.js" name="Regulatory Mode Guard &gt; isActionAllowed &gt; should allow EDUCATE in regulatory mode" time="0.000054709">
        </testcase>
        <testcase classname="tests/unit/regulatoryModeGuard.test.js" name="Regulatory Mode Guard &gt; isActionAllowed &gt; should BLOCK CREATE_DRAFT_TASK in regulatory mode" time="0.000036042">
        </testcase>
        <testcase classname="tests/unit/regulatoryModeGuard.test.js" name="Regulatory Mode Guard &gt; isActionAllowed &gt; should BLOCK CREATE_DRAFT_INITIATIVE in regulatory mode" time="0.000045917">
        </testcase>
        <testcase classname="tests/unit/regulatoryModeGuard.test.js" name="Regulatory Mode Guard &gt; isActionAllowed &gt; should BLOCK UPDATE_STATUS in regulatory mode" time="0.000044917">
        </testcase>
        <testcase classname="tests/unit/regulatoryModeGuard.test.js" name="Regulatory Mode Guard &gt; isActionAllowed &gt; should BLOCK EXECUTE_ACTION in regulatory mode" time="0.000048084">
        </testcase>
        <testcase classname="tests/unit/regulatoryModeGuard.test.js" name="Regulatory Mode Guard &gt; isActionAllowed &gt; should BLOCK MODIFY_ENTITY in regulatory mode" time="0.000048708">
        </testcase>
        <testcase classname="tests/unit/regulatoryModeGuard.test.js" name="Regulatory Mode Guard &gt; isActionAllowed &gt; should BLOCK DELETE_ENTITY in regulatory mode" time="0.000035209">
        </testcase>
        <testcase classname="tests/unit/regulatoryModeGuard.test.js" name="Regulatory Mode Guard &gt; isActionAllowed &gt; should block actions containing mutation keywords" time="0.000079625">
        </testcase>
        <testcase classname="tests/unit/regulatoryModeGuard.test.js" name="Regulatory Mode Guard &gt; isActionAllowed &gt; should allow actions without mutation keywords" time="0.000044792">
        </testcase>
        <testcase classname="tests/unit/regulatoryModeGuard.test.js" name="Regulatory Mode Guard &gt; isActionAllowed &gt; should handle null/undefined action gracefully" time="0.000028958">
        </testcase>
        <testcase classname="tests/unit/regulatoryModeGuard.test.js" name="Regulatory Mode Guard &gt; Regulatory Mode Prompt &gt; should contain prohibition statements" time="0.00005075">
        </testcase>
        <testcase classname="tests/unit/regulatoryModeGuard.test.js" name="Regulatory Mode Guard &gt; Regulatory Mode Prompt &gt; should forbid action verbs" time="0.0000465">
        </testcase>
        <testcase classname="tests/unit/regulatoryModeGuard.test.js" name="Regulatory Mode Guard &gt; Regulatory Mode Prompt &gt; should require advisory language" time="0.00003425">
        </testcase>
        <testcase classname="tests/unit/regulatoryModeGuard.test.js" name="Regulatory Mode Guard &gt; Regulatory Mode Prompt &gt; should include example responses" time="0.000026417">
        </testcase>
        <testcase classname="tests/unit/regulatoryModeGuard.test.js" name="Regulatory Mode Guard &gt; Forbidden Verbs List &gt; should contain all dangerous verbs" time="0.0001445">
        </testcase>
        <testcase classname="tests/unit/regulatoryModeGuard.test.js" name="Regulatory Mode Guard &gt; Advisory Phrases List &gt; should contain recommended advisory language" time="0.000050375">
        </testcase>
        <testcase classname="tests/unit/regulatoryModeGuard.test.js" name="Regulatory Mode Guard &gt; enforceRegulatoryMode (with mocked isEnabled) &gt; should block CREATE_DRAFT_TASK when regulatory mode is enabled" time="0.000151458">
        </testcase>
        <testcase classname="tests/unit/regulatoryModeGuard.test.js" name="Regulatory Mode Guard &gt; enforceRegulatoryMode (with mocked isEnabled) &gt; should block UPDATE_STATUS when regulatory mode is enabled" time="0.000053041">
        </testcase>
        <testcase classname="tests/unit/regulatoryModeGuard.test.js" name="Regulatory Mode Guard &gt; enforceRegulatoryMode (with mocked isEnabled) &gt; should allow EXPLAIN_CONTEXT when regulatory mode is enabled" time="0.000041459">
        </testcase>
        <testcase classname="tests/unit/regulatoryModeGuard.test.js" name="Regulatory Mode Guard &gt; enforceRegulatoryMode (with mocked isEnabled) &gt; should allow ANALYZE_RISKS when regulatory mode is enabled" time="0.000038458">
        </testcase>
        <testcase classname="tests/unit/regulatoryModeGuard.test.js" name="Regulatory Mode Guard &gt; enforceRegulatoryMode (with mocked isEnabled) &gt; should NOT block actions when regulatory mode is disabled" time="0.000034417">
        </testcase>
        <testcase classname="tests/unit/regulatoryModeGuard.test.js" name="Regulatory Mode Guard &gt; enforceRegulatoryMode (with mocked isEnabled) &gt; should NOT block when no projectId is provided" time="0.000033083">
        </testcase>
        <testcase classname="tests/unit/regulatoryModeGuard.test.js" name="Regulatory Mode Guard &gt; enforceRegulatoryMode (with mocked isEnabled) &gt; should log blocked attempts to audit trail" time="0.000476208">
        </testcase>
        <testcase classname="tests/unit/regulatoryModeGuard.test.js" name="Regulatory Mode Guard &gt; getStatus &gt; should return full status object when enabled" time="0.000091583">
        </testcase>
        <testcase classname="tests/unit/regulatoryModeGuard.test.js" name="Regulatory Mode Guard &gt; getStatus &gt; should return full status object when disabled" time="0.000042209">
        </testcase>
        <testcase classname="tests/unit/regulatoryModeGuard.test.js" name="Regulatory Mode Guard &gt; Integration with AI Role System &gt; should override ANY role when regulatory mode is active" time="0.000104917">
        </testcase>
        <testcase classname="tests/unit/regulatoryModeGuard.test.js" name="Regulatory Mode Guard &gt; Safety: Fail-Safe Behavior &gt; should default to blocking when database error occurs" time="0.000024583">
        </testcase>
    </testsuite>
    <testsuite name="tests/unit/roi.test.ts" timestamp="2025-12-29T06:42:48.379Z" hostname="MacBook-Pro-Piotr.local" tests="3" failures="0" errors="0" skipped="0" time="0.30333875">
        <testcase classname="tests/unit/roi.test.ts" name="Unit Test: ROI Calculation &gt; should calculate ROI correctly for positive values" time="0.000515042">
        </testcase>
        <testcase classname="tests/unit/roi.test.ts" name="Unit Test: ROI Calculation &gt; should handle zero cost to avoid infinity" time="0.000084959">
        </testcase>
        <testcase classname="tests/unit/roi.test.ts" name="Unit Test: ROI Calculation &gt; should return 0 for break-even" time="0.000070375">
        </testcase>
    </testsuite>
    <testsuite name="tests/unit/secretsVault.test.js" timestamp="2025-12-29T06:42:48.379Z" hostname="MacBook-Pro-Piotr.local" tests="12" failures="0" errors="0" skipped="0" time="0.348233083">
[...]
        </testcase>
        <testcase classname="tests/unit/backend/services/aiPolicyEngine.test.js" name="AI Policy Engine &gt; canPerformAction &gt; requires approval for CREATE_ actions unless AUTOPILOT" time="0.000066875">
        </testcase>
        <testcase classname="tests/unit/backend/services/aiPolicyEngine.test.js" name="AI Policy Engine &gt; canPerformAction &gt; does not require approval at AUTOPILOT level" time="0.00006675">
        </testcase>
        <testcase classname="tests/unit/backend/services/aiPolicyEngine.test.js" name="AI Policy Engine &gt; canPerformAction &gt; blocks non-advisory actions in regulatory mode" time="0.000084833">
        </testcase>
        <testcase classname="tests/unit/backend/services/aiPolicyEngine.test.js" name="AI Policy Engine &gt; canPerformAction &gt; allows advisory actions in regulatory mode" time="0.000081708">
        </testcase>
        <testcase classname="tests/unit/backend/services/aiPolicyEngine.test.js" name="AI Policy Engine &gt; getPolicyLevelForAction &gt; returns correct level for EXPLAIN_CONTEXT" time="0.000084416">
        </testcase>
        <testcase classname="tests/unit/backend/services/aiPolicyEngine.test.js" name="AI Policy Engine &gt; getPolicyLevelForAction &gt; returns correct level for CREATE_DRAFT_TASK" time="0.000079417">
        </testcase>
        <testcase classname="tests/unit/backend/services/aiPolicyEngine.test.js" name="AI Policy Engine &gt; getPolicyLevelForAction &gt; returns ADVISORY for unknown actions" time="0.000086958">
        </testcase>
        <testcase classname="tests/unit/backend/services/aiPolicyEngine.test.js" name="AI Policy Engine &gt; isRoleActive &gt; returns true for active role" time="0.000083375">
        </testcase>
        <testcase classname="tests/unit/backend/services/aiPolicyEngine.test.js" name="AI Policy Engine &gt; isRoleActive &gt; returns false for inactive role" time="0.000073">
        </testcase>
        <testcase classname="tests/unit/backend/services/aiPolicyEngine.test.js" name="AI Policy Engine &gt; updatePolicy &gt; updates organization policy" time="0.000126375">
        </testcase>
        <testcase classname="tests/unit/backend/services/aiPolicyEngine.test.js" name="AI Policy Engine &gt; updatePolicy &gt; rejects invalid policy level" time="0.000599792">
        </testcase>
        <testcase classname="tests/unit/backend/services/aiPolicyEngine.test.js" name="AI Policy Engine &gt; updatePolicy &gt; calls database with correct parameters" time="0.000189">
        </testcase>
        <testcase classname="tests/unit/backend/services/aiPolicyEngine.test.js" name="AI Policy Engine &gt; getPolicySummary &gt; returns policy summary" time="0.00013425">
        </testcase>
        <testcase classname="tests/unit/backend/services/aiPolicyEngine.test.js" name="AI Policy Engine &gt; getPolicySummary &gt; includes correct capabilities for each level" time="0.00011175">
        </testcase>
    </testsuite>
    <testsuite name="tests/unit/backend/services/pmoHealthService.test.js" timestamp="2025-12-29T06:42:48.512Z" hostname="MacBook-Pro-Piotr.local" tests="24" failures="0" errors="0" skipped="0" time="0.235289416">
        <testcase classname="tests/unit/backend/services/pmoHealthService.test.js" name="PMOHealthService &gt; getHealthSnapshot &gt; returns complete health snapshot" time="0.002431667">
            <system-out>
[PMOHealthService] Snapshot generated in 1ms for project proj-1

            </system-out>
        </testcase>
        <testcase classname="tests/unit/backend/services/pmoHealthService.test.js" name="PMOHealthService &gt; getHealthSnapshot &gt; includes correct phase information" time="0.000396375">
            <system-out>
[PMOHealthService] Snapshot generated in 0ms for project proj-1

            </system-out>
        </testcase>
        <testcase classname="tests/unit/backend/services/pmoHealthService.test.js" name="PMOHealthService &gt; getHealthSnapshot &gt; evaluates stage gate" time="0.000474667">
            <system-out>
[PMOHealthService] Snapshot generated in 0ms for project proj-1

            </system-out>
        </testcase>
        <testcase classname="tests/unit/backend/services/pmoHealthService.test.js" name="PMOHealthService &gt; getHealthSnapshot &gt; includes missing criteria in stage gate" time="0.000207417">
            <system-out>
[PMOHealthService] Snapshot generated in 0ms for project proj-1

            </system-out>
        </testcase>
        <testcase classname="tests/unit/backend/services/pmoHealthService.test.js" name="PMOHealthService &gt; getHealthSnapshot &gt; includes met criteria in stage gate" time="0.000147083">
            <system-out>
[PMOHealthService] Snapshot generated in 0ms for project proj-1

            </system-out>
        </testcase>
        <testcase classname="tests/unit/backend/services/pmoHealthService.test.js" name="PMOHealthService &gt; getHealthSnapshot &gt; throws error when project not found" time="0.000574958">
        </testcase>
        <testcase classname="tests/unit/backend/services/pmoHealthService.test.js" name="PMOHealthService &gt; getHealthSnapshot &gt; handles last phase (no next gate)" time="0.000456208">
            <system-out>
[PMOHealthService] Snapshot generated in 0ms for project proj-1

            </system-out>
        </testcase>
        <testcase classname="tests/unit/backend/services/pmoHealthService.test.js" name="PMOHealthService &gt; getHealthSnapshot &gt; defaults to Context phase when not set" time="0.000239542">
            <system-out>
[PMOHealthService] Snapshot generated in 0ms for project proj-1

            </system-out>
        </testcase>
        <testcase classname="tests/unit/backend/services/pmoHealthService.test.js" name="PMOHealthService &gt; _getTaskCounts &gt; returns task counts" time="0.000129083">
        </testcase>
        <testcase classname="tests/unit/backend/services/pmoHealthService.test.js" name="PMOHealthService &gt; _getTaskCounts &gt; returns zeros on error" time="0.002618083">
            <system-err>
[PMOHealthService] Task count error: Error: DB error
    at Object.&lt;anonymous&gt; (/Users/piotrwisniewski/Documents/Antygracity/DRD/consultify/tests/unit/backend/services/pmoHealthService.test.js:181:20)
    at Object.Mock [as get] (file:///Users/piotrwisniewski/Documents/Antygracity/DRD/consultify/node_modules/@vitest/spy/dist/index.js:285:34)
    at /Users/piotrwisniewski/Documents/Antygracity/DRD/consultify/server/services/pmoHealthService.js:111:21
    at new Promise (&lt;anonymous&gt;)
    at Object._getTaskCounts (/Users/piotrwisniewski/Documents/Antygracity/DRD/consultify/server/services/pmoHealthService.js:110:16)
    at /Users/piotrwisniewski/Documents/Antygracity/DRD/consultify/tests/unit/backend/services/pmoHealthService.test.js:184:51
    at file:///Users/piotrwisniewski/Documents/Antygracity/DRD/consultify/node_modules/@vitest/runner/dist/index.js:145:11
    at file:///Users/piotrwisniewski/Documents/Antygracity/DRD/consultify/node_modules/@vitest/runner/dist/index.js:915:26
    at file:///Users/piotrwisniewski/Documents/Antygracity/DRD/consultify/node_modules/@vitest/runner/dist/index.js:1243:20
    at new Promise (&lt;anonymous&gt;)

            </system-err>
        </testcase>
        <testcase classname="tests/unit/backend/services/pmoHealthService.test.js" name="PMOHealthService &gt; _getTaskCounts &gt; returns zeros when no data" time="0.000159875">
        </testcase>
        <testcase classname="tests/unit/backend/services/pmoHealthService.test.js" name="PMOHealthService &gt; _getDecisionCounts &gt; returns decision counts" time="0.000090083">
        </testcase>
        <testcase classname="tests/unit/backend/services/pmoHealthService.test.js" name="PMOHealthService &gt; _getDecisionCounts &gt; returns zeros on error" time="0.000311541">
            <system-err>
[PMOHealthService] Decision count error: Error: DB error
    at Object.&lt;anonymous&gt; (/Users/piotrwisniewski/Documents/Antygracity/DRD/consultify/tests/unit/backend/services/pmoHealthService.test.js:222:20)
    at Object.Mock [as get] (file:///Users/piotrwisniewski/Documents/Antygracity/DRD/consultify/node_modules/@vitest/spy/dist/index.js:285:34)
    at /Users/piotrwisniewski/Documents/Antygracity/DRD/consultify/server/services/pmoHealthService.js:140:21
    at new Promise (&lt;anonymous&gt;)
    at Object._getDecisionCounts (/Users/piotrwisniewski/Documents/Antygracity/DRD/consultify/server/services/pmoHealthService.js:139:16)
    at /Users/piotrwisniewski/Documents/Antygracity/DRD/consultify/tests/unit/backend/services/pmoHealthService.test.js:225:51
    at file:///Users/piotrwisniewski/Documents/Antygracity/DRD/consultify/node_modules/@vitest/runner/dist/index.js:145:11
    at file:///Users/piotrwisniewski/Documents/Antygracity/DRD/consultify/node_modules/@vitest/runner/dist/index.js:915:26
    at file:///Users/piotrwisniewski/Documents/Antygracity/DRD/consultify/node_modules/@vitest/runner/dist/index.js:1243:20
    at new Promise (&lt;anonymous&gt;)

            </system-err>
        </testcase>
        <testcase classname="tests/unit/backend/services/pmoHealthService.test.js" name="PMOHealthService &gt; _getInitiativeCounts &gt; returns initiative counts" time="0.000076875">
        </testcase>
        <testcase classname="tests/unit/backend/services/pmoHealthService.test.js" name="PMOHealthService &gt; _getInitiativeCounts &gt; returns zeros on error" time="0.000195708">
            <system-err>
[PMOHealthService] Initiative count error: Error: DB error
    at Object.&lt;anonymous&gt; (/Users/piotrwisniewski/Documents/Antygracity/DRD/consultify/tests/unit/backend/services/pmoHealthService.test.js:252:20)
    at Object.Mock [as get] (file:///Users/piotrwisniewski/Documents/Antygracity/DRD/consultify/node_modules/@vitest/spy/dist/index.js:285:34)
    at /Users/piotrwisniewski/Documents/Antygracity/DRD/consultify/server/services/pmoHealthService.js:165:21
    at new Promise (&lt;anonymous&gt;)
    at Object._getInitiativeCounts (/Users/piotrwisniewski/Documents/Antygracity/DRD/consultify/server/services/pmoHealthService.js:164:16)
    at /Users/piotrwisniewski/Documents/Antygracity/DRD/consultify/tests/unit/backend/services/pmoHealthService.test.js:255:51
    at file:///Users/piotrwisniewski/Documents/Antygracity/DRD/consultify/node_modules/@vitest/runner/dist/index.js:145:11
    at file:///Users/piotrwisniewski/Documents/Antygracity/DRD/consultify/node_modules/@vitest/runner/dist/index.js:915:26
    at file:///Users/piotrwisniewski/Documents/Antygracity/DRD/consultify/node_modules/@vitest/runner/dist/index.js:1243:20
    at new Promise (&lt;anonymous&gt;)

            </system-err>
        </testcase>
        <testcase classname="tests/unit/backend/services/pmoHealthService.test.js" name="PMOHealthService &gt; _getBlockers &gt; returns overdue task blockers" time="0.0001695">
        </testcase>
        <testcase classname="tests/unit/backend/services/pmoHealthService.test.js" name="PMOHealthService &gt; _getBlockers &gt; returns pending decision blockers" time="0.000100291">
        </testcase>
        <testcase classname="tests/unit/backend/services/pmoHealthService.test.js" name="PMOHealthService &gt; _getBlockers &gt; returns gate blockers when criteria not met" time="0.000099708">
        </testcase>
        <testcase classname="tests/unit/backend/services/pmoHealthService.test.js" name="PMOHealthService &gt; _getBlockers &gt; limits overdue tasks to 5" time="0.000119459">
        </testcase>
        <testcase classname="tests/unit/backend/services/pmoHealthService.test.js" name="PMOHealthService &gt; _getBlockers &gt; limits pending decisions to 5" time="0.000068459">
        </testcase>
        <testcase classname="tests/unit/backend/services/pmoHealthService.test.js" name="PMOHealthService &gt; _getCurrentPhase &gt; returns current phase from database" time="0.000060209">
        </testcase>
        <testcase classname="tests/unit/backend/services/pmoHealthService.test.js" name="PMOHealthService &gt; _getCurrentPhase &gt; defaults to Context when not set" time="0.000055875">
        </testcase>
        <testcase classname="tests/unit/backend/services/pmoHealthService.test.js" name="PMOHealthService &gt; _getCurrentPhase &gt; defaults to Context on error" time="0.000086541">
        </testcase>
        <testcase classname="tests/unit/backend/services/pmoHealthService.test.js" name="PMOHealthService &gt; Performance &gt; logs snapshot generation time" time="0.00120875">
        </testcase>
    </testsuite>
    <testsuite name="tests/unit/backend/services/stageGateService.test.js" timestamp="2025-12-29T06:42:48.514Z" hostname="MacBook-Pro-Piotr.local" tests="33" failures="0" errors="0" skipped="0" time="0.272824792">
        <testcase classname="tests/unit/backend/services/stageGateService.test.js" name="StageGateService &gt; GATE_TYPES &gt; defines all required gate types" time="0.000638209">
        </testcase>
        <testcase classname="tests/unit/backend/services/stageGateService.test.js" name="StageGateService &gt; PHASE_ORDER &gt; defines correct phase sequence" time="0.00032575">
        </testcase>
        <testcase classname="tests/unit/backend/services/stageGateService.test.js" name="StageGateService &gt; getGateType &gt; returns READINESS_GATE for Context to Assessment" time="0.000132833">
        </testcase>
        <testcase classname="tests/unit/backend/services/stageGateService.test.js" name="StageGateService &gt; getGateType &gt; returns DESIGN_GATE for Assessment to Initiatives" time="0.000064">
        </testcase>
        <testcase classname="tests/unit/backend/services/stageGateService.test.js" name="StageGateService &gt; getGateType &gt; returns PLANNING_GATE for Initiatives to Roadmap" time="0.000067958">
        </testcase>
        <testcase classname="tests/unit/backend/services/stageGateService.test.js" name="StageGateService &gt; getGateType &gt; returns EXECUTION_GATE for Roadmap to Execution" time="0.000060292">
        </testcase>
        <testcase classname="tests/unit/backend/services/stageGateService.test.js" name="StageGateService &gt; getGateType &gt; returns CLOSURE_GATE for Execution to Stabilization" time="0.000052916">
        </testcase>
        <testcase classname="tests/unit/backend/services/stageGateService.test.js" name="StageGateService &gt; getGateType &gt; handles Idea as Context alias" time="0.000046625">
        </testcase>
        <testcase classname="tests/unit/backend/services/stageGateService.test.js" name="StageGateService &gt; getGateType &gt; returns null for invalid transition" time="0.000061458">
        </testcase>
        <testcase classname="tests/unit/backend/services/stageGateService.test.js" name="StageGateService &gt; evaluateGate &gt; READINESS_GATE &gt; evaluates strategic goals criterion" time="0.000387708">
        </testcase>
        <testcase classname="tests/unit/backend/services/stageGateService.test.js" name="StageGateService &gt; evaluateGate &gt; READINESS_GATE &gt; marks criteria as not met when missing strategic goals" time="0.000124">
        </testcase>
        <testcase classname="tests/unit/backend/services/stageGateService.test.js" name="StageGateService &gt; evaluateGate &gt; READINESS_GATE &gt; returns READY when all criteria met" time="0.000113584">
        </testcase>
        <testcase classname="tests/unit/backend/services/stageGateService.test.js" name="StageGateService &gt; evaluateGate &gt; DESIGN_GATE &gt; checks assessment completion" time="0.0001335">
        </testcase>
        <testcase classname="tests/unit/backend/services/stageGateService.test.js" name="StageGateService &gt; evaluateGate &gt; PLANNING_GATE &gt; checks for initiatives" time="0.000115084">
        </testcase>
        <testcase classname="tests/unit/backend/services/stageGateService.test.js" name="StageGateService &gt; evaluateGate &gt; PLANNING_GATE &gt; checks all initiatives have owners" time="0.00009375">
        </testcase>
        <testcase classname="tests/unit/backend/services/stageGateService.test.js" name="StageGateService &gt; evaluateGate &gt; EXECUTION_GATE &gt; checks roadmap is baselined" time="0.000119209">
        </testcase>
        <testcase classname="tests/unit/backend/services/stageGateService.test.js" name="StageGateService &gt; evaluateGate &gt; EXECUTION_GATE &gt; checks all initiatives assigned to waves" time="0.00008925">
        </testcase>
        <testcase classname="tests/unit/backend/services/stageGateService.test.js" name="StageGateService &gt; evaluateGate &gt; CLOSURE_GATE &gt; checks all initiatives closed" time="0.000119167">
        </testcase>
        <testcase classname="tests/unit/backend/services/stageGateService.test.js" name="StageGateService &gt; evaluateGate &gt; CLOSURE_GATE &gt; checks no blocking decisions" time="0.000082042">
        </testcase>
        <testcase classname="tests/unit/backend/services/stageGateService.test.js" name="StageGateService &gt; evaluateGate &gt; CLOSURE_GATE &gt; checks KPIs measured" time="0.000098542">
        </testcase>
        <testcase classname="tests/unit/backend/services/stageGateService.test.js" name="StageGateService &gt; evaluateGate &gt; Error Handling &gt; throws error when project not found" time="0.000560875">
        </testcase>
        <testcase classname="tests/unit/backend/services/stageGateService.test.js" name="StageGateService &gt; evaluateGate &gt; Error Handling &gt; handles database errors" time="0.0001355">
        </testcase>
        <testcase classname="tests/unit/backend/services/stageGateService.test.js" name="StageGateService &gt; passGate &gt; records gate passage" time="0.000160417">
        </testcase>
        <testcase classname="tests/unit/backend/services/stageGateService.test.js" name="StageGateService &gt; passGate &gt; updates project phase after passing gate" time="0.000312709">
        </testcase>
        <testcase classname="tests/unit/backend/services/stageGateService.test.js" name="StageGateService &gt; passGate &gt; handles gate passage errors" time="0.000109542">
        </testcase>
        <testcase classname="tests/unit/backend/services/stageGateService.test.js" name="StageGateService &gt; passGate &gt; handles phase update errors" time="0.00009675">
        </testcase>
        <testcase classname="tests/unit/backend/services/stageGateService.test.js" name="StageGateService &gt; Helper Methods &gt; _checkContextField &gt; validates array fields correctly" time="0.00009">
        </testcase>
        <testcase classname="tests/unit/backend/services/stageGateService.test.js" name="StageGateService &gt; Helper Methods &gt; _checkContextField &gt; handles missing context data" time="0.00005775">
        </testcase>
        <testcase classname="tests/unit/backend/services/stageGateService.test.js" name="StageGateService &gt; Helper Methods &gt; _checkContextField &gt; handles invalid JSON" time="0.000061917">
        </testcase>
        <testcase classname="tests/unit/backend/services/stageGateService.test.js" name="StageGateService &gt; Helper Methods &gt; _checkContextReadiness &gt; returns true when goals and challenges present" time="0.000060333">
        </testcase>
        <testcase classname="tests/unit/backend/services/stageGateService.test.js" name="StageGateService &gt; Helper Methods &gt; _checkContextReadiness &gt; returns false when goals missing" time="0.000056791">
        </testcase>
        <testcase classname="tests/unit/backend/services/stageGateService.test.js" name="StageGateService &gt; Helper Methods &gt; _countInitiatives &gt; returns initiative count" time="0.000054834">
        </testcase>
        <testcase classname="tests/unit/backend/services/stageGateService.test.js" name="StageGateService &gt; Helper Methods &gt; _countInitiatives &gt; returns 0 when no initiatives" time="0.000059833">
        </testcase>
    </testsuite>
</testsuites>
