{"/Users/piotrwisniewski/Documents/Antygracity/DRD/consultify/server/config.js": {"path":"/Users/piotrwisniewski/Documents/Antygracity/DRD/consultify/server/config.js","statementMap":{"0":{"start":{"line":6,"column":0},"end":{"line":20,"column":null}}},"fnMap":{},"branchMap":{"0":{"loc":{"start":{"line":8,"column":16},"end":{"line":8,"column":null}},"type":"binary-expr","locations":[{"start":{"line":8,"column":16},"end":{"line":8,"column":42}},{"start":{"line":8,"column":42},"end":{"line":8,"column":null}}],"line":8},"1":{"loc":{"start":{"line":9,"column":20},"end":{"line":9,"column":null}},"type":"binary-expr","locations":[{"start":{"line":9,"column":20},"end":{"line":9,"column":50}},{"start":{"line":9,"column":50},"end":{"line":9,"column":null}}],"line":9},"2":{"loc":{"start":{"line":12,"column":30},"end":{"line":12,"column":null}},"type":"binary-expr","locations":[{"start":{"line":12,"column":30},"end":{"line":12,"column":70}},{"start":{"line":12,"column":70},"end":{"line":12,"column":null}}],"line":12},"3":{"loc":{"start":{"line":15,"column":28},"end":{"line":15,"column":null}},"type":"binary-expr","locations":[{"start":{"line":15,"column":28},"end":{"line":15,"column":76}},{"start":{"line":15,"column":76},"end":{"line":15,"column":null}}],"line":15},"4":{"loc":{"start":{"line":18,"column":10},"end":{"line":18,"column":null}},"type":"binary-expr","locations":[{"start":{"line":18,"column":10},"end":{"line":18,"column":30}},{"start":{"line":18,"column":30},"end":{"line":18,"column":null}}],"line":18},"5":{"loc":{"start":{"line":19,"column":14},"end":{"line":19,"column":null}},"type":"binary-expr","locations":[{"start":{"line":19,"column":14},"end":{"line":19,"column":38}},{"start":{"line":19,"column":38},"end":{"line":19,"column":null}}],"line":19}},"s":{"0":0},"f":{},"b":{"0":[0,0],"1":[0,0],"2":[0,0],"3":[0,0],"4":[0,0],"5":[0,0]},"meta":{"lastBranch":6,"lastFunction":0,"lastStatement":1,"seen":{"s:6:0:20:Infinity":0,"b:8:16:8:42:8:42:8:Infinity":0,"b:9:20:9:50:9:50:9:Infinity":1,"b:12:30:12:70:12:70:12:Infinity":2,"b:15:28:15:76:15:76:15:Infinity":3,"b:18:10:18:30:18:30:18:Infinity":4,"b:19:14:19:38:19:38:19:Infinity":5}}}
,"/Users/piotrwisniewski/Documents/Antygracity/DRD/consultify/server/database.js": {"path":"/Users/piotrwisniewski/Documents/Antygracity/DRD/consultify/server/database.js","statementMap":{"0":{"start":{"line":1,"column":15},"end":{"line":1,"column":50}},"1":{"start":{"line":2,"column":13},"end":{"line":2,"column":28}},"2":{"start":{"line":5,"column":0},"end":{"line":11,"column":null}},"3":{"start":{"line":6,"column":4},"end":{"line":6,"column":null}},"4":{"start":{"line":7,"column":4},"end":{"line":7,"column":null}},"5":{"start":{"line":9,"column":4},"end":{"line":9,"column":null}},"6":{"start":{"line":10,"column":4},"end":{"line":10,"column":null}}},"fnMap":{},"branchMap":{"0":{"loc":{"start":{"line":5,"column":0},"end":{"line":11,"column":null}},"type":"if","locations":[{"start":{"line":5,"column":0},"end":{"line":11,"column":null}},{"start":{"line":8,"column":7},"end":{"line":11,"column":null}}],"line":5}},"s":{"0":1,"1":1,"2":1,"3":0,"4":0,"5":1,"6":1},"f":{},"b":{"0":[0,1]},"meta":{"lastBranch":1,"lastFunction":0,"lastStatement":7,"seen":{"s:1:15:1:50":0,"s:2:13:2:28":1,"b:5:0:11:Infinity:8:7:11:Infinity":0,"s:5:0:11:Infinity":2,"s:6:4:6:Infinity":3,"s:7:4:7:Infinity":4,"s:9:4:9:Infinity":5,"s:10:4:10:Infinity":6}}}
,"/Users/piotrwisniewski/Documents/Antygracity/DRD/consultify/server/database.postgres.js": {"path":"/Users/piotrwisniewski/Documents/Antygracity/DRD/consultify/server/database.postgres.js","statementMap":{"0":{"start":{"line":1,"column":17},"end":{"line":1,"column":30}},"1":{"start":{"line":2,"column":15},"end":{"line":2,"column":50}},"2":{"start":{"line":3,"column":15},"end":{"line":3,"column":34}},"3":{"start":{"line":4,"column":23},"end":{"line":4,"column":38}},"4":{"start":{"line":6,"column":0},"end":{"line":6,"column":null}},"5":{"start":{"line":8,"column":13},"end":{"line":8,"column":38}},"6":{"start":{"line":10,"column":0},"end":{"line":13,"column":null}},"7":{"start":{"line":11,"column":4},"end":{"line":11,"column":null}},"8":{"start":{"line":12,"column":4},"end":{"line":12,"column":null}},"9":{"start":{"line":17,"column":21},"end":{"line":17,"column":22}},"10":{"start":{"line":20,"column":18},"end":{"line":20,"column":62}},"11":{"start":{"line":20,"column":43},"end":{"line":20,"column":61}},"12":{"start":{"line":23,"column":4},"end":{"line":23,"column":null}},"13":{"start":{"line":27,"column":4},"end":{"line":30,"column":null}},"14":{"start":{"line":28,"column":8},"end":{"line":28,"column":null}},"15":{"start":{"line":29,"column":8},"end":{"line":29,"column":null}},"16":{"start":{"line":32,"column":4},"end":{"line":32,"column":null}},"17":{"start":{"line":35,"column":11},"end":{"line":129,"column":1}},"18":{"start":{"line":38,"column":8},"end":{"line":38,"column":null}},"19":{"start":{"line":38,"column":22},"end":{"line":38,"column":null}},"20":{"start":{"line":43,"column":27},"end":{"line":43,"column":42}},"21":{"start":{"line":44,"column":8},"end":{"line":64,"column":null}},"22":{"start":{"line":47,"column":31},"end":{"line":47,"column":35}},"23":{"start":{"line":48,"column":29},"end":{"line":48,"column":33}},"24":{"start":{"line":49,"column":16},"end":{"line":52,"column":null}},"25":{"start":{"line":50,"column":20},"end":{"line":50,"column":null}},"26":{"start":{"line":51,"column":20},"end":{"line":51,"column":null}},"27":{"start":{"line":54,"column":16},"end":{"line":61,"column":null}},"28":{"start":{"line":56,"column":24},"end":{"line":56,"column":null}},"29":{"start":{"line":56,"column":38},"end":{"line":56,"column":null}},"30":{"start":{"line":59,"column":24},"end":{"line":59,"column":null}},"31":{"start":{"line":60,"column":24},"end":{"line":60,"column":null}},"32":{"start":{"line":60,"column":38},"end":{"line":60,"column":null}},"33":{"start":{"line":68,"column":8},"end":{"line":71,"column":null}},"34":{"start":{"line":69,"column":12},"end":{"line":69,"column":null}},"35":{"start":{"line":70,"column":12},"end":{"line":70,"column":null}},"36":{"start":{"line":72,"column":8},"end":{"line":72,"column":null}},"37":{"start":{"line":74,"column":27},"end":{"line":74,"column":42}},"38":{"start":{"line":76,"column":8},"end":{"line":84,"column":null}},"39":{"start":{"line":79,"column":16},"end":{"line":79,"column":null}},"40":{"start":{"line":79,"column":30},"end":{"line":79,"column":null}},"41":{"start":{"line":82,"column":16},"end":{"line":82,"column":null}},"42":{"start":{"line":83,"column":16},"end":{"line":83,"column":null}},"43":{"start":{"line":83,"column":30},"end":{"line":83,"column":null}},"44":{"start":{"line":88,"column":8},"end":{"line":91,"column":null}},"45":{"start":{"line":89,"column":12},"end":{"line":89,"column":null}},"46":{"start":{"line":90,"column":12},"end":{"line":90,"column":null}},"47":{"start":{"line":92,"column":8},"end":{"line":92,"column":null}},"48":{"start":{"line":94,"column":27},"end":{"line":94,"column":42}},"49":{"start":{"line":96,"column":8},"end":{"line":103,"column":null}},"50":{"start":{"line":98,"column":16},"end":{"line":98,"column":null}},"51":{"start":{"line":98,"column":30},"end":{"line":98,"column":null}},"52":{"start":{"line":101,"column":16},"end":{"line":101,"column":null}},"53":{"start":{"line":102,"column":16},"end":{"line":102,"column":null}},"54":{"start":{"line":102,"column":30},"end":{"line":102,"column":null}},"55":{"start":{"line":107,"column":8},"end":{"line":110,"column":null}},"56":{"start":{"line":108,"column":12},"end":{"line":108,"column":null}},"57":{"start":{"line":109,"column":12},"end":{"line":109,"column":null}},"58":{"start":{"line":111,"column":8},"end":{"line":111,"column":null}},"59":{"start":{"line":113,"column":27},"end":{"line":113,"column":42}},"60":{"start":{"line":115,"column":8},"end":{"line":122,"column":null}},"61":{"start":{"line":117,"column":16},"end":{"line":117,"column":null}},"62":{"start":{"line":117,"column":30},"end":{"line":117,"column":null}},"63":{"start":{"line":120,"column":16},"end":{"line":120,"column":null}},"64":{"start":{"line":121,"column":16},"end":{"line":121,"column":null}},"65":{"start":{"line":121,"column":30},"end":{"line":121,"column":null}},"66":{"start":{"line":127,"column":8},"end":{"line":127,"column":null}},"67":{"start":{"line":133,"column":4},"end":{"line":133,"column":null}},"68":{"start":{"line":140,"column":4},"end":{"line":761,"column":null}},"69":{"start":{"line":141,"column":8},"end":{"line":760,"column":null}},"70":{"start":{"line":143,"column":12},"end":{"line":150,"column":null}},"71":{"start":{"line":153,"column":12},"end":{"line":166,"column":null}},"72":{"start":{"line":173,"column":12},"end":{"line":182,"column":null}},"73":{"start":{"line":185,"column":12},"end":{"line":189,"column":null}},"74":{"start":{"line":192,"column":12},"end":{"line":200,"column":null}},"75":{"start":{"line":203,"column":12},"end":{"line":209,"column":null}},"76":{"start":{"line":212,"column":12},"end":{"line":219,"column":null}},"77":{"start":{"line":222,"column":12},"end":{"line":233,"column":null}},"78":{"start":{"line":236,"column":12},"end":{"line":245,"column":null}},"79":{"start":{"line":248,"column":12},"end":{"line":256,"column":null}},"80":{"start":{"line":259,"column":12},"end":{"line":267,"column":null}},"81":{"start":{"line":270,"column":12},"end":{"line":279,"column":null}},"82":{"start":{"line":282,"column":12},"end":{"line":315,"column":null}},"83":{"start":{"line":318,"column":12},"end":{"line":327,"column":null}},"84":{"start":{"line":330,"column":12},"end":{"line":340,"column":null}},"85":{"start":{"line":343,"column":12},"end":{"line":358,"column":null}},"86":{"start":{"line":361,"column":12},"end":{"line":361,"column":null}},"87":{"start":{"line":362,"column":12},"end":{"line":362,"column":null}},"88":{"start":{"line":363,"column":12},"end":{"line":363,"column":null}},"89":{"start":{"line":364,"column":12},"end":{"line":364,"column":null}},"90":{"start":{"line":367,"column":12},"end":{"line":381,"column":null}},"91":{"start":{"line":384,"column":12},"end":{"line":397,"column":null}},"92":{"start":{"line":400,"column":12},"end":{"line":414,"column":null}},"93":{"start":{"line":417,"column":12},"end":{"line":427,"column":null}},"94":{"start":{"line":430,"column":12},"end":{"line":437,"column":null}},"95":{"start":{"line":443,"column":12},"end":{"line":453,"column":null}},"96":{"start":{"line":456,"column":12},"end":{"line":463,"column":null}},"97":{"start":{"line":466,"column":12},"end":{"line":479,"column":null}},"98":{"start":{"line":482,"column":12},"end":{"line":500,"column":null}},"99":{"start":{"line":503,"column":12},"end":{"line":516,"column":null}},"100":{"start":{"line":519,"column":12},"end":{"line":526,"column":null}},"101":{"start":{"line":529,"column":12},"end":{"line":565,"column":null}},"102":{"start":{"line":568,"column":12},"end":{"line":576,"column":null}},"103":{"start":{"line":579,"column":12},"end":{"line":590,"column":null}},"104":{"start":{"line":593,"column":12},"end":{"line":610,"column":null}},"105":{"start":{"line":613,"column":12},"end":{"line":624,"column":null}},"106":{"start":{"line":627,"column":12},"end":{"line":643,"column":null}},"107":{"start":{"line":646,"column":12},"end":{"line":659,"column":null}},"108":{"start":{"line":662,"column":12},"end":{"line":669,"column":null}},"109":{"start":{"line":672,"column":12},"end":{"line":681,"column":null}},"110":{"start":{"line":684,"column":12},"end":{"line":696,"column":null}},"111":{"start":{"line":699,"column":12},"end":{"line":709,"column":null}},"112":{"start":{"line":712,"column":12},"end":{"line":732,"column":null}},"113":{"start":{"line":735,"column":12},"end":{"line":750,"column":null}},"114":{"start":{"line":753,"column":12},"end":{"line":753,"column":null}},"115":{"start":{"line":759,"column":12},"end":{"line":759,"column":null}},"116":{"start":{"line":765,"column":20},"end":{"line":765,"column":35}},"117":{"start":{"line":766,"column":4},"end":{"line":771,"column":null}},"118":{"start":{"line":767,"column":8},"end":{"line":767,"column":null}},"119":{"start":{"line":769,"column":8},"end":{"line":769,"column":null}},"120":{"start":{"line":770,"column":8},"end":{"line":770,"column":null}},"121":{"start":{"line":775,"column":4},"end":{"line":779,"column":null}},"122":{"start":{"line":776,"column":8},"end":{"line":776,"column":null}},"123":{"start":{"line":783,"column":0},"end":{"line":783,"column":null}},"124":{"start":{"line":785,"column":0},"end":{"line":785,"column":null}}},"fnMap":{"0":{"name":"(anonymous_0)","decl":{"start":{"line":10,"column":17},"end":{"line":10,"column":18}},"loc":{"start":{"line":10,"column":34},"end":{"line":13,"column":1}},"line":10},"1":{"name":"adaptQuery","decl":{"start":{"line":16,"column":9},"end":{"line":16,"column":19}},"loc":{"start":{"line":16,"column":25},"end":{"line":33,"column":null}},"line":16},"2":{"name":"(anonymous_2)","decl":{"start":{"line":20,"column":37},"end":{"line":20,"column":38}},"loc":{"start":{"line":20,"column":43},"end":{"line":20,"column":61}},"line":20},"3":{"name":"(anonymous_3)","decl":{"start":{"line":37,"column":15},"end":{"line":37,"column":16}},"loc":{"start":{"line":37,"column":29},"end":{"line":39,"column":5}},"line":37},"4":{"name":"(anonymous_4)","decl":{"start":{"line":42,"column":13},"end":{"line":42,"column":14}},"loc":{"start":{"line":42,"column":22},"end":{"line":65,"column":5}},"line":42},"5":{"name":"(anonymous_5)","decl":{"start":{"line":45,"column":17},"end":{"line":45,"column":18}},"loc":{"start":{"line":45,"column":30},"end":{"line":62,"column":13}},"line":45},"6":{"name":"(anonymous_6)","decl":{"start":{"line":55,"column":26},"end":{"line":55,"column":29}},"loc":{"start":{"line":55,"column":33},"end":{"line":57,"column":21}},"line":55},"7":{"name":"(anonymous_7)","decl":{"start":{"line":58,"column":27},"end":{"line":58,"column":30}},"loc":{"start":{"line":58,"column":34},"end":{"line":61,"column":21}},"line":58},"8":{"name":"(anonymous_8)","decl":{"start":{"line":63,"column":22},"end":{"line":63,"column":23}},"loc":{"start":{"line":63,"column":28},"end":{"line":63,"column":null}},"line":63},"9":{"name":"(anonymous_9)","decl":{"start":{"line":67,"column":9},"end":{"line":67,"column":10}},"loc":{"start":{"line":67,"column":36},"end":{"line":85,"column":5}},"line":67},"10":{"name":"(anonymous_10)","decl":{"start":{"line":77,"column":18},"end":{"line":77,"column":21}},"loc":{"start":{"line":77,"column":25},"end":{"line":80,"column":13}},"line":77},"11":{"name":"(anonymous_11)","decl":{"start":{"line":81,"column":19},"end":{"line":81,"column":22}},"loc":{"start":{"line":81,"column":26},"end":{"line":84,"column":13}},"line":81},"12":{"name":"(anonymous_12)","decl":{"start":{"line":87,"column":9},"end":{"line":87,"column":10}},"loc":{"start":{"line":87,"column":36},"end":{"line":104,"column":5}},"line":87},"13":{"name":"(anonymous_13)","decl":{"start":{"line":97,"column":18},"end":{"line":97,"column":21}},"loc":{"start":{"line":97,"column":25},"end":{"line":99,"column":13}},"line":97},"14":{"name":"(anonymous_14)","decl":{"start":{"line":100,"column":19},"end":{"line":100,"column":22}},"loc":{"start":{"line":100,"column":26},"end":{"line":103,"column":13}},"line":100},"15":{"name":"(anonymous_15)","decl":{"start":{"line":106,"column":9},"end":{"line":106,"column":10}},"loc":{"start":{"line":106,"column":36},"end":{"line":123,"column":5}},"line":106},"16":{"name":"(anonymous_16)","decl":{"start":{"line":116,"column":18},"end":{"line":116,"column":21}},"loc":{"start":{"line":116,"column":25},"end":{"line":118,"column":13}},"line":116},"17":{"name":"(anonymous_17)","decl":{"start":{"line":119,"column":19},"end":{"line":119,"column":22}},"loc":{"start":{"line":119,"column":26},"end":{"line":122,"column":13}},"line":119},"18":{"name":"(anonymous_18)","decl":{"start":{"line":126,"column":11},"end":{"line":126,"column":12}},"loc":{"start":{"line":126,"column":17},"end":{"line":128,"column":null}},"line":126},"19":{"name":"initDb","decl":{"start":{"line":132,"column":9},"end":{"line":132,"column":15}},"loc":{"start":{"line":132,"column":18},"end":{"line":762,"column":null}},"line":132},"20":{"name":"(anonymous_20)","decl":{"start":{"line":140,"column":5},"end":{"line":140,"column":10}},"loc":{"start":{"line":140,"column":17},"end":{"line":761,"column":5}},"line":140},"21":{"name":"query","decl":{"start":{"line":764,"column":15},"end":{"line":764,"column":20}},"loc":{"start":{"line":764,"column":34},"end":{"line":772,"column":null}},"line":764},"22":{"name":"safeRun","decl":{"start":{"line":774,"column":15},"end":{"line":774,"column":22}},"loc":{"start":{"line":774,"column":28},"end":{"line":780,"column":null}},"line":774}},"branchMap":{"0":{"loc":{"start":{"line":27,"column":4},"end":{"line":30,"column":null}},"type":"if","locations":[{"start":{"line":27,"column":4},"end":{"line":30,"column":null}},{"start":{},"end":{}}],"line":27},"1":{"loc":{"start":{"line":38,"column":8},"end":{"line":38,"column":null}},"type":"if","locations":[{"start":{"line":38,"column":8},"end":{"line":38,"column":null}},{"start":{},"end":{}}],"line":38},"2":{"loc":{"start":{"line":49,"column":16},"end":{"line":52,"column":null}},"type":"if","locations":[{"start":{"line":49,"column":16},"end":{"line":52,"column":null}},{"start":{},"end":{}}],"line":49},"3":{"loc":{"start":{"line":49,"column":20},"end":{"line":49,"column":82}},"type":"binary-expr","locations":[{"start":{"line":49,"column":20},"end":{"line":49,"column":35}},{"start":{"line":49,"column":39},"end":{"line":49,"column":82}}],"line":49},"4":{"loc":{"start":{"line":56,"column":24},"end":{"line":56,"column":null}},"type":"if","locations":[{"start":{"line":56,"column":24},"end":{"line":56,"column":null}},{"start":{},"end":{}}],"line":56},"5":{"loc":{"start":{"line":60,"column":24},"end":{"line":60,"column":null}},"type":"if","locations":[{"start":{"line":60,"column":24},"end":{"line":60,"column":null}},{"start":{},"end":{}}],"line":60},"6":{"loc":{"start":{"line":68,"column":8},"end":{"line":71,"column":null}},"type":"if","locations":[{"start":{"line":68,"column":8},"end":{"line":71,"column":null}},{"start":{},"end":{}}],"line":68},"7":{"loc":{"start":{"line":72,"column":17},"end":{"line":72,"column":29}},"type":"binary-expr","locations":[{"start":{"line":72,"column":17},"end":{"line":72,"column":23}},{"start":{"line":72,"column":27},"end":{"line":72,"column":29}}],"line":72},"8":{"loc":{"start":{"line":79,"column":16},"end":{"line":79,"column":null}},"type":"if","locations":[{"start":{"line":79,"column":16},"end":{"line":79,"column":null}},{"start":{},"end":{}}],"line":79},"9":{"loc":{"start":{"line":83,"column":16},"end":{"line":83,"column":null}},"type":"if","locations":[{"start":{"line":83,"column":16},"end":{"line":83,"column":null}},{"start":{},"end":{}}],"line":83},"10":{"loc":{"start":{"line":88,"column":8},"end":{"line":91,"column":null}},"type":"if","locations":[{"start":{"line":88,"column":8},"end":{"line":91,"column":null}},{"start":{},"end":{}}],"line":88},"11":{"loc":{"start":{"line":92,"column":17},"end":{"line":92,"column":29}},"type":"binary-expr","locations":[{"start":{"line":92,"column":17},"end":{"line":92,"column":23}},{"start":{"line":92,"column":27},"end":{"line":92,"column":29}}],"line":92},"12":{"loc":{"start":{"line":98,"column":16},"end":{"line":98,"column":null}},"type":"if","locations":[{"start":{"line":98,"column":16},"end":{"line":98,"column":null}},{"start":{},"end":{}}],"line":98},"13":{"loc":{"start":{"line":102,"column":16},"end":{"line":102,"column":null}},"type":"if","locations":[{"start":{"line":102,"column":16},"end":{"line":102,"column":null}},{"start":{},"end":{}}],"line":102},"14":{"loc":{"start":{"line":107,"column":8},"end":{"line":110,"column":null}},"type":"if","locations":[{"start":{"line":107,"column":8},"end":{"line":110,"column":null}},{"start":{},"end":{}}],"line":107},"15":{"loc":{"start":{"line":111,"column":17},"end":{"line":111,"column":29}},"type":"binary-expr","locations":[{"start":{"line":111,"column":17},"end":{"line":111,"column":23}},{"start":{"line":111,"column":27},"end":{"line":111,"column":29}}],"line":111},"16":{"loc":{"start":{"line":117,"column":16},"end":{"line":117,"column":null}},"type":"if","locations":[{"start":{"line":117,"column":16},"end":{"line":117,"column":null}},{"start":{},"end":{}}],"line":117},"17":{"loc":{"start":{"line":121,"column":16},"end":{"line":121,"column":null}},"type":"if","locations":[{"start":{"line":121,"column":16},"end":{"line":121,"column":null}},{"start":{},"end":{}}],"line":121}},"s":{"0":0,"1":0,"2":0,"3":0,"4":0,"5":0,"6":0,"7":0,"8":0,"9":0,"10":0,"11":0,"12":0,"13":0,"14":0,"15":0,"16":0,"17":0,"18":0,"19":0,"20":0,"21":0,"22":0,"23":0,"24":0,"25":0,"26":0,"27":0,"28":0,"29":0,"30":0,"31":0,"32":0,"33":0,"34":0,"35":0,"36":0,"37":0,"38":0,"39":0,"40":0,"41":0,"42":0,"43":0,"44":0,"45":0,"46":0,"47":0,"48":0,"49":0,"50":0,"51":0,"52":0,"53":0,"54":0,"55":0,"56":0,"57":0,"58":0,"59":0,"60":0,"61":0,"62":0,"63":0,"64":0,"65":0,"66":0,"67":0,"68":0,"69":0,"70":0,"71":0,"72":0,"73":0,"74":0,"75":0,"76":0,"77":0,"78":0,"79":0,"80":0,"81":0,"82":0,"83":0,"84":0,"85":0,"86":0,"87":0,"88":0,"89":0,"90":0,"91":0,"92":0,"93":0,"94":0,"95":0,"96":0,"97":0,"98":0,"99":0,"100":0,"101":0,"102":0,"103":0,"104":0,"105":0,"106":0,"107":0,"108":0,"109":0,"110":0,"111":0,"112":0,"113":0,"114":0,"115":0,"116":0,"117":0,"118":0,"119":0,"120":0,"121":0,"122":0,"123":0,"124":0},"f":{"0":0,"1":0,"2":0,"3":0,"4":0,"5":0,"6":0,"7":0,"8":0,"9":0,"10":0,"11":0,"12":0,"13":0,"14":0,"15":0,"16":0,"17":0,"18":0,"19":0,"20":0,"21":0,"22":0},"b":{"0":[0,0],"1":[0,0],"2":[0,0],"3":[0,0],"4":[0,0],"5":[0,0],"6":[0,0],"7":[0,0],"8":[0,0],"9":[0,0],"10":[0,0],"11":[0,0],"12":[0,0],"13":[0,0],"14":[0,0],"15":[0,0],"16":[0,0],"17":[0,0]},"meta":{"lastBranch":18,"lastFunction":23,"lastStatement":125,"seen":{"s:1:17:1:30":0,"s:2:15:2:50":1,"s:3:15:3:34":2,"s:4:23:4:38":3,"s:6:0:6:Infinity":4,"s:8:13:8:38":5,"s:10:0:13:Infinity":6,"f:10:17:10:18":0,"s:11:4:11:Infinity":7,"s:12:4:12:Infinity":8,"f:16:9:16:19":1,"s:17:21:17:22":9,"s:20:18:20:62":10,"f:20:37:20:38":2,"s:20:43:20:61":11,"s:23:4:23:Infinity":12,"b:27:4:30:Infinity:undefined:undefined:undefined:undefined":0,"s:27:4:30:Infinity":13,"s:28:8:28:Infinity":14,"s:29:8:29:Infinity":15,"s:32:4:32:Infinity":16,"s:35:11:129:1":17,"f:37:15:37:16":3,"b:38:8:38:Infinity:undefined:undefined:undefined:undefined":1,"s:38:8:38:Infinity":18,"s:38:22:38:Infinity":19,"f:42:13:42:14":4,"s:43:27:43:42":20,"s:44:8:64:Infinity":21,"f:45:17:45:18":5,"s:47:31:47:35":22,"s:48:29:48:33":23,"b:49:16:52:Infinity:undefined:undefined:undefined:undefined":2,"s:49:16:52:Infinity":24,"b:49:20:49:35:49:39:49:82":3,"s:50:20:50:Infinity":25,"s:51:20:51:Infinity":26,"s:54:16:61:Infinity":27,"f:55:26:55:29":6,"b:56:24:56:Infinity:undefined:undefined:undefined:undefined":4,"s:56:24:56:Infinity":28,"s:56:38:56:Infinity":29,"f:58:27:58:30":7,"s:59:24:59:Infinity":30,"b:60:24:60:Infinity:undefined:undefined:undefined:undefined":5,"s:60:24:60:Infinity":31,"s:60:38:60:Infinity":32,"f:63:22:63:23":8,"f:67:9:67:10":9,"b:68:8:71:Infinity:undefined:undefined:undefined:undefined":6,"s:68:8:71:Infinity":33,"s:69:12:69:Infinity":34,"s:70:12:70:Infinity":35,"s:72:8:72:Infinity":36,"b:72:17:72:23:72:27:72:29":7,"s:74:27:74:42":37,"s:76:8:84:Infinity":38,"f:77:18:77:21":10,"b:79:16:79:Infinity:undefined:undefined:undefined:undefined":8,"s:79:16:79:Infinity":39,"s:79:30:79:Infinity":40,"f:81:19:81:22":11,"s:82:16:82:Infinity":41,"b:83:16:83:Infinity:undefined:undefined:undefined:undefined":9,"s:83:16:83:Infinity":42,"s:83:30:83:Infinity":43,"f:87:9:87:10":12,"b:88:8:91:Infinity:undefined:undefined:undefined:undefined":10,"s:88:8:91:Infinity":44,"s:89:12:89:Infinity":45,"s:90:12:90:Infinity":46,"s:92:8:92:Infinity":47,"b:92:17:92:23:92:27:92:29":11,"s:94:27:94:42":48,"s:96:8:103:Infinity":49,"f:97:18:97:21":13,"b:98:16:98:Infinity:undefined:undefined:undefined:undefined":12,"s:98:16:98:Infinity":50,"s:98:30:98:Infinity":51,"f:100:19:100:22":14,"s:101:16:101:Infinity":52,"b:102:16:102:Infinity:undefined:undefined:undefined:undefined":13,"s:102:16:102:Infinity":53,"s:102:30:102:Infinity":54,"f:106:9:106:10":15,"b:107:8:110:Infinity:undefined:undefined:undefined:undefined":14,"s:107:8:110:Infinity":55,"s:108:12:108:Infinity":56,"s:109:12:109:Infinity":57,"s:111:8:111:Infinity":58,"b:111:17:111:23:111:27:111:29":15,"s:113:27:113:42":59,"s:115:8:122:Infinity":60,"f:116:18:116:21":16,"b:117:16:117:Infinity:undefined:undefined:undefined:undefined":16,"s:117:16:117:Infinity":61,"s:117:30:117:Infinity":62,"f:119:19:119:22":17,"s:120:16:120:Infinity":63,"b:121:16:121:Infinity:undefined:undefined:undefined:undefined":17,"s:121:16:121:Infinity":64,"s:121:30:121:Infinity":65,"f:126:11:126:12":18,"s:127:8:127:Infinity":66,"f:132:9:132:15":19,"s:133:4:133:Infinity":67,"s:140:4:761:Infinity":68,"f:140:5:140:10":20,"s:141:8:760:Infinity":69,"s:143:12:150:Infinity":70,"s:153:12:166:Infinity":71,"s:173:12:182:Infinity":72,"s:185:12:189:Infinity":73,"s:192:12:200:Infinity":74,"s:203:12:209:Infinity":75,"s:212:12:219:Infinity":76,"s:222:12:233:Infinity":77,"s:236:12:245:Infinity":78,"s:248:12:256:Infinity":79,"s:259:12:267:Infinity":80,"s:270:12:279:Infinity":81,"s:282:12:315:Infinity":82,"s:318:12:327:Infinity":83,"s:330:12:340:Infinity":84,"s:343:12:358:Infinity":85,"s:361:12:361:Infinity":86,"s:362:12:362:Infinity":87,"s:363:12:363:Infinity":88,"s:364:12:364:Infinity":89,"s:367:12:381:Infinity":90,"s:384:12:397:Infinity":91,"s:400:12:414:Infinity":92,"s:417:12:427:Infinity":93,"s:430:12:437:Infinity":94,"s:443:12:453:Infinity":95,"s:456:12:463:Infinity":96,"s:466:12:479:Infinity":97,"s:482:12:500:Infinity":98,"s:503:12:516:Infinity":99,"s:519:12:526:Infinity":100,"s:529:12:565:Infinity":101,"s:568:12:576:Infinity":102,"s:579:12:590:Infinity":103,"s:593:12:610:Infinity":104,"s:613:12:624:Infinity":105,"s:627:12:643:Infinity":106,"s:646:12:659:Infinity":107,"s:662:12:669:Infinity":108,"s:672:12:681:Infinity":109,"s:684:12:696:Infinity":110,"s:699:12:709:Infinity":111,"s:712:12:732:Infinity":112,"s:735:12:750:Infinity":113,"s:753:12:753:Infinity":114,"s:759:12:759:Infinity":115,"f:764:15:764:20":21,"s:765:20:765:35":116,"s:766:4:771:Infinity":117,"s:767:8:767:Infinity":118,"s:769:8:769:Infinity":119,"s:770:8:770:Infinity":120,"f:774:15:774:22":22,"s:775:4:779:Infinity":121,"s:776:8:776:Infinity":122,"s:783:0:783:Infinity":123,"s:785:0:785:Infinity":124}}}
,"/Users/piotrwisniewski/Documents/Antygracity/DRD/consultify/server/database.sqlite.js": {"path":"/Users/piotrwisniewski/Documents/Antygracity/DRD/consultify/server/database.sqlite.js","statementMap":{"0":{"start":{"line":1,"column":16},"end":{"line":1,"column":null}},"1":{"start":{"line":2,"column":13},"end":{"line":2,"column":null}},"2":{"start":{"line":3,"column":15},"end":{"line":3,"column":null}},"3":{"start":{"line":4,"column":23},"end":{"line":4,"column":null}},"4":{"start":{"line":6,"column":15},"end":{"line":6,"column":null}},"5":{"start":{"line":11,"column":0},"end":{"line":29,"column":null}},"6":{"start":{"line":12,"column":4},"end":{"line":12,"column":null}},"7":{"start":{"line":13,"column":4},"end":{"line":19,"column":null}},"8":{"start":{"line":14,"column":24},"end":{"line":14,"column":null}},"9":{"start":{"line":18,"column":27},"end":{"line":18,"column":null}},"10":{"start":{"line":21,"column":4},"end":{"line":28,"column":null}},"11":{"start":{"line":22,"column":8},"end":{"line":27,"column":null}},"12":{"start":{"line":23,"column":12},"end":{"line":23,"column":null}},"13":{"start":{"line":25,"column":12},"end":{"line":25,"column":null}},"14":{"start":{"line":26,"column":12},"end":{"line":26,"column":null}},"15":{"start":{"line":32,"column":4},"end":{"line":888,"column":null}},"16":{"start":{"line":34,"column":8},"end":{"line":41,"column":null}},"17":{"start":{"line":47,"column":8},"end":{"line":49,"column":null}},"18":{"start":{"line":50,"column":8},"end":{"line":63,"column":null}},"19":{"start":{"line":66,"column":8},"end":{"line":75,"column":null}},"20":{"start":{"line":78,"column":8},"end":{"line":82,"column":null}},"21":{"start":{"line":85,"column":8},"end":{"line":93,"column":null}},"22":{"start":{"line":96,"column":8},"end":{"line":102,"column":null}},"23":{"start":{"line":105,"column":8},"end":{"line":112,"column":null}},"24":{"start":{"line":115,"column":8},"end":{"line":127,"column":null}},"25":{"start":{"line":130,"column":8},"end":{"line":132,"column":null}},"26":{"start":{"line":139,"column":8},"end":{"line":148,"column":null}},"27":{"start":{"line":151,"column":8},"end":{"line":159,"column":null}},"28":{"start":{"line":162,"column":8},"end":{"line":170,"column":null}},"29":{"start":{"line":173,"column":8},"end":{"line":182,"column":null}},"30":{"start":{"line":185,"column":8},"end":{"line":209,"column":null}},"31":{"start":{"line":212,"column":8},"end":{"line":221,"column":null}},"32":{"start":{"line":224,"column":8},"end":{"line":234,"column":null}},"33":{"start":{"line":237,"column":8},"end":{"line":252,"column":null}},"34":{"start":{"line":255,"column":8},"end":{"line":257,"column":null}},"35":{"start":{"line":258,"column":8},"end":{"line":260,"column":null}},"36":{"start":{"line":261,"column":8},"end":{"line":263,"column":null}},"37":{"start":{"line":264,"column":8},"end":{"line":266,"column":null}},"38":{"start":{"line":273,"column":8},"end":{"line":287,"column":null}},"39":{"start":{"line":290,"column":8},"end":{"line":303,"column":null}},"40":{"start":{"line":306,"column":8},"end":{"line":320,"column":null}},"41":{"start":{"line":323,"column":8},"end":{"line":333,"column":null}},"42":{"start":{"line":336,"column":8},"end":{"line":343,"column":null}},"43":{"start":{"line":346,"column":31},"end":{"line":352,"column":null}},"44":{"start":{"line":354,"column":29},"end":{"line":354,"column":null}},"45":{"start":{"line":355,"column":8},"end":{"line":357,"column":null}},"46":{"start":{"line":356,"column":12},"end":{"line":356,"column":null}},"47":{"start":{"line":358,"column":8},"end":{"line":358,"column":null}},"48":{"start":{"line":361,"column":8},"end":{"line":371,"column":null}},"49":{"start":{"line":374,"column":8},"end":{"line":381,"column":null}},"50":{"start":{"line":384,"column":8},"end":{"line":397,"column":null}},"51":{"start":{"line":400,"column":8},"end":{"line":418,"column":null}},"52":{"start":{"line":421,"column":8},"end":{"line":434,"column":null}},"53":{"start":{"line":437,"column":8},"end":{"line":444,"column":null}},"54":{"start":{"line":453,"column":8},"end":{"line":464,"column":null}},"55":{"start":{"line":467,"column":8},"end":{"line":474,"column":null}},"56":{"start":{"line":477,"column":8},"end":{"line":486,"column":null}},"57":{"start":{"line":489,"column":8},"end":{"line":491,"column":null}},"58":{"start":{"line":498,"column":8},"end":{"line":500,"column":null}},"59":{"start":{"line":503,"column":8},"end":{"line":511,"column":null}},"60":{"start":{"line":514,"column":8},"end":{"line":516,"column":null}},"61":{"start":{"line":519,"column":8},"end":{"line":521,"column":null}},"62":{"start":{"line":528,"column":8},"end":{"line":558,"column":null}},"63":{"start":{"line":561,"column":34},"end":{"line":568,"column":null}},"64":{"start":{"line":570,"column":8},"end":{"line":574,"column":null}},"65":{"start":{"line":571,"column":12},"end":{"line":573,"column":null}},"66":{"start":{"line":577,"column":8},"end":{"line":585,"column":null}},"67":{"start":{"line":589,"column":28},"end":{"line":599,"column":null}},"68":{"start":{"line":601,"column":8},"end":{"line":605,"column":null}},"69":{"start":{"line":602,"column":12},"end":{"line":604,"column":null}},"70":{"start":{"line":612,"column":8},"end":{"line":623,"column":null}},"71":{"start":{"line":626,"column":8},"end":{"line":643,"column":null}},"72":{"start":{"line":646,"column":8},"end":{"line":657,"column":null}},"73":{"start":{"line":660,"column":8},"end":{"line":676,"column":null}},"74":{"start":{"line":679,"column":8},"end":{"line":692,"column":null}},"75":{"start":{"line":695,"column":8},"end":{"line":702,"column":null}},"76":{"start":{"line":709,"column":8},"end":{"line":718,"column":null}},"77":{"start":{"line":721,"column":8},"end":{"line":733,"column":null}},"78":{"start":{"line":736,"column":8},"end":{"line":746,"column":null}},"79":{"start":{"line":749,"column":8},"end":{"line":769,"column":null}},"80":{"start":{"line":772,"column":8},"end":{"line":774,"column":null}},"81":{"start":{"line":777,"column":8},"end":{"line":792,"column":null}},"82":{"start":{"line":795,"column":31},"end":{"line":799,"column":null}},"83":{"start":{"line":801,"column":29},"end":{"line":801,"column":null}},"84":{"start":{"line":802,"column":8},"end":{"line":804,"column":null}},"85":{"start":{"line":803,"column":12},"end":{"line":803,"column":null}},"86":{"start":{"line":805,"column":8},"end":{"line":805,"column":null}},"87":{"start":{"line":808,"column":37},"end":{"line":813,"column":null}},"88":{"start":{"line":815,"column":30},"end":{"line":815,"column":null}},"89":{"start":{"line":816,"column":8},"end":{"line":818,"column":null}},"90":{"start":{"line":817,"column":12},"end":{"line":817,"column":null}},"91":{"start":{"line":819,"column":8},"end":{"line":819,"column":null}},"92":{"start":{"line":821,"column":8},"end":{"line":821,"column":null}},"93":{"start":{"line":824,"column":29},"end":{"line":828,"column":null}},"94":{"start":{"line":830,"column":27},"end":{"line":830,"column":null}},"95":{"start":{"line":831,"column":8},"end":{"line":833,"column":null}},"96":{"start":{"line":832,"column":12},"end":{"line":832,"column":null}},"97":{"start":{"line":834,"column":8},"end":{"line":834,"column":null}},"98":{"start":{"line":836,"column":8},"end":{"line":836,"column":null}},"99":{"start":{"line":839,"column":32},"end":{"line":839,"column":null}},"100":{"start":{"line":840,"column":29},"end":{"line":840,"column":null}},"101":{"start":{"line":841,"column":31},"end":{"line":841,"column":null}},"102":{"start":{"line":844,"column":8},"end":{"line":887,"column":null}},"103":{"start":{"line":845,"column":12},"end":{"line":886,"column":null}},"104":{"start":{"line":847,"column":34},"end":{"line":847,"column":null}},"105":{"start":{"line":848,"column":16},"end":{"line":848,"column":null}},"106":{"start":{"line":849,"column":16},"end":{"line":849,"column":null}},"107":{"start":{"line":852,"column":35},"end":{"line":852,"column":null}},"108":{"start":{"line":853,"column":43},"end":{"line":853,"column":null}},"109":{"start":{"line":854,"column":16},"end":{"line":854,"column":null}},"110":{"start":{"line":855,"column":16},"end":{"line":855,"column":null}},"111":{"start":{"line":857,"column":16},"end":{"line":857,"column":null}},"112":{"start":{"line":860,"column":35},"end":{"line":860,"column":null}},"113":{"start":{"line":861,"column":37},"end":{"line":861,"column":null}},"114":{"start":{"line":862,"column":36},"end":{"line":862,"column":null}},"115":{"start":{"line":865,"column":39},"end":{"line":865,"column":null}},"116":{"start":{"line":866,"column":16},"end":{"line":866,"column":null}},"117":{"start":{"line":867,"column":16},"end":{"line":867,"column":null}},"118":{"start":{"line":870,"column":41},"end":{"line":870,"column":null}},"119":{"start":{"line":871,"column":16},"end":{"line":871,"column":null}},"120":{"start":{"line":872,"column":16},"end":{"line":872,"column":null}},"121":{"start":{"line":875,"column":40},"end":{"line":875,"column":null}},"122":{"start":{"line":876,"column":16},"end":{"line":876,"column":null}},"123":{"start":{"line":877,"column":16},"end":{"line":877,"column":null}},"124":{"start":{"line":880,"column":39},"end":{"line":880,"column":null}},"125":{"start":{"line":881,"column":38},"end":{"line":881,"column":null}},"126":{"start":{"line":882,"column":16},"end":{"line":882,"column":null}},"127":{"start":{"line":883,"column":16},"end":{"line":883,"column":null}},"128":{"start":{"line":885,"column":16},"end":{"line":885,"column":null}},"129":{"start":{"line":891,"column":0},"end":{"line":891,"column":null}}},"fnMap":{"0":{"name":"(anonymous_0)","decl":{"start":{"line":14,"column":17},"end":{"line":14,"column":24}},"loc":{"start":{"line":14,"column":24},"end":{"line":14,"column":null}},"line":14},"1":{"name":"(anonymous_1)","decl":{"start":{"line":14,"column":31},"end":{"line":14,"column":37}},"loc":{"start":{"line":14,"column":37},"end":{"line":14,"column":42}},"line":14},"2":{"name":"(anonymous_2)","decl":{"start":{"line":14,"column":52},"end":{"line":14,"column":58}},"loc":{"start":{"line":14,"column":58},"end":{"line":14,"column":62}},"line":14},"3":{"name":"(anonymous_3)","decl":{"start":{"line":15,"column":13},"end":{"line":15,"column":19}},"loc":{"start":{"line":15,"column":19},"end":{"line":15,"column":null}},"line":15},"4":{"name":"(anonymous_4)","decl":{"start":{"line":16,"column":13},"end":{"line":16,"column":19}},"loc":{"start":{"line":16,"column":19},"end":{"line":16,"column":null}},"line":16},"5":{"name":"(anonymous_5)","decl":{"start":{"line":17,"column":13},"end":{"line":17,"column":19}},"loc":{"start":{"line":17,"column":19},"end":{"line":17,"column":null}},"line":17},"6":{"name":"(anonymous_6)","decl":{"start":{"line":18,"column":19},"end":{"line":18,"column":20}},"loc":{"start":{"line":18,"column":27},"end":{"line":18,"column":null}},"line":18},"7":{"name":"(anonymous_7)","decl":{"start":{"line":21,"column":38},"end":{"line":21,"column":39}},"loc":{"start":{"line":21,"column":47},"end":{"line":28,"column":5}},"line":21},"8":{"name":"initDb","decl":{"start":{"line":31,"column":9},"end":{"line":31,"column":18}},"loc":{"start":{"line":31,"column":18},"end":{"line":889,"column":null}},"line":31},"9":{"name":"(anonymous_9)","decl":{"start":{"line":32,"column":17},"end":{"line":32,"column":23}},"loc":{"start":{"line":32,"column":23},"end":{"line":888,"column":5}},"line":32},"10":{"name":"(anonymous_10)","decl":{"start":{"line":130,"column":90},"end":{"line":130,"column":91}},"loc":{"start":{"line":130,"column":99},"end":{"line":132,"column":9}},"line":130},"11":{"name":"(anonymous_11)","decl":{"start":{"line":255,"column":82},"end":{"line":255,"column":83}},"loc":{"start":{"line":255,"column":91},"end":{"line":257,"column":9}},"line":255},"12":{"name":"(anonymous_12)","decl":{"start":{"line":258,"column":76},"end":{"line":258,"column":77}},"loc":{"start":{"line":258,"column":85},"end":{"line":260,"column":9}},"line":258},"13":{"name":"(anonymous_13)","decl":{"start":{"line":261,"column":71},"end":{"line":261,"column":72}},"loc":{"start":{"line":261,"column":80},"end":{"line":263,"column":9}},"line":261},"14":{"name":"(anonymous_14)","decl":{"start":{"line":264,"column":63},"end":{"line":264,"column":64}},"loc":{"start":{"line":264,"column":72},"end":{"line":266,"column":9}},"line":264},"15":{"name":"(anonymous_15)","decl":{"start":{"line":355,"column":31},"end":{"line":355,"column":36}},"loc":{"start":{"line":355,"column":36},"end":{"line":357,"column":9}},"line":355},"16":{"name":"(anonymous_16)","decl":{"start":{"line":489,"column":73},"end":{"line":489,"column":74}},"loc":{"start":{"line":489,"column":82},"end":{"line":491,"column":9}},"line":489},"17":{"name":"(anonymous_17)","decl":{"start":{"line":498,"column":87},"end":{"line":498,"column":88}},"loc":{"start":{"line":498,"column":96},"end":{"line":500,"column":9}},"line":498},"18":{"name":"(anonymous_18)","decl":{"start":{"line":514,"column":83},"end":{"line":514,"column":84}},"loc":{"start":{"line":514,"column":92},"end":{"line":516,"column":9}},"line":514},"19":{"name":"(anonymous_19)","decl":{"start":{"line":519,"column":90},"end":{"line":519,"column":91}},"loc":{"start":{"line":519,"column":99},"end":{"line":521,"column":9}},"line":519},"20":{"name":"(anonymous_20)","decl":{"start":{"line":570,"column":34},"end":{"line":570,"column":41}},"loc":{"start":{"line":570,"column":41},"end":{"line":574,"column":9}},"line":570},"21":{"name":"(anonymous_21)","decl":{"start":{"line":571,"column":104},"end":{"line":571,"column":105}},"loc":{"start":{"line":571,"column":113},"end":{"line":573,"column":13}},"line":571},"22":{"name":"(anonymous_22)","decl":{"start":{"line":601,"column":28},"end":{"line":601,"column":35}},"loc":{"start":{"line":601,"column":35},"end":{"line":605,"column":9}},"line":601},"23":{"name":"(anonymous_23)","decl":{"start":{"line":602,"column":98},"end":{"line":602,"column":99}},"loc":{"start":{"line":602,"column":107},"end":{"line":604,"column":13}},"line":602},"24":{"name":"(anonymous_24)","decl":{"start":{"line":772,"column":74},"end":{"line":772,"column":75}},"loc":{"start":{"line":772,"column":83},"end":{"line":774,"column":9}},"line":772},"25":{"name":"(anonymous_25)","decl":{"start":{"line":802,"column":31},"end":{"line":802,"column":36}},"loc":{"start":{"line":802,"column":36},"end":{"line":804,"column":9}},"line":802},"26":{"name":"(anonymous_26)","decl":{"start":{"line":816,"column":37},"end":{"line":816,"column":42}},"loc":{"start":{"line":816,"column":42},"end":{"line":818,"column":9}},"line":816},"27":{"name":"(anonymous_27)","decl":{"start":{"line":831,"column":29},"end":{"line":831,"column":34}},"loc":{"start":{"line":831,"column":34},"end":{"line":833,"column":9}},"line":831},"28":{"name":"(anonymous_28)","decl":{"start":{"line":844,"column":79},"end":{"line":844,"column":80}},"loc":{"start":{"line":844,"column":93},"end":{"line":887,"column":9}},"line":844}},"branchMap":{"0":{"loc":{"start":{"line":11,"column":0},"end":{"line":29,"column":null}},"type":"if","locations":[{"start":{"line":11,"column":0},"end":{"line":29,"column":null}},{"start":{"line":20,"column":7},"end":{"line":29,"column":null}}],"line":11},"1":{"loc":{"start":{"line":18,"column":27},"end":{"line":18,"column":null}},"type":"binary-expr","locations":[{"start":{"line":18,"column":27},"end":{"line":18,"column":33}},{"start":{"line":18,"column":33},"end":{"line":18,"column":null}}],"line":18},"2":{"loc":{"start":{"line":22,"column":8},"end":{"line":27,"column":null}},"type":"if","locations":[{"start":{"line":22,"column":8},"end":{"line":27,"column":null}},{"start":{"line":24,"column":15},"end":{"line":27,"column":null}}],"line":22},"3":{"loc":{"start":{"line":47,"column":8},"end":{"line":49,"column":null}},"type":"if","locations":[{"start":{"line":47,"column":8},"end":{"line":49,"column":null}},{"start":{},"end":{}}],"line":47},"4":{"loc":{"start":{"line":845,"column":12},"end":{"line":886,"column":null}},"type":"if","locations":[{"start":{"line":845,"column":12},"end":{"line":886,"column":null}},{"start":{},"end":{}}],"line":845}},"s":{"0":1,"1":1,"2":1,"3":1,"4":1,"5":1,"6":1,"7":1,"8":1,"9":1,"10":0,"11":1,"12":0,"13":0,"14":0,"15":0,"16":0,"17":0,"18":0,"19":0,"20":0,"21":0,"22":0,"23":0,"24":0,"25":0,"26":0,"27":0,"28":0,"29":0,"30":0,"31":0,"32":0,"33":0,"34":0,"35":0,"36":0,"37":0,"38":0,"39":0,"40":0,"41":0,"42":0,"43":0,"44":0,"45":0,"46":0,"47":0,"48":0,"49":0,"50":0,"51":0,"52":0,"53":0,"54":0,"55":0,"56":0,"57":0,"58":0,"59":0,"60":0,"61":0,"62":0,"63":0,"64":0,"65":0,"66":0,"67":0,"68":0,"69":0,"70":0,"71":0,"72":0,"73":0,"74":0,"75":0,"76":0,"77":0,"78":0,"79":0,"80":0,"81":0,"82":0,"83":0,"84":0,"85":0,"86":0,"87":0,"88":0,"89":0,"90":0,"91":0,"92":0,"93":0,"94":0,"95":0,"96":0,"97":0,"98":0,"99":0,"100":0,"101":0,"102":0,"103":0,"104":0,"105":0,"106":0,"107":0,"108":0,"109":0,"110":0,"111":0,"112":0,"113":0,"114":0,"115":0,"116":0,"117":0,"118":0,"119":0,"120":0,"121":0,"122":0,"123":0,"124":0,"125":0,"126":0,"127":0,"128":0,"129":0},"f":{"0":1,"1":1,"2":1,"3":0,"4":0,"5":1,"6":1,"7":0,"8":0,"9":0,"10":0,"11":0,"12":0,"13":0,"14":0,"15":0,"16":0,"17":0,"18":0,"19":0,"20":0,"21":0,"22":0,"23":0,"24":0,"25":0,"26":0,"27":0,"28":0},"b":{"0":[1,0],"1":[0,0],"2":[0,0],"3":[0,0],"4":[0,0]},"meta":{"lastBranch":5,"lastFunction":29,"lastStatement":130,"seen":{"s:1:16:1:Infinity":0,"s:2:13:2:Infinity":1,"s:3:15:3:Infinity":2,"s:4:23:4:Infinity":3,"s:6:15:6:Infinity":4,"b:11:0:29:Infinity:20:7:29:Infinity":0,"s:11:0:29:Infinity":5,"s:12:4:12:Infinity":6,"s:13:4:19:Infinity":7,"f:14:17:14:24":0,"s:14:24:14:Infinity":8,"f:14:31:14:37":1,"f:14:52:14:58":2,"f:15:13:15:19":3,"f:16:13:16:19":4,"f:17:13:17:19":5,"f:18:19:18:20":6,"s:18:27:18:Infinity":9,"b:18:27:18:33:18:33:18:Infinity":1,"s:21:4:28:Infinity":10,"f:21:38:21:39":7,"b:22:8:27:Infinity:24:15:27:Infinity":2,"s:22:8:27:Infinity":11,"s:23:12:23:Infinity":12,"s:25:12:25:Infinity":13,"s:26:12:26:Infinity":14,"f:31:9:31:18":8,"s:32:4:888:Infinity":15,"f:32:17:32:23":9,"s:34:8:41:Infinity":16,"b:47:8:49:Infinity:undefined:undefined:undefined:undefined":3,"s:47:8:49:Infinity":17,"s:50:8:63:Infinity":18,"s:66:8:75:Infinity":19,"s:78:8:82:Infinity":20,"s:85:8:93:Infinity":21,"s:96:8:102:Infinity":22,"s:105:8:112:Infinity":23,"s:115:8:127:Infinity":24,"s:130:8:132:Infinity":25,"f:130:90:130:91":10,"s:139:8:148:Infinity":26,"s:151:8:159:Infinity":27,"s:162:8:170:Infinity":28,"s:173:8:182:Infinity":29,"s:185:8:209:Infinity":30,"s:212:8:221:Infinity":31,"s:224:8:234:Infinity":32,"s:237:8:252:Infinity":33,"s:255:8:257:Infinity":34,"f:255:82:255:83":11,"s:258:8:260:Infinity":35,"f:258:76:258:77":12,"s:261:8:263:Infinity":36,"f:261:71:261:72":13,"s:264:8:266:Infinity":37,"f:264:63:264:64":14,"s:273:8:287:Infinity":38,"s:290:8:303:Infinity":39,"s:306:8:320:Infinity":40,"s:323:8:333:Infinity":41,"s:336:8:343:Infinity":42,"s:346:31:352:Infinity":43,"s:354:29:354:Infinity":44,"s:355:8:357:Infinity":45,"f:355:31:355:36":15,"s:356:12:356:Infinity":46,"s:358:8:358:Infinity":47,"s:361:8:371:Infinity":48,"s:374:8:381:Infinity":49,"s:384:8:397:Infinity":50,"s:400:8:418:Infinity":51,"s:421:8:434:Infinity":52,"s:437:8:444:Infinity":53,"s:453:8:464:Infinity":54,"s:467:8:474:Infinity":55,"s:477:8:486:Infinity":56,"s:489:8:491:Infinity":57,"f:489:73:489:74":16,"s:498:8:500:Infinity":58,"f:498:87:498:88":17,"s:503:8:511:Infinity":59,"s:514:8:516:Infinity":60,"f:514:83:514:84":18,"s:519:8:521:Infinity":61,"f:519:90:519:91":19,"s:528:8:558:Infinity":62,"s:561:34:568:Infinity":63,"s:570:8:574:Infinity":64,"f:570:34:570:41":20,"s:571:12:573:Infinity":65,"f:571:104:571:105":21,"s:577:8:585:Infinity":66,"s:589:28:599:Infinity":67,"s:601:8:605:Infinity":68,"f:601:28:601:35":22,"s:602:12:604:Infinity":69,"f:602:98:602:99":23,"s:612:8:623:Infinity":70,"s:626:8:643:Infinity":71,"s:646:8:657:Infinity":72,"s:660:8:676:Infinity":73,"s:679:8:692:Infinity":74,"s:695:8:702:Infinity":75,"s:709:8:718:Infinity":76,"s:721:8:733:Infinity":77,"s:736:8:746:Infinity":78,"s:749:8:769:Infinity":79,"s:772:8:774:Infinity":80,"f:772:74:772:75":24,"s:777:8:792:Infinity":81,"s:795:31:799:Infinity":82,"s:801:29:801:Infinity":83,"s:802:8:804:Infinity":84,"f:802:31:802:36":25,"s:803:12:803:Infinity":85,"s:805:8:805:Infinity":86,"s:808:37:813:Infinity":87,"s:815:30:815:Infinity":88,"s:816:8:818:Infinity":89,"f:816:37:816:42":26,"s:817:12:817:Infinity":90,"s:819:8:819:Infinity":91,"s:821:8:821:Infinity":92,"s:824:29:828:Infinity":93,"s:830:27:830:Infinity":94,"s:831:8:833:Infinity":95,"f:831:29:831:34":27,"s:832:12:832:Infinity":96,"s:834:8:834:Infinity":97,"s:836:8:836:Infinity":98,"s:839:32:839:Infinity":99,"s:840:29:840:Infinity":100,"s:841:31:841:Infinity":101,"s:844:8:887:Infinity":102,"f:844:79:844:80":28,"b:845:12:886:Infinity:undefined:undefined:undefined:undefined":4,"s:845:12:886:Infinity":103,"s:847:34:847:Infinity":104,"s:848:16:848:Infinity":105,"s:849:16:849:Infinity":106,"s:852:35:852:Infinity":107,"s:853:43:853:Infinity":108,"s:854:16:854:Infinity":109,"s:855:16:855:Infinity":110,"s:857:16:857:Infinity":111,"s:860:35:860:Infinity":112,"s:861:37:861:Infinity":113,"s:862:36:862:Infinity":114,"s:865:39:865:Infinity":115,"s:866:16:866:Infinity":116,"s:867:16:867:Infinity":117,"s:870:41:870:Infinity":118,"s:871:16:871:Infinity":119,"s:872:16:872:Infinity":120,"s:875:40:875:Infinity":121,"s:876:16:876:Infinity":122,"s:877:16:877:Infinity":123,"s:880:39:880:Infinity":124,"s:881:38:881:Infinity":125,"s:882:16:882:Infinity":126,"s:883:16:883:Infinity":127,"s:885:16:885:Infinity":128,"s:891:0:891:Infinity":129}}}
,"/Users/piotrwisniewski/Documents/Antygracity/DRD/consultify/server/fix_password.js": {"path":"/Users/piotrwisniewski/Documents/Antygracity/DRD/consultify/server/fix_password.js","statementMap":{"0":{"start":{"line":1,"column":16},"end":{"line":1,"column":44}},"1":{"start":{"line":2,"column":13},"end":{"line":2,"column":28}},"2":{"start":{"line":3,"column":15},"end":{"line":3,"column":34}},"3":{"start":{"line":5,"column":15},"end":{"line":5,"column":55}},"4":{"start":{"line":6,"column":11},"end":{"line":6,"column":39}},"5":{"start":{"line":8,"column":17},"end":{"line":8,"column":45}},"6":{"start":{"line":10,"column":0},"end":{"line":23,"column":null}},"7":{"start":{"line":11,"column":4},"end":{"line":17,"column":null}},"8":{"start":{"line":12,"column":8},"end":{"line":16,"column":null}},"9":{"start":{"line":13,"column":12},"end":{"line":13,"column":null}},"10":{"start":{"line":15,"column":12},"end":{"line":15,"column":null}},"11":{"start":{"line":20,"column":4},"end":{"line":22,"column":null}},"12":{"start":{"line":21,"column":8},"end":{"line":21,"column":null}},"13":{"start":{"line":21,"column":18},"end":{"line":21,"column":null}},"14":{"start":{"line":25,"column":0},"end":{"line":25,"column":null}}},"fnMap":{"0":{"name":"(anonymous_0)","decl":{"start":{"line":10,"column":13},"end":{"line":10,"column":14}},"loc":{"start":{"line":10,"column":19},"end":{"line":23,"column":1}},"line":10},"1":{"name":"(anonymous_1)","decl":{"start":{"line":11,"column":91},"end":{"line":11,"column":99}},"loc":{"start":{"line":11,"column":106},"end":{"line":17,"column":5}},"line":11},"2":{"name":"(anonymous_2)","decl":{"start":{"line":20,"column":102},"end":{"line":20,"column":110}},"loc":{"start":{"line":20,"column":117},"end":{"line":22,"column":5}},"line":20}},"branchMap":{"0":{"loc":{"start":{"line":12,"column":8},"end":{"line":16,"column":null}},"type":"if","locations":[{"start":{"line":12,"column":8},"end":{"line":16,"column":null}},{"start":{"line":14,"column":15},"end":{"line":16,"column":null}}],"line":12},"1":{"loc":{"start":{"line":21,"column":8},"end":{"line":21,"column":null}},"type":"if","locations":[{"start":{"line":21,"column":8},"end":{"line":21,"column":null}},{"start":{},"end":{}}],"line":21}},"s":{"0":0,"1":0,"2":0,"3":0,"4":0,"5":0,"6":0,"7":0,"8":0,"9":0,"10":0,"11":0,"12":0,"13":0,"14":0},"f":{"0":0,"1":0,"2":0},"b":{"0":[0,0],"1":[0,0]},"meta":{"lastBranch":2,"lastFunction":3,"lastStatement":15,"seen":{"s:1:16:1:44":0,"s:2:13:2:28":1,"s:3:15:3:34":2,"s:5:15:5:55":3,"s:6:11:6:39":4,"s:8:17:8:45":5,"s:10:0:23:Infinity":6,"f:10:13:10:14":0,"s:11:4:17:Infinity":7,"f:11:91:11:99":1,"b:12:8:16:Infinity:14:15:16:Infinity":0,"s:12:8:16:Infinity":8,"s:13:12:13:Infinity":9,"s:15:12:15:Infinity":10,"s:20:4:22:Infinity":11,"f:20:102:20:110":2,"b:21:8:21:Infinity:undefined:undefined:undefined:undefined":1,"s:21:8:21:Infinity":12,"s:21:18:21:Infinity":13,"s:25:0:25:Infinity":14}}}
,"/Users/piotrwisniewski/Documents/Antygracity/DRD/consultify/server/index.js": {"path":"/Users/piotrwisniewski/Documents/Antygracity/DRD/consultify/server/index.js","statementMap":{"0":{"start":{"line":1,"column":0},"end":{"line":1,"column":null}},"1":{"start":{"line":2,"column":16},"end":{"line":2,"column":null}},"2":{"start":{"line":3,"column":13},"end":{"line":3,"column":null}},"3":{"start":{"line":4,"column":13},"end":{"line":4,"column":null}},"4":{"start":{"line":5,"column":15},"end":{"line":5,"column":null}},"5":{"start":{"line":6,"column":20},"end":{"line":6,"column":null}},"6":{"start":{"line":7,"column":18},"end":{"line":7,"column":null}},"7":{"start":{"line":9,"column":12},"end":{"line":9,"column":null}},"8":{"start":{"line":10,"column":13},"end":{"line":10,"column":null}},"9":{"start":{"line":11,"column":21},"end":{"line":11,"column":null}},"10":{"start":{"line":14,"column":0},"end":{"line":17,"column":null}},"11":{"start":{"line":20,"column":0},"end":{"line":20,"column":null}},"12":{"start":{"line":23,"column":19},"end":{"line":29,"column":null}},"13":{"start":{"line":31,"column":20},"end":{"line":35,"column":null}},"14":{"start":{"line":38,"column":20},"end":{"line":43,"column":null}},"15":{"start":{"line":44,"column":0},"end":{"line":44,"column":null}},"16":{"start":{"line":47,"column":0},"end":{"line":47,"column":null}},"17":{"start":{"line":48,"column":0},"end":{"line":48,"column":null}},"18":{"start":{"line":51,"column":0},"end":{"line":51,"column":null}},"19":{"start":{"line":52,"column":0},"end":{"line":52,"column":null}},"20":{"start":{"line":53,"column":0},"end":{"line":53,"column":null}},"21":{"start":{"line":58,"column":19},"end":{"line":58,"column":null}},"22":{"start":{"line":59,"column":19},"end":{"line":59,"column":null}},"23":{"start":{"line":60,"column":22},"end":{"line":60,"column":null}},"24":{"start":{"line":61,"column":17},"end":{"line":61,"column":null}},"25":{"start":{"line":62,"column":23},"end":{"line":62,"column":null}},"26":{"start":{"line":63,"column":25},"end":{"line":63,"column":null}},"27":{"start":{"line":64,"column":22},"end":{"line":64,"column":null}},"28":{"start":{"line":65,"column":24},"end":{"line":65,"column":null}},"29":{"start":{"line":66,"column":18},"end":{"line":66,"column":null}},"30":{"start":{"line":68,"column":19},"end":{"line":68,"column":null}},"31":{"start":{"line":69,"column":19},"end":{"line":69,"column":null}},"32":{"start":{"line":70,"column":27},"end":{"line":70,"column":null}},"33":{"start":{"line":71,"column":25},"end":{"line":71,"column":null}},"34":{"start":{"line":72,"column":24},"end":{"line":72,"column":null}},"35":{"start":{"line":73,"column":23},"end":{"line":73,"column":null}},"36":{"start":{"line":74,"column":28},"end":{"line":74,"column":null}},"37":{"start":{"line":75,"column":22},"end":{"line":75,"column":null}},"38":{"start":{"line":76,"column":25},"end":{"line":76,"column":null}},"39":{"start":{"line":78,"column":22},"end":{"line":78,"column":null}},"40":{"start":{"line":79,"column":28},"end":{"line":79,"column":null}},"41":{"start":{"line":80,"column":27},"end":{"line":80,"column":null}},"42":{"start":{"line":82,"column":0},"end":{"line":82,"column":null}},"43":{"start":{"line":83,"column":0},"end":{"line":83,"column":null}},"44":{"start":{"line":84,"column":0},"end":{"line":84,"column":null}},"45":{"start":{"line":85,"column":0},"end":{"line":85,"column":null}},"46":{"start":{"line":86,"column":0},"end":{"line":86,"column":null}},"47":{"start":{"line":87,"column":0},"end":{"line":87,"column":null}},"48":{"start":{"line":88,"column":0},"end":{"line":88,"column":null}},"49":{"start":{"line":89,"column":0},"end":{"line":89,"column":null}},"50":{"start":{"line":90,"column":0},"end":{"line":90,"column":null}},"51":{"start":{"line":92,"column":0},"end":{"line":92,"column":null}},"52":{"start":{"line":93,"column":0},"end":{"line":93,"column":null}},"53":{"start":{"line":94,"column":0},"end":{"line":94,"column":null}},"54":{"start":{"line":96,"column":0},"end":{"line":96,"column":null}},"55":{"start":{"line":97,"column":0},"end":{"line":97,"column":null}},"56":{"start":{"line":98,"column":0},"end":{"line":98,"column":null}},"57":{"start":{"line":99,"column":0},"end":{"line":99,"column":null}},"58":{"start":{"line":101,"column":0},"end":{"line":101,"column":null}},"59":{"start":{"line":102,"column":0},"end":{"line":102,"column":null}},"60":{"start":{"line":104,"column":0},"end":{"line":104,"column":null}},"61":{"start":{"line":105,"column":0},"end":{"line":105,"column":null}},"62":{"start":{"line":106,"column":0},"end":{"line":106,"column":null}},"63":{"start":{"line":109,"column":0},"end":{"line":111,"column":null}},"64":{"start":{"line":110,"column":4},"end":{"line":110,"column":null}},"65":{"start":{"line":114,"column":0},"end":{"line":114,"column":null}},"66":{"start":{"line":118,"column":0},"end":{"line":120,"column":null}},"67":{"start":{"line":119,"column":4},"end":{"line":119,"column":null}},"68":{"start":{"line":123,"column":0},"end":{"line":139,"column":null}},"69":{"start":{"line":124,"column":17},"end":{"line":124,"column":null}},"70":{"start":{"line":125,"column":19},"end":{"line":125,"column":null}},"71":{"start":{"line":128,"column":28},"end":{"line":128,"column":null}},"72":{"start":{"line":129,"column":4},"end":{"line":129,"column":null}},"73":{"start":{"line":132,"column":32},"end":{"line":132,"column":null}},"74":{"start":{"line":133,"column":4},"end":{"line":133,"column":null}},"75":{"start":{"line":135,"column":4},"end":{"line":138,"column":null}},"76":{"start":{"line":136,"column":8},"end":{"line":136,"column":null}},"77":{"start":{"line":137,"column":8},"end":{"line":137,"column":null}},"78":{"start":{"line":141,"column":0},"end":{"line":141,"column":null}}},"fnMap":{"0":{"name":"(anonymous_0)","decl":{"start":{"line":109,"column":23},"end":{"line":109,"column":24}},"loc":{"start":{"line":109,"column":37},"end":{"line":111,"column":1}},"line":109},"1":{"name":"(anonymous_1)","decl":{"start":{"line":118,"column":8},"end":{"line":118,"column":9}},"loc":{"start":{"line":118,"column":22},"end":{"line":120,"column":1}},"line":118},"2":{"name":"(anonymous_2)","decl":{"start":{"line":135,"column":35},"end":{"line":135,"column":41}},"loc":{"start":{"line":135,"column":41},"end":{"line":138,"column":5}},"line":135}},"branchMap":{"0":{"loc":{"start":{"line":10,"column":13},"end":{"line":10,"column":null}},"type":"binary-expr","locations":[{"start":{"line":10,"column":13},"end":{"line":10,"column":33}},{"start":{"line":10,"column":33},"end":{"line":10,"column":null}}],"line":10},"1":{"loc":{"start":{"line":15,"column":27},"end":{"line":15,"column":null}},"type":"cond-expr","locations":[{"start":{"line":15,"column":42},"end":{"line":15,"column":54}},{"start":{"line":15,"column":54},"end":{"line":15,"column":null}}],"line":15},"2":{"loc":{"start":{"line":25,"column":9},"end":{"line":25,"column":null}},"type":"cond-expr","locations":[{"start":{"line":25,"column":24},"end":{"line":25,"column":30}},{"start":{"line":25,"column":30},"end":{"line":25,"column":null}}],"line":25},"3":{"loc":{"start":{"line":33,"column":9},"end":{"line":33,"column":null}},"type":"cond-expr","locations":[{"start":{"line":33,"column":24},"end":{"line":33,"column":29}},{"start":{"line":33,"column":29},"end":{"line":33,"column":null}}],"line":33},"4":{"loc":{"start":{"line":39,"column":12},"end":{"line":39,"column":null}},"type":"binary-expr","locations":[{"start":{"line":39,"column":12},"end":{"line":39,"column":41}},{"start":{"line":39,"column":41},"end":{"line":39,"column":null}}],"line":39},"5":{"loc":{"start":{"line":39,"column":41},"end":{"line":39,"column":null}},"type":"cond-expr","locations":[{"start":{"line":39,"column":56},"end":{"line":39,"column":64}},{"start":{"line":39,"column":64},"end":{"line":39,"column":null}}],"line":39},"6":{"loc":{"start":{"line":123,"column":0},"end":{"line":139,"column":null}},"type":"if","locations":[{"start":{"line":123,"column":0},"end":{"line":139,"column":null}},{"start":{},"end":{}}],"line":123}},"s":{"0":0,"1":0,"2":0,"3":0,"4":0,"5":0,"6":0,"7":0,"8":0,"9":0,"10":0,"11":0,"12":0,"13":0,"14":0,"15":0,"16":0,"17":0,"18":0,"19":0,"20":0,"21":0,"22":0,"23":0,"24":0,"25":0,"26":0,"27":0,"28":0,"29":0,"30":0,"31":0,"32":0,"33":0,"34":0,"35":0,"36":0,"37":0,"38":0,"39":0,"40":0,"41":0,"42":0,"43":0,"44":0,"45":0,"46":0,"47":0,"48":0,"49":0,"50":0,"51":0,"52":0,"53":0,"54":0,"55":0,"56":0,"57":0,"58":0,"59":0,"60":0,"61":0,"62":0,"63":0,"64":0,"65":0,"66":0,"67":0,"68":0,"69":0,"70":0,"71":0,"72":0,"73":0,"74":0,"75":0,"76":0,"77":0,"78":0},"f":{"0":0,"1":0,"2":0},"b":{"0":[0,0],"1":[0,0],"2":[0,0],"3":[0,0],"4":[0,0],"5":[0,0],"6":[0,0]},"meta":{"lastBranch":7,"lastFunction":3,"lastStatement":79,"seen":{"s:1:0:1:Infinity":0,"s:2:16:2:Infinity":1,"s:3:13:3:Infinity":2,"s:4:13:4:Infinity":3,"s:5:15:5:Infinity":4,"s:6:20:6:Infinity":5,"s:7:18:7:Infinity":6,"s:9:12:9:Infinity":7,"s:10:13:10:Infinity":8,"b:10:13:10:33:10:33:10:Infinity":0,"s:11:21:11:Infinity":9,"s:14:0:17:Infinity":10,"b:15:42:15:54:15:54:15:Infinity":1,"s:20:0:20:Infinity":11,"s:23:19:29:Infinity":12,"b:25:24:25:30:25:30:25:Infinity":2,"s:31:20:35:Infinity":13,"b:33:24:33:29:33:29:33:Infinity":3,"s:38:20:43:Infinity":14,"b:39:12:39:41:39:41:39:Infinity":4,"b:39:56:39:64:39:64:39:Infinity":5,"s:44:0:44:Infinity":15,"s:47:0:47:Infinity":16,"s:48:0:48:Infinity":17,"s:51:0:51:Infinity":18,"s:52:0:52:Infinity":19,"s:53:0:53:Infinity":20,"s:58:19:58:Infinity":21,"s:59:19:59:Infinity":22,"s:60:22:60:Infinity":23,"s:61:17:61:Infinity":24,"s:62:23:62:Infinity":25,"s:63:25:63:Infinity":26,"s:64:22:64:Infinity":27,"s:65:24:65:Infinity":28,"s:66:18:66:Infinity":29,"s:68:19:68:Infinity":30,"s:69:19:69:Infinity":31,"s:70:27:70:Infinity":32,"s:71:25:71:Infinity":33,"s:72:24:72:Infinity":34,"s:73:23:73:Infinity":35,"s:74:28:74:Infinity":36,"s:75:22:75:Infinity":37,"s:76:25:76:Infinity":38,"s:78:22:78:Infinity":39,"s:79:28:79:Infinity":40,"s:80:27:80:Infinity":41,"s:82:0:82:Infinity":42,"s:83:0:83:Infinity":43,"s:84:0:84:Infinity":44,"s:85:0:85:Infinity":45,"s:86:0:86:Infinity":46,"s:87:0:87:Infinity":47,"s:88:0:88:Infinity":48,"s:89:0:89:Infinity":49,"s:90:0:90:Infinity":50,"s:92:0:92:Infinity":51,"s:93:0:93:Infinity":52,"s:94:0:94:Infinity":53,"s:96:0:96:Infinity":54,"s:97:0:97:Infinity":55,"s:98:0:98:Infinity":56,"s:99:0:99:Infinity":57,"s:101:0:101:Infinity":58,"s:102:0:102:Infinity":59,"s:104:0:104:Infinity":60,"s:105:0:105:Infinity":61,"s:106:0:106:Infinity":62,"s:109:0:111:Infinity":63,"f:109:23:109:24":0,"s:110:4:110:Infinity":64,"s:114:0:114:Infinity":65,"s:118:0:120:Infinity":66,"f:118:8:118:9":1,"s:119:4:119:Infinity":67,"b:123:0:139:Infinity:undefined:undefined:undefined:undefined":6,"s:123:0:139:Infinity":68,"s:124:17:124:Infinity":69,"s:125:19:125:Infinity":70,"s:128:28:128:Infinity":71,"s:129:4:129:Infinity":72,"s:132:32:132:Infinity":73,"s:133:4:133:Infinity":74,"s:135:4:138:Infinity":75,"f:135:35:135:41":2,"s:136:8:136:Infinity":76,"s:137:8:137:Infinity":77,"s:141:0:141:Infinity":78}}}
,"/Users/piotrwisniewski/Documents/Antygracity/DRD/consultify/server/seed_dbr77.js": {"path":"/Users/piotrwisniewski/Documents/Antygracity/DRD/consultify/server/seed_dbr77.js","statementMap":{"0":{"start":{"line":1,"column":16},"end":{"line":1,"column":44}},"1":{"start":{"line":2,"column":13},"end":{"line":2,"column":28}},"2":{"start":{"line":3,"column":23},"end":{"line":3,"column":38}},"3":{"start":{"line":4,"column":15},"end":{"line":4,"column":34}},"4":{"start":{"line":5,"column":11},"end":{"line":5,"column":24}},"5":{"start":{"line":7,"column":15},"end":{"line":7,"column":55}},"6":{"start":{"line":10,"column":0},"end":{"line":17,"column":null}},"7":{"start":{"line":11,"column":4},"end":{"line":14,"column":null}},"8":{"start":{"line":12,"column":8},"end":{"line":12,"column":null}},"9":{"start":{"line":13,"column":8},"end":{"line":13,"column":null}},"10":{"start":{"line":16,"column":4},"end":{"line":16,"column":null}},"11":{"start":{"line":19,"column":11},"end":{"line":19,"column":39}},"12":{"start":{"line":21,"column":18},"end":{"line":21,"column":26}},"13":{"start":{"line":22,"column":15},"end":{"line":22,"column":23}},"14":{"start":{"line":23,"column":17},"end":{"line":23,"column":25}},"15":{"start":{"line":24,"column":17},"end":{"line":24,"column":25}},"16":{"start":{"line":25,"column":19},"end":{"line":25,"column":27}},"17":{"start":{"line":26,"column":19},"end":{"line":26,"column":27}},"18":{"start":{"line":28,"column":26},"end":{"line":44,"column":1}},"19":{"start":{"line":46,"column":0},"end":{"line":46,"column":null}},"20":{"start":{"line":48,"column":0},"end":{"line":130,"column":null}},"21":{"start":{"line":50,"column":4},"end":{"line":55,"column":null}},"22":{"start":{"line":57,"column":4},"end":{"line":68,"column":null}},"23":{"start":{"line":70,"column":4},"end":{"line":78,"column":null}},"24":{"start":{"line":80,"column":4},"end":{"line":86,"column":null}},"25":{"start":{"line":88,"column":4},"end":{"line":91,"column":null}},"26":{"start":{"line":94,"column":4},"end":{"line":94,"column":null}},"27":{"start":{"line":95,"column":4},"end":{"line":97,"column":null}},"28":{"start":{"line":96,"column":8},"end":{"line":96,"column":null}},"29":{"start":{"line":96,"column":18},"end":{"line":96,"column":null}},"30":{"start":{"line":100,"column":21},"end":{"line":100,"column":49}},"31":{"start":{"line":103,"column":4},"end":{"line":106,"column":null}},"32":{"start":{"line":105,"column":12},"end":{"line":105,"column":null}},"33":{"start":{"line":105,"column":22},"end":{"line":105,"column":null}},"34":{"start":{"line":109,"column":4},"end":{"line":112,"column":null}},"35":{"start":{"line":111,"column":12},"end":{"line":111,"column":null}},"36":{"start":{"line":111,"column":22},"end":{"line":111,"column":null}},"37":{"start":{"line":115,"column":4},"end":{"line":118,"column":null}},"38":{"start":{"line":117,"column":12},"end":{"line":117,"column":null}},"39":{"start":{"line":117,"column":22},"end":{"line":117,"column":null}},"40":{"start":{"line":121,"column":4},"end":{"line":124,"column":null}},"41":{"start":{"line":123,"column":12},"end":{"line":123,"column":null}},"42":{"start":{"line":123,"column":22},"end":{"line":123,"column":null}},"43":{"start":{"line":127,"column":4},"end":{"line":128,"column":null}},"44":{"start":{"line":132,"column":0},"end":{"line":135,"column":null}},"45":{"start":{"line":133,"column":4},"end":{"line":133,"column":null}},"46":{"start":{"line":134,"column":4},"end":{"line":134,"column":null}}},"fnMap":{"0":{"name":"(anonymous_0)","decl":{"start":{"line":48,"column":13},"end":{"line":48,"column":14}},"loc":{"start":{"line":48,"column":19},"end":{"line":130,"column":1}},"line":48},"1":{"name":"(anonymous_1)","decl":{"start":{"line":95,"column":141},"end":{"line":95,"column":142}},"loc":{"start":{"line":95,"column":150},"end":{"line":97,"column":5}},"line":95},"2":{"name":"(anonymous_2)","decl":{"start":{"line":104,"column":92},"end":{"line":104,"column":93}},"loc":{"start":{"line":104,"column":101},"end":{"line":106,"column":9}},"line":104},"3":{"name":"(anonymous_3)","decl":{"start":{"line":110,"column":100},"end":{"line":110,"column":101}},"loc":{"start":{"line":110,"column":109},"end":{"line":112,"column":9}},"line":110},"4":{"name":"(anonymous_4)","decl":{"start":{"line":116,"column":103},"end":{"line":116,"column":104}},"loc":{"start":{"line":116,"column":112},"end":{"line":118,"column":9}},"line":116},"5":{"name":"(anonymous_5)","decl":{"start":{"line":122,"column":74},"end":{"line":122,"column":75}},"loc":{"start":{"line":122,"column":83},"end":{"line":124,"column":9}},"line":122},"6":{"name":"(anonymous_6)","decl":{"start":{"line":132,"column":11},"end":{"line":132,"column":12}},"loc":{"start":{"line":132,"column":17},"end":{"line":135,"column":1}},"line":132}},"branchMap":{"0":{"loc":{"start":{"line":11,"column":4},"end":{"line":14,"column":null}},"type":"if","locations":[{"start":{"line":11,"column":4},"end":{"line":14,"column":null}},{"start":{},"end":{}}],"line":11},"1":{"loc":{"start":{"line":96,"column":8},"end":{"line":96,"column":null}},"type":"if","locations":[{"start":{"line":96,"column":8},"end":{"line":96,"column":null}},{"start":{},"end":{}}],"line":96},"2":{"loc":{"start":{"line":105,"column":12},"end":{"line":105,"column":null}},"type":"if","locations":[{"start":{"line":105,"column":12},"end":{"line":105,"column":null}},{"start":{},"end":{}}],"line":105},"3":{"loc":{"start":{"line":111,"column":12},"end":{"line":111,"column":null}},"type":"if","locations":[{"start":{"line":111,"column":12},"end":{"line":111,"column":null}},{"start":{},"end":{}}],"line":111},"4":{"loc":{"start":{"line":117,"column":12},"end":{"line":117,"column":null}},"type":"if","locations":[{"start":{"line":117,"column":12},"end":{"line":117,"column":null}},{"start":{},"end":{}}],"line":117},"5":{"loc":{"start":{"line":123,"column":12},"end":{"line":123,"column":null}},"type":"if","locations":[{"start":{"line":123,"column":12},"end":{"line":123,"column":null}},{"start":{},"end":{}}],"line":123}},"s":{"0":0,"1":0,"2":0,"3":0,"4":0,"5":0,"6":0,"7":0,"8":0,"9":0,"10":0,"11":0,"12":0,"13":0,"14":0,"15":0,"16":0,"17":0,"18":0,"19":0,"20":0,"21":0,"22":0,"23":0,"24":0,"25":0,"26":0,"27":0,"28":0,"29":0,"30":0,"31":0,"32":0,"33":0,"34":0,"35":0,"36":0,"37":0,"38":0,"39":0,"40":0,"41":0,"42":0,"43":0,"44":0,"45":0,"46":0},"f":{"0":0,"1":0,"2":0,"3":0,"4":0,"5":0,"6":0},"b":{"0":[0,0],"1":[0,0],"2":[0,0],"3":[0,0],"4":[0,0],"5":[0,0]},"meta":{"lastBranch":6,"lastFunction":7,"lastStatement":47,"seen":{"s:1:16:1:44":0,"s:2:13:2:28":1,"s:3:23:3:38":2,"s:4:15:4:34":3,"s:5:11:5:24":4,"s:7:15:7:55":5,"s:10:0:17:Infinity":6,"b:11:4:14:Infinity:undefined:undefined:undefined:undefined":0,"s:11:4:14:Infinity":7,"s:12:8:12:Infinity":8,"s:13:8:13:Infinity":9,"s:16:4:16:Infinity":10,"s:19:11:19:39":11,"s:21:18:21:26":12,"s:22:15:22:23":13,"s:23:17:23:25":14,"s:24:17:24:25":15,"s:25:19:25:27":16,"s:26:19:26:27":17,"s:28:26:44:1":18,"s:46:0:46:Infinity":19,"s:48:0:130:Infinity":20,"f:48:13:48:14":0,"s:50:4:55:Infinity":21,"s:57:4:68:Infinity":22,"s:70:4:78:Infinity":23,"s:80:4:86:Infinity":24,"s:88:4:91:Infinity":25,"s:94:4:94:Infinity":26,"s:95:4:97:Infinity":27,"f:95:141:95:142":1,"b:96:8:96:Infinity:undefined:undefined:undefined:undefined":1,"s:96:8:96:Infinity":28,"s:96:18:96:Infinity":29,"s:100:21:100:49":30,"s:103:4:106:Infinity":31,"f:104:92:104:93":2,"b:105:12:105:Infinity:undefined:undefined:undefined:undefined":2,"s:105:12:105:Infinity":32,"s:105:22:105:Infinity":33,"s:109:4:112:Infinity":34,"f:110:100:110:101":3,"b:111:12:111:Infinity:undefined:undefined:undefined:undefined":3,"s:111:12:111:Infinity":35,"s:111:22:111:Infinity":36,"s:115:4:118:Infinity":37,"f:116:103:116:104":4,"b:117:12:117:Infinity:undefined:undefined:undefined:undefined":4,"s:117:12:117:Infinity":38,"s:117:22:117:Infinity":39,"s:121:4:124:Infinity":40,"f:122:74:122:75":5,"b:123:12:123:Infinity:undefined:undefined:undefined:undefined":5,"s:123:12:123:Infinity":41,"s:123:22:123:Infinity":42,"s:127:4:128:Infinity":43,"s:132:0:135:Infinity":44,"f:132:11:132:12":6,"s:133:4:133:Infinity":45,"s:134:4:134:Infinity":46}}}
,"/Users/piotrwisniewski/Documents/Antygracity/DRD/consultify/server/seed_legolex.js": {"path":"/Users/piotrwisniewski/Documents/Antygracity/DRD/consultify/server/seed_legolex.js","statementMap":{"0":{"start":{"line":1,"column":16},"end":{"line":1,"column":44}},"1":{"start":{"line":2,"column":13},"end":{"line":2,"column":28}},"2":{"start":{"line":3,"column":23},"end":{"line":3,"column":38}},"3":{"start":{"line":4,"column":15},"end":{"line":4,"column":34}},"4":{"start":{"line":6,"column":15},"end":{"line":6,"column":55}},"5":{"start":{"line":8,"column":11},"end":{"line":15,"column":2}},"6":{"start":{"line":9,"column":4},"end":{"line":12,"column":null}},"7":{"start":{"line":10,"column":8},"end":{"line":10,"column":null}},"8":{"start":{"line":11,"column":8},"end":{"line":11,"column":null}},"9":{"start":{"line":13,"column":4},"end":{"line":13,"column":null}},"10":{"start":{"line":14,"column":4},"end":{"line":14,"column":null}},"11":{"start":{"line":18,"column":4},"end":{"line":179,"column":null}},"12":{"start":{"line":20,"column":22},"end":{"line":20,"column":59}},"13":{"start":{"line":25,"column":8},"end":{"line":25,"column":null}},"14":{"start":{"line":27,"column":26},"end":{"line":27,"column":121}},"15":{"start":{"line":28,"column":8},"end":{"line":28,"column":null}},"16":{"start":{"line":29,"column":8},"end":{"line":29,"column":null}},"17":{"start":{"line":32,"column":24},"end":{"line":32,"column":68}},"18":{"start":{"line":33,"column":23},"end":{"line":33,"column":66}},"19":{"start":{"line":34,"column":29},"end":{"line":34,"column":57}},"20":{"start":{"line":36,"column":27},"end":{"line":36,"column":153}},"21":{"start":{"line":39,"column":8},"end":{"line":39,"column":null}},"22":{"start":{"line":41,"column":8},"end":{"line":41,"column":null}},"23":{"start":{"line":43,"column":8},"end":{"line":43,"column":null}},"24":{"start":{"line":44,"column":8},"end":{"line":44,"column":null}},"25":{"start":{"line":47,"column":26},"end":{"line":47,"column":64}},"26":{"start":{"line":48,"column":30},"end":{"line":48,"column":131}},"27":{"start":{"line":49,"column":8},"end":{"line":49,"column":null}},"28":{"start":{"line":50,"column":8},"end":{"line":50,"column":null}},"29":{"start":{"line":51,"column":8},"end":{"line":51,"column":null}},"30":{"start":{"line":54,"column":28},"end":{"line":91,"column":9}},"31":{"start":{"line":93,"column":27},"end":{"line":93,"column":227}},"32":{"start":{"line":95,"column":24},"end":{"line":95,"column":26}},"33":{"start":{"line":97,"column":8},"end":{"line":101,"column":null}},"34":{"start":{"line":98,"column":23},"end":{"line":98,"column":53}},"35":{"start":{"line":99,"column":12},"end":{"line":99,"column":null}},"36":{"start":{"line":100,"column":12},"end":{"line":100,"column":null}},"37":{"start":{"line":102,"column":8},"end":{"line":102,"column":null}},"38":{"start":{"line":103,"column":8},"end":{"line":103,"column":null}},"39":{"start":{"line":106,"column":31},"end":{"line":113,"column":9}},"40":{"start":{"line":115,"column":28},"end":{"line":115,"column":135}},"41":{"start":{"line":116,"column":8},"end":{"line":118,"column":null}},"42":{"start":{"line":117,"column":12},"end":{"line":117,"column":null}},"43":{"start":{"line":119,"column":8},"end":{"line":119,"column":null}},"44":{"start":{"line":120,"column":8},"end":{"line":120,"column":null}},"45":{"start":{"line":123,"column":27},"end":{"line":123,"column":189}},"46":{"start":{"line":126,"column":24},"end":{"line":126,"column":34}},"47":{"start":{"line":127,"column":8},"end":{"line":127,"column":null}},"48":{"start":{"line":128,"column":8},"end":{"line":128,"column":null}},"49":{"start":{"line":129,"column":8},"end":{"line":129,"column":null}},"50":{"start":{"line":132,"column":24},"end":{"line":132,"column":34}},"51":{"start":{"line":133,"column":8},"end":{"line":133,"column":null}},"52":{"start":{"line":134,"column":8},"end":{"line":134,"column":null}},"53":{"start":{"line":136,"column":8},"end":{"line":136,"column":null}},"54":{"start":{"line":137,"column":8},"end":{"line":137,"column":null}},"55":{"start":{"line":141,"column":28},"end":{"line":171,"column":9}},"56":{"start":{"line":150,"column":55},"end":{"line":150,"column":75}},"57":{"start":{"line":152,"column":57},"end":{"line":155,"column":17}},"58":{"start":{"line":157,"column":59},"end":{"line":165,"column":13}},"59":{"start":{"line":167,"column":58},"end":{"line":167,"column":70}},"60":{"start":{"line":168,"column":67},"end":{"line":168,"column":97}},"61":{"start":{"line":173,"column":30},"end":{"line":173,"column":123}},"62":{"start":{"line":174,"column":8},"end":{"line":174,"column":null}},"63":{"start":{"line":175,"column":8},"end":{"line":175,"column":null}},"64":{"start":{"line":176,"column":8},"end":{"line":176,"column":null}},"65":{"start":{"line":177,"column":8},"end":{"line":177,"column":null}},"66":{"start":{"line":182,"column":4},"end":{"line":188,"column":null}},"67":{"start":{"line":183,"column":8},"end":{"line":185,"column":null}},"68":{"start":{"line":184,"column":12},"end":{"line":184,"column":null}},"69":{"start":{"line":186,"column":8},"end":{"line":186,"column":null}},"70":{"start":{"line":187,"column":8},"end":{"line":187,"column":null}}},"fnMap":{"0":{"name":"(anonymous_0)","decl":{"start":{"line":8,"column":40},"end":{"line":8,"column":41}},"loc":{"start":{"line":8,"column":49},"end":{"line":15,"column":1}},"line":8},"1":{"name":"seedLegolex","decl":{"start":{"line":17,"column":9},"end":{"line":17,"column":20}},"loc":{"start":{"line":17,"column":23},"end":{"line":189,"column":null}},"line":17},"2":{"name":"(anonymous_2)","decl":{"start":{"line":18,"column":17},"end":{"line":18,"column":18}},"loc":{"start":{"line":18,"column":23},"end":{"line":179,"column":5}},"line":18},"3":{"name":"(anonymous_3)","decl":{"start":{"line":97,"column":28},"end":{"line":97,"column":32}},"loc":{"start":{"line":97,"column":36},"end":{"line":101,"column":9}},"line":97},"4":{"name":"(anonymous_4)","decl":{"start":{"line":116,"column":31},"end":{"line":116,"column":36}},"loc":{"start":{"line":116,"column":40},"end":{"line":118,"column":9}},"line":116},"5":{"name":"(anonymous_5)","decl":{"start":{"line":150,"column":50},"end":{"line":150,"column":51}},"loc":{"start":{"line":150,"column":55},"end":{"line":150,"column":75}},"line":150},"6":{"name":"(anonymous_6)","decl":{"start":{"line":152,"column":41},"end":{"line":152,"column":42}},"loc":{"start":{"line":152,"column":57},"end":{"line":155,"column":17}},"line":152},"7":{"name":"(anonymous_7)","decl":{"start":{"line":157,"column":41},"end":{"line":157,"column":42}},"loc":{"start":{"line":157,"column":59},"end":{"line":165,"column":13}},"line":157},"8":{"name":"(anonymous_8)","decl":{"start":{"line":167,"column":46},"end":{"line":167,"column":47}},"loc":{"start":{"line":167,"column":58},"end":{"line":167,"column":70}},"line":167},"9":{"name":"(anonymous_9)","decl":{"start":{"line":168,"column":55},"end":{"line":168,"column":56}},"loc":{"start":{"line":168,"column":67},"end":{"line":168,"column":97}},"line":168},"10":{"name":"(anonymous_10)","decl":{"start":{"line":182,"column":13},"end":{"line":182,"column":14}},"loc":{"start":{"line":182,"column":22},"end":{"line":188,"column":5}},"line":182}},"branchMap":{"0":{"loc":{"start":{"line":9,"column":4},"end":{"line":12,"column":null}},"type":"if","locations":[{"start":{"line":9,"column":4},"end":{"line":12,"column":null}},{"start":{},"end":{}}],"line":9},"1":{"loc":{"start":{"line":183,"column":8},"end":{"line":185,"column":null}},"type":"if","locations":[{"start":{"line":183,"column":8},"end":{"line":185,"column":null}},{"start":{},"end":{}}],"line":183}},"s":{"0":0,"1":0,"2":0,"3":0,"4":0,"5":0,"6":0,"7":0,"8":0,"9":0,"10":0,"11":0,"12":0,"13":0,"14":0,"15":0,"16":0,"17":0,"18":0,"19":0,"20":0,"21":0,"22":0,"23":0,"24":0,"25":0,"26":0,"27":0,"28":0,"29":0,"30":0,"31":0,"32":0,"33":0,"34":0,"35":0,"36":0,"37":0,"38":0,"39":0,"40":0,"41":0,"42":0,"43":0,"44":0,"45":0,"46":0,"47":0,"48":0,"49":0,"50":0,"51":0,"52":0,"53":0,"54":0,"55":0,"56":0,"57":0,"58":0,"59":0,"60":0,"61":0,"62":0,"63":0,"64":0,"65":0,"66":0,"67":0,"68":0,"69":0,"70":0},"f":{"0":0,"1":0,"2":0,"3":0,"4":0,"5":0,"6":0,"7":0,"8":0,"9":0,"10":0},"b":{"0":[0,0],"1":[0,0]},"meta":{"lastBranch":2,"lastFunction":11,"lastStatement":71,"seen":{"s:1:16:1:44":0,"s:2:13:2:28":1,"s:3:23:3:38":2,"s:4:15:4:34":3,"s:6:15:6:55":4,"s:8:11:15:2":5,"f:8:40:8:41":0,"b:9:4:12:Infinity:undefined:undefined:undefined:undefined":0,"s:9:4:12:Infinity":6,"s:10:8:10:Infinity":7,"s:11:8:11:Infinity":8,"s:13:4:13:Infinity":9,"s:14:4:14:Infinity":10,"f:17:9:17:20":1,"s:18:4:179:Infinity":11,"f:18:17:18:18":2,"s:20:22:20:59":12,"s:25:8:25:Infinity":13,"s:27:26:27:121":14,"s:28:8:28:Infinity":15,"s:29:8:29:Infinity":16,"s:32:24:32:68":17,"s:33:23:33:66":18,"s:34:29:34:57":19,"s:36:27:36:153":20,"s:39:8:39:Infinity":21,"s:41:8:41:Infinity":22,"s:43:8:43:Infinity":23,"s:44:8:44:Infinity":24,"s:47:26:47:64":25,"s:48:30:48:131":26,"s:49:8:49:Infinity":27,"s:50:8:50:Infinity":28,"s:51:8:51:Infinity":29,"s:54:28:91:9":30,"s:93:27:93:227":31,"s:95:24:95:26":32,"s:97:8:101:Infinity":33,"f:97:28:97:32":3,"s:98:23:98:53":34,"s:99:12:99:Infinity":35,"s:100:12:100:Infinity":36,"s:102:8:102:Infinity":37,"s:103:8:103:Infinity":38,"s:106:31:113:9":39,"s:115:28:115:135":40,"s:116:8:118:Infinity":41,"f:116:31:116:36":4,"s:117:12:117:Infinity":42,"s:119:8:119:Infinity":43,"s:120:8:120:Infinity":44,"s:123:27:123:189":45,"s:126:24:126:34":46,"s:127:8:127:Infinity":47,"s:128:8:128:Infinity":48,"s:129:8:129:Infinity":49,"s:132:24:132:34":50,"s:133:8:133:Infinity":51,"s:134:8:134:Infinity":52,"s:136:8:136:Infinity":53,"s:137:8:137:Infinity":54,"s:141:28:171:9":55,"f:150:50:150:51":5,"s:1
[...]
lumn":42},"end":{"line":8,"column":50}}],"line":8},"1":{"loc":{"start":{"line":13,"column":8},"end":{"line":13,"column":null}},"type":"cond-expr","locations":[{"start":{"line":13,"column":38},"end":{"line":13,"column":68}},{"start":{"line":13,"column":68},"end":{"line":13,"column":null}}],"line":13},"2":{"loc":{"start":{"line":13,"column":8},"end":{"line":13,"column":38}},"type":"binary-expr","locations":[{"start":{"line":13,"column":8},"end":{"line":13,"column":22}},{"start":{"line":13,"column":22},"end":{"line":13,"column":38}}],"line":13},"3":{"loc":{"start":{"line":17,"column":20},"end":{"line":17,"column":34}},"type":"default-arg","locations":[{"start":{"line":17,"column":27},"end":{"line":17,"column":34}}],"line":17},"4":{"loc":{"start":{"line":18,"column":8},"end":{"line":22,"column":null}},"type":"if","locations":[{"start":{"line":18,"column":8},"end":{"line":22,"column":null}},{"start":{"line":20,"column":15},"end":{"line":22,"column":null}}],"line":18},"5":{"loc":{"start":{"line":25,"column":20},"end":{"line":25,"column":34}},"type":"default-arg","locations":[{"start":{"line":25,"column":27},"end":{"line":25,"column":34}}],"line":25},"6":{"loc":{"start":{"line":26,"column":8},"end":{"line":30,"column":null}},"type":"if","locations":[{"start":{"line":26,"column":8},"end":{"line":30,"column":null}},{"start":{"line":28,"column":15},"end":{"line":30,"column":null}}],"line":26},"7":{"loc":{"start":{"line":33,"column":21},"end":{"line":33,"column":35}},"type":"default-arg","locations":[{"start":{"line":33,"column":29},"end":{"line":33,"column":35}}],"line":33},"8":{"loc":{"start":{"line":33,"column":35},"end":{"line":33,"column":49}},"type":"default-arg","locations":[{"start":{"line":33,"column":42},"end":{"line":33,"column":49}}],"line":33},"9":{"loc":{"start":{"line":36,"column":16},"end":{"line":36,"column":null}},"type":"cond-expr","locations":[{"start":{"line":36,"column":24},"end":{"line":36,"column":74}},{"start":{"line":36,"column":74},"end":{"line":36,"column":null}}],"line":36},"10":{"loc":{"start":{"line":39,"column":8},"end":{"line":43,"column":null}},"type":"if","locations":[{"start":{"line":39,"column":8},"end":{"line":43,"column":null}},{"start":{"line":41,"column":15},"end":{"line":43,"column":null}}],"line":39},"11":{"loc":{"start":{"line":42,"column":48},"end":{"line":42,"column":61}},"type":"binary-expr","locations":[{"start":{"line":42,"column":48},"end":{"line":42,"column":57}},{"start":{"line":42,"column":57},"end":{"line":42,"column":61}}],"line":42},"12":{"loc":{"start":{"line":46,"column":21},"end":{"line":46,"column":35}},"type":"default-arg","locations":[{"start":{"line":46,"column":28},"end":{"line":46,"column":35}}],"line":46},"13":{"loc":{"start":{"line":47,"column":8},"end":{"line":49,"column":null}},"type":"if","locations":[{"start":{"line":47,"column":8},"end":{"line":49,"column":null}},{"start":{},"end":{}}],"line":47},"14":{"loc":{"start":{"line":63,"column":20},"end":{"line":63,"column":null}},"type":"binary-expr","locations":[{"start":{"line":63,"column":20},"end":{"line":63,"column":30}},{"start":{"line":63,"column":30},"end":{"line":63,"column":null}}],"line":63},"15":{"loc":{"start":{"line":67,"column":12},"end":{"line":71,"column":null}},"type":"if","locations":[{"start":{"line":67,"column":12},"end":{"line":71,"column":null}},{"start":{"line":69,"column":12},"end":{"line":71,"column":null}}],"line":67},"16":{"loc":{"start":{"line":69,"column":12},"end":{"line":71,"column":null}},"type":"if","locations":[{"start":{"line":69,"column":12},"end":{"line":71,"column":null}},{"start":{},"end":{}}],"line":69}},"s":{"0":0,"1":0,"2":0,"3":0,"4":0,"5":0,"6":0,"7":0,"8":0,"9":0,"10":0,"11":0,"12":0,"13":0,"14":0,"15":0,"16":0,"17":0,"18":0,"19":0,"20":0,"21":0,"22":0,"23":0,"24":0,"25":0},"f":{"0":0,"1":0,"2":0,"3":0,"4":0,"5":0,"6":0},"b":{"0":[0],"1":[0,0],"2":[0,0],"3":[0],"4":[0,0],"5":[0],"6":[0,0],"7":[0],"8":[0],"9":[0,0],"10":[0,0],"11":[0,0],"12":[0],"13":[0,0],"14":[0,0],"15":[0,0],"16":[0,0]},"meta":{"lastBranch":17,"lastFunction":7,"lastStatement":26,"seen":{"s:6:21:6:Infinity":0,"s:8:18:14:Infinity":1,"f:8:18:8:19":0,"s:8:50:14:Infinity":2,"b:8:42:8:50":0,"b:13:38:13:68:13:68:13:Infinity":1,"b:13:8:13:22:13:22:13:38":2,"s:16:15:76:Infinity":3,"f:17:10:17:11":1,"b:17:27:17:34":3,"b:18:8:22:Infinity:20:15:22:Infinity":4,"s:18:8:22:Infinity":4,"s:19:12:19:Infinity":5,"s:21:12:21:Infinity":6,"f:25:10:25:11":2,"b:25:27:25:34":5,"b:26:8:30:Infinity:28:15:30:Infinity":6,"s:26:8:30:Infinity":7,"s:27:12:27:Infinity":8,"s:29:12:29:Infinity":9,"f:33:11:33:12":3,"b:33:29:33:35":7,"b:33:42:33:49":8,"s:34:24:37:Infinity":10,"b:36:24:36:74:36:74:36:Infinity":9,"b:39:8:43:Infinity:41:15:43:Infinity":10,"s:39:8:43:Infinity":11,"s:40:12:40:Infinity":12,"s:42:12:42:Infinity":13,"b:42:48:42:57:42:57:42:61":11,"f:46:11:46:12":4,"b:46:28:46:35":12,"b:47:8:49:Infinity:undefined:undefined:undefined:undefined":13,"s:47:8:49:Infinity":14,"s:48:12:48:Infinity":15,"f:53:19:53:20":5,"s:54:22:54:Infinity":16,"s:56:8:72:Infinity":17,"f:56:25:56:31":6,"s:57:29:57:Infinity":18,"s:58:28:65:Infinity":19,"b:63:20:63:30:63:30:63:Infinity":14,"b:67:12:71:Infinity:69:12:71:Infinity":15,"s:67:12:71:Infinity":20,"s:68:16:68:Infinity":21,"b:69:12:71:Infinity:undefined:undefined:undefined:undefined":16,"s:69:12:71:Infinity":22,"s:70:16:70:Infinity":23,"s:74:8:74:Infinity":24,"s:78:0:78:Infinity":25}}}
,"/Users/piotrwisniewski/Documents/Antygracity/DRD/consultify/server/utils/queryAdapter.js": {"path":"/Users/piotrwisniewski/Documents/Antygracity/DRD/consultify/server/utils/queryAdapter.js","statementMap":{"0":{"start":{"line":8,"column":17},"end":{"line":8,"column":53}},"1":{"start":{"line":12,"column":8},"end":{"line":12,"column":null}},"2":{"start":{"line":13,"column":8},"end":{"line":13,"column":null}},"3":{"start":{"line":20,"column":8},"end":{"line":23,"column":null}},"4":{"start":{"line":21,"column":29},"end":{"line":21,"column":30}},"5":{"start":{"line":22,"column":12},"end":{"line":22,"column":null}},"6":{"start":{"line":22,"column":43},"end":{"line":22,"column":61}},"7":{"start":{"line":24,"column":8},"end":{"line":24,"column":null}},"8":{"start":{"line":31,"column":24},"end":{"line":31,"column":52}},"9":{"start":{"line":33,"column":8},"end":{"line":43,"column":null}},"10":{"start":{"line":34,"column":27},"end":{"line":34,"column":75}},"11":{"start":{"line":35,"column":12},"end":{"line":35,"column":null}},"12":{"start":{"line":37,"column":12},"end":{"line":42,"column":null}},"13":{"start":{"line":38,"column":16},"end":{"line":41,"column":null}},"14":{"start":{"line":39,"column":20},"end":{"line":40,"column":null}},"15":{"start":{"line":39,"column":29},"end":{"line":39,"column":null}},"16":{"start":{"line":40,"column":25},"end":{"line":40,"column":null}},"17":{"start":{"line":50,"column":24},"end":{"line":50,"column":52}},"18":{"start":{"line":52,"column":8},"end":{"line":62,"column":null}},"19":{"start":{"line":53,"column":27},"end":{"line":53,"column":75}},"20":{"start":{"line":54,"column":12},"end":{"line":54,"column":null}},"21":{"start":{"line":56,"column":12},"end":{"line":61,"column":null}},"22":{"start":{"line":57,"column":16},"end":{"line":60,"column":null}},"23":{"start":{"line":58,"column":20},"end":{"line":59,"column":null}},"24":{"start":{"line":58,"column":29},"end":{"line":58,"column":null}},"25":{"start":{"line":59,"column":25},"end":{"line":59,"column":null}},"26":{"start":{"line":69,"column":24},"end":{"line":69,"column":52}},"27":{"start":{"line":71,"column":8},"end":{"line":84,"column":null}},"28":{"start":{"line":72,"column":27},"end":{"line":72,"column":75}},"29":{"start":{"line":73,"column":12},"end":{"line":76,"column":null}},"30":{"start":{"line":78,"column":12},"end":{"line":83,"column":null}},"31":{"start":{"line":79,"column":16},"end":{"line":82,"column":null}},"32":{"start":{"line":80,"column":20},"end":{"line":81,"column":null}},"33":{"start":{"line":80,"column":29},"end":{"line":80,"column":null}},"34":{"start":{"line":81,"column":25},"end":{"line":81,"column":null}},"35":{"start":{"line":91,"column":8},"end":{"line":95,"column":null}},"36":{"start":{"line":92,"column":12},"end":{"line":92,"column":null}},"37":{"start":{"line":94,"column":12},"end":{"line":94,"column":null}},"38":{"start":{"line":102,"column":8},"end":{"line":106,"column":null}},"39":{"start":{"line":103,"column":12},"end":{"line":103,"column":null}},"40":{"start":{"line":105,"column":12},"end":{"line":105,"column":null}},"41":{"start":{"line":113,"column":8},"end":{"line":117,"column":null}},"42":{"start":{"line":114,"column":12},"end":{"line":114,"column":null}},"43":{"start":{"line":116,"column":12},"end":{"line":116,"column":null}},"44":{"start":{"line":124,"column":8},"end":{"line":124,"column":null}},"45":{"start":{"line":131,"column":8},"end":{"line":131,"column":null}},"46":{"start":{"line":138,"column":8},"end":{"line":142,"column":null}},"47":{"start":{"line":139,"column":12},"end":{"line":139,"column":null}},"48":{"start":{"line":141,"column":12},"end":{"line":141,"column":null}},"49":{"start":{"line":146,"column":0},"end":{"line":146,"column":null}}},"fnMap":{"0":{"name":"(anonymous_0)","decl":{"start":{"line":11,"column":4},"end":{"line":11,"column":15}},"loc":{"start":{"line":11,"column":37},"end":{"line":14,"column":null}},"line":11},"1":{"name":"(anonymous_1)","decl":{"start":{"line":19,"column":4},"end":{"line":19,"column":14}},"loc":{"start":{"line":19,"column":33},"end":{"line":25,"column":null}},"line":19},"2":{"name":"(anonymous_2)","decl":{"start":{"line":22,"column":37},"end":{"line":22,"column":38}},"loc":{"start":{"line":22,"column":43},"end":{"line":22,"column":61}},"line":22},"3":{"name":"(anonymous_3)","decl":{"start":{"line":30,"column":10},"end":{"line":30,"column":13}},"loc":{"start":{"line":30,"column":32},"end":{"line":44,"column":null}},"line":30},"4":{"name":"(anonymous_4)","decl":{"start":{"line":37,"column":31},"end":{"line":37,"column":32}},"loc":{"start":{"line":37,"column":52},"end":{"line":42,"column":13}},"line":37},"5":{"name":"(anonymous_5)","decl":{"start":{"line":38,"column":57},"end":{"line":38,"column":58}},"loc":{"start":{"line":38,"column":72},"end":{"line":41,"column":17}},"line":38},"6":{"name":"(anonymous_6)","decl":{"start":{"line":49,"column":10},"end":{"line":49,"column":13}},"loc":{"start":{"line":49,"column":32},"end":{"line":63,"column":null}},"line":49},"7":{"name":"(anonymous_7)","decl":{"start":{"line":56,"column":31},"end":{"line":56,"column":32}},"loc":{"start":{"line":56,"column":52},"end":{"line":61,"column":13}},"line":56},"8":{"name":"(anonymous_8)","decl":{"start":{"line":57,"column":57},"end":{"line":57,"column":58}},"loc":{"start":{"line":57,"column":71},"end":{"line":60,"column":17}},"line":57},"9":{"name":"(anonymous_9)","decl":{"start":{"line":68,"column":10},"end":{"line":68,"column":13}},"loc":{"start":{"line":68,"column":32},"end":{"line":85,"column":null}},"line":68},"10":{"name":"(anonymous_10)","decl":{"start":{"line":78,"column":31},"end":{"line":78,"column":32}},"loc":{"start":{"line":78,"column":52},"end":{"line":83,"column":13}},"line":78},"11":{"name":"(anonymous_11)","decl":{"start":{"line":79,"column":57},"end":{"line":79,"column":65}},"loc":{"start":{"line":79,"column":72},"end":{"line":82,"column":17}},"line":79},"12":{"name":"(anonymous_12)","decl":{"start":{"line":90,"column":10},"end":{"line":90,"column":26}},"loc":{"start":{"line":90,"column":29},"end":{"line":96,"column":null}},"line":90},"13":{"name":"(anonymous_13)","decl":{"start":{"line":101,"column":10},"end":{"line":101,"column":16}},"loc":{"start":{"line":101,"column":19},"end":{"line":107,"column":null}},"line":101},"14":{"name":"(anonymous_14)","decl":{"start":{"line":112,"column":10},"end":{"line":112,"column":18}},"loc":{"start":{"line":112,"column":21},"end":{"line":118,"column":null}},"line":112},"15":{"name":"(anonymous_15)","decl":{"start":{"line":123,"column":4},"end":{"line":123,"column":15}},"loc":{"start":{"line":123,"column":23},"end":{"line":125,"column":null}},"line":123},"16":{"name":"(anonymous_16)","decl":{"start":{"line":130,"column":4},"end":{"line":130,"column":13}},"loc":{"start":{"line":130,"column":29},"end":{"line":132,"column":null}},"line":130},"17":{"name":"(anonymous_17)","decl":{"start":{"line":137,"column":4},"end":{"line":137,"column":15}},"loc":{"start":{"line":137,"column":30},"end":{"line":143,"column":null}},"line":137}},"branchMap":{"0":{"loc":{"start":{"line":11,"column":20},"end":{"line":11,"column":35}},"type":"default-arg","locations":[{"start":{"line":11,"column":27},"end":{"line":11,"column":35}}],"line":11},"1":{"loc":{"start":{"line":19,"column":20},"end":{"line":19,"column":31}},"type":"default-arg","locations":[{"start":{"line":19,"column":29},"end":{"line":19,"column":31}}],"line":19},"2":{"loc":{"start":{"line":20,"column":8},"end":{"line":23,"column":null}},"type":"if","locations":[{"start":{"line":20,"column":8},"end":{"line":23,"column":null}},{"start":{},"end":{}}],"line":20},"3":{"loc":{"start":{"line":20,"column":12},"end":{"line":20,"column":57}},"type":"binary-expr","locations":[{"start":{"line":20,"column":12},"end":{"line":20,"column":36}},{"start":{"line":20,"column":40},"end":{"line":20,"column":57}}],"line":20},"4":{"loc":{"start":{"line":30,"column":19},"end":{"line":30,"column":30}},"type":"default-arg","locations":[{"start":{"line":30,"column":28},"end":{"line":30,"column":30}}],"line":30},"5":{"loc":{"start":{"line":33,"column":8},"end":{"line":43,"column":null}},"type":"if","locations":[{"start":{"line":33,"column":8},"end":{"line":43,"column":null}},{"start":{"line":36,"column":15},"end":{"line":43,"column":null}}],"line":33},"6":{"loc":{"start":{"line":39,"column":20},"end":{"line":40,"column":null}},"type":"if","locations":[{"start":{"line":39,"column":20},"end":{"line":40,"column":null}},{"start":{"line":40,"column":25},"end":{"line":40,"column":null}}],"line":39},"7":{"loc":{"start":{"line":49,"column":19},"end":{"line":49,"column":30}},"type":"default-arg","locations":[{"start":{"line":49,"column":28},"end":{"line":49,"column":30}}],"line":49},"8":{"loc":{"start":{"line":52,"column":8},"end":{"line":62,"column":null}},"type":"if","locations":[{"start":{"line":52,"column":8},"end":{"line":62,"column":null}},{"start":{"line":55,"column":15},"end":{"line":62,"column":null}}],"line":52},"9":{"loc":{"start":{"line":58,"column":20},"end":{"line":59,"column":null}},"type":"if","locations":[{"start":{"line":58,"column":20},"end":{"line":59,"column":null}},{"start":{"line":59,"column":25},"end":{"line":59,"column":null}}],"line":58},"10":{"loc":{"start":{"line":68,"column":19},"end":{"line":68,"column":30}},"type":"default-arg","locations":[{"start":{"line":68,"column":28},"end":{"line":68,"column":30}}],"line":68},"11":{"loc":{"start":{"line":71,"column":8},"end":{"line":84,"column":null}},"type":"if","locations":[{"start":{"line":71,"column":8},"end":{"line":84,"column":null}},{"start":{"line":77,"column":15},"end":{"line":84,"column":null}}],"line":71},"12":{"loc":{"start":{"line":80,"column":20},"end":{"line":81,"column":null}},"type":"if","locations":[{"start":{"line":80,"column":20},"end":{"line":81,"column":null}},{"start":{"line":81,"column":25},"end":{"line":81,"column":null}}],"line":80},"13":{"loc":{"start":{"line":91,"column":8},"end":{"line":95,"column":null}},"type":"if","locations":[{"start":{"line":91,"column":8},"end":{"line":95,"column":null}},{"start":{"line":93,"column":15},"end":{"line":95,"column":null}}],"line":91},"14":{"loc":{"start":{"line":102,"column":8},"end":{"line":106,"column":null}},"type":"if","locations":[{"start":{"line":102,"column":8},"end":{"line":106,"column":null}},{"start":{"line":104,"column":15},"end":{"line":106,"column":null}}],"line":102},"15":{"loc":{"start":{"line":113,"column":8},"end":{"line":117,"column":null}},"type":"if","locations":[{"start":{"line":113,"column":8},"end":{"line":117,"column":null}},{"start":{"line":115,"column":15},"end":{"line":117,"column":null}}],"line":113},"16":{"loc":{"start":{"line":124,"column":15},"end":{"line":124,"column":59}},"type":"cond-expr","locations":[{"start":{"line":124,"column":42},"end":{"line":124,"column":53}},{"start":{"line":124,"column":56},"end":{"line":124,"column":59}}],"line":124},"17":{"loc":{"start":{"line":130,"column":14},"end":{"line":130,"column":27}},"type":"default-arg","locations":[{"start":{"line":130,"column":23},"end":{"line":130,"column":27}}],"line":130},"18":{"loc":{"start":{"line":131,"column":15},"end":{"line":131,"column":69}},"type":"cond-expr","locations":[{"start":{"line":131,"column":42},"end":{"line":131,"column":64}},{"start":{"line":131,"column":67},"end":{"line":131,"column":69}}],"line":131},"19":{"loc":{"start":{"line":138,"column":8},"end":{"line":142,"column":null}},"type":"if","locations":[{"start":{"line":138,"column":8},"end":{"line":142,"column":null}},{"start":{"line":140,"column":15},"end":{"line":142,"column":null}}],"line":138}},"s":{"0":0,"1":0,"2":0,"3":0,"4":0,"5":0,"6":0,"7":0,"8":0,"9":0,"10":0,"11":0,"12":0,"13":0,"14":0,"15":0,"16":0,"17":0,"18":0,"19":0,"20":0,"21":0,"22":0,"23":0,"24":0,"25":0,"26":0,"27":0,"28":0,"29":0,"30":0,"31":0,"32":0,"33":0,"34":0,"35":0,"36":0,"37":0,"38":0,"39":0,"40":0,"41":0,"42":0,"43":0,"44":0,"45":0,"46":0,"47":0,"48":0,"49":0},"f":{"0":0,"1":0,"2":0,"3":0,"4":0,"5":0,"6":0,"7":0,"8":0,"9":0,"10":0,"11":0,"12":0,"13":0,"14":0,"15":0,"16":0,"17":0},"b":{"0":[0],"1":[0],"2":[0,0],"3":[0,0],"4":[0],"5":[0,0],"6":[0,0],"7":[0],"8":[0,0],"9":[0,0],"10":[0],"11":[0,0],"12":[0,0],"13":[0,0],"14":[0,0],"15":[0,0],"16":[0,0],"17":[0],"18":[0,0],"19":[0,0]},"meta":{"lastBranch":20,"lastFunction":18,"lastStatement":50,"seen":{"s:8:17:8:53":0,"f:11:4:11:15":0,"b:11:27:11:35":0,"s:12:8:12:Infinity":1,"s:13:8:13:Infinity":2,"f:19:4:19:14":1,"b:19:29:19:31":1,"b:20:8:23:Infinity:undefined:undefined:undefined:undefined":2,"s:20:8:23:Infinity":3,"b:20:12:20:36:20:40:20:57":3,"s:21:29:21:30":4,"s:22:12:22:Infinity":5,"f:22:37:22:38":2,"s:22:43:22:61":6,"s:24:8:24:Infinity":7,"f:30:10:30:13":3,"b:30:28:30:30":4,"s:31:24:31:52":8,"b:33:8:43:Infinity:36:15:43:Infinity":5,"s:33:8:43:Infinity":9,"s:34:27:34:75":10,"s:35:12:35:Infinity":11,"s:37:12:42:Infinity":12,"f:37:31:37:32":4,"s:38:16:41:Infinity":13,"f:38:57:38:58":5,"b:39:20:40:Infinity:40:25:40:Infinity":6,"s:39:20:40:Infinity":14,"s:39:29:39:Infinity":15,"s:40:25:40:Infinity":16,"f:49:10:49:13":6,"b:49:28:49:30":7,"s:50:24:50:52":17,"b:52:8:62:Infinity:55:15:62:Infinity":8,"s:52:8:62:Infinity":18,"s:53:27:53:75":19,"s:54:12:54:Infinity":20,"s:56:12:61:Infinity":21,"f:56:31:56:32":7,"s:57:16:60:Infinity":22,"f:57:57:57:58":8,"b:58:20:59:Infinity:59:25:59:Infinity":9,"s:58:20:59:Infinity":23,"s:58:29:58:Infinity":24,"s:59:25:59:Infinity":25,"f:68:10:68:13":9,"b:68:28:68:30":10,"s:69:24:69:52":26,"b:71:8:84:Infinity:77:15:84:Infinity":11,"s:71:8:84:Infinity":27,"s:72:27:72:75":28,"s:73:12:76:Infinity":29,"s:78:12:83:Infinity":30,"f:78:31:78:32":10,"s:79:16:82:Infinity":31,"f:79:57:79:65":11,"b:80:20:81:Infinity:81:25:81:Infinity":12,"s:80:20:81:Infinity":32,"s:80:29:80:Infinity":33,"s:81:25:81:Infinity":34,"f:90:10:90:26":12,"b:91:8:95:Infinity:93:15:95:Infinity":13,"s:91:8:95:Infinity":35,"s:92:12:92:Infinity":36,"s:94:12:94:Infinity":37,"f:101:10:101:16":13,"b:102:8:106:Infinity:104:15:106:Infinity":14,"s:102:8:106:Infinity":38,"s:103:12:103:Infinity":39,"s:105:12:105:Infinity":40,"f:112:10:112:18":14,"b:113:8:117:Infinity:115:15:117:Infinity":15,"s:113:8:117:Infinity":41,"s:114:12:114:Infinity":42,"s:116:12:116:Infinity":43,"f:123:4:123:15":15,"s:124:8:124:Infinity":44,"b:124:42:124:53:124:56:124:59":16,"f:130:4:130:13":16,"b:130:23:130:27":17,"s:131:8:131:Infinity":45,"b:131:42:131:64:131:67:131:69":18,"f:137:4:137:15":17,"b:138:8:142:Infinity:140:15:142:Infinity":19,"s:138:8:142:Infinity":46,"s:139:12:139:Infinity":47,"s:141:12:141:Infinity":48,"s:146:0:146:Infinity":49}}}
}
