{"/Users/piotrwisniewski/Documents/Antygracity/DRD/consultify/server/config.js": {"path":"/Users/piotrwisniewski/Documents/Antygracity/DRD/consultify/server/config.js","statementMap":{"0":{"start":{"line":6,"column":0},"end":{"line":20,"column":null}}},"fnMap":{},"branchMap":{"0":{"loc":{"start":{"line":8,"column":16},"end":{"line":8,"column":null}},"type":"binary-expr","locations":[{"start":{"line":8,"column":16},"end":{"line":8,"column":42}},{"start":{"line":8,"column":42},"end":{"line":8,"column":null}}],"line":8},"1":{"loc":{"start":{"line":9,"column":20},"end":{"line":9,"column":null}},"type":"binary-expr","locations":[{"start":{"line":9,"column":20},"end":{"line":9,"column":50}},{"start":{"line":9,"column":50},"end":{"line":9,"column":null}}],"line":9},"2":{"loc":{"start":{"line":12,"column":30},"end":{"line":12,"column":null}},"type":"binary-expr","locations":[{"start":{"line":12,"column":30},"end":{"line":12,"column":70}},{"start":{"line":12,"column":70},"end":{"line":12,"column":null}}],"line":12},"3":{"loc":{"start":{"line":15,"column":28},"end":{"line":15,"column":null}},"type":"binary-expr","locations":[{"start":{"line":15,"column":28},"end":{"line":15,"column":76}},{"start":{"line":15,"column":76},"end":{"line":15,"column":null}}],"line":15},"4":{"loc":{"start":{"line":18,"column":10},"end":{"line":18,"column":null}},"type":"binary-expr","locations":[{"start":{"line":18,"column":10},"end":{"line":18,"column":30}},{"start":{"line":18,"column":30},"end":{"line":18,"column":null}}],"line":18},"5":{"loc":{"start":{"line":19,"column":14},"end":{"line":19,"column":null}},"type":"binary-expr","locations":[{"start":{"line":19,"column":14},"end":{"line":19,"column":38}},{"start":{"line":19,"column":38},"end":{"line":19,"column":null}}],"line":19}},"s":{"0":0},"f":{},"b":{"0":[0,0],"1":[0,0],"2":[0,0],"3":[0,0],"4":[0,0],"5":[0,0]},"meta":{"lastBranch":6,"lastFunction":0,"lastStatement":1,"seen":{"s:6:0:20:Infinity":0,"b:8:16:8:42:8:42:8:Infinity":0,"b:9:20:9:50:9:50:9:Infinity":1,"b:12:30:12:70:12:70:12:Infinity":2,"b:15:28:15:76:15:76:15:Infinity":3,"b:18:10:18:30:18:30:18:Infinity":4,"b:19:14:19:38:19:38:19:Infinity":5}}}
,"/Users/piotrwisniewski/Documents/Antygracity/DRD/consultify/server/database.js": {"path":"/Users/piotrwisniewski/Documents/Antygracity/DRD/consultify/server/database.js","statementMap":{"0":{"start":{"line":1,"column":16},"end":{"line":1,"column":null}},"1":{"start":{"line":2,"column":13},"end":{"line":2,"column":null}},"2":{"start":{"line":3,"column":15},"end":{"line":3,"column":null}},"3":{"start":{"line":4,"column":23},"end":{"line":4,"column":null}},"4":{"start":{"line":6,"column":15},"end":{"line":6,"column":null}},"5":{"start":{"line":8,"column":11},"end":{"line":15,"column":null}},"6":{"start":{"line":9,"column":4},"end":{"line":14,"column":null}},"7":{"start":{"line":10,"column":8},"end":{"line":10,"column":null}},"8":{"start":{"line":12,"column":8},"end":{"line":12,"column":null}},"9":{"start":{"line":13,"column":8},"end":{"line":13,"column":null}},"10":{"start":{"line":18,"column":4},"end":{"line":859,"column":null}},"11":{"start":{"line":20,"column":8},"end":{"line":27,"column":null}},"12":{"start":{"line":33,"column":8},"end":{"line":35,"column":null}},"13":{"start":{"line":34,"column":12},"end":{"line":34,"column":null}},"14":{"start":{"line":36,"column":8},"end":{"line":49,"column":null}},"15":{"start":{"line":52,"column":8},"end":{"line":61,"column":null}},"16":{"start":{"line":64,"column":8},"end":{"line":68,"column":null}},"17":{"start":{"line":71,"column":8},"end":{"line":79,"column":null}},"18":{"start":{"line":82,"column":8},"end":{"line":88,"column":null}},"19":{"start":{"line":91,"column":8},"end":{"line":98,"column":null}},"20":{"start":{"line":101,"column":8},"end":{"line":112,"column":null}},"21":{"start":{"line":119,"column":8},"end":{"line":128,"column":null}},"22":{"start":{"line":131,"column":8},"end":{"line":139,"column":null}},"23":{"start":{"line":142,"column":8},"end":{"line":150,"column":null}},"24":{"start":{"line":153,"column":8},"end":{"line":162,"column":null}},"25":{"start":{"line":165,"column":8},"end":{"line":189,"column":null}},"26":{"start":{"line":192,"column":8},"end":{"line":201,"column":null}},"27":{"start":{"line":204,"column":8},"end":{"line":214,"column":null}},"28":{"start":{"line":217,"column":8},"end":{"line":232,"column":null}},"29":{"start":{"line":235,"column":8},"end":{"line":237,"column":null}},"30":{"start":{"line":238,"column":8},"end":{"line":240,"column":null}},"31":{"start":{"line":241,"column":8},"end":{"line":243,"column":null}},"32":{"start":{"line":250,"column":8},"end":{"line":264,"column":null}},"33":{"start":{"line":267,"column":8},"end":{"line":280,"column":null}},"34":{"start":{"line":283,"column":8},"end":{"line":297,"column":null}},"35":{"start":{"line":300,"column":8},"end":{"line":310,"column":null}},"36":{"start":{"line":313,"column":8},"end":{"line":320,"column":null}},"37":{"start":{"line":323,"column":31},"end":{"line":329,"column":null}},"38":{"start":{"line":331,"column":29},"end":{"line":331,"column":null}},"39":{"start":{"line":332,"column":8},"end":{"line":334,"column":null}},"40":{"start":{"line":333,"column":12},"end":{"line":333,"column":null}},"41":{"start":{"line":335,"column":8},"end":{"line":335,"column":null}},"42":{"start":{"line":338,"column":8},"end":{"line":348,"column":null}},"43":{"start":{"line":351,"column":8},"end":{"line":358,"column":null}},"44":{"start":{"line":361,"column":8},"end":{"line":374,"column":null}},"45":{"start":{"line":377,"column":8},"end":{"line":395,"column":null}},"46":{"start":{"line":398,"column":8},"end":{"line":411,"column":null}},"47":{"start":{"line":414,"column":8},"end":{"line":421,"column":null}},"48":{"start":{"line":430,"column":8},"end":{"line":441,"column":null}},"49":{"start":{"line":444,"column":8},"end":{"line":451,"column":null}},"50":{"start":{"line":454,"column":8},"end":{"line":463,"column":null}},"51":{"start":{"line":466,"column":8},"end":{"line":468,"column":null}},"52":{"start":{"line":475,"column":8},"end":{"line":477,"column":null}},"53":{"start":{"line":480,"column":8},"end":{"line":488,"column":null}},"54":{"start":{"line":491,"column":8},"end":{"line":493,"column":null}},"55":{"start":{"line":496,"column":8},"end":{"line":498,"column":null}},"56":{"start":{"line":505,"column":8},"end":{"line":535,"column":null}},"57":{"start":{"line":538,"column":34},"end":{"line":545,"column":null}},"58":{"start":{"line":547,"column":8},"end":{"line":551,"column":null}},"59":{"start":{"line":548,"column":12},"end":{"line":550,"column":null}},"60":{"start":{"line":554,"column":8},"end":{"line":562,"column":null}},"61":{"start":{"line":566,"column":28},"end":{"line":576,"column":null}},"62":{"start":{"line":578,"column":8},"end":{"line":582,"column":null}},"63":{"start":{"line":579,"column":12},"end":{"line":581,"column":null}},"64":{"start":{"line":589,"column":8},"end":{"line":600,"column":null}},"65":{"start":{"line":603,"column":8},"end":{"line":620,"column":null}},"66":{"start":{"line":623,"column":8},"end":{"line":634,"column":null}},"67":{"start":{"line":637,"column":8},"end":{"line":653,"column":null}},"68":{"start":{"line":656,"column":8},"end":{"line":669,"column":null}},"69":{"start":{"line":672,"column":8},"end":{"line":679,"column":null}},"70":{"start":{"line":686,"column":8},"end":{"line":695,"column":null}},"71":{"start":{"line":698,"column":8},"end":{"line":710,"column":null}},"72":{"start":{"line":713,"column":8},"end":{"line":723,"column":null}},"73":{"start":{"line":726,"column":8},"end":{"line":746,"column":null}},"74":{"start":{"line":749,"column":8},"end":{"line":764,"column":null}},"75":{"start":{"line":767,"column":31},"end":{"line":771,"column":null}},"76":{"start":{"line":773,"column":29},"end":{"line":773,"column":null}},"77":{"start":{"line":774,"column":8},"end":{"line":776,"column":null}},"78":{"start":{"line":775,"column":12},"end":{"line":775,"column":null}},"79":{"start":{"line":777,"column":8},"end":{"line":777,"column":null}},"80":{"start":{"line":780,"column":37},"end":{"line":785,"column":null}},"81":{"start":{"line":787,"column":30},"end":{"line":787,"column":null}},"82":{"start":{"line":788,"column":8},"end":{"line":790,"column":null}},"83":{"start":{"line":789,"column":12},"end":{"line":789,"column":null}},"84":{"start":{"line":791,"column":8},"end":{"line":791,"column":null}},"85":{"start":{"line":793,"column":8},"end":{"line":793,"column":null}},"86":{"start":{"line":796,"column":29},"end":{"line":800,"column":null}},"87":{"start":{"line":802,"column":27},"end":{"line":802,"column":null}},"88":{"start":{"line":803,"column":8},"end":{"line":805,"column":null}},"89":{"start":{"line":804,"column":12},"end":{"line":804,"column":null}},"90":{"start":{"line":806,"column":8},"end":{"line":806,"column":null}},"91":{"start":{"line":808,"column":8},"end":{"line":808,"column":null}},"92":{"start":{"line":811,"column":32},"end":{"line":811,"column":null}},"93":{"start":{"line":812,"column":29},"end":{"line":812,"column":null}},"94":{"start":{"line":813,"column":31},"end":{"line":813,"column":null}},"95":{"start":{"line":816,"column":8},"end":{"line":858,"column":null}},"96":{"start":{"line":817,"column":12},"end":{"line":857,"column":null}},"97":{"start":{"line":819,"column":34},"end":{"line":819,"column":null}},"98":{"start":{"line":820,"column":16},"end":{"line":820,"column":null}},"99":{"start":{"line":821,"column":16},"end":{"line":821,"column":null}},"100":{"start":{"line":824,"column":35},"end":{"line":824,"column":null}},"101":{"start":{"line":825,"column":16},"end":{"line":825,"column":null}},"102":{"start":{"line":826,"column":16},"end":{"line":826,"column":null}},"103":{"start":{"line":828,"column":16},"end":{"line":828,"column":null}},"104":{"start":{"line":831,"column":35},"end":{"line":831,"column":null}},"105":{"start":{"line":832,"column":37},"end":{"line":832,"column":null}},"106":{"start":{"line":833,"column":36},"end":{"line":833,"column":null}},"107":{"start":{"line":836,"column":39},"end":{"line":836,"column":null}},"108":{"start":{"line":837,"column":16},"end":{"line":837,"column":null}},"109":{"start":{"line":838,"column":16},"end":{"line":838,"column":null}},"110":{"start":{"line":841,"column":41},"end":{"line":841,"column":null}},"111":{"start":{"line":842,"column":16},"end":{"line":842,"column":null}},"112":{"start":{"line":843,"column":16},"end":{"line":843,"column":null}},"113":{"start":{"line":846,"column":40},"end":{"line":846,"column":null}},"114":{"start":{"line":847,"column":16},"end":{"line":847,"column":null}},"115":{"start":{"line":848,"column":16},"end":{"line":848,"column":null}},"116":{"start":{"line":851,"column":39},"end":{"line":851,"column":null}},"117":{"start":{"line":852,"column":38},"end":{"line":852,"column":null}},"118":{"start":{"line":853,"column":16},"end":{"line":853,"column":null}},"119":{"start":{"line":854,"column":16},"end":{"line":854,"column":null}},"120":{"start":{"line":856,"column":16},"end":{"line":856,"column":null}},"121":{"start":{"line":862,"column":0},"end":{"line":862,"column":null}}},"fnMap":{"0":{"name":"(anonymous_0)","decl":{"start":{"line":8,"column":40},"end":{"line":8,"column":41}},"loc":{"start":{"line":8,"column":49},"end":{"line":15,"column":1}},"line":8},"1":{"name":"initDb","decl":{"start":{"line":17,"column":9},"end":{"line":17,"column":18}},"loc":{"start":{"line":17,"column":18},"end":{"line":860,"column":null}},"line":17},"2":{"name":"(anonymous_2)","decl":{"start":{"line":18,"column":17},"end":{"line":18,"column":23}},"loc":{"start":{"line":18,"column":23},"end":{"line":859,"column":5}},"line":18},"3":{"name":"(anonymous_3)","decl":{"start":{"line":235,"column":82},"end":{"line":235,"column":83}},"loc":{"start":{"line":235,"column":91},"end":{"line":237,"column":9}},"line":235},"4":{"name":"(anonymous_4)","decl":{"start":{"line":238,"column":76},"end":{"line":238,"column":77}},"loc":{"start":{"line":238,"column":85},"end":{"line":240,"column":9}},"line":238},"5":{"name":"(anonymous_5)","decl":{"start":{"line":241,"column":71},"end":{"line":241,"column":72}},"loc":{"start":{"line":241,"column":80},"end":{"line":243,"column":9}},"line":241},"6":{"name":"(anonymous_6)","decl":{"start":{"line":332,"column":31},"end":{"line":332,"column":36}},"loc":{"start":{"line":332,"column":36},"end":{"line":334,"column":9}},"line":332},"7":{"name":"(anonymous_7)","decl":{"start":{"line":466,"column":73},"end":{"line":466,"column":74}},"loc":{"start":{"line":466,"column":82},"end":{"line":468,"column":9}},"line":466},"8":{"name":"(anonymous_8)","decl":{"start":{"line":475,"column":87},"end":{"line":475,"column":88}},"loc":{"start":{"line":475,"column":96},"end":{"line":477,"column":9}},"line":475},"9":{"name":"(anonymous_9)","decl":{"start":{"line":491,"column":83},"end":{"line":491,"column":84}},"loc":{"start":{"line":491,"column":92},"end":{"line":493,"column":9}},"line":491},"10":{"name":"(anonymous_10)","decl":{"start":{"line":496,"column":90},"end":{"line":496,"column":91}},"loc":{"start":{"line":496,"column":99},"end":{"line":498,"column":9}},"line":496},"11":{"name":"(anonymous_11)","decl":{"start":{"line":547,"column":34},"end":{"line":547,"column":41}},"loc":{"start":{"line":547,"column":41},"end":{"line":551,"column":9}},"line":547},"12":{"name":"(anonymous_12)","decl":{"start":{"line":548,"column":104},"end":{"line":548,"column":105}},"loc":{"start":{"line":548,"column":113},"end":{"line":550,"column":13}},"line":548},"13":{"name":"(anonymous_13)","decl":{"start":{"line":578,"column":28},"end":{"line":578,"column":35}},"loc":{"start":{"line":578,"column":35},"end":{"line":582,"column":9}},"line":578},"14":{"name":"(anonymous_14)","decl":{"start":{"line":579,"column":98},"end":{"line":579,"column":99}},"loc":{"start":{"line":579,"column":107},"end":{"line":581,"column":13}},"line":579},"15":{"name":"(anonymous_15)","decl":{"start":{"line":774,"column":31},"end":{"line":774,"column":36}},"loc":{"start":{"line":774,"column":36},"end":{"line":776,"column":9}},"line":774},"16":{"name":"(anonymous_16)","decl":{"start":{"line":788,"column":37},"end":{"line":788,"column":42}},"loc":{"start":{"line":788,"column":42},"end":{"line":790,"column":9}},"line":788},"17":{"name":"(anonymous_17)","decl":{"start":{"line":803,"column":29},"end":{"line":803,"column":34}},"loc":{"start":{"line":803,"column":34},"end":{"line":805,"column":9}},"line":803},"18":{"name":"(anonymous_18)","decl":{"start":{"line":816,"column":79},"end":{"line":816,"column":80}},"loc":{"start":{"line":816,"column":93},"end":{"line":858,"column":9}},"line":816}},"branchMap":{"0":{"loc":{"start":{"line":9,"column":4},"end":{"line":14,"column":null}},"type":"if","locations":[{"start":{"line":9,"column":4},"end":{"line":14,"column":null}},{"start":{"line":11,"column":11},"end":{"line":14,"column":null}}],"line":9},"1":{"loc":{"start":{"line":33,"column":8},"end":{"line":35,"column":null}},"type":"if","locations":[{"start":{"line":33,"column":8},"end":{"line":35,"column":null}},{"start":{},"end":{}}],"line":33},"2":{"loc":{"start":{"line":817,"column":12},"end":{"line":857,"column":null}},"type":"if","locations":[{"start":{"line":817,"column":12},"end":{"line":857,"column":null}},{"start":{},"end":{}}],"line":817}},"s":{"0":0,"1":0,"2":0,"3":0,"4":0,"5":0,"6":0,"7":0,"8":0,"9":0,"10":0,"11":0,"12":0,"13":0,"14":0,"15":0,"16":0,"17":0,"18":0,"19":0,"20":0,"21":0,"22":0,"23":0,"24":0,"25":0,"26":0,"27":0,"28":0,"29":0,"30":0,"31":0,"32":0,"33":0,"34":0,"35":0,"36":0,"37":0,"38":0,"39":0,"40":0,"41":0,"42":0,"43":0,"44":0,"45":0,"46":0,"47":0,"48":0,"49":0,"50":0,"51":0,"52":0,"53":0,"54":0,"55":0,"56":0,"57":0,"58":0,"59":0,"60":0,"61":0,"62":0,"63":0,"64":0,"65":0,"66":0,"67":0,"68":0,"69":0,"70":0,"71":0,"72":0,"73":0,"74":0,"75":0,"76":0,"77":0,"78":0,"79":0,"80":0,"81":0,"82":0,"83":0,"84":0,"85":0,"86":0,"87":0,"88":0,"89":0,"90":0,"91":0,"92":0,"93":0,"94":0,"95":0,"96":0,"97":0,"98":0,"99":0,"100":0,"101":0,"102":0,"103":0,"104":0,"105":0,"106":0,"107":0,"108":0,"109":0,"110":0,"111":0,"112":0,"113":0,"114":0,"115":0,"116":0,"117":0,"118":0,"119":0,"120":0,"121":0},"f":{"0":0,"1":0,"2":0,"3":0,"4":0,"5":0,"6":0,"7":0,"8":0,"9":0,"10":0,"11":0,"12":0,"13":0,"14":0,"15":0,"16":0,"17":0,"18":0},"b":{"0":[0,0],"1":[0,0],"2":[0,0]},"meta":{"lastBranch":3,"lastFunction":19,"lastStatement":122,"seen":{"s:1:16:1:Infinity":0,"s:2:13:2:Infinity":1,"s:3:15:3:Infinity":2,"s:4:23:4:Infinity":3,"s:6:15:6:Infinity":4,"s:8:11:15:Infinity":5,"f:8:40:8:41":0,"b:9:4:14:Infinity:11:11:14:Infinity":0,"s:9:4:14:Infinity":6,"s:10:8:10:Infinity":7,"s:12:8:12:Infinity":8,"s:13:8:13:Infinity":9,"f:17:9:17:18":1,"s:18:4:859:Infinity":10,"f:18:17:18:23":2,"s:20:8:27:Infinity":11,"b:33:8:35:Infinity:undefined:undefined:undefined:undefined":1,"s:33:8:35:Infinity":12,"s:34:12:34:Infinity":13,"s:36:8:49:Infinity":14,"s:52:8:61:Infinity":15,"s:64:8:68:Infinity":16,"s:71:8:79:Infinity":17,"s:82:8:88:Infinity":18,"s:91:8:98:Infinity":19,"s:101:8:112:Infinity":20,"s:119:8:128:Infinity":21,"s:131:8:139:Infinity":22,"s:142:8:150:Infinity":23,"s:153:8:162:Infinity":24,"s:165:8:189:Infinity":25,"s:192:8:201:Infinity":26,"s:204:8:214:Infinity":27,"s:217:8:232:Infinity":28,"s:235:8:237:Infinity":29,"f:235:82:235:83":3,"s:238:8:240:Infinity":30,"f:238:76:238:77":4,"s:241:8:243:Infinity":31,"f:241:71:241:72":5,"s:250:8:264:Infinity":32,"s:267:8:280:Infinity":33,"s:283:8:297:Infinity":34,"s:300:8:310:Infinity":35,"s:313:8:320:Infinity":36,"s:323:31:329:Infinity":37,"s:331:29:331:Infinity":38,"s:332:8:334:Infinity":39,"f:332:31:332:36":6,"s:333:12:333:Infinity":40,"s:335:8:335:Infinity":41,"s:338:8:348:Infinity":42,"s:351:8:358:Infinity":43,"s:361:8:374:Infinity":44,"s:377:8:395:Infinity":45,"s:398:8:411:Infinity":46,"s:414:8:421:Infinity":47,"s:430:8:441:Infinity":48,"s:444:8:451:Infinity":49,"s:454:8:463:Infinity":50,"s:466:8:468:Infinity":51,"f:466:73:466:74":7,"s:475:8:477:Infinity":52,"f:475:87:475:88":8,"s:480:8:488:Infinity":53,"s:491:8:493:Infinity":54,"f:491:83:491:84":9,"s:496:8:498:Infinity":55,"f:496:90:496:91":10,"s:505:8:535:Infinity":56,"s:538:34:545:Infinity":57,"s:547:8:551:Infinity":58,"f:547:34:547:41":11,"s:548:12:550:Infinity":59,"f:548:104:548:105":12,"s:554:8:562:Infinity":60,"s:566:28:576:Infinity":61,"s:578:8:582:Infinity":62,"f:578:28:578:35":13,"s:579:12:581:Infinity":63,"f:579:98:579:99":14,"s:589:8:600:Infinity":64,"s:603:8:620:Infinity":65,"s:623:8:634:Infinity":66,"s:637:8:653:Infinity":67,"s:656:8:669:Infinity":68,"s:672:8:679:Infinity":69,"s:686:8:695:Infinity":70,"s:698:8:710:Infinity":71,"s:713:8:723:Infinity":72,"s:726:8:746:Infinity":73,"s:749:8:764:Infinity":74,"s:767:31:771:Infinity":75,"s:773:29:773:Infinity":76,"s:774:8:776:Infinity":77,"f:774:31:774:36":15,"s:775:12:775:Infinity":78,"s:777:8:777:Infinity":79,"s:780:37:785:Infinity":80,"s:787:30:787:Infinity":81,"s:788:8:790:Infinity":82,"f:788:37:788:42":16,"s:789:12:789:Infinity":83,"s:791:8:791:Infinity":84,"s:793:8:793:Infinity":85,"s:796:29:800:Infinity":86,"s:802:27:802:Infinity":87,"s:803:8:805:Infinity":88,"f:803:29:803:34":17,"s:804:12:804:Infinity":89,"s:806:8:806:Infinity":90,"s:808:8:808:Infinity":91,"s:811:32:811:Infinity":92,"s:812:29:812:Infinity":93,"s:813:31:813:Infinity":94,"s:816:8:858:Infinity":95,"f:816:79:816:80":18,"b:817:12:857:Infinity:undefined:undefined:undefined:undefined":2,"s:817:12:857:Infinity":96,"s:819:34:819:Infinity":97,"s:820:16:820:Infinity":98,"s:821:16:821:Infinity":99,"s:824:35:824:Infinity":100,"s:825:16:825:Infinity":101,"s:826:16:826:Infinity":102,"s:828:16:828:Infinity":103,"s:831:35:831:Infinity":104,"s:832:37:832:Infinity":105,"s:833:36:833:Infinity":106,"s:836:39:836:Infinity":107,"s:837:16:837:Infinity":108,"s:838:16:838:Infinity":109,"s:841:41:841:Infinity":110,"s:842:16:842:Infinity":111,"s:843:16:843:Infinity":112,"s:846:40:846:Infinity":113,"s:847:16:847:Infinity":114,"s:848:16:848:Infinity":115,"s:851:39:851:Infinity":116,"s:852:38:852:Infinity":117,"s:853:16:853:Infinity":118,"s:854:16:854:Infinity":119,"s:856:16:856:Infinity":120,"s:862:0:862:Infinity":121}}}
,"/Users/piotrwisniewski/Documents/Antygracity/DRD/consultify/server/index.js": {"path":"/Users/piotrwisniewski/Documents/Antygracity/DRD/consultify/server/index.js","statementMap":{"0":{"start":{"line":1,"column":0},"end":{"line":1,"column":null}},"1":{"start":{"line":2,"column":16},"end":{"line":2,"column":34}},"2":{"start":{"line":3,"column":13},"end":{"line":3,"column":28}},"3":{"start":{"line":4,"column":13},"end":{"line":4,"column":28}},"4":{"start":{"line":6,"column":12},"end":{"line":6,"column":21}},"5":{"start":{"line":7,"column":13},"end":{"line":7,"column":37}},"6":{"start":{"line":10,"column":0},"end":{"line":10,"column":null}},"7":{"start":{"line":11,"column":0},"end":{"line":11,"column":null}},"8":{"start":{"line":12,"column":0},"end":{"line":12,"column":null}},"9":{"start":{"line":17,"column":19},"end":{"line":17,"column":43}},"10":{"start":{"line":18,"column":19},"end":{"line":18,"column":44}},"11":{"start":{"line":19,"column":22},"end":{"line":19,"column":50}},"12":{"start":{"line":20,"column":17},"end":{"line":20,"column":39}},"13":{"start":{"line":21,"column":23},"end":{"line":21,"column":51}},"14":{"start":{"line":22,"column":25},"end":{"line":22,"column":55}},"15":{"start":{"line":23,"column":22},"end":{"line":23,"column":50}},"16":{"start":{"line":24,"column":24},"end":{"line":24,"column":53}},"17":{"start":{"line":25,"column":18},"end":{"line":25,"column":41}},"18":{"start":{"line":27,"column":19},"end":{"line":27,"column":44}},"19":{"start":{"line":28,"column":19},"end":{"line":28,"column":44}},"20":{"start":{"line":29,"column":27},"end":{"line":29,"column":60}},"21":{"start":{"line":30,"column":25},"end":{"line":30,"column":56}},"22":{"start":{"line":31,"column":24},"end":{"line":31,"column":53}},"23":{"start":{"line":32,"column":23},"end":{"line":32,"column":51}},"24":{"start":{"line":33,"column":28},"end":{"line":33,"column":62}},"25":{"start":{"line":34,"column":22},"end":{"line":34,"column":50}},"26":{"start":{"line":35,"column":25},"end":{"line":35,"column":56}},"27":{"start":{"line":37,"column":22},"end":{"line":37,"column":49}},"28":{"start":{"line":38,"column":28},"end":{"line":38,"column":63}},"29":{"start":{"line":39,"column":27},"end":{"line":39,"column":59}},"30":{"start":{"line":41,"column":0},"end":{"line":41,"column":null}},"31":{"start":{"line":42,"column":0},"end":{"line":42,"column":null}},"32":{"start":{"line":43,"column":0},"end":{"line":43,"column":null}},"33":{"start":{"line":44,"column":0},"end":{"line":44,"column":null}},"34":{"start":{"line":45,"column":0},"end":{"line":45,"column":null}},"35":{"start":{"line":46,"column":0},"end":{"line":46,"column":null}},"36":{"start":{"line":47,"column":0},"end":{"line":47,"column":null}},"37":{"start":{"line":48,"column":0},"end":{"line":48,"column":null}},"38":{"start":{"line":49,"column":0},"end":{"line":49,"column":null}},"39":{"start":{"line":51,"column":0},"end":{"line":51,"column":null}},"40":{"start":{"line":52,"column":0},"end":{"line":52,"column":null}},"41":{"start":{"line":53,"column":0},"end":{"line":53,"column":null}},"42":{"start":{"line":55,"column":0},"end":{"line":55,"column":null}},"43":{"start":{"line":56,"column":0},"end":{"line":56,"column":null}},"44":{"start":{"line":57,"column":0},"end":{"line":57,"column":null}},"45":{"start":{"line":58,"column":0},"end":{"line":58,"column":null}},"46":{"start":{"line":60,"column":0},"end":{"line":60,"column":null}},"47":{"start":{"line":61,"column":0},"end":{"line":61,"column":null}},"48":{"start":{"line":63,"column":0},"end":{"line":63,"column":null}},"49":{"start":{"line":64,"column":0},"end":{"line":64,"column":null}},"50":{"start":{"line":65,"column":0},"end":{"line":65,"column":null}},"51":{"start":{"line":68,"column":0},"end":{"line":70,"column":null}},"52":{"start":{"line":69,"column":4},"end":{"line":69,"column":null}},"53":{"start":{"line":73,"column":0},"end":{"line":73,"column":null}},"54":{"start":{"line":77,"column":0},"end":{"line":79,"column":null}},"55":{"start":{"line":78,"column":4},"end":{"line":78,"column":null}},"56":{"start":{"line":82,"column":0},"end":{"line":98,"column":null}},"57":{"start":{"line":83,"column":17},"end":{"line":83,"column":32}},"58":{"start":{"line":84,"column":19},"end":{"line":84,"column":41}},"59":{"start":{"line":87,"column":28},"end":{"line":87,"column":65}},"60":{"start":{"line":88,"column":4},"end":{"line":88,"column":null}},"61":{"start":{"line":91,"column":32},"end":{"line":91,"column":70}},"62":{"start":{"line":92,"column":4},"end":{"line":92,"column":null}},"63":{"start":{"line":94,"column":4},"end":{"line":97,"column":null}},"64":{"start":{"line":95,"column":8},"end":{"line":95,"column":null}},"65":{"start":{"line":96,"column":8},"end":{"line":96,"column":null}},"66":{"start":{"line":100,"column":0},"end":{"line":100,"column":null}}},"fnMap":{"0":{"name":"(anonymous_0)","decl":{"start":{"line":68,"column":23},"end":{"line":68,"column":24}},"loc":{"start":{"line":68,"column":37},"end":{"line":70,"column":1}},"line":68},"1":{"name":"(anonymous_1)","decl":{"start":{"line":77,"column":8},"end":{"line":77,"column":9}},"loc":{"start":{"line":77,"column":22},"end":{"line":79,"column":1}},"line":77},"2":{"name":"(anonymous_2)","decl":{"start":{"line":94,"column":24},"end":{"line":94,"column":25}},"loc":{"start":{"line":94,"column":30},"end":{"line":97,"column":5}},"line":94}},"branchMap":{"0":{"loc":{"start":{"line":7,"column":13},"end":{"line":7,"column":37}},"type":"binary-expr","locations":[{"start":{"line":7,"column":13},"end":{"line":7,"column":29}},{"start":{"line":7,"column":33},"end":{"line":7,"column":37}}],"line":7},"1":{"loc":{"start":{"line":82,"column":0},"end":{"line":98,"column":null}},"type":"if","locations":[{"start":{"line":82,"column":0},"end":{"line":98,"column":null}},{"start":{},"end":{}}],"line":82}},"s":{"0":0,"1":0,"2":0,"3":0,"4":0,"5":0,"6":0,"7":0,"8":0,"9":0,"10":0,"11":0,"12":0,"13":0,"14":0,"15":0,"16":0,"17":0,"18":0,"19":0,"20":0,"21":0,"22":0,"23":0,"24":0,"25":0,"26":0,"27":0,"28":0,"29":0,"30":0,"31":0,"32":0,"33":0,"34":0,"35":0,"36":0,"37":0,"38":0,"39":0,"40":0,"41":0,"42":0,"43":0,"44":0,"45":0,"46":0,"47":0,"48":0,"49":0,"50":0,"51":0,"52":0,"53":0,"54":0,"55":0,"56":0,"57":0,"58":0,"59":0,"60":0,"61":0,"62":0,"63":0,"64":0,"65":0,"66":0},"f":{"0":0,"1":0,"2":0},"b":{"0":[0,0],"1":[0,0]},"meta":{"lastBranch":2,"lastFunction":3,"lastStatement":67,"seen":{"s:1:0:1:Infinity":0,"s:2:16:2:34":1,"s:3:13:3:28":2,"s:4:13:4:28":3,"s:6:12:6:21":4,"s:7:13:7:37":5,"b:7:13:7:29:7:33:7:37":0,"s:10:0:10:Infinity":6,"s:11:0:11:Infinity":7,"s:12:0:12:Infinity":8,"s:17:19:17:43":9,"s:18:19:18:44":10,"s:19:22:19:50":11,"s:20:17:20:39":12,"s:21:23:21:51":13,"s:22:25:22:55":14,"s:23:22:23:50":15,"s:24:24:24:53":16,"s:25:18:25:41":17,"s:27:19:27:44":18,"s:28:19:28:44":19,"s:29:27:29:60":20,"s:30:25:30:56":21,"s:31:24:31:53":22,"s:32:23:32:51":23,"s:33:28:33:62":24,"s:34:22:34:50":25,"s:35:25:35:56":26,"s:37:22:37:49":27,"s:38:28:38:63":28,"s:39:27:39:59":29,"s:41:0:41:Infinity":30,"s:42:0:42:Infinity":31,"s:43:0:43:Infinity":32,"s:44:0:44:Infinity":33,"s:45:0:45:Infinity":34,"s:46:0:46:Infinity":35,"s:47:0:47:Infinity":36,"s:48:0:48:Infinity":37,"s:49:0:49:Infinity":38,"s:51:0:51:Infinity":39,"s:52:0:52:Infinity":40,"s:53:0:53:Infinity":41,"s:55:0:55:Infinity":42,"s:56:0:56:Infinity":43,"s:57:0:57:Infinity":44,"s:58:0:58:Infinity":45,"s:60:0:60:Infinity":46,"s:61:0:61:Infinity":47,"s:63:0:63:Infinity":48,"s:64:0:64:Infinity":49,"s:65:0:65:Infinity":50,"s:68:0:70:Infinity":51,"f:68:23:68:24":0,"s:69:4:69:Infinity":52,"s:73:0:73:Infinity":53,"s:77:0:79:Infinity":54,"f:77:8:77:9":1,"s:78:4:78:Infinity":55,"b:82:0:98:Infinity:undefined:undefined:undefined:undefined":1,"s:82:0:98:Infinity":56,"s:83:17:83:32":57,"s:84:19:84:41":58,"s:87:28:87:65":59,"s:88:4:88:Infinity":60,"s:91:32:91:70":61,"s:92:4:92:Infinity":62,"s:94:4:97:Infinity":63,"f:94:24:94:25":2,"s:95:8:95:Infinity":64,"s:96:8:96:Infinity":65,"s:100:0:100:Infinity":66}}}
,"/Users/piotrwisniewski/Documents/Antygracity/DRD/consultify/server/seed_dbr77.js": {"path":"/Users/piotrwisniewski/Documents/Antygracity/DRD/consultify/server/seed_dbr77.js","statementMap":{"0":{"start":{"line":1,"column":16},"end":{"line":1,"column":44}},"1":{"start":{"line":2,"column":13},"end":{"line":2,"column":28}},"2":{"start":{"line":3,"column":23},"end":{"line":3,"column":38}},"3":{"start":{"line":4,"column":15},"end":{"line":4,"column":34}},"4":{"start":{"line":5,"column":11},"end":{"line":5,"column":24}},"5":{"start":{"line":7,"column":15},"end":{"line":7,"column":55}},"6":{"start":{"line":10,"column":0},"end":{"line":17,"column":null}},"7":{"start":{"line":11,"column":4},"end":{"line":14,"column":null}},"8":{"start":{"line":12,"column":8},"end":{"line":12,"column":null}},"9":{"start":{"line":13,"column":8},"end":{"line":13,"column":null}},"10":{"start":{"line":16,"column":4},"end":{"line":16,"column":null}},"11":{"start":{"line":19,"column":11},"end":{"line":19,"column":39}},"12":{"start":{"line":21,"column":18},"end":{"line":21,"column":26}},"13":{"start":{"line":22,"column":15},"end":{"line":22,"column":23}},"14":{"start":{"line":23,"column":17},"end":{"line":23,"column":25}},"15":{"start":{"line":24,"column":17},"end":{"line":24,"column":25}},"16":{"start":{"line":25,"column":19},"end":{"line":25,"column":27}},"17":{"start":{"line":26,"column":19},"end":{"line":26,"column":27}},"18":{"start":{"line":28,"column":26},"end":{"line":44,"column":1}},"19":{"start":{"line":46,"column":0},"end":{"line":46,"column":null}},"20":{"start":{"line":48,"column":0},"end":{"line":130,"column":null}},"21":{"start":{"line":50,"column":4},"end":{"line":55,"column":null}},"22":{"start":{"line":57,"column":4},"end":{"line":68,"column":null}},"23":{"start":{"line":70,"column":4},"end":{"line":78,"column":null}},"24":{"start":{"line":80,"column":4},"end":{"line":86,"column":null}},"25":{"start":{"line":88,"column":4},"end":{"line":91,"column":null}},"26":{"start":{"line":94,"column":4},"end":{"line":94,"column":null}},"27":{"start":{"line":95,"column":4},"end":{"line":97,"column":null}},"28":{"start":{"line":96,"column":8},"end":{"line":96,"column":null}},"29":{"start":{"line":96,"column":18},"end":{"line":96,"column":null}},"30":{"start":{"line":100,"column":21},"end":{"line":100,"column":49}},"31":{"start":{"line":103,"column":4},"end":{"line":106,"column":null}},"32":{"start":{"line":105,"column":12},"end":{"line":105,"column":null}},"33":{"start":{"line":105,"column":22},"end":{"line":105,"column":null}},"34":{"start":{"line":109,"column":4},"end":{"line":112,"column":null}},"35":{"start":{"line":111,"column":12},"end":{"line":111,"column":null}},"36":{"start":{"line":111,"column":22},"end":{"line":111,"column":null}},"37":{"start":{"line":115,"column":4},"end":{"line":118,"column":null}},"38":{"start":{"line":117,"column":12},"end":{"line":117,"column":null}},"39":{"start":{"line":117,"column":22},"end":{"line":117,"column":null}},"40":{"start":{"line":121,"column":4},"end":{"line":124,"column":null}},"41":{"start":{"line":123,"column":12},"end":{"line":123,"column":null}},"42":{"start":{"line":123,"column":22},"end":{"line":123,"column":null}},"43":{"start":{"line":127,"column":4},"end":{"line":128,"column":null}},"44":{"start":{"line":132,"column":0},"end":{"line":135,"column":null}},"45":{"start":{"line":133,"column":4},"end":{"line":133,"column":null}},"46":{"start":{"line":134,"column":4},"end":{"line":134,"column":null}}},"fnMap":{"0":{"name":"(anonymous_0)","decl":{"start":{"line":48,"column":13},"end":{"line":48,"column":14}},"loc":{"start":{"line":48,"column":19},"end":{"line":130,"column":1}},"line":48},"1":{"name":"(anonymous_1)","decl":{"start":{"line":95,"column":141},"end":{"line":95,"column":142}},"loc":{"start":{"line":95,"column":150},"end":{"line":97,"column":5}},"line":95},"2":{"name":"(anonymous_2)","decl":{"start":{"line":104,"column":92},"end":{"line":104,"column":93}},"loc":{"start":{"line":104,"column":101},"end":{"line":106,"column":9}},"line":104},"3":{"name":"(anonymous_3)","decl":{"start":{"line":110,"column":100},"end":{"line":110,"column":101}},"loc":{"start":{"line":110,"column":109},"end":{"line":112,"column":9}},"line":110},"4":{"name":"(anonymous_4)","decl":{"start":{"line":116,"column":103},"end":{"line":116,"column":104}},"loc":{"start":{"line":116,"column":112},"end":{"line":118,"column":9}},"line":116},"5":{"name":"(anonymous_5)","decl":{"start":{"line":122,"column":74},"end":{"line":122,"column":75}},"loc":{"start":{"line":122,"column":83},"end":{"line":124,"column":9}},"line":122},"6":{"name":"(anonymous_6)","decl":{"start":{"line":132,"column":11},"end":{"line":132,"column":12}},"loc":{"start":{"line":132,"column":17},"end":{"line":135,"column":1}},"line":132}},"branchMap":{"0":{"loc":{"start":{"line":11,"column":4},"end":{"line":14,"column":null}},"type":"if","locations":[{"start":{"line":11,"column":4},"end":{"line":14,"column":null}},{"start":{},"end":{}}],"line":11},"1":{"loc":{"start":{"line":96,"column":8},"end":{"line":96,"column":null}},"type":"if","locations":[{"start":{"line":96,"column":8},"end":{"line":96,"column":null}},{"start":{},"end":{}}],"line":96},"2":{"loc":{"start":{"line":105,"column":12},"end":{"line":105,"column":null}},"type":"if","locations":[{"start":{"line":105,"column":12},"end":{"line":105,"column":null}},{"start":{},"end":{}}],"line":105},"3":{"loc":{"start":{"line":111,"column":12},"end":{"line":111,"column":null}},"type":"if","locations":[{"start":{"line":111,"column":12},"end":{"line":111,"column":null}},{"start":{},"end":{}}],"line":111},"4":{"loc":{"start":{"line":117,"column":12},"end":{"line":117,"column":null}},"type":"if","locations":[{"start":{"line":117,"column":12},"end":{"line":117,"column":null}},{"start":{},"end":{}}],"line":117},"5":{"loc":{"start":{"line":123,"column":12},"end":{"line":123,"column":null}},"type":"if","locations":[{"start":{"line":123,"column":12},"end":{"line":123,"column":null}},{"start":{},"end":{}}],"line":123}},"s":{"0":0,"1":0,"2":0,"3":0,"4":0,"5":0,"6":0,"7":0,"8":0,"9":0,"10":0,"11":0,"12":0,"13":0,"14":0,"15":0,"16":0,"17":0,"18":0,"19":0,"20":0,"21":0,"22":0,"23":0,"24":0,"25":0,"26":0,"27":0,"28":0,"29":0,"30":0,"31":0,"32":0,"33":0,"34":0,"35":0,"36":0,"37":0,"38":0,"39":0,"40":0,"41":0,"42":0,"43":0,"44":0,"45":0,"46":0},"f":{"0":0,"1":0,"2":0,"3":0,"4":0,"5":0,"6":0},"b":{"0":[0,0],"1":[0,0],"2":[0,0],"3":[0,0],"4":[0,0],"5":[0,0]},"meta":{"lastBranch":6,"lastFunction":7,"lastStatement":47,"seen":{"s:1:16:1:44":0,"s:2:13:2:28":1,"s:3:23:3:38":2,"s:4:15:4:34":3,"s:5:11:5:24":4,"s:7:15:7:55":5,"s:10:0:17:Infinity":6,"b:11:4:14:Infinity:undefined:undefined:undefined:undefined":0,"s:11:4:14:Infinity":7,"s:12:8:12:Infinity":8,"s:13:8:13:Infinity":9,"s:16:4:16:Infinity":10,"s:19:11:19:39":11,"s:21:18:21:26":12,"s:22:15:22:23":13,"s:23:17:23:25":14,"s:24:17:24:25":15,"s:25:19:25:27":16,"s:26:19:26:27":17,"s:28:26:44:1":18,"s:46:0:46:Infinity":19,"s:48:0:130:Infinity":20,"f:48:13:48:14":0,"s:50:4:55:Infinity":21,"s:57:4:68:Infinity":22,"s:70:4:78:Infinity":23,"s:80:4:86:Infinity":24,"s:88:4:91:Infinity":25,"s:94:4:94:Infinity":26,"s:95:4:97:Infinity":27,"f:95:141:95:142":1,"b:96:8:96:Infinity:undefined:undefined:undefined:undefined":1,"s:96:8:96:Infinity":28,"s:96:18:96:Infinity":29,"s:100:21:100:49":30,"s:103:4:106:Infinity":31,"f:104:92:104:93":2,"b:105:12:105:Infinity:undefined:undefined:undefined:undefined":2,"s:105:12:105:Infinity":32,"s:105:22:105:Infinity":33,"s:109:4:112:Infinity":34,"f:110:100:110:101":3,"b:111:12:111:Infinity:undefined:undefined:undefined:undefined":3,"s:111:12:111:Infinity":35,"s:111:22:111:Infinity":36,"s:115:4:118:Infinity":37,"f:116:103:116:104":4,"b:117:12:117:Infinity:undefined:undefined:undefined:undefined":4,"s:117:12:117:Infinity":38,"s:117:22:117:Infinity":39,"s:121:4:124:Infinity":40,"f:122:74:122:75":5,"b:123:12:123:Infinity:undefined:undefined:undefined:undefined":5,"s:123:12:123:Infinity":41,"s:123:22:123:Infinity":42,"s:127:4:128:Infinity":43,"s:132:0:135:Infinity":44,"f:132:11:132:12":6,"s:133:4:133:Infinity":45,"s:134:4:134:Infinity":46}}}
,"/Users/piotrwisniewski/Documents/Antygracity/DRD/consultify/server/seed_legolex.js": {"path":"/Users/piotrwisniewski/Documents/Antygracity/DRD/consultify/server/seed_legolex.js","statementMap":{"0":{"start":{"line":1,"column":16},"end":{"line":1,"column":44}},"1":{"start":{"line":2,"column":13},"end":{"line":2,"column":28}},"2":{"start":{"line":3,"column":23},"end":{"line":3,"column":38}},"3":{"start":{"line":4,"column":15},"end":{"line":4,"column":34}},"4":{"start":{"line":6,"column":15},"end":{"line":6,"column":55}},"5":{"start":{"line":8,"column":11},"end":{"line":15,"column":2}},"6":{"start":{"line":9,"column":4},"end":{"line":12,"column":null}},"7":{"start":{"line":10,"column":8},"end":{"line":10,"column":null}},"8":{"start":{"line":11,"column":8},"end":{"line":11,"column":null}},"9":{"start":{"line":13,"column":4},"end":{"line":13,"column":null}},"10":{"start":{"line":14,"column":4},"end":{"line":14,"column":null}},"11":{"start":{"line":18,"column":4},"end":{"line":179,"column":null}},"12":{"start":{"line":20,"column":22},"end":{"line":20,"column":59}},"13":{"start":{"line":25,"column":8},"end":{"line":25,"column":null}},"14":{"start":{"line":27,"column":26},"end":{"line":27,"column":121}},"15":{"start":{"line":28,"column":8},"end":{"line":28,"column":null}},"16":{"start":{"line":29,"column":8},"end":{"line":29,"column":null}},"17":{"start":{"line":32,"column":24},"end":{"line":32,"column":68}},"18":{"start":{"line":33,"column":23},"end":{"line":33,"column":66}},"19":{"start":{"line":34,"column":29},"end":{"line":34,"column":57}},"20":{"start":{"line":36,"column":27},"end":{"line":36,"column":153}},"21":{"start":{"line":39,"column":8},"end":{"line":39,"column":null}},"22":{"start":{"line":41,"column":8},"end":{"line":41,"column":null}},"23":{"start":{"line":43,"column":8},"end":{"line":43,"column":null}},"24":{"start":{"line":44,"column":8},"end":{"line":44,"column":null}},"25":{"start":{"line":47,"column":26},"end":{"line":47,"column":64}},"26":{"start":{"line":48,"column":30},"end":{"line":48,"column":131}},"27":{"start":{"line":49,"column":8},"end":{"line":49,"column":null}},"28":{"start":{"line":50,"column":8},"end":{"line":50,"column":null}},"29":{"start":{"line":51,"column":8},"end":{"line":51,"column":null}},"30":{"start":{"line":54,"column":28},"end":{"line":91,"column":9}},"31":{"start":{"line":93,"column":27},"end":{"line":93,"column":227}},"32":{"start":{"line":95,"column":24},"end":{"line":95,"column":26}},"33":{"start":{"line":97,"column":8},"end":{"line":101,"column":null}},"34":{"start":{"line":98,"column":23},"end":{"line":98,"column":53}},"35":{"start":{"line":99,"column":12},"end":{"line":99,"column":null}},"36":{"start":{"line":100,"column":12},"end":{"line":100,"column":null}},"37":{"start":{"line":102,"column":8},"end":{"line":102,"column":null}},"38":{"start":{"line":103,"column":8},"end":{"line":103,"column":null}},"39":{"start":{"line":106,"column":31},"end":{"line":113,"column":9}},"40":{"start":{"line":115,"column":28},"end":{"line":115,"column":135}},"41":{"start":{"line":116,"column":8},"end":{"line":118,"column":null}},"42":{"start":{"line":117,"column":12},"end":{"line":117,"column":null}},"43":{"start":{"line":119,"column":8},"end":{"line":119,"column":null}},"44":{"start":{"line":120,"column":8},"end":{"line":120,"column":null}},"45":{"start":{"line":123,"column":27},"end":{"line":123,"column":189}},"46":{"start":{"line":126,"column":24},"end":{"line":126,"column":34}},"47":{"start":{"line":127,"column":8},"end":{"line":127,"column":null}},"48":{"start":{"line":128,"column":8},"end":{"line":128,"column":null}},"49":{"start":{"line":129,"column":8},"end":{"line":129,"column":null}},"50":{"start":{"line":132,"column":24},"end":{"line":132,"column":34}},"51":{"start":{"line":133,"column":8},"end":{"line":133,"column":null}},"52":{"start":{"line":134,"column":8},"end":{"line":134,"column":null}},"53":{"start":{"line":136,"column":8},"end":{"line":136,"column":null}},"54":{"start":{"line":137,"column":8},"end":{"line":137,"column":null}},"55":{"start":{"line":141,"column":28},"end":{"line":171,"column":9}},"56":{"start":{"line":150,"column":55},"end":{"line":150,"column":75}},"57":{"start":{"line":152,"column":57},"end":{"line":155,"column":17}},"58":{"start":{"line":157,"column":59},"end":{"line":165,"column":13}},"59":{"start":{"line":167,"column":58},"end":{"line":167,"column":70}},"60":{"start":{"line":168,"column":67},"end":{"line":168,"column":97}},"61":{"start":{"line":173,"column":30},"end":{"line":173,"column":123}},"62":{"start":{"line":174,"column":8},"end":{"line":174,"column":null}},"63":{"start":{"line":175,"column":8},"end":{"line":175,"column":null}},"64":{"start":{"line":176,"column":8},"end":{"line":176,"column":null}},"65":{"start":{"line":177,"column":8},"end":{"line":177,"column":null}},"66":{"start":{"line":182,"column":4},"end":{"line":188,"column":null}},"67":{"start":{"line":183,"column":8},"end":{"line":185,"column":null}},"68":{"start":{"line":184,"column":12},"end":{"line":184,"column":null}},"69":{"start":{"line":186,"column":8},"end":{"line":186,"column":null}},"70":{"start":{"line":187,"column":8},"end":{"line":187,"column":null}}},"fnMap":{"0":{"name":"(anonymous_0)","decl":{"start":{"line":8,"column":40},"end":{"line":8,"column":41}},"loc":{"start":{"line":8,"column":49},"end":{"line":15,"column":1}},"line":8},"1":{"name":"seedLegolex","decl":{"start":{"line":17,"column":9},"end":{"line":17,"column":20}},"loc":{"start":{"line":17,"column":23},"end":{"line":189,"column":null}},"line":17},"2":{"name":"(anonymous_2)","decl":{"start":{"line":18,"column":17},"end":{"line":18,"column":18}},"loc":{"start":{"line":18,"column":23},"end":{"line":179,"column":5}},"line":18},"3":{"name":"(anonymous_3)","decl":{"start":{"line":97,"column":28},"end":{"line":97,"column":32}},"loc":{"start":{"line":97,"column":36},"end":{"line":101,"column":9}},"line":97},"4":{"name":"(anonymous_4)","decl":{"start":{"line":116,"column":31},"end":{"line":116,"column":36}},"loc":{"start":{"line":116,"column":40},"end":{"line":118,"column":9}},"line":116},"5":{"name":"(anonymous_5)","decl":{"start":{"line":150,"column":50},"end":{"line":150,"column":51}},"loc":{"start":{"line":150,"column":55},"end":{"line":150,"column":75}},"line":150},"6":{"name":"(anonymous_6)","decl":{"start":{"line":152,"column":41},"end":{"line":152,"column":42}},"loc":{"start":{"line":152,"column":57},"end":{"line":155,"column":17}},"line":152},"7":{"name":"(anonymous_7)","decl":{"start":{"line":157,"column":41},"end":{"line":157,"column":42}},"loc":{"start":{"line":157,"column":59},"end":{"line":165,"column":13}},"line":157},"8":{"name":"(anonymous_8)","decl":{"start":{"line":167,"column":46},"end":{"line":167,"column":47}},"loc":{"start":{"line":167,"column":58},"end":{"line":167,"column":70}},"line":167},"9":{"name":"(anonymous_9)","decl":{"start":{"line":168,"column":55},"end":{"line":168,"column":56}},"loc":{"start":{"line":168,"column":67},"end":{"line":168,"column":97}},"line":168},"10":{"name":"(anonymous_10)","decl":{"start":{"line":182,"column":13},"end":{"line":182,"column":14}},"loc":{"start":{"line":182,"column":22},"end":{"line":188,"column":5}},"line":182}},"branchMap":{"0":{"loc":{"start":{"line":9,"column":4},"end":{"line":12,"column":null}},"type":"if","locations":[{"start":{"line":9,"column":4},"end":{"line":12,"column":null}},{"start":{},"end":{}}],"line":9},"1":{"loc":{"start":{"line":183,"column":8},"end":{"line":185,"column":null}},"type":"if","locations":[{"start":{"line":183,"column":8},"end":{"line":185,"column":null}},{"start":{},"end":{}}],"line":183}},"s":{"0":0,"1":0,"2":0,"3":0,"4":0,"5":0,"6":0,"7":0,"8":0,"9":0,"10":0,"11":0,"12":0,"13":0,"14":0,"15":0,"16":0,"17":0,"18":0,"19":0,"20":0,"21":0,"22":0,"23":0,"24":0,"25":0,"26":0,"27":0,"28":0,"29":0,"30":0,"31":0,"32":0,"33":0,"34":0,"35":0,"36":0,"37":0,"38":0,"39":0,"40":0,"41":0,"42":0,"43":0,"44":0,"45":0,"46":0,"47":0,"48":0,"49":0,"50":0,"51":0,"52":0,"53":0,"54":0,"55":0,"56":0,"57":0,"58":0,"59":0,"60":0,"61":0,"62":0,"63":0,"64":0,"65":0,"66":0,"67":0,"68":0,"69":0,"70":0},"f":{"0":0,"1":0,"2":0,"3":0,"4":0,"5":0,"6":0,"7":0,"8":0,"9":0,"10":0},"b":{"0":[0,0],"1":[0,0]},"meta":{"lastBranch":2,"lastFunction":11,"lastStatement":71,"seen":{"s:1:16:1:44":0,"s:2:13:2:28":1,"s:3:23:3:38":2,"s:4:15:4:34":3,"s:6:15:6:55":4,"s:8:11:15:2":5,"f:8:40:8:41":0,"b:9:4:12:Infinity:undefined:undefined:undefined:undefined":0,"s:9:4:12:Infinity":6,"s:10:8:10:Infinity":7,"s:11:8:11:Infinity":8,"s:13:4:13:Infinity":9,"s:14:4:14:Infinity":10,"f:17:9:17:20":1,"s:18:4:179:Infinity":11,"f:18:17:18:18":2,"s:20:22:20:59":12,"s:25:8:25:Infinity":13,"s:27:26:27:121":14,"s:28:8:28:Infinity":15,"s:29:8:29:Infinity":16,"s:32:24:32:68":17,"s:33:23:33:66":18,"s:34:29:34:57":19,"s:36:27:36:153":20,"s:39:8:39:Infinity":21,"s:41:8:41:Infinity":22,"s:43:8:43:Infinity":23,"s:44:8:44:Infinity":24,"s:47:26:47:64":25,"s:48:30:48:131":26,"s:49:8:49:Infinity":27,"s:50:8:50:Infinity":28,"s:51:8:51:Infinity":29,"s:54:28:91:9":30,"s:93:27:93:227":31,"s:95:24:95:26":32,"s:97:8:101:Infinity":33,"f:97:28:97:32":3,"s:98:23:98:53":34,"s:99:12:99:Infinity":35,"s:100:12:100:Infinity":36,"s:102:8:102:Infinity":37,"s:103:8:103:Infinity":38,"s:106:31:113:9":39,"s:115:28:115:135":40,"s:116:8:118:Infinity":41,"f:116:31:116:36":4,"s:117:12:117:Infinity":42,"s:119:8:119:Infinity":43,"s:120:8:120:Infinity":44,"s:123:27:123:189":45,"s:126:24:126:34":46,"s:127:8:127:Infinity":47,"s:128:8:128:Infinity":48,"s:129:8:129:Infinity":49,"s:132:24:132:34":50,"s:133:8:133:Infinity":51,"s:134:8:134:Infinity":52,"s:136:8:136:Infinity":53,"s:137:8:137:Infinity":54,"s:141:28:171:9":55,"f:150:50:150:51":5,"s:150:55:150:75":56,"f:152:41:152:42":6,"s:152:57:155:17":57,"f:157:41:157:42":7,"s:157:59:165:13":58,"f:167:46:167:47":8,"s:167:58:167:70":59,"f:168:55:168:56":9,"s:168:67:168:97":60,"s:173:30:173:123":61,"s:174:8:174:Infinity":62,"s:175:8:175:Infinity":63,"s:176:8:176:Infinity":64,"s:177:8:177:Infinity":65,"s:182:4:188:Infinity":66,"f:182:13:182:14":10,"b:183:8:185:Infinity:undefined:undefined:undefined:undefined":1,"s:183:8:185:Infinity":67,"s:184:12:184:Infinity":68,"s:186:8:186:Infinity":69,"s:187:8:187:Infinity":70}}}
,"/Users/piotrwisniewski/Documents/Antygracity/DRD/consultify/server/seed_saudi.js": {"path":"/Users/piotrwisniewski/Documents/Antygracity/DRD/consultify/server/seed_saudi.js","statementMap":{"0":{"start":{"line":1,"column":16},"end":{"line":1,"column":44}},"1":{"start":{"line":2,"column":13},"end":{"line":2,"column":28}},"2":{"start":{"line":3,"column":23},"end":{"line":3,"column":38}},"3":{"start":{"line":4,"column":15},"end":{"line":4,"column":34}},"4":{"start":{"line":5,"column":11},"end":{"line":5,"column":24}},"5":{"start":{"line":7,"column":15},"end":{"line":7,"column":55}},"6":{"start":{"line":10,"column":0},"end":{"line":17,"column":null}},"7":{"start":{"line":11,"column":4},"end":{"line":14,"column":null}},"8":{"start":{"line":12,"column":8},"end":{"line":12,"column":null}},"9":{"start":{"line":13,"column":8},"end":{"line":13,"column":null}},"10":{"start":{"line":16,"column":4},"end":{"line":16,"column":null}},"11":{"start":{"line":19,"column":11},"end":{"line":19,"column":39}},"12":{"start":{"line":21,"column":15},"end":{"line":21,"column":23}},"13":{"start":{"line":22,"column":16},"end":{"line":22,"column":24}},"14":{"start":{"line":23,"column":19},"end":{"line":23,"column":27}},"15":{"start":{"line":26,"column":26},"end":{"line":69,"column":1}},"16":{"start":{"line":71,"column":0},"end":{"line":71,"column":null}},"17":{"start":{"line":73,"column":0},"end":{"line":154,"column":null}},"18":{"start":{"line":75,"column":4},"end":{"line":80,"column":null}},"19":{"start":{"line":82,"column":4},"end":{"line":93,"column":null}},"20":{"start":{"line":95,"column":4},"end":{"line":103,"column":null}},"21":{"start":{"line":105,"column":4},"end":{"line":111,"column":null}},"22":{"start":{"line":113,"column":4},"end":{"line":116,"column":null}},"23":{"start":{"line":119,"column":4},"end":{"line":122,"column":null}},"24":{"start":{"line":120,"column":8},"end":{"line":121,"column":null}},"25":{"start":{"line":120,"column":17},"end":{"line":120,"column":null}},"26":{"start":{"line":121,"column":13},"end":{"line":121,"column":null}},"27":{"start":{"line":125,"column":21},"end":{"line":125,"column":53}},"28":{"start":{"line":126,"column":4},"end":{"line":130,"column":null}},"29":{"start":{"line":128,"column":12},"end":{"line":129,"column":null}},"30":{"start":{"line":128,"column":21},"end":{"line":128,"column":null}},"31":{"start":{"line":129,"column":17},"end":{"line":129,"column":null}},"32":{"start":{"line":133,"column":4},"end":{"line":137,"column":null}},"33":{"start":{"line":135,"column":12},"end":{"line":136,"column":null}},"34":{"start":{"line":135,"column":21},"end":{"line":135,"column":null}},"35":{"start":{"line":136,"column":17},"end":{"line":136,"column":null}},"36":{"start":{"line":140,"column":4},"end":{"line":144,"column":null}},"37":{"start":{"line":142,"column":12},"end":{"line":143,"column":null}},"38":{"start":{"line":142,"column":21},"end":{"line":142,"column":null}},"39":{"start":{"line":143,"column":17},"end":{"line":143,"column":null}},"40":{"start":{"line":147,"column":18},"end":{"line":147,"column":26}},"41":{"start":{"line":148,"column":22},"end":{"line":148,"column":30}},"42":{"start":{"line":149,"column":4},"end":{"line":149,"column":null}},"43":{"start":{"line":150,"column":4},"end":{"line":151,"column":null}},"44":{"start":{"line":152,"column":4},"end":{"line":152,"column":null}},"45":{"start":{"line":157,"column":0},"end":{"line":160,"column":null}},"46":{"start":{"line":158,"column":4},"end":{"line":158,"column":null}},"47":{"start":{"line":159,"column":4},"end":{"line":159,"column":null}}},"fnMap":{"0":{"name":"(anonymous_0)","decl":{"start":{"line":73,"column":13},"end":{"line":73,"column":14}},"loc":{"start":{"line":73,"column":19},"end":{"line":154,"column":1}},"line":73},"1":{"name":"(anonymous_1)","decl":{"start":{"line":119,"column":146},"end":{"line":119,"column":147}},"loc":{"start":{"line":119,"column":155},"end":{"line":122,"column":5}},"line":119},"2":{"name":"(anonymous_2)","decl":{"start":{"line":127,"column":88},"end":{"line":127,"column":89}},"loc":{"start":{"line":127,"column":97},"end":{"line":130,"column":9}},"line":127},"3":{"name":"(anonymous_3)","decl":{"start":{"line":134,"column":78},"end":{"line":134,"column":79}},"loc":{"start":{"line":134,"column":87},"end":{"line":137,"column":9}},"line":134},"4":{"name":"(anonymous_4)","decl":{"start":{"line":141,"column":74},"end":{"line":141,"column":75}},"loc":{"start":{"line":141,"column":83},"end":{"line":144,"column":9}},"line":141},"5":{"name":"(anonymous_5)","decl":{"start":{"line":157,"column":11},"end":{"line":157,"column":12}},"loc":{"start":{"line":157,"column":17},"end":{"line":160,"column":1}},"line":157}},"branchMap":{"0":{"loc":{"start":{"line":11,"column":4},"end":{"line":14,"column":null}},"type":"if","locations":[{"start":{"line":11,"column":4},"end":{"line":14,"column":null}},{"start":{},"end":{}}],"line":11},"1":{"loc":{"start":{"line":120,"column":8},"end":{"line":121,"column":null}},"type":"if","locations":[{"start":{"line":120,"column":8},"end":{"line":121,"column":null}},{"start":{"line":121,"column":13},"end":{"line":121,"column":null}}],"line":120},"2":{"loc":{"start":{"line":128,"column":12},"end":{"line":129,"column":null}},"type":"if","locations":[{"start":{"line":128,"column":12},"end":{"line":129,"column":null}},{"start":{"line":129,"column":17},"end":{"line":129,"column":null}}],"line":128},"3":{"loc":{"start":{"line":135,"column":12},"end":{"line":136,"column":null}},"type":"if","locations":[{"start":{"line":135,"column":12},"end":{"line":136,"column":null}},{"start":{"line":136,"column":17},"end":{"line":136,"column":null}}],"line":135},"4":{"loc":{"start":{"line":142,"column":12},"end":{"line":143,"column":null}},"type":"if","locations":[{"start":{"line":142,"column":12},"end":{"line":143,"column":null}},{"start":{"line":143,"column":17},"end":{"line":143,"column":null}}],"line":142}},"s":{"0":0,"1":0,"2":0,"3":0,"4":0,"5":0,"6":0,"7":0,"8":0,"9":0,"10":0,"11":0,"12":0,"13":0,"14":0,"15":0,"16":0,"17":0,"18":0,"19":0,"20":0,"21":0,"22":0,"23":0,"24":0,"25":0,"26":0,"27":0,"28":0,"29":0,"30":0,"31":0,"32":0,"33":0,"34":0,"35":0,"36":0,"37":0,"38":0,"39":0,"40":0,"41":0,"42":0,"43":0,"44":0,"45":0,"46":0,"47":0},"f":{"0":0,"1":0,"2":0,"3":0,"4":0,"5":0},"b":{"0":[0,0],"1":[0,0],"2":[0,0],"3":[0,0],"4":[0,0]},"meta":{"lastBranch":5,"lastFunction":6,"lastStatement":48,"seen":{"s:1:16:1:44":0,"s:2:13:2:28":1,"s:3:23:3:38":2,"s:4:15:4:34":3,"s:5:11:5:24":4,"s:7:15:7:55":5,"s:10:0:17:Infinity":6,"b:11:4:14:Infinity:undefined:undefined:undefined:undefined":0,"s:11:4:14:Infinity":7,"s:12:8:12:Infinity":8,"s:13:8:13:Infinity":9,"s:16:4:16:Infinity":10,"s:19:11:19:39":11,"s:21:15:21:23":12,"s:22:16:22:24":13,"s:23:19:23:27":14,"s:26:26:69:1":15,"s:71:0:71:Infinity":16,"s:73:0:154:Infinity":17,"f:73:13:73:14":0,"s:75:4:80:Infinity":18,"s:82:4:93:Infinity":19,"s:95:4:103:Infinity":20,"s:105:4:111:Infinity":21,"s:113:4:116:Infinity":22,"s:119:4:122:Infinity":23,"f:119:146:119:147":1,"b:120:8:121:Infinity:121:13:121:Infinity":1,"s:120:8:121:Infinity":24,"s:120:17:120:Infinity":25,"s:121:13:121:Infinity":26,"s:125:21:125:53":27,"s:126:4:130:Infinity":28,"f:127:88:127:89":2,"b:128:12:129:Infinity:129:17:129:Infinity":2,"s:128:12:129:Infinity":29,"s:128:21:128:Infinity":30,"s:129:17:129:Infinity":31,"s:133:4:137:Infinity":32,"f:134:78:134:79":3,"b:135:12:136:Infinity:136:17:136:Infinity":3,"s:135:12:136:Infinity":33,"s:135:21:135:Infinity":34,"s:136:17:136:Infinity":35,"s:140:4:144:Infinity":36,"f:141:74:141:75":4,"b:142:12:143:Infinity:143:17:143:Infinity":4,"s:142:12:143:Infinity":37,"s:142:21:142:Infinity":38,"s:143:17:143:Infinity":39,"s:147:18:147:26":40,"s:148:22:148:30":41,"s:149:4:149:Infinity":42,"s:150:4:151:Infinity":43,"s:152:4:152:Infinity":44,"s:157:0:160:Infinity":45,"f:157:11:157:12":5,"s:158:4:158:Infinity":46,"s:159:4:159:Infinity":47}}}
,"/Users/piotrwisniewski/Documents/Antygracity/DRD/consultify/server/cron/cleanupRevokedTokens.js": {"path":"/Users/piotrwisniewski/Documents/Antygracity/DRD/consultify/server/cron/cleanupRevokedTokens.js","statementMap":{"0":{"start":{"line":6,"column":11},"end":{"line":6,"column":33}},"1":{"start":{"line":7,"column":15},"end":{"line":7,"column":35}},"2":{"start":{"line":9,"column":22},"end":{"line":9,"column":26}},"3":{"start":{"line":12,"column":4},"end":{"line":12,"column":null}},"4":{"start":{"line":14,"column":4},"end":{"line":23,"column":null}},"5":{"start":{"line":17,"column":12},"end":{"line":21,"column":null}},"6":{"start":{"line":18,"column":16},"end":{"line":18,"column":null}},"7":{"start":{"line":19,"column":19},"end":{"line":21,"column":null}},"8":{"start":{"line":20,"column":16},"end":{"line":20,"column":null}},"9":{"start":{"line":28,"column":4},"end":{"line":30,"column":null}},"10":{"start":{"line":29,"column":8},"end":{"line":29,"column":null}},"11":{"start":{"line":33,"column":4},"end":{"line":33,"column":null}},"12":{"start":{"line":34,"column":4},"end":{"line":34,"column":null}},"13":{"start":{"line":38,"column":4},"end":{"line":42,"column":null}},"14":{"start":{"line":39,"column":8},"end":{"line":39,"column":null}},"15":{"start":{"line":40,"column":8},"end":{"line":40,"column":null}},"16":{"start":{"line":41,"column":8},"end":{"line":41,"column":null}},"17":{"start":{"line":45,"column":0},"end":{"line":49,"column":null}}},"fnMap":{"0":{"name":"cleanupRevokedTokens","decl":{"start":{"line":11,"column":9},"end":{"line":11,"column":29}},"loc":{"start":{"line":11,"column":32},"end":{"line":24,"column":null}},"line":11},"1":{"name":"(anonymous_1)","decl":{"start":{"line":16,"column":8},"end":{"line":16,"column":16}},"loc":{"start":{"line":16,"column":23},"end":{"line":22,"column":null}},"line":16},"2":{"name":"startCleanupJob","decl":{"start":{"line":26,"column":9},"end":{"line":26,"column":24}},"loc":{"start":{"line":26,"column":27},"end":{"line":35,"column":null}},"line":26},"3":{"name":"(anonymous_3)","decl":{"start":{"line":28,"column":15},"end":{"line":28,"column":16}},"loc":{"start":{"line":28,"column":21},"end":{"line":30,"column":5}},"line":28},"4":{"name":"stopCleanupJob","decl":{"start":{"line":37,"column":9},"end":{"line":37,"column":23}},"loc":{"start":{"line":37,"column":26},"end":{"line":43,"column":null}},"line":37}},"branchMap":{"0":{"loc":{"start":{"line":17,"column":12},"end":{"line":21,"column":null}},"type":"if","locations":[{"start":{"line":17,"column":12},"end":{"line":21,"column":null}},{"start":{"line":19,"column":19},"end":{"line":21,"column":null}}],"line":17},"1":{"loc":{"start":{"line":19,"column":19},"end":{"line":21,"column":null}},"type":"if","locations":[{"start":{"line":19,"column":19},"end":{"line":21,"column":null}},{"start":{},"end":{}}],"line":19},"2":{"loc":{"start":{"line":38,"column":4},"end":{"line":42,"column":null}},"type":"if","locations":[{"start":{"line":38,"column":4},"end":{"line":42,"column":null}},{"start":{},"end":{}}],"line":38}},"s":{"0":0,"1":0,"2":0,"3":0,"4":0,"5":0,"6":0,"7":0,"8":0,"9":0,"10":0,"11":0,"12":0,"13":0,"14":0,"15":0,"16":0,"17":0},"f":{"0":0,"1":0,"2":0,"3":0,"4":0},"b":{"0":[0,0],"1":[0,0],"2":[0,0]},"meta":{"lastBranch":3,"lastFunction":5,"lastStatement":18,"seen":{"s:6:11:6:33":0,"s:7:15:7:35":1,"s:9:22:9:26":2,"f:11:9:11:29":0,"s:12:4:12:Infinity":3,"s:14:4:23:Infinity":4,"f:16:8:16:16":1,"b:17:12:21:Infinity:19:19:21:Infinity":0,"s:17:12:21:Infinity":5,"s:18:16:18:Infinity":6,"b:19:19:21:Infinity:undefined:undefined:undefined:undefined":1,"s:19:19:21:Infinity":7,"s:20:16:20:Infinity":8,"f:26:9:26:24":2,"s:28:4:30:Infinity":9,"f:28:15:28:16":3,"s:29:8:29:Infinity":10,"s:33:4:33:Infinity":11,"s:34:4:34:Infinity":12,"f:37:9:37:23":4,"b:38:4:42:Infinity:undefined:undefined:undefined:undefined":2,"s:38:4:42:Infinity":13,"s:39:8:39:Infinity":14,"s:40:8:40:Infinity":15,"s:41:8:41:Infinity":16,"s:45:0:49:Infinity":17}}}
,"/Users/piotrwisniewski/Documents/Antygracity/DRD/consultify/server/middleware/adminMiddleware.js": {"path":"/Users/piotrwisniewski/Documents/Antygracity/DRD/consultify/server/middleware/adminMiddleware.js","statementMap":{"0":{"start":{"line":1,"column":12},"end":{"line":1,"column":35}},"1":{"start":{"line":2,"column":19},"end":{"line":2,"column":87}},"2":{"start":{"line":8,"column":20},"end":{"line":27,"column":1}},"3":{"start":{"line":9,"column":18},"end":{"line":9,"column":79}},"4":{"start":{"line":10,"column":4},"end":{"line":10,"column":null}},"5":{"start":{"line":10,"column":16},"end":{"line":10,"column":null}},"6":{"start":{"line":12,"column":23},"end":{"line":12,"column":75}},"7":{"start":{"line":14,"column":4},"end":{"line":26,"column":null}},"8":{"start":{"line":15,"column":8},"end":{"line":15,"column":null}},"9":{"start":{"line":15,"column":17},"end":{"line":15,"column":null}},"10":{"start":{"line":18,"column":8},"end":{"line":20,"column":null}},"11":{"start":{"line":19,"column":12},"end":{"line":19,"column":null}},"12":{"start":{"line":22,"column":8},"end":{"line":22,"column":null}},"13":{"start":{"line":23,"column":8},"end":{"line":23,"column":null}},"14":{"start":{"line":24,"column":8},"end":{"line":24,"column":null}},"15":{"start":{"line":25,"column":8},"end":{"line":25,"column":null}},"16":{"start":{"line":34,"column":24},"end":{"line":84,"column":1}},"17":{"start":{"line":35,"column":4},"end":{"line":83,"column":null}},"18":{"start":{"line":37,"column":28},"end":{"line":59,"column":9}},"19":{"start":{"line":61,"column":25},"end":{"line":61,"column":55}},"20":{"start":{"line":62,"column":32},"end":{"line":62,"column":59}},"21":{"start":{"line":65,"column":30},"end":{"line":72,"column":10}},"22":{"start":{"line":66,"column":12},"end":{"line":66,"column":null}},"23":{"start":{"line":66,"column":45},"end":{"line":66,"column":null}},"24":{"start":{"line":68,"column":12},"end":{"line":68,"column":null}},"25":{"start":{"line":68,"column":84},"end":{"line":68,"column":null}},"26":{"start":{"line":70,"column":35},"end":{"line":70,"column":73}},"27":{"start":{"line":71,"column":12},"end":{"line":71,"column":null}},"28":{"start":{"line":74,"column":8},"end":{"line":80,"column":null}},"29":{"start":{"line":75,"column":12},"end":{"line":79,"column":null}},"30":{"start":{"line":82,"column":8},"end":{"line":82,"column":null}},"31":{"start":{"line":86,"column":0},"end":{"line":86,"column":null}}},"fnMap":{"0":{"name":"(anonymous_0)","decl":{"start":{"line":8,"column":20},"end":{"line":8,"column":21}},"loc":{"start":{"line":8,"column":40},"end":{"line":27,"column":1}},"line":8},"1":{"name":"(anonymous_1)","decl":{"start":{"line":14,"column":39},"end":{"line":14,"column":40}},"loc":{"start":{"line":14,"column":57},"end":{"line":26,"column":5}},"line":14},"2":{"name":"(anonymous_2)","decl":{"start":{"line":34,"column":24},"end":{"line":34,"column":25}},"loc":{"start":{"line":34,"column":48},"end":{"line":84,"column":1}},"line":34},"3":{"name":"(anonymous_3)","decl":{"start":{"line":35,"column":11},"end":{"line":35,"column":12}},"loc":{"start":{"line":35,"column":31},"end":{"line":83,"column":5}},"line":35},"4":{"name":"(anonymous_4)","decl":{"start":{"line":65,"column":51},"end":{"line":65,"column":55}},"loc":{"start":{"line":65,"column":59},"end":{"line":72,"column":9}},"line":65}},"branchMap":{"0":{"loc":{"start":{"line":2,"column":19},"end":{"line":2,"column":87}},"type":"binary-expr","locations":[{"start":{"line":2,"column":19},"end":{"line":2,"column":41}},{"start":{"line":2,"column":45},"end":{"line":2,"column":87}}],"line":2},"1":{"loc":{"start":{"line":9,"column":18},"end":{"line":9,"column":79}},"type":"binary-expr","locations":[{"start":{"line":9,"column":18},"end":{"line":9,"column":46}},{"start":{"line":9,"column":50},"end":{"line":9,"column":79}}],"line":9},"2":{"loc":{"start":{"line":10,"column":4},"end":{"line":10,"column":null}},"type":"if","locations":[{"start":{"line":10,"column":4},"end":{"line":10,"column":null}},{"start":{},"end":{}}],"line":10},"3":{"loc":{"start":{"line":12,"column":23},"end":{"line":12,"column":75}},"type":"cond-expr","locations":[{"start":{"line":12,"column":53},"end":{"line":12,"column":67}},{"start":{"line":12,"column":70},"end":{"line":12,"column":75}}],"line":12},"4":{"loc":{"start":{"line":15,"column":8},"end":{"line":15,"column":null}},"type":"if","locations":[{"start":{"line":15,"column":8},"end":{"line":15,"column":null}},{"start":{},"end":{}}],"line":15},"5":{"loc":{"start":{"line":18,"column":8},"end":{"line":20,"column":null}},"type":"if","locations":[{"start":{"line":18,"column":8},"end":{"line":20,"column":null}},{"start":{},"end":{}}],"line":18},"6":{"loc":{"start":{"line":18,"column":12},"end":{"line":18,"column":69}},"type":"binary-expr","locations":[{"start":{"line":18,"column":12},"end":{"line":18,"column":36}},{"start":{"line":18,"column":40},"end":{"line":18,"column":69}}],"line":18},"7":{"loc":{"start":{"line":61,"column":25},"end":{"line":61,"column":55}},"type":"binary-expr","locations":[{"start":{"line":61,"column":25},"end":{"line":61,"column":37}},{"start":{"line":61,"column":41},"end":{"line":61,"column":55}}],"line":61},"8":{"loc":{"start":{"line":62,"column":32},"end":{"line":62,"column":59}},"type":"binary-expr","locations":[{"start":{"line":62,"column":32},"end":{"line":62,"column":53}},{"start":{"line":62,"column":57},"end":{"line":62,"column":59}}],"line":62},"9":{"loc":{"start":{"line":66,"column":12},"end":{"line":66,"column":null}},"type":"if","locations":[{"start":{"line":66,"column":12},"end":{"line":66,"column":null}},{"start":{},"end":{}}],"line":66},"10":{"loc":{"start":{"line":68,"column":12},"end":{"line":68,"column":null}},"type":"if","locations":[{"start":{"line":68,"column":12},"end":{"line":68,"column":null}},{"start":{},"end":{}}],"line":68},"11":{"loc":{"start":{"line":68,"column":16},"end":{"line":68,"column":82}},"type":"binary-expr","locations":[{"start":{"line":68,"column":16},"end":{"line":68,"column":51}},{"start":{"line":68,"column":55},"end":{"line":68,"column":82}}],"line":68},"12":{"loc":{"start":{"line":74,"column":8},"end":{"line":80,"column":null}},"type":"if","locations":[{"start":{"line":74,"column":8},"end":{"line":80,"column":null}},{"start":{},"end":{}}],"line":74}},"s":{"0":0,"1":0,"2":0,"3":0,"4":0,"5":0,"6":0,"7":0,"8":0,"9":0,"10":0,"11":0,"12":0,"13":0,"14":0,"15":0,"16":0,"17":0,"18":0,"19":0,"20":0,"21":0,"22":0,"23":0,"24":0,"25":0,"26":0,"27":0,"28":0,"29":0,"30":0,"31":0},"f":{"0":0,"1":0,"2":0,"3":0,"4":0},"b":{"0":[0,0],"1":[0,0],"2":[0,0],"3":[0,0],"4":[0,0],"5":[0,0],"6":[0,0],"7":[0,0],"8":[0,0],"9":[0,0],"10":[0,0],"11":[0,0],"12":[0,0]},"meta":{"lastBranch":13,"lastFunction":5,"lastStatement":32,"seen":{"s:1:12:1:35":0,"s:2:19:2:87":1,"b:2:19:2:41:2:45:2:87":0,"s:8:20:27:1":2,"f:8:20:8:21":0,"s:9:18:9:79":3,"b:9:18:9:46:9:50:9:79":1,"b:10:4:10:Infinity:undefined:undefined:undefined:undefined":2,"s:10:4:10:Infinity":4,"s:10:16:10:Infinity":5,"s:12:23:12:75":6,"b:12:53:12:67:12:70:12:75":3,"s:14:4:26:Infinity":7,"f:14:39:14:40":1,"b:15:8:15:Infinity:undefined:undefined:undefined:undefined":4,"s:15:8:15:Infinity":8,"s:15:17:15:Infinity":9,"b:18:8:20:Infinity:undefined:undefined:undefined:undefined":5,"s:18:8:20:Infinity":10,"b:18:12:18:36:18:40:18:69":6,"s:19:12:19:Infinity":11,"s:22:8:22:Infinity":12,"s:23:8:23:Infinity":13,"s:24:8:24:Infinity":14,"s:25:8:25:Infinity":15,"s:34:24:84:1":16,"f:34:24:34:25":2,"s:35:4:83:Infinity":17,"f:35:11:35:12":3,"s:37:28:59:9":18,"s:61:25:61:55":19,"b:61:25:61:37:61:41:61:55":7,"s:62:32:62:59":20,"b:62:32:62:53:62:57:62:59":8,"s:65:30:72:10":21,"f:65:51:65:55":4,"b:66:12:66:Infinity:undefined:undefined:undefined:undefined":9,"s:66:12:66:Infinity":22,"s:66:45:66:Infinity":23,"b:68:12:68:Infinity:undefined:undefined:undefined:undefined":10,"s:68:12:68:Infinity":24,"b:68:16:68:51:68:55:68:82":11,"s:68:84:68:Infinity":25,"s:70:35:70:73":26,"s:71:12:71:Infinity":27,"b:74:8:80:Infinity:undefined:undefined:undefined:undefined":12,"s:74:8:80:Infinity":28,"s:75:12:79:Infinity":29,"s:82:8:82:Infinity":30,"s:86:0:86:Infinity":31}}}
,"/Users/piotrwisniewski/Documents/Antygracity/DRD/consultify/server/middleware/authMiddleware.js": {"path":"/Users/piotrwisniewski/Documents/Antygracity/DRD/consultify/server/middleware/authMiddleware.js","statementMap":{"0":{"start":{"line":1,"column":12},"end":{"line":1,"column":35}},"1":{"start":{"line":2,"column":15},"end":{"line":2,"column":35}},"2":{"start":{"line":3,"column":11},"end":{"line":3,"column":33}},"3":{"start":{"line":6,"column":18},"end":{"line":6,"column":79}},"4":{"start":{"line":8,"column":4},"end":{"line":10,"column":null}},"5":{"start":{"line":9,"column":8},"end":{"line":9,"column":null}},"6":{"start":{"line":13,"column":23},"end":{"line":13,"column":75}},"7":{"start":{"line":15,"column":4},"end":{"line":67,"column":null}},"8":{"start":{"line":16,"column":8},"end":{"line":21,"column":null}},"9":{"start":{"line":17,"column":12},"end":{"line":19,"column":null}},"10":{"start":{"line":18,"column":16},"end":{"line":18,"column":null}},"11":{"start":{"line":20,"column":12},"end":{"line":20,"column":null}},"12":{"start":{"line":24,"column":8},"end":{"line":66,"column":null}},"13":{"start":{"line":25,"column":12},"end":{"line":62,"column":null}},"14":{"start":{"line":29,"column":20},"end":{"line":32,"column":null}},"15":{"start":{"line":30,"column":24},"end":{"line":30,"column":null}},"16":{"start":{"line":34,"column":20},"end":{"line":36,"column":null}},"17":{"start":{"line":35,"column":24},"end":{"line":35,"column":null}},"18":{"start":{"line":39,"column":20},"end":{"line":60,"column":null}},"19":{"start":{"line":43,"column":28},"end":{"line":45,"column":null}},"20":{"start":{"line":44,"column":32},"end":{"line":44,"column":null}},"21":{"start":{"line":47,"column":28},"end":{"line":55,"column":null}},"22":{"start":{"line":49,"column":51},"end":{"line":49,"column":94}},"23":{"start":{"line":50,"column":54},"end":{"line":50,"column":72}},"24":{"start":{"line":52,"column":32},"end":{"line":54,"column":null}},"25":{"start":{"line":53,"column":36},"end":{"line":53,"column":null}},"26":{"start":{"line":58,"column":28},"end":{"line":58,"column":null}},"27":{"start":{"line":65,"column":12},"end":{"line":65,"column":null}},"28":{"start":{"line":71,"column":4},"end":{"line":71,"column":null}},"29":{"start":{"line":72,"column":4},"end":{"line":72,"column":null}},"30":{"start":{"line":73,"column":4},"end":{"line":73,"column":null}},"31":{"start":{"line":74,"column":4},"end":{"line":74,"column":null}},"32":{"start":{"line":77,"column":0},"end":{"line":77,"column":null}}},"fnMap":{"0":{"name":"verifyToken","decl":{"start":{"line":5,"column":9},"end":{"line":5,"column":20}},"loc":{"start":{"line":5,"column":37},"end":{"line":68,"column":null}},"line":5},"1":{"name":"(anonymous_1)","decl":{"start":{"line":15,"column":46},"end":{"line":15,"column":47}},"loc":{"start":{"line":15,"column":64},"end":{"line":67,"column":5}},"line":15},"2":{"name":"(anonymous_2)","decl":{"start":{"line":28,"column":16},"end":{"line":28,"column":17}},"loc":{"start":{"line":28,"column":32},"end":{"line":61,"column":null}},"line":28},"3":{"name":"(anonymous_3)","decl":{"start":{"line":42,"column":24},"end":{"line":42,"column":25}},"loc":{"start":{"line":42,"column":50},"end":{"line":59,"column":null}},"line":42},"4":{"name":"attachUser","decl":{"start":{"line":70,"column":9},"end":{"line":70,"column":19}},"loc":{"start":{"line":70,"column":40},"end":{"line":75,"column":null}},"line":70}},"branchMap":{"0":{"loc":{"start":{"line":6,"column":18},"end":{"line":6,"column":79}},"type":"binary-expr","locations":[{"start":{"line":6,"column":18},"end":{"line":6,"column":47}},{"start":{"line":6,"column":51},"end":{"line":6,"column":79}}],"line":6},"1":{"loc":{"start":{"line":8,"column":4},"end":{"line":10,"column":null}},"type":"if","locations":[{"start":{"line":8,"column":4},"end":{"line":10,"column":null}},{"start":{},"end":{}}],"line":8},"2":{"loc":{"start":{"line":13,"column":23},"end":{"line":13,"column":75}},"type":"cond-expr","locations":[{"start":{"line":13,"column":53},"end":{"line":13,"column":67}},{"start":{"line":13,"column":70},"end":{"line":13,"column":75}}],"line":13},"3":{"loc":{"start":{"line":16,"column":8},"end":{"line":21,"column":null}},"type":"if","locations":[{"start":{"line":16,"column":8},"end":{"line":21,"column":null}},{"start":{},"end":{}}],"line":16},"4":{"loc":{"start":{"line":17,"column":12},"end":{"line":19,"column":null}},"type":"if","locations":[{"start":{"line":17,"column":12},"end":{"line":19,"column":null}},{"start":{},"end":{}}],"line":17},"5":{"loc":{"start":{"line":24,"column":8},"end":{"line":66,"column":null}},"type":"if","locations":[{"start":{"line":24,"column":8},"end":{"line":66,"column":null}},{"start":{"line":63,"column":15},"end":{"line":66,"column":null}}],"line":24},"6":{"loc":{"start":{"line":29,"column":20},"end":{"line":32,"column":null}},"type":"if","locations":[{"start":{"line":29,"column":20},"end":{"line":32,"column":null}},{"start":{},"end":{}}],"line":29},"7":{"loc":{"start":{"line":34,"column":20},"end":{"line":36,"column":null}},"type":"if","locations":[{"start":{"line":34,"column":20},"end":{"line":36,"column":null}},{"start":{},"end":{}}],"line":34},"8":{"loc":{"start":{"line":43,"column":28},"end":{"line":45,"column":null}},"type":"if","locations":[{"start":{"line":43,"column":28},"end":{"line":45,"column":null}},{"start":{},"end":{}}],"line":43},"9":{"loc":{"start":{"line":47,"column":28},"end":{"line":55,"column":null}},"type":"if","locations":[{"start":{"line":47,"column":28},"end":{"line":55,"column":null}},{"start":{},"end":{}}],"line":47},"10":{"loc":{"start":{"line":52,"column":32},"end":{"line":54,"column":null}},"type":"if","locations":[{"start":{"line":52,"column":32},"end":{"line":54,"column":null}},{"start":{},"end":{}}],"line":52}},"s":{"0":0,"1":0,"2":0,"3":0,"4":0,"5":0,"6":0,"7":0,"8":0,"9":0,"10":0,"11":0,"12":0,"13":0,"14":0,"15":0,"16":0,"17":0,"18":0,"19":0,"20":0,"21":0,"22":0,"23":0,"24":0,"25":0,"26":0,"27":0,"28":0,"29":0,"30":0,"31":0,"32":0},"f":{"0":0,"1":0,"2":0,"3":0,"4":0},"b":{"0":[0,0],"1":[0,0],"2":[0,0],"3":[0,0],"4":[0,0],"5":[0,0],"6":[0,0],"7":[0,0],"8":[0,0],"9":[0,0],"10":[0,0]},"meta":{"lastBranch":11,"lastFunction":5,"lastStatement":33,"seen":{"s:1:12:1:35":0,"s:2:15:2:35":1,"s:3:11:3:33":2,"f:5:9:5:20":0,"s:6:18:6:79":3,"b:6:18:6:47:6:51:6:79":0,"b:8:4:10:Infinity:undefined:undefined:undefined:undefined":1,"s:8:4:10:Infinity":4,"s:9:8:9:Infinity":5,"s:13:23:13:75":6,"b:13:53:13:67:13:70:13:75":2,"s:15:4:67:Infinity":7,"f:15:46:15:47":1,"b:16:8:21:Infinity:undefined:undefined:undefined:undefined":3,"s:16:8:21:Infinity":8,"b:17:12:19:Infinity:undefined:undefined:undefined:undefined":4,"s:17:12:19:Infinity":9,"s:18:16:18:Infinity":10,"s:20:12:20:Infinity":11,"b:24:8:66:Infinity:63:15:66:Infinity":5,"s:24:8:66:Infinity":12,"s:25:12:62:Infinity":13,"f:28:16:28:17":2,"b:29:20:32:Infinity:undefined:undefined:undefined:undefined":6,"s:29:20:32:Infinity":14,"s:30:24:30:Infinity":15,"b:34:20:36:Infinity:undefined:undefined:undefined:undefined":7,"s:34:20:36:Infinity":16,"s:35:24:35:Infinity":17,"s:39:20:60:Infinity":18,"f:42:24:42:25":3,"b:43:28:45:Infinity:undefined:undefined:undefined:undefined":8,"s:43:28:45:Infinity":19,"s:44:32:44:Infinity":20,"b:47:28:55:Infinity:undefined:undefined:undefined:undefined":9,"s:47:28:55:Infinity":21,"s:49:51:49:94":22,"s:50:54:50:72":23,"b:52:32:54:Infinity:undefined:undefined:undefined:undefined":10,"s:52:32:54:Infinity":24,"s:53:36:53:Infinity":25,"s:58:28:58:Infinity":26,"s:65:12:65:Infinity":27,"f:70:9:70:19":4,"s:71:4:71:Infinity":28,"s:72:4:72:Infinity":29,"s:73:4:73:Infinity":30,"s:74:4:74:Infinity":31,"s:77:0:77:Infinity":32}}}
,"/Users/piotrwisniewski/Documents/Antygracity/DRD/consultify/server/middleware/quotaMiddleware.js": {"path":"/Users/piotrwisniewski/Documents/Antygracity/DRD/consultify/server/middleware/quotaMiddleware.js","statementMap":{"0":{"start":{"line":6,"column":21},"end":{"line":6,"column":56}},"1":{"start":{"line":12,"column":4},"end":{"line":49,"column":null}},"2":{"start":{"line":13,"column":22},"end":{"line":13,"column":47}},"3":{"start":{"line":15,"column":8},"end":{"line":17,"column":null}},"4":{"start":{"line":16,"column":12},"end":{"line":16,"column":null}},"5":{"start":{"line":19,"column":22},"end":{"line":19,"column":67}},"6":{"start":{"line":22,"column":8},"end":{"line":22,"column":null}},"7":{"start":{"line":24,"column":8},"end":{"line":36,"column":null}},"8":{"start":{"line":25,"column":12},"end":{"line":35,"column":null}},"9":{"start":{"line":39,"column":8},"end":{"line":42,"column":null}},"10":{"start":{"line":40,"column":12},"end":{"line":40,"column":null}},"11":{"start":{"line":41,"column":12},"end":{"line":41,"column":null}},"12":{"start":{"line":44,"column":8},"end":{"line":44,"column":null}},"13":{"start":{"line":46,"column":8},"end":{"line":46,"column":null}},"14":{"start":{"line":48,"column":8},"end":{"line":48,"column":null}},"15":{"start":{"line":56,"column":4},"end":{"line":85,"column":null}},"16":{"start":{"line":57,"column":22},"end":{"line":57,"column":47}},"17":{"start":{"line":59,"column":8},"end":{"line":61,"column":null}},"18":{"start":{"line":60,"column":12},"end":{"line":60,"column":null}},"19":{"start":{"line":63,"column":22},"end":{"line":63,"column":69}},"20":{"start":{"line":65,"column":8},"end":{"line":65,"column":null}},"21":{"start":{"line":67,"column":8},"end":{"line":79,"column":null}},"22":{"start":{"line":68,"column":12},"end":{"line":78,"column":null}},"23":{"start":{"line":81,"column":8},"end":{"line":81,"column":null}},"24":{"start":{"line":83,"column":8},"end":{"line":83,"column":null}},"25":{"start":{"line":84,"column":8},"end":{"line":84,"column":null}},"26":{"start":{"line":93,"column":4},"end":{"line":105,"column":null}},"27":{"start":{"line":94,"column":22},"end":{"line":94,"column":47}},"28":{"start":{"line":95,"column":23},"end":{"line":95,"column":35}},"29":{"start":{"line":97,"column":8},"end":{"line":102,"column":null}},"30":{"start":{"line":98,"column":12},"end":{"line":101,"column":null}},"31":{"start":{"line":104,"column":8},"end":{"line":104,"column":null}},"32":{"start":{"line":112,"column":4},"end":{"line":123,"column":null}},"33":{"start":{"line":113,"column":22},"end":{"line":113,"column":47}},"34":{"start":{"line":115,"column":8},"end":{"line":120,"column":null}},"35":{"start":{"line":116,"column":12},"end":{"line":119,"column":null}},"36":{"start":{"line":122,"column":8},"end":{"line":122,"column":null}},"37":{"start":{"line":126,"column":0},"end":{"line":131,"column":null}}},"fnMap":{"0":{"name":"enforceTokenQuota","decl":{"start":{"line":11,"column":15},"end":{"line":11,"column":32}},"loc":{"start":{"line":11,"column":49},"end":{"line":50,"column":null}},"line":11},"1":{"name":"enforceStorageQuota","decl":{"start":{"line":55,"column":15},"end":{"line":55,"column":34}},"loc":{"start":{"line":55,"column":51},"end":{"line":86,"column":null}},"line":55},"2":{"name":"recordTokenUsageAfterResponse","decl":{"start":{"line":92,"column":15},"end":{"line":92,"column":44}},"loc":{"start":{"line":92,"column":71},"end":{"line":106,"column":null}},"line":92},"3":{"name":"recordStorageAfterUpload","decl":{"start":{"line":111,"column":15},"end":{"line":111,"column":39}},"loc":{"start":{"line":111,"column":71},"end":{"line":124,"column":null}},"line":111}},"branchMap":{"0":{"loc":{"start":{"line":15,"column":8},"end":{"line":17,"column":null}},"type":"if","locations":[{"start":{"line":15,"column":8},"end":{"line":17,"column":null}},{"start":{},"end":{}}],"line":15},"1":{"loc":{"start":{"line":24,"column":8},"end":{"line":36,"column":null}},"type":"if","locations":[{"start":{"line":24,"column":8},"end":{"line":36,"column":null}},{"start":{},"end":{}}],"line":24},"2":{"loc":{"start":{"line":39,"column":8},"end":{"line":42,"column":null}},"type":"if","locations":[{"start":{"line":39,"column":8},"end":{"line":42,"column":null}},{"start":{},"end":{}}],"line":39},"3":{"loc":{"start":{"line":39,"column":12},"end":{"line":39,"column":60}},"type":"binary-expr","locations":[{"start":{"line":39,"column":12},"end":{"line":39,"column":34}},{"start":{"line":39,"column":38},"end":{"line":39,"column":60}}],"line":39},"4":{"loc":{"start":{"line":59,"column":8},"end":{"line":61,"column":null}},"type":"if","locations":[{"start":{"line":59,"column":8},"end":{"line":61,"column":null}},{"start":{},"end":{}}],"line":59},"5":{"loc":{"start":{"line":67,"column":8},"end":{"line":79,"column":null}},"type":"if","locations":[{"start":{"line":67,"column":8},"end":{"line":79,"column":null}},{"start":{},"end":{}}],"line":67},"6":{"loc":{"start":{"line":97,"column":8},"end":{"line":102,"column":null}},"type":"if","locations":[{"start":{"line":97,"column":8},"end":{"line":102,"column":null}},{"start":{},"end":{}}],"line":97},"7":{"loc":{"start":{"line":97,"column":12},"end":{"line":97,"column":31}},"type":"binary-expr","locations":[{"start":{"line":97,"column":12},"end":{"line":97,"column":17}},{"start":{"line":97,"column":21},"end":{"line":97,"column":31}}],"line":97},"8":{"loc":{"start":{"line":100,"column":23},"end":{"line":100,"column":null}},"type":"binary-expr","locations":[{"start":{"line":100,"column":23},"end":{"line":100,"column":38}},{"start":{"line":100,"column":42},"end":{"line":100,"column":null}}],"line":100},"9":{"loc":{"start":{"line":111,"column":52},"end":{"line":111,"column":69}},"type":"default-arg","locations":[{"st
[...]
":187,"column":10},"end":{"line":187,"column":null}},{"start":{"line":188,"column":10},"end":{"line":188,"column":14}}],"line":186},"38":{"loc":{"start":{"line":202,"column":68},"end":{"line":202,"column":90}},"type":"binary-expr","locations":[{"start":{"line":202,"column":68},"end":{"line":202,"column":85}},{"start":{"line":202,"column":89},"end":{"line":202,"column":90}}],"line":202},"39":{"loc":{"start":{"line":204,"column":16},"end":{"line":204,"column":43}},"type":"binary-expr","locations":[{"start":{"line":204,"column":16},"end":{"line":204,"column":38}},{"start":{"line":204,"column":42},"end":{"line":204,"column":43}}],"line":204},"40":{"loc":{"start":{"line":206,"column":16},"end":{"line":207,"column":null}},"type":"if","locations":[{"start":{"line":206,"column":16},"end":{"line":207,"column":null}},{"start":{"line":207,"column":21},"end":{"line":207,"column":null}}],"line":206},"41":{"loc":{"start":{"line":216,"column":32},"end":{"line":216,"column":42}},"type":"default-arg","locations":[{"start":{"line":216,"column":40},"end":{"line":216,"column":42}}],"line":216},"42":{"loc":{"start":{"line":225,"column":16},"end":{"line":226,"column":null}},"type":"if","locations":[{"start":{"line":225,"column":16},"end":{"line":226,"column":null}},{"start":{"line":226,"column":21},"end":{"line":226,"column":null}}],"line":225},"43":{"loc":{"start":{"line":226,"column":29},"end":{"line":226,"column":39}},"type":"binary-expr","locations":[{"start":{"line":226,"column":29},"end":{"line":226,"column":33}},{"start":{"line":226,"column":37},"end":{"line":226,"column":39}}],"line":226},"44":{"loc":{"start":{"line":249,"column":16},"end":{"line":249,"column":null}},"type":"if","locations":[{"start":{"line":249,"column":16},"end":{"line":249,"column":null}},{"start":{},"end":{}}],"line":249},"45":{"loc":{"start":{"line":252,"column":42},"end":{"line":252,"column":64}},"type":"binary-expr","locations":[{"start":{"line":252,"column":42},"end":{"line":252,"column":59}},{"start":{"line":252,"column":63},"end":{"line":252,"column":64}}],"line":252},"46":{"loc":{"start":{"line":253,"column":39},"end":{"line":253,"column":62}},"type":"binary-expr","locations":[{"start":{"line":253,"column":39},"end":{"line":253,"column":57}},{"start":{"line":253,"column":61},"end":{"line":253,"column":62}}],"line":253},"47":{"loc":{"start":{"line":254,"column":37},"end":{"line":254,"column":60}},"type":"binary-expr","locations":[{"start":{"line":254,"column":37},"end":{"line":254,"column":55}},{"start":{"line":254,"column":59},"end":{"line":254,"column":60}}],"line":254},"48":{"loc":{"start":{"line":255,"column":41},"end":{"line":255,"column":62}},"type":"binary-expr","locations":[{"start":{"line":255,"column":41},"end":{"line":255,"column":57}},{"start":{"line":255,"column":61},"end":{"line":255,"column":62}}],"line":255}},"s":{"0":0,"1":0,"2":0,"3":0,"4":0,"5":0,"6":0,"7":0,"8":0,"9":0,"10":0,"11":0,"12":0,"13":0,"14":0,"15":0,"16":0,"17":0,"18":0,"19":0,"20":0,"21":0,"22":0,"23":0,"24":0,"25":0,"26":0,"27":0,"28":0,"29":0,"30":0,"31":0,"32":0,"33":0,"34":0,"35":0,"36":0,"37":0,"38":0,"39":0,"40":0,"41":0,"42":0,"43":0,"44":0,"45":0,"46":0,"47":0,"48":0,"49":0,"50":0,"51":0,"52":0,"53":0,"54":0,"55":0,"56":0,"57":0,"58":0,"59":0,"60":0,"61":0,"62":0,"63":0,"64":0,"65":0,"66":0,"67":0,"68":0,"69":0,"70":0,"71":0},"f":{"0":0,"1":0,"2":0,"3":0,"4":0,"5":0,"6":0,"7":0,"8":0,"9":0,"10":0,"11":0,"12":0,"13":0,"14":0,"15":0,"16":0,"17":0,"18":0,"19":0,"20":0,"21":0},"b":{"0":[0],"1":[0,0],"2":[0],"3":[0,0],"4":[0,0],"5":[0,0],"6":[0,0],"7":[0,0],"8":[0,0],"9":[0,0],"10":[0,0],"11":[0,0],"12":[0,0],"13":[0,0],"14":[0,0],"15":[0,0],"16":[0,0],"17":[0,0],"18":[0,0],"19":[0,0],"20":[0],"21":[0,0],"22":[0,0],"23":[0,0],"24":[0,0,0],"25":[0,0],"26":[0,0],"27":[0,0],"28":[0,0],"29":[0,0],"30":[0,0],"31":[0,0],"32":[0,0],"33":[0,0],"34":[0,0],"35":[0,0],"36":[0,0],"37":[0,0],"38":[0,0],"39":[0,0],"40":[0,0],"41":[0],"42":[0,0],"43":[0,0],"44":[0,0],"45":[0,0],"46":[0,0],"47":[0,0],"48":[0,0]},"meta":{"lastBranch":49,"lastFunction":22,"lastStatement":72,"seen":{"s:6:11:6:33":0,"s:7:23:7:38":1,"s:8:23:8:50":2,"f:13:9:13:25":0,"b:13:68:13:70":0,"s:14:15:14:34":3,"s:15:4:25:Infinity":4,"f:15:23:15:24":1,"s:16:8:24:Infinity":5,"f:20:12:20:20":2,"b:21:16:22:Infinity:22:21:22:Infinity":1,"s:21:16:22:Infinity":6,"s:21:25:21:Infinity":7,"s:22:21:22:Infinity":8,"f:31:9:31:27":3,"b:31:61:31:63":2,"s:32:15:32:34":9,"s:33:4:43:Infinity":10,"f:33:23:33:24":4,"s:34:8:42:Infinity":11,"f:38:12:38:20":5,"b:39:16:40:Infinity:40:21:40:Infinity":3,"s:39:16:40:Infinity":12,"s:39:25:39:Infinity":13,"s:40:21:40:Infinity":14,"f:49:15:49:30":6,"s:50:20:50:70":15,"s:51:17:53:14":16,"b:52:10:52:Infinity:53:10:53:14":4,"s:56:16:56:26":17,"s:57:24:59:56":18,"b:58:10:58:Infinity:59:10:59:56":5,"s:61:4:96:Infinity":19,"f:61:23:61:24":7,"s:62:8:95:Infinity":20,"f:69:12:69:13":8,"b:70:16:70:Infinity:undefined:undefined:undefined:undefined":6,"s:70:16:70:Infinity":21,"s:70:25:70:Infinity":22,"s:72:35:72:57":23,"b:72:35:72:52:72:56:72:57":7,"s:73:37:73:87":24,"b:73:38:73:60:73:64:73:65":8,"s:75:16:93:Infinity":25,"b:77:30:77:46:77:50:77:51":9,"b:79:61:79:77:79:81:79:82":10,"b:80:53:80:109:80:112:80:Infinity":11,"b:80:66:80:82:80:86:80:87":12,"b:83:30:83:48:83:52:83:53":13,"b:85:63:85:81:85:85:85:86":14,"b:86:33:86:51:86:55:86:56":15,"b:87:33:87:55:87:59:87:60":16,"b:88:55:88:115:88:118:88:Infinity":17,"b:88:68:88:86:88:90:88:91":18,"b:90:26:90:36:90:40:90:46":19,"f:103:15:103:25":9,"b:103:40:103:47":20,"s:104:18:104:46":26,"s:105:20:105:70":27,"s:106:17:108:14":28,"b:107:10:107:Infinity:108:10:108:14":21,"s:110:22:110:69":29,"b:110:41:110:53:110:56:110:69":22,"s:113:27:113:89":30,"b:113:27:113:55:113:59:113:89":23,"s:116:20:116:86":31,"b:116:20:116:41:116:45:116:68:116:72:116:86":24,"s:118:4:126:Infinity":32,"b:125:40:125:64:125:67:125:Infinity":25,"f:132:15:132:31":10,"s:133:20:133:70":33,"s:134:17:136:14":34,"b:135:10:135:Infinity:136:10:136:14":26,"b:138:4:138:Infinity:undefined:undefined:undefined:undefined":27,"s:138:4:138:Infinity":35,"s:138:15:138:Infinity":36,"s:140:4:174:Infinity":37,"f:140:23:140:24":11,"s:141:8:173:Infinity":38,"f:148:12:148:13":12,"b:149:16:149:Infinity:undefined:undefined:undefined:undefined":28,"s:149:16:149:Infinity":39,"s:149:25:149:Infinity":40,"s:151:35:151:56":41,"b:151:35:151:51:151:55:151:56":29,"s:152:36:152:58":42,"b:152:36:152:53:152:57:152:58":30,"s:154:43:154:92":43,"b:154:69:154:85:154:89:154:90":31,"s:155:41:155:121":44,"b:155:93:155:114:155:118:155:119":32,"s:158:37:158:97":45,"b:158:68:158:91:158:95:158:96":33,"s:159:39:159:90":46,"b:159:59:159:84:159:88:159:89":34,"s:161:16:171:Infinity":47,"b:163:32:163:48:163:52:163:53":35,"b:167:34:167:55:167:59:167:60":36,"f:180:15:180:33":13,"s:181:22:181:43":48,"s:182:4:182:Infinity":49,"s:184:20:184:73":50,"s:185:20:185:70":51,"s:186:17:188:14":52,"b:187:10:187:Infinity:188:10:188:14":37,"s:190:15:190:36":53,"s:192:4:210:Infinity":54,"f:192:23:192:24":14,"s:193:8:209:Infinity":55,"b:202:68:202:85:202:89:202:90":38,"b:204:16:204:38:204:42:204:43":39,"f:205:12:205:20":15,"b:206:16:207:Infinity:207:21:207:Infinity":40,"s:206:16:207:Infinity":56,"s:206:25:206:Infinity":57,"s:207:21:207:Infinity":58,"f:216:9:216:24":16,"b:216:40:216:42":41,"s:217:4:229:Infinity":59,"f:217:23:217:24":17,"s:218:8:228:Infinity":60,"f:224:12:224:13":18,"b:225:16:226:Infinity:226:21:226:Infinity":42,"s:225:16:226:Infinity":61,"s:225:25:225:Infinity":62,"s:226:21:226:Infinity":63,"b:226:29:226:33:226:37:226:39":43,"f:235:9:235:28":19,"s:236:4:260:Infinity":64,"f:236:23:236:24":20,"s:237:20:237:30":65,"s:238:27:238:73":66,"s:240:8:259:Infinity":67,"f:248:12:248:13":21,"b:249:16:249:Infinity:undefined:undefined:undefined:undefined":44,"s:249:16:249:Infinity":68,"s:249:25:249:Infinity":69,"s:251:16:257:Infinity":70,"b:252:42:252:59:252:63:252:64":45,"b:253:39:253:57:253:61:253:62":46,"b:254:37:254:55:254:59:254:60":47,"b:255:41:255:57:255:61:255:62":48,"s:263:0:272:Infinity":71}}}
,"/Users/piotrwisniewski/Documents/Antygracity/DRD/consultify/server/services/webSearchService.js": {"path":"/Users/piotrwisniewski/Documents/Antygracity/DRD/consultify/server/services/webSearchService.js","statementMap":{"0":{"start":{"line":1,"column":11},"end":{"line":1,"column":33}},"1":{"start":{"line":2,"column":14},"end":{"line":2,"column":35}},"2":{"start":{"line":5,"column":26},"end":{"line":11,"column":1}},"3":{"start":{"line":6,"column":4},"end":{"line":10,"column":null}},"4":{"start":{"line":7,"column":8},"end":{"line":9,"column":null}},"5":{"start":{"line":8,"column":12},"end":{"line":8,"column":null}},"6":{"start":{"line":13,"column":25},"end":{"line":55,"column":1}},"7":{"start":{"line":19,"column":31},"end":{"line":19,"column":56}},"8":{"start":{"line":21,"column":8},"end":{"line":29,"column":null}},"9":{"start":{"line":22,"column":12},"end":{"line":22,"column":null}},"10":{"start":{"line":23,"column":12},"end":{"line":28,"column":null}},"11":{"start":{"line":31,"column":8},"end":{"line":46,"column":null}},"12":{"start":{"line":32,"column":12},"end":{"line":34,"column":null}},"13":{"start":{"line":33,"column":16},"end":{"line":33,"column":null}},"14":{"start":{"line":36,"column":12},"end":{"line":36,"column":null}},"15":{"start":{"line":39,"column":12},"end":{"line":39,"column":null}},"16":{"start":{"line":40,"column":12},"end":{"line":45,"column":null}},"17":{"start":{"line":53,"column":8},"end":{"line":53,"column":null}},"18":{"start":{"line":59,"column":21},"end":{"line":71,"column":6}},"19":{"start":{"line":73,"column":4},"end":{"line":75,"column":null}},"20":{"start":{"line":74,"column":8},"end":{"line":74,"column":null}},"21":{"start":{"line":77,"column":17},"end":{"line":77,"column":38}},"22":{"start":{"line":79,"column":4},"end":{"line":90,"column":null}},"23":{"start":{"line":82,"column":40},"end":{"line":87,"column":9}},"24":{"start":{"line":93,"column":0},"end":{"line":93,"column":null}}},"fnMap":{"0":{"name":"(anonymous_0)","decl":{"start":{"line":5,"column":26},"end":{"line":5,"column":27}},"loc":{"start":{"line":5,"column":32},"end":{"line":11,"column":1}},"line":5},"1":{"name":"(anonymous_1)","decl":{"start":{"line":6,"column":23},"end":{"line":6,"column":24}},"loc":{"start":{"line":6,"column":36},"end":{"line":10,"column":5}},"line":6},"2":{"name":"(anonymous_2)","decl":{"start":{"line":7,"column":128},"end":{"line":7,"column":129}},"loc":{"start":{"line":7,"column":142},"end":{"line":9,"column":9}},"line":7},"3":{"name":"(anonymous_3)","decl":{"start":{"line":18,"column":16},"end":{"line":18,"column":21}},"loc":{"start":{"line":18,"column":33},"end":{"line":47,"column":5}},"line":18},"4":{"name":"(anonymous_4)","decl":{"start":{"line":52,"column":12},"end":{"line":52,"column":17}},"loc":{"start":{"line":52,"column":29},"end":{"line":54,"column":null}},"line":52},"5":{"name":"searchTavily","decl":{"start":{"line":58,"column":15},"end":{"line":58,"column":27}},"loc":{"start":{"line":58,"column":43},"end":{"line":91,"column":null}},"line":58},"6":{"name":"(anonymous_6)","decl":{"start":{"line":82,"column":34},"end":{"line":82,"column":35}},"loc":{"start":{"line":82,"column":40},"end":{"line":87,"column":9}},"line":82}},"branchMap":{"0":{"loc":{"start":{"line":21,"column":8},"end":{"line":29,"column":null}},"type":"if","locations":[{"start":{"line":21,"column":8},"end":{"line":29,"column":null}},{"start":{},"end":{}}],"line":21},"1":{"loc":{"start":{"line":32,"column":12},"end":{"line":34,"column":null}},"type":"if","locations":[{"start":{"line":32,"column":12},"end":{"line":34,"column":null}},{"start":{},"end":{}}],"line":32},"2":{"loc":{"start":{"line":73,"column":4},"end":{"line":75,"column":null}},"type":"if","locations":[{"start":{"line":73,"column":4},"end":{"line":75,"column":null}},{"start":{},"end":{}}],"line":73}},"s":{"0":0,"1":0,"2":0,"3":0,"4":0,"5":0,"6":0,"7":0,"8":0,"9":0,"10":0,"11":0,"12":0,"13":0,"14":0,"15":0,"16":0,"17":0,"18":0,"19":0,"20":0,"21":0,"22":0,"23":0,"24":0},"f":{"0":0,"1":0,"2":0,"3":0,"4":0,"5":0,"6":0},"b":{"0":[0,0],"1":[0,0],"2":[0,0]},"meta":{"lastBranch":3,"lastFunction":7,"lastStatement":25,"seen":{"s:1:11:1:33":0,"s:2:14:2:35":1,"s:5:26:11:1":2,"f:5:26:5:27":0,"s:6:4:10:Infinity":3,"f:6:23:6:24":1,"s:7:8:9:Infinity":4,"f:7:128:7:129":2,"s:8:12:8:Infinity":5,"s:13:25:55:1":6,"f:18:16:18:21":3,"s:19:31:19:56":7,"b:21:8:29:Infinity:undefined:undefined:undefined:undefined":0,"s:21:8:29:Infinity":8,"s:22:12:22:Infinity":9,"s:23:12:28:Infinity":10,"s:31:8:46:Infinity":11,"b:32:12:34:Infinity:undefined:undefined:undefined:undefined":1,"s:32:12:34:Infinity":12,"s:33:16:33:Infinity":13,"s:36:12:36:Infinity":14,"s:39:12:39:Infinity":15,"s:40:12:45:Infinity":16,"f:52:12:52:17":4,"s:53:8:53:Infinity":17,"f:58:15:58:27":5,"s:59:21:71:6":18,"b:73:4:75:Infinity:undefined:undefined:undefined:undefined":2,"s:73:4:75:Infinity":19,"s:74:8:74:Infinity":20,"s:77:17:77:38":21,"s:79:4:90:Infinity":22,"f:82:34:82:35":6,"s:82:40:87:9":23,"s:93:0:93:Infinity":24}}}
,"/Users/piotrwisniewski/Documents/Antygracity/DRD/consultify/server/services/webhookService.js": {"path":"/Users/piotrwisniewski/Documents/Antygracity/DRD/consultify/server/services/webhookService.js","statementMap":{"0":{"start":{"line":1,"column":14},"end":{"line":1,"column":35}},"1":{"start":{"line":2,"column":15},"end":{"line":2,"column":32}},"2":{"start":{"line":9,"column":8},"end":{"line":9,"column":null}},"3":{"start":{"line":16,"column":8},"end":{"line":49,"column":null}},"4":{"start":{"line":18,"column":12},"end":{"line":48,"column":null}},"5":{"start":{"line":25,"column":20},"end":{"line":28,"column":null}},"6":{"start":{"line":26,"column":24},"end":{"line":26,"column":null}},"7":{"start":{"line":27,"column":24},"end":{"line":27,"column":null}},"8":{"start":{"line":30,"column":20},"end":{"line":32,"column":null}},"9":{"start":{"line":31,"column":24},"end":{"line":31,"column":null}},"10":{"start":{"line":34,"column":36},"end":{"line":34,"column":38}},"11":{"start":{"line":36,"column":20},"end":{"line":44,"column":null}},"12":{"start":{"line":37,"column":24},"end":{"line":43,"column":null}},"13":{"start":{"line":38,"column":43},"end":{"line":38,"column":91}},"14":{"start":{"line":39,"column":28},"end":{"line":39,"column":null}},"15":{"start":{"line":41,"column":28},"end":{"line":41,"column":null}},"16":{"start":{"line":42,"column":28},"end":{"line":42,"column":null}},"17":{"start":{"line":46,"column":20},"end":{"line":46,"column":null}},"18":{"start":{"line":56,"column":24},"end":{"line":60,"column":9}},"19":{"start":{"line":63,"column":26},"end":{"line":66,"column":26}},"20":{"start":{"line":68,"column":25},"end":{"line":78,"column":10}},"21":{"start":{"line":80,"column":8},"end":{"line":82,"column":null}},"22":{"start":{"line":81,"column":12},"end":{"line":81,"column":null}},"23":{"start":{"line":84,"column":8},"end":{"line":87,"column":null}},"24":{"start":{"line":94,"column":8},"end":{"line":105,"column":null}},"25":{"start":{"line":95,"column":29},"end":{"line":99,"column":14}},"26":{"start":{"line":101,"column":12},"end":{"line":101,"column":null}},"27":{"start":{"line":103,"column":12},"end":{"line":103,"column":null}},"28":{"start":{"line":104,"column":12},"end":{"line":104,"column":null}},"29":{"start":{"line":112,"column":8},"end":{"line":131,"column":null}},"30":{"start":{"line":138,"column":28},"end":{"line":143,"column":9}},"31":{"start":{"line":145,"column":8},"end":{"line":155,"column":null}},"32":{"start":{"line":159,"column":0},"end":{"line":159,"column":null}}},"fnMap":{"0":{"name":"(anonymous_0)","decl":{"start":{"line":8,"column":4},"end":{"line":8,"column":15}},"loc":{"start":{"line":8,"column":20},"end":{"line":10,"column":null}},"line":8},"1":{"name":"(anonymous_1)","decl":{"start":{"line":15,"column":10},"end":{"line":15,"column":17}},"loc":{"start":{"line":15,"column":51},"end":{"line":50,"column":null}},"line":15},"2":{"name":"(anonymous_2)","decl":{"start":{"line":16,"column":27},"end":{"line":16,"column":28}},"loc":{"start":{"line":16,"column":48},"end":{"line":49,"column":9}},"line":16},"3":{"name":"(anonymous_3)","decl":{"start":{"line":24,"column":16},"end":{"line":24,"column":21}},"loc":{"start":{"line":24,"column":41},"end":{"line":47,"column":null}},"line":24},"4":{"name":"(anonymous_4)","decl":{"start":{"line":55,"column":10},"end":{"line":55,"column":21}},"loc":{"start":{"line":55,"column":48},"end":{"line":88,"column":null}},"line":55},"5":{"name":"(anonymous_5)","decl":{"start":{"line":93,"column":10},"end":{"line":93,"column":31}},"loc":{"start":{"line":93,"column":53},"end":{"line":106,"column":null}},"line":93},"6":{"name":"(anonymous_6)","decl":{"start":{"line":111,"column":4},"end":{"line":111,"column":27}},"loc":{"start":{"line":111,"column":48},"end":{"line":132,"column":null}},"line":111},"7":{"name":"(anonymous_7)","decl":{"start":{"line":137,"column":4},"end":{"line":137,"column":21}},"loc":{"start":{"line":137,"column":36},"end":{"line":156,"column":null}},"line":137}},"branchMap":{"0":{"loc":{"start":{"line":25,"column":20},"end":{"line":28,"column":null}},"type":"if","locations":[{"start":{"line":25,"column":20},"end":{"line":28,"column":null}},{"start":{},"end":{}}],"line":25},"1":{"loc":{"start":{"line":30,"column":20},"end":{"line":32,"column":null}},"type":"if","locations":[{"start":{"line":30,"column":20},"end":{"line":32,"column":null}},{"start":{},"end":{}}],"line":30},"2":{"loc":{"start":{"line":30,"column":24},"end":{"line":30,"column":58}},"type":"binary-expr","locations":[{"start":{"line":30,"column":24},"end":{"line":30,"column":33}},{"start":{"line":30,"column":37},"end":{"line":30,"column":58}}],"line":30},"3":{"loc":{"start":{"line":80,"column":8},"end":{"line":82,"column":null}},"type":"if","locations":[{"start":{"line":80,"column":8},"end":{"line":82,"column":null}},{"start":{},"end":{}}],"line":80},"4":{"loc":{"start":{"line":126,"column":70},"end":{"line":126,"column":91}},"type":"binary-expr","locations":[{"start":{"line":126,"column":70},"end":{"line":126,"column":86}},{"start":{"line":126,"column":90},"end":{"line":126,"column":91}}],"line":126},"5":{"loc":{"start":{"line":151,"column":33},"end":{"line":151,"column":64}},"type":"binary-expr","locations":[{"start":{"line":151,"column":33},"end":{"line":151,"column":57}},{"start":{"line":151,"column":61},"end":{"line":151,"column":64}}],"line":151}},"s":{"0":0,"1":0,"2":0,"3":0,"4":0,"5":0,"6":0,"7":0,"8":0,"9":0,"10":0,"11":0,"12":0,"13":0,"14":0,"15":0,"16":0,"17":0,"18":0,"19":0,"20":0,"21":0,"22":0,"23":0,"24":0,"25":0,"26":0,"27":0,"28":0,"29":0,"30":0,"31":0,"32":0},"f":{"0":0,"1":0,"2":0,"3":0,"4":0,"5":0,"6":0,"7":0},"b":{"0":[0,0],"1":[0,0],"2":[0,0],"3":[0,0],"4":[0,0],"5":[0,0]},"meta":{"lastBranch":6,"lastFunction":8,"lastStatement":33,"seen":{"s:1:14:1:35":0,"s:2:15:2:32":1,"f:8:4:8:15":0,"s:9:8:9:Infinity":2,"f:15:10:15:17":1,"s:16:8:49:Infinity":3,"f:16:27:16:28":2,"s:18:12:48:Infinity":4,"f:24:16:24:21":3,"b:25:20:28:Infinity:undefined:undefined:undefined:undefined":0,"s:25:20:28:Infinity":5,"s:26:24:26:Infinity":6,"s:27:24:27:Infinity":7,"b:30:20:32:Infinity:undefined:undefined:undefined:undefined":1,"s:30:20:32:Infinity":8,"b:30:24:30:33:30:37:30:58":2,"s:31:24:31:Infinity":9,"s:34:36:34:38":10,"s:36:20:44:Infinity":11,"s:37:24:43:Infinity":12,"s:38:43:38:91":13,"s:39:28:39:Infinity":14,"s:41:28:41:Infinity":15,"s:42:28:42:Infinity":16,"s:46:20:46:Infinity":17,"f:55:10:55:21":4,"s:56:24:60:9":18,"s:63:26:66:26":19,"s:68:25:78:10":20,"b:80:8:82:Infinity:undefined:undefined:undefined:undefined":3,"s:80:8:82:Infinity":21,"s:81:12:81:Infinity":22,"s:84:8:87:Infinity":23,"f:93:10:93:31":5,"s:94:8:105:Infinity":24,"s:95:29:99:14":25,"s:101:12:101:Infinity":26,"s:103:12:103:Infinity":27,"s:104:12:104:Infinity":28,"f:111:4:111:27":6,"s:112:8:131:Infinity":29,"b:126:70:126:86:126:90:126:91":4,"f:137:4:137:21":7,"s:138:28:143:9":30,"s:145:8:155:Infinity":31,"b:151:33:151:57:151:61:151:64":5,"s:159:0:159:Infinity":32}}}
}
